npm WARN deprecated oracledb@2.0.14: Update to node-oracledb 5

> oracledb@2.0.14 install /__w/appoptics-apm-node/appoptics-apm-node/node_modules/oracledb
> node package/oracledbinstall.js

oracledb Beginning installation
oracledb Verifying installation
oracledb Binary not found
oracledb Continuing installation
oracledb [31mERR![0m NJS-054: Binary build/Release/oracledb.node was not installed from oracledb-v2.0.14-node-v64-linux-x64.gz
oracledb [31mERR![0m Error: HTTPS request for https://github.com/oracle/node-oracledb/releases/download/v2.0.14/oracledb-v2.0.14-node-v64-linux-x64.gz failed with code 404
oracledb [31mERR![0m If the error is not network or filesystem related, then review 
oracledb [31mERR![0m the Python 2.7 and compiler prerequisites in the installation instructions and
oracledb [31mERR![0m then install from source code with: npm install oracle/node-oracledb.git#v2.0.14
oracledb [31mERR![0m See https://github.com/oracle/node-oracledb/blob/master/INSTALL.md 

npm WARN optional SKIPPING OPTIONAL DEPENDENCY: fsevents@~2.3.1 (node_modules/chokidar/node_modules/fsevents):
npm WARN notsup SKIPPING OPTIONAL DEPENDENCY: Unsupported platform for fsevents@2.3.2: wanted {"os":"darwin","arch":"any"} (current: {"os":"linux","arch":"x64"})

npm ERR! code ELIFECYCLE
npm ERR! errno 87
npm ERR! oracledb@2.0.14 install: `node package/oracledbinstall.js`
npm ERR! Exit status 87
npm ERR! 
npm ERR! Failed at the oracledb@2.0.14 install script.
npm ERR! This is probably not a problem with npm. There is likely additional logging output above.

npm ERR! A complete log of this run can be found in:
npm ERR!     /github/home/.npm/_logs/2021-11-23T06_33_02_956Z-debug.log
npm WARN deprecated oracledb@2.0.15: Update to node-oracledb 5

> oracledb@2.0.15 install /__w/appoptics-apm-node/appoptics-apm-node/node_modules/oracledb
> node package/oracledbinstall.js

oracledb Beginning installation
oracledb Verifying installation
oracledb Binary not found
oracledb Continuing installation
oracledb [31mERR![0m NJS-054: Binary build/Release/oracledb.node was not installed from oracledb-v2.0.15-node-v64-linux-x64.gz
oracledb [31mERR![0m Error: HTTPS request for https://github.com/oracle/node-oracledb/releases/download/v2.0.15/oracledb-v2.0.15-node-v64-linux-x64.gz failed with code 404
oracledb [31mERR![0m If the error is not network or filesystem related, then review 
oracledb [31mERR![0m the Python 2.7 and compiler prerequisites in the installation instructions and
oracledb [31mERR![0m then install from source code with: npm install oracle/node-oracledb.git#v2.0.15
oracledb [31mERR![0m See https://github.com/oracle/node-oracledb/blob/master/INSTALL.md 

npm WARN optional SKIPPING OPTIONAL DEPENDENCY: fsevents@~2.3.1 (node_modules/chokidar/node_modules/fsevents):
npm WARN notsup SKIPPING OPTIONAL DEPENDENCY: Unsupported platform for fsevents@2.3.2: wanted {"os":"darwin","arch":"any"} (current: {"os":"linux","arch":"x64"})

npm ERR! code ELIFECYCLE
npm ERR! errno 87
npm ERR! oracledb@2.0.15 install: `node package/oracledbinstall.js`
npm ERR! Exit status 87
npm ERR! 
npm ERR! Failed at the oracledb@2.0.15 install script.
npm ERR! This is probably not a problem with npm. There is likely additional logging output above.

npm ERR! A complete log of this run can be found in:
npm ERR!     /github/home/.npm/_logs/2021-11-23T06_33_08_377Z-debug.log
npm WARN deprecated oracledb@2.1.0: Update to node-oracledb 5

> oracledb@2.1.0 install /__w/appoptics-apm-node/appoptics-apm-node/node_modules/oracledb
> node package/oracledbinstall.js

oracledb Beginning installation
oracledb Verifying installation
oracledb Binary not found
oracledb Continuing installation
oracledb [31mERR![0m NJS-054: Binary build/Release/oracledb.node was not installed from oracledb-v2.1.0-node-v64-linux-x64.gz
oracledb [31mERR![0m Error: HTTPS request for https://github.com/oracle/node-oracledb/releases/download/v2.1.0/oracledb-v2.1.0-node-v64-linux-x64.gz failed with code 404
oracledb [31mERR![0m If the error is not network or filesystem related, then review 
oracledb [31mERR![0m the Python 2.7 and compiler prerequisites in the installation instructions and
oracledb [31mERR![0m then install from source code with: npm install oracle/node-oracledb.git#v2.1.0
oracledb [31mERR![0m See https://github.com/oracle/node-oracledb/blob/master/INSTALL.md 

npm WARN optional SKIPPING OPTIONAL DEPENDENCY: fsevents@~2.3.1 (node_modules/chokidar/node_modules/fsevents):
npm WARN notsup SKIPPING OPTIONAL DEPENDENCY: Unsupported platform for fsevents@2.3.2: wanted {"os":"darwin","arch":"any"} (current: {"os":"linux","arch":"x64"})

npm ERR! code ELIFECYCLE
npm ERR! errno 87
npm ERR! oracledb@2.1.0 install: `node package/oracledbinstall.js`
npm ERR! Exit status 87
npm ERR! 
npm ERR! Failed at the oracledb@2.1.0 install script.
npm ERR! This is probably not a problem with npm. There is likely additional logging output above.

npm ERR! A complete log of this run can be found in:
npm ERR!     /github/home/.npm/_logs/2021-11-23T06_33_14_256Z-debug.log
npm WARN deprecated oracledb@2.1.1: Update to node-oracledb 5

> oracledb@2.1.1 install /__w/appoptics-apm-node/appoptics-apm-node/node_modules/oracledb
> node package/oracledbinstall.js

oracledb Beginning installation
oracledb Verifying installation
oracledb Binary not found
oracledb Continuing installation
oracledb [31mERR![0m NJS-054: Binary build/Release/oracledb.node was not installed from oracledb-v2.1.1-node-v64-linux-x64.gz
oracledb [31mERR![0m Error: HTTPS request for https://github.com/oracle/node-oracledb/releases/download/v2.1.1/oracledb-v2.1.1-node-v64-linux-x64.gz failed with code 404
oracledb [31mERR![0m If the error is not network or filesystem related, then review 
oracledb [31mERR![0m the Python 2.7 and compiler prerequisites in the installation instructions and
oracledb [31mERR![0m then install from source code with: npm install oracle/node-oracledb.git#v2.1.1
oracledb [31mERR![0m See https://github.com/oracle/node-oracledb/blob/master/INSTALL.md 

npm WARN optional SKIPPING OPTIONAL DEPENDENCY: fsevents@~2.3.1 (node_modules/chokidar/node_modules/fsevents):
npm WARN notsup SKIPPING OPTIONAL DEPENDENCY: Unsupported platform for fsevents@2.3.2: wanted {"os":"darwin","arch":"any"} (current: {"os":"linux","arch":"x64"})

npm ERR! code ELIFECYCLE
npm ERR! errno 87
npm ERR! oracledb@2.1.1 install: `node package/oracledbinstall.js`
npm ERR! Exit status 87
npm ERR! 
npm ERR! Failed at the oracledb@2.1.1 install script.
npm ERR! This is probably not a problem with npm. There is likely additional logging output above.

npm ERR! A complete log of this run can be found in:
npm ERR!     /github/home/.npm/_logs/2021-11-23T06_33_20_168Z-debug.log
npm WARN deprecated oracledb@2.1.2: Update to node-oracledb 5

> oracledb@2.1.2 install /__w/appoptics-apm-node/appoptics-apm-node/node_modules/oracledb
> node package/oracledbinstall.js

oracledb Beginning installation
oracledb Verifying installation
oracledb Binary not found
oracledb Continuing installation
oracledb [31mERR![0m NJS-054: Binary build/Release/oracledb.node was not installed from oracledb-v2.1.2-node-v64-linux-x64.gz
oracledb [31mERR![0m Error: HTTPS request for https://github.com/oracle/node-oracledb/releases/download/v2.1.2/oracledb-v2.1.2-node-v64-linux-x64.gz failed with code 404
oracledb [31mERR![0m If the error is not network or filesystem related, then review 
oracledb [31mERR![0m the Python 2.7 and compiler prerequisites in the installation instructions and
oracledb [31mERR![0m then install from source code with: npm install oracle/node-oracledb.git#v2.1.2
oracledb [31mERR![0m See https://github.com/oracle/node-oracledb/blob/master/INSTALL.md 

npm WARN optional SKIPPING OPTIONAL DEPENDENCY: fsevents@~2.3.1 (node_modules/chokidar/node_modules/fsevents):
npm WARN notsup SKIPPING OPTIONAL DEPENDENCY: Unsupported platform for fsevents@2.3.2: wanted {"os":"darwin","arch":"any"} (current: {"os":"linux","arch":"x64"})

npm ERR! code ELIFECYCLE
npm ERR! errno 87
npm ERR! oracledb@2.1.2 install: `node package/oracledbinstall.js`
npm ERR! Exit status 87
npm ERR! 
npm ERR! Failed at the oracledb@2.1.2 install script.
npm ERR! This is probably not a problem with npm. There is likely additional logging output above.

npm ERR! A complete log of this run can be found in:
npm ERR!     /github/home/.npm/_logs/2021-11-23T06_33_26_620Z-debug.log
npm WARN deprecated oracledb@2.2.0: Update to node-oracledb 5

> oracledb@2.2.0 install /__w/appoptics-apm-node/appoptics-apm-node/node_modules/oracledb
> node package/oracledbinstall.js

oracledb Beginning installation
oracledb Verifying installation
oracledb Continuing installation
oracledb [31mERR![0m NJS-054: Binary build/Release/oracledb.node was not installed.
oracledb [31mERR![0m Pre-built binary packages are not available for this version of Node.js (NODE_MODULE_VERSION="64")
oracledb [31mERR![0m Failed to install binary package oracledb-v2.2.0-node-v64-linux-x64.gz
oracledb [31mERR![0m Error: HTTPS request for https://github.com/oracle/node-oracledb/releases/download/v2.2.0/oracledb-v2.2.0-node-v64-linux-x64.gz failed with code 404
oracledb [31mERR![0m For help see https://oracle.github.io/node-oracledb/INSTALL.html#troubleshooting

npm WARN optional SKIPPING OPTIONAL DEPENDENCY: fsevents@~2.3.1 (node_modules/chokidar/node_modules/fsevents):
npm WARN notsup SKIPPING OPTIONAL DEPENDENCY: Unsupported platform for fsevents@2.3.2: wanted {"os":"darwin","arch":"any"} (current: {"os":"linux","arch":"x64"})

npm ERR! code ELIFECYCLE
npm ERR! errno 87
npm ERR! oracledb@2.2.0 install: `node package/oracledbinstall.js`
npm ERR! Exit status 87
npm ERR! 
npm ERR! Failed at the oracledb@2.2.0 install script.
npm ERR! This is probably not a problem with npm. There is likely additional logging output above.

npm ERR! A complete log of this run can be found in:
npm ERR!     /github/home/.npm/_logs/2021-11-23T06_33_31_841Z-debug.log
npm WARN deprecated oracledb@2.3.0: Update to node-oracledb 5

> oracledb@2.3.0 install /__w/appoptics-apm-node/appoptics-apm-node/node_modules/oracledb
> node package/oracledbinstall.js

oracledb Beginning installation
oracledb Verifying installation
oracledb Continuing installation
oracledb Oracledb downloaded
oracledb Verifying installation
oracledb Binary SHA matches SHA in SHASUMS256.txt
oracledb 
oracledb ********************************************************************************
oracledb ** Node-oracledb 2.3.0 installation complete for Node.js 10.24.1 (linux, x64)
oracledb **
oracledb ** To use the installed node-oracledb:
oracledb ** - You must have 64-bit Oracle client libraries in LD_LIBRARY_PATH, or configured with ldconfig
oracledb ** - If you do not already have libraries, install the Instant Client Basic or Basic Light package from 
oracledb **   http://www.oracle.com/technetwork/topics/linuxx86-64soft-092277.html
oracledb **
oracledb ** Node-oracledb installation instructions: https://oracle.github.io/node-oracledb/INSTALL.html
oracledb ********************************************************************************

npm WARN optional SKIPPING OPTIONAL DEPENDENCY: fsevents@~2.3.1 (node_modules/chokidar/node_modules/fsevents):
npm WARN notsup SKIPPING OPTIONAL DEPENDENCY: Unsupported platform for fsevents@2.3.2: wanted {"os":"darwin","arch":"any"} (current: {"os":"linux","arch":"x64"})

+ oracledb@2.3.0
added 1 package and audited 1085 packages in 6.274s

80 packages are looking for funding
  run `npm fund` for details

found 28 vulnerabilities (13 moderate, 12 high, 3 critical)
  run `npm audit fix` to fix them, or `npm audit` for details
2021-11-23T06:33:39.140Z appoptics:debug read config from /__w/appoptics-apm-node/appoptics-apm-node/appoptics-apm-config
2021-11-23T06:33:39.142Z appoptics:debug guc ignoring APPOPTICS_LOG_SETTINGS
2021-11-23T06:33:39.142Z appoptics:debug serviceKey dIOz...wWK0:ao-node-test
2021-11-23T06:33:39.142Z appoptics:debug using context provider: ace-context
2021-11-23T06:33:39.207Z appoptics:debug apm 10.1.1-prerelease.0, bindings 11.1.0, oboe 10.1.1
2021-11-23T06:33:39.364Z appoptics:patching patched crypto 
2021-11-23T06:33:39.392Z appoptics:patching patched https 
2021-11-23T06:33:39.392Z appoptics:patching patched http 
2021-11-23T06:33:39.512Z appoptics:patching patched oracledb 2.3.0
2021-11-23T06:33:39.517Z appoptics:debug starting runtimeMetrics


  probes.oracledb 2.3.0
    âœ“ UDP might lose a message
2021-11-23T06:33:39.553Z appoptics:debug asking helper to execute test_basic
2021-11-23T06:33:39.553Z appoptics:debug test_basic being executed
2021-11-23T06:33:39.553Z appoptics:debug done with test_basic oracledb.getConnection
2021-11-23T06:33:39.655Z appoptics:debug test_basic query callback invoked
2021-11-23T06:33:39.662Z appoptics:debug span.exit - no last event outer outer:entry 2b-dff2990f50d8e69649a56223e7c959b5122a8c81-a810045de6bd9024-01 outer:exit 2b-dff2990f50d8e69649a56223e7c959b5122a8c81-a7235734585d7bf6-01
2021-11-23T06:33:39.663Z appoptics:error Can not set lastEvent. Context may be lost.
    1) should trace execute calls
2021-11-23T06:33:39.711Z appoptics:debug span.exit - no last event outer outer:entry 2b-519d6631a322a7a06483d92b343456c8abbb3f0a-50c38424e593ac66-01 outer:exit 2b-519d6631a322a7a06483d92b343456c8abbb3f0a-093e9474ad34f0c6-01
2021-11-23T06:33:39.711Z appoptics:error Can not set lastEvent. Context may be lost.
    2) should trace execute calls in pool
2021-11-23T06:33:39.750Z appoptics:debug span.exit - no last event outer outer:entry 2b-6f44636753c56f70c5b8e57b26a34b889e08fb0c-e03d7798cb075f2c-01 outer:exit 2b-6f44636753c56f70c5b8e57b26a34b889e08fb0c-793e16f9ae1df732-01
2021-11-23T06:33:39.750Z appoptics:error Can not set lastEvent. Context may be lost.
    3) should include correct isAutoCommit value


  1 passing (229ms)
  3 failing

  1) probes.oracledb 2.3.0
       should trace execute calls:
     Uncaught AssertionError: expected Object {
  Edge: 'A810045DE6BD9024',
  Hostname: 'f82b15650011',
  Label: 'exit',
  Layer: 'outer',
  TID: 626,
  Timestamp_u: 1637649219663212,
  'X-Trace': '2BDFF2990F50D8E69649A56223E7C959B5122A8C81A7235734585D7BF601',
  _V: '1'
} to have property Layer of 'oracle' (got 'outer')
      at Assertion.fail (node_modules/should/lib/assertion.js:92:17)
      at Assertion.value [as property] (node_modules/should/lib/assertion.js:164:19)
      at Object.oracle-entry (test/probes/oracledb.test.js:78:23)
      at /__w/appoptics-apm-node/appoptics-apm-node/test/probes/oracledb.test.js:127:31
      at EventEmitter.onMessage (test/helper.js:170:9)
      at Socket.<anonymous> (test/helper.js:112:13)
      at UDP.onMessage [as onmessage] (dgram.js:628:8)

  2) probes.oracledb 2.3.0
       should trace execute calls in pool:
     Uncaught AssertionError: expected Object {
  Edge: '50C38424E593AC66',
  Hostname: 'f82b15650011',
  Label: 'exit',
  Layer: 'outer',
  TID: 626,
  Timestamp_u: 1637649219711681,
  'X-Trace': '2B519D6631A322A7A06483D92B343456C8ABBB3F0A093E9474AD34F0C601',
  _V: '1'
} to have property Layer of 'oracle' (got 'outer')
      at Assertion.fail (node_modules/should/lib/assertion.js:92:17)
      at Assertion.value [as property] (node_modules/should/lib/assertion.js:164:19)
      at Object.oracle-entry (test/probes/oracledb.test.js:78:23)
      at /__w/appoptics-apm-node/appoptics-apm-node/test/probes/oracledb.test.js:151:31
      at EventEmitter.onMessage (test/helper.js:170:9)
      at Socket.<anonymous> (test/helper.js:112:13)
      at UDP.onMessage [as onmessage] (dgram.js:628:8)

  3) probes.oracledb 2.3.0
       should include correct isAutoCommit value:
     Uncaught AssertionError: expected Object {
  Edge: 'E03D7798CB075F2C',
  Hostname: 'f82b15650011',
  Label: 'exit',
  Layer: 'outer',
  TID: 626,
  Timestamp_u: 1637649219750807,
  'X-Trace': '2B6F44636753C56F70C5B8E57B26A34B889E08FB0C793E16F9AE1DF73201',
  _V: '1'
} to have property Layer of 'oracle' (got 'outer')
      at Assertion.fail (node_modules/should/lib/assertion.js:92:17)
      at Assertion.value [as property] (node_modules/should/lib/assertion.js:164:19)
      at Object.oracle-entry (test/probes/oracledb.test.js:78:23)
      at /__w/appoptics-apm-node/appoptics-apm-node/test/probes/oracledb.test.js:190:31
      at EventEmitter.onMessage (test/helper.js:170:9)
      at Socket.<anonymous> (test/helper.js:112:13)
      at UDP.onMessage [as onmessage] (dgram.js:628:8)



npm WARN deprecated oracledb@3.0.0: Update to node-oracledb 5

> oracledb@3.0.0 install /__w/appoptics-apm-node/appoptics-apm-node/node_modules/oracledb
> node package/oracledbinstall.js

oracledb Beginning installation
oracledb Verifying installation
oracledb Continuing installation
oracledb Oracledb downloaded
oracledb Verifying installation
oracledb Binary SHA matches SHA in SHASUMS256.txt
oracledb 
oracledb ********************************************************************************
oracledb ** Node-oracledb 3.0.0 installation complete for Node.js 10.24.1 (linux, x64)
oracledb **
oracledb ** To use the installed node-oracledb:
oracledb ** - You must have 64-bit Oracle client libraries in LD_LIBRARY_PATH, or configured with ldconfig
oracledb ** - If you do not already have libraries, install the Instant Client Basic or Basic Light package from 
oracledb **   http://www.oracle.com/technetwork/topics/linuxx86-64soft-092277.html
oracledb **
oracledb ** Node-oracledb installation instructions: https://oracle.github.io/node-oracledb/INSTALL.html
oracledb ********************************************************************************

npm WARN optional SKIPPING OPTIONAL DEPENDENCY: fsevents@~2.3.1 (node_modules/chokidar/node_modules/fsevents):
npm WARN notsup SKIPPING OPTIONAL DEPENDENCY: Unsupported platform for fsevents@2.3.2: wanted {"os":"darwin","arch":"any"} (current: {"os":"linux","arch":"x64"})

+ oracledb@3.0.0
updated 1 package and audited 1085 packages in 7.421s

80 packages are looking for funding
  run `npm fund` for details

found 28 vulnerabilities (13 moderate, 12 high, 3 critical)
  run `npm audit fix` to fix them, or `npm audit` for details
2021-11-23T06:33:48.527Z appoptics:debug read config from /__w/appoptics-apm-node/appoptics-apm-node/appoptics-apm-config
2021-11-23T06:33:48.529Z appoptics:debug guc ignoring APPOPTICS_LOG_SETTINGS
2021-11-23T06:33:48.532Z appoptics:debug serviceKey dIOz...wWK0:ao-node-test
2021-11-23T06:33:48.532Z appoptics:debug using context provider: ace-context
2021-11-23T06:33:48.679Z appoptics:debug apm 10.1.1-prerelease.0, bindings 11.1.0, oboe 10.1.1
2021-11-23T06:33:49.049Z appoptics:patching patched crypto 
2021-11-23T06:33:49.141Z appoptics:patching patched https 
2021-11-23T06:33:49.142Z appoptics:patching patched http 
2021-11-23T06:33:49.232Z appoptics:patching patched oracledb 3.0.0
2021-11-23T06:33:49.241Z appoptics:debug starting runtimeMetrics


  probes.oracledb 3.0.0
    âœ“ UDP might lose a message
2021-11-23T06:33:49.325Z appoptics:debug asking helper to execute test_basic
2021-11-23T06:33:49.325Z appoptics:debug test_basic being executed
2021-11-23T06:33:49.328Z appoptics:debug done with test_basic oracledb.getConnection
2021-11-23T06:33:49.384Z appoptics:debug test_basic query callback invoked
2021-11-23T06:33:49.389Z appoptics:debug span.exit - no last event outer outer:entry 2b-b9fba8a5be7d8dc8c757b44f7dad73a4240cb745-d02b51c88341dad4-01 outer:exit 2b-b9fba8a5be7d8dc8c757b44f7dad73a4240cb745-83f3d9f75155616e-01
2021-11-23T06:33:49.389Z appoptics:error Can not set lastEvent. Context may be lost.
    1) should trace execute calls
2021-11-23T06:33:49.460Z appoptics:debug span.exit - no last event outer outer:entry 2b-4ad89984e6d50fb638821bc5261e6c86120596c0-f568543b45b9f565-01 outer:exit 2b-4ad89984e6d50fb638821bc5261e6c86120596c0-92101b5c0c729749-01
2021-11-23T06:33:49.460Z appoptics:error Can not set lastEvent. Context may be lost.
    2) should trace execute calls in pool
2021-11-23T06:33:49.517Z appoptics:debug span.exit - no last event outer outer:entry 2b-a5dfc74e1e3e7d4dd7188dbe07f9109acc007172-ccb774fb9646b1d1-01 outer:exit 2b-a5dfc74e1e3e7d4dd7188dbe07f9109acc007172-21eb7143b2ff46c0-01
2021-11-23T06:33:49.517Z appoptics:error Can not set lastEvent. Context may be lost.
    3) should include correct isAutoCommit value


  1 passing (264ms)
  3 failing

  1) probes.oracledb 3.0.0
       should trace execute calls:
     Uncaught AssertionError: expected Object {
  Edge: 'D02B51C88341DAD4',
  Hostname: 'f82b15650011',
  Label: 'exit',
  Layer: 'outer',
  TID: 758,
  Timestamp_u: 1637649229389323,
  'X-Trace': '2BB9FBA8A5BE7D8DC8C757B44F7DAD73A4240CB74583F3D9F75155616E01',
  _V: '1'
} to have property Layer of 'oracle' (got 'outer')
      at Assertion.fail (node_modules/should/lib/assertion.js:92:17)
      at Assertion.value [as property] (node_modules/should/lib/assertion.js:164:19)
      at Object.oracle-entry (test/probes/oracledb.test.js:78:23)
      at /__w/appoptics-apm-node/appoptics-apm-node/test/probes/oracledb.test.js:127:31
      at EventEmitter.onMessage (test/helper.js:170:9)
      at Socket.<anonymous> (test/helper.js:112:13)
      at UDP.onMessage [as onmessage] (dgram.js:628:8)

  2) probes.oracledb 3.0.0
       should trace execute calls in pool:
     Uncaught AssertionError: expected Object {
  Edge: 'F568543B45B9F565',
  Hostname: 'f82b15650011',
  Label: 'exit',
  Layer: 'outer',
  TID: 758,
  Timestamp_u: 1637649229460967,
  'X-Trace': '2B4AD89984E6D50FB638821BC5261E6C86120596C092101B5C0C72974901',
  _V: '1'
} to have property Layer of 'oracle' (got 'outer')
      at Assertion.fail (node_modules/should/lib/assertion.js:92:17)
      at Assertion.value [as property] (node_modules/should/lib/assertion.js:164:19)
      at Object.oracle-entry (test/probes/oracledb.test.js:78:23)
      at /__w/appoptics-apm-node/appoptics-apm-node/test/probes/oracledb.test.js:151:31
      at EventEmitter.onMessage (test/helper.js:170:9)
      at Socket.<anonymous> (test/helper.js:112:13)
      at UDP.onMessage [as onmessage] (dgram.js:628:8)

  3) probes.oracledb 3.0.0
       should include correct isAutoCommit value:
     Uncaught AssertionError: expected Object {
  Edge: 'CCB774FB9646B1D1',
  Hostname: 'f82b15650011',
  Label: 'exit',
  Layer: 'outer',
  TID: 758,
  Timestamp_u: 1637649229517863,
  'X-Trace': '2BA5DFC74E1E3E7D4DD7188DBE07F9109ACC00717221EB7143B2FF46C001',
  _V: '1'
} to have property Layer of 'oracle' (got 'outer')
      at Assertion.fail (node_modules/should/lib/assertion.js:92:17)
      at Assertion.value [as property] (node_modules/should/lib/assertion.js:164:19)
      at Object.oracle-entry (test/probes/oracledb.test.js:78:23)
      at /__w/appoptics-apm-node/appoptics-apm-node/test/probes/oracledb.test.js:190:31
      at EventEmitter.onMessage (test/helper.js:170:9)
      at Socket.<anonymous> (test/helper.js:112:13)
      at UDP.onMessage [as onmessage] (dgram.js:628:8)



npm WARN deprecated oracledb@3.0.1: Update to node-oracledb 5

> oracledb@3.0.1 install /__w/appoptics-apm-node/appoptics-apm-node/node_modules/oracledb
> node package/oracledbinstall.js

oracledb Beginning installation
oracledb Oracledb downloaded
oracledb 
oracledb ********************************************************************************
oracledb ** Node-oracledb 3.0.1 installation complete for Node.js 10.24.1 (linux, x64)
oracledb **
oracledb ** To use node-oracledb:
oracledb ** - You must have 64-bit Oracle client libraries in LD_LIBRARY_PATH, or configured with ldconfig
oracledb ** - If you do not already have libraries, install the Instant Client Basic or Basic Light package from 
oracledb **   http://www.oracle.com/technetwork/topics/linuxx86-64soft-092277.html
oracledb **
oracledb ** Installation instructions: https://oracle.github.io/node-oracledb/INSTALL.html
oracledb ********************************************************************************

oracledb 
npm WARN optional SKIPPING OPTIONAL DEPENDENCY: fsevents@~2.3.1 (node_modules/chokidar/node_modules/fsevents):
npm WARN notsup SKIPPING OPTIONAL DEPENDENCY: Unsupported platform for fsevents@2.3.2: wanted {"os":"darwin","arch":"any"} (current: {"os":"linux","arch":"x64"})

+ oracledb@3.0.1
updated 1 package and audited 1085 packages in 7.053s

80 packages are looking for funding
  run `npm fund` for details

found 28 vulnerabilities (13 moderate, 12 high, 3 critical)
  run `npm audit fix` to fix them, or `npm audit` for details
2021-11-23T06:33:57.775Z appoptics:debug read config from /__w/appoptics-apm-node/appoptics-apm-node/appoptics-apm-config
2021-11-23T06:33:57.777Z appoptics:debug guc ignoring APPOPTICS_LOG_SETTINGS
2021-11-23T06:33:57.777Z appoptics:debug serviceKey dIOz...wWK0:ao-node-test
2021-11-23T06:33:57.777Z appoptics:debug using context provider: ace-context
2021-11-23T06:33:57.841Z appoptics:debug apm 10.1.1-prerelease.0, bindings 11.1.0, oboe 10.1.1
2021-11-23T06:33:58.007Z appoptics:patching patched crypto 
2021-11-23T06:33:58.033Z appoptics:patching patched https 
2021-11-23T06:33:58.034Z appoptics:patching patched http 
2021-11-23T06:33:58.066Z appoptics:patching patched oracledb 3.0.1
2021-11-23T06:33:58.070Z appoptics:debug starting runtimeMetrics


  probes.oracledb 3.0.1
    âœ“ UDP might lose a message
2021-11-23T06:33:58.112Z appoptics:debug asking helper to execute test_basic
2021-11-23T06:33:58.112Z appoptics:debug test_basic being executed
2021-11-23T06:33:58.117Z appoptics:debug done with test_basic oracledb.getConnection
2021-11-23T06:33:58.157Z appoptics:debug test_basic query callback invoked
2021-11-23T06:33:58.160Z appoptics:debug span.exit - no last event outer outer:entry 2b-15a9cfc384732ff1d5d712a0628d1460e25f1dde-c9892e3cba4d04f2-01 outer:exit 2b-15a9cfc384732ff1d5d712a0628d1460e25f1dde-6f7fc1e418f65aa7-01
2021-11-23T06:33:58.160Z appoptics:error Can not set lastEvent. Context may be lost.
    1) should trace execute calls
2021-11-23T06:33:58.207Z appoptics:debug span.exit - no last event outer outer:entry 2b-1d1f46008ea0da0de311bf6e92e7108e9d5b2b17-232ac6551dc703f2-01 outer:exit 2b-1d1f46008ea0da0de311bf6e92e7108e9d5b2b17-3ca1a6c720e52230-01
2021-11-23T06:33:58.207Z appoptics:error Can not set lastEvent. Context may be lost.
    2) should trace execute calls in pool
2021-11-23T06:33:58.253Z appoptics:debug span.exit - no last event outer outer:entry 2b-709814517fe154f5ba8aa1d4470c45a71fd9c185-0270fb7e73e2d118-01 outer:exit 2b-709814517fe154f5ba8aa1d4470c45a71fd9c185-b65723728a62c797-01
2021-11-23T06:33:58.253Z appoptics:error Can not set lastEvent. Context may be lost.
    3) should include correct isAutoCommit value


  1 passing (184ms)
  3 failing

  1) probes.oracledb 3.0.1
       should trace execute calls:
     Uncaught AssertionError: expected Object {
  Edge: 'C9892E3CBA4D04F2',
  Hostname: 'f82b15650011',
  Label: 'exit',
  Layer: 'outer',
  TID: 890,
  Timestamp_u: 1637649238160523,
  'X-Trace': '2B15A9CFC384732FF1D5D712A0628D1460E25F1DDE6F7FC1E418F65AA701',
  _V: '1'
} to have property Layer of 'oracle' (got 'outer')
      at Assertion.fail (node_modules/should/lib/assertion.js:92:17)
      at Assertion.value [as property] (node_modules/should/lib/assertion.js:164:19)
      at Object.oracle-entry (test/probes/oracledb.test.js:78:23)
      at /__w/appoptics-apm-node/appoptics-apm-node/test/probes/oracledb.test.js:127:31
      at EventEmitter.onMessage (test/helper.js:170:9)
      at Socket.<anonymous> (test/helper.js:112:13)
      at UDP.onMessage [as onmessage] (dgram.js:628:8)

  2) probes.oracledb 3.0.1
       should trace execute calls in pool:
     Uncaught AssertionError: expected Object {
  Edge: '232AC6551DC703F2',
  Hostname: 'f82b15650011',
  Label: 'exit',
  Layer: 'outer',
  TID: 890,
  Timestamp_u: 1637649238207918,
  'X-Trace': '2B1D1F46008EA0DA0DE311BF6E92E7108E9D5B2B173CA1A6C720E5223001',
  _V: '1'
} to have property Layer of 'oracle' (got 'outer')
      at Assertion.fail (node_modules/should/lib/assertion.js:92:17)
      at Assertion.value [as property] (node_modules/should/lib/assertion.js:164:19)
      at Object.oracle-entry (test/probes/oracledb.test.js:78:23)
      at /__w/appoptics-apm-node/appoptics-apm-node/test/probes/oracledb.test.js:151:31
      at EventEmitter.onMessage (test/helper.js:170:9)
      at Socket.<anonymous> (test/helper.js:112:13)
      at UDP.onMessage [as onmessage] (dgram.js:628:8)

  3) probes.oracledb 3.0.1
       should include correct isAutoCommit value:
     Uncaught AssertionError: expected Object {
  Edge: '0270FB7E73E2D118',
  Hostname: 'f82b15650011',
  Label: 'exit',
  Layer: 'outer',
  TID: 890,
  Timestamp_u: 1637649238253310,
  'X-Trace': '2B709814517FE154F5BA8AA1D4470C45A71FD9C185B65723728A62C79701',
  _V: '1'
} to have property Layer of 'oracle' (got 'outer')
      at Assertion.fail (node_modules/should/lib/assertion.js:92:17)
      at Assertion.value [as property] (node_modules/should/lib/assertion.js:164:19)
      at Object.oracle-entry (test/probes/oracledb.test.js:78:23)
      at /__w/appoptics-apm-node/appoptics-apm-node/test/probes/oracledb.test.js:190:31
      at EventEmitter.onMessage (test/helper.js:170:9)
      at Socket.<anonymous> (test/helper.js:112:13)
      at UDP.onMessage [as onmessage] (dgram.js:628:8)



npm WARN deprecated oracledb@3.1.0: Update to node-oracledb 5

> oracledb@3.1.0 install /__w/appoptics-apm-node/appoptics-apm-node/node_modules/oracledb
> node package/install.js

oracledb ********************************************************************************
oracledb ** Node-oracledb 3.1.0 installed for Node.js 10.24.1 (linux, x64)
oracledb **
oracledb ** To use node-oracledb:
oracledb ** - Oracle Client libraries (64-bit) must be configured with ldconfig or LD_LIBRARY_PATH
oracledb ** - To get libraries, install an Instant Client Basic or Basic Light package from
oracledb **   https://www.oracle.com/technetwork/topics/linuxx86-64soft-092277.html
oracledb **
oracledb ** Installation instructions: https://oracle.github.io/node-oracledb/INSTALL.html
oracledb ********************************************************************************

npm WARN optional SKIPPING OPTIONAL DEPENDENCY: fsevents@~2.3.1 (node_modules/chokidar/node_modules/fsevents):
npm WARN notsup SKIPPING OPTIONAL DEPENDENCY: Unsupported platform for fsevents@2.3.2: wanted {"os":"darwin","arch":"any"} (current: {"os":"linux","arch":"x64"})

+ oracledb@3.1.0
updated 1 package and audited 1085 packages in 5.352s

80 packages are looking for funding
  run `npm fund` for details

found 28 vulnerabilities (13 moderate, 12 high, 3 critical)
  run `npm audit fix` to fix them, or `npm audit` for details
2021-11-23T06:34:04.647Z appoptics:debug read config from /__w/appoptics-apm-node/appoptics-apm-node/appoptics-apm-config
2021-11-23T06:34:04.648Z appoptics:debug guc ignoring APPOPTICS_LOG_SETTINGS
2021-11-23T06:34:04.648Z appoptics:debug serviceKey dIOz...wWK0:ao-node-test
2021-11-23T06:34:04.649Z appoptics:debug using context provider: ace-context
2021-11-23T06:34:04.712Z appoptics:debug apm 10.1.1-prerelease.0, bindings 11.1.0, oboe 10.1.1
2021-11-23T06:34:04.860Z appoptics:patching patched crypto 
2021-11-23T06:34:04.890Z appoptics:patching patched https 
2021-11-23T06:34:04.890Z appoptics:patching patched http 
2021-11-23T06:34:04.914Z appoptics:patching patched oracledb 3.1.0
2021-11-23T06:34:04.918Z appoptics:debug starting runtimeMetrics


  probes.oracledb 3.1.0
    âœ“ UDP might lose a message
2021-11-23T06:34:04.940Z appoptics:debug asking helper to execute test_basic
2021-11-23T06:34:04.940Z appoptics:debug test_basic being executed
2021-11-23T06:34:04.949Z appoptics:debug done with test_basic oracledb.getConnection
2021-11-23T06:34:04.988Z appoptics:debug test_basic query callback invoked
2021-11-23T06:34:04.991Z appoptics:debug span.exit - no last event outer outer:entry 2b-d2514f3a08403c3369b9abdf0c835131f85113f7-c72069aa26d93493-01 outer:exit 2b-d2514f3a08403c3369b9abdf0c835131f85113f7-a5c872f6eaf83d1f-01
2021-11-23T06:34:04.991Z appoptics:error Can not set lastEvent. Context may be lost.
    1) should trace execute calls
2021-11-23T06:34:05.033Z appoptics:debug span.exit - no last event outer outer:entry 2b-8f11aad13f01242c17317eb5398a9107bab9db77-857b5d124f5330e7-01 outer:exit 2b-8f11aad13f01242c17317eb5398a9107bab9db77-02d283b83be7b841-01
2021-11-23T06:34:05.034Z appoptics:error Can not set lastEvent. Context may be lost.
    2) should trace execute calls in pool
2021-11-23T06:34:05.073Z appoptics:debug span.exit - no last event outer outer:entry 2b-6759133f1256f2f63f6c38f767940520ac99c721-cd3a957528bc13f7-01 outer:exit 2b-6759133f1256f2f63f6c38f767940520ac99c721-81d7d8d56ddb365c-01
2021-11-23T06:34:05.073Z appoptics:error Can not set lastEvent. Context may be lost.
    3) should include correct isAutoCommit value


  1 passing (154ms)
  3 failing

  1) probes.oracledb 3.1.0
       should trace execute calls:
     Uncaught AssertionError: expected Object {
  Edge: 'C72069AA26D93493',
  Hostname: 'f82b15650011',
  Label: 'exit',
  Layer: 'outer',
  TID: 922,
  Timestamp_u: 1637649244991255,
  'X-Trace': '2BD2514F3A08403C3369B9ABDF0C835131F85113F7A5C872F6EAF83D1F01',
  _V: '1'
} to have property Layer of 'oracle' (got 'outer')
      at Assertion.fail (node_modules/should/lib/assertion.js:92:17)
      at Assertion.value [as property] (node_modules/should/lib/assertion.js:164:19)
      at Object.oracle-entry (test/probes/oracledb.test.js:78:23)
      at /__w/appoptics-apm-node/appoptics-apm-node/test/probes/oracledb.test.js:127:31
      at EventEmitter.onMessage (test/helper.js:170:9)
      at Socket.<anonymous> (test/helper.js:112:13)
      at UDP.onMessage [as onmessage] (dgram.js:628:8)

  2) probes.oracledb 3.1.0
       should trace execute calls in pool:
     Uncaught AssertionError: expected Object {
  Edge: '857B5D124F5330E7',
  Hostname: 'f82b15650011',
  Label: 'exit',
  Layer: 'outer',
  TID: 922,
  Timestamp_u: 1637649245034061,
  'X-Trace': '2B8F11AAD13F01242C17317EB5398A9107BAB9DB7702D283B83BE7B84101',
  _V: '1'
} to have property Layer of 'oracle' (got 'outer')
      at Assertion.fail (node_modules/should/lib/assertion.js:92:17)
      at Assertion.value [as property] (node_modules/should/lib/assertion.js:164:19)
      at Object.oracle-entry (test/probes/oracledb.test.js:78:23)
      at /__w/appoptics-apm-node/appoptics-apm-node/test/probes/oracledb.test.js:151:31
      at EventEmitter.onMessage (test/helper.js:170:9)
      at Socket.<anonymous> (test/helper.js:112:13)
      at UDP.onMessage [as onmessage] (dgram.js:628:8)

  3) probes.oracledb 3.1.0
       should include correct isAutoCommit value:
     Uncaught AssertionError: expected Object {
  Edge: 'CD3A957528BC13F7',
  Hostname: 'f82b15650011',
  Label: 'exit',
  Layer: 'outer',
  TID: 922,
  Timestamp_u: 1637649245073389,
  'X-Trace': '2B6759133F1256F2F63F6C38F767940520AC99C72181D7D8D56DDB365C01',
  _V: '1'
} to have property Layer of 'oracle' (got 'outer')
      at Assertion.fail (node_modules/should/lib/assertion.js:92:17)
      at Assertion.value [as property] (node_modules/should/lib/assertion.js:164:19)
      at Object.oracle-entry (test/probes/oracledb.test.js:78:23)
      at /__w/appoptics-apm-node/appoptics-apm-node/test/probes/oracledb.test.js:190:31
      at EventEmitter.onMessage (test/helper.js:170:9)
      at Socket.<anonymous> (test/helper.js:112:13)
      at UDP.onMessage [as onmessage] (dgram.js:628:8)



npm WARN deprecated oracledb@3.1.1: Update to node-oracledb 5

> oracledb@3.1.1 install /__w/appoptics-apm-node/appoptics-apm-node/node_modules/oracledb
> node package/install.js

oracledb ********************************************************************************
oracledb ** Node-oracledb 3.1.1 installed for Node.js 10.24.1 (linux, x64)
oracledb **
oracledb ** To use node-oracledb:
oracledb ** - Oracle Client libraries (64-bit) must be configured with ldconfig or LD_LIBRARY_PATH
oracledb ** - To get libraries, install an Instant Client Basic or Basic Light package from
oracledb **   https://www.oracle.com/technetwork/topics/linuxx86-64soft-092277.html
oracledb **
oracledb ** Installation instructions: https://oracle.github.io/node-oracledb/INSTALL.html
oracledb ********************************************************************************

npm WARN optional SKIPPING OPTIONAL DEPENDENCY: fsevents@~2.3.1 (node_modules/chokidar/node_modules/fsevents):
npm WARN notsup SKIPPING OPTIONAL DEPENDENCY: Unsupported platform for fsevents@2.3.2: wanted {"os":"darwin","arch":"any"} (current: {"os":"linux","arch":"x64"})

+ oracledb@3.1.1
updated 1 package and audited 1085 packages in 4.239s

80 packages are looking for funding
  run `npm fund` for details

found 28 vulnerabilities (13 moderate, 12 high, 3 critical)
  run `npm audit fix` to fix them, or `npm audit` for details
2021-11-23T06:34:10.342Z appoptics:debug read config from /__w/appoptics-apm-node/appoptics-apm-node/appoptics-apm-config
2021-11-23T06:34:10.344Z appoptics:debug guc ignoring APPOPTICS_LOG_SETTINGS
2021-11-23T06:34:10.344Z appoptics:debug serviceKey dIOz...wWK0:ao-node-test
2021-11-23T06:34:10.345Z appoptics:debug using context provider: ace-context
2021-11-23T06:34:10.415Z appoptics:debug apm 10.1.1-prerelease.0, bindings 11.1.0, oboe 10.1.1
2021-11-23T06:34:10.609Z appoptics:patching patched crypto 
2021-11-23T06:34:10.635Z appoptics:patching patched https 
2021-11-23T06:34:10.635Z appoptics:patching patched http 
2021-11-23T06:34:10.660Z appoptics:patching patched oracledb 3.1.1
2021-11-23T06:34:10.664Z appoptics:debug starting runtimeMetrics


  probes.oracledb 3.1.1
    âœ“ UDP might lose a message
2021-11-23T06:34:10.700Z appoptics:debug asking helper to execute test_basic
2021-11-23T06:34:10.701Z appoptics:debug test_basic being executed
2021-11-23T06:34:10.713Z appoptics:debug done with test_basic oracledb.getConnection
2021-11-23T06:34:10.751Z appoptics:debug test_basic query callback invoked
2021-11-23T06:34:10.754Z appoptics:debug span.exit - no last event outer outer:entry 2b-5259007b63fc27618f4bc56d19d3590ac95ded98-585cc599d927d79a-01 outer:exit 2b-5259007b63fc27618f4bc56d19d3590ac95ded98-77d357657fd512b8-01
2021-11-23T06:34:10.754Z appoptics:error Can not set lastEvent. Context may be lost.
    1) should trace execute calls
2021-11-23T06:34:10.808Z appoptics:debug span.exit - no last event outer outer:entry 2b-258082e9e08e7f6fc2e82eb31ae78f694d89fa0d-69283ec13ca0d6bf-01 outer:exit 2b-258082e9e08e7f6fc2e82eb31ae78f694d89fa0d-a6e0dcc970e31df2-01
2021-11-23T06:34:10.808Z appoptics:error Can not set lastEvent. Context may be lost.
    2) should trace execute calls in pool
2021-11-23T06:34:10.851Z appoptics:debug span.exit - no last event outer outer:entry 2b-1ce8aa375d02f6862abe7a435449e153c9f3f807-2867867c5cff2a43-01 outer:exit 2b-1ce8aa375d02f6862abe7a435449e153c9f3f807-649c75005c6fd3a1-01
2021-11-23T06:34:10.851Z appoptics:error Can not set lastEvent. Context may be lost.
    3) should include correct isAutoCommit value


  1 passing (183ms)
  3 failing

  1) probes.oracledb 3.1.1
       should trace execute calls:
     Uncaught AssertionError: expected Object {
  Edge: '585CC599D927D79A',
  Hostname: 'f82b15650011',
  Label: 'exit',
  Layer: 'outer',
  TID: 954,
  Timestamp_u: 1637649250754244,
  'X-Trace': '2B5259007B63FC27618F4BC56D19D3590AC95DED9877D357657FD512B801',
  _V: '1'
} to have property Layer of 'oracle' (got 'outer')
      at Assertion.fail (node_modules/should/lib/assertion.js:92:17)
      at Assertion.value [as property] (node_modules/should/lib/assertion.js:164:19)
      at Object.oracle-entry (test/probes/oracledb.test.js:78:23)
      at /__w/appoptics-apm-node/appoptics-apm-node/test/probes/oracledb.test.js:127:31
      at EventEmitter.onMessage (test/helper.js:170:9)
      at Socket.<anonymous> (test/helper.js:112:13)
      at UDP.onMessage [as onmessage] (dgram.js:628:8)

  2) probes.oracledb 3.1.1
       should trace execute calls in pool:
     Uncaught AssertionError: expected Object {
  Edge: '69283EC13CA0D6BF',
  Hostname: 'f82b15650011',
  Label: 'exit',
  Layer: 'outer',
  TID: 954,
  Timestamp_u: 1637649250808677,
  'X-Trace': '2B258082E9E08E7F6FC2E82EB31AE78F694D89FA0DA6E0DCC970E31DF201',
  _V: '1'
} to have property Layer of 'oracle' (got 'outer')
      at Assertion.fail (node_modules/should/lib/assertion.js:92:17)
      at Assertion.value [as property] (node_modules/should/lib/assertion.js:164:19)
      at Object.oracle-entry (test/probes/oracledb.test.js:78:23)
      at /__w/appoptics-apm-node/appoptics-apm-node/test/probes/oracledb.test.js:151:31
      at EventEmitter.onMessage (test/helper.js:170:9)
      at Socket.<anonymous> (test/helper.js:112:13)
      at UDP.onMessage [as onmessage] (dgram.js:628:8)

  3) probes.oracledb 3.1.1
       should include correct isAutoCommit value:
     Uncaught AssertionError: expected Object {
  Edge: '2867867C5CFF2A43',
  Hostname: 'f82b15650011',
  Label: 'exit',
  Layer: 'outer',
  TID: 954,
  Timestamp_u: 1637649250851855,
  'X-Trace': '2B1CE8AA375D02F6862ABE7A435449E153C9F3F807649C75005C6FD3A101',
  _V: '1'
} to have property Layer of 'oracle' (got 'outer')
      at Assertion.fail (node_modules/should/lib/assertion.js:92:17)
      at Assertion.value [as property] (node_modules/should/lib/assertion.js:164:19)
      at Object.oracle-entry (test/probes/oracledb.test.js:78:23)
      at /__w/appoptics-apm-node/appoptics-apm-node/test/probes/oracledb.test.js:190:31
      at EventEmitter.onMessage (test/helper.js:170:9)
      at Socket.<anonymous> (test/helper.js:112:13)
      at UDP.onMessage [as onmessage] (dgram.js:628:8)



npm WARN deprecated oracledb@3.1.2: Update to node-oracledb 5

> oracledb@3.1.2 install /__w/appoptics-apm-node/appoptics-apm-node/node_modules/oracledb
> node package/install.js

oracledb ********************************************************************************
oracledb ** Node-oracledb 3.1.2 installed for Node.js 10.24.1 (linux, x64)
oracledb **
oracledb ** To use node-oracledb:
oracledb ** - Oracle Client libraries (64-bit) must be configured with ldconfig or LD_LIBRARY_PATH
oracledb ** - To get libraries, install an Instant Client Basic or Basic Light package from
oracledb **   https://www.oracle.com/technetwork/topics/linuxx86-64soft-092277.html
oracledb **
oracledb ** Installation instructions: https://oracle.github.io/node-oracledb/INSTALL.html
oracledb ********************************************************************************

npm WARN optional SKIPPING OPTIONAL DEPENDENCY: fsevents@~2.3.1 (node_modules/chokidar/node_modules/fsevents):
npm WARN notsup SKIPPING OPTIONAL DEPENDENCY: Unsupported platform for fsevents@2.3.2: wanted {"os":"darwin","arch":"any"} (current: {"os":"linux","arch":"x64"})

+ oracledb@3.1.2
updated 1 package and audited 1085 packages in 4.724s

80 packages are looking for funding
  run `npm fund` for details

found 28 vulnerabilities (13 moderate, 12 high, 3 critical)
  run `npm audit fix` to fix them, or `npm audit` for details
2021-11-23T06:34:16.728Z appoptics:debug read config from /__w/appoptics-apm-node/appoptics-apm-node/appoptics-apm-config
2021-11-23T06:34:16.729Z appoptics:debug guc ignoring APPOPTICS_LOG_SETTINGS
2021-11-23T06:34:16.729Z appoptics:debug serviceKey dIOz...wWK0:ao-node-test
2021-11-23T06:34:16.730Z appoptics:debug using context provider: ace-context
2021-11-23T06:34:16.794Z appoptics:debug apm 10.1.1-prerelease.0, bindings 11.1.0, oboe 10.1.1
2021-11-23T06:34:16.960Z appoptics:patching patched crypto 
2021-11-23T06:34:16.994Z appoptics:patching patched https 
2021-11-23T06:34:16.994Z appoptics:patching patched http 
2021-11-23T06:34:17.018Z appoptics:patching patched oracledb 3.1.2
2021-11-23T06:34:17.022Z appoptics:debug starting runtimeMetrics


  probes.oracledb 3.1.2
    âœ“ UDP might lose a message
2021-11-23T06:34:17.044Z appoptics:debug asking helper to execute test_basic
2021-11-23T06:34:17.044Z appoptics:debug test_basic being executed
2021-11-23T06:34:17.053Z appoptics:debug done with test_basic oracledb.getConnection
2021-11-23T06:34:17.092Z appoptics:debug test_basic query callback invoked
2021-11-23T06:34:17.094Z appoptics:debug span.exit - no last event outer outer:entry 2b-fac22e5c73c44d831103f47c390e9d38e32d817f-841f01c9b825f351-01 outer:exit 2b-fac22e5c73c44d831103f47c390e9d38e32d817f-25d07c57b298fd8b-01
2021-11-23T06:34:17.094Z appoptics:error Can not set lastEvent. Context may be lost.
    1) should trace execute calls
2021-11-23T06:34:17.138Z appoptics:debug span.exit - no last event outer outer:entry 2b-ac9aa37b9188dc3594eb216169fe583d69a07645-e03084b607d1009d-01 outer:exit 2b-ac9aa37b9188dc3594eb216169fe583d69a07645-595ca821961da87b-01
2021-11-23T06:34:17.138Z appoptics:error Can not set lastEvent. Context may be lost.
    2) should trace execute calls in pool
2021-11-23T06:34:17.176Z appoptics:debug span.exit - no last event outer outer:entry 2b-5bd8b8164d32ba965d4ee48fb8cfc412c8b7342a-113a5bce90461527-01 outer:exit 2b-5bd8b8164d32ba965d4ee48fb8cfc412c8b7342a-a8bcf39dd64126fb-01
2021-11-23T06:34:17.177Z appoptics:error Can not set lastEvent. Context may be lost.
    3) should include correct isAutoCommit value


  1 passing (152ms)
  3 failing

  1) probes.oracledb 3.1.2
       should trace execute calls:
     Uncaught AssertionError: expected Object {
  Edge: '841F01C9B825F351',
  Hostname: 'f82b15650011',
  Label: 'exit',
  Layer: 'outer',
  TID: 986,
  Timestamp_u: 1637649257094982,
  'X-Trace': '2BFAC22E5C73C44D831103F47C390E9D38E32D817F25D07C57B298FD8B01',
  _V: '1'
} to have property Layer of 'oracle' (got 'outer')
      at Assertion.fail (node_modules/should/lib/assertion.js:92:17)
      at Assertion.value [as property] (node_modules/should/lib/assertion.js:164:19)
      at Object.oracle-entry (test/probes/oracledb.test.js:78:23)
      at /__w/appoptics-apm-node/appoptics-apm-node/test/probes/oracledb.test.js:127:31
      at EventEmitter.onMessage (test/helper.js:170:9)
      at Socket.<anonymous> (test/helper.js:112:13)
      at UDP.onMessage [as onmessage] (dgram.js:628:8)

  2) probes.oracledb 3.1.2
       should trace execute calls in pool:
     Uncaught AssertionError: expected Object {
  Edge: 'E03084B607D1009D',
  Hostname: 'f82b15650011',
  Label: 'exit',
  Layer: 'outer',
  TID: 986,
  Timestamp_u: 1637649257138289,
  'X-Trace': '2BAC9AA37B9188DC3594EB216169FE583D69A07645595CA821961DA87B01',
  _V: '1'
} to have property Layer of 'oracle' (got 'outer')
      at Assertion.fail (node_modules/should/lib/assertion.js:92:17)
      at Assertion.value [as property] (node_modules/should/lib/assertion.js:164:19)
      at Object.oracle-entry (test/probes/oracledb.test.js:78:23)
      at /__w/appoptics-apm-node/appoptics-apm-node/test/probes/oracledb.test.js:151:31
      at EventEmitter.onMessage (test/helper.js:170:9)
      at Socket.<anonymous> (test/helper.js:112:13)
      at UDP.onMessage [as onmessage] (dgram.js:628:8)

  3) probes.oracledb 3.1.2
       should include correct isAutoCommit value:
     Uncaught AssertionError: expected Object {
  Edge: '113A5BCE90461527',
  Hostname: 'f82b15650011',
  Label: 'exit',
  Layer: 'outer',
  TID: 986,
  Timestamp_u: 1637649257177149,
  'X-Trace': '2B5BD8B8164D32BA965D4EE48FB8CFC412C8B7342AA8BCF39DD64126FB01',
  _V: '1'
} to have property Layer of 'oracle' (got 'outer')
      at Assertion.fail (node_modules/should/lib/assertion.js:92:17)
      at Assertion.value [as property] (node_modules/should/lib/assertion.js:164:19)
      at Object.oracle-entry (test/probes/oracledb.test.js:78:23)
      at /__w/appoptics-apm-node/appoptics-apm-node/test/probes/oracledb.test.js:190:31
      at EventEmitter.onMessage (test/helper.js:170:9)
      at Socket.<anonymous> (test/helper.js:112:13)
      at UDP.onMessage [as onmessage] (dgram.js:628:8)



npm WARN deprecated oracledb@4.0.0: Update to node-oracledb 5

> oracledb@4.0.0 install /__w/appoptics-apm-node/appoptics-apm-node/node_modules/oracledb
> node package/install.js

oracledb ********************************************************************************
oracledb ** Node-oracledb 4.0.0 installed for Node.js 10.24.1 (linux, x64)
oracledb **
oracledb ** To use node-oracledb:
oracledb ** - Oracle Client libraries (64-bit) must be configured with ldconfig or LD_LIBRARY_PATH
oracledb ** - To get libraries, install an Instant Client Basic or Basic Light package from
oracledb **   https://www.oracle.com/technetwork/topics/linuxx86-64soft-092277.html
oracledb **
oracledb ** Installation instructions: https://oracle.github.io/node-oracledb/INSTALL.html
oracledb ********************************************************************************

npm WARN optional SKIPPING OPTIONAL DEPENDENCY: fsevents@~2.3.1 (node_modules/chokidar/node_modules/fsevents):
npm WARN notsup SKIPPING OPTIONAL DEPENDENCY: Unsupported platform for fsevents@2.3.2: wanted {"os":"darwin","arch":"any"} (current: {"os":"linux","arch":"x64"})

+ oracledb@4.0.0
updated 1 package and audited 1085 packages in 3.9s

80 packages are looking for funding
  run `npm fund` for details

found 28 vulnerabilities (13 moderate, 12 high, 3 critical)
  run `npm audit fix` to fix them, or `npm audit` for details
2021-11-23T06:34:22.174Z appoptics:debug read config from /__w/appoptics-apm-node/appoptics-apm-node/appoptics-apm-config
2021-11-23T06:34:22.175Z appoptics:debug guc ignoring APPOPTICS_LOG_SETTINGS
2021-11-23T06:34:22.175Z appoptics:debug serviceKey dIOz...wWK0:ao-node-test
2021-11-23T06:34:22.176Z appoptics:debug using context provider: ace-context
2021-11-23T06:34:22.241Z appoptics:debug apm 10.1.1-prerelease.0, bindings 11.1.0, oboe 10.1.1
2021-11-23T06:34:22.426Z appoptics:patching patched crypto 
2021-11-23T06:34:22.461Z appoptics:patching patched https 
2021-11-23T06:34:22.461Z appoptics:patching patched http 
2021-11-23T06:34:22.486Z appoptics:patching patched oracledb 4.0.0
2021-11-23T06:34:22.490Z appoptics:debug starting runtimeMetrics


  probes.oracledb 4.0.0
    âœ“ UDP might lose a message
2021-11-23T06:34:22.526Z appoptics:debug asking helper to execute test_basic
2021-11-23T06:34:22.526Z appoptics:debug test_basic being executed
2021-11-23T06:34:22.526Z appoptics:debug oracledb wrapping getConnection
2021-11-23T06:34:22.535Z appoptics:debug done with test_basic oracledb.getConnection
2021-11-23T06:34:22.575Z appoptics:debug test_basic query callback invoked
    âœ“ should trace execute calls (53ms)
2021-11-23T06:34:22.582Z appoptics:debug ORACLEDB wrapping createPool
2021-11-23T06:34:22.585Z appoptics:debug oracledb wrapping getConnection
2021-11-23T06:34:22.619Z appoptics:debug connection.execute() seems to be patched
2021-11-23T06:34:22.619Z appoptics:debug connection.commit() seems to be patched
2021-11-23T06:34:22.619Z appoptics:debug connection.rollback() seems to be patched
2021-11-23T06:34:22.619Z appoptics:debug connection.break() seems to be patched
2021-11-23T06:34:22.620Z appoptics:debug connection.release seems to be patched
    âœ“ should trace execute calls in pool (39ms)
2021-11-23T06:34:22.622Z appoptics:debug oracledb wrapping getConnection
2021-11-23T06:34:22.659Z appoptics:debug connection.execute() seems to be patched
2021-11-23T06:34:22.659Z appoptics:debug connection.commit() seems to be patched
2021-11-23T06:34:22.659Z appoptics:debug connection.rollback() seems to be patched
2021-11-23T06:34:22.659Z appoptics:debug connection.break() seems to be patched
2021-11-23T06:34:22.659Z appoptics:debug connection.release seems to be patched
    âœ“ should include correct isAutoCommit value (41ms)


  4 passing (173ms)

npm WARN deprecated oracledb@4.0.1: Update to node-oracledb 5

> oracledb@4.0.1 install /__w/appoptics-apm-node/appoptics-apm-node/node_modules/oracledb
> node package/install.js

oracledb ********************************************************************************
oracledb ** Node-oracledb 4.0.1 installed for Node.js 10.24.1 (linux, x64)
oracledb **
oracledb ** To use node-oracledb:
oracledb ** - Oracle Client libraries (64-bit) must be configured with ldconfig or LD_LIBRARY_PATH
oracledb ** - To get libraries, install an Instant Client Basic or Basic Light package from
oracledb **   https://www.oracle.com/technetwork/topics/linuxx86-64soft-092277.html
oracledb **
oracledb ** Installation instructions: https://oracle.github.io/node-oracledb/INSTALL.html
oracledb ********************************************************************************

npm WARN optional SKIPPING OPTIONAL DEPENDENCY: fsevents@~2.3.1 (node_modules/chokidar/node_modules/fsevents):
npm WARN notsup SKIPPING OPTIONAL DEPENDENCY: Unsupported platform for fsevents@2.3.2: wanted {"os":"darwin","arch":"any"} (current: {"os":"linux","arch":"x64"})

+ oracledb@4.0.1
updated 1 package and audited 1085 packages in 4.749s

80 packages are looking for funding
  run `npm fund` for details

found 28 vulnerabilities (13 moderate, 12 high, 3 critical)
  run `npm audit fix` to fix them, or `npm audit` for details
2021-11-23T06:34:28.434Z appoptics:debug read config from /__w/appoptics-apm-node/appoptics-apm-node/appoptics-apm-config
2021-11-23T06:34:28.435Z appoptics:debug guc ignoring APPOPTICS_LOG_SETTINGS
2021-11-23T06:34:28.435Z appoptics:debug serviceKey dIOz...wWK0:ao-node-test
2021-11-23T06:34:28.436Z appoptics:debug using context provider: ace-context
2021-11-23T06:34:28.498Z appoptics:debug apm 10.1.1-prerelease.0, bindings 11.1.0, oboe 10.1.1
2021-11-23T06:34:28.661Z appoptics:patching patched crypto 
2021-11-23T06:34:28.686Z appoptics:patching patched https 
2021-11-23T06:34:28.686Z appoptics:patching patched http 
2021-11-23T06:34:28.711Z appoptics:patching patched oracledb 4.0.1
2021-11-23T06:34:28.715Z appoptics:debug starting runtimeMetrics


  probes.oracledb 4.0.1
    âœ“ UDP might lose a message
2021-11-23T06:34:28.756Z appoptics:debug asking helper to execute test_basic
2021-11-23T06:34:28.756Z appoptics:debug test_basic being executed
2021-11-23T06:34:28.756Z appoptics:debug oracledb wrapping getConnection
2021-11-23T06:34:28.765Z appoptics:debug done with test_basic oracledb.getConnection
2021-11-23T06:34:28.806Z appoptics:debug test_basic query callback invoked
    âœ“ should trace execute calls (54ms)
2021-11-23T06:34:28.813Z appoptics:debug ORACLEDB wrapping createPool
2021-11-23T06:34:28.815Z appoptics:debug oracledb wrapping getConnection
2021-11-23T06:34:28.850Z appoptics:debug connection.execute() seems to be patched
2021-11-23T06:34:28.850Z appoptics:debug connection.commit() seems to be patched
2021-11-23T06:34:28.850Z appoptics:debug connection.rollback() seems to be patched
2021-11-23T06:34:28.850Z appoptics:debug connection.break() seems to be patched
2021-11-23T06:34:28.850Z appoptics:debug connection.release seems to be patched
    âœ“ should trace execute calls in pool (40ms)
2021-11-23T06:34:28.853Z appoptics:debug oracledb wrapping getConnection
2021-11-23T06:34:28.888Z appoptics:debug connection.execute() seems to be patched
2021-11-23T06:34:28.889Z appoptics:debug connection.commit() seems to be patched
2021-11-23T06:34:28.889Z appoptics:debug connection.rollback() seems to be patched
2021-11-23T06:34:28.889Z appoptics:debug connection.break() seems to be patched
2021-11-23T06:34:28.889Z appoptics:debug connection.release seems to be patched
    âœ“ should include correct isAutoCommit value (40ms)


  4 passing (176ms)

npm WARN deprecated oracledb@4.1.0: Update to node-oracledb 5

> oracledb@4.1.0 install /__w/appoptics-apm-node/appoptics-apm-node/node_modules/oracledb
> node package/install.js

oracledb ********************************************************************************
oracledb ** Node-oracledb 4.1.0 installed for Node.js 10.24.1 (linux, x64)
oracledb **
oracledb ** To use node-oracledb:
oracledb ** - Oracle Client libraries (64-bit) must be configured with ldconfig or LD_LIBRARY_PATH
oracledb ** - To get libraries, install an Instant Client Basic or Basic Light package from
oracledb **   https://www.oracle.com/technetwork/topics/linuxx86-64soft-092277.html
oracledb **
oracledb ** Installation instructions: https://oracle.github.io/node-oracledb/INSTALL.html
oracledb ********************************************************************************

npm WARN optional SKIPPING OPTIONAL DEPENDENCY: fsevents@~2.3.1 (node_modules/chokidar/node_modules/fsevents):
npm WARN notsup SKIPPING OPTIONAL DEPENDENCY: Unsupported platform for fsevents@2.3.2: wanted {"os":"darwin","arch":"any"} (current: {"os":"linux","arch":"x64"})

+ oracledb@4.1.0
updated 1 package and audited 1085 packages in 4.751s

80 packages are looking for funding
  run `npm fund` for details

found 28 vulnerabilities (13 moderate, 12 high, 3 critical)
  run `npm audit fix` to fix them, or `npm audit` for details
2021-11-23T06:34:34.645Z appoptics:debug read config from /__w/appoptics-apm-node/appoptics-apm-node/appoptics-apm-config
2021-11-23T06:34:34.646Z appoptics:debug guc ignoring APPOPTICS_LOG_SETTINGS
2021-11-23T06:34:34.646Z appoptics:debug serviceKey dIOz...wWK0:ao-node-test
2021-11-23T06:34:34.647Z appoptics:debug using context provider: ace-context
2021-11-23T06:34:34.709Z appoptics:debug apm 10.1.1-prerelease.0, bindings 11.1.0, oboe 10.1.1
2021-11-23T06:34:34.892Z appoptics:patching patched crypto 
2021-11-23T06:34:34.917Z appoptics:patching patched https 
2021-11-23T06:34:34.917Z appoptics:patching patched http 
2021-11-23T06:34:34.942Z appoptics:patching patched oracledb 4.1.0
2021-11-23T06:34:34.946Z appoptics:debug starting runtimeMetrics


  probes.oracledb 4.1.0
    âœ“ UDP might lose a message
2021-11-23T06:34:34.987Z appoptics:debug asking helper to execute test_basic
2021-11-23T06:34:34.987Z appoptics:debug test_basic being executed
2021-11-23T06:34:34.987Z appoptics:debug oracledb wrapping getConnection
2021-11-23T06:34:34.996Z appoptics:debug done with test_basic oracledb.getConnection
2021-11-23T06:34:35.036Z appoptics:debug test_basic query callback invoked
    âœ“ should trace execute calls (54ms)
2021-11-23T06:34:35.043Z appoptics:debug ORACLEDB wrapping createPool
2021-11-23T06:34:35.045Z appoptics:debug oracledb wrapping getConnection
2021-11-23T06:34:35.080Z appoptics:debug connection.execute() seems to be patched
2021-11-23T06:34:35.080Z appoptics:debug connection.commit() seems to be patched
2021-11-23T06:34:35.080Z appoptics:debug connection.rollback() seems to be patched
2021-11-23T06:34:35.081Z appoptics:debug connection.break() seems to be patched
2021-11-23T06:34:35.081Z appoptics:debug connection.release seems to be patched
    âœ“ should trace execute calls in pool (40ms)
2021-11-23T06:34:35.083Z appoptics:debug oracledb wrapping getConnection
2021-11-23T06:34:35.119Z appoptics:debug connection.execute() seems to be patched
2021-11-23T06:34:35.119Z appoptics:debug connection.commit() seems to be patched
2021-11-23T06:34:35.119Z appoptics:debug connection.rollback() seems to be patched
2021-11-23T06:34:35.119Z appoptics:debug connection.break() seems to be patched
2021-11-23T06:34:35.119Z appoptics:debug connection.release seems to be patched
    âœ“ should include correct isAutoCommit value (40ms)


  4 passing (176ms)

npm WARN deprecated oracledb@4.2.0: Update to node-oracledb 5

> oracledb@4.2.0 install /__w/appoptics-apm-node/appoptics-apm-node/node_modules/oracledb
> node package/install.js

oracledb ********************************************************************************
oracledb ** Node-oracledb 4.2.0 installed for Node.js 10.24.1 (linux, x64)
oracledb **
oracledb ** To use node-oracledb:
oracledb ** - Oracle Client libraries (64-bit) must be configured with ldconfig or LD_LIBRARY_PATH
oracledb ** - To get libraries, install an Instant Client Basic or Basic Light package from
oracledb **   https://www.oracle.com/database/technologies/instant-client/linux-x86-64-downloads.html
oracledb **
oracledb ** Installation instructions: https://oracle.github.io/node-oracledb/INSTALL.html
oracledb ********************************************************************************

npm WARN optional SKIPPING OPTIONAL DEPENDENCY: fsevents@~2.3.1 (node_modules/chokidar/node_modules/fsevents):
npm WARN notsup SKIPPING OPTIONAL DEPENDENCY: Unsupported platform for fsevents@2.3.2: wanted {"os":"darwin","arch":"any"} (current: {"os":"linux","arch":"x64"})

+ oracledb@4.2.0
updated 1 package and audited 1085 packages in 4.818s

80 packages are looking for funding
  run `npm fund` for details

found 28 vulnerabilities (13 moderate, 12 high, 3 critical)
  run `npm audit fix` to fix them, or `npm audit` for details
2021-11-23T06:34:40.942Z appoptics:debug read config from /__w/appoptics-apm-node/appoptics-apm-node/appoptics-apm-config
2021-11-23T06:34:40.944Z appoptics:debug guc ignoring APPOPTICS_LOG_SETTINGS
2021-11-23T06:34:40.944Z appoptics:debug serviceKey dIOz...wWK0:ao-node-test
2021-11-23T06:34:40.944Z appoptics:debug using context provider: ace-context
2021-11-23T06:34:41.008Z appoptics:debug apm 10.1.1-prerelease.0, bindings 11.1.0, oboe 10.1.1
2021-11-23T06:34:41.158Z appoptics:patching patched crypto 
2021-11-23T06:34:41.190Z appoptics:patching patched https 
2021-11-23T06:34:41.190Z appoptics:patching patched http 
2021-11-23T06:34:41.215Z appoptics:patching patched oracledb 4.2.0
2021-11-23T06:34:41.219Z appoptics:debug starting runtimeMetrics


  probes.oracledb 4.2.0
    âœ“ UDP might lose a message
2021-11-23T06:34:41.261Z appoptics:debug asking helper to execute test_basic
2021-11-23T06:34:41.262Z appoptics:debug test_basic being executed
2021-11-23T06:34:41.262Z appoptics:debug oracledb wrapping getConnection
2021-11-23T06:34:41.271Z appoptics:debug done with test_basic oracledb.getConnection
2021-11-23T06:34:41.311Z appoptics:debug test_basic query callback invoked
    âœ“ should trace execute calls (55ms)
2021-11-23T06:34:41.319Z appoptics:debug ORACLEDB wrapping createPool
2021-11-23T06:34:41.322Z appoptics:debug oracledb wrapping getConnection
2021-11-23T06:34:41.358Z appoptics:debug connection.execute() seems to be patched
2021-11-23T06:34:41.358Z appoptics:debug connection.commit() seems to be patched
2021-11-23T06:34:41.358Z appoptics:debug connection.rollback() seems to be patched
2021-11-23T06:34:41.358Z appoptics:debug connection.break() seems to be patched
2021-11-23T06:34:41.358Z appoptics:debug connection.release seems to be patched
    âœ“ should trace execute calls in pool (41ms)
2021-11-23T06:34:41.361Z appoptics:debug oracledb wrapping getConnection
2021-11-23T06:34:41.397Z appoptics:debug connection.execute() seems to be patched
2021-11-23T06:34:41.397Z appoptics:debug connection.commit() seems to be patched
2021-11-23T06:34:41.397Z appoptics:debug connection.rollback() seems to be patched
2021-11-23T06:34:41.397Z appoptics:debug connection.break() seems to be patched
2021-11-23T06:34:41.397Z appoptics:debug connection.release seems to be patched
    âœ“ should include correct isAutoCommit value (40ms)


  4 passing (182ms)


> oracledb@5.0.0 install /__w/appoptics-apm-node/appoptics-apm-node/node_modules/oracledb
> node package/install.js

oracledb ********************************************************************************
oracledb ** Node-oracledb 5.0.0 installed for Node.js 10.24.1 (linux, x64)
oracledb **
oracledb ** To use node-oracledb:
oracledb ** - Oracle Client libraries (64-bit) must be available.
oracledb ** - Follow the installation instructions:
oracledb **   https://oracle.github.io/node-oracledb/INSTALL.html#linuxinstall
oracledb ********************************************************************************

npm WARN optional SKIPPING OPTIONAL DEPENDENCY: fsevents@~2.3.1 (node_modules/chokidar/node_modules/fsevents):
npm WARN notsup SKIPPING OPTIONAL DEPENDENCY: Unsupported platform for fsevents@2.3.2: wanted {"os":"darwin","arch":"any"} (current: {"os":"linux","arch":"x64"})

+ oracledb@5.0.0
updated 1 package and audited 1085 packages in 4.267s

80 packages are looking for funding
  run `npm fund` for details

found 28 vulnerabilities (13 moderate, 12 high, 3 critical)
  run `npm audit fix` to fix them, or `npm audit` for details
2021-11-23T06:34:46.729Z appoptics:debug read config from /__w/appoptics-apm-node/appoptics-apm-node/appoptics-apm-config
2021-11-23T06:34:46.731Z appoptics:debug guc ignoring APPOPTICS_LOG_SETTINGS
2021-11-23T06:34:46.731Z appoptics:debug serviceKey dIOz...wWK0:ao-node-test
2021-11-23T06:34:46.732Z appoptics:debug using context provider: ace-context
2021-11-23T06:34:46.795Z appoptics:debug apm 10.1.1-prerelease.0, bindings 11.1.0, oboe 10.1.1
2021-11-23T06:34:47.052Z appoptics:patching patched crypto 
2021-11-23T06:34:47.084Z appoptics:patching patched https 
2021-11-23T06:34:47.084Z appoptics:patching patched http 
2021-11-23T06:34:47.109Z appoptics:patching patched oracledb 5.0.0
2021-11-23T06:34:47.113Z appoptics:debug starting runtimeMetrics


  probes.oracledb 5.0.0
    âœ“ UDP might lose a message
2021-11-23T06:34:47.148Z appoptics:debug asking helper to execute test_basic
2021-11-23T06:34:47.149Z appoptics:debug test_basic being executed
2021-11-23T06:34:47.149Z appoptics:debug oracledb wrapping getConnection
2021-11-23T06:34:47.158Z appoptics:debug done with test_basic oracledb.getConnection
2021-11-23T06:34:47.198Z appoptics:debug test_basic query callback invoked
    âœ“ should trace execute calls (54ms)
2021-11-23T06:34:47.204Z appoptics:debug ORACLEDB wrapping createPool
2021-11-23T06:34:47.206Z appoptics:debug oracledb wrapping getConnection
2021-11-23T06:34:47.261Z appoptics:debug connection.execute() seems to be patched
2021-11-23T06:34:47.262Z appoptics:debug connection.commit() seems to be patched
2021-11-23T06:34:47.262Z appoptics:debug connection.rollback() seems to be patched
2021-11-23T06:34:47.262Z appoptics:debug connection.break() seems to be patched
2021-11-23T06:34:47.262Z appoptics:debug connection.release seems to be patched
    âœ“ should trace execute calls in pool (60ms)
2021-11-23T06:34:47.265Z appoptics:debug oracledb wrapping getConnection
2021-11-23T06:34:47.310Z appoptics:debug connection.execute() seems to be patched
2021-11-23T06:34:47.310Z appoptics:debug connection.commit() seems to be patched
2021-11-23T06:34:47.310Z appoptics:debug connection.rollback() seems to be patched
2021-11-23T06:34:47.310Z appoptics:debug connection.break() seems to be patched
2021-11-23T06:34:47.310Z appoptics:debug connection.release seems to be patched
    âœ“ should include correct isAutoCommit value (51ms)


  4 passing (200ms)


> oracledb@5.1.0 install /__w/appoptics-apm-node/appoptics-apm-node/node_modules/oracledb
> node package/install.js

oracledb ********************************************************************************
oracledb ** Node-oracledb 5.1.0 installed for Node.js 10.24.1 (linux, x64)
oracledb **
oracledb ** To use node-oracledb:
oracledb ** - Oracle Client libraries (64-bit) must be available.
oracledb ** - Follow the installation instructions:
oracledb **   https://oracle.github.io/node-oracledb/INSTALL.html#linuxinstall
oracledb ********************************************************************************

npm WARN optional SKIPPING OPTIONAL DEPENDENCY: fsevents@~2.3.1 (node_modules/chokidar/node_modules/fsevents):
npm WARN notsup SKIPPING OPTIONAL DEPENDENCY: Unsupported platform for fsevents@2.3.2: wanted {"os":"darwin","arch":"any"} (current: {"os":"linux","arch":"x64"})

+ oracledb@5.1.0
updated 1 package and audited 1085 packages in 4.479s

80 packages are looking for funding
  run `npm fund` for details

found 28 vulnerabilities (13 moderate, 12 high, 3 critical)
  run `npm audit fix` to fix them, or `npm audit` for details
2021-11-23T06:34:52.794Z appoptics:debug read config from /__w/appoptics-apm-node/appoptics-apm-node/appoptics-apm-config
2021-11-23T06:34:52.795Z appoptics:debug guc ignoring APPOPTICS_LOG_SETTINGS
2021-11-23T06:34:52.795Z appoptics:debug serviceKey dIOz...wWK0:ao-node-test
2021-11-23T06:34:52.796Z appoptics:debug using context provider: ace-context
2021-11-23T06:34:52.874Z appoptics:debug apm 10.1.1-prerelease.0, bindings 11.1.0, oboe 10.1.1
2021-11-23T06:34:53.054Z appoptics:patching patched crypto 
2021-11-23T06:34:53.086Z appoptics:patching patched https 
2021-11-23T06:34:53.087Z appoptics:patching patched http 
2021-11-23T06:34:53.112Z appoptics:patching patched oracledb 5.1.0
2021-11-23T06:34:53.116Z appoptics:debug starting runtimeMetrics


  probes.oracledb 5.1.0
    âœ“ UDP might lose a message
2021-11-23T06:34:53.152Z appoptics:debug asking helper to execute test_basic
2021-11-23T06:34:53.152Z appoptics:debug test_basic being executed
2021-11-23T06:34:53.153Z appoptics:debug oracledb wrapping getConnection
2021-11-23T06:34:53.162Z appoptics:debug done with test_basic oracledb.getConnection
2021-11-23T06:34:53.202Z appoptics:debug test_basic query callback invoked
    âœ“ should trace execute calls (54ms)
2021-11-23T06:34:53.209Z appoptics:debug ORACLEDB wrapping createPool
2021-11-23T06:34:53.213Z appoptics:debug oracledb wrapping getConnection
2021-11-23T06:34:53.248Z appoptics:debug connection.execute() seems to be patched
2021-11-23T06:34:53.248Z appoptics:debug connection.commit() seems to be patched
2021-11-23T06:34:53.248Z appoptics:debug connection.rollback() seems to be patched
2021-11-23T06:34:53.248Z appoptics:debug connection.break() seems to be patched
2021-11-23T06:34:53.248Z appoptics:debug connection.release seems to be patched
    âœ“ should trace execute calls in pool (42ms)
2021-11-23T06:34:53.251Z appoptics:debug oracledb wrapping getConnection
2021-11-23T06:34:53.286Z appoptics:debug connection.execute() seems to be patched
2021-11-23T06:34:53.286Z appoptics:debug connection.commit() seems to be patched
2021-11-23T06:34:53.286Z appoptics:debug connection.rollback() seems to be patched
2021-11-23T06:34:53.286Z appoptics:debug connection.break() seems to be patched
2021-11-23T06:34:53.286Z appoptics:debug connection.release seems to be patched
    âœ“ should include correct isAutoCommit value (39ms)


  4 passing (171ms)


> oracledb@5.2.0 install /__w/appoptics-apm-node/appoptics-apm-node/node_modules/oracledb
> node package/install.js

oracledb ********************************************************************************
oracledb ** Node-oracledb 5.2.0 installed in Node.js 10.24.1 (linux, x64)
oracledb **
oracledb ** To use node-oracledb:
oracledb ** - Oracle Client libraries (64-bit) must be available.
oracledb ** - Follow the installation instructions:
oracledb **   https://oracle.github.io/node-oracledb/INSTALL.html#linuxinstall
oracledb ********************************************************************************

npm WARN optional SKIPPING OPTIONAL DEPENDENCY: fsevents@~2.3.1 (node_modules/chokidar/node_modules/fsevents):
npm WARN notsup SKIPPING OPTIONAL DEPENDENCY: Unsupported platform for fsevents@2.3.2: wanted {"os":"darwin","arch":"any"} (current: {"os":"linux","arch":"x64"})

+ oracledb@5.2.0
updated 1 package and audited 1085 packages in 4.462s

80 packages are looking for funding
  run `npm fund` for details

found 28 vulnerabilities (13 moderate, 12 high, 3 critical)
  run `npm audit fix` to fix them, or `npm audit` for details
2021-11-23T06:34:58.806Z appoptics:debug read config from /__w/appoptics-apm-node/appoptics-apm-node/appoptics-apm-config
2021-11-23T06:34:58.807Z appoptics:debug guc ignoring APPOPTICS_LOG_SETTINGS
2021-11-23T06:34:58.808Z appoptics:debug serviceKey dIOz...wWK0:ao-node-test
2021-11-23T06:34:58.808Z appoptics:debug using context provider: ace-context
2021-11-23T06:34:58.870Z appoptics:debug apm 10.1.1-prerelease.0, bindings 11.1.0, oboe 10.1.1
2021-11-23T06:34:59.018Z appoptics:patching patched crypto 
2021-11-23T06:34:59.053Z appoptics:patching patched https 
2021-11-23T06:34:59.053Z appoptics:patching patched http 
2021-11-23T06:34:59.079Z appoptics:patching patched oracledb 5.2.0
2021-11-23T06:34:59.083Z appoptics:debug starting runtimeMetrics


  probes.oracledb 5.2.0
    âœ“ UDP might lose a message
2021-11-23T06:34:59.105Z appoptics:debug asking helper to execute test_basic
2021-11-23T06:34:59.106Z appoptics:debug test_basic being executed
2021-11-23T06:34:59.106Z appoptics:debug oracledb wrapping getConnection
2021-11-23T06:34:59.115Z appoptics:debug done with test_basic oracledb.getConnection
2021-11-23T06:34:59.154Z appoptics:debug test_basic query callback invoked
    âœ“ should trace execute calls (53ms)
2021-11-23T06:34:59.161Z appoptics:debug ORACLEDB wrapping createPool
2021-11-23T06:34:59.163Z appoptics:debug oracledb wrapping getConnection
2021-11-23T06:34:59.199Z appoptics:debug connection.execute() seems to be patched
2021-11-23T06:34:59.199Z appoptics:debug connection.commit() seems to be patched
2021-11-23T06:34:59.199Z appoptics:debug connection.rollback() seems to be patched
2021-11-23T06:34:59.199Z appoptics:debug connection.break() seems to be patched
2021-11-23T06:34:59.199Z appoptics:debug connection.release seems to be patched
    âœ“ should trace execute calls in pool (41ms)
2021-11-23T06:34:59.202Z appoptics:debug oracledb wrapping getConnection
2021-11-23T06:34:59.237Z appoptics:debug connection.execute() seems to be patched
2021-11-23T06:34:59.237Z appoptics:debug connection.commit() seems to be patched
2021-11-23T06:34:59.237Z appoptics:debug connection.rollback() seems to be patched
2021-11-23T06:34:59.237Z appoptics:debug connection.break() seems to be patched
2021-11-23T06:34:59.237Z appoptics:debug connection.release seems to be patched
    âœ“ should include correct isAutoCommit value (39ms)


  4 passing (156ms)


> oracledb@5.3.0 install /__w/appoptics-apm-node/appoptics-apm-node/node_modules/oracledb
> node package/install.js

oracledb ********************************************************************************
oracledb ** Node-oracledb 5.3.0 installed in Node.js 10.24.1 (linux, x64)
oracledb **
oracledb ** To use node-oracledb:
oracledb ** - Oracle Client libraries (64-bit) must be available.
oracledb ** - Follow the installation instructions:
oracledb **   https://oracle.github.io/node-oracledb/INSTALL.html#linuxinstall
oracledb ********************************************************************************

npm WARN optional SKIPPING OPTIONAL DEPENDENCY: fsevents@~2.3.1 (node_modules/chokidar/node_modules/fsevents):
npm WARN notsup SKIPPING OPTIONAL DEPENDENCY: Unsupported platform for fsevents@2.3.2: wanted {"os":"darwin","arch":"any"} (current: {"os":"linux","arch":"x64"})

+ oracledb@5.3.0
updated 1 package and audited 1085 packages in 4.42s

80 packages are looking for funding
  run `npm fund` for details

found 28 vulnerabilities (13 moderate, 12 high, 3 critical)
  run `npm audit fix` to fix them, or `npm audit` for details
2021-11-23T06:35:04.632Z appoptics:debug read config from /__w/appoptics-apm-node/appoptics-apm-node/appoptics-apm-config
2021-11-23T06:35:04.633Z appoptics:debug guc ignoring APPOPTICS_LOG_SETTINGS
2021-11-23T06:35:04.633Z appoptics:debug serviceKey dIOz...wWK0:ao-node-test
2021-11-23T06:35:04.634Z appoptics:debug using context provider: ace-context
2021-11-23T06:35:04.696Z appoptics:debug apm 10.1.1-prerelease.0, bindings 11.1.0, oboe 10.1.1
2021-11-23T06:35:04.878Z appoptics:patching patched crypto 
2021-11-23T06:35:04.917Z appoptics:patching patched https 
2021-11-23T06:35:04.918Z appoptics:patching patched http 
2021-11-23T06:35:04.946Z appoptics:patching patched oracledb 5.3.0
2021-11-23T06:35:04.950Z appoptics:debug starting runtimeMetrics


  probes.oracledb 5.3.0
    âœ“ UDP might lose a message
2021-11-23T06:35:05.008Z appoptics:debug asking helper to execute test_basic
2021-11-23T06:35:05.008Z appoptics:debug test_basic being executed
2021-11-23T06:35:05.008Z appoptics:debug oracledb wrapping getConnection
2021-11-23T06:35:05.023Z appoptics:debug done with test_basic oracledb.getConnection
2021-11-23T06:35:05.064Z appoptics:debug test_basic query callback invoked
    âœ“ should trace execute calls (64ms)
2021-11-23T06:35:05.080Z appoptics:debug ORACLEDB wrapping createPool
2021-11-23T06:35:05.088Z appoptics:debug oracledb wrapping getConnection
2021-11-23T06:35:05.157Z appoptics:debug connection.execute() seems to be patched
2021-11-23T06:35:05.158Z appoptics:debug connection.commit() seems to be patched
2021-11-23T06:35:05.158Z appoptics:debug connection.rollback() seems to be patched
2021-11-23T06:35:05.158Z appoptics:debug connection.break() seems to be patched
2021-11-23T06:35:05.158Z appoptics:debug connection.release seems to be patched
    âœ“ should trace execute calls in pool (81ms)
2021-11-23T06:35:05.162Z appoptics:debug oracledb wrapping getConnection
2021-11-23T06:35:05.207Z appoptics:debug connection.execute() seems to be patched
2021-11-23T06:35:05.207Z appoptics:debug connection.commit() seems to be patched
2021-11-23T06:35:05.207Z appoptics:debug connection.rollback() seems to be patched
2021-11-23T06:35:05.207Z appoptics:debug connection.break() seems to be patched
2021-11-23T06:35:05.207Z appoptics:debug connection.release seems to be patched
    âœ“ should include correct isAutoCommit value (51ms)


  4 passing (247ms)


> oracledb@5.3.0 install /__w/appoptics-apm-node/appoptics-apm-node/node_modules/oracledb
> node package/install.js

oracledb ********************************************************************************
oracledb ** Node-oracledb 5.3.0 installed in Node.js 10.24.1 (linux, x64)
oracledb **
oracledb ** To use node-oracledb:
oracledb ** - Oracle Client libraries (64-bit) must be available.
oracledb ** - Follow the installation instructions:
oracledb **   https://oracle.github.io/node-oracledb/INSTALL.html#linuxinstall
oracledb ********************************************************************************

npm WARN optional SKIPPING OPTIONAL DEPENDENCY: fsevents@~2.3.1 (node_modules/chokidar/node_modules/fsevents):
npm WARN notsup SKIPPING OPTIONAL DEPENDENCY: Unsupported platform for fsevents@2.3.2: wanted {"os":"darwin","arch":"any"} (current: {"os":"linux","arch":"x64"})

+ oracledb@5.3.0
updated 1 package and audited 1085 packages in 3.978s

80 packages are looking for funding
  run `npm fund` for details

found 28 vulnerabilities (13 moderate, 12 high, 3 critical)
  run `npm audit fix` to fix them, or `npm audit` for details
