npm WARN deprecated oracledb@2.0.14: Update to node-oracledb 5
npm WARN read-shrinkwrap This version of npm is compatible with lockfileVersion@1, but package-lock.json was generated for lockfileVersion@2. I'll try to do my best with it!

> oracledb@2.0.14 install /__w/appoptics-apm-node/appoptics-apm-node/node_modules/oracledb
> node package/oracledbinstall.js

oracledb Beginning installation
oracledb Verifying installation
oracledb Binary not found
oracledb Continuing installation
oracledb [31mERR![0m NJS-054: Binary build/Release/oracledb.node was not installed from oracledb-v2.0.14-node-v64-linux-x64.gz
oracledb [31mERR![0m Error: HTTPS request for https://github.com/oracle/node-oracledb/releases/download/v2.0.14/oracledb-v2.0.14-node-v64-linux-x64.gz failed with code 404
oracledb [31mERR![0m If the error is not network or filesystem related, then review 
oracledb [31mERR![0m the Python 2.7 and compiler prerequisites in the installation instructions and
oracledb [31mERR![0m then install from source code with: npm install oracle/node-oracledb.git#v2.0.14
oracledb [31mERR![0m See https://github.com/oracle/node-oracledb/blob/master/INSTALL.md 

npm WARN optional SKIPPING OPTIONAL DEPENDENCY: fsevents@~2.3.1 (node_modules/chokidar/node_modules/fsevents):
npm WARN notsup SKIPPING OPTIONAL DEPENDENCY: Unsupported platform for fsevents@2.3.2: wanted {"os":"darwin","arch":"any"} (current: {"os":"linux","arch":"x64"})

npm ERR! code ELIFECYCLE
npm ERR! errno 87
npm ERR! oracledb@2.0.14 install: `node package/oracledbinstall.js`
npm ERR! Exit status 87
npm ERR! 
npm ERR! Failed at the oracledb@2.0.14 install script.
npm ERR! This is probably not a problem with npm. There is likely additional logging output above.

npm ERR! A complete log of this run can be found in:
npm ERR!     /github/home/.npm/_logs/2022-04-20T15_26_25_538Z-debug.log
npm WARN deprecated oracledb@2.0.15: Update to node-oracledb 5
npm WARN read-shrinkwrap This version of npm is compatible with lockfileVersion@1, but package-lock.json was generated for lockfileVersion@2. I'll try to do my best with it!

> oracledb@2.0.15 install /__w/appoptics-apm-node/appoptics-apm-node/node_modules/oracledb
> node package/oracledbinstall.js

oracledb Beginning installation
oracledb Verifying installation
oracledb Binary not found
oracledb Continuing installation
oracledb [31mERR![0m NJS-054: Binary build/Release/oracledb.node was not installed from oracledb-v2.0.15-node-v64-linux-x64.gz
oracledb [31mERR![0m Error: HTTPS request for https://github.com/oracle/node-oracledb/releases/download/v2.0.15/oracledb-v2.0.15-node-v64-linux-x64.gz failed with code 404
oracledb [31mERR![0m If the error is not network or filesystem related, then review 
oracledb [31mERR![0m the Python 2.7 and compiler prerequisites in the installation instructions and
oracledb [31mERR![0m then install from source code with: npm install oracle/node-oracledb.git#v2.0.15
oracledb [31mERR![0m See https://github.com/oracle/node-oracledb/blob/master/INSTALL.md 

npm WARN optional SKIPPING OPTIONAL DEPENDENCY: fsevents@~2.3.1 (node_modules/chokidar/node_modules/fsevents):
npm WARN notsup SKIPPING OPTIONAL DEPENDENCY: Unsupported platform for fsevents@2.3.2: wanted {"os":"darwin","arch":"any"} (current: {"os":"linux","arch":"x64"})

npm ERR! code ELIFECYCLE
npm ERR! errno 87
npm ERR! oracledb@2.0.15 install: `node package/oracledbinstall.js`
npm ERR! Exit status 87
npm ERR! 
npm ERR! Failed at the oracledb@2.0.15 install script.
npm ERR! This is probably not a problem with npm. There is likely additional logging output above.

npm ERR! A complete log of this run can be found in:
npm ERR!     /github/home/.npm/_logs/2022-04-20T15_26_30_269Z-debug.log
npm WARN deprecated oracledb@2.1.0: Update to node-oracledb 5
npm WARN read-shrinkwrap This version of npm is compatible with lockfileVersion@1, but package-lock.json was generated for lockfileVersion@2. I'll try to do my best with it!

> oracledb@2.1.0 install /__w/appoptics-apm-node/appoptics-apm-node/node_modules/oracledb
> node package/oracledbinstall.js

oracledb Beginning installation
oracledb Verifying installation
oracledb Binary not found
oracledb Continuing installation
oracledb [31mERR![0m NJS-054: Binary build/Release/oracledb.node was not installed from oracledb-v2.1.0-node-v64-linux-x64.gz
oracledb [31mERR![0m Error: HTTPS request for https://github.com/oracle/node-oracledb/releases/download/v2.1.0/oracledb-v2.1.0-node-v64-linux-x64.gz failed with code 404
oracledb [31mERR![0m If the error is not network or filesystem related, then review 
oracledb [31mERR![0m the Python 2.7 and compiler prerequisites in the installation instructions and
oracledb [31mERR![0m then install from source code with: npm install oracle/node-oracledb.git#v2.1.0
oracledb [31mERR![0m See https://github.com/oracle/node-oracledb/blob/master/INSTALL.md 

npm WARN optional SKIPPING OPTIONAL DEPENDENCY: fsevents@~2.3.1 (node_modules/chokidar/node_modules/fsevents):
npm WARN notsup SKIPPING OPTIONAL DEPENDENCY: Unsupported platform for fsevents@2.3.2: wanted {"os":"darwin","arch":"any"} (current: {"os":"linux","arch":"x64"})

npm ERR! code ELIFECYCLE
npm ERR! errno 87
npm ERR! oracledb@2.1.0 install: `node package/oracledbinstall.js`
npm ERR! Exit status 87
npm ERR! 
npm ERR! Failed at the oracledb@2.1.0 install script.
npm ERR! This is probably not a problem with npm. There is likely additional logging output above.

npm ERR! A complete log of this run can be found in:
npm ERR!     /github/home/.npm/_logs/2022-04-20T15_26_35_574Z-debug.log
npm WARN deprecated oracledb@2.1.1: Update to node-oracledb 5
npm WARN read-shrinkwrap This version of npm is compatible with lockfileVersion@1, but package-lock.json was generated for lockfileVersion@2. I'll try to do my best with it!

> oracledb@2.1.1 install /__w/appoptics-apm-node/appoptics-apm-node/node_modules/oracledb
> node package/oracledbinstall.js

oracledb Beginning installation
oracledb Verifying installation
oracledb Binary not found
oracledb Continuing installation
oracledb [31mERR![0m NJS-054: Binary build/Release/oracledb.node was not installed from oracledb-v2.1.1-node-v64-linux-x64.gz
oracledb [31mERR![0m Error: HTTPS request for https://github.com/oracle/node-oracledb/releases/download/v2.1.1/oracledb-v2.1.1-node-v64-linux-x64.gz failed with code 404
oracledb [31mERR![0m If the error is not network or filesystem related, then review 
oracledb [31mERR![0m the Python 2.7 and compiler prerequisites in the installation instructions and
oracledb [31mERR![0m then install from source code with: npm install oracle/node-oracledb.git#v2.1.1
oracledb [31mERR![0m See https://github.com/oracle/node-oracledb/blob/master/INSTALL.md 

npm WARN optional SKIPPING OPTIONAL DEPENDENCY: fsevents@~2.3.1 (node_modules/chokidar/node_modules/fsevents):
npm WARN notsup SKIPPING OPTIONAL DEPENDENCY: Unsupported platform for fsevents@2.3.2: wanted {"os":"darwin","arch":"any"} (current: {"os":"linux","arch":"x64"})

npm ERR! code ELIFECYCLE
npm ERR! errno 87
npm ERR! oracledb@2.1.1 install: `node package/oracledbinstall.js`
npm ERR! Exit status 87
npm ERR! 
npm ERR! Failed at the oracledb@2.1.1 install script.
npm ERR! This is probably not a problem with npm. There is likely additional logging output above.

npm ERR! A complete log of this run can be found in:
npm ERR!     /github/home/.npm/_logs/2022-04-20T15_26_40_013Z-debug.log
npm WARN deprecated oracledb@2.1.2: Update to node-oracledb 5
npm WARN read-shrinkwrap This version of npm is compatible with lockfileVersion@1, but package-lock.json was generated for lockfileVersion@2. I'll try to do my best with it!

> oracledb@2.1.2 install /__w/appoptics-apm-node/appoptics-apm-node/node_modules/oracledb
> node package/oracledbinstall.js

oracledb Beginning installation
oracledb Verifying installation
oracledb Binary not found
oracledb Continuing installation
oracledb [31mERR![0m NJS-054: Binary build/Release/oracledb.node was not installed from oracledb-v2.1.2-node-v64-linux-x64.gz
oracledb [31mERR![0m Error: HTTPS request for https://github.com/oracle/node-oracledb/releases/download/v2.1.2/oracledb-v2.1.2-node-v64-linux-x64.gz failed with code 404
oracledb [31mERR![0m If the error is not network or filesystem related, then review 
oracledb [31mERR![0m the Python 2.7 and compiler prerequisites in the installation instructions and
oracledb [31mERR![0m then install from source code with: npm install oracle/node-oracledb.git#v2.1.2
oracledb [31mERR![0m See https://github.com/oracle/node-oracledb/blob/master/INSTALL.md 

npm WARN optional SKIPPING OPTIONAL DEPENDENCY: fsevents@~2.3.1 (node_modules/chokidar/node_modules/fsevents):
npm WARN notsup SKIPPING OPTIONAL DEPENDENCY: Unsupported platform for fsevents@2.3.2: wanted {"os":"darwin","arch":"any"} (current: {"os":"linux","arch":"x64"})

npm ERR! code ELIFECYCLE
npm ERR! errno 87
npm ERR! oracledb@2.1.2 install: `node package/oracledbinstall.js`
npm ERR! Exit status 87
npm ERR! 
npm ERR! Failed at the oracledb@2.1.2 install script.
npm ERR! This is probably not a problem with npm. There is likely additional logging output above.

npm ERR! A complete log of this run can be found in:
npm ERR!     /github/home/.npm/_logs/2022-04-20T15_26_45_384Z-debug.log
npm WARN deprecated oracledb@2.2.0: Update to node-oracledb 5
npm WARN read-shrinkwrap This version of npm is compatible with lockfileVersion@1, but package-lock.json was generated for lockfileVersion@2. I'll try to do my best with it!

> oracledb@2.2.0 install /__w/appoptics-apm-node/appoptics-apm-node/node_modules/oracledb
> node package/oracledbinstall.js

oracledb Beginning installation
oracledb Verifying installation
oracledb Continuing installation
oracledb [31mERR![0m NJS-054: Binary build/Release/oracledb.node was not installed.
oracledb [31mERR![0m Pre-built binary packages are not available for this version of Node.js (NODE_MODULE_VERSION="64")
oracledb [31mERR![0m Failed to install binary package oracledb-v2.2.0-node-v64-linux-x64.gz
oracledb [31mERR![0m Error: HTTPS request for https://github.com/oracle/node-oracledb/releases/download/v2.2.0/oracledb-v2.2.0-node-v64-linux-x64.gz failed with code 404
oracledb [31mERR![0m For help see https://oracle.github.io/node-oracledb/INSTALL.html#troubleshooting

npm WARN optional SKIPPING OPTIONAL DEPENDENCY: fsevents@~2.3.1 (node_modules/chokidar/node_modules/fsevents):
npm WARN notsup SKIPPING OPTIONAL DEPENDENCY: Unsupported platform for fsevents@2.3.2: wanted {"os":"darwin","arch":"any"} (current: {"os":"linux","arch":"x64"})

npm ERR! code ELIFECYCLE
npm ERR! errno 87
npm ERR! oracledb@2.2.0 install: `node package/oracledbinstall.js`
npm ERR! Exit status 87
npm ERR! 
npm ERR! Failed at the oracledb@2.2.0 install script.
npm ERR! This is probably not a problem with npm. There is likely additional logging output above.

npm ERR! A complete log of this run can be found in:
npm ERR!     /github/home/.npm/_logs/2022-04-20T15_26_50_146Z-debug.log
npm WARN deprecated oracledb@2.3.0: Update to node-oracledb 5
npm WARN read-shrinkwrap This version of npm is compatible with lockfileVersion@1, but package-lock.json was generated for lockfileVersion@2. I'll try to do my best with it!

> oracledb@2.3.0 install /__w/appoptics-apm-node/appoptics-apm-node/node_modules/oracledb
> node package/oracledbinstall.js

oracledb Beginning installation
oracledb Verifying installation
oracledb Continuing installation
oracledb Oracledb downloaded
oracledb Verifying installation
oracledb Binary SHA matches SHA in SHASUMS256.txt
oracledb 
oracledb ********************************************************************************
oracledb ** Node-oracledb 2.3.0 installation complete for Node.js 10.24.1 (linux, x64)
oracledb **
oracledb ** To use the installed node-oracledb:
oracledb ** - You must have 64-bit Oracle client libraries in LD_LIBRARY_PATH, or configured with ldconfig
oracledb ** - If you do not already have libraries, install the Instant Client Basic or Basic Light package from 
oracledb **   http://www.oracle.com/technetwork/topics/linuxx86-64soft-092277.html
oracledb **
oracledb ** Node-oracledb installation instructions: https://oracle.github.io/node-oracledb/INSTALL.html
oracledb ********************************************************************************

npm WARN optional SKIPPING OPTIONAL DEPENDENCY: fsevents@~2.3.1 (node_modules/chokidar/node_modules/fsevents):
npm WARN notsup SKIPPING OPTIONAL DEPENDENCY: Unsupported platform for fsevents@2.3.2: wanted {"os":"darwin","arch":"any"} (current: {"os":"linux","arch":"x64"})

+ oracledb@2.3.0
added 1 package and audited 935 packages in 5.349s

86 packages are looking for funding
  run `npm fund` for details

found 7 vulnerabilities (2 moderate, 5 high)
  run `npm audit fix` to fix them, or `npm audit` for details
2022-04-20T15:26:57.287Z appoptics:debug read config from /__w/appoptics-apm-node/appoptics-apm-node/appoptics-apm-config
2022-04-20T15:26:57.289Z appoptics:debug guc ignoring APPOPTICS_LOG_SETTINGS
2022-04-20T15:26:57.289Z appoptics:debug serviceKey dIOz...wWK0:node-agent-test
2022-04-20T15:26:57.289Z appoptics:debug using context provider: ace-context
2022-04-20T15:26:57.450Z appoptics:debug apm 10.2.2-ao.0, bindings 11.2.0, oboe 10.2.0
2022-04-20T15:26:57.723Z appoptics:patching patched crypto 
2022-04-20T15:26:57.771Z appoptics:patching patched https 
2022-04-20T15:26:57.771Z appoptics:patching patched http 
2022-04-20T15:26:57.915Z appoptics:patching patched oracledb 2.3.0
2022-04-20T15:26:57.920Z appoptics:debug starting runtimeMetrics


  probes.oracledb 2.3.0
    âœ“ UDP might lose a message
    âœ“ should be configured to sanitize SQL by default
2022-04-20T15:26:58.077Z appoptics:debug span.exit - no last event outer outer:entry 2b-ca09752e9634b212b29e7e955a106775f72a5571-055096e4ce09d11d-01 outer:exit 2b-ca09752e9634b212b29e7e955a106775f72a5571-62af421a46b8f810-01
2022-04-20T15:26:58.078Z appoptics:error Can not set lastEvent. Context may be lost.
    1) should trace execute calls
2022-04-20T15:26:58.123Z appoptics:debug span.exit - no last event outer outer:entry 2b-7ed78bd85d9e65fce8ec42ea13b8bbc211726396-59a14f86fbc9074d-01 outer:exit 2b-7ed78bd85d9e65fce8ec42ea13b8bbc211726396-86a26d47ec59332c-01
2022-04-20T15:26:58.123Z appoptics:error Can not set lastEvent. Context may be lost.
    2) should sanitize query
2022-04-20T15:26:58.265Z appoptics:debug span.exit - no last event outer outer:entry 2b-8bc18995123e6295c185e0ca3e3a605ba75c3093-ae473f665b6ac4b5-01 outer:exit 2b-8bc18995123e6295c185e0ca3e3a605ba75c3093-8ccd600d182458ea-01
2022-04-20T15:26:58.265Z appoptics:error Can not set lastEvent. Context may be lost.
    3) should truncate long queries
2022-04-20T15:26:58.315Z appoptics:debug span.exit - no last event outer outer:entry 2b-3792b1731534464d3c26fc4c2c328a7027ca209b-b687e901303f5987-01 outer:exit 2b-3792b1731534464d3c26fc4c2c328a7027ca209b-174f3c756c91dde5-01
2022-04-20T15:26:58.315Z appoptics:error Can not set lastEvent. Context may be lost.
    4) should trace execute calls in pool
2022-04-20T15:26:58.359Z appoptics:debug span.exit - no last event outer outer:entry 2b-d2509eee99240500cec1a6c2d5dce1871566627e-a01ea6e2c2607efa-01 outer:exit 2b-d2509eee99240500cec1a6c2d5dce1871566627e-bc1c03cbdd54efcb-01
2022-04-20T15:26:58.359Z appoptics:error Can not set lastEvent. Context may be lost.
    5) should include correct isAutoCommit value
2022-04-20T15:26:58.399Z appoptics:debug span.exit - no last event outer outer:entry 2b-c3e24f1cc0acfc5db9b4c5081e0331ebe2faeaa1-a962d328049a0714-01 outer:exit 2b-c3e24f1cc0acfc5db9b4c5081e0331ebe2faeaa1-c8e7dd45b86964e8-01
2022-04-20T15:26:58.400Z appoptics:error Can not set lastEvent. Context may be lost.
    âœ“ should do nothing when disabled


  3 passing (475ms)
  5 failing

  1) probes.oracledb 2.3.0
       should trace execute calls:
     Uncaught AssertionError: expected Object {
  Edge: '055096E4CE09D11D',
  Hostname: '1981b112358d',
  Label: 'exit',
  Layer: 'outer',
  TID: 634,
  Timestamp_u: 1650468418078059,
  'X-Trace': '2BCA09752E9634B212B29E7E955A106775F72A557162AF421A46B8F81001',
  _V: '1'
} to have property Layer of 'oracle' (got 'outer')
      at Assertion.fail (node_modules/should/lib/assertion.js:92:17)
      at Assertion.value [as property] (node_modules/should/lib/assertion.js:164:19)
      at Object.oracle-entry (test/probes/oracledb.test.js:64:23)
      at /__w/appoptics-apm-node/appoptics-apm-node/test/probes/oracledb.test.js:96:31
      at EventEmitter.onMessage (test/helper.js:170:9)
      at Socket.<anonymous> (test/helper.js:112:13)
      at UDP.onMessage [as onmessage] (dgram.js:628:8)

  2) probes.oracledb 2.3.0
       should sanitize query:
     Uncaught AssertionError: expected Object {
  Edge: '59A14F86FBC9074D',
  Hostname: '1981b112358d',
  Label: 'exit',
  Layer: 'outer',
  TID: 634,
  Timestamp_u: 1650468418124040,
  'X-Trace': '2B7ED78BD85D9E65FCE8EC42EA13B8BBC21172639686A26D47EC59332C01',
  _V: '1'
} to have property Layer of 'oracle' (got 'outer')
      at Assertion.fail (node_modules/should/lib/assertion.js:92:17)
      at Assertion.value [as property] (node_modules/should/lib/assertion.js:164:19)
      at Object.oracle-entry (test/probes/oracledb.test.js:64:23)
      at helper.test.ao.probes.oracledb.sanitizeSql (test/probes/oracledb.test.js:120:31)
      at EventEmitter.onMessage (test/helper.js:170:9)
      at Socket.<anonymous> (test/helper.js:112:13)
      at UDP.onMessage [as onmessage] (dgram.js:628:8)

  3) probes.oracledb 2.3.0
       should truncate long queries:
     Uncaught AssertionError: expected Object {
  Edge: 'AE473F665B6AC4B5',
  Hostname: '1981b112358d',
  Label: 'exit',
  Layer: 'outer',
  TID: 634,
  Timestamp_u: 1650468418265902,
  'X-Trace': '2B8BC18995123E6295C185E0CA3E3A605BA75C30938CCD600D182458EA01',
  _V: '1'
} to have property Layer of 'oracle' (got 'outer')
      at Assertion.fail (node_modules/should/lib/assertion.js:92:17)
      at Assertion.value [as property] (node_modules/should/lib/assertion.js:164:19)
      at Object.oracle-entry (test/probes/oracledb.test.js:64:23)
      at /__w/appoptics-apm-node/appoptics-apm-node/test/probes/oracledb.test.js:152:31
      at EventEmitter.onMessage (test/helper.js:170:9)
      at Socket.<anonymous> (test/helper.js:112:13)
      at UDP.onMessage [as onmessage] (dgram.js:628:8)

  4) probes.oracledb 2.3.0
       should trace execute calls in pool:
     Uncaught AssertionError: expected Object {
  Edge: 'B687E901303F5987',
  Hostname: '1981b112358d',
  Label: 'exit',
  Layer: 'outer',
  TID: 634,
  Timestamp_u: 1650468418315311,
  'X-Trace': '2B3792B1731534464D3C26FC4C2C328A7027CA209B174F3C756C91DDE501',
  _V: '1'
} to have property Layer of 'oracle' (got 'outer')
      at Assertion.fail (node_modules/should/lib/assertion.js:92:17)
      at Assertion.value [as property] (node_modules/should/lib/assertion.js:164:19)
      at Object.oracle-entry (test/probes/oracledb.test.js:64:23)
      at /__w/appoptics-apm-node/appoptics-apm-node/test/probes/oracledb.test.js:176:31
      at EventEmitter.onMessage (test/helper.js:170:9)
      at Socket.<anonymous> (test/helper.js:112:13)
      at UDP.onMessage [as onmessage] (dgram.js:628:8)

  5) probes.oracledb 2.3.0
       should include correct isAutoCommit value:
     Uncaught AssertionError: expected Object {
  Edge: 'A01EA6E2C2607EFA',
  Hostname: '1981b112358d',
  Label: 'exit',
  Layer: 'outer',
  TID: 634,
  Timestamp_u: 1650468418359438,
  'X-Trace': '2BD2509EEE99240500CEC1A6C2D5DCE1871566627EBC1C03CBDD54EFCB01',
  _V: '1'
} to have property Layer of 'oracle' (got 'outer')
      at Assertion.fail (node_modules/should/lib/assertion.js:92:17)
      at Assertion.value [as property] (node_modules/should/lib/assertion.js:164:19)
      at Object.oracle-entry (test/probes/oracledb.test.js:64:23)
      at /__w/appoptics-apm-node/appoptics-apm-node/test/probes/oracledb.test.js:219:31
      at EventEmitter.onMessage (test/helper.js:170:9)
      at Socket.<anonymous> (test/helper.js:112:13)
      at UDP.onMessage [as onmessage] (dgram.js:628:8)



npm WARN deprecated oracledb@3.0.0: Update to node-oracledb 5
npm WARN read-shrinkwrap This version of npm is compatible with lockfileVersion@1, but package-lock.json was generated for lockfileVersion@2. I'll try to do my best with it!

> oracledb@3.0.0 install /__w/appoptics-apm-node/appoptics-apm-node/node_modules/oracledb
> node package/oracledbinstall.js

oracledb Beginning installation
oracledb Verifying installation
oracledb Continuing installation
oracledb Oracledb downloaded
oracledb Verifying installation
oracledb Binary SHA matches SHA in SHASUMS256.txt
oracledb 
oracledb ********************************************************************************
oracledb ** Node-oracledb 3.0.0 installation complete for Node.js 10.24.1 (linux, x64)
oracledb **
oracledb ** To use the installed node-oracledb:
oracledb ** - You must have 64-bit Oracle client libraries in LD_LIBRARY_PATH, or configured with ldconfig
oracledb ** - If you do not already have libraries, install the Instant Client Basic or Basic Light package from 
oracledb **   http://www.oracle.com/technetwork/topics/linuxx86-64soft-092277.html
oracledb **
oracledb ** Node-oracledb installation instructions: https://oracle.github.io/node-oracledb/INSTALL.html
oracledb ********************************************************************************

npm WARN optional SKIPPING OPTIONAL DEPENDENCY: fsevents@~2.3.1 (node_modules/chokidar/node_modules/fsevents):
npm WARN notsup SKIPPING OPTIONAL DEPENDENCY: Unsupported platform for fsevents@2.3.2: wanted {"os":"darwin","arch":"any"} (current: {"os":"linux","arch":"x64"})

+ oracledb@3.0.0
updated 1 package and audited 935 packages in 6.684s

86 packages are looking for funding
  run `npm fund` for details

found 7 vulnerabilities (2 moderate, 5 high)
  run `npm audit fix` to fix them, or `npm audit` for details
2022-04-20T15:27:06.141Z appoptics:debug read config from /__w/appoptics-apm-node/appoptics-apm-node/appoptics-apm-config
2022-04-20T15:27:06.143Z appoptics:debug guc ignoring APPOPTICS_LOG_SETTINGS
2022-04-20T15:27:06.143Z appoptics:debug serviceKey dIOz...wWK0:node-agent-test
2022-04-20T15:27:06.143Z appoptics:debug using context provider: ace-context
2022-04-20T15:27:06.207Z appoptics:debug apm 10.2.2-ao.0, bindings 11.2.0, oboe 10.2.0
2022-04-20T15:27:06.354Z appoptics:patching patched crypto 
2022-04-20T15:27:06.378Z appoptics:patching patched https 
2022-04-20T15:27:06.379Z appoptics:patching patched http 
2022-04-20T15:27:06.410Z appoptics:patching patched oracledb 3.0.0
2022-04-20T15:27:06.414Z appoptics:debug starting runtimeMetrics


  probes.oracledb 3.0.0
    âœ“ UDP might lose a message
    âœ“ should be configured to sanitize SQL by default
2022-04-20T15:27:06.494Z appoptics:debug span.exit - no last event outer outer:entry 2b-3da160c9b4a22a0131d9b398d755ca4a4c7f9814-293da1100e69ae4b-01 outer:exit 2b-3da160c9b4a22a0131d9b398d755ca4a4c7f9814-0c2ddbff884bd936-01
2022-04-20T15:27:06.494Z appoptics:error Can not set lastEvent. Context may be lost.
    1) should trace execute calls
2022-04-20T15:27:06.531Z appoptics:debug span.exit - no last event outer outer:entry 2b-039e69f31e883d862ede99b83a585c58a2401f75-3738a04d495490d4-01 outer:exit 2b-039e69f31e883d862ede99b83a585c58a2401f75-a80a89cefca08809-01
2022-04-20T15:27:06.531Z appoptics:error Can not set lastEvent. Context may be lost.
    2) should sanitize query
2022-04-20T15:27:06.659Z appoptics:debug span.exit - no last event outer outer:entry 2b-06e6ca188e66e0101e15468704128f7c365f31b5-c9a5d885035264d3-01 outer:exit 2b-06e6ca188e66e0101e15468704128f7c365f31b5-e87ccec9e72be682-01
2022-04-20T15:27:06.660Z appoptics:error Can not set lastEvent. Context may be lost.
    3) should truncate long queries
2022-04-20T15:27:06.705Z appoptics:debug span.exit - no last event outer outer:entry 2b-573793faba3da77bef7b27194d065be08622a1e8-1e21239007b26e79-01 outer:exit 2b-573793faba3da77bef7b27194d065be08622a1e8-92bef2df87d27edf-01
2022-04-20T15:27:06.705Z appoptics:error Can not set lastEvent. Context may be lost.
    4) should trace execute calls in pool
2022-04-20T15:27:06.774Z appoptics:debug span.exit - no last event outer outer:entry 2b-d7b476564fb792a2230d2da39ce5d0ad9873daf1-d6370afe2aab57c1-01 outer:exit 2b-d7b476564fb792a2230d2da39ce5d0ad9873daf1-518ff33d118514c6-01
2022-04-20T15:27:06.774Z appoptics:error Can not set lastEvent. Context may be lost.
    5) should include correct isAutoCommit value
2022-04-20T15:27:06.815Z appoptics:debug span.exit - no last event outer outer:entry 2b-e02a2db3aa902f8cfa575fa636a9ef3ce40668bc-7257c6865abf438d-01 outer:exit 2b-e02a2db3aa902f8cfa575fa636a9ef3ce40668bc-aa4e69fcba1c9322-01
2022-04-20T15:27:06.815Z appoptics:error Can not set lastEvent. Context may be lost.
    âœ“ should do nothing when disabled (38ms)


  3 passing (398ms)
  5 failing

  1) probes.oracledb 3.0.0
       should trace execute calls:
     Uncaught AssertionError: expected Object {
  Edge: '293DA1100E69AE4B',
  Hostname: '1981b112358d',
  Label: 'exit',
  Layer: 'outer',
  TID: 768,
  Timestamp_u: 1650468426494826,
  'X-Trace': '2B3DA160C9B4A22A0131D9B398D755CA4A4C7F98140C2DDBFF884BD93601',
  _V: '1'
} to have property Layer of 'oracle' (got 'outer')
      at Assertion.fail (node_modules/should/lib/assertion.js:92:17)
      at Assertion.value [as property] (node_modules/should/lib/assertion.js:164:19)
      at Object.oracle-entry (test/probes/oracledb.test.js:64:23)
      at /__w/appoptics-apm-node/appoptics-apm-node/test/probes/oracledb.test.js:96:31
      at EventEmitter.onMessage (test/helper.js:170:9)
      at Socket.<anonymous> (test/helper.js:112:13)
      at UDP.onMessage [as onmessage] (dgram.js:628:8)

  2) probes.oracledb 3.0.0
       should sanitize query:
     Uncaught AssertionError: expected Object {
  Edge: '3738A04D495490D4',
  Hostname: '1981b112358d',
  Label: 'exit',
  Layer: 'outer',
  TID: 768,
  Timestamp_u: 1650468426532021,
  'X-Trace': '2B039E69F31E883D862EDE99B83A585C58A2401F75A80A89CEFCA0880901',
  _V: '1'
} to have property Layer of 'oracle' (got 'outer')
      at Assertion.fail (node_modules/should/lib/assertion.js:92:17)
      at Assertion.value [as property] (node_modules/should/lib/assertion.js:164:19)
      at Object.oracle-entry (test/probes/oracledb.test.js:64:23)
      at helper.test.ao.probes.oracledb.sanitizeSql (test/probes/oracledb.test.js:120:31)
      at EventEmitter.onMessage (test/helper.js:170:9)
      at Socket.<anonymous> (test/helper.js:112:13)
      at UDP.onMessage [as onmessage] (dgram.js:628:8)

  3) probes.oracledb 3.0.0
       should truncate long queries:
     Uncaught AssertionError: expected Object {
  Edge: 'C9A5D885035264D3',
  Hostname: '1981b112358d',
  Label: 'exit',
  Layer: 'outer',
  TID: 768,
  Timestamp_u: 1650468426660147,
  'X-Trace': '2B06E6CA188E66E0101E15468704128F7C365F31B5E87CCEC9E72BE68201',
  _V: '1'
} to have property Layer of 'oracle' (got 'outer')
      at Assertion.fail (node_modules/should/lib/assertion.js:92:17)
      at Assertion.value [as property] (node_modules/should/lib/assertion.js:164:19)
      at Object.oracle-entry (test/probes/oracledb.test.js:64:23)
      at /__w/appoptics-apm-node/appoptics-apm-node/test/probes/oracledb.test.js:152:31
      at EventEmitter.onMessage (test/helper.js:170:9)
      at Socket.<anonymous> (test/helper.js:112:13)
      at UDP.onMessage [as onmessage] (dgram.js:628:8)

  4) probes.oracledb 3.0.0
       should trace execute calls in pool:
     Uncaught AssertionError: expected Object {
  Edge: '1E21239007B26E79',
  Hostname: '1981b112358d',
  Label: 'exit',
  Layer: 'outer',
  TID: 768,
  Timestamp_u: 1650468426705984,
  'X-Trace': '2B573793FABA3DA77BEF7B27194D065BE08622A1E892BEF2DF87D27EDF01',
  _V: '1'
} to have property Layer of 'oracle' (got 'outer')
      at Assertion.fail (node_modules/should/lib/assertion.js:92:17)
      at Assertion.value [as property] (node_modules/should/lib/assertion.js:164:19)
      at Object.oracle-entry (test/probes/oracledb.test.js:64:23)
      at /__w/appoptics-apm-node/appoptics-apm-node/test/probes/oracledb.test.js:176:31
      at EventEmitter.onMessage (test/helper.js:170:9)
      at Socket.<anonymous> (test/helper.js:112:13)
      at UDP.onMessage [as onmessage] (dgram.js:628:8)

  5) probes.oracledb 3.0.0
       should include correct isAutoCommit value:
     Uncaught AssertionError: expected Object {
  Edge: 'D6370AFE2AAB57C1',
  Hostname: '1981b112358d',
  Label: 'exit',
  Layer: 'outer',
  TID: 768,
  Timestamp_u: 1650468426774864,
  'X-Trace': '2BD7B476564FB792A2230D2DA39CE5D0AD9873DAF1518FF33D118514C601',
  _V: '1'
} to have property Layer of 'oracle' (got 'outer')
      at Assertion.fail (node_modules/should/lib/assertion.js:92:17)
      at Assertion.value [as property] (node_modules/should/lib/assertion.js:164:19)
      at Object.oracle-entry (test/probes/oracledb.test.js:64:23)
      at /__w/appoptics-apm-node/appoptics-apm-node/test/probes/oracledb.test.js:219:31
      at EventEmitter.onMessage (test/helper.js:170:9)
      at Socket.<anonymous> (test/helper.js:112:13)
      at UDP.onMessage [as onmessage] (dgram.js:628:8)



npm WARN deprecated oracledb@3.0.1: Update to node-oracledb 5
npm WARN read-shrinkwrap This version of npm is compatible with lockfileVersion@1, but package-lock.json was generated for lockfileVersion@2. I'll try to do my best with it!

> oracledb@3.0.1 install /__w/appoptics-apm-node/appoptics-apm-node/node_modules/oracledb
> node package/oracledbinstall.js

oracledb Beginning installation
oracledb Oracledb downloaded
oracledb 
oracledb ********************************************************************************
oracledb ** Node-oracledb 3.0.1 installation complete for Node.js 10.24.1 (linux, x64)
oracledb **
oracledb ** To use node-oracledb:
oracledb ** - You must have 64-bit Oracle client libraries in LD_LIBRARY_PATH, or configured with ldconfig
oracledb ** - If you do not already have libraries, install the Instant Client Basic or Basic Light package from 
oracledb **   http://www.oracle.com/technetwork/topics/linuxx86-64soft-092277.html
oracledb **
oracledb ** Installation instructions: https://oracle.github.io/node-oracledb/INSTALL.html
oracledb ********************************************************************************

oracledb 
npm WARN optional SKIPPING OPTIONAL DEPENDENCY: fsevents@~2.3.1 (node_modules/chokidar/node_modules/fsevents):
npm WARN notsup SKIPPING OPTIONAL DEPENDENCY: Unsupported platform for fsevents@2.3.2: wanted {"os":"darwin","arch":"any"} (current: {"os":"linux","arch":"x64"})

+ oracledb@3.0.1
updated 1 package and audited 935 packages in 6.935s

86 packages are looking for funding
  run `npm fund` for details

found 7 vulnerabilities (2 moderate, 5 high)
  run `npm audit fix` to fix them, or `npm audit` for details
2022-04-20T15:27:14.706Z appoptics:debug read config from /__w/appoptics-apm-node/appoptics-apm-node/appoptics-apm-config
2022-04-20T15:27:14.707Z appoptics:debug guc ignoring APPOPTICS_LOG_SETTINGS
2022-04-20T15:27:14.708Z appoptics:debug serviceKey dIOz...wWK0:node-agent-test
2022-04-20T15:27:14.708Z appoptics:debug using context provider: ace-context
2022-04-20T15:27:14.772Z appoptics:debug apm 10.2.2-ao.0, bindings 11.2.0, oboe 10.2.0
2022-04-20T15:27:15.030Z appoptics:patching patched crypto 
2022-04-20T15:27:15.059Z appoptics:patching patched https 
2022-04-20T15:27:15.059Z appoptics:patching patched http 
2022-04-20T15:27:15.091Z appoptics:patching patched oracledb 3.0.1
2022-04-20T15:27:15.095Z appoptics:debug starting runtimeMetrics


  probes.oracledb 3.0.1
    âœ“ UDP might lose a message
    âœ“ should be configured to sanitize SQL by default
2022-04-20T15:27:15.176Z appoptics:debug span.exit - no last event outer outer:entry 2b-e0473032a6c3037d7262c385420a576111cd5c8a-21021822096cee98-01 outer:exit 2b-e0473032a6c3037d7262c385420a576111cd5c8a-703abfac32c3e99a-01
2022-04-20T15:27:15.176Z appoptics:error Can not set lastEvent. Context may be lost.
    1) should trace execute calls
2022-04-20T15:27:15.214Z appoptics:debug span.exit - no last event outer outer:entry 2b-47bef86ee3c5af84dad4de409ce329f5c2b38079-39749b358353e298-01 outer:exit 2b-47bef86ee3c5af84dad4de409ce329f5c2b38079-849dfc1d6c4ee29d-01
2022-04-20T15:27:15.214Z appoptics:error Can not set lastEvent. Context may be lost.
    2) should sanitize query
2022-04-20T15:27:15.331Z appoptics:debug span.exit - no last event outer outer:entry 2b-fbdf26f9b8b7778230f4f518bc7e1c7d5ae01ea9-e5e56b402debb414-01 outer:exit 2b-fbdf26f9b8b7778230f4f518bc7e1c7d5ae01ea9-67105e5faf10e383-01
2022-04-20T15:27:15.331Z appoptics:error Can not set lastEvent. Context may be lost.
    3) should truncate long queries
2022-04-20T15:27:15.369Z appoptics:debug span.exit - no last event outer outer:entry 2b-90ecc78903c73807a1772ab7de4ca3cb657b3bfe-b2a2f30d6d41a06e-01 outer:exit 2b-90ecc78903c73807a1772ab7de4ca3cb657b3bfe-4d418d8e161be72a-01
2022-04-20T15:27:15.370Z appoptics:error Can not set lastEvent. Context may be lost.
    4) should trace execute calls in pool
2022-04-20T15:27:15.405Z appoptics:debug span.exit - no last event outer outer:entry 2b-a1e7c14272501dad5bcee2980b6e1689c3107818-287509142691171c-01 outer:exit 2b-a1e7c14272501dad5bcee2980b6e1689c3107818-bff76e6dc45509c3-01
2022-04-20T15:27:15.405Z appoptics:error Can not set lastEvent. Context may be lost.
    5) should include correct isAutoCommit value
2022-04-20T15:27:15.442Z appoptics:debug span.exit - no last event outer outer:entry 2b-914f61367c58d7260767691d8e1209c849437b1e-aa7609e83857ed32-01 outer:exit 2b-914f61367c58d7260767691d8e1209c849437b1e-e5447312ccc887ab-01
2022-04-20T15:27:15.442Z appoptics:error Can not set lastEvent. Context may be lost.
    âœ“ should do nothing when disabled


  3 passing (344ms)
  5 failing

  1) probes.oracledb 3.0.1
       should trace execute calls:
     Uncaught AssertionError: expected Object {
  Edge: '21021822096CEE98',
  Hostname: '1981b112358d',
  Label: 'exit',
  Layer: 'outer',
  TID: 902,
  Timestamp_u: 1650468435176672,
  'X-Trace': '2BE0473032A6C3037D7262C385420A576111CD5C8A703ABFAC32C3E99A01',
  _V: '1'
} to have property Layer of 'oracle' (got 'outer')
      at Assertion.fail (node_modules/should/lib/assertion.js:92:17)
      at Assertion.value [as property] (node_modules/should/lib/assertion.js:164:19)
      at Object.oracle-entry (test/probes/oracledb.test.js:64:23)
      at /__w/appoptics-apm-node/appoptics-apm-node/test/probes/oracledb.test.js:96:31
      at EventEmitter.onMessage (test/helper.js:170:9)
      at Socket.<anonymous> (test/helper.js:112:13)
      at UDP.onMessage [as onmessage] (dgram.js:628:8)

  2) probes.oracledb 3.0.1
       should sanitize query:
     Uncaught AssertionError: expected Object {
  Edge: '39749B358353E298',
  Hostname: '1981b112358d',
  Label: 'exit',
  Layer: 'outer',
  TID: 902,
  Timestamp_u: 1650468435214756,
  'X-Trace': '2B47BEF86EE3C5AF84DAD4DE409CE329F5C2B38079849DFC1D6C4EE29D01',
  _V: '1'
} to have property Layer of 'oracle' (got 'outer')
      at Assertion.fail (node_modules/should/lib/assertion.js:92:17)
      at Assertion.value [as property] (node_modules/should/lib/assertion.js:164:19)
      at Object.oracle-entry (test/probes/oracledb.test.js:64:23)
      at helper.test.ao.probes.oracledb.sanitizeSql (test/probes/oracledb.test.js:120:31)
      at EventEmitter.onMessage (test/helper.js:170:9)
      at Socket.<anonymous> (test/helper.js:112:13)
      at UDP.onMessage [as onmessage] (dgram.js:628:8)

  3) probes.oracledb 3.0.1
       should truncate long queries:
     Uncaught AssertionError: expected Object {
  Edge: 'E5E56B402DEBB414',
  Hostname: '1981b112358d',
  Label: 'exit',
  Layer: 'outer',
  TID: 902,
  Timestamp_u: 1650468435331230,
  'X-Trace': '2BFBDF26F9B8B7778230F4F518BC7E1C7D5AE01EA967105E5FAF10E38301',
  _V: '1'
} to have property Layer of 'oracle' (got 'outer')
      at Assertion.fail (node_modules/should/lib/assertion.js:92:17)
      at Assertion.value [as property] (node_modules/should/lib/assertion.js:164:19)
      at Object.oracle-entry (test/probes/oracledb.test.js:64:23)
      at /__w/appoptics-apm-node/appoptics-apm-node/test/probes/oracledb.test.js:152:31
      at EventEmitter.onMessage (test/helper.js:170:9)
      at Socket.<anonymous> (test/helper.js:112:13)
      at UDP.onMessage [as onmessage] (dgram.js:628:8)

  4) probes.oracledb 3.0.1
       should trace execute calls in pool:
     Uncaught AssertionError: expected Object {
  Edge: 'B2A2F30D6D41A06E',
  Hostname: '1981b112358d',
  Label: 'exit',
  Layer: 'outer',
  TID: 902,
  Timestamp_u: 1650468435370160,
  'X-Trace': '2B90ECC78903C73807A1772AB7DE4CA3CB657B3BFE4D418D8E161BE72A01',
  _V: '1'
} to have property Layer of 'oracle' (got 'outer')
      at Assertion.fail (node_modules/should/lib/assertion.js:92:17)
      at Assertion.value [as property] (node_modules/should/lib/assertion.js:164:19)
      at Object.oracle-entry (test/probes/oracledb.test.js:64:23)
      at /__w/appoptics-apm-node/appoptics-apm-node/test/probes/oracledb.test.js:176:31
      at EventEmitter.onMessage (test/helper.js:170:9)
      at Socket.<anonymous> (test/helper.js:112:13)
      at UDP.onMessage [as onmessage] (dgram.js:628:8)

  5) probes.oracledb 3.0.1
       should include correct isAutoCommit value:
     Uncaught AssertionError: expected Object {
  Edge: '287509142691171C',
  Hostname: '1981b112358d',
  Label: 'exit',
  Layer: 'outer',
  TID: 902,
  Timestamp_u: 1650468435405747,
  'X-Trace': '2BA1E7C14272501DAD5BCEE2980B6E1689C3107818BFF76E6DC45509C301',
  _V: '1'
} to have property Layer of 'oracle' (got 'outer')
      at Assertion.fail (node_modules/should/lib/assertion.js:92:17)
      at Assertion.value [as property] (node_modules/should/lib/assertion.js:164:19)
      at Object.oracle-entry (test/probes/oracledb.test.js:64:23)
      at /__w/appoptics-apm-node/appoptics-apm-node/test/probes/oracledb.test.js:219:31
      at EventEmitter.onMessage (test/helper.js:170:9)
      at Socket.<anonymous> (test/helper.js:112:13)
      at UDP.onMessage [as onmessage] (dgram.js:628:8)



npm WARN deprecated oracledb@3.1.0: Update to node-oracledb 5
npm WARN read-shrinkwrap This version of npm is compatible with lockfileVersion@1, but package-lock.json was generated for lockfileVersion@2. I'll try to do my best with it!

> oracledb@3.1.0 install /__w/appoptics-apm-node/appoptics-apm-node/node_modules/oracledb
> node package/install.js

oracledb ********************************************************************************
oracledb ** Node-oracledb 3.1.0 installed for Node.js 10.24.1 (linux, x64)
oracledb **
oracledb ** To use node-oracledb:
oracledb ** - Oracle Client libraries (64-bit) must be configured with ldconfig or LD_LIBRARY_PATH
oracledb ** - To get libraries, install an Instant Client Basic or Basic Light package from
oracledb **   https://www.oracle.com/technetwork/topics/linuxx86-64soft-092277.html
oracledb **
oracledb ** Installation instructions: https://oracle.github.io/node-oracledb/INSTALL.html
oracledb ********************************************************************************

npm WARN optional SKIPPING OPTIONAL DEPENDENCY: fsevents@~2.3.1 (node_modules/chokidar/node_modules/fsevents):
npm WARN notsup SKIPPING OPTIONAL DEPENDENCY: Unsupported platform for fsevents@2.3.2: wanted {"os":"darwin","arch":"any"} (current: {"os":"linux","arch":"x64"})

+ oracledb@3.1.0
updated 1 package and audited 935 packages in 5.357s

86 packages are looking for funding
  run `npm fund` for details

found 7 vulnerabilities (2 moderate, 5 high)
  run `npm audit fix` to fix them, or `npm audit` for details
2022-04-20T15:27:21.934Z appoptics:debug read config from /__w/appoptics-apm-node/appoptics-apm-node/appoptics-apm-config
2022-04-20T15:27:21.936Z appoptics:debug guc ignoring APPOPTICS_LOG_SETTINGS
2022-04-20T15:27:21.936Z appoptics:debug serviceKey dIOz...wWK0:node-agent-test
2022-04-20T15:27:21.936Z appoptics:debug using context provider: ace-context
2022-04-20T15:27:22.001Z appoptics:debug apm 10.2.2-ao.0, bindings 11.2.0, oboe 10.2.0
2022-04-20T15:27:22.145Z appoptics:patching patched crypto 
2022-04-20T15:27:22.175Z appoptics:patching patched https 
2022-04-20T15:27:22.175Z appoptics:patching patched http 
2022-04-20T15:27:22.203Z appoptics:patching patched oracledb 3.1.0
2022-04-20T15:27:22.207Z appoptics:debug starting runtimeMetrics


  probes.oracledb 3.1.0
    âœ“ UDP might lose a message
    âœ“ should be configured to sanitize SQL by default
2022-04-20T15:27:22.279Z appoptics:debug span.exit - no last event outer outer:entry 2b-04bbd859785489f53daf10f69418c3c7bbaec2c9-19dc8b5ae32e3a3e-01 outer:exit 2b-04bbd859785489f53daf10f69418c3c7bbaec2c9-9d315da09f41f877-01
2022-04-20T15:27:22.279Z appoptics:error Can not set lastEvent. Context may be lost.
    1) should trace execute calls
2022-04-20T15:27:22.316Z appoptics:debug span.exit - no last event outer outer:entry 2b-0d6a8998889568346e72fe7d118581e7b581643e-f6dd27cf80587bd2-01 outer:exit 2b-0d6a8998889568346e72fe7d118581e7b581643e-ebbf82eef6a8413e-01
2022-04-20T15:27:22.316Z appoptics:error Can not set lastEvent. Context may be lost.
    2) should sanitize query
2022-04-20T15:27:22.434Z appoptics:debug span.exit - no last event outer outer:entry 2b-25a0dc3a27c95538e8d2b503bcf7f43c9f103fab-377f44a5f24b3000-01 outer:exit 2b-25a0dc3a27c95538e8d2b503bcf7f43c9f103fab-a9bdfc031d76d18a-01
2022-04-20T15:27:22.435Z appoptics:error Can not set lastEvent. Context may be lost.
    3) should truncate long queries
2022-04-20T15:27:22.474Z appoptics:debug span.exit - no last event outer outer:entry 2b-0af7d514acbc0d586450935dc1dd758078a28de4-a75c2d8581f39965-01 outer:exit 2b-0af7d514acbc0d586450935dc1dd758078a28de4-af6e49e132879ea4-01
2022-04-20T15:27:22.474Z appoptics:error Can not set lastEvent. Context may be lost.
    4) should trace execute calls in pool
2022-04-20T15:27:22.511Z appoptics:debug span.exit - no last event outer outer:entry 2b-9ff30ad6cd5daa15d21f9c2919ced9dde9156ff6-a05f06491a10ffa5-01 outer:exit 2b-9ff30ad6cd5daa15d21f9c2919ced9dde9156ff6-596421976a494cc8-01
2022-04-20T15:27:22.511Z appoptics:error Can not set lastEvent. Context may be lost.
    5) should include correct isAutoCommit value
2022-04-20T15:27:22.547Z appoptics:debug span.exit - no last event outer outer:entry 2b-681825a40b1e586efcc954cd95d48474402cf5fd-3f8bed604d07a585-01 outer:exit 2b-681825a40b1e586efcc954cd95d48474402cf5fd-6c024c0defe6b7b8-01
2022-04-20T15:27:22.547Z appoptics:error Can not set lastEvent. Context may be lost.
    âœ“ should do nothing when disabled


  3 passing (339ms)
  5 failing

  1) probes.oracledb 3.1.0
       should trace execute calls:
     Uncaught AssertionError: expected Object {
  Edge: '19DC8B5AE32E3A3E',
  Hostname: '1981b112358d',
  Label: 'exit',
  Layer: 'outer',
  TID: 936,
  Timestamp_u: 1650468442279358,
  'X-Trace': '2B04BBD859785489F53DAF10F69418C3C7BBAEC2C99D315DA09F41F87701',
  _V: '1'
} to have property Layer of 'oracle' (got 'outer')
      at Assertion.fail (node_modules/should/lib/assertion.js:92:17)
      at Assertion.value [as property] (node_modules/should/lib/assertion.js:164:19)
      at Object.oracle-entry (test/probes/oracledb.test.js:64:23)
      at /__w/appoptics-apm-node/appoptics-apm-node/test/probes/oracledb.test.js:96:31
      at EventEmitter.onMessage (test/helper.js:170:9)
      at Socket.<anonymous> (test/helper.js:112:13)
      at UDP.onMessage [as onmessage] (dgram.js:628:8)

  2) probes.oracledb 3.1.0
       should sanitize query:
     Uncaught AssertionError: expected Object {
  Edge: 'F6DD27CF80587BD2',
  Hostname: '1981b112358d',
  Label: 'exit',
  Layer: 'outer',
  TID: 936,
  Timestamp_u: 1650468442316976,
  'X-Trace': '2B0D6A8998889568346E72FE7D118581E7B581643EEBBF82EEF6A8413E01',
  _V: '1'
} to have property Layer of 'oracle' (got 'outer')
      at Assertion.fail (node_modules/should/lib/assertion.js:92:17)
      at Assertion.value [as property] (node_modules/should/lib/assertion.js:164:19)
      at Object.oracle-entry (test/probes/oracledb.test.js:64:23)
      at helper.test.ao.probes.oracledb.sanitizeSql (test/probes/oracledb.test.js:120:31)
      at EventEmitter.onMessage (test/helper.js:170:9)
      at Socket.<anonymous> (test/helper.js:112:13)
      at UDP.onMessage [as onmessage] (dgram.js:628:8)

  3) probes.oracledb 3.1.0
       should truncate long queries:
     Uncaught AssertionError: expected Object {
  Edge: '377F44A5F24B3000',
  Hostname: '1981b112358d',
  Label: 'exit',
  Layer: 'outer',
  TID: 936,
  Timestamp_u: 1650468442435169,
  'X-Trace': '2B25A0DC3A27C95538E8D2B503BCF7F43C9F103FABA9BDFC031D76D18A01',
  _V: '1'
} to have property Layer of 'oracle' (got 'outer')
      at Assertion.fail (node_modules/should/lib/assertion.js:92:17)
      at Assertion.value [as property] (node_modules/should/lib/assertion.js:164:19)
      at Object.oracle-entry (test/probes/oracledb.test.js:64:23)
      at /__w/appoptics-apm-node/appoptics-apm-node/test/probes/oracledb.test.js:152:31
      at EventEmitter.onMessage (test/helper.js:170:9)
      at Socket.<anonymous> (test/helper.js:112:13)
      at UDP.onMessage [as onmessage] (dgram.js:628:8)

  4) probes.oracledb 3.1.0
       should trace execute calls in pool:
     Uncaught AssertionError: expected Object {
  Edge: 'A75C2D8581F39965',
  Hostname: '1981b112358d',
  Label: 'exit',
  Layer: 'outer',
  TID: 936,
  Timestamp_u: 1650468442474220,
  'X-Trace': '2B0AF7D514ACBC0D586450935DC1DD758078A28DE4AF6E49E132879EA401',
  _V: '1'
} to have property Layer of 'oracle' (got 'outer')
      at Assertion.fail (node_modules/should/lib/assertion.js:92:17)
      at Assertion.value [as property] (node_modules/should/lib/assertion.js:164:19)
      at Object.oracle-entry (test/probes/oracledb.test.js:64:23)
      at /__w/appoptics-apm-node/appoptics-apm-node/test/probes/oracledb.test.js:176:31
      at EventEmitter.onMessage (test/helper.js:170:9)
      at Socket.<anonymous> (test/helper.js:112:13)
      at UDP.onMessage [as onmessage] (dgram.js:628:8)

  5) probes.oracledb 3.1.0
       should include correct isAutoCommit value:
     Uncaught AssertionError: expected Object {
  Edge: 'A05F06491A10FFA5',
  Hostname: '1981b112358d',
  Label: 'exit',
  Layer: 'outer',
  TID: 936,
  Timestamp_u: 1650468442511294,
  'X-Trace': '2B9FF30AD6CD5DAA15D21F9C2919CED9DDE9156FF6596421976A494CC801',
  _V: '1'
} to have property Layer of 'oracle' (got 'outer')
      at Assertion.fail (node_modules/should/lib/assertion.js:92:17)
      at Assertion.value [as property] (node_modules/should/lib/assertion.js:164:19)
      at Object.oracle-entry (test/probes/oracledb.test.js:64:23)
      at /__w/appoptics-apm-node/appoptics-apm-node/test/probes/oracledb.test.js:219:31
      at EventEmitter.onMessage (test/helper.js:170:9)
      at Socket.<anonymous> (test/helper.js:112:13)
      at UDP.onMessage [as onmessage] (dgram.js:628:8)



npm WARN deprecated oracledb@3.1.1: Update to node-oracledb 5
npm WARN read-shrinkwrap This version of npm is compatible with lockfileVersion@1, but package-lock.json was generated for lockfileVersion@2. I'll try to do my best with it!

> oracledb@3.1.1 install /__w/appoptics-apm-node/appoptics-apm-node/node_modules/oracledb
> node package/install.js

oracledb ********************************************************************************
oracledb ** Node-oracledb 3.1.1 installed for Node.js 10.24.1 (linux, x64)
oracledb **
oracledb ** To use node-oracledb:
oracledb ** - Oracle Client libraries (64-bit) must be configured with ldconfig or LD_LIBRARY_PATH
oracledb ** - To get libraries, install an Instant Client Basic or Basic Light package from
oracledb **   https://www.oracle.com/technetwork/topics/linuxx86-64soft-092277.html
oracledb **
oracledb ** Installation instructions: https://oracle.github.io/node-oracledb/INSTALL.html
oracledb ********************************************************************************

npm WARN optional SKIPPING OPTIONAL DEPENDENCY: fsevents@~2.3.1 (node_modules/chokidar/node_modules/fsevents):
npm WARN notsup SKIPPING OPTIONAL DEPENDENCY: Unsupported platform for fsevents@2.3.2: wanted {"os":"darwin","arch":"any"} (current: {"os":"linux","arch":"x64"})

+ oracledb@3.1.1
updated 1 package and audited 935 packages in 4.657s

86 packages are looking for funding
  run `npm fund` for details

found 7 vulnerabilities (2 moderate, 5 high)
  run `npm audit fix` to fix them, or `npm audit` for details
2022-04-20T15:27:28.163Z appoptics:debug read config from /__w/appoptics-apm-node/appoptics-apm-node/appoptics-apm-config
2022-04-20T15:27:28.165Z appoptics:debug guc ignoring APPOPTICS_LOG_SETTINGS
2022-04-20T15:27:28.165Z appoptics:debug serviceKey dIOz...wWK0:node-agent-test
2022-04-20T15:27:28.165Z appoptics:debug using context provider: ace-context
2022-04-20T15:27:28.232Z appoptics:debug apm 10.2.2-ao.0, bindings 11.2.0, oboe 10.2.0
2022-04-20T15:27:28.380Z appoptics:patching patched crypto 
2022-04-20T15:27:28.404Z appoptics:patching patched https 
2022-04-20T15:27:28.404Z appoptics:patching patched http 
2022-04-20T15:27:28.429Z appoptics:patching patched oracledb 3.1.1
2022-04-20T15:27:28.433Z appoptics:debug starting runtimeMetrics


  probes.oracledb 3.1.1
    âœ“ UDP might lose a message
    âœ“ should be configured to sanitize SQL by default
2022-04-20T15:27:28.516Z appoptics:debug span.exit - no last event outer outer:entry 2b-425cc8e87a33ba3a3d7405639da2071d8d7d3b0b-d58a75569ae39e06-01 outer:exit 2b-425cc8e87a33ba3a3d7405639da2071d8d7d3b0b-268f4d278d103534-01
2022-04-20T15:27:28.516Z appoptics:error Can not set lastEvent. Context may be lost.
    1) should trace execute calls
2022-04-20T15:27:28.552Z appoptics:debug span.exit - no last event outer outer:entry 2b-5645bb19673f8bb40d03773e419e35cc141edd27-6b283a5d407b0a3d-01 outer:exit 2b-5645bb19673f8bb40d03773e419e35cc141edd27-33b347f288e00172-01
2022-04-20T15:27:28.553Z appoptics:error Can not set lastEvent. Context may be lost.
    2) should sanitize query
2022-04-20T15:27:28.669Z appoptics:debug span.exit - no last event outer outer:entry 2b-bdad43f4324591cac7ed7a2d69363589617279af-b472dfb672506628-01 outer:exit 2b-bdad43f4324591cac7ed7a2d69363589617279af-7ce06b52ed897e77-01
2022-04-20T15:27:28.669Z appoptics:error Can not set lastEvent. Context may be lost.
    3) should truncate long queries
2022-04-20T15:27:28.711Z appoptics:debug span.exit - no last event outer outer:entry 2b-6edb74d4e0b4d263d7a66495d66bb850b01a4445-4e19f6164a0a2d19-01 outer:exit 2b-6edb74d4e0b4d263d7a66495d66bb850b01a4445-4af687b381499402-01
2022-04-20T15:27:28.711Z appoptics:error Can not set lastEvent. Context may be lost.
    4) should trace execute calls in pool
2022-04-20T15:27:28.747Z appoptics:debug span.exit - no last event outer outer:entry 2b-0c1c1bc75b1c5bd50bd6c1dda1e959e96a1d3a09-1e9b3e576abe4d90-01 outer:exit 2b-0c1c1bc75b1c5bd50bd6c1dda1e959e96a1d3a09-163bd8a49cea5510-01
2022-04-20T15:27:28.747Z appoptics:error Can not set lastEvent. Context may be lost.
    5) should include correct isAutoCommit value
2022-04-20T15:27:28.781Z appoptics:debug span.exit - no last event outer outer:entry 2b-1bd347188ca19df7359996774f491d9727751d25-1e436e274ffe8fa5-01 outer:exit 2b-1bd347188ca19df7359996774f491d9727751d25-920d1e41823fe9b4-01
2022-04-20T15:27:28.781Z appoptics:error Can not set lastEvent. Context may be lost.
    âœ“ should do nothing when disabled


  3 passing (343ms)
  5 failing

  1) probes.oracledb 3.1.1
       should trace execute calls:
     Uncaught AssertionError: expected Object {
  Edge: 'D58A75569AE39E06',
  Hostname: '1981b112358d',
  Label: 'exit',
  Layer: 'outer',
  TID: 970,
  Timestamp_u: 1650468448516410,
  'X-Trace': '2B425CC8E87A33BA3A3D7405639DA2071D8D7D3B0B268F4D278D10353401',
  _V: '1'
} to have property Layer of 'oracle' (got 'outer')
      at Assertion.fail (node_modules/should/lib/assertion.js:92:17)
      at Assertion.value [as property] (node_modules/should/lib/assertion.js:164:19)
      at Object.oracle-entry (test/probes/oracledb.test.js:64:23)
      at /__w/appoptics-apm-node/appoptics-apm-node/test/probes/oracledb.test.js:96:31
      at EventEmitter.onMessage (test/helper.js:170:9)
      at Socket.<anonymous> (test/helper.js:112:13)
      at UDP.onMessage [as onmessage] (dgram.js:628:8)

  2) probes.oracledb 3.1.1
       should sanitize query:
     Uncaught AssertionError: expected Object {
  Edge: '6B283A5D407B0A3D',
  Hostname: '1981b112358d',
  Label: 'exit',
  Layer: 'outer',
  TID: 970,
  Timestamp_u: 1650468448553102,
  'X-Trace': '2B5645BB19673F8BB40D03773E419E35CC141EDD2733B347F288E0017201',
  _V: '1'
} to have property Layer of 'oracle' (got 'outer')
      at Assertion.fail (node_modules/should/lib/assertion.js:92:17)
      at Assertion.value [as property] (node_modules/should/lib/assertion.js:164:19)
      at Object.oracle-entry (test/probes/oracledb.test.js:64:23)
      at helper.test.ao.probes.oracledb.sanitizeSql (test/probes/oracledb.test.js:120:31)
      at EventEmitter.onMessage (test/helper.js:170:9)
      at Socket.<anonymous> (test/helper.js:112:13)
      at UDP.onMessage [as onmessage] (dgram.js:628:8)

  3) probes.oracledb 3.1.1
       should truncate long queries:
     Uncaught AssertionError: expected Object {
  Edge: 'B472DFB672506628',
  Hostname: '1981b112358d',
  Label: 'exit',
  Layer: 'outer',
  TID: 970,
  Timestamp_u: 1650468448669467,
  'X-Trace': '2BBDAD43F4324591CAC7ED7A2D69363589617279AF7CE06B52ED897E7701',
  _V: '1'
} to have property Layer of 'oracle' (got 'outer')
      at Assertion.fail (node_modules/should/lib/assertion.js:92:17)
      at Assertion.value [as property] (node_modules/should/lib/assertion.js:164:19)
      at Object.oracle-entry (test/probes/oracledb.test.js:64:23)
      at /__w/appoptics-apm-node/appoptics-apm-node/test/probes/oracledb.test.js:152:31
      at EventEmitter.onMessage (test/helper.js:170:9)
      at Socket.<anonymous> (test/helper.js:112:13)
      at UDP.onMessage [as onmessage] (dgram.js:628:8)

  4) probes.oracledb 3.1.1
       should trace execute calls in pool:
     Uncaught AssertionError: expected Object {
  Edge: '4E19F6164A0A2D19',
  Hostname: '1981b112358d',
  Label: 'exit',
  Layer: 'outer',
  TID: 970,
  Timestamp_u: 1650468448711721,
  'X-Trace': '2B6EDB74D4E0B4D263D7A66495D66BB850B01A44454AF687B38149940201',
  _V: '1'
} to have property Layer of 'oracle' (got 'outer')
      at Assertion.fail (node_modules/should/lib/assertion.js:92:17)
      at Assertion.value [as property] (node_modules/should/lib/assertion.js:164:19)
      at Object.oracle-entry (test/probes/oracledb.test.js:64:23)
      at /__w/appoptics-apm-node/appoptics-apm-node/test/probes/oracledb.test.js:176:31
      at EventEmitter.onMessage (test/helper.js:170:9)
      at Socket.<anonymous> (test/helper.js:112:13)
      at UDP.onMessage [as onmessage] (dgram.js:628:8)

  5) probes.oracledb 3.1.1
       should include correct isAutoCommit value:
     Uncaught AssertionError: expected Object {
  Edge: '1E9B3E576ABE4D90',
  Hostname: '1981b112358d',
  Label: 'exit',
  Layer: 'outer',
  TID: 970,
  Timestamp_u: 1650468448747167,
  'X-Trace': '2B0C1C1BC75B1C5BD50BD6C1DDA1E959E96A1D3A09163BD8A49CEA551001',
  _V: '1'
} to have property Layer of 'oracle' (got 'outer')
      at Assertion.fail (node_modules/should/lib/assertion.js:92:17)
      at Assertion.value [as property] (node_modules/should/lib/assertion.js:164:19)
      at Object.oracle-entry (test/probes/oracledb.test.js:64:23)
      at /__w/appoptics-apm-node/appoptics-apm-node/test/probes/oracledb.test.js:219:31
      at EventEmitter.onMessage (test/helper.js:170:9)
      at Socket.<anonymous> (test/helper.js:112:13)
      at UDP.onMessage [as onmessage] (dgram.js:628:8)



npm WARN deprecated oracledb@3.1.2: Update to node-oracledb 5
npm WARN read-shrinkwrap This version of npm is compatible with lockfileVersion@1, but package-lock.json was generated for lockfileVersion@2. I'll try to do my best with it!

> oracledb@3.1.2 install /__w/appoptics-apm-node/appoptics-apm-node/node_modules/oracledb
> node package/install.js

oracledb ********************************************************************************
oracledb ** Node-oracledb 3.1.2 installed for Node.js 10.24.1 (linux, x64)
oracledb **
oracledb ** To use node-oracledb:
oracledb ** - Oracle Client libraries (64-bit) must be configured with ldconfig or LD_LIBRARY_PATH
oracledb ** - To get libraries, install an Instant Client Basic or Basic Light package from
oracledb **   https://www.oracle.com/technetwork/topics/linuxx86-64soft-092277.html
oracledb **
oracledb ** Installation instructions: https://oracle.github.io/node-oracledb/INSTALL.html
oracledb ********************************************************************************

npm WARN optional SKIPPING OPTIONAL DEPENDENCY: fsevents@~2.3.1 (node_modules/chokidar/node_modules/fsevents):
npm WARN notsup SKIPPING OPTIONAL DEPENDENCY: Unsupported platform for fsevents@2.3.2: wanted {"os":"darwin","arch":"any"} (current: {"os":"linux","arch":"x64"})

+ oracledb@3.1.2
updated 1 package and audited 935 packages in 4.441s

86 packages are looking for funding
  run `npm fund` for details

found 7 vulnerabilities (2 moderate, 5 high)
  run `npm audit fix` to fix them, or `npm audit` for details
2022-04-20T15:27:34.195Z appoptics:debug read config from /__w/appoptics-apm-node/appoptics-apm-node/appoptics-apm-config
2022-04-20T15:27:34.197Z appoptics:debug guc ignoring APPOPTICS_LOG_SETTINGS
2022-04-20T15:27:34.197Z appoptics:debug serviceKey dIOz...wWK0:node-agent-test
2022-04-20T15:27:34.197Z appoptics:debug using context provider: ace-context
2022-04-20T15:27:34.262Z appoptics:debug apm 10.2.2-ao.0, bindings 11.2.0, oboe 10.2.0
2022-04-20T15:27:34.410Z appoptics:patching patched crypto 
2022-04-20T15:27:34.436Z appoptics:patching patched https 
2022-04-20T15:27:34.436Z appoptics:patching patched http 
2022-04-20T15:27:34.465Z appoptics:patching patched oracledb 3.1.2
2022-04-20T15:27:34.470Z appoptics:debug starting runtimeMetrics


  probes.oracledb 3.1.2
    âœ“ UDP might lose a message
    âœ“ should be configured to sanitize SQL by default
2022-04-20T15:27:34.546Z appoptics:debug span.exit - no last event outer outer:entry 2b-e9193a0b3b77362a5a9995c71042bafe13fbc478-d3138da825b85efb-01 outer:exit 2b-e9193a0b3b77362a5a9995c71042bafe13fbc478-1585d5c71d50d09b-01
2022-04-20T15:27:34.547Z appoptics:error Can not set lastEvent. Context may be lost.
    1) should trace execute calls
2022-04-20T15:27:34.585Z appoptics:debug span.exit - no last event outer outer:entry 2b-17a6958b43d74844e57f8e960adb84939f5258b4-5e9fcafb69e6df3a-01 outer:exit 2b-17a6958b43d74844e57f8e960adb84939f5258b4-66e8813960e98aa8-01
2022-04-20T15:27:34.585Z appoptics:error Can not set lastEvent. Context may be lost.
    2) should sanitize query
2022-04-20T15:27:34.702Z appoptics:debug span.exit - no last event outer outer:entry 2b-5f12538372b275042b08d984c8499ecc11d64a85-fb273577c11f48dd-01 outer:exit 2b-5f12538372b275042b08d984c8499ecc11d64a85-5cc2508606046616-01
2022-04-20T15:27:34.702Z appoptics:error Can not set lastEvent. Context may be lost.
    3) should truncate long queries
2022-04-20T15:27:34.740Z appoptics:debug span.exit - no last event outer outer:entry 2b-6e99b7b195a83042cd8a24d19c59cf906303b338-528a4f9d6173bc28-01 outer:exit 2b-6e99b7b195a83042cd8a24d19c59cf906303b338-3495affbb0eb3e0d-01
2022-04-20T15:27:34.740Z appoptics:error Can not set lastEvent. Context may be lost.
    4) should trace execute calls in pool
2022-04-20T15:27:34.774Z appoptics:debug span.exit - no last event outer outer:entry 2b-05f36fade7d4470490c3671f6dd42fcd48bb14fe-d589e0e7c433582e-01 outer:exit 2b-05f36fade7d4470490c3671f6dd42fcd48bb14fe-308328a2fd02f15e-01
2022-04-20T15:27:34.774Z appoptics:error Can not set lastEvent. Context may be lost.
    5) should include correct isAutoCommit value
2022-04-20T15:27:34.810Z appoptics:debug span.exit - no last event outer outer:entry 2b-5e35741a0e870846b06ce20ee11f53c0ba773518-8b7313115088bb3a-01 outer:exit 2b-5e35741a0e870846b06ce20ee11f53c0ba773518-c4293b10d0e791af-01
2022-04-20T15:27:34.810Z appoptics:error Can not set lastEvent. Context may be lost.
    âœ“ should do nothing when disabled


  3 passing (336ms)
  5 failing

  1) probes.oracledb 3.1.2
       should trace execute calls:
     Uncaught AssertionError: expected Object {
  Edge: 'D3138DA825B85EFB',
  Hostname: '1981b112358d',
  Label: 'exit',
  Layer: 'outer',
  TID: 1004,
  Timestamp_u: 1650468454547162,
  'X-Trace': '2BE9193A0B3B77362A5A9995C71042BAFE13FBC4781585D5C71D50D09B01',
  _V: '1'
} to have property Layer of 'oracle' (got 'outer')
      at Assertion.fail (node_modules/should/lib/assertion.js:92:17)
      at Assertion.value [as property] (node_modules/should/lib/assertion.js:164:19)
      at Object.oracle-entry (test/probes/oracledb.test.js:64:23)
      at /__w/appoptics-apm-node/appoptics-apm-node/test/probes/oracledb.test.js:96:31
      at EventEmitter.onMessage (test/helper.js:170:9)
      at Socket.<anonymous> (test/helper.js:112:13)
      at UDP.onMessage [as onmessage] (dgram.js:628:8)

  2) probes.oracledb 3.1.2
       should sanitize query:
     Uncaught AssertionError: expected Object {
  Edge: '5E9FCAFB69E6DF3A',
  Hostname: '1981b112358d',
  Label: 'exit',
  Layer: 'outer',
  TID: 1004,
  Timestamp_u: 1650468454585705,
  'X-Trace': '2B17A6958B43D74844E57F8E960ADB84939F5258B466E8813960E98AA801',
  _V: '1'
} to have property Layer of 'oracle' (got 'outer')
      at Assertion.fail (node_modules/should/lib/assertion.js:92:17)
      at Assertion.value [as property] (node_modules/should/lib/assertion.js:164:19)
      at Object.oracle-entry (test/probes/oracledb.test.js:64:23)
      at helper.test.ao.probes.oracledb.sanitizeSql (test/probes/oracledb.test.js:120:31)
      at EventEmitter.onMessage (test/helper.js:170:9)
      at Socket.<anonymous> (test/helper.js:112:13)
      at UDP.onMessage [as onmessage] (dgram.js:628:8)

  3) probes.oracledb 3.1.2
       should truncate long queries:
     Uncaught AssertionError: expected Object {
  Edge: 'FB273577C11F48DD',
  Hostname: '1981b112358d',
  Label: 'exit',
  Layer: 'outer',
  TID: 1004,
  Timestamp_u: 1650468454702722,
  'X-Trace': '2B5F12538372B275042B08D984C8499ECC11D64A855CC250860604661601',
  _V: '1'
} to have property Layer of 'oracle' (got 'outer')
      at Assertion.fail (node_modules/should/lib/assertion.js:92:17)
      at Assertion.value [as property] (node_modules/should/lib/assertion.js:164:19)
      at Object.oracle-entry (test/probes/oracledb.test.js:64:23)
      at /__w/appoptics-apm-node/appoptics-apm-node/test/probes/oracledb.test.js:152:31
      at EventEmitter.onMessage (test/helper.js:170:9)
      at Socket.<anonymous> (test/helper.js:112:13)
      at UDP.onMessage [as onmessage] (dgram.js:628:8)

  4) probes.oracledb 3.1.2
       should trace execute calls in pool:
     Uncaught AssertionError: expected Object {
  Edge: '528A4F9D6173BC28',
  Hostname: '1981b112358d',
  Label: 'exit',
  Layer: 'outer',
  TID: 1004,
  Timestamp_u: 1650468454740297,
  'X-Trace': '2B6E99B7B195A83042CD8A24D19C59CF906303B3383495AFFBB0EB3E0D01',
  _V: '1'
} to have property Layer of 'oracle' (got 'outer')
      at Assertion.fail (node_modules/should/lib/assertion.js:92:17)
      at Assertion.value [as property] (node_modules/should/lib/assertion.js:164:19)
      at Object.oracle-entry (test/probes/oracledb.test.js:64:23)
      at /__w/appoptics-apm-node/appoptics-apm-node/test/probes/oracledb.test.js:176:31
      at EventEmitter.onMessage (test/helper.js:170:9)
      at Socket.<anonymous> (test/helper.js:112:13)
      at UDP.onMessage [as onmessage] (dgram.js:628:8)

  5) probes.oracledb 3.1.2
       should include correct isAutoCommit value:
     Uncaught AssertionError: expected Object {
  Edge: 'D589E0E7C433582E',
  Hostname: '1981b112358d',
  Label: 'exit',
  Layer: 'outer',
  TID: 1004,
  Timestamp_u: 1650468454774691,
  'X-Trace': '2B05F36FADE7D4470490C3671F6DD42FCD48BB14FE308328A2FD02F15E01',
  _V: '1'
} to have property Layer of 'oracle' (got 'outer')
      at Assertion.fail (node_modules/should/lib/assertion.js:92:17)
      at Assertion.value [as property] (node_modules/should/lib/assertion.js:164:19)
      at Object.oracle-entry (test/probes/oracledb.test.js:64:23)
      at /__w/appoptics-apm-node/appoptics-apm-node/test/probes/oracledb.test.js:219:31
      at EventEmitter.onMessage (test/helper.js:170:9)
      at Socket.<anonymous> (test/helper.js:112:13)
      at UDP.onMessage [as onmessage] (dgram.js:628:8)



npm WARN deprecated oracledb@4.0.0: Update to node-oracledb 5
npm WARN read-shrinkwrap This version of npm is compatible with lockfileVersion@1, but package-lock.json was generated for lockfileVersion@2. I'll try to do my best with it!

> oracledb@4.0.0 install /__w/appoptics-apm-node/appoptics-apm-node/node_modules/oracledb
> node package/install.js

oracledb ********************************************************************************
oracledb ** Node-oracledb 4.0.0 installed for Node.js 10.24.1 (linux, x64)
oracledb **
oracledb ** To use node-oracledb:
oracledb ** - Oracle Client libraries (64-bit) must be configured with ldconfig or LD_LIBRARY_PATH
oracledb ** - To get libraries, install an Instant Client Basic or Basic Light package from
oracledb **   https://www.oracle.com/technetwork/topics/linuxx86-64soft-092277.html
oracledb **
oracledb ** Installation instructions: https://oracle.github.io/node-oracledb/INSTALL.html
oracledb ********************************************************************************

npm WARN optional SKIPPING OPTIONAL DEPENDENCY: fsevents@~2.3.1 (node_modules/chokidar/node_modules/fsevents):
npm WARN notsup SKIPPING OPTIONAL DEPENDENCY: Unsupported platform for fsevents@2.3.2: wanted {"os":"darwin","arch":"any"} (current: {"os":"linux","arch":"x64"})

+ oracledb@4.0.0
updated 1 package and audited 935 packages in 4.43s

86 packages are looking for funding
  run `npm fund` for details

found 7 vulnerabilities (2 moderate, 5 high)
  run `npm audit fix` to fix them, or `npm audit` for details
2022-04-20T15:27:40.213Z appoptics:debug read config from /__w/appoptics-apm-node/appoptics-apm-node/appoptics-apm-config
2022-04-20T15:27:40.215Z appoptics:debug guc ignoring APPOPTICS_LOG_SETTINGS
2022-04-20T15:27:40.215Z appoptics:debug serviceKey dIOz...wWK0:node-agent-test
2022-04-20T15:27:40.215Z appoptics:debug using context provider: ace-context
2022-04-20T15:27:40.283Z appoptics:debug apm 10.2.2-ao.0, bindings 11.2.0, oboe 10.2.0
2022-04-20T15:27:40.438Z appoptics:patching patched crypto 
2022-04-20T15:27:40.462Z appoptics:patching patched https 
2022-04-20T15:27:40.462Z appoptics:patching patched http 
2022-04-20T15:27:40.488Z appoptics:patching patched oracledb 4.0.0
2022-04-20T15:27:40.492Z appoptics:debug starting runtimeMetrics


  probes.oracledb 4.0.0
    âœ“ UDP might lose a message
    âœ“ should be configured to sanitize SQL by default
2022-04-20T15:27:40.524Z appoptics:debug oracledb wrapping getConnection
    âœ“ should trace execute calls (49ms)
2022-04-20T15:27:40.575Z appoptics:debug oracledb wrapping getConnection
2022-04-20T15:27:40.608Z appoptics:debug connection.execute() seems to be patched
2022-04-20T15:27:40.608Z appoptics:debug connection.commit() seems to be patched
2022-04-20T15:27:40.608Z appoptics:debug connection.rollback() seems to be patched
2022-04-20T15:27:40.608Z appoptics:debug connection.break() seems to be patched
2022-04-20T15:27:40.608Z appoptics:debug connection.release seems to be patched
    âœ“ should sanitize query
2022-04-20T15:27:40.612Z appoptics:debug oracledb wrapping getConnection
2022-04-20T15:27:40.645Z appoptics:debug connection.execute() seems to be patched
2022-04-20T15:27:40.645Z appoptics:debug connection.commit() seems to be patched
2022-04-20T15:27:40.645Z appoptics:debug connection.rollback() seems to be patched
2022-04-20T15:27:40.645Z appoptics:debug connection.break() seems to be patched
2022-04-20T15:27:40.645Z appoptics:debug connection.release seems to be patched
    âœ“ should truncate long queries (115ms)
2022-04-20T15:27:40.729Z appoptics:debug ORACLEDB wrapping createPool
2022-04-20T15:27:40.731Z appoptics:debug oracledb wrapping getConnection
    âœ“ should trace execute calls in pool
2022-04-20T15:27:40.766Z appoptics:debug oracledb wrapping getConnection
2022-04-20T15:27:40.798Z appoptics:debug connection.execute() seems to be patched
2022-04-20T15:27:40.798Z appoptics:debug connection.commit() seems to be patched
2022-04-20T15:27:40.798Z appoptics:debug connection.rollback() seems to be patched
2022-04-20T15:27:40.798Z appoptics:debug connection.break() seems to be patched
2022-04-20T15:27:40.798Z appoptics:debug connection.release seems to be patched
    âœ“ should include correct isAutoCommit value (38ms)
2022-04-20T15:27:40.807Z appoptics:debug oracledb wrapping getConnection
2022-04-20T15:27:40.838Z appoptics:debug connection.execute() seems to be patched
2022-04-20T15:27:40.838Z appoptics:debug connection.commit() seems to be patched
2022-04-20T15:27:40.838Z appoptics:debug connection.rollback() seems to be patched
2022-04-20T15:27:40.839Z appoptics:debug connection.break() seems to be patched
2022-04-20T15:27:40.839Z appoptics:debug connection.release seems to be patched
    âœ“ should do nothing when disabled


  8 passing (344ms)

npm WARN deprecated oracledb@4.0.1: Update to node-oracledb 5
npm WARN read-shrinkwrap This version of npm is compatible with lockfileVersion@1, but package-lock.json was generated for lockfileVersion@2. I'll try to do my best with it!

> oracledb@4.0.1 install /__w/appoptics-apm-node/appoptics-apm-node/node_modules/oracledb
> node package/install.js

oracledb ********************************************************************************
oracledb ** Node-oracledb 4.0.1 installed for Node.js 10.24.1 (linux, x64)
oracledb **
oracledb ** To use node-oracledb:
oracledb ** - Oracle Client libraries (64-bit) must be configured with ldconfig or LD_LIBRARY_PATH
oracledb ** - To get libraries, install an Instant Client Basic or Basic Light package from
oracledb **   https://www.oracle.com/technetwork/topics/linuxx86-64soft-092277.html
oracledb **
oracledb ** Installation instructions: https://oracle.github.io/node-oracledb/INSTALL.html
oracledb ********************************************************************************

npm WARN optional SKIPPING OPTIONAL DEPENDENCY: fsevents@~2.3.1 (node_modules/chokidar/node_modules/fsevents):
npm WARN notsup SKIPPING OPTIONAL DEPENDENCY: Unsupported platform for fsevents@2.3.2: wanted {"os":"darwin","arch":"any"} (current: {"os":"linux","arch":"x64"})

+ oracledb@4.0.1
updated 1 package and audited 935 packages in 3.889s

86 packages are looking for funding
  run `npm fund` for details

found 7 vulnerabilities (2 moderate, 5 high)
  run `npm audit fix` to fix them, or `npm audit` for details
2022-04-20T15:27:46.007Z appoptics:debug read config from /__w/appoptics-apm-node/appoptics-apm-node/appoptics-apm-config
2022-04-20T15:27:46.008Z appoptics:debug guc ignoring APPOPTICS_LOG_SETTINGS
2022-04-20T15:27:46.008Z appoptics:debug serviceKey dIOz...wWK0:node-agent-test
2022-04-20T15:27:46.009Z appoptics:debug using context provider: ace-context
2022-04-20T15:27:46.073Z appoptics:debug apm 10.2.2-ao.0, bindings 11.2.0, oboe 10.2.0
2022-04-20T15:27:46.219Z appoptics:patching patched crypto 
2022-04-20T15:27:46.244Z appoptics:patching patched https 
2022-04-20T15:27:46.244Z appoptics:patching patched http 
2022-04-20T15:27:46.276Z appoptics:patching patched oracledb 4.0.1
2022-04-20T15:27:46.280Z appoptics:debug starting runtimeMetrics


  probes.oracledb 4.0.1
    âœ“ UDP might lose a message
    âœ“ should be configured to sanitize SQL by default
2022-04-20T15:27:46.312Z appoptics:debug oracledb wrapping getConnection
    âœ“ should trace execute calls (48ms)
2022-04-20T15:27:46.362Z appoptics:debug oracledb wrapping getConnection
2022-04-20T15:27:46.394Z appoptics:debug connection.execute() seems to be patched
2022-04-20T15:27:46.394Z appoptics:debug connection.commit() seems to be patched
2022-04-20T15:27:46.394Z appoptics:debug connection.rollback() seems to be patched
2022-04-20T15:27:46.394Z appoptics:debug connection.break() seems to be patched
2022-04-20T15:27:46.394Z appoptics:debug connection.release seems to be patched
    âœ“ should sanitize query
2022-04-20T15:27:46.400Z appoptics:debug oracledb wrapping getConnection
2022-04-20T15:27:46.431Z appoptics:debug connection.execute() seems to be patched
2022-04-20T15:27:46.431Z appoptics:debug connection.commit() seems to be patched
2022-04-20T15:27:46.431Z appoptics:debug connection.rollback() seems to be patched
2022-04-20T15:27:46.431Z appoptics:debug connection.break() seems to be patched
2022-04-20T15:27:46.431Z appoptics:debug connection.release seems to be patched
    âœ“ should truncate long queries (115ms)
2022-04-20T15:27:46.516Z appoptics:debug ORACLEDB wrapping createPool
2022-04-20T15:27:46.518Z appoptics:debug oracledb wrapping getConnection
    âœ“ should trace execute calls in pool
2022-04-20T15:27:46.553Z appoptics:debug oracledb wrapping getConnection
2022-04-20T15:27:46.586Z appoptics:debug connection.execute() seems to be patched
2022-04-20T15:27:46.586Z appoptics:debug connection.commit() seems to be patched
2022-04-20T15:27:46.586Z appoptics:debug connection.rollback() seems to be patched
2022-04-20T15:27:46.586Z appoptics:debug connection.break() seems to be patched
2022-04-20T15:27:46.586Z appoptics:debug connection.release seems to be patched
    âœ“ should include correct isAutoCommit value (41ms)
2022-04-20T15:27:46.595Z appoptics:debug oracledb wrapping getConnection
2022-04-20T15:27:46.629Z appoptics:debug connection.execute() seems to be patched
2022-04-20T15:27:46.629Z appoptics:debug connection.commit() seems to be patched
2022-04-20T15:27:46.629Z appoptics:debug connection.rollback() seems to be patched
2022-04-20T15:27:46.629Z appoptics:debug connection.break() seems to be patched
2022-04-20T15:27:46.629Z appoptics:debug connection.release seems to be patched
    âœ“ should do nothing when disabled


  8 passing (341ms)

npm WARN deprecated oracledb@4.1.0: Update to node-oracledb 5
npm WARN read-shrinkwrap This version of npm is compatible with lockfileVersion@1, but package-lock.json was generated for lockfileVersion@2. I'll try to do my best with it!

> oracledb@4.1.0 install /__w/appoptics-apm-node/appoptics-apm-node/node_modules/oracledb
> node package/install.js

oracledb ********************************************************************************
oracledb ** Node-oracledb 4.1.0 installed for Node.js 10.24.1 (linux, x64)
oracledb **
oracledb ** To use node-oracledb:
oracledb ** - Oracle Client libraries (64-bit) must be configured with ldconfig or LD_LIBRARY_PATH
oracledb ** - To get libraries, install an Instant Client Basic or Basic Light package from
oracledb **   https://www.oracle.com/technetwork/topics/linuxx86-64soft-092277.html
oracledb **
oracledb ** Installation instructions: https://oracle.github.io/node-oracledb/INSTALL.html
oracledb ********************************************************************************

npm WARN optional SKIPPING OPTIONAL DEPENDENCY: fsevents@~2.3.1 (node_modules/chokidar/node_modules/fsevents):
npm WARN notsup SKIPPING OPTIONAL DEPENDENCY: Unsupported platform for fsevents@2.3.2: wanted {"os":"darwin","arch":"any"} (current: {"os":"linux","arch":"x64"})

+ oracledb@4.1.0
updated 1 package and audited 935 packages in 3.639s

86 packages are looking for funding
  run `npm fund` for details

found 7 vulnerabilities (2 moderate, 5 high)
  run `npm audit fix` to fix them, or `npm audit` for details
2022-04-20T15:27:51.202Z appoptics:debug read config from /__w/appoptics-apm-node/appoptics-apm-node/appoptics-apm-config
2022-04-20T15:27:51.204Z appoptics:debug guc ignoring APPOPTICS_LOG_SETTINGS
2022-04-20T15:27:51.204Z appoptics:debug serviceKey dIOz...wWK0:node-agent-test
2022-04-20T15:27:51.204Z appoptics:debug using context provider: ace-context
2022-04-20T15:27:51.267Z appoptics:debug apm 10.2.2-ao.0, bindings 11.2.0, oboe 10.2.0
2022-04-20T15:27:51.412Z appoptics:patching patched crypto 
2022-04-20T15:27:51.435Z appoptics:patching patched https 
2022-04-20T15:27:51.435Z appoptics:patching patched http 
2022-04-20T15:27:51.461Z appoptics:patching patched oracledb 4.1.0
2022-04-20T15:27:51.466Z appoptics:debug starting runtimeMetrics


  probes.oracledb 4.1.0
    âœ“ UDP might lose a message
    âœ“ should be configured to sanitize SQL by default
2022-04-20T15:27:51.495Z appoptics:debug oracledb wrapping getConnection
    âœ“ should trace execute calls (48ms)
2022-04-20T15:27:51.545Z appoptics:debug oracledb wrapping getConnection
2022-04-20T15:27:51.576Z appoptics:debug connection.execute() seems to be patched
2022-04-20T15:27:51.576Z appoptics:debug connection.commit() seems to be patched
2022-04-20T15:27:51.576Z appoptics:debug connection.rollback() seems to be patched
2022-04-20T15:27:51.576Z appoptics:debug connection.break() seems to be patched
2022-04-20T15:27:51.576Z appoptics:debug connection.release seems to be patched
    âœ“ should sanitize query
2022-04-20T15:27:51.581Z appoptics:debug oracledb wrapping getConnection
2022-04-20T15:27:51.611Z appoptics:debug connection.execute() seems to be patched
2022-04-20T15:27:51.612Z appoptics:debug connection.commit() seems to be patched
2022-04-20T15:27:51.612Z appoptics:debug connection.rollback() seems to be patched
2022-04-20T15:27:51.612Z appoptics:debug connection.break() seems to be patched
2022-04-20T15:27:51.612Z appoptics:debug connection.release seems to be patched
    âœ“ should truncate long queries (115ms)
2022-04-20T15:27:51.702Z appoptics:debug ORACLEDB wrapping createPool
2022-04-20T15:27:51.707Z appoptics:debug oracledb wrapping getConnection
    âœ“ should trace execute calls in pool (62ms)
2022-04-20T15:27:51.765Z appoptics:debug oracledb wrapping getConnection
2022-04-20T15:27:51.798Z appoptics:debug connection.execute() seems to be patched
2022-04-20T15:27:51.798Z appoptics:debug connection.commit() seems to be patched
2022-04-20T15:27:51.798Z appoptics:debug connection.rollback() seems to be patched
2022-04-20T15:27:51.799Z appoptics:debug connection.break() seems to be patched
2022-04-20T15:27:51.799Z appoptics:debug connection.release seems to be patched
    âœ“ should include correct isAutoCommit value (41ms)
2022-04-20T15:27:51.807Z appoptics:debug oracledb wrapping getConnection
2022-04-20T15:27:51.844Z appoptics:debug connection.execute() seems to be patched
2022-04-20T15:27:51.844Z appoptics:debug connection.commit() seems to be patched
2022-04-20T15:27:51.844Z appoptics:debug connection.rollback() seems to be patched
2022-04-20T15:27:51.844Z appoptics:debug connection.break() seems to be patched
2022-04-20T15:27:51.844Z appoptics:debug connection.release seems to be patched
    âœ“ should do nothing when disabled (38ms)


  8 passing (376ms)

npm WARN deprecated oracledb@4.2.0: Update to node-oracledb 5
npm WARN read-shrinkwrap This version of npm is compatible with lockfileVersion@1, but package-lock.json was generated for lockfileVersion@2. I'll try to do my best with it!

> oracledb@4.2.0 install /__w/appoptics-apm-node/appoptics-apm-node/node_modules/oracledb
> node package/install.js

oracledb ********************************************************************************
oracledb ** Node-oracledb 4.2.0 installed for Node.js 10.24.1 (linux, x64)
oracledb **
oracledb ** To use node-oracledb:
oracledb ** - Oracle Client libraries (64-bit) must be configured with ldconfig or LD_LIBRARY_PATH
oracledb ** - To get libraries, install an Instant Client Basic or Basic Light package from
oracledb **   https://www.oracle.com/database/technologies/instant-client/linux-x86-64-downloads.html
oracledb **
oracledb ** Installation instructions: https://oracle.github.io/node-oracledb/INSTALL.html
oracledb ********************************************************************************

npm WARN optional SKIPPING OPTIONAL DEPENDENCY: fsevents@~2.3.1 (node_modules/chokidar/node_modules/fsevents):
npm WARN notsup SKIPPING OPTIONAL DEPENDENCY: Unsupported platform for fsevents@2.3.2: wanted {"os":"darwin","arch":"any"} (current: {"os":"linux","arch":"x64"})

+ oracledb@4.2.0
updated 1 package and audited 935 packages in 3.661s

86 packages are looking for funding
  run `npm fund` for details

found 7 vulnerabilities (2 moderate, 5 high)
  run `npm audit fix` to fix them, or `npm audit` for details
2022-04-20T15:27:56.622Z appoptics:debug read config from /__w/appoptics-apm-node/appoptics-apm-node/appoptics-apm-config
2022-04-20T15:27:56.623Z appoptics:debug guc ignoring APPOPTICS_LOG_SETTINGS
2022-04-20T15:27:56.623Z appoptics:debug serviceKey dIOz...wWK0:node-agent-test
2022-04-20T15:27:56.624Z appoptics:debug using context provider: ace-context
2022-04-20T15:27:56.711Z appoptics:debug apm 10.2.2-ao.0, bindings 11.2.0, oboe 10.2.0
2022-04-20T15:27:56.915Z appoptics:patching patched crypto 
2022-04-20T15:27:56.940Z appoptics:patching patched https 
2022-04-20T15:27:56.940Z appoptics:patching patched http 
2022-04-20T15:27:56.967Z appoptics:patching patched oracledb 4.2.0
2022-04-20T15:27:56.981Z appoptics:debug starting runtimeMetrics


  probes.oracledb 4.2.0
    âœ“ UDP might lose a message
    âœ“ should be configured to sanitize SQL by default
2022-04-20T15:27:57.016Z appoptics:debug oracledb wrapping getConnection
    âœ“ should trace execute calls (83ms)
2022-04-20T15:27:57.106Z appoptics:debug oracledb wrapping getConnection
2022-04-20T15:27:57.151Z appoptics:debug connection.execute() seems to be patched
2022-04-20T15:27:57.151Z appoptics:debug connection.commit() seems to be patched
2022-04-20T15:27:57.151Z appoptics:debug connection.rollback() seems to be patched
2022-04-20T15:27:57.151Z appoptics:debug connection.break() seems to be patched
2022-04-20T15:27:57.151Z appoptics:debug connection.release seems to be patched
    âœ“ should sanitize query (49ms)
2022-04-20T15:27:57.165Z appoptics:debug oracledb wrapping getConnection
2022-04-20T15:27:57.198Z appoptics:debug connection.execute() seems to be patched
2022-04-20T15:27:57.198Z appoptics:debug connection.commit() seems to be patched
2022-04-20T15:27:57.198Z appoptics:debug connection.rollback() seems to be patched
2022-04-20T15:27:57.198Z appoptics:debug connection.break() seems to be patched
2022-04-20T15:27:57.198Z appoptics:debug connection.release seems to be patched
    âœ“ should truncate long queries (133ms)
2022-04-20T15:27:57.297Z appoptics:debug ORACLEDB wrapping createPool
2022-04-20T15:27:57.299Z appoptics:debug oracledb wrapping getConnection
    âœ“ should trace execute calls in pool (45ms)
2022-04-20T15:27:57.342Z appoptics:debug oracledb wrapping getConnection
2022-04-20T15:27:57.399Z appoptics:debug connection.execute() seems to be patched
2022-04-20T15:27:57.399Z appoptics:debug connection.commit() seems to be patched
2022-04-20T15:27:57.399Z appoptics:debug connection.rollback() seems to be patched
2022-04-20T15:27:57.399Z appoptics:debug connection.break() seems to be patched
2022-04-20T15:27:57.399Z appoptics:debug connection.release seems to be patched
    âœ“ should include correct isAutoCommit value (76ms)
2022-04-20T15:27:57.422Z appoptics:debug oracledb wrapping getConnection
2022-04-20T15:27:57.502Z appoptics:debug connection.execute() seems to be patched
2022-04-20T15:27:57.502Z appoptics:debug connection.commit() seems to be patched
2022-04-20T15:27:57.502Z appoptics:debug connection.rollback() seems to be patched
2022-04-20T15:27:57.502Z appoptics:debug connection.break() seems to be patched
2022-04-20T15:27:57.502Z appoptics:debug connection.release seems to be patched
    âœ“ should do nothing when disabled (83ms)


  8 passing (517ms)

npm WARN read-shrinkwrap This version of npm is compatible with lockfileVersion@1, but package-lock.json was generated for lockfileVersion@2. I'll try to do my best with it!

> oracledb@5.0.0 install /__w/appoptics-apm-node/appoptics-apm-node/node_modules/oracledb
> node package/install.js

oracledb ********************************************************************************
oracledb ** Node-oracledb 5.0.0 installed for Node.js 10.24.1 (linux, x64)
oracledb **
oracledb ** To use node-oracledb:
oracledb ** - Oracle Client libraries (64-bit) must be available.
oracledb ** - Follow the installation instructions:
oracledb **   https://oracle.github.io/node-oracledb/INSTALL.html#linuxinstall
oracledb ********************************************************************************

npm WARN optional SKIPPING OPTIONAL DEPENDENCY: fsevents@~2.3.1 (node_modules/chokidar/node_modules/fsevents):
npm WARN notsup SKIPPING OPTIONAL DEPENDENCY: Unsupported platform for fsevents@2.3.2: wanted {"os":"darwin","arch":"any"} (current: {"os":"linux","arch":"x64"})

+ oracledb@5.0.0
updated 1 package and audited 935 packages in 3.564s

86 packages are looking for funding
  run `npm fund` for details

found 7 vulnerabilities (2 moderate, 5 high)
  run `npm audit fix` to fix them, or `npm audit` for details
2022-04-20T15:28:02.181Z appoptics:debug read config from /__w/appoptics-apm-node/appoptics-apm-node/appoptics-apm-config
2022-04-20T15:28:02.182Z appoptics:debug guc ignoring APPOPTICS_LOG_SETTINGS
2022-04-20T15:28:02.182Z appoptics:debug serviceKey dIOz...wWK0:node-agent-test
2022-04-20T15:28:02.183Z appoptics:debug using context provider: ace-context
2022-04-20T15:28:02.247Z appoptics:debug apm 10.2.2-ao.0, bindings 11.2.0, oboe 10.2.0
2022-04-20T15:28:02.394Z appoptics:patching patched crypto 
2022-04-20T15:28:02.419Z appoptics:patching patched https 
2022-04-20T15:28:02.420Z appoptics:patching patched http 
2022-04-20T15:28:02.451Z appoptics:patching patched oracledb 5.0.0
2022-04-20T15:28:02.456Z appoptics:debug starting runtimeMetrics


  probes.oracledb 5.0.0
    âœ“ UDP might lose a message
    âœ“ should be configured to sanitize SQL by default
2022-04-20T15:28:02.491Z appoptics:debug oracledb wrapping getConnection
    âœ“ should trace execute calls (66ms)
2022-04-20T15:28:02.559Z appoptics:debug oracledb wrapping getConnection
2022-04-20T15:28:02.597Z appoptics:debug connection.execute() seems to be patched
2022-04-20T15:28:02.597Z appoptics:debug connection.commit() seems to be patched
2022-04-20T15:28:02.597Z appoptics:debug connection.rollback() seems to be patched
2022-04-20T15:28:02.597Z appoptics:debug connection.break() seems to be patched
2022-04-20T15:28:02.597Z appoptics:debug connection.release seems to be patched
    âœ“ should sanitize query (41ms)
2022-04-20T15:28:02.603Z appoptics:debug oracledb wrapping getConnection
2022-04-20T15:28:02.649Z appoptics:debug connection.execute() seems to be patched
2022-04-20T15:28:02.649Z appoptics:debug connection.commit() seems to be patched
2022-04-20T15:28:02.649Z appoptics:debug connection.rollback() seems to be patched
2022-04-20T15:28:02.649Z appoptics:debug connection.break() seems to be patched
2022-04-20T15:28:02.649Z appoptics:debug connection.release seems to be patched
    âœ“ should truncate long queries (132ms)
2022-04-20T15:28:02.736Z appoptics:debug ORACLEDB wrapping createPool
2022-04-20T15:28:02.739Z appoptics:debug oracledb wrapping getConnection
    âœ“ should trace execute calls in pool (59ms)
2022-04-20T15:28:02.796Z appoptics:debug oracledb wrapping getConnection
2022-04-20T15:28:02.834Z appoptics:debug connection.execute() seems to be patched
2022-04-20T15:28:02.834Z appoptics:debug connection.commit() seems to be patched
2022-04-20T15:28:02.834Z appoptics:debug connection.rollback() seems to be patched
2022-04-20T15:28:02.834Z appoptics:debug connection.break() seems to be patched
2022-04-20T15:28:02.834Z appoptics:debug connection.release seems to be patched
    âœ“ should include correct isAutoCommit value (47ms)
2022-04-20T15:28:02.848Z appoptics:debug oracledb wrapping getConnection
2022-04-20T15:28:02.881Z appoptics:debug connection.execute() seems to be patched
2022-04-20T15:28:02.881Z appoptics:debug connection.commit() seems to be patched
2022-04-20T15:28:02.881Z appoptics:debug connection.rollback() seems to be patched
2022-04-20T15:28:02.881Z appoptics:debug connection.break() seems to be patched
2022-04-20T15:28:02.881Z appoptics:debug connection.release seems to be patched
    âœ“ should do nothing when disabled


  8 passing (416ms)

npm WARN read-shrinkwrap This version of npm is compatible with lockfileVersion@1, but package-lock.json was generated for lockfileVersion@2. I'll try to do my best with it!

> oracledb@5.1.0 install /__w/appoptics-apm-node/appoptics-apm-node/node_modules/oracledb
> node package/install.js

oracledb ********************************************************************************
oracledb ** Node-oracledb 5.1.0 installed for Node.js 10.24.1 (linux, x64)
oracledb **
oracledb ** To use node-oracledb:
oracledb ** - Oracle Client libraries (64-bit) must be available.
oracledb ** - Follow the installation instructions:
oracledb **   https://oracle.github.io/node-oracledb/INSTALL.html#linuxinstall
oracledb ********************************************************************************

npm WARN optional SKIPPING OPTIONAL DEPENDENCY: fsevents@~2.3.1 (node_modules/chokidar/node_modules/fsevents):
npm WARN notsup SKIPPING OPTIONAL DEPENDENCY: Unsupported platform for fsevents@2.3.2: wanted {"os":"darwin","arch":"any"} (current: {"os":"linux","arch":"x64"})

+ oracledb@5.1.0
updated 1 package and audited 935 packages in 3.54s

86 packages are looking for funding
  run `npm fund` for details

found 7 vulnerabilities (2 moderate, 5 high)
  run `npm audit fix` to fix them, or `npm audit` for details
2022-04-20T15:28:07.396Z appoptics:debug read config from /__w/appoptics-apm-node/appoptics-apm-node/appoptics-apm-config
2022-04-20T15:28:07.397Z appoptics:debug guc ignoring APPOPTICS_LOG_SETTINGS
2022-04-20T15:28:07.397Z appoptics:debug serviceKey dIOz...wWK0:node-agent-test
2022-04-20T15:28:07.398Z appoptics:debug using context provider: ace-context
2022-04-20T15:28:07.461Z appoptics:debug apm 10.2.2-ao.0, bindings 11.2.0, oboe 10.2.0
2022-04-20T15:28:07.614Z appoptics:patching patched crypto 
2022-04-20T15:28:07.645Z appoptics:patching patched https 
2022-04-20T15:28:07.645Z appoptics:patching patched http 
2022-04-20T15:28:07.689Z appoptics:patching patched oracledb 5.1.0
2022-04-20T15:28:07.696Z appoptics:debug starting runtimeMetrics


  probes.oracledb 5.1.0
    âœ“ UDP might lose a message
    âœ“ should be configured to sanitize SQL by default
2022-04-20T15:28:07.765Z appoptics:debug oracledb wrapping getConnection
    âœ“ should trace execute calls (48ms)
2022-04-20T15:28:07.815Z appoptics:debug oracledb wrapping getConnection
2022-04-20T15:28:07.847Z appoptics:debug connection.execute() seems to be patched
2022-04-20T15:28:07.847Z appoptics:debug connection.commit() seems to be patched
2022-04-20T15:28:07.847Z appoptics:debug connection.rollback() seems to be patched
2022-04-20T15:28:07.847Z appoptics:debug connection.break() seems to be patched
2022-04-20T15:28:07.847Z appoptics:debug connection.release seems to be patched
    âœ“ should sanitize query
2022-04-20T15:28:07.853Z appoptics:debug oracledb wrapping getConnection
2022-04-20T15:28:07.902Z appoptics:debug connection.execute() seems to be patched
2022-04-20T15:28:07.902Z appoptics:debug connection.commit() seems to be patched
2022-04-20T15:28:07.902Z appoptics:debug connection.rollback() seems to be patched
2022-04-20T15:28:07.902Z appoptics:debug connection.break() seems to be patched
2022-04-20T15:28:07.902Z appoptics:debug connection.release seems to be patched
    âœ“ should truncate long queries (139ms)
2022-04-20T15:28:07.996Z appoptics:debug ORACLEDB wrapping createPool
2022-04-20T15:28:07.998Z appoptics:debug oracledb wrapping getConnection
    âœ“ should trace execute calls in pool (42ms)
2022-04-20T15:28:08.038Z appoptics:debug oracledb wrapping getConnection
2022-04-20T15:28:08.071Z appoptics:debug connection.execute() seems to be patched
2022-04-20T15:28:08.071Z appoptics:debug connection.commit() seems to be patched
2022-04-20T15:28:08.071Z appoptics:debug connection.rollback() seems to be patched
2022-04-20T15:28:08.071Z appoptics:debug connection.break() seems to be patched
2022-04-20T15:28:08.071Z appoptics:debug connection.release seems to be patched
    âœ“ should include correct isAutoCommit value (40ms)
2022-04-20T15:28:08.079Z appoptics:debug oracledb wrapping getConnection
2022-04-20T15:28:08.118Z appoptics:debug connection.execute() seems to be patched
2022-04-20T15:28:08.118Z appoptics:debug connection.commit() seems to be patched
2022-04-20T15:28:08.118Z appoptics:debug connection.rollback() seems to be patched
2022-04-20T15:28:08.118Z appoptics:debug connection.break() seems to be patched
2022-04-20T15:28:08.118Z appoptics:debug connection.release seems to be patched
    âœ“ should do nothing when disabled (40ms)


  8 passing (411ms)

npm WARN read-shrinkwrap This version of npm is compatible with lockfileVersion@1, but package-lock.json was generated for lockfileVersion@2. I'll try to do my best with it!

> oracledb@5.2.0 install /__w/appoptics-apm-node/appoptics-apm-node/node_modules/oracledb
> node package/install.js

oracledb ********************************************************************************
oracledb ** Node-oracledb 5.2.0 installed in Node.js 10.24.1 (linux, x64)
oracledb **
oracledb ** To use node-oracledb:
oracledb ** - Oracle Client libraries (64-bit) must be available.
oracledb ** - Follow the installation instructions:
oracledb **   https://oracle.github.io/node-oracledb/INSTALL.html#linuxinstall
oracledb ********************************************************************************

npm WARN optional SKIPPING OPTIONAL DEPENDENCY: fsevents@~2.3.1 (node_modules/chokidar/node_modules/fsevents):
npm WARN notsup SKIPPING OPTIONAL DEPENDENCY: Unsupported platform for fsevents@2.3.2: wanted {"os":"darwin","arch":"any"} (current: {"os":"linux","arch":"x64"})

+ oracledb@5.2.0
updated 1 package and audited 935 packages in 3.987s

86 packages are looking for funding
  run `npm fund` for details

found 7 vulnerabilities (2 moderate, 5 high)
  run `npm audit fix` to fix them, or `npm audit` for details
2022-04-20T15:28:13.185Z appoptics:debug read config from /__w/appoptics-apm-node/appoptics-apm-node/appoptics-apm-config
2022-04-20T15:28:13.187Z appoptics:debug guc ignoring APPOPTICS_LOG_SETTINGS
2022-04-20T15:28:13.187Z appoptics:debug serviceKey dIOz...wWK0:node-agent-test
2022-04-20T15:28:13.187Z appoptics:debug using context provider: ace-context
2022-04-20T15:28:13.250Z appoptics:debug apm 10.2.2-ao.0, bindings 11.2.0, oboe 10.2.0
2022-04-20T15:28:13.438Z appoptics:patching patched crypto 
2022-04-20T15:28:13.462Z appoptics:patching patched https 
2022-04-20T15:28:13.462Z appoptics:patching patched http 
2022-04-20T15:28:13.499Z appoptics:patching patched oracledb 5.2.0
2022-04-20T15:28:13.505Z appoptics:debug starting runtimeMetrics


  probes.oracledb 5.2.0
    âœ“ UDP might lose a message
    âœ“ should be configured to sanitize SQL by default
2022-04-20T15:28:13.543Z appoptics:debug oracledb wrapping getConnection
    âœ“ should trace execute calls (49ms)
2022-04-20T15:28:13.598Z appoptics:debug oracledb wrapping getConnection
2022-04-20T15:28:13.632Z appoptics:debug connection.execute() seems to be patched
2022-04-20T15:28:13.632Z appoptics:debug connection.commit() seems to be patched
2022-04-20T15:28:13.632Z appoptics:debug connection.rollback() seems to be patched
2022-04-20T15:28:13.632Z appoptics:debug connection.break() seems to be patched
2022-04-20T15:28:13.632Z appoptics:debug connection.release seems to be patched
    âœ“ should sanitize query
2022-04-20T15:28:13.637Z appoptics:debug oracledb wrapping getConnection
2022-04-20T15:28:13.677Z appoptics:debug connection.execute() seems to be patched
2022-04-20T15:28:13.677Z appoptics:debug connection.commit() seems to be patched
2022-04-20T15:28:13.677Z appoptics:debug connection.rollback() seems to be patched
2022-04-20T15:28:13.677Z appoptics:debug connection.break() seems to be patched
2022-04-20T15:28:13.677Z appoptics:debug connection.release seems to be patched
    âœ“ should truncate long queries (141ms)
2022-04-20T15:28:13.780Z appoptics:debug ORACLEDB wrapping createPool
2022-04-20T15:28:13.783Z appoptics:debug oracledb wrapping getConnection
    âœ“ should trace execute calls in pool (39ms)
2022-04-20T15:28:13.820Z appoptics:debug oracledb wrapping getConnection
2022-04-20T15:28:13.860Z appoptics:debug connection.execute() seems to be patched
2022-04-20T15:28:13.861Z appoptics:debug connection.commit() seems to be patched
2022-04-20T15:28:13.861Z appoptics:debug connection.rollback() seems to be patched
2022-04-20T15:28:13.861Z appoptics:debug connection.break() seems to be patched
2022-04-20T15:28:13.861Z appoptics:debug connection.release seems to be patched
    âœ“ should include correct isAutoCommit value (50ms)
2022-04-20T15:28:13.875Z appoptics:debug oracledb wrapping getConnection
2022-04-20T15:28:13.909Z appoptics:debug connection.execute() seems to be patched
2022-04-20T15:28:13.909Z appoptics:debug connection.commit() seems to be patched
2022-04-20T15:28:13.909Z appoptics:debug connection.rollback() seems to be patched
2022-04-20T15:28:13.909Z appoptics:debug connection.break() seems to be patched
2022-04-20T15:28:13.909Z appoptics:debug connection.release seems to be patched
    âœ“ should do nothing when disabled


  8 passing (402ms)

npm WARN read-shrinkwrap This version of npm is compatible with lockfileVersion@1, but package-lock.json was generated for lockfileVersion@2. I'll try to do my best with it!

> oracledb@5.3.0 install /__w/appoptics-apm-node/appoptics-apm-node/node_modules/oracledb
> node package/install.js

oracledb ********************************************************************************
oracledb ** Node-oracledb 5.3.0 installed in Node.js 10.24.1 (linux, x64)
oracledb **
oracledb ** To use node-oracledb:
oracledb ** - Oracle Client libraries (64-bit) must be available.
oracledb ** - Follow the installation instructions:
oracledb **   https://oracle.github.io/node-oracledb/INSTALL.html#linuxinstall
oracledb ********************************************************************************

npm WARN optional SKIPPING OPTIONAL DEPENDENCY: fsevents@~2.3.1 (node_modules/chokidar/node_modules/fsevents):
npm WARN notsup SKIPPING OPTIONAL DEPENDENCY: Unsupported platform for fsevents@2.3.2: wanted {"os":"darwin","arch":"any"} (current: {"os":"linux","arch":"x64"})

+ oracledb@5.3.0
updated 1 package and audited 935 packages in 3.45s

86 packages are looking for funding
  run `npm fund` for details

found 7 vulnerabilities (2 moderate, 5 high)
  run `npm audit fix` to fix them, or `npm audit` for details
2022-04-20T15:28:18.394Z appoptics:debug read config from /__w/appoptics-apm-node/appoptics-apm-node/appoptics-apm-config
2022-04-20T15:28:18.395Z appoptics:debug guc ignoring APPOPTICS_LOG_SETTINGS
2022-04-20T15:28:18.395Z appoptics:debug serviceKey dIOz...wWK0:node-agent-test
2022-04-20T15:28:18.396Z appoptics:debug using context provider: ace-context
2022-04-20T15:28:18.460Z appoptics:debug apm 10.2.2-ao.0, bindings 11.2.0, oboe 10.2.0
2022-04-20T15:28:18.604Z appoptics:patching patched crypto 
2022-04-20T15:28:18.634Z appoptics:patching patched https 
2022-04-20T15:28:18.634Z appoptics:patching patched http 
2022-04-20T15:28:18.661Z appoptics:patching patched oracledb 5.3.0
2022-04-20T15:28:18.664Z appoptics:debug starting runtimeMetrics


  probes.oracledb 5.3.0
    âœ“ UDP might lose a message
    âœ“ should be configured to sanitize SQL by default
2022-04-20T15:28:18.686Z appoptics:debug oracledb wrapping getConnection
    âœ“ should trace execute calls (49ms)
2022-04-20T15:28:18.737Z appoptics:debug oracledb wrapping getConnection
2022-04-20T15:28:18.769Z appoptics:debug connection.execute() seems to be patched
2022-04-20T15:28:18.769Z appoptics:debug connection.commit() seems to be patched
2022-04-20T15:28:18.769Z appoptics:debug connection.rollback() seems to be patched
2022-04-20T15:28:18.769Z appoptics:debug connection.break() seems to be patched
2022-04-20T15:28:18.769Z appoptics:debug connection.release seems to be patched
    âœ“ should sanitize query
2022-04-20T15:28:18.775Z appoptics:debug oracledb wrapping getConnection
2022-04-20T15:28:18.807Z appoptics:debug connection.execute() seems to be patched
2022-04-20T15:28:18.807Z appoptics:debug connection.commit() seems to be patched
2022-04-20T15:28:18.807Z appoptics:debug connection.rollback() seems to be patched
2022-04-20T15:28:18.807Z appoptics:debug connection.break() seems to be patched
2022-04-20T15:28:18.807Z appoptics:debug connection.release seems to be patched
    âœ“ should truncate long queries (117ms)
2022-04-20T15:28:18.895Z appoptics:debug ORACLEDB wrapping createPool
2022-04-20T15:28:18.897Z appoptics:debug oracledb wrapping getConnection
    âœ“ should trace execute calls in pool
2022-04-20T15:28:18.932Z appoptics:debug oracledb wrapping getConnection
2022-04-20T15:28:18.964Z appoptics:debug connection.execute() seems to be patched
2022-04-20T15:28:18.964Z appoptics:debug connection.commit() seems to be patched
2022-04-20T15:28:18.964Z appoptics:debug connection.rollback() seems to be patched
2022-04-20T15:28:18.964Z appoptics:debug connection.break() seems to be patched
2022-04-20T15:28:18.964Z appoptics:debug connection.release seems to be patched
    âœ“ should include correct isAutoCommit value (38ms)
2022-04-20T15:28:18.971Z appoptics:debug oracledb wrapping getConnection
2022-04-20T15:28:19.004Z appoptics:debug connection.execute() seems to be patched
2022-04-20T15:28:19.004Z appoptics:debug connection.commit() seems to be patched
2022-04-20T15:28:19.004Z appoptics:debug connection.rollback() seems to be patched
2022-04-20T15:28:19.004Z appoptics:debug connection.break() seems to be patched
2022-04-20T15:28:19.004Z appoptics:debug connection.release seems to be patched
    âœ“ should do nothing when disabled


  8 passing (338ms)

npm WARN read-shrinkwrap This version of npm is compatible with lockfileVersion@1, but package-lock.json was generated for lockfileVersion@2. I'll try to do my best with it!

> oracledb@5.3.0 install /__w/appoptics-apm-node/appoptics-apm-node/node_modules/oracledb
> node package/install.js

oracledb ********************************************************************************
oracledb ** Node-oracledb 5.3.0 installed in Node.js 10.24.1 (linux, x64)
oracledb **
oracledb ** To use node-oracledb:
oracledb ** - Oracle Client libraries (64-bit) must be available.
oracledb ** - Follow the installation instructions:
oracledb **   https://oracle.github.io/node-oracledb/INSTALL.html#linuxinstall
oracledb ********************************************************************************

npm WARN optional SKIPPING OPTIONAL DEPENDENCY: fsevents@~2.3.1 (node_modules/chokidar/node_modules/fsevents):
npm WARN notsup SKIPPING OPTIONAL DEPENDENCY: Unsupported platform for fsevents@2.3.2: wanted {"os":"darwin","arch":"any"} (current: {"os":"linux","arch":"x64"})

+ oracledb@5.3.0
updated 1 package and audited 935 packages in 4.173s

86 packages are looking for funding
  run `npm fund` for details

found 7 vulnerabilities (2 moderate, 5 high)
  run `npm audit fix` to fix them, or `npm audit` for details
