npm WARN deprecated oracledb@2.0.14: Update to node-oracledb 5

> oracledb@2.0.14 install /__w/appoptics-apm-node/appoptics-apm-node/node_modules/oracledb
> node package/oracledbinstall.js

oracledb Beginning installation
oracledb Verifying installation
oracledb Binary not found
oracledb Continuing installation
oracledb [31mERR![0m NJS-054: Binary build/Release/oracledb.node was not installed from oracledb-v2.0.14-node-v64-linux-x64.gz
oracledb [31mERR![0m EACCES: permission denied, mkdir 'build'
oracledb [31mERR![0m If the error is not network or filesystem related, then review 
oracledb [31mERR![0m the Python 2.7 and compiler prerequisites in the installation instructions and
oracledb [31mERR![0m then install from source code with: npm install oracle/node-oracledb.git#v2.0.14
oracledb [31mERR![0m See https://github.com/oracle/node-oracledb/blob/master/INSTALL.md 

npm WARN optional SKIPPING OPTIONAL DEPENDENCY: fsevents@~2.3.1 (node_modules/chokidar/node_modules/fsevents):
npm WARN notsup SKIPPING OPTIONAL DEPENDENCY: Unsupported platform for fsevents@2.3.2: wanted {"os":"darwin","arch":"any"} (current: {"os":"linux","arch":"x64"})

npm ERR! code ELIFECYCLE
npm ERR! errno 87
npm ERR! oracledb@2.0.14 install: `node package/oracledbinstall.js`
npm ERR! Exit status 87
npm ERR! 
npm ERR! Failed at the oracledb@2.0.14 install script.
npm ERR! This is probably not a problem with npm. There is likely additional logging output above.

npm ERR! A complete log of this run can be found in:
npm ERR!     /github/home/.npm/_logs/2021-09-23T17_21_55_891Z-debug.log
npm WARN deprecated oracledb@2.0.15: Update to node-oracledb 5

> oracledb@2.0.15 install /__w/appoptics-apm-node/appoptics-apm-node/node_modules/oracledb
> node package/oracledbinstall.js

oracledb Beginning installation
oracledb Verifying installation
oracledb Binary not found
oracledb Continuing installation
oracledb [31mERR![0m NJS-054: Binary build/Release/oracledb.node was not installed from oracledb-v2.0.15-node-v64-linux-x64.gz
oracledb [31mERR![0m EACCES: permission denied, mkdir 'build'
oracledb [31mERR![0m If the error is not network or filesystem related, then review 
oracledb [31mERR![0m the Python 2.7 and compiler prerequisites in the installation instructions and
oracledb [31mERR![0m then install from source code with: npm install oracle/node-oracledb.git#v2.0.15
oracledb [31mERR![0m See https://github.com/oracle/node-oracledb/blob/master/INSTALL.md 

npm WARN optional SKIPPING OPTIONAL DEPENDENCY: fsevents@~2.3.1 (node_modules/chokidar/node_modules/fsevents):
npm WARN notsup SKIPPING OPTIONAL DEPENDENCY: Unsupported platform for fsevents@2.3.2: wanted {"os":"darwin","arch":"any"} (current: {"os":"linux","arch":"x64"})

npm ERR! code ELIFECYCLE
npm ERR! errno 87
npm ERR! oracledb@2.0.15 install: `node package/oracledbinstall.js`
npm ERR! Exit status 87
npm ERR! 
npm ERR! Failed at the oracledb@2.0.15 install script.
npm ERR! This is probably not a problem with npm. There is likely additional logging output above.

npm ERR! A complete log of this run can be found in:
npm ERR!     /github/home/.npm/_logs/2021-09-23T17_22_01_054Z-debug.log
npm WARN deprecated oracledb@2.1.0: Update to node-oracledb 5

> oracledb@2.1.0 install /__w/appoptics-apm-node/appoptics-apm-node/node_modules/oracledb
> node package/oracledbinstall.js

oracledb Beginning installation
oracledb Verifying installation
oracledb Binary not found
oracledb Continuing installation
oracledb [31mERR![0m NJS-054: Binary build/Release/oracledb.node was not installed from oracledb-v2.1.0-node-v64-linux-x64.gz
oracledb [31mERR![0m EACCES: permission denied, mkdir 'build'
oracledb [31mERR![0m If the error is not network or filesystem related, then review 
oracledb [31mERR![0m the Python 2.7 and compiler prerequisites in the installation instructions and
oracledb [31mERR![0m then install from source code with: npm install oracle/node-oracledb.git#v2.1.0
oracledb [31mERR![0m See https://github.com/oracle/node-oracledb/blob/master/INSTALL.md 

npm WARN optional SKIPPING OPTIONAL DEPENDENCY: fsevents@~2.3.1 (node_modules/chokidar/node_modules/fsevents):
npm WARN notsup SKIPPING OPTIONAL DEPENDENCY: Unsupported platform for fsevents@2.3.2: wanted {"os":"darwin","arch":"any"} (current: {"os":"linux","arch":"x64"})

npm ERR! code ELIFECYCLE
npm ERR! errno 87
npm ERR! oracledb@2.1.0 install: `node package/oracledbinstall.js`
npm ERR! Exit status 87
npm ERR! 
npm ERR! Failed at the oracledb@2.1.0 install script.
npm ERR! This is probably not a problem with npm. There is likely additional logging output above.

npm ERR! A complete log of this run can be found in:
npm ERR!     /github/home/.npm/_logs/2021-09-23T17_22_06_043Z-debug.log
npm WARN deprecated oracledb@2.1.1: Update to node-oracledb 5

> oracledb@2.1.1 install /__w/appoptics-apm-node/appoptics-apm-node/node_modules/oracledb
> node package/oracledbinstall.js

oracledb Beginning installation
oracledb Verifying installation
oracledb Binary not found
oracledb Continuing installation
oracledb [31mERR![0m NJS-054: Binary build/Release/oracledb.node was not installed from oracledb-v2.1.1-node-v64-linux-x64.gz
oracledb [31mERR![0m EACCES: permission denied, mkdir 'build'
oracledb [31mERR![0m If the error is not network or filesystem related, then review 
oracledb [31mERR![0m the Python 2.7 and compiler prerequisites in the installation instructions and
oracledb [31mERR![0m then install from source code with: npm install oracle/node-oracledb.git#v2.1.1
oracledb [31mERR![0m See https://github.com/oracle/node-oracledb/blob/master/INSTALL.md 

npm WARN optional SKIPPING OPTIONAL DEPENDENCY: fsevents@~2.3.1 (node_modules/chokidar/node_modules/fsevents):
npm WARN notsup SKIPPING OPTIONAL DEPENDENCY: Unsupported platform for fsevents@2.3.2: wanted {"os":"darwin","arch":"any"} (current: {"os":"linux","arch":"x64"})

npm ERR! code ELIFECYCLE
npm ERR! errno 87
npm ERR! oracledb@2.1.1 install: `node package/oracledbinstall.js`
npm ERR! Exit status 87
npm ERR! 
npm ERR! Failed at the oracledb@2.1.1 install script.
npm ERR! This is probably not a problem with npm. There is likely additional logging output above.

npm ERR! A complete log of this run can be found in:
npm ERR!     /github/home/.npm/_logs/2021-09-23T17_22_11_558Z-debug.log
npm WARN deprecated oracledb@2.1.2: Update to node-oracledb 5

> oracledb@2.1.2 install /__w/appoptics-apm-node/appoptics-apm-node/node_modules/oracledb
> node package/oracledbinstall.js

oracledb Beginning installation
oracledb Verifying installation
oracledb Binary not found
oracledb Continuing installation
oracledb [31mERR![0m NJS-054: Binary build/Release/oracledb.node was not installed from oracledb-v2.1.2-node-v64-linux-x64.gz
oracledb [31mERR![0m EACCES: permission denied, mkdir 'build'
oracledb [31mERR![0m If the error is not network or filesystem related, then review 
oracledb [31mERR![0m the Python 2.7 and compiler prerequisites in the installation instructions and
oracledb [31mERR![0m then install from source code with: npm install oracle/node-oracledb.git#v2.1.2
oracledb [31mERR![0m See https://github.com/oracle/node-oracledb/blob/master/INSTALL.md 

npm WARN optional SKIPPING OPTIONAL DEPENDENCY: fsevents@~2.3.1 (node_modules/chokidar/node_modules/fsevents):
npm WARN notsup SKIPPING OPTIONAL DEPENDENCY: Unsupported platform for fsevents@2.3.2: wanted {"os":"darwin","arch":"any"} (current: {"os":"linux","arch":"x64"})

npm ERR! code ELIFECYCLE
npm ERR! errno 87
npm ERR! oracledb@2.1.2 install: `node package/oracledbinstall.js`
npm ERR! Exit status 87
npm ERR! 
npm ERR! Failed at the oracledb@2.1.2 install script.
npm ERR! This is probably not a problem with npm. There is likely additional logging output above.

npm ERR! A complete log of this run can be found in:
npm ERR!     /github/home/.npm/_logs/2021-09-23T17_22_16_544Z-debug.log
npm WARN deprecated oracledb@2.2.0: Update to node-oracledb 5

> oracledb@2.2.0 install /__w/appoptics-apm-node/appoptics-apm-node/node_modules/oracledb
> node package/oracledbinstall.js

oracledb Beginning installation
oracledb Verifying installation
oracledb Continuing installation
oracledb [31mERR![0m NJS-054: Binary build/Release/oracledb.node was not installed.
oracledb [31mERR![0m Pre-built binary packages are not available for this version of Node.js (NODE_MODULE_VERSION="64")
oracledb [31mERR![0m Failed to install binary package oracledb-v2.2.0-node-v64-linux-x64.gz
oracledb [31mERR![0m EACCES: permission denied, mkdir 'build'
oracledb [31mERR![0m For help see https://oracle.github.io/node-oracledb/INSTALL.html#troubleshooting

npm WARN optional SKIPPING OPTIONAL DEPENDENCY: fsevents@~2.3.1 (node_modules/chokidar/node_modules/fsevents):
npm WARN notsup SKIPPING OPTIONAL DEPENDENCY: Unsupported platform for fsevents@2.3.2: wanted {"os":"darwin","arch":"any"} (current: {"os":"linux","arch":"x64"})

npm ERR! code ELIFECYCLE
npm ERR! errno 87
npm ERR! oracledb@2.2.0 install: `node package/oracledbinstall.js`
npm ERR! Exit status 87
npm ERR! 
npm ERR! Failed at the oracledb@2.2.0 install script.
npm ERR! This is probably not a problem with npm. There is likely additional logging output above.

npm ERR! A complete log of this run can be found in:
npm ERR!     /github/home/.npm/_logs/2021-09-23T17_22_21_717Z-debug.log
npm WARN deprecated oracledb@2.3.0: Update to node-oracledb 5

> oracledb@2.3.0 install /__w/appoptics-apm-node/appoptics-apm-node/node_modules/oracledb
> node package/oracledbinstall.js

oracledb Beginning installation
oracledb Verifying installation
oracledb Continuing installation
oracledb [31mERR![0m NJS-054: Binary build/Release/oracledb.node was not installed.
oracledb [31mERR![0m Failed to install binary package oracledb-v2.3.0-node-v64-linux-x64.gz
oracledb [31mERR![0m EACCES: permission denied, mkdir 'build'
oracledb [31mERR![0m For help see https://oracle.github.io/node-oracledb/INSTALL.html#troubleshooting

npm WARN optional SKIPPING OPTIONAL DEPENDENCY: fsevents@~2.3.1 (node_modules/chokidar/node_modules/fsevents):
npm WARN notsup SKIPPING OPTIONAL DEPENDENCY: Unsupported platform for fsevents@2.3.2: wanted {"os":"darwin","arch":"any"} (current: {"os":"linux","arch":"x64"})

npm ERR! code ELIFECYCLE
npm ERR! errno 87
npm ERR! oracledb@2.3.0 install: `node package/oracledbinstall.js`
npm ERR! Exit status 87
npm ERR! 
npm ERR! Failed at the oracledb@2.3.0 install script.
npm ERR! This is probably not a problem with npm. There is likely additional logging output above.

npm ERR! A complete log of this run can be found in:
npm ERR!     /github/home/.npm/_logs/2021-09-23T17_22_26_379Z-debug.log
npm WARN deprecated oracledb@3.0.0: Update to node-oracledb 5

> oracledb@3.0.0 install /__w/appoptics-apm-node/appoptics-apm-node/node_modules/oracledb
> node package/oracledbinstall.js

oracledb Beginning installation
oracledb Verifying installation
oracledb Continuing installation
oracledb [31mERR![0m NJS-054: Binary build/Release/oracledb.node was not installed.
oracledb [31mERR![0m Failed to install binary package oracledb-v3.0.0-node-abi64-linux-x64.gz
oracledb [31mERR![0m EACCES: permission denied, mkdir 'build'
oracledb [31mERR![0m For help see https://oracle.github.io/node-oracledb/INSTALL.html#troubleshooting

npm WARN optional SKIPPING OPTIONAL DEPENDENCY: fsevents@~2.3.1 (node_modules/chokidar/node_modules/fsevents):
npm WARN notsup SKIPPING OPTIONAL DEPENDENCY: Unsupported platform for fsevents@2.3.2: wanted {"os":"darwin","arch":"any"} (current: {"os":"linux","arch":"x64"})

npm ERR! code ELIFECYCLE
npm ERR! errno 87
npm ERR! oracledb@3.0.0 install: `node package/oracledbinstall.js`
npm ERR! Exit status 87
npm ERR! 
npm ERR! Failed at the oracledb@3.0.0 install script.
npm ERR! This is probably not a problem with npm. There is likely additional logging output above.

npm ERR! A complete log of this run can be found in:
npm ERR!     /github/home/.npm/_logs/2021-09-23T17_22_30_939Z-debug.log
npm WARN deprecated oracledb@3.0.1: Update to node-oracledb 5

> oracledb@3.0.1 install /__w/appoptics-apm-node/appoptics-apm-node/node_modules/oracledb
> node package/oracledbinstall.js

oracledb Beginning installation
oracledb [31mERR![0m NJS-054: Binary build/Release/oracledb.node was not installed.
oracledb [31mERR![0m Failed to install binary package oracledb-v3.0.1-node-abi64-linux-x64.gz
oracledb [31mERR![0m EACCES: permission denied, mkdir 'build'
oracledb [31mERR![0m For help see https://oracle.github.io/node-oracledb/INSTALL.html#troubleshooting

npm WARN optional SKIPPING OPTIONAL DEPENDENCY: fsevents@~2.3.1 (node_modules/chokidar/node_modules/fsevents):
npm WARN notsup SKIPPING OPTIONAL DEPENDENCY: Unsupported platform for fsevents@2.3.2: wanted {"os":"darwin","arch":"any"} (current: {"os":"linux","arch":"x64"})

npm ERR! code ELIFECYCLE
npm ERR! errno 87
npm ERR! oracledb@3.0.1 install: `node package/oracledbinstall.js`
npm ERR! Exit status 87
npm ERR! 
npm ERR! Failed at the oracledb@3.0.1 install script.
npm ERR! This is probably not a problem with npm. There is likely additional logging output above.

npm ERR! A complete log of this run can be found in:
npm ERR!     /github/home/.npm/_logs/2021-09-23T17_22_36_668Z-debug.log
npm WARN deprecated oracledb@3.1.0: Update to node-oracledb 5

> oracledb@3.1.0 install /__w/appoptics-apm-node/appoptics-apm-node/node_modules/oracledb
> node package/install.js

oracledb ********************************************************************************
oracledb ** Node-oracledb 3.1.0 installed for Node.js 10.24.1 (linux, x64)
oracledb **
oracledb ** To use node-oracledb:
oracledb ** - Oracle Client libraries (64-bit) must be configured with ldconfig or LD_LIBRARY_PATH
oracledb ** - To get libraries, install an Instant Client Basic or Basic Light package from
oracledb **   https://www.oracle.com/technetwork/topics/linuxx86-64soft-092277.html
oracledb **
oracledb ** Installation instructions: https://oracle.github.io/node-oracledb/INSTALL.html
oracledb ********************************************************************************

npm WARN optional SKIPPING OPTIONAL DEPENDENCY: fsevents@~2.3.1 (node_modules/chokidar/node_modules/fsevents):
npm WARN notsup SKIPPING OPTIONAL DEPENDENCY: Unsupported platform for fsevents@2.3.2: wanted {"os":"darwin","arch":"any"} (current: {"os":"linux","arch":"x64"})

+ oracledb@3.1.0
added 1 package and audited 1098 packages in 4.222s

72 packages are looking for funding
  run `npm fund` for details

found 23 vulnerabilities (5 low, 4 moderate, 12 high, 2 critical)
  run `npm audit fix` to fix them, or `npm audit` for details
2021-09-23T17:22:41.903Z appoptics:debug read config from /__w/appoptics-apm-node/appoptics-apm-node/appoptics-apm-config
2021-09-23T17:22:41.905Z appoptics:debug guc ignoring APPOPTICS_LOG_SETTINGS
2021-09-23T17:22:41.905Z appoptics:debug serviceKey dIOz...wWK0:ao-node-test
2021-09-23T17:22:41.905Z appoptics:debug using context provider: ace-context
2021-09-23T17:22:41.974Z appoptics:debug apm 10.1.0, bindings 11.1.0, oboe 10.1.1
2021-09-23T17:22:42.027Z appoptics:patching patched crypto 
2021-09-23T17:22:42.057Z appoptics:patching patched https 
2021-09-23T17:22:42.057Z appoptics:patching patched http 
2021-09-23T17:22:42.101Z appoptics:patching patched oracledb 3.1.0
2021-09-23T17:22:42.106Z appoptics:debug starting runtimeMetrics


  probes.oracledb 3.1.0
    âœ“ UDP might lose a message
2021-09-23T17:22:42.229Z appoptics:debug asking helper to execute test_basic
2021-09-23T17:22:42.230Z appoptics:debug test_basic being executed
2021-09-23T17:22:42.294Z appoptics:debug done with test_basic oracledb.getConnection
2021-09-23T17:22:42.382Z appoptics:debug test_basic query callback invoked
2021-09-23T17:22:42.387Z appoptics:debug span.exit - no last event outer outer:entry 2b-208b4c67142d81217fc1964c2140e273a14274a8-50124bb87bd36ca2-01 outer:exit 2b-208b4c67142d81217fc1964c2140e273a14274a8-84fd5a481ba3dfd9-01
2021-09-23T17:22:42.387Z appoptics:error Can not set lastEvent. Context may be lost.
    1) should trace execute calls
2021-09-23T17:22:42.441Z appoptics:debug span.exit - no last event outer outer:entry 2b-deca3dbc91e342ce28552076f151972fe952a5a4-e45f29e3c393f2bc-01 outer:exit 2b-deca3dbc91e342ce28552076f151972fe952a5a4-45cfd1830c5ae8ba-01
2021-09-23T17:22:42.441Z appoptics:error Can not set lastEvent. Context may be lost.
    2) should trace execute calls in pool
2021-09-23T17:22:42.493Z appoptics:debug span.exit - no last event outer outer:entry 2b-8cb171f1f33a91c95bcd196dedff4bef756aa9e7-319ac23cfa1b750d-01 outer:exit 2b-8cb171f1f33a91c95bcd196dedff4bef756aa9e7-0ad77b4808067ff3-01
2021-09-23T17:22:42.493Z appoptics:error Can not set lastEvent. Context may be lost.
    3) should include correct isAutoCommit value


  1 passing (283ms)
  3 failing

  1) probes.oracledb 3.1.0
       should trace execute calls:
     Uncaught AssertionError: expected Object {
  Edge: '50124BB87BD36CA2',
  Hostname: '28abd309fec2',
  Label: 'exit',
  Layer: 'outer',
  TID: 668,
  Timestamp_u: 1632417762387745,
  'X-Trace': '2B208B4C67142D81217FC1964C2140E273A14274A884FD5A481BA3DFD901',
  _V: '1'
} to have property Layer of 'oracle' (got 'outer')
      at Assertion.fail (node_modules/should/lib/assertion.js:92:17)
      at Assertion.value [as property] (node_modules/should/lib/assertion.js:164:19)
      at Object.oracle-entry (test/probes/oracledb.test.js:78:23)
      at /__w/appoptics-apm-node/appoptics-apm-node/test/probes/oracledb.test.js:127:31
      at EventEmitter.onMessage (test/helper.js:170:9)
      at Socket.<anonymous> (test/helper.js:112:13)
      at UDP.onMessage [as onmessage] (dgram.js:628:8)

  2) probes.oracledb 3.1.0
       should trace execute calls in pool:
     Uncaught AssertionError: expected Object {
  Edge: 'E45F29E3C393F2BC',
  Hostname: '28abd309fec2',
  Label: 'exit',
  Layer: 'outer',
  TID: 668,
  Timestamp_u: 1632417762441889,
  'X-Trace': '2BDECA3DBC91E342CE28552076F151972FE952A5A445CFD1830C5AE8BA01',
  _V: '1'
} to have property Layer of 'oracle' (got 'outer')
      at Assertion.fail (node_modules/should/lib/assertion.js:92:17)
      at Assertion.value [as property] (node_modules/should/lib/assertion.js:164:19)
      at Object.oracle-entry (test/probes/oracledb.test.js:78:23)
      at /__w/appoptics-apm-node/appoptics-apm-node/test/probes/oracledb.test.js:151:31
      at EventEmitter.onMessage (test/helper.js:170:9)
      at Socket.<anonymous> (test/helper.js:112:13)
      at UDP.onMessage [as onmessage] (dgram.js:628:8)

  3) probes.oracledb 3.1.0
       should include correct isAutoCommit value:
     Uncaught AssertionError: expected Object {
  Edge: '319AC23CFA1B750D',
  Hostname: '28abd309fec2',
  Label: 'exit',
  Layer: 'outer',
  TID: 668,
  Timestamp_u: 1632417762493503,
  'X-Trace': '2B8CB171F1F33A91C95BCD196DEDFF4BEF756AA9E70AD77B4808067FF301',
  _V: '1'
} to have property Layer of 'oracle' (got 'outer')
      at Assertion.fail (node_modules/should/lib/assertion.js:92:17)
      at Assertion.value [as property] (node_modules/should/lib/assertion.js:164:19)
      at Object.oracle-entry (test/probes/oracledb.test.js:78:23)
      at /__w/appoptics-apm-node/appoptics-apm-node/test/probes/oracledb.test.js:190:31
      at EventEmitter.onMessage (test/helper.js:170:9)
      at Socket.<anonymous> (test/helper.js:112:13)
      at UDP.onMessage [as onmessage] (dgram.js:628:8)



npm WARN deprecated oracledb@3.1.1: Update to node-oracledb 5

> oracledb@3.1.1 install /__w/appoptics-apm-node/appoptics-apm-node/node_modules/oracledb
> node package/install.js

oracledb ********************************************************************************
oracledb ** Node-oracledb 3.1.1 installed for Node.js 10.24.1 (linux, x64)
oracledb **
oracledb ** To use node-oracledb:
oracledb ** - Oracle Client libraries (64-bit) must be configured with ldconfig or LD_LIBRARY_PATH
oracledb ** - To get libraries, install an Instant Client Basic or Basic Light package from
oracledb **   https://www.oracle.com/technetwork/topics/linuxx86-64soft-092277.html
oracledb **
oracledb ** Installation instructions: https://oracle.github.io/node-oracledb/INSTALL.html
oracledb ********************************************************************************

npm WARN optional SKIPPING OPTIONAL DEPENDENCY: fsevents@~2.3.1 (node_modules/chokidar/node_modules/fsevents):
npm WARN notsup SKIPPING OPTIONAL DEPENDENCY: Unsupported platform for fsevents@2.3.2: wanted {"os":"darwin","arch":"any"} (current: {"os":"linux","arch":"x64"})

+ oracledb@3.1.1
updated 1 package and audited 1098 packages in 5.574s

72 packages are looking for funding
  run `npm fund` for details

found 23 vulnerabilities (5 low, 4 moderate, 12 high, 2 critical)
  run `npm audit fix` to fix them, or `npm audit` for details
2021-09-23T17:22:49.158Z appoptics:debug read config from /__w/appoptics-apm-node/appoptics-apm-node/appoptics-apm-config
2021-09-23T17:22:49.160Z appoptics:debug guc ignoring APPOPTICS_LOG_SETTINGS
2021-09-23T17:22:49.160Z appoptics:debug serviceKey dIOz...wWK0:ao-node-test
2021-09-23T17:22:49.160Z appoptics:debug using context provider: ace-context
2021-09-23T17:22:49.221Z appoptics:debug apm 10.1.0, bindings 11.1.0, oboe 10.1.1
2021-09-23T17:22:49.263Z appoptics:patching patched crypto 
2021-09-23T17:22:49.290Z appoptics:patching patched https 
2021-09-23T17:22:49.291Z appoptics:patching patched http 
2021-09-23T17:22:49.321Z appoptics:patching patched oracledb 3.1.1
2021-09-23T17:22:49.326Z appoptics:debug starting runtimeMetrics


  probes.oracledb 3.1.1
    âœ“ UDP might lose a message
2021-09-23T17:22:49.451Z appoptics:debug asking helper to execute test_basic
2021-09-23T17:22:49.452Z appoptics:debug test_basic being executed
2021-09-23T17:22:49.460Z appoptics:debug done with test_basic oracledb.getConnection
2021-09-23T17:22:49.499Z appoptics:debug test_basic query callback invoked
2021-09-23T17:22:49.501Z appoptics:debug span.exit - no last event outer outer:entry 2b-722c25215b2ee760f3888d00d9a9da9871e28ec4-4727100e84db5c06-01 outer:exit 2b-722c25215b2ee760f3888d00d9a9da9871e28ec4-c003dc656cf5dd55-01
2021-09-23T17:22:49.501Z appoptics:error Can not set lastEvent. Context may be lost.
    1) should trace execute calls
2021-09-23T17:22:49.543Z appoptics:debug span.exit - no last event outer outer:entry 2b-16c1985b64c9ae49e8717624b529a82ee4e012e0-b1c7a3c184419f26-01 outer:exit 2b-16c1985b64c9ae49e8717624b529a82ee4e012e0-70ba11f306bc97a0-01
2021-09-23T17:22:49.543Z appoptics:error Can not set lastEvent. Context may be lost.
    2) should trace execute calls in pool
2021-09-23T17:22:49.580Z appoptics:debug span.exit - no last event outer outer:entry 2b-95298fd45dd249b1969d45f7907c025cc9077e41-733976cedb337ac2-01 outer:exit 2b-95298fd45dd249b1969d45f7907c025cc9077e41-bed1c61466cfaa2a-01
2021-09-23T17:22:49.580Z appoptics:error Can not set lastEvent. Context may be lost.
    3) should include correct isAutoCommit value


  1 passing (148ms)
  3 failing

  1) probes.oracledb 3.1.1
       should trace execute calls:
     Uncaught AssertionError: expected Object {
  Edge: '4727100E84DB5C06',
  Hostname: '28abd309fec2',
  Label: 'exit',
  Layer: 'outer',
  TID: 700,
  Timestamp_u: 1632417769501532,
  'X-Trace': '2B722C25215B2EE760F3888D00D9A9DA9871E28EC4C003DC656CF5DD5501',
  _V: '1'
} to have property Layer of 'oracle' (got 'outer')
      at Assertion.fail (node_modules/should/lib/assertion.js:92:17)
      at Assertion.value [as property] (node_modules/should/lib/assertion.js:164:19)
      at Object.oracle-entry (test/probes/oracledb.test.js:78:23)
      at /__w/appoptics-apm-node/appoptics-apm-node/test/probes/oracledb.test.js:127:31
      at EventEmitter.onMessage (test/helper.js:170:9)
      at Socket.<anonymous> (test/helper.js:112:13)
      at UDP.onMessage [as onmessage] (dgram.js:628:8)

  2) probes.oracledb 3.1.1
       should trace execute calls in pool:
     Uncaught AssertionError: expected Object {
  Edge: 'B1C7A3C184419F26',
  Hostname: '28abd309fec2',
  Label: 'exit',
  Layer: 'outer',
  TID: 700,
  Timestamp_u: 1632417769543397,
  'X-Trace': '2B16C1985B64C9AE49E8717624B529A82EE4E012E070BA11F306BC97A001',
  _V: '1'
} to have property Layer of 'oracle' (got 'outer')
      at Assertion.fail (node_modules/should/lib/assertion.js:92:17)
      at Assertion.value [as property] (node_modules/should/lib/assertion.js:164:19)
      at Object.oracle-entry (test/probes/oracledb.test.js:78:23)
      at /__w/appoptics-apm-node/appoptics-apm-node/test/probes/oracledb.test.js:151:31
      at EventEmitter.onMessage (test/helper.js:170:9)
      at Socket.<anonymous> (test/helper.js:112:13)
      at UDP.onMessage [as onmessage] (dgram.js:628:8)

  3) probes.oracledb 3.1.1
       should include correct isAutoCommit value:
     Uncaught AssertionError: expected Object {
  Edge: '733976CEDB337AC2',
  Hostname: '28abd309fec2',
  Label: 'exit',
  Layer: 'outer',
  TID: 700,
  Timestamp_u: 1632417769580416,
  'X-Trace': '2B95298FD45DD249B1969D45F7907C025CC9077E41BED1C61466CFAA2A01',
  _V: '1'
} to have property Layer of 'oracle' (got 'outer')
      at Assertion.fail (node_modules/should/lib/assertion.js:92:17)
      at Assertion.value [as property] (node_modules/should/lib/assertion.js:164:19)
      at Object.oracle-entry (test/probes/oracledb.test.js:78:23)
      at /__w/appoptics-apm-node/appoptics-apm-node/test/probes/oracledb.test.js:190:31
      at EventEmitter.onMessage (test/helper.js:170:9)
      at Socket.<anonymous> (test/helper.js:112:13)
      at UDP.onMessage [as onmessage] (dgram.js:628:8)



npm WARN deprecated oracledb@3.1.2: Update to node-oracledb 5

> oracledb@3.1.2 install /__w/appoptics-apm-node/appoptics-apm-node/node_modules/oracledb
> node package/install.js

oracledb ********************************************************************************
oracledb ** Node-oracledb 3.1.2 installed for Node.js 10.24.1 (linux, x64)
oracledb **
oracledb ** To use node-oracledb:
oracledb ** - Oracle Client libraries (64-bit) must be configured with ldconfig or LD_LIBRARY_PATH
oracledb ** - To get libraries, install an Instant Client Basic or Basic Light package from
oracledb **   https://www.oracle.com/technetwork/topics/linuxx86-64soft-092277.html
oracledb **
oracledb ** Installation instructions: https://oracle.github.io/node-oracledb/INSTALL.html
oracledb ********************************************************************************

npm WARN optional SKIPPING OPTIONAL DEPENDENCY: fsevents@~2.3.1 (node_modules/chokidar/node_modules/fsevents):
npm WARN notsup SKIPPING OPTIONAL DEPENDENCY: Unsupported platform for fsevents@2.3.2: wanted {"os":"darwin","arch":"any"} (current: {"os":"linux","arch":"x64"})

+ oracledb@3.1.2
updated 1 package and audited 1098 packages in 4.355s

72 packages are looking for funding
  run `npm fund` for details

found 23 vulnerabilities (5 low, 4 moderate, 12 high, 2 critical)
  run `npm audit fix` to fix them, or `npm audit` for details
2021-09-23T17:22:54.984Z appoptics:debug read config from /__w/appoptics-apm-node/appoptics-apm-node/appoptics-apm-config
2021-09-23T17:22:54.986Z appoptics:debug guc ignoring APPOPTICS_LOG_SETTINGS
2021-09-23T17:22:54.986Z appoptics:debug serviceKey dIOz...wWK0:ao-node-test
2021-09-23T17:22:54.986Z appoptics:debug using context provider: ace-context
2021-09-23T17:22:55.045Z appoptics:debug apm 10.1.0, bindings 11.1.0, oboe 10.1.1
2021-09-23T17:22:55.087Z appoptics:patching patched crypto 
2021-09-23T17:22:55.114Z appoptics:patching patched https 
2021-09-23T17:22:55.114Z appoptics:patching patched http 
2021-09-23T17:22:55.145Z appoptics:patching patched oracledb 3.1.2
2021-09-23T17:22:55.149Z appoptics:debug starting runtimeMetrics


  probes.oracledb 3.1.2
    âœ“ UDP might lose a message
2021-09-23T17:22:55.290Z appoptics:debug asking helper to execute test_basic
2021-09-23T17:22:55.290Z appoptics:debug test_basic being executed
2021-09-23T17:22:55.302Z appoptics:debug done with test_basic oracledb.getConnection
2021-09-23T17:22:55.345Z appoptics:debug test_basic query callback invoked
2021-09-23T17:22:55.349Z appoptics:debug span.exit - no last event outer outer:entry 2b-dc73939357d20e3515a5cd38d3b7555552eac804-3fa18b3e1b02dc77-01 outer:exit 2b-dc73939357d20e3515a5cd38d3b7555552eac804-61c785e18be70f4b-01
2021-09-23T17:22:55.350Z appoptics:error Can not set lastEvent. Context may be lost.
    1) should trace execute calls
2021-09-23T17:22:55.452Z appoptics:debug span.exit - no last event outer outer:entry 2b-4a71e7b5decd2a6c3d531e6c06052607e29cd9aa-658eafbe945a8aa6-01 outer:exit 2b-4a71e7b5decd2a6c3d531e6c06052607e29cd9aa-9761ea8133ee7781-01
2021-09-23T17:22:55.452Z appoptics:error Can not set lastEvent. Context may be lost.
    2) should trace execute calls in pool
2021-09-23T17:22:55.491Z appoptics:debug span.exit - no last event outer outer:entry 2b-ea5401e52b43eeb850cc24a46416cf1d2cffb2ae-1f7f2fae42149776-01 outer:exit 2b-ea5401e52b43eeb850cc24a46416cf1d2cffb2ae-61397f03124d0199-01
2021-09-23T17:22:55.491Z appoptics:error Can not set lastEvent. Context may be lost.
    3) should include correct isAutoCommit value


  1 passing (230ms)
  3 failing

  1) probes.oracledb 3.1.2
       should trace execute calls:
     Uncaught AssertionError: expected Object {
  Edge: '3FA18B3E1B02DC77',
  Hostname: '28abd309fec2',
  Label: 'exit',
  Layer: 'outer',
  TID: 732,
  Timestamp_u: 1632417775350212,
  'X-Trace': '2BDC73939357D20E3515A5CD38D3B7555552EAC80461C785E18BE70F4B01',
  _V: '1'
} to have property Layer of 'oracle' (got 'outer')
      at Assertion.fail (node_modules/should/lib/assertion.js:92:17)
      at Assertion.value [as property] (node_modules/should/lib/assertion.js:164:19)
      at Object.oracle-entry (test/probes/oracledb.test.js:78:23)
      at /__w/appoptics-apm-node/appoptics-apm-node/test/probes/oracledb.test.js:127:31
      at EventEmitter.onMessage (test/helper.js:170:9)
      at Socket.<anonymous> (test/helper.js:112:13)
      at UDP.onMessage [as onmessage] (dgram.js:628:8)

  2) probes.oracledb 3.1.2
       should trace execute calls in pool:
     Uncaught AssertionError: expected Object {
  Edge: '658EAFBE945A8AA6',
  Hostname: '28abd309fec2',
  Label: 'exit',
  Layer: 'outer',
  TID: 732,
  Timestamp_u: 1632417775452338,
  'X-Trace': '2B4A71E7B5DECD2A6C3D531E6C06052607E29CD9AA9761EA8133EE778101',
  _V: '1'
} to have property Layer of 'oracle' (got 'outer')
      at Assertion.fail (node_modules/should/lib/assertion.js:92:17)
      at Assertion.value [as property] (node_modules/should/lib/assertion.js:164:19)
      at Object.oracle-entry (test/probes/oracledb.test.js:78:23)
      at /__w/appoptics-apm-node/appoptics-apm-node/test/probes/oracledb.test.js:151:31
      at EventEmitter.onMessage (test/helper.js:170:9)
      at Socket.<anonymous> (test/helper.js:112:13)
      at UDP.onMessage [as onmessage] (dgram.js:628:8)

  3) probes.oracledb 3.1.2
       should include correct isAutoCommit value:
     Uncaught AssertionError: expected Object {
  Edge: '1F7F2FAE42149776',
  Hostname: '28abd309fec2',
  Label: 'exit',
  Layer: 'outer',
  TID: 732,
  Timestamp_u: 1632417775491206,
  'X-Trace': '2BEA5401E52B43EEB850CC24A46416CF1D2CFFB2AE61397F03124D019901',
  _V: '1'
} to have property Layer of 'oracle' (got 'outer')
      at Assertion.fail (node_modules/should/lib/assertion.js:92:17)
      at Assertion.value [as property] (node_modules/should/lib/assertion.js:164:19)
      at Object.oracle-entry (test/probes/oracledb.test.js:78:23)
      at /__w/appoptics-apm-node/appoptics-apm-node/test/probes/oracledb.test.js:190:31
      at EventEmitter.onMessage (test/helper.js:170:9)
      at Socket.<anonymous> (test/helper.js:112:13)
      at UDP.onMessage [as onmessage] (dgram.js:628:8)




> oracledb@4.0.0 install /__w/appoptics-apm-node/appoptics-apm-node/node_modules/oracledb
> node package/install.js

oracledb ********************************************************************************
oracledb ** Node-oracledb 4.0.0 installed for Node.js 10.24.1 (linux, x64)
oracledb **
oracledb ** To use node-oracledb:
oracledb ** - Oracle Client libraries (64-bit) must be configured with ldconfig or LD_LIBRARY_PATH
oracledb ** - To get libraries, install an Instant Client Basic or Basic Light package from
oracledb **   https://www.oracle.com/technetwork/topics/linuxx86-64soft-092277.html
oracledb **
oracledb ** Installation instructions: https://oracle.github.io/node-oracledb/INSTALL.html
oracledb ********************************************************************************

npm WARN optional SKIPPING OPTIONAL DEPENDENCY: fsevents@~2.3.1 (node_modules/chokidar/node_modules/fsevents):
npm WARN notsup SKIPPING OPTIONAL DEPENDENCY: Unsupported platform for fsevents@2.3.2: wanted {"os":"darwin","arch":"any"} (current: {"os":"linux","arch":"x64"})

+ oracledb@4.0.0
updated 1 package and audited 1098 packages in 4.953s

72 packages are looking for funding
  run `npm fund` for details

found 23 vulnerabilities (5 low, 4 moderate, 12 high, 2 critical)
  run `npm audit fix` to fix them, or `npm audit` for details
2021-09-23T17:23:01.626Z appoptics:debug read config from /__w/appoptics-apm-node/appoptics-apm-node/appoptics-apm-config
2021-09-23T17:23:01.627Z appoptics:debug guc ignoring APPOPTICS_LOG_SETTINGS
2021-09-23T17:23:01.627Z appoptics:debug serviceKey dIOz...wWK0:ao-node-test
2021-09-23T17:23:01.628Z appoptics:debug using context provider: ace-context
2021-09-23T17:23:01.689Z appoptics:debug apm 10.1.0, bindings 11.1.0, oboe 10.1.1
2021-09-23T17:23:01.730Z appoptics:patching patched crypto 
2021-09-23T17:23:01.759Z appoptics:patching patched https 
2021-09-23T17:23:01.759Z appoptics:patching patched http 
2021-09-23T17:23:01.791Z appoptics:patching patched oracledb 4.0.0
2021-09-23T17:23:01.798Z appoptics:debug starting runtimeMetrics


  probes.oracledb 4.0.0
    âœ“ UDP might lose a message
2021-09-23T17:23:01.907Z appoptics:debug asking helper to execute test_basic
2021-09-23T17:23:01.907Z appoptics:debug test_basic being executed
2021-09-23T17:23:01.907Z appoptics:debug oracledb wrapping getConnection
2021-09-23T17:23:01.916Z appoptics:debug done with test_basic oracledb.getConnection
2021-09-23T17:23:01.954Z appoptics:debug test_basic query callback invoked
    âœ“ should trace execute calls (51ms)
2021-09-23T17:23:01.965Z appoptics:debug ORACLEDB wrapping createPool
2021-09-23T17:23:01.967Z appoptics:debug oracledb wrapping getConnection
2021-09-23T17:23:02.000Z appoptics:debug connection.execute() seems to be patched
2021-09-23T17:23:02.000Z appoptics:debug connection.commit() seems to be patched
2021-09-23T17:23:02.000Z appoptics:debug connection.rollback() seems to be patched
2021-09-23T17:23:02.000Z appoptics:debug connection.break() seems to be patched
2021-09-23T17:23:02.000Z appoptics:debug connection.release seems to be patched
    âœ“ should trace execute calls in pool (38ms)
2021-09-23T17:23:02.003Z appoptics:debug oracledb wrapping getConnection
2021-09-23T17:23:02.036Z appoptics:debug connection.execute() seems to be patched
2021-09-23T17:23:02.036Z appoptics:debug connection.commit() seems to be patched
2021-09-23T17:23:02.036Z appoptics:debug connection.rollback() seems to be patched
2021-09-23T17:23:02.036Z appoptics:debug connection.break() seems to be patched
2021-09-23T17:23:02.036Z appoptics:debug connection.release seems to be patched
    âœ“ should include correct isAutoCommit value (39ms)


  4 passing (152ms)


> oracledb@4.0.1 install /__w/appoptics-apm-node/appoptics-apm-node/node_modules/oracledb
> node package/install.js

oracledb ********************************************************************************
oracledb ** Node-oracledb 4.0.1 installed for Node.js 10.24.1 (linux, x64)
oracledb **
oracledb ** To use node-oracledb:
oracledb ** - Oracle Client libraries (64-bit) must be configured with ldconfig or LD_LIBRARY_PATH
oracledb ** - To get libraries, install an Instant Client Basic or Basic Light package from
oracledb **   https://www.oracle.com/technetwork/topics/linuxx86-64soft-092277.html
oracledb **
oracledb ** Installation instructions: https://oracle.github.io/node-oracledb/INSTALL.html
oracledb ********************************************************************************

npm WARN optional SKIPPING OPTIONAL DEPENDENCY: fsevents@~2.3.1 (node_modules/chokidar/node_modules/fsevents):
npm WARN notsup SKIPPING OPTIONAL DEPENDENCY: Unsupported platform for fsevents@2.3.2: wanted {"os":"darwin","arch":"any"} (current: {"os":"linux","arch":"x64"})

+ oracledb@4.0.1
updated 1 package and audited 1098 packages in 4.152s

72 packages are looking for funding
  run `npm fund` for details

found 23 vulnerabilities (5 low, 4 moderate, 12 high, 2 critical)
  run `npm audit fix` to fix them, or `npm audit` for details
2021-09-23T17:23:07.236Z appoptics:debug read config from /__w/appoptics-apm-node/appoptics-apm-node/appoptics-apm-config
2021-09-23T17:23:07.237Z appoptics:debug guc ignoring APPOPTICS_LOG_SETTINGS
2021-09-23T17:23:07.237Z appoptics:debug serviceKey dIOz...wWK0:ao-node-test
2021-09-23T17:23:07.238Z appoptics:debug using context provider: ace-context
2021-09-23T17:23:07.303Z appoptics:debug apm 10.1.0, bindings 11.1.0, oboe 10.1.1
2021-09-23T17:23:07.356Z appoptics:patching patched crypto 
2021-09-23T17:23:07.384Z appoptics:patching patched https 
2021-09-23T17:23:07.385Z appoptics:patching patched http 
2021-09-23T17:23:07.428Z appoptics:patching patched oracledb 4.0.1
2021-09-23T17:23:07.433Z appoptics:debug starting runtimeMetrics


  probes.oracledb 4.0.1
    âœ“ UDP might lose a message
2021-09-23T17:23:07.581Z appoptics:debug asking helper to execute test_basic
2021-09-23T17:23:07.582Z appoptics:debug test_basic being executed
2021-09-23T17:23:07.582Z appoptics:debug oracledb wrapping getConnection
2021-09-23T17:23:07.592Z appoptics:debug done with test_basic oracledb.getConnection
2021-09-23T17:23:07.630Z appoptics:debug test_basic query callback invoked
    âœ“ should trace execute calls (56ms)
2021-09-23T17:23:07.640Z appoptics:debug ORACLEDB wrapping createPool
2021-09-23T17:23:07.642Z appoptics:debug oracledb wrapping getConnection
2021-09-23T17:23:07.677Z appoptics:debug connection.execute() seems to be patched
2021-09-23T17:23:07.677Z appoptics:debug connection.commit() seems to be patched
2021-09-23T17:23:07.677Z appoptics:debug connection.rollback() seems to be patched
2021-09-23T17:23:07.677Z appoptics:debug connection.break() seems to be patched
2021-09-23T17:23:07.677Z appoptics:debug connection.release seems to be patched
    âœ“ should trace execute calls in pool (39ms)
2021-09-23T17:23:07.680Z appoptics:debug oracledb wrapping getConnection
2021-09-23T17:23:07.723Z appoptics:debug connection.execute() seems to be patched
2021-09-23T17:23:07.723Z appoptics:debug connection.commit() seems to be patched
2021-09-23T17:23:07.723Z appoptics:debug connection.rollback() seems to be patched
2021-09-23T17:23:07.723Z appoptics:debug connection.break() seems to be patched
2021-09-23T17:23:07.723Z appoptics:debug connection.release seems to be patched
    âœ“ should include correct isAutoCommit value (48ms)


  4 passing (173ms)


> oracledb@4.1.0 install /__w/appoptics-apm-node/appoptics-apm-node/node_modules/oracledb
> node package/install.js

oracledb ********************************************************************************
oracledb ** Node-oracledb 4.1.0 installed for Node.js 10.24.1 (linux, x64)
oracledb **
oracledb ** To use node-oracledb:
oracledb ** - Oracle Client libraries (64-bit) must be configured with ldconfig or LD_LIBRARY_PATH
oracledb ** - To get libraries, install an Instant Client Basic or Basic Light package from
oracledb **   https://www.oracle.com/technetwork/topics/linuxx86-64soft-092277.html
oracledb **
oracledb ** Installation instructions: https://oracle.github.io/node-oracledb/INSTALL.html
oracledb ********************************************************************************

npm WARN optional SKIPPING OPTIONAL DEPENDENCY: fsevents@~2.3.1 (node_modules/chokidar/node_modules/fsevents):
npm WARN notsup SKIPPING OPTIONAL DEPENDENCY: Unsupported platform for fsevents@2.3.2: wanted {"os":"darwin","arch":"any"} (current: {"os":"linux","arch":"x64"})

+ oracledb@4.1.0
updated 1 package and audited 1098 packages in 4.829s

72 packages are looking for funding
  run `npm fund` for details

found 23 vulnerabilities (5 low, 4 moderate, 12 high, 2 critical)
  run `npm audit fix` to fix them, or `npm audit` for details
2021-09-23T17:23:13.706Z appoptics:debug read config from /__w/appoptics-apm-node/appoptics-apm-node/appoptics-apm-config
2021-09-23T17:23:13.708Z appoptics:debug guc ignoring APPOPTICS_LOG_SETTINGS
2021-09-23T17:23:13.708Z appoptics:debug serviceKey dIOz...wWK0:ao-node-test
2021-09-23T17:23:13.708Z appoptics:debug using context provider: ace-context
2021-09-23T17:23:13.773Z appoptics:debug apm 10.1.0, bindings 11.1.0, oboe 10.1.1
2021-09-23T17:23:13.817Z appoptics:patching patched crypto 
2021-09-23T17:23:13.855Z appoptics:patching patched https 
2021-09-23T17:23:13.855Z appoptics:patching patched http 
2021-09-23T17:23:13.890Z appoptics:patching patched oracledb 4.1.0
2021-09-23T17:23:13.894Z appoptics:debug starting runtimeMetrics


  probes.oracledb 4.1.0
    âœ“ UDP might lose a message
2021-09-23T17:23:14.018Z appoptics:debug asking helper to execute test_basic
2021-09-23T17:23:14.018Z appoptics:debug test_basic being executed
2021-09-23T17:23:14.019Z appoptics:debug oracledb wrapping getConnection
2021-09-23T17:23:14.028Z appoptics:debug done with test_basic oracledb.getConnection
2021-09-23T17:23:14.069Z appoptics:debug test_basic query callback invoked
    âœ“ should trace execute calls (56ms)
2021-09-23T17:23:14.077Z appoptics:debug ORACLEDB wrapping createPool
2021-09-23T17:23:14.080Z appoptics:debug oracledb wrapping getConnection
2021-09-23T17:23:14.116Z appoptics:debug connection.execute() seems to be patched
2021-09-23T17:23:14.116Z appoptics:debug connection.commit() seems to be patched
2021-09-23T17:23:14.116Z appoptics:debug connection.rollback() seems to be patched
2021-09-23T17:23:14.116Z appoptics:debug connection.break() seems to be patched
2021-09-23T17:23:14.116Z appoptics:debug connection.release seems to be patched
    âœ“ should trace execute calls in pool (41ms)
2021-09-23T17:23:14.119Z appoptics:debug oracledb wrapping getConnection
2021-09-23T17:23:14.155Z appoptics:debug connection.execute() seems to be patched
2021-09-23T17:23:14.155Z appoptics:debug connection.commit() seems to be patched
2021-09-23T17:23:14.155Z appoptics:debug connection.rollback() seems to be patched
2021-09-23T17:23:14.155Z appoptics:debug connection.break() seems to be patched
2021-09-23T17:23:14.155Z appoptics:debug connection.release seems to be patched
    âœ“ should include correct isAutoCommit value (41ms)


  4 passing (161ms)


> oracledb@4.2.0 install /__w/appoptics-apm-node/appoptics-apm-node/node_modules/oracledb
> node package/install.js

oracledb ********************************************************************************
oracledb ** Node-oracledb 4.2.0 installed for Node.js 10.24.1 (linux, x64)
oracledb **
oracledb ** To use node-oracledb:
oracledb ** - Oracle Client libraries (64-bit) must be configured with ldconfig or LD_LIBRARY_PATH
oracledb ** - To get libraries, install an Instant Client Basic or Basic Light package from
oracledb **   https://www.oracle.com/database/technologies/instant-client/linux-x86-64-downloads.html
oracledb **
oracledb ** Installation instructions: https://oracle.github.io/node-oracledb/INSTALL.html
oracledb ********************************************************************************

npm WARN optional SKIPPING OPTIONAL DEPENDENCY: fsevents@~2.3.1 (node_modules/chokidar/node_modules/fsevents):
npm WARN notsup SKIPPING OPTIONAL DEPENDENCY: Unsupported platform for fsevents@2.3.2: wanted {"os":"darwin","arch":"any"} (current: {"os":"linux","arch":"x64"})

+ oracledb@4.2.0
updated 1 package and audited 1098 packages in 4.462s

72 packages are looking for funding
  run `npm fund` for details

found 23 vulnerabilities (5 low, 4 moderate, 12 high, 2 critical)
  run `npm audit fix` to fix them, or `npm audit` for details
2021-09-23T17:23:19.643Z appoptics:debug read config from /__w/appoptics-apm-node/appoptics-apm-node/appoptics-apm-config
2021-09-23T17:23:19.644Z appoptics:debug guc ignoring APPOPTICS_LOG_SETTINGS
2021-09-23T17:23:19.644Z appoptics:debug serviceKey dIOz...wWK0:ao-node-test
2021-09-23T17:23:19.645Z appoptics:debug using context provider: ace-context
2021-09-23T17:23:19.707Z appoptics:debug apm 10.1.0, bindings 11.1.0, oboe 10.1.1
2021-09-23T17:23:19.749Z appoptics:patching patched crypto 
2021-09-23T17:23:19.776Z appoptics:patching patched https 
2021-09-23T17:23:19.776Z appoptics:patching patched http 
2021-09-23T17:23:19.809Z appoptics:patching patched oracledb 4.2.0
2021-09-23T17:23:19.813Z appoptics:debug starting runtimeMetrics


  probes.oracledb 4.2.0
    âœ“ UDP might lose a message
2021-09-23T17:23:19.972Z appoptics:debug asking helper to execute test_basic
2021-09-23T17:23:19.973Z appoptics:debug test_basic being executed
2021-09-23T17:23:19.973Z appoptics:debug oracledb wrapping getConnection
2021-09-23T17:23:19.984Z appoptics:debug done with test_basic oracledb.getConnection
2021-09-23T17:23:20.032Z appoptics:debug test_basic query callback invoked
    âœ“ should trace execute calls (64ms)
2021-09-23T17:23:20.039Z appoptics:debug ORACLEDB wrapping createPool
2021-09-23T17:23:20.045Z appoptics:debug oracledb wrapping getConnection
2021-09-23T17:23:20.084Z appoptics:debug connection.execute() seems to be patched
2021-09-23T17:23:20.084Z appoptics:debug connection.commit() seems to be patched
2021-09-23T17:23:20.084Z appoptics:debug connection.rollback() seems to be patched
2021-09-23T17:23:20.084Z appoptics:debug connection.break() seems to be patched
2021-09-23T17:23:20.084Z appoptics:debug connection.release seems to be patched
    âœ“ should trace execute calls in pool (48ms)
2021-09-23T17:23:20.087Z appoptics:debug oracledb wrapping getConnection
2021-09-23T17:23:20.124Z appoptics:debug connection.execute() seems to be patched
2021-09-23T17:23:20.124Z appoptics:debug connection.commit() seems to be patched
2021-09-23T17:23:20.124Z appoptics:debug connection.rollback() seems to be patched
2021-09-23T17:23:20.124Z appoptics:debug connection.break() seems to be patched
2021-09-23T17:23:20.124Z appoptics:debug connection.release seems to be patched
    âœ“ should include correct isAutoCommit value (45ms)


  4 passing (180ms)


> oracledb@5.0.0 install /__w/appoptics-apm-node/appoptics-apm-node/node_modules/oracledb
> node package/install.js

oracledb ********************************************************************************
oracledb ** Node-oracledb 5.0.0 installed for Node.js 10.24.1 (linux, x64)
oracledb **
oracledb ** To use node-oracledb:
oracledb ** - Oracle Client libraries (64-bit) must be available.
oracledb ** - Follow the installation instructions:
oracledb **   https://oracle.github.io/node-oracledb/INSTALL.html#linuxinstall
oracledb ********************************************************************************

npm WARN optional SKIPPING OPTIONAL DEPENDENCY: fsevents@~2.3.1 (node_modules/chokidar/node_modules/fsevents):
npm WARN notsup SKIPPING OPTIONAL DEPENDENCY: Unsupported platform for fsevents@2.3.2: wanted {"os":"darwin","arch":"any"} (current: {"os":"linux","arch":"x64"})

+ oracledb@5.0.0
updated 1 package and audited 1098 packages in 4.722s

72 packages are looking for funding
  run `npm fund` for details

found 23 vulnerabilities (5 low, 4 moderate, 12 high, 2 critical)
  run `npm audit fix` to fix them, or `npm audit` for details
2021-09-23T17:23:26.020Z appoptics:debug read config from /__w/appoptics-apm-node/appoptics-apm-node/appoptics-apm-config
2021-09-23T17:23:26.022Z appoptics:debug guc ignoring APPOPTICS_LOG_SETTINGS
2021-09-23T17:23:26.022Z appoptics:debug serviceKey dIOz...wWK0:ao-node-test
2021-09-23T17:23:26.022Z appoptics:debug using context provider: ace-context
2021-09-23T17:23:26.083Z appoptics:debug apm 10.1.0, bindings 11.1.0, oboe 10.1.1
2021-09-23T17:23:26.124Z appoptics:patching patched crypto 
2021-09-23T17:23:26.152Z appoptics:patching patched https 
2021-09-23T17:23:26.152Z appoptics:patching patched http 
2021-09-23T17:23:26.184Z appoptics:patching patched oracledb 5.0.0
2021-09-23T17:23:26.189Z appoptics:debug starting runtimeMetrics


  probes.oracledb 5.0.0
    âœ“ UDP might lose a message
2021-09-23T17:23:26.315Z appoptics:debug asking helper to execute test_basic
2021-09-23T17:23:26.316Z appoptics:debug test_basic being executed
2021-09-23T17:23:26.316Z appoptics:debug oracledb wrapping getConnection
2021-09-23T17:23:26.324Z appoptics:debug done with test_basic oracledb.getConnection
2021-09-23T17:23:26.362Z appoptics:debug test_basic query callback invoked
    âœ“ should trace execute calls (51ms)
2021-09-23T17:23:26.368Z appoptics:debug ORACLEDB wrapping createPool
2021-09-23T17:23:26.371Z appoptics:debug oracledb wrapping getConnection
2021-09-23T17:23:26.405Z appoptics:debug connection.execute() seems to be patched
2021-09-23T17:23:26.405Z appoptics:debug connection.commit() seems to be patched
2021-09-23T17:23:26.405Z appoptics:debug connection.rollback() seems to be patched
2021-09-23T17:23:26.405Z appoptics:debug connection.break() seems to be patched
2021-09-23T17:23:26.405Z appoptics:debug connection.release seems to be patched
    âœ“ should trace execute calls in pool (39ms)
2021-09-23T17:23:26.407Z appoptics:debug oracledb wrapping getConnection
2021-09-23T17:23:26.441Z appoptics:debug connection.execute() seems to be patched
2021-09-23T17:23:26.441Z appoptics:debug connection.commit() seems to be patched
2021-09-23T17:23:26.441Z appoptics:debug connection.rollback() seems to be patched
2021-09-23T17:23:26.441Z appoptics:debug connection.break() seems to be patched
2021-09-23T17:23:26.441Z appoptics:debug connection.release seems to be patched
    âœ“ should include correct isAutoCommit value (39ms)


  4 passing (148ms)


> oracledb@5.1.0 install /__w/appoptics-apm-node/appoptics-apm-node/node_modules/oracledb
> node package/install.js

oracledb ********************************************************************************
oracledb ** Node-oracledb 5.1.0 installed for Node.js 10.24.1 (linux, x64)
oracledb **
oracledb ** To use node-oracledb:
oracledb ** - Oracle Client libraries (64-bit) must be available.
oracledb ** - Follow the installation instructions:
oracledb **   https://oracle.github.io/node-oracledb/INSTALL.html#linuxinstall
oracledb ********************************************************************************

npm WARN optional SKIPPING OPTIONAL DEPENDENCY: fsevents@~2.3.1 (node_modules/chokidar/node_modules/fsevents):
npm WARN notsup SKIPPING OPTIONAL DEPENDENCY: Unsupported platform for fsevents@2.3.2: wanted {"os":"darwin","arch":"any"} (current: {"os":"linux","arch":"x64"})

+ oracledb@5.1.0
updated 1 package and audited 1098 packages in 4.232s

72 packages are looking for funding
  run `npm fund` for details

found 23 vulnerabilities (5 low, 4 moderate, 12 high, 2 critical)
  run `npm audit fix` to fix them, or `npm audit` for details
2021-09-23T17:23:31.690Z appoptics:debug read config from /__w/appoptics-apm-node/appoptics-apm-node/appoptics-apm-config
2021-09-23T17:23:31.691Z appoptics:debug guc ignoring APPOPTICS_LOG_SETTINGS
2021-09-23T17:23:31.691Z appoptics:debug serviceKey dIOz...wWK0:ao-node-test
2021-09-23T17:23:31.692Z appoptics:debug using context provider: ace-context
2021-09-23T17:23:31.752Z appoptics:debug apm 10.1.0, bindings 11.1.0, oboe 10.1.1
2021-09-23T17:23:31.795Z appoptics:patching patched crypto 
2021-09-23T17:23:31.821Z appoptics:patching patched https 
2021-09-23T17:23:31.821Z appoptics:patching patched http 
2021-09-23T17:23:31.852Z appoptics:patching patched oracledb 5.1.0
2021-09-23T17:23:31.857Z appoptics:debug starting runtimeMetrics


  probes.oracledb 5.1.0
    âœ“ UDP might lose a message
2021-09-23T17:23:31.978Z appoptics:debug asking helper to execute test_basic
2021-09-23T17:23:31.978Z appoptics:debug test_basic being executed
2021-09-23T17:23:31.978Z appoptics:debug oracledb wrapping getConnection
2021-09-23T17:23:31.987Z appoptics:debug done with test_basic oracledb.getConnection
2021-09-23T17:23:32.024Z appoptics:debug test_basic query callback invoked
    âœ“ should trace execute calls (51ms)
2021-09-23T17:23:32.031Z appoptics:debug ORACLEDB wrapping createPool
2021-09-23T17:23:32.033Z appoptics:debug oracledb wrapping getConnection
2021-09-23T17:23:32.066Z appoptics:debug connection.execute() seems to be patched
2021-09-23T17:23:32.066Z appoptics:debug connection.commit() seems to be patched
2021-09-23T17:23:32.066Z appoptics:debug connection.rollback() seems to be patched
2021-09-23T17:23:32.066Z appoptics:debug connection.break() seems to be patched
2021-09-23T17:23:32.066Z appoptics:debug connection.release seems to be patched
    âœ“ should trace execute calls in pool (38ms)
2021-09-23T17:23:32.069Z appoptics:debug oracledb wrapping getConnection
2021-09-23T17:23:32.101Z appoptics:debug connection.execute() seems to be patched
2021-09-23T17:23:32.101Z appoptics:debug connection.commit() seems to be patched
2021-09-23T17:23:32.102Z appoptics:debug connection.rollback() seems to be patched
2021-09-23T17:23:32.102Z appoptics:debug connection.break() seems to be patched
2021-09-23T17:23:32.102Z appoptics:debug connection.release seems to be patched
    âœ“ should include correct isAutoCommit value


  4 passing (146ms)


> oracledb@5.2.0 install /__w/appoptics-apm-node/appoptics-apm-node/node_modules/oracledb
> node package/install.js

oracledb ********************************************************************************
oracledb ** Node-oracledb 5.2.0 installed in Node.js 10.24.1 (linux, x64)
oracledb **
oracledb ** To use node-oracledb:
oracledb ** - Oracle Client libraries (64-bit) must be available.
oracledb ** - Follow the installation instructions:
oracledb **   https://oracle.github.io/node-oracledb/INSTALL.html#linuxinstall
oracledb ********************************************************************************

npm WARN optional SKIPPING OPTIONAL DEPENDENCY: fsevents@~2.3.1 (node_modules/chokidar/node_modules/fsevents):
npm WARN notsup SKIPPING OPTIONAL DEPENDENCY: Unsupported platform for fsevents@2.3.2: wanted {"os":"darwin","arch":"any"} (current: {"os":"linux","arch":"x64"})

+ oracledb@5.2.0
updated 1 package and audited 1098 packages in 4.68s

72 packages are looking for funding
  run `npm fund` for details

found 23 vulnerabilities (5 low, 4 moderate, 12 high, 2 critical)
  run `npm audit fix` to fix them, or `npm audit` for details
2021-09-23T17:23:37.831Z appoptics:debug read config from /__w/appoptics-apm-node/appoptics-apm-node/appoptics-apm-config
2021-09-23T17:23:37.833Z appoptics:debug guc ignoring APPOPTICS_LOG_SETTINGS
2021-09-23T17:23:37.833Z appoptics:debug serviceKey dIOz...wWK0:ao-node-test
2021-09-23T17:23:37.833Z appoptics:debug using context provider: ace-context
2021-09-23T17:23:37.895Z appoptics:debug apm 10.1.0, bindings 11.1.0, oboe 10.1.1
2021-09-23T17:23:37.937Z appoptics:patching patched crypto 
2021-09-23T17:23:37.965Z appoptics:patching patched https 
2021-09-23T17:23:37.965Z appoptics:patching patched http 
2021-09-23T17:23:37.998Z appoptics:patching patched oracledb 5.2.0
2021-09-23T17:23:38.003Z appoptics:debug starting runtimeMetrics


  probes.oracledb 5.2.0
    âœ“ UDP might lose a message
2021-09-23T17:23:38.128Z appoptics:debug asking helper to execute test_basic
2021-09-23T17:23:38.129Z appoptics:debug test_basic being executed
2021-09-23T17:23:38.129Z appoptics:debug oracledb wrapping getConnection
2021-09-23T17:23:38.137Z appoptics:debug done with test_basic oracledb.getConnection
2021-09-23T17:23:38.175Z appoptics:debug test_basic query callback invoked
    âœ“ should trace execute calls (51ms)
2021-09-23T17:23:38.181Z appoptics:debug ORACLEDB wrapping createPool
2021-09-23T17:23:38.184Z appoptics:debug oracledb wrapping getConnection
2021-09-23T17:23:38.217Z appoptics:debug connection.execute() seems to be patched
2021-09-23T17:23:38.217Z appoptics:debug connection.commit() seems to be patched
2021-09-23T17:23:38.217Z appoptics:debug connection.rollback() seems to be patched
2021-09-23T17:23:38.217Z appoptics:debug connection.break() seems to be patched
2021-09-23T17:23:38.217Z appoptics:debug connection.release seems to be patched
    âœ“ should trace execute calls in pool (39ms)
2021-09-23T17:23:38.221Z appoptics:debug oracledb wrapping getConnection
2021-09-23T17:23:38.254Z appoptics:debug connection.execute() seems to be patched
2021-09-23T17:23:38.254Z appoptics:debug connection.commit() seems to be patched
2021-09-23T17:23:38.254Z appoptics:debug connection.rollback() seems to be patched
2021-09-23T17:23:38.254Z appoptics:debug connection.break() seems to be patched
2021-09-23T17:23:38.254Z appoptics:debug connection.release seems to be patched
    âœ“ should include correct isAutoCommit value (38ms)


  4 passing (149ms)


> oracledb@5.2.0 install /__w/appoptics-apm-node/appoptics-apm-node/node_modules/oracledb
> node package/install.js

oracledb ********************************************************************************
oracledb ** Node-oracledb 5.2.0 installed in Node.js 10.24.1 (linux, x64)
oracledb **
oracledb ** To use node-oracledb:
oracledb ** - Oracle Client libraries (64-bit) must be available.
oracledb ** - Follow the installation instructions:
oracledb **   https://oracle.github.io/node-oracledb/INSTALL.html#linuxinstall
oracledb ********************************************************************************

npm WARN optional SKIPPING OPTIONAL DEPENDENCY: fsevents@~2.3.1 (node_modules/chokidar/node_modules/fsevents):
npm WARN notsup SKIPPING OPTIONAL DEPENDENCY: Unsupported platform for fsevents@2.3.2: wanted {"os":"darwin","arch":"any"} (current: {"os":"linux","arch":"x64"})

+ oracledb@5.2.0
updated 1 package and audited 1098 packages in 4.177s

72 packages are looking for funding
  run `npm fund` for details

found 23 vulnerabilities (5 low, 4 moderate, 12 high, 2 critical)
  run `npm audit fix` to fix them, or `npm audit` for details
