npm WARN deprecated oracledb@2.0.14: Update to node-oracledb 5

> oracledb@2.0.14 install /__w/appoptics-apm-node/appoptics-apm-node/node_modules/oracledb
> node package/oracledbinstall.js

oracledb Beginning installation
oracledb Verifying installation
oracledb Binary not found
oracledb Continuing installation
oracledb [31mERR![0m NJS-054: Binary build/Release/oracledb.node was not installed from oracledb-v2.0.14-node-v64-linux-x64.gz
oracledb [31mERR![0m EACCES: permission denied, mkdir 'build'
oracledb [31mERR![0m If the error is not network or filesystem related, then review 
oracledb [31mERR![0m the Python 2.7 and compiler prerequisites in the installation instructions and
oracledb [31mERR![0m then install from source code with: npm install oracle/node-oracledb.git#v2.0.14
oracledb [31mERR![0m See https://github.com/oracle/node-oracledb/blob/master/INSTALL.md 

npm WARN optional SKIPPING OPTIONAL DEPENDENCY: fsevents@~2.3.1 (node_modules/chokidar/node_modules/fsevents):
npm WARN notsup SKIPPING OPTIONAL DEPENDENCY: Unsupported platform for fsevents@2.3.2: wanted {"os":"darwin","arch":"any"} (current: {"os":"linux","arch":"x64"})

npm ERR! code ELIFECYCLE
npm ERR! errno 87
npm ERR! oracledb@2.0.14 install: `node package/oracledbinstall.js`
npm ERR! Exit status 87
npm ERR! 
npm ERR! Failed at the oracledb@2.0.14 install script.
npm ERR! This is probably not a problem with npm. There is likely additional logging output above.

npm ERR! A complete log of this run can be found in:
npm ERR!     /github/home/.npm/_logs/2021-08-22T21_59_27_825Z-debug.log
npm WARN deprecated oracledb@2.0.15: Update to node-oracledb 5

> oracledb@2.0.15 install /__w/appoptics-apm-node/appoptics-apm-node/node_modules/oracledb
> node package/oracledbinstall.js

oracledb Beginning installation
oracledb Verifying installation
oracledb Binary not found
oracledb Continuing installation
oracledb [31mERR![0m NJS-054: Binary build/Release/oracledb.node was not installed from oracledb-v2.0.15-node-v64-linux-x64.gz
oracledb [31mERR![0m EACCES: permission denied, mkdir 'build'
oracledb [31mERR![0m If the error is not network or filesystem related, then review 
oracledb [31mERR![0m the Python 2.7 and compiler prerequisites in the installation instructions and
oracledb [31mERR![0m then install from source code with: npm install oracle/node-oracledb.git#v2.0.15
oracledb [31mERR![0m See https://github.com/oracle/node-oracledb/blob/master/INSTALL.md 

npm WARN optional SKIPPING OPTIONAL DEPENDENCY: fsevents@~2.3.1 (node_modules/chokidar/node_modules/fsevents):
npm WARN notsup SKIPPING OPTIONAL DEPENDENCY: Unsupported platform for fsevents@2.3.2: wanted {"os":"darwin","arch":"any"} (current: {"os":"linux","arch":"x64"})

npm ERR! code ELIFECYCLE
npm ERR! errno 87
npm ERR! oracledb@2.0.15 install: `node package/oracledbinstall.js`
npm ERR! Exit status 87
npm ERR! 
npm ERR! Failed at the oracledb@2.0.15 install script.
npm ERR! This is probably not a problem with npm. There is likely additional logging output above.

npm ERR! A complete log of this run can be found in:
npm ERR!     /github/home/.npm/_logs/2021-08-22T21_59_33_247Z-debug.log
npm WARN deprecated oracledb@2.1.0: Update to node-oracledb 5

> oracledb@2.1.0 install /__w/appoptics-apm-node/appoptics-apm-node/node_modules/oracledb
> node package/oracledbinstall.js

oracledb Beginning installation
oracledb Verifying installation
oracledb Binary not found
oracledb Continuing installation
oracledb [31mERR![0m NJS-054: Binary build/Release/oracledb.node was not installed from oracledb-v2.1.0-node-v64-linux-x64.gz
oracledb [31mERR![0m EACCES: permission denied, mkdir 'build'
oracledb [31mERR![0m If the error is not network or filesystem related, then review 
oracledb [31mERR![0m the Python 2.7 and compiler prerequisites in the installation instructions and
oracledb [31mERR![0m then install from source code with: npm install oracle/node-oracledb.git#v2.1.0
oracledb [31mERR![0m See https://github.com/oracle/node-oracledb/blob/master/INSTALL.md 

npm WARN optional SKIPPING OPTIONAL DEPENDENCY: fsevents@~2.3.1 (node_modules/chokidar/node_modules/fsevents):
npm WARN notsup SKIPPING OPTIONAL DEPENDENCY: Unsupported platform for fsevents@2.3.2: wanted {"os":"darwin","arch":"any"} (current: {"os":"linux","arch":"x64"})

npm ERR! code ELIFECYCLE
npm ERR! errno 87
npm ERR! oracledb@2.1.0 install: `node package/oracledbinstall.js`
npm ERR! Exit status 87
npm ERR! 
npm ERR! Failed at the oracledb@2.1.0 install script.
npm ERR! This is probably not a problem with npm. There is likely additional logging output above.

npm ERR! A complete log of this run can be found in:
npm ERR!     /github/home/.npm/_logs/2021-08-22T21_59_38_539Z-debug.log
npm WARN deprecated oracledb@2.1.1: Update to node-oracledb 5

> oracledb@2.1.1 install /__w/appoptics-apm-node/appoptics-apm-node/node_modules/oracledb
> node package/oracledbinstall.js

oracledb Beginning installation
oracledb Verifying installation
oracledb Binary not found
oracledb Continuing installation
oracledb [31mERR![0m NJS-054: Binary build/Release/oracledb.node was not installed from oracledb-v2.1.1-node-v64-linux-x64.gz
oracledb [31mERR![0m EACCES: permission denied, mkdir 'build'
oracledb [31mERR![0m If the error is not network or filesystem related, then review 
oracledb [31mERR![0m the Python 2.7 and compiler prerequisites in the installation instructions and
oracledb [31mERR![0m then install from source code with: npm install oracle/node-oracledb.git#v2.1.1
oracledb [31mERR![0m See https://github.com/oracle/node-oracledb/blob/master/INSTALL.md 

npm WARN optional SKIPPING OPTIONAL DEPENDENCY: fsevents@~2.3.1 (node_modules/chokidar/node_modules/fsevents):
npm WARN notsup SKIPPING OPTIONAL DEPENDENCY: Unsupported platform for fsevents@2.3.2: wanted {"os":"darwin","arch":"any"} (current: {"os":"linux","arch":"x64"})

npm ERR! code ELIFECYCLE
npm ERR! errno 87
npm ERR! oracledb@2.1.1 install: `node package/oracledbinstall.js`
npm ERR! Exit status 87
npm ERR! 
npm ERR! Failed at the oracledb@2.1.1 install script.
npm ERR! This is probably not a problem with npm. There is likely additional logging output above.

npm ERR! A complete log of this run can be found in:
npm ERR!     /github/home/.npm/_logs/2021-08-22T21_59_44_119Z-debug.log
npm WARN deprecated oracledb@2.1.2: Update to node-oracledb 5

> oracledb@2.1.2 install /__w/appoptics-apm-node/appoptics-apm-node/node_modules/oracledb
> node package/oracledbinstall.js

oracledb Beginning installation
oracledb Verifying installation
oracledb Binary not found
oracledb Continuing installation
oracledb [31mERR![0m NJS-054: Binary build/Release/oracledb.node was not installed from oracledb-v2.1.2-node-v64-linux-x64.gz
oracledb [31mERR![0m EACCES: permission denied, mkdir 'build'
oracledb [31mERR![0m If the error is not network or filesystem related, then review 
oracledb [31mERR![0m the Python 2.7 and compiler prerequisites in the installation instructions and
oracledb [31mERR![0m then install from source code with: npm install oracle/node-oracledb.git#v2.1.2
oracledb [31mERR![0m See https://github.com/oracle/node-oracledb/blob/master/INSTALL.md 

npm WARN optional SKIPPING OPTIONAL DEPENDENCY: fsevents@~2.3.1 (node_modules/chokidar/node_modules/fsevents):
npm WARN notsup SKIPPING OPTIONAL DEPENDENCY: Unsupported platform for fsevents@2.3.2: wanted {"os":"darwin","arch":"any"} (current: {"os":"linux","arch":"x64"})

npm ERR! code ELIFECYCLE
npm ERR! errno 87
npm ERR! oracledb@2.1.2 install: `node package/oracledbinstall.js`
npm ERR! Exit status 87
npm ERR! 
npm ERR! Failed at the oracledb@2.1.2 install script.
npm ERR! This is probably not a problem with npm. There is likely additional logging output above.

npm ERR! A complete log of this run can be found in:
npm ERR!     /github/home/.npm/_logs/2021-08-22T21_59_49_855Z-debug.log
npm WARN deprecated oracledb@2.2.0: Update to node-oracledb 5

> oracledb@2.2.0 install /__w/appoptics-apm-node/appoptics-apm-node/node_modules/oracledb
> node package/oracledbinstall.js

oracledb Beginning installation
oracledb Verifying installation
oracledb Continuing installation
oracledb [31mERR![0m NJS-054: Binary build/Release/oracledb.node was not installed.
oracledb [31mERR![0m Pre-built binary packages are not available for this version of Node.js (NODE_MODULE_VERSION="64")
oracledb [31mERR![0m Failed to install binary package oracledb-v2.2.0-node-v64-linux-x64.gz
oracledb [31mERR![0m EACCES: permission denied, mkdir 'build'
oracledb [31mERR![0m For help see https://oracle.github.io/node-oracledb/INSTALL.html#troubleshooting

npm WARN optional SKIPPING OPTIONAL DEPENDENCY: fsevents@~2.3.1 (node_modules/chokidar/node_modules/fsevents):
npm WARN notsup SKIPPING OPTIONAL DEPENDENCY: Unsupported platform for fsevents@2.3.2: wanted {"os":"darwin","arch":"any"} (current: {"os":"linux","arch":"x64"})

npm ERR! code ELIFECYCLE
npm ERR! errno 87
npm ERR! oracledb@2.2.0 install: `node package/oracledbinstall.js`
npm ERR! Exit status 87
npm ERR! 
npm ERR! Failed at the oracledb@2.2.0 install script.
npm ERR! This is probably not a problem with npm. There is likely additional logging output above.

npm ERR! A complete log of this run can be found in:
npm ERR!     /github/home/.npm/_logs/2021-08-22T21_59_54_933Z-debug.log
npm WARN deprecated oracledb@2.3.0: Update to node-oracledb 5

> oracledb@2.3.0 install /__w/appoptics-apm-node/appoptics-apm-node/node_modules/oracledb
> node package/oracledbinstall.js

oracledb Beginning installation
oracledb Verifying installation
oracledb Continuing installation
oracledb [31mERR![0m NJS-054: Binary build/Release/oracledb.node was not installed.
oracledb [31mERR![0m Failed to install binary package oracledb-v2.3.0-node-v64-linux-x64.gz
oracledb [31mERR![0m EACCES: permission denied, mkdir 'build'
oracledb [31mERR![0m For help see https://oracle.github.io/node-oracledb/INSTALL.html#troubleshooting

npm WARN optional SKIPPING OPTIONAL DEPENDENCY: fsevents@~2.3.1 (node_modules/chokidar/node_modules/fsevents):
npm WARN notsup SKIPPING OPTIONAL DEPENDENCY: Unsupported platform for fsevents@2.3.2: wanted {"os":"darwin","arch":"any"} (current: {"os":"linux","arch":"x64"})

npm ERR! code ELIFECYCLE
npm ERR! errno 87
npm ERR! oracledb@2.3.0 install: `node package/oracledbinstall.js`
npm ERR! Exit status 87
npm ERR! 
npm ERR! Failed at the oracledb@2.3.0 install script.
npm ERR! This is probably not a problem with npm. There is likely additional logging output above.

npm ERR! A complete log of this run can be found in:
npm ERR!     /github/home/.npm/_logs/2021-08-22T21_59_59_729Z-debug.log
npm WARN deprecated oracledb@3.0.0: Update to node-oracledb 5

> oracledb@3.0.0 install /__w/appoptics-apm-node/appoptics-apm-node/node_modules/oracledb
> node package/oracledbinstall.js

oracledb Beginning installation
oracledb Verifying installation
oracledb Continuing installation
oracledb [31mERR![0m NJS-054: Binary build/Release/oracledb.node was not installed.
oracledb [31mERR![0m Failed to install binary package oracledb-v3.0.0-node-abi64-linux-x64.gz
oracledb [31mERR![0m EACCES: permission denied, mkdir 'build'
oracledb [31mERR![0m For help see https://oracle.github.io/node-oracledb/INSTALL.html#troubleshooting

npm WARN optional SKIPPING OPTIONAL DEPENDENCY: fsevents@~2.3.1 (node_modules/chokidar/node_modules/fsevents):
npm WARN notsup SKIPPING OPTIONAL DEPENDENCY: Unsupported platform for fsevents@2.3.2: wanted {"os":"darwin","arch":"any"} (current: {"os":"linux","arch":"x64"})

npm ERR! code ELIFECYCLE
npm ERR! errno 87
npm ERR! oracledb@3.0.0 install: `node package/oracledbinstall.js`
npm ERR! Exit status 87
npm ERR! 
npm ERR! Failed at the oracledb@3.0.0 install script.
npm ERR! This is probably not a problem with npm. There is likely additional logging output above.

npm ERR! A complete log of this run can be found in:
npm ERR!     /github/home/.npm/_logs/2021-08-22T22_00_05_243Z-debug.log
npm WARN deprecated oracledb@3.0.1: Update to node-oracledb 5

> oracledb@3.0.1 install /__w/appoptics-apm-node/appoptics-apm-node/node_modules/oracledb
> node package/oracledbinstall.js

oracledb Beginning installation
oracledb [31mERR![0m NJS-054: Binary build/Release/oracledb.node was not installed.
oracledb [31mERR![0m Failed to install binary package oracledb-v3.0.1-node-abi64-linux-x64.gz
oracledb [31mERR![0m EACCES: permission denied, mkdir 'build'
oracledb [31mERR![0m For help see https://oracle.github.io/node-oracledb/INSTALL.html#troubleshooting

npm WARN optional SKIPPING OPTIONAL DEPENDENCY: fsevents@~2.3.1 (node_modules/chokidar/node_modules/fsevents):
npm WARN notsup SKIPPING OPTIONAL DEPENDENCY: Unsupported platform for fsevents@2.3.2: wanted {"os":"darwin","arch":"any"} (current: {"os":"linux","arch":"x64"})

npm ERR! code ELIFECYCLE
npm ERR! errno 87
npm ERR! oracledb@3.0.1 install: `node package/oracledbinstall.js`
npm ERR! Exit status 87
npm ERR! 
npm ERR! Failed at the oracledb@3.0.1 install script.
npm ERR! This is probably not a problem with npm. There is likely additional logging output above.

npm ERR! A complete log of this run can be found in:
npm ERR!     /github/home/.npm/_logs/2021-08-22T22_00_10_057Z-debug.log
npm WARN deprecated oracledb@3.1.0: Update to node-oracledb 5

> oracledb@3.1.0 install /__w/appoptics-apm-node/appoptics-apm-node/node_modules/oracledb
> node package/install.js

oracledb ********************************************************************************
oracledb ** Node-oracledb 3.1.0 installed for Node.js 10.24.1 (linux, x64)
oracledb **
oracledb ** To use node-oracledb:
oracledb ** - Oracle Client libraries (64-bit) must be configured with ldconfig or LD_LIBRARY_PATH
oracledb ** - To get libraries, install an Instant Client Basic or Basic Light package from
oracledb **   https://www.oracle.com/technetwork/topics/linuxx86-64soft-092277.html
oracledb **
oracledb ** Installation instructions: https://oracle.github.io/node-oracledb/INSTALL.html
oracledb ********************************************************************************

npm WARN optional SKIPPING OPTIONAL DEPENDENCY: fsevents@~2.3.1 (node_modules/chokidar/node_modules/fsevents):
npm WARN notsup SKIPPING OPTIONAL DEPENDENCY: Unsupported platform for fsevents@2.3.2: wanted {"os":"darwin","arch":"any"} (current: {"os":"linux","arch":"x64"})

+ oracledb@3.1.0
added 1 package and audited 939 packages in 5.273s

32 packages are looking for funding
  run `npm fund` for details

found 29 vulnerabilities (6 low, 6 moderate, 15 high, 2 critical)
  run `npm audit fix` to fix them, or `npm audit` for details
2021-08-22T22:00:16.456Z appoptics:debug read config from /__w/appoptics-apm-node/appoptics-apm-node/appoptics-apm-config
2021-08-22T22:00:16.458Z appoptics:debug guc ignoring APPOPTICS_LOG_SETTINGS
2021-08-22T22:00:16.458Z appoptics:debug serviceKey dIOz...wWK0:ao-node-test
2021-08-22T22:00:16.458Z appoptics:debug using context provider: ace-context
2021-08-22T22:00:16.524Z appoptics:debug apm 10.0.1, bindings 11.0.0, oboe 10.1.0
2021-08-22T22:00:16.576Z appoptics:patching patched crypto 
2021-08-22T22:00:16.627Z appoptics:patching patched https 
2021-08-22T22:00:16.627Z appoptics:patching patched http 
2021-08-22T22:00:16.665Z appoptics:patching patched oracledb 3.1.0
2021-08-22T22:00:16.671Z appoptics:debug starting runtimeMetrics


  probes.oracledb 3.1.0
    âœ“ UDP might lose a message
2021-08-22T22:00:16.786Z appoptics:debug asking helper to execute test_basic
2021-08-22T22:00:16.790Z appoptics:debug test_basic being executed
2021-08-22T22:00:16.881Z appoptics:debug done with test_basic oracledb.getConnection
2021-08-22T22:00:16.929Z appoptics:debug test_basic query callback invoked
2021-08-22T22:00:16.932Z appoptics:debug span.exit - no last event outer outer:entry 2b-7758099a1ef24a1a3786d1d4e5b0f1d89d1646b3-3fa4f4a41823d729-01 outer:exit 2b-7758099a1ef24a1a3786d1d4e5b0f1d89d1646b3-de9da0b2a18785cc-01
2021-08-22T22:00:16.932Z appoptics:error Can not set lastEvent. Context may be lost.
    1) should trace execute calls
2021-08-22T22:00:16.958Z appoptics:debug span.exit - no last event outer outer:entry 2b-56e87a03271e1480cafbfad41ea88e8d2bb31cf4-4e5b49491e2db188-01 outer:exit 2b-56e87a03271e1480cafbfad41ea88e8d2bb31cf4-e38ccca3ca7239cb-01
2021-08-22T22:00:16.958Z appoptics:error Can not set lastEvent. Context may be lost.
    2) should trace execute calls in pool
2021-08-22T22:00:16.975Z appoptics:debug span.exit - no last event outer outer:entry 2b-665e2f33df2a262a881851030fbdabd0982defe0-9ad81b691483bf10-01 outer:exit 2b-665e2f33df2a262a881851030fbdabd0982defe0-05172d08cf9eb6a6-01
2021-08-22T22:00:16.975Z appoptics:error Can not set lastEvent. Context may be lost.
    3) should include correct isAutoCommit value


  1 passing (210ms)
  3 failing

  1) probes.oracledb 3.1.0
       should trace execute calls:
     Uncaught AssertionError: expected Object {
  Edge: '3FA4F4A41823D729',
  Hostname: 'f744db357cbd',
  Label: 'exit',
  Layer: 'outer',
  TID: 676,
  Timestamp_u: 1629669616932928,
  'X-Trace': '2B7758099A1EF24A1A3786D1D4E5B0F1D89D1646B3DE9DA0B2A18785CC01',
  _V: '1'
} to have property Layer of 'oracle' (got 'outer')
      at Assertion.fail (node_modules/should/lib/assertion.js:92:17)
      at Assertion.value [as property] (node_modules/should/lib/assertion.js:164:19)
      at Object.oracle-entry (test/probes/oracledb.test.js:76:23)
      at /__w/appoptics-apm-node/appoptics-apm-node/test/probes/oracledb.test.js:125:31
      at EventEmitter.onMessage (test/helper.js:171:9)
      at Socket.<anonymous> (test/helper.js:112:13)
      at UDP.onMessage [as onmessage] (dgram.js:628:8)

  2) probes.oracledb 3.1.0
       should trace execute calls in pool:
     Uncaught AssertionError: expected Object {
  Edge: '4E5B49491E2DB188',
  Hostname: 'f744db357cbd',
  Label: 'exit',
  Layer: 'outer',
  TID: 676,
  Timestamp_u: 1629669616958610,
  'X-Trace': '2B56E87A03271E1480CAFBFAD41EA88E8D2BB31CF4E38CCCA3CA7239CB01',
  _V: '1'
} to have property Layer of 'oracle' (got 'outer')
      at Assertion.fail (node_modules/should/lib/assertion.js:92:17)
      at Assertion.value [as property] (node_modules/should/lib/assertion.js:164:19)
      at Object.oracle-entry (test/probes/oracledb.test.js:76:23)
      at /__w/appoptics-apm-node/appoptics-apm-node/test/probes/oracledb.test.js:149:31
      at EventEmitter.onMessage (test/helper.js:171:9)
      at Socket.<anonymous> (test/helper.js:112:13)
      at UDP.onMessage [as onmessage] (dgram.js:628:8)

  3) probes.oracledb 3.1.0
       should include correct isAutoCommit value:
     Uncaught AssertionError: expected Object {
  Edge: '9AD81B691483BF10',
  Hostname: 'f744db357cbd',
  Label: 'exit',
  Layer: 'outer',
  TID: 676,
  Timestamp_u: 1629669616975254,
  'X-Trace': '2B665E2F33DF2A262A881851030FBDABD0982DEFE005172D08CF9EB6A601',
  _V: '1'
} to have property Layer of 'oracle' (got 'outer')
      at Assertion.fail (node_modules/should/lib/assertion.js:92:17)
      at Assertion.value [as property] (node_modules/should/lib/assertion.js:164:19)
      at Object.oracle-entry (test/probes/oracledb.test.js:76:23)
      at /__w/appoptics-apm-node/appoptics-apm-node/test/probes/oracledb.test.js:188:31
      at EventEmitter.onMessage (test/helper.js:171:9)
      at Socket.<anonymous> (test/helper.js:112:13)
      at UDP.onMessage [as onmessage] (dgram.js:628:8)



npm WARN deprecated oracledb@3.1.1: Update to node-oracledb 5

> oracledb@3.1.1 install /__w/appoptics-apm-node/appoptics-apm-node/node_modules/oracledb
> node package/install.js

oracledb ********************************************************************************
oracledb ** Node-oracledb 3.1.1 installed for Node.js 10.24.1 (linux, x64)
oracledb **
oracledb ** To use node-oracledb:
oracledb ** - Oracle Client libraries (64-bit) must be configured with ldconfig or LD_LIBRARY_PATH
oracledb ** - To get libraries, install an Instant Client Basic or Basic Light package from
oracledb **   https://www.oracle.com/technetwork/topics/linuxx86-64soft-092277.html
oracledb **
oracledb ** Installation instructions: https://oracle.github.io/node-oracledb/INSTALL.html
oracledb ********************************************************************************

npm WARN optional SKIPPING OPTIONAL DEPENDENCY: fsevents@~2.3.1 (node_modules/chokidar/node_modules/fsevents):
npm WARN notsup SKIPPING OPTIONAL DEPENDENCY: Unsupported platform for fsevents@2.3.2: wanted {"os":"darwin","arch":"any"} (current: {"os":"linux","arch":"x64"})

+ oracledb@3.1.1
updated 1 package and audited 939 packages in 4.462s

32 packages are looking for funding
  run `npm fund` for details

found 29 vulnerabilities (6 low, 6 moderate, 15 high, 2 critical)
  run `npm audit fix` to fix them, or `npm audit` for details
2021-08-22T22:00:22.496Z appoptics:debug read config from /__w/appoptics-apm-node/appoptics-apm-node/appoptics-apm-config
2021-08-22T22:00:22.498Z appoptics:debug guc ignoring APPOPTICS_LOG_SETTINGS
2021-08-22T22:00:22.498Z appoptics:debug serviceKey dIOz...wWK0:ao-node-test
2021-08-22T22:00:22.499Z appoptics:debug using context provider: ace-context
2021-08-22T22:00:22.564Z appoptics:debug apm 10.0.1, bindings 11.0.0, oboe 10.1.0
2021-08-22T22:00:22.609Z appoptics:patching patched crypto 
2021-08-22T22:00:22.636Z appoptics:patching patched https 
2021-08-22T22:00:22.636Z appoptics:patching patched http 
2021-08-22T22:00:22.667Z appoptics:patching patched oracledb 3.1.1
2021-08-22T22:00:22.676Z appoptics:debug starting runtimeMetrics


  probes.oracledb 3.1.1
    âœ“ UDP might lose a message
2021-08-22T22:00:22.790Z appoptics:debug asking helper to execute test_basic
2021-08-22T22:00:22.790Z appoptics:debug test_basic being executed
2021-08-22T22:00:22.798Z appoptics:debug done with test_basic oracledb.getConnection
2021-08-22T22:00:22.818Z appoptics:debug test_basic query callback invoked
2021-08-22T22:00:22.820Z appoptics:debug span.exit - no last event outer outer:entry 2b-d246cc2fbb3719ae1573401d617724cca7c33527-c5d42d79a8538f8e-01 outer:exit 2b-d246cc2fbb3719ae1573401d617724cca7c33527-d4a0da6f402c15e6-01
2021-08-22T22:00:22.820Z appoptics:error Can not set lastEvent. Context may be lost.
    1) should trace execute calls
2021-08-22T22:00:22.859Z appoptics:debug span.exit - no last event outer outer:entry 2b-ee7e0b2956c72dc9a34a52587e8979376c579e2d-2eb19a1e59395f33-01 outer:exit 2b-ee7e0b2956c72dc9a34a52587e8979376c579e2d-a753de5a00973ef6-01
2021-08-22T22:00:22.859Z appoptics:error Can not set lastEvent. Context may be lost.
    2) should trace execute calls in pool
2021-08-22T22:00:22.877Z appoptics:debug span.exit - no last event outer outer:entry 2b-4baa247eb36a01eada5051d38ff52745020c80e5-27fa5b7e8b7d423d-01 outer:exit 2b-4baa247eb36a01eada5051d38ff52745020c80e5-603eca39b5185cd2-01
2021-08-22T22:00:22.877Z appoptics:error Can not set lastEvent. Context may be lost.
    3) should include correct isAutoCommit value


  1 passing (108ms)
  3 failing

  1) probes.oracledb 3.1.1
       should trace execute calls:
     Uncaught AssertionError: expected Object {
  Edge: 'C5D42D79A8538F8E',
  Hostname: 'f744db357cbd',
  Label: 'exit',
  Layer: 'outer',
  TID: 708,
  Timestamp_u: 1629669622820956,
  'X-Trace': '2BD246CC2FBB3719AE1573401D617724CCA7C33527D4A0DA6F402C15E601',
  _V: '1'
} to have property Layer of 'oracle' (got 'outer')
      at Assertion.fail (node_modules/should/lib/assertion.js:92:17)
      at Assertion.value [as property] (node_modules/should/lib/assertion.js:164:19)
      at Object.oracle-entry (test/probes/oracledb.test.js:76:23)
      at /__w/appoptics-apm-node/appoptics-apm-node/test/probes/oracledb.test.js:125:31
      at EventEmitter.onMessage (test/helper.js:171:9)
      at Socket.<anonymous> (test/helper.js:112:13)
      at UDP.onMessage [as onmessage] (dgram.js:628:8)

  2) probes.oracledb 3.1.1
       should trace execute calls in pool:
     Uncaught AssertionError: expected Object {
  Edge: '2EB19A1E59395F33',
  Hostname: 'f744db357cbd',
  Label: 'exit',
  Layer: 'outer',
  TID: 708,
  Timestamp_u: 1629669622859982,
  'X-Trace': '2BEE7E0B2956C72DC9A34A52587E8979376C579E2DA753DE5A00973EF601',
  _V: '1'
} to have property Layer of 'oracle' (got 'outer')
      at Assertion.fail (node_modules/should/lib/assertion.js:92:17)
      at Assertion.value [as property] (node_modules/should/lib/assertion.js:164:19)
      at Object.oracle-entry (test/probes/oracledb.test.js:76:23)
      at /__w/appoptics-apm-node/appoptics-apm-node/test/probes/oracledb.test.js:149:31
      at EventEmitter.onMessage (test/helper.js:171:9)
      at Socket.<anonymous> (test/helper.js:112:13)
      at UDP.onMessage [as onmessage] (dgram.js:628:8)

  3) probes.oracledb 3.1.1
       should include correct isAutoCommit value:
     Uncaught AssertionError: expected Object {
  Edge: '27FA5B7E8B7D423D',
  Hostname: 'f744db357cbd',
  Label: 'exit',
  Layer: 'outer',
  TID: 708,
  Timestamp_u: 1629669622877883,
  'X-Trace': '2B4BAA247EB36A01EADA5051D38FF52745020C80E5603ECA39B5185CD201',
  _V: '1'
} to have property Layer of 'oracle' (got 'outer')
      at Assertion.fail (node_modules/should/lib/assertion.js:92:17)
      at Assertion.value [as property] (node_modules/should/lib/assertion.js:164:19)
      at Object.oracle-entry (test/probes/oracledb.test.js:76:23)
      at /__w/appoptics-apm-node/appoptics-apm-node/test/probes/oracledb.test.js:188:31
      at EventEmitter.onMessage (test/helper.js:171:9)
      at Socket.<anonymous> (test/helper.js:112:13)
      at UDP.onMessage [as onmessage] (dgram.js:628:8)



npm WARN deprecated oracledb@3.1.2: Update to node-oracledb 5

> oracledb@3.1.2 install /__w/appoptics-apm-node/appoptics-apm-node/node_modules/oracledb
> node package/install.js

oracledb ********************************************************************************
oracledb ** Node-oracledb 3.1.2 installed for Node.js 10.24.1 (linux, x64)
oracledb **
oracledb ** To use node-oracledb:
oracledb ** - Oracle Client libraries (64-bit) must be configured with ldconfig or LD_LIBRARY_PATH
oracledb ** - To get libraries, install an Instant Client Basic or Basic Light package from
oracledb **   https://www.oracle.com/technetwork/topics/linuxx86-64soft-092277.html
oracledb **
oracledb ** Installation instructions: https://oracle.github.io/node-oracledb/INSTALL.html
oracledb ********************************************************************************

npm WARN optional SKIPPING OPTIONAL DEPENDENCY: fsevents@~2.3.1 (node_modules/chokidar/node_modules/fsevents):
npm WARN notsup SKIPPING OPTIONAL DEPENDENCY: Unsupported platform for fsevents@2.3.2: wanted {"os":"darwin","arch":"any"} (current: {"os":"linux","arch":"x64"})

+ oracledb@3.1.2
updated 1 package and audited 939 packages in 5.615s

32 packages are looking for funding
  run `npm fund` for details

found 29 vulnerabilities (6 low, 6 moderate, 15 high, 2 critical)
  run `npm audit fix` to fix them, or `npm audit` for details
2021-08-22T22:00:29.589Z appoptics:debug read config from /__w/appoptics-apm-node/appoptics-apm-node/appoptics-apm-config
2021-08-22T22:00:29.590Z appoptics:debug guc ignoring APPOPTICS_LOG_SETTINGS
2021-08-22T22:00:29.590Z appoptics:debug serviceKey dIOz...wWK0:ao-node-test
2021-08-22T22:00:29.591Z appoptics:debug using context provider: ace-context
2021-08-22T22:00:29.653Z appoptics:debug apm 10.0.1, bindings 11.0.0, oboe 10.1.0
2021-08-22T22:00:29.695Z appoptics:patching patched crypto 
2021-08-22T22:00:29.719Z appoptics:patching patched https 
2021-08-22T22:00:29.720Z appoptics:patching patched http 
2021-08-22T22:00:29.749Z appoptics:patching patched oracledb 3.1.2
2021-08-22T22:00:29.754Z appoptics:debug starting runtimeMetrics


  probes.oracledb 3.1.2
    âœ“ UDP might lose a message
2021-08-22T22:00:29.860Z appoptics:debug asking helper to execute test_basic
2021-08-22T22:00:29.861Z appoptics:debug test_basic being executed
2021-08-22T22:00:29.867Z appoptics:debug done with test_basic oracledb.getConnection
2021-08-22T22:00:29.887Z appoptics:debug test_basic query callback invoked
2021-08-22T22:00:29.889Z appoptics:debug span.exit - no last event outer outer:entry 2b-bef7ba1990dc771e20b02461618584323d6a180e-c4b69f6bb7904bf8-01 outer:exit 2b-bef7ba1990dc771e20b02461618584323d6a180e-e64ca0a6d9074c7a-01
2021-08-22T22:00:29.889Z appoptics:error Can not set lastEvent. Context may be lost.
    1) should trace execute calls
2021-08-22T22:00:29.910Z appoptics:debug span.exit - no last event outer outer:entry 2b-d6236974fa144b37846abbd3224bb5dfdb7916bd-3ba17f975a613ae6-01 outer:exit 2b-d6236974fa144b37846abbd3224bb5dfdb7916bd-10a4d6c1cb7aea63-01
2021-08-22T22:00:29.910Z appoptics:error Can not set lastEvent. Context may be lost.
    2) should trace execute calls in pool
2021-08-22T22:00:29.927Z appoptics:debug span.exit - no last event outer outer:entry 2b-99bdd0b02e15d34e23b0f50e3d63bfbc0d369476-5915bd318c63aa7d-01 outer:exit 2b-99bdd0b02e15d34e23b0f50e3d63bfbc0d369476-8a2b2c0662c462d1-01
2021-08-22T22:00:29.927Z appoptics:error Can not set lastEvent. Context may be lost.
    3) should include correct isAutoCommit value


  1 passing (85ms)
  3 failing

  1) probes.oracledb 3.1.2
       should trace execute calls:
     Uncaught AssertionError: expected Object {
  Edge: 'C4B69F6BB7904BF8',
  Hostname: 'f744db357cbd',
  Label: 'exit',
  Layer: 'outer',
  TID: 740,
  Timestamp_u: 1629669629889444,
  'X-Trace': '2BBEF7BA1990DC771E20B02461618584323D6A180EE64CA0A6D9074C7A01',
  _V: '1'
} to have property Layer of 'oracle' (got 'outer')
      at Assertion.fail (node_modules/should/lib/assertion.js:92:17)
      at Assertion.value [as property] (node_modules/should/lib/assertion.js:164:19)
      at Object.oracle-entry (test/probes/oracledb.test.js:76:23)
      at /__w/appoptics-apm-node/appoptics-apm-node/test/probes/oracledb.test.js:125:31
      at EventEmitter.onMessage (test/helper.js:171:9)
      at Socket.<anonymous> (test/helper.js:112:13)
      at UDP.onMessage [as onmessage] (dgram.js:628:8)

  2) probes.oracledb 3.1.2
       should trace execute calls in pool:
     Uncaught AssertionError: expected Object {
  Edge: '3BA17F975A613AE6',
  Hostname: 'f744db357cbd',
  Label: 'exit',
  Layer: 'outer',
  TID: 740,
  Timestamp_u: 1629669629910878,
  'X-Trace': '2BD6236974FA144B37846ABBD3224BB5DFDB7916BD10A4D6C1CB7AEA6301',
  _V: '1'
} to have property Layer of 'oracle' (got 'outer')
      at Assertion.fail (node_modules/should/lib/assertion.js:92:17)
      at Assertion.value [as property] (node_modules/should/lib/assertion.js:164:19)
      at Object.oracle-entry (test/probes/oracledb.test.js:76:23)
      at /__w/appoptics-apm-node/appoptics-apm-node/test/probes/oracledb.test.js:149:31
      at EventEmitter.onMessage (test/helper.js:171:9)
      at Socket.<anonymous> (test/helper.js:112:13)
      at UDP.onMessage [as onmessage] (dgram.js:628:8)

  3) probes.oracledb 3.1.2
       should include correct isAutoCommit value:
     Uncaught AssertionError: expected Object {
  Edge: '5915BD318C63AA7D',
  Hostname: 'f744db357cbd',
  Label: 'exit',
  Layer: 'outer',
  TID: 740,
  Timestamp_u: 1629669629927820,
  'X-Trace': '2B99BDD0B02E15D34E23B0F50E3D63BFBC0D3694768A2B2C0662C462D101',
  _V: '1'
} to have property Layer of 'oracle' (got 'outer')
      at Assertion.fail (node_modules/should/lib/assertion.js:92:17)
      at Assertion.value [as property] (node_modules/should/lib/assertion.js:164:19)
      at Object.oracle-entry (test/probes/oracledb.test.js:76:23)
      at /__w/appoptics-apm-node/appoptics-apm-node/test/probes/oracledb.test.js:188:31
      at EventEmitter.onMessage (test/helper.js:171:9)
      at Socket.<anonymous> (test/helper.js:112:13)
      at UDP.onMessage [as onmessage] (dgram.js:628:8)




> oracledb@4.0.0 install /__w/appoptics-apm-node/appoptics-apm-node/node_modules/oracledb
> node package/install.js

oracledb ********************************************************************************
oracledb ** Node-oracledb 4.0.0 installed for Node.js 10.24.1 (linux, x64)
oracledb **
oracledb ** To use node-oracledb:
oracledb ** - Oracle Client libraries (64-bit) must be configured with ldconfig or LD_LIBRARY_PATH
oracledb ** - To get libraries, install an Instant Client Basic or Basic Light package from
oracledb **   https://www.oracle.com/technetwork/topics/linuxx86-64soft-092277.html
oracledb **
oracledb ** Installation instructions: https://oracle.github.io/node-oracledb/INSTALL.html
oracledb ********************************************************************************

npm WARN optional SKIPPING OPTIONAL DEPENDENCY: fsevents@~2.3.1 (node_modules/chokidar/node_modules/fsevents):
npm WARN notsup SKIPPING OPTIONAL DEPENDENCY: Unsupported platform for fsevents@2.3.2: wanted {"os":"darwin","arch":"any"} (current: {"os":"linux","arch":"x64"})

+ oracledb@4.0.0
updated 1 package and audited 939 packages in 4.877s

32 packages are looking for funding
  run `npm fund` for details

found 29 vulnerabilities (6 low, 6 moderate, 15 high, 2 critical)
  run `npm audit fix` to fix them, or `npm audit` for details
2021-08-22T22:00:35.921Z appoptics:debug read config from /__w/appoptics-apm-node/appoptics-apm-node/appoptics-apm-config
2021-08-22T22:00:35.923Z appoptics:debug guc ignoring APPOPTICS_LOG_SETTINGS
2021-08-22T22:00:35.923Z appoptics:debug serviceKey dIOz...wWK0:ao-node-test
2021-08-22T22:00:35.923Z appoptics:debug using context provider: ace-context
2021-08-22T22:00:36.005Z appoptics:debug apm 10.0.1, bindings 11.0.0, oboe 10.1.0
2021-08-22T22:00:36.052Z appoptics:patching patched crypto 
2021-08-22T22:00:36.081Z appoptics:patching patched https 
2021-08-22T22:00:36.082Z appoptics:patching patched http 
2021-08-22T22:00:36.119Z appoptics:patching patched oracledb 4.0.0
2021-08-22T22:00:36.125Z appoptics:debug starting runtimeMetrics


  probes.oracledb 4.0.0
    âœ“ UDP might lose a message
2021-08-22T22:00:36.262Z appoptics:debug asking helper to execute test_basic
2021-08-22T22:00:36.262Z appoptics:debug test_basic being executed
2021-08-22T22:00:36.263Z appoptics:debug oracledb wrapping getConnection
2021-08-22T22:00:36.271Z appoptics:debug done with test_basic oracledb.getConnection
2021-08-22T22:00:36.289Z appoptics:debug test_basic query callback invoked
    âœ“ should trace execute calls
2021-08-22T22:00:36.297Z appoptics:debug ORACLEDB wrapping createPool
2021-08-22T22:00:36.299Z appoptics:debug oracledb wrapping getConnection
2021-08-22T22:00:36.385Z appoptics:debug connection.execute() seems to be patched
2021-08-22T22:00:36.385Z appoptics:debug connection.commit() seems to be patched
2021-08-22T22:00:36.385Z appoptics:debug connection.rollback() seems to be patched
2021-08-22T22:00:36.385Z appoptics:debug connection.break() seems to be patched
2021-08-22T22:00:36.385Z appoptics:debug connection.release seems to be patched
    âœ“ should trace execute calls in pool (92ms)
2021-08-22T22:00:36.389Z appoptics:debug oracledb wrapping getConnection
2021-08-22T22:00:36.419Z appoptics:debug connection.execute() seems to be patched
2021-08-22T22:00:36.419Z appoptics:debug connection.commit() seems to be patched
2021-08-22T22:00:36.419Z appoptics:debug connection.rollback() seems to be patched
2021-08-22T22:00:36.419Z appoptics:debug connection.break() seems to be patched
2021-08-22T22:00:36.419Z appoptics:debug connection.release seems to be patched
    âœ“ should include correct isAutoCommit value (40ms)


  4 passing (189ms)


> oracledb@4.0.1 install /__w/appoptics-apm-node/appoptics-apm-node/node_modules/oracledb
> node package/install.js

oracledb ********************************************************************************
oracledb ** Node-oracledb 4.0.1 installed for Node.js 10.24.1 (linux, x64)
oracledb **
oracledb ** To use node-oracledb:
oracledb ** - Oracle Client libraries (64-bit) must be configured with ldconfig or LD_LIBRARY_PATH
oracledb ** - To get libraries, install an Instant Client Basic or Basic Light package from
oracledb **   https://www.oracle.com/technetwork/topics/linuxx86-64soft-092277.html
oracledb **
oracledb ** Installation instructions: https://oracle.github.io/node-oracledb/INSTALL.html
oracledb ********************************************************************************

npm WARN optional SKIPPING OPTIONAL DEPENDENCY: fsevents@~2.3.1 (node_modules/chokidar/node_modules/fsevents):
npm WARN notsup SKIPPING OPTIONAL DEPENDENCY: Unsupported platform for fsevents@2.3.2: wanted {"os":"darwin","arch":"any"} (current: {"os":"linux","arch":"x64"})

+ oracledb@4.0.1
updated 1 package and audited 939 packages in 5.015s

32 packages are looking for funding
  run `npm fund` for details

found 29 vulnerabilities (6 low, 6 moderate, 15 high, 2 critical)
  run `npm audit fix` to fix them, or `npm audit` for details
2021-08-22T22:00:42.756Z appoptics:debug read config from /__w/appoptics-apm-node/appoptics-apm-node/appoptics-apm-config
2021-08-22T22:00:42.758Z appoptics:debug guc ignoring APPOPTICS_LOG_SETTINGS
2021-08-22T22:00:42.758Z appoptics:debug serviceKey dIOz...wWK0:ao-node-test
2021-08-22T22:00:42.759Z appoptics:debug using context provider: ace-context
2021-08-22T22:00:42.823Z appoptics:debug apm 10.0.1, bindings 11.0.0, oboe 10.1.0
2021-08-22T22:00:42.872Z appoptics:patching patched crypto 
2021-08-22T22:00:42.903Z appoptics:patching patched https 
2021-08-22T22:00:42.903Z appoptics:patching patched http 
2021-08-22T22:00:42.935Z appoptics:patching patched oracledb 4.0.1
2021-08-22T22:00:42.940Z appoptics:debug starting runtimeMetrics


  probes.oracledb 4.0.1
    âœ“ UDP might lose a message
2021-08-22T22:00:43.064Z appoptics:debug asking helper to execute test_basic
2021-08-22T22:00:43.065Z appoptics:debug test_basic being executed
2021-08-22T22:00:43.065Z appoptics:debug oracledb wrapping getConnection
2021-08-22T22:00:43.073Z appoptics:debug done with test_basic oracledb.getConnection
2021-08-22T22:00:43.094Z appoptics:debug test_basic query callback invoked
    âœ“ should trace execute calls
2021-08-22T22:00:43.101Z appoptics:debug ORACLEDB wrapping createPool
2021-08-22T22:00:43.102Z appoptics:debug oracledb wrapping getConnection
2021-08-22T22:00:43.121Z appoptics:debug connection.execute() seems to be patched
2021-08-22T22:00:43.121Z appoptics:debug connection.commit() seems to be patched
2021-08-22T22:00:43.121Z appoptics:debug connection.rollback() seems to be patched
2021-08-22T22:00:43.121Z appoptics:debug connection.break() seems to be patched
2021-08-22T22:00:43.121Z appoptics:debug connection.release seems to be patched
    âœ“ should trace execute calls in pool
2021-08-22T22:00:43.123Z appoptics:debug oracledb wrapping getConnection
2021-08-22T22:00:43.138Z appoptics:debug connection.execute() seems to be patched
2021-08-22T22:00:43.138Z appoptics:debug connection.commit() seems to be patched
2021-08-22T22:00:43.138Z appoptics:debug connection.rollback() seems to be patched
2021-08-22T22:00:43.138Z appoptics:debug connection.break() seems to be patched
2021-08-22T22:00:43.138Z appoptics:debug connection.release seems to be patched
    âœ“ should include correct isAutoCommit value


  4 passing (103ms)


> oracledb@4.1.0 install /__w/appoptics-apm-node/appoptics-apm-node/node_modules/oracledb
> node package/install.js

oracledb ********************************************************************************
oracledb ** Node-oracledb 4.1.0 installed for Node.js 10.24.1 (linux, x64)
oracledb **
oracledb ** To use node-oracledb:
oracledb ** - Oracle Client libraries (64-bit) must be configured with ldconfig or LD_LIBRARY_PATH
oracledb ** - To get libraries, install an Instant Client Basic or Basic Light package from
oracledb **   https://www.oracle.com/technetwork/topics/linuxx86-64soft-092277.html
oracledb **
oracledb ** Installation instructions: https://oracle.github.io/node-oracledb/INSTALL.html
oracledb ********************************************************************************

npm WARN optional SKIPPING OPTIONAL DEPENDENCY: fsevents@~2.3.1 (node_modules/chokidar/node_modules/fsevents):
npm WARN notsup SKIPPING OPTIONAL DEPENDENCY: Unsupported platform for fsevents@2.3.2: wanted {"os":"darwin","arch":"any"} (current: {"os":"linux","arch":"x64"})

+ oracledb@4.1.0
updated 1 package and audited 939 packages in 4.058s

32 packages are looking for funding
  run `npm fund` for details

found 29 vulnerabilities (6 low, 6 moderate, 15 high, 2 critical)
  run `npm audit fix` to fix them, or `npm audit` for details
2021-08-22T22:00:48.415Z appoptics:debug read config from /__w/appoptics-apm-node/appoptics-apm-node/appoptics-apm-config
2021-08-22T22:00:48.417Z appoptics:debug guc ignoring APPOPTICS_LOG_SETTINGS
2021-08-22T22:00:48.417Z appoptics:debug serviceKey dIOz...wWK0:ao-node-test
2021-08-22T22:00:48.418Z appoptics:debug using context provider: ace-context
2021-08-22T22:00:48.523Z appoptics:debug apm 10.0.1, bindings 11.0.0, oboe 10.1.0
2021-08-22T22:00:48.575Z appoptics:patching patched crypto 
2021-08-22T22:00:48.603Z appoptics:patching patched https 
2021-08-22T22:00:48.603Z appoptics:patching patched http 
2021-08-22T22:00:48.644Z appoptics:patching patched oracledb 4.1.0
2021-08-22T22:00:48.650Z appoptics:debug starting runtimeMetrics


  probes.oracledb 4.1.0
    âœ“ UDP might lose a message
2021-08-22T22:00:48.789Z appoptics:debug asking helper to execute test_basic
2021-08-22T22:00:48.790Z appoptics:debug test_basic being executed
2021-08-22T22:00:48.790Z appoptics:debug oracledb wrapping getConnection
2021-08-22T22:00:48.801Z appoptics:debug done with test_basic oracledb.getConnection
2021-08-22T22:00:48.818Z appoptics:debug test_basic query callback invoked
    âœ“ should trace execute calls
2021-08-22T22:00:48.825Z appoptics:debug ORACLEDB wrapping createPool
2021-08-22T22:00:48.828Z appoptics:debug oracledb wrapping getConnection
2021-08-22T22:00:48.845Z appoptics:debug connection.execute() seems to be patched
2021-08-22T22:00:48.845Z appoptics:debug connection.commit() seems to be patched
2021-08-22T22:00:48.845Z appoptics:debug connection.rollback() seems to be patched
2021-08-22T22:00:48.845Z appoptics:debug connection.break() seems to be patched
2021-08-22T22:00:48.845Z appoptics:debug connection.release seems to be patched
    âœ“ should trace execute calls in pool
2021-08-22T22:00:48.848Z appoptics:debug oracledb wrapping getConnection
2021-08-22T22:00:48.863Z appoptics:debug connection.execute() seems to be patched
2021-08-22T22:00:48.863Z appoptics:debug connection.commit() seems to be patched
2021-08-22T22:00:48.863Z appoptics:debug connection.rollback() seems to be patched
2021-08-22T22:00:48.864Z appoptics:debug connection.break() seems to be patched
2021-08-22T22:00:48.864Z appoptics:debug connection.release seems to be patched
    âœ“ should include correct isAutoCommit value


  4 passing (103ms)


> oracledb@4.2.0 install /__w/appoptics-apm-node/appoptics-apm-node/node_modules/oracledb
> node package/install.js

oracledb ********************************************************************************
oracledb ** Node-oracledb 4.2.0 installed for Node.js 10.24.1 (linux, x64)
oracledb **
oracledb ** To use node-oracledb:
oracledb ** - Oracle Client libraries (64-bit) must be configured with ldconfig or LD_LIBRARY_PATH
oracledb ** - To get libraries, install an Instant Client Basic or Basic Light package from
oracledb **   https://www.oracle.com/database/technologies/instant-client/linux-x86-64-downloads.html
oracledb **
oracledb ** Installation instructions: https://oracle.github.io/node-oracledb/INSTALL.html
oracledb ********************************************************************************

npm WARN optional SKIPPING OPTIONAL DEPENDENCY: fsevents@~2.3.1 (node_modules/chokidar/node_modules/fsevents):
npm WARN notsup SKIPPING OPTIONAL DEPENDENCY: Unsupported platform for fsevents@2.3.2: wanted {"os":"darwin","arch":"any"} (current: {"os":"linux","arch":"x64"})

+ oracledb@4.2.0
updated 1 package and audited 939 packages in 4.394s

32 packages are looking for funding
  run `npm fund` for details

found 29 vulnerabilities (6 low, 6 moderate, 15 high, 2 critical)
  run `npm audit fix` to fix them, or `npm audit` for details
2021-08-22T22:00:54.478Z appoptics:debug read config from /__w/appoptics-apm-node/appoptics-apm-node/appoptics-apm-config
2021-08-22T22:00:54.480Z appoptics:debug guc ignoring APPOPTICS_LOG_SETTINGS
2021-08-22T22:00:54.480Z appoptics:debug serviceKey dIOz...wWK0:ao-node-test
2021-08-22T22:00:54.480Z appoptics:debug using context provider: ace-context
2021-08-22T22:00:54.542Z appoptics:debug apm 10.0.1, bindings 11.0.0, oboe 10.1.0
2021-08-22T22:00:54.587Z appoptics:patching patched crypto 
2021-08-22T22:00:54.616Z appoptics:patching patched https 
2021-08-22T22:00:54.616Z appoptics:patching patched http 
2021-08-22T22:00:54.647Z appoptics:patching patched oracledb 4.2.0
2021-08-22T22:00:54.653Z appoptics:debug starting runtimeMetrics


  probes.oracledb 4.2.0
    âœ“ UDP might lose a message
2021-08-22T22:00:54.779Z appoptics:debug asking helper to execute test_basic
2021-08-22T22:00:54.780Z appoptics:debug test_basic being executed
2021-08-22T22:00:54.780Z appoptics:debug oracledb wrapping getConnection
2021-08-22T22:00:54.788Z appoptics:debug done with test_basic oracledb.getConnection
2021-08-22T22:00:54.812Z appoptics:debug test_basic query callback invoked
    âœ“ should trace execute calls
2021-08-22T22:00:54.818Z appoptics:debug ORACLEDB wrapping createPool
2021-08-22T22:00:54.820Z appoptics:debug oracledb wrapping getConnection
2021-08-22T22:00:54.839Z appoptics:debug connection.execute() seems to be patched
2021-08-22T22:00:54.839Z appoptics:debug connection.commit() seems to be patched
2021-08-22T22:00:54.839Z appoptics:debug connection.rollback() seems to be patched
2021-08-22T22:00:54.839Z appoptics:debug connection.break() seems to be patched
2021-08-22T22:00:54.839Z appoptics:debug connection.release seems to be patched
    âœ“ should trace execute calls in pool
2021-08-22T22:00:54.842Z appoptics:debug oracledb wrapping getConnection
2021-08-22T22:00:54.859Z appoptics:debug connection.execute() seems to be patched
2021-08-22T22:00:54.860Z appoptics:debug connection.commit() seems to be patched
2021-08-22T22:00:54.860Z appoptics:debug connection.rollback() seems to be patched
2021-08-22T22:00:54.860Z appoptics:debug connection.break() seems to be patched
2021-08-22T22:00:54.860Z appoptics:debug connection.release seems to be patched
    âœ“ should include correct isAutoCommit value


  4 passing (106ms)


> oracledb@5.0.0 install /__w/appoptics-apm-node/appoptics-apm-node/node_modules/oracledb
> node package/install.js

oracledb ********************************************************************************
oracledb ** Node-oracledb 5.0.0 installed for Node.js 10.24.1 (linux, x64)
oracledb **
oracledb ** To use node-oracledb:
oracledb ** - Oracle Client libraries (64-bit) must be available.
oracledb ** - Follow the installation instructions:
oracledb **   https://oracle.github.io/node-oracledb/INSTALL.html#linuxinstall
oracledb ********************************************************************************

npm WARN optional SKIPPING OPTIONAL DEPENDENCY: fsevents@~2.3.1 (node_modules/chokidar/node_modules/fsevents):
npm WARN notsup SKIPPING OPTIONAL DEPENDENCY: Unsupported platform for fsevents@2.3.2: wanted {"os":"darwin","arch":"any"} (current: {"os":"linux","arch":"x64"})

+ oracledb@5.0.0
updated 1 package and audited 939 packages in 4.102s

32 packages are looking for funding
  run `npm fund` for details

found 29 vulnerabilities (6 low, 6 moderate, 15 high, 2 critical)
  run `npm audit fix` to fix them, or `npm audit` for details
2021-08-22T22:01:00.051Z appoptics:debug read config from /__w/appoptics-apm-node/appoptics-apm-node/appoptics-apm-config
2021-08-22T22:01:00.053Z appoptics:debug guc ignoring APPOPTICS_LOG_SETTINGS
2021-08-22T22:01:00.053Z appoptics:debug serviceKey dIOz...wWK0:ao-node-test
2021-08-22T22:01:00.053Z appoptics:debug using context provider: ace-context
2021-08-22T22:01:00.144Z appoptics:debug apm 10.0.1, bindings 11.0.0, oboe 10.1.0
2021-08-22T22:01:00.197Z appoptics:patching patched crypto 
2021-08-22T22:01:00.227Z appoptics:patching patched https 
2021-08-22T22:01:00.227Z appoptics:patching patched http 
2021-08-22T22:01:00.269Z appoptics:patching patched oracledb 5.0.0
2021-08-22T22:01:00.274Z appoptics:debug starting runtimeMetrics


  probes.oracledb 5.0.0
    âœ“ UDP might lose a message
2021-08-22T22:01:00.427Z appoptics:debug asking helper to execute test_basic
2021-08-22T22:01:00.427Z appoptics:debug test_basic being executed
2021-08-22T22:01:00.428Z appoptics:debug oracledb wrapping getConnection
2021-08-22T22:01:00.438Z appoptics:debug done with test_basic oracledb.getConnection
2021-08-22T22:01:00.466Z appoptics:debug test_basic query callback invoked
    âœ“ should trace execute calls (43ms)
2021-08-22T22:01:00.472Z appoptics:debug ORACLEDB wrapping createPool
2021-08-22T22:01:00.475Z appoptics:debug oracledb wrapping getConnection
2021-08-22T22:01:00.499Z appoptics:debug connection.execute() seems to be patched
2021-08-22T22:01:00.499Z appoptics:debug connection.commit() seems to be patched
2021-08-22T22:01:00.499Z appoptics:debug connection.rollback() seems to be patched
2021-08-22T22:01:00.499Z appoptics:debug connection.break() seems to be patched
2021-08-22T22:01:00.499Z appoptics:debug connection.release seems to be patched
    âœ“ should trace execute calls in pool
2021-08-22T22:01:00.504Z appoptics:debug oracledb wrapping getConnection
2021-08-22T22:01:00.525Z appoptics:debug connection.execute() seems to be patched
2021-08-22T22:01:00.525Z appoptics:debug connection.commit() seems to be patched
2021-08-22T22:01:00.525Z appoptics:debug connection.rollback() seems to be patched
2021-08-22T22:01:00.525Z appoptics:debug connection.break() seems to be patched
2021-08-22T22:01:00.525Z appoptics:debug connection.release seems to be patched
    âœ“ should include correct isAutoCommit value


  4 passing (130ms)


> oracledb@5.1.0 install /__w/appoptics-apm-node/appoptics-apm-node/node_modules/oracledb
> node package/install.js

oracledb ********************************************************************************
oracledb ** Node-oracledb 5.1.0 installed for Node.js 10.24.1 (linux, x64)
oracledb **
oracledb ** To use node-oracledb:
oracledb ** - Oracle Client libraries (64-bit) must be available.
oracledb ** - Follow the installation instructions:
oracledb **   https://oracle.github.io/node-oracledb/INSTALL.html#linuxinstall
oracledb ********************************************************************************

npm WARN optional SKIPPING OPTIONAL DEPENDENCY: fsevents@~2.3.1 (node_modules/chokidar/node_modules/fsevents):
npm WARN notsup SKIPPING OPTIONAL DEPENDENCY: Unsupported platform for fsevents@2.3.2: wanted {"os":"darwin","arch":"any"} (current: {"os":"linux","arch":"x64"})

+ oracledb@5.1.0
updated 1 package and audited 939 packages in 4.388s

32 packages are looking for funding
  run `npm fund` for details

found 29 vulnerabilities (6 low, 6 moderate, 15 high, 2 critical)
  run `npm audit fix` to fix them, or `npm audit` for details
2021-08-22T22:01:06.053Z appoptics:debug read config from /__w/appoptics-apm-node/appoptics-apm-node/appoptics-apm-config
2021-08-22T22:01:06.055Z appoptics:debug guc ignoring APPOPTICS_LOG_SETTINGS
2021-08-22T22:01:06.055Z appoptics:debug serviceKey dIOz...wWK0:ao-node-test
2021-08-22T22:01:06.056Z appoptics:debug using context provider: ace-context
2021-08-22T22:01:06.125Z appoptics:debug apm 10.0.1, bindings 11.0.0, oboe 10.1.0
2021-08-22T22:01:06.168Z appoptics:patching patched crypto 
2021-08-22T22:01:06.197Z appoptics:patching patched https 
2021-08-22T22:01:06.197Z appoptics:patching patched http 
2021-08-22T22:01:06.237Z appoptics:patching patched oracledb 5.1.0
2021-08-22T22:01:06.242Z appoptics:debug starting runtimeMetrics


  probes.oracledb 5.1.0
    âœ“ UDP might lose a message
2021-08-22T22:01:06.357Z appoptics:debug asking helper to execute test_basic
2021-08-22T22:01:06.361Z appoptics:debug test_basic being executed
2021-08-22T22:01:06.361Z appoptics:debug oracledb wrapping getConnection
2021-08-22T22:01:06.370Z appoptics:debug done with test_basic oracledb.getConnection
2021-08-22T22:01:06.390Z appoptics:debug test_basic query callback invoked
    âœ“ should trace execute calls
2021-08-22T22:01:06.395Z appoptics:debug ORACLEDB wrapping createPool
2021-08-22T22:01:06.397Z appoptics:debug oracledb wrapping getConnection
2021-08-22T22:01:06.412Z appoptics:debug connection.execute() seems to be patched
2021-08-22T22:01:06.412Z appoptics:debug connection.commit() seems to be patched
2021-08-22T22:01:06.412Z appoptics:debug connection.rollback() seems to be patched
2021-08-22T22:01:06.412Z appoptics:debug connection.break() seems to be patched
2021-08-22T22:01:06.412Z appoptics:debug connection.release seems to be patched
    âœ“ should trace execute calls in pool
2021-08-22T22:01:06.415Z appoptics:debug oracledb wrapping getConnection
2021-08-22T22:01:06.428Z appoptics:debug connection.execute() seems to be patched
2021-08-22T22:01:06.429Z appoptics:debug connection.commit() seems to be patched
2021-08-22T22:01:06.429Z appoptics:debug connection.rollback() seems to be patched
2021-08-22T22:01:06.429Z appoptics:debug connection.break() seems to be patched
2021-08-22T22:01:06.429Z appoptics:debug connection.release seems to be patched
    âœ“ should include correct isAutoCommit value


  4 passing (96ms)


> oracledb@5.2.0 install /__w/appoptics-apm-node/appoptics-apm-node/node_modules/oracledb
> node package/install.js

oracledb ********************************************************************************
oracledb ** Node-oracledb 5.2.0 installed in Node.js 10.24.1 (linux, x64)
oracledb **
oracledb ** To use node-oracledb:
oracledb ** - Oracle Client libraries (64-bit) must be available.
oracledb ** - Follow the installation instructions:
oracledb **   https://oracle.github.io/node-oracledb/INSTALL.html#linuxinstall
oracledb ********************************************************************************

npm WARN optional SKIPPING OPTIONAL DEPENDENCY: fsevents@~2.3.1 (node_modules/chokidar/node_modules/fsevents):
npm WARN notsup SKIPPING OPTIONAL DEPENDENCY: Unsupported platform for fsevents@2.3.2: wanted {"os":"darwin","arch":"any"} (current: {"os":"linux","arch":"x64"})

+ oracledb@5.2.0
updated 1 package and audited 939 packages in 4.162s

32 packages are looking for funding
  run `npm fund` for details

found 29 vulnerabilities (6 low, 6 moderate, 15 high, 2 critical)
  run `npm audit fix` to fix them, or `npm audit` for details
2021-08-22T22:01:11.834Z appoptics:debug read config from /__w/appoptics-apm-node/appoptics-apm-node/appoptics-apm-config
2021-08-22T22:01:11.835Z appoptics:debug guc ignoring APPOPTICS_LOG_SETTINGS
2021-08-22T22:01:11.835Z appoptics:debug serviceKey dIOz...wWK0:ao-node-test
2021-08-22T22:01:11.836Z appoptics:debug using context provider: ace-context
2021-08-22T22:01:11.926Z appoptics:debug apm 10.0.1, bindings 11.0.0, oboe 10.1.0
2021-08-22T22:01:11.987Z appoptics:patching patched crypto 
2021-08-22T22:01:12.016Z appoptics:patching patched https 
2021-08-22T22:01:12.016Z appoptics:patching patched http 
2021-08-22T22:01:12.065Z appoptics:patching patched oracledb 5.2.0
2021-08-22T22:01:12.070Z appoptics:debug starting runtimeMetrics


  probes.oracledb 5.2.0
    âœ“ UDP might lose a message
2021-08-22T22:01:12.210Z appoptics:debug asking helper to execute test_basic
2021-08-22T22:01:12.210Z appoptics:debug test_basic being executed
2021-08-22T22:01:12.210Z appoptics:debug oracledb wrapping getConnection
2021-08-22T22:01:12.220Z appoptics:debug done with test_basic oracledb.getConnection
2021-08-22T22:01:12.239Z appoptics:debug test_basic query callback invoked
    âœ“ should trace execute calls
2021-08-22T22:01:12.245Z appoptics:debug ORACLEDB wrapping createPool
2021-08-22T22:01:12.248Z appoptics:debug oracledb wrapping getConnection
2021-08-22T22:01:12.273Z appoptics:debug connection.execute() seems to be patched
2021-08-22T22:01:12.273Z appoptics:debug connection.commit() seems to be patched
2021-08-22T22:01:12.273Z appoptics:debug connection.rollback() seems to be patched
2021-08-22T22:01:12.273Z appoptics:debug connection.break() seems to be patched
2021-08-22T22:01:12.273Z appoptics:debug connection.release seems to be patched
    âœ“ should trace execute calls in pool
2021-08-22T22:01:12.278Z appoptics:debug oracledb wrapping getConnection
2021-08-22T22:01:12.305Z appoptics:debug connection.execute() seems to be patched
2021-08-22T22:01:12.305Z appoptics:debug connection.commit() seems to be patched
2021-08-22T22:01:12.305Z appoptics:debug connection.rollback() seems to be patched
2021-08-22T22:01:12.305Z appoptics:debug connection.break() seems to be patched
2021-08-22T22:01:12.305Z appoptics:debug connection.release seems to be patched
    âœ“ should include correct isAutoCommit value


  4 passing (120ms)


> oracledb@5.2.0 install /__w/appoptics-apm-node/appoptics-apm-node/node_modules/oracledb
> node package/install.js

oracledb ********************************************************************************
oracledb ** Node-oracledb 5.2.0 installed in Node.js 10.24.1 (linux, x64)
oracledb **
oracledb ** To use node-oracledb:
oracledb ** - Oracle Client libraries (64-bit) must be available.
oracledb ** - Follow the installation instructions:
oracledb **   https://oracle.github.io/node-oracledb/INSTALL.html#linuxinstall
oracledb ********************************************************************************

npm WARN optional SKIPPING OPTIONAL DEPENDENCY: fsevents@~2.3.1 (node_modules/chokidar/node_modules/fsevents):
npm WARN notsup SKIPPING OPTIONAL DEPENDENCY: Unsupported platform for fsevents@2.3.2: wanted {"os":"darwin","arch":"any"} (current: {"os":"linux","arch":"x64"})

+ oracledb@5.2.0
updated 1 package and audited 939 packages in 4.566s

32 packages are looking for funding
  run `npm fund` for details

found 29 vulnerabilities (6 low, 6 moderate, 15 high, 2 critical)
  run `npm audit fix` to fix them, or `npm audit` for details
