npm WARN deprecated oracledb@2.0.14: Update to node-oracledb 5
npm WARN read-shrinkwrap This version of npm is compatible with lockfileVersion@1, but package-lock.json was generated for lockfileVersion@2. I'll try to do my best with it!

> oracledb@2.0.14 install /__w/appoptics-apm-node/appoptics-apm-node/node_modules/oracledb
> node package/oracledbinstall.js

oracledb Beginning installation
oracledb Verifying installation
oracledb Binary not found
oracledb Continuing installation
oracledb [31mERR![0m NJS-054: Binary build/Release/oracledb.node was not installed from oracledb-v2.0.14-node-v64-linux-x64.gz
oracledb [31mERR![0m Error: HTTPS request for https://github.com/oracle/node-oracledb/releases/download/v2.0.14/oracledb-v2.0.14-node-v64-linux-x64.gz failed with code 404
oracledb [31mERR![0m If the error is not network or filesystem related, then review 
oracledb [31mERR![0m the Python 2.7 and compiler prerequisites in the installation instructions and
oracledb [31mERR![0m then install from source code with: npm install oracle/node-oracledb.git#v2.0.14
oracledb [31mERR![0m See https://github.com/oracle/node-oracledb/blob/master/INSTALL.md 

npm WARN optional SKIPPING OPTIONAL DEPENDENCY: fsevents@~2.3.1 (node_modules/chokidar/node_modules/fsevents):
npm WARN notsup SKIPPING OPTIONAL DEPENDENCY: Unsupported platform for fsevents@2.3.2: wanted {"os":"darwin","arch":"any"} (current: {"os":"linux","arch":"x64"})

npm ERR! code ELIFECYCLE
npm ERR! errno 87
npm ERR! oracledb@2.0.14 install: `node package/oracledbinstall.js`
npm ERR! Exit status 87
npm ERR! 
npm ERR! Failed at the oracledb@2.0.14 install script.
npm ERR! This is probably not a problem with npm. There is likely additional logging output above.

npm ERR! A complete log of this run can be found in:
npm ERR!     /github/home/.npm/_logs/2022-04-21T16_16_39_950Z-debug.log
npm WARN deprecated oracledb@2.0.15: Update to node-oracledb 5
npm WARN read-shrinkwrap This version of npm is compatible with lockfileVersion@1, but package-lock.json was generated for lockfileVersion@2. I'll try to do my best with it!

> oracledb@2.0.15 install /__w/appoptics-apm-node/appoptics-apm-node/node_modules/oracledb
> node package/oracledbinstall.js

oracledb Beginning installation
oracledb Verifying installation
oracledb Binary not found
oracledb Continuing installation
oracledb [31mERR![0m NJS-054: Binary build/Release/oracledb.node was not installed from oracledb-v2.0.15-node-v64-linux-x64.gz
oracledb [31mERR![0m Error: HTTPS request for https://github.com/oracle/node-oracledb/releases/download/v2.0.15/oracledb-v2.0.15-node-v64-linux-x64.gz failed with code 404
oracledb [31mERR![0m If the error is not network or filesystem related, then review 
oracledb [31mERR![0m the Python 2.7 and compiler prerequisites in the installation instructions and
oracledb [31mERR![0m then install from source code with: npm install oracle/node-oracledb.git#v2.0.15
oracledb [31mERR![0m See https://github.com/oracle/node-oracledb/blob/master/INSTALL.md 

npm WARN optional SKIPPING OPTIONAL DEPENDENCY: fsevents@~2.3.1 (node_modules/chokidar/node_modules/fsevents):
npm WARN notsup SKIPPING OPTIONAL DEPENDENCY: Unsupported platform for fsevents@2.3.2: wanted {"os":"darwin","arch":"any"} (current: {"os":"linux","arch":"x64"})

npm ERR! code ELIFECYCLE
npm ERR! errno 87
npm ERR! oracledb@2.0.15 install: `node package/oracledbinstall.js`
npm ERR! Exit status 87
npm ERR! 
npm ERR! Failed at the oracledb@2.0.15 install script.
npm ERR! This is probably not a problem with npm. There is likely additional logging output above.

npm ERR! A complete log of this run can be found in:
npm ERR!     /github/home/.npm/_logs/2022-04-21T16_16_44_745Z-debug.log
npm WARN deprecated oracledb@2.1.0: Update to node-oracledb 5
npm WARN read-shrinkwrap This version of npm is compatible with lockfileVersion@1, but package-lock.json was generated for lockfileVersion@2. I'll try to do my best with it!

> oracledb@2.1.0 install /__w/appoptics-apm-node/appoptics-apm-node/node_modules/oracledb
> node package/oracledbinstall.js

oracledb Beginning installation
oracledb Verifying installation
oracledb Binary not found
oracledb Continuing installation
oracledb [31mERR![0m NJS-054: Binary build/Release/oracledb.node was not installed from oracledb-v2.1.0-node-v64-linux-x64.gz
oracledb [31mERR![0m Error: HTTPS request for https://github.com/oracle/node-oracledb/releases/download/v2.1.0/oracledb-v2.1.0-node-v64-linux-x64.gz failed with code 404
oracledb [31mERR![0m If the error is not network or filesystem related, then review 
oracledb [31mERR![0m the Python 2.7 and compiler prerequisites in the installation instructions and
oracledb [31mERR![0m then install from source code with: npm install oracle/node-oracledb.git#v2.1.0
oracledb [31mERR![0m See https://github.com/oracle/node-oracledb/blob/master/INSTALL.md 

npm WARN optional SKIPPING OPTIONAL DEPENDENCY: fsevents@~2.3.1 (node_modules/chokidar/node_modules/fsevents):
npm WARN notsup SKIPPING OPTIONAL DEPENDENCY: Unsupported platform for fsevents@2.3.2: wanted {"os":"darwin","arch":"any"} (current: {"os":"linux","arch":"x64"})

npm ERR! code ELIFECYCLE
npm ERR! errno 87
npm ERR! oracledb@2.1.0 install: `node package/oracledbinstall.js`
npm ERR! Exit status 87
npm ERR! 
npm ERR! Failed at the oracledb@2.1.0 install script.
npm ERR! This is probably not a problem with npm. There is likely additional logging output above.

npm ERR! A complete log of this run can be found in:
npm ERR!     /github/home/.npm/_logs/2022-04-21T16_16_49_407Z-debug.log
npm WARN deprecated oracledb@2.1.1: Update to node-oracledb 5
npm WARN read-shrinkwrap This version of npm is compatible with lockfileVersion@1, but package-lock.json was generated for lockfileVersion@2. I'll try to do my best with it!

> oracledb@2.1.1 install /__w/appoptics-apm-node/appoptics-apm-node/node_modules/oracledb
> node package/oracledbinstall.js

oracledb Beginning installation
oracledb Verifying installation
oracledb Binary not found
oracledb Continuing installation
oracledb [31mERR![0m NJS-054: Binary build/Release/oracledb.node was not installed from oracledb-v2.1.1-node-v64-linux-x64.gz
oracledb [31mERR![0m Error: HTTPS request for https://github.com/oracle/node-oracledb/releases/download/v2.1.1/oracledb-v2.1.1-node-v64-linux-x64.gz failed with code 404
oracledb [31mERR![0m If the error is not network or filesystem related, then review 
oracledb [31mERR![0m the Python 2.7 and compiler prerequisites in the installation instructions and
oracledb [31mERR![0m then install from source code with: npm install oracle/node-oracledb.git#v2.1.1
oracledb [31mERR![0m See https://github.com/oracle/node-oracledb/blob/master/INSTALL.md 

npm WARN optional SKIPPING OPTIONAL DEPENDENCY: fsevents@~2.3.1 (node_modules/chokidar/node_modules/fsevents):
npm WARN notsup SKIPPING OPTIONAL DEPENDENCY: Unsupported platform for fsevents@2.3.2: wanted {"os":"darwin","arch":"any"} (current: {"os":"linux","arch":"x64"})

npm ERR! code ELIFECYCLE
npm ERR! errno 87
npm ERR! oracledb@2.1.1 install: `node package/oracledbinstall.js`
npm ERR! Exit status 87
npm ERR! 
npm ERR! Failed at the oracledb@2.1.1 install script.
npm ERR! This is probably not a problem with npm. There is likely additional logging output above.

npm ERR! A complete log of this run can be found in:
npm ERR!     /github/home/.npm/_logs/2022-04-21T16_16_53_920Z-debug.log
npm WARN deprecated oracledb@2.1.2: Update to node-oracledb 5
npm WARN read-shrinkwrap This version of npm is compatible with lockfileVersion@1, but package-lock.json was generated for lockfileVersion@2. I'll try to do my best with it!

> oracledb@2.1.2 install /__w/appoptics-apm-node/appoptics-apm-node/node_modules/oracledb
> node package/oracledbinstall.js

oracledb Beginning installation
oracledb Verifying installation
oracledb Binary not found
oracledb Continuing installation
oracledb [31mERR![0m NJS-054: Binary build/Release/oracledb.node was not installed from oracledb-v2.1.2-node-v64-linux-x64.gz
oracledb [31mERR![0m Error: HTTPS request for https://github.com/oracle/node-oracledb/releases/download/v2.1.2/oracledb-v2.1.2-node-v64-linux-x64.gz failed with code 404
oracledb [31mERR![0m If the error is not network or filesystem related, then review 
oracledb [31mERR![0m the Python 2.7 and compiler prerequisites in the installation instructions and
oracledb [31mERR![0m then install from source code with: npm install oracle/node-oracledb.git#v2.1.2
oracledb [31mERR![0m See https://github.com/oracle/node-oracledb/blob/master/INSTALL.md 

npm WARN optional SKIPPING OPTIONAL DEPENDENCY: fsevents@~2.3.1 (node_modules/chokidar/node_modules/fsevents):
npm WARN notsup SKIPPING OPTIONAL DEPENDENCY: Unsupported platform for fsevents@2.3.2: wanted {"os":"darwin","arch":"any"} (current: {"os":"linux","arch":"x64"})

npm ERR! code ELIFECYCLE
npm ERR! errno 87
npm ERR! oracledb@2.1.2 install: `node package/oracledbinstall.js`
npm ERR! Exit status 87
npm ERR! 
npm ERR! Failed at the oracledb@2.1.2 install script.
npm ERR! This is probably not a problem with npm. There is likely additional logging output above.

npm ERR! A complete log of this run can be found in:
npm ERR!     /github/home/.npm/_logs/2022-04-21T16_16_58_586Z-debug.log
npm WARN deprecated oracledb@2.2.0: Update to node-oracledb 5
npm WARN read-shrinkwrap This version of npm is compatible with lockfileVersion@1, but package-lock.json was generated for lockfileVersion@2. I'll try to do my best with it!

> oracledb@2.2.0 install /__w/appoptics-apm-node/appoptics-apm-node/node_modules/oracledb
> node package/oracledbinstall.js

oracledb Beginning installation
oracledb Verifying installation
oracledb Continuing installation
oracledb [31mERR![0m NJS-054: Binary build/Release/oracledb.node was not installed.
oracledb [31mERR![0m Pre-built binary packages are not available for this version of Node.js (NODE_MODULE_VERSION="64")
oracledb [31mERR![0m Failed to install binary package oracledb-v2.2.0-node-v64-linux-x64.gz
oracledb [31mERR![0m Error: HTTPS request for https://github.com/oracle/node-oracledb/releases/download/v2.2.0/oracledb-v2.2.0-node-v64-linux-x64.gz failed with code 404
oracledb [31mERR![0m For help see https://oracle.github.io/node-oracledb/INSTALL.html#troubleshooting

npm WARN optional SKIPPING OPTIONAL DEPENDENCY: fsevents@~2.3.1 (node_modules/chokidar/node_modules/fsevents):
npm WARN notsup SKIPPING OPTIONAL DEPENDENCY: Unsupported platform for fsevents@2.3.2: wanted {"os":"darwin","arch":"any"} (current: {"os":"linux","arch":"x64"})

npm ERR! code ELIFECYCLE
npm ERR! errno 87
npm ERR! oracledb@2.2.0 install: `node package/oracledbinstall.js`
npm ERR! Exit status 87
npm ERR! 
npm ERR! Failed at the oracledb@2.2.0 install script.
npm ERR! This is probably not a problem with npm. There is likely additional logging output above.

npm ERR! A complete log of this run can be found in:
npm ERR!     /github/home/.npm/_logs/2022-04-21T16_17_02_825Z-debug.log
npm WARN deprecated oracledb@2.3.0: Update to node-oracledb 5
npm WARN read-shrinkwrap This version of npm is compatible with lockfileVersion@1, but package-lock.json was generated for lockfileVersion@2. I'll try to do my best with it!

> oracledb@2.3.0 install /__w/appoptics-apm-node/appoptics-apm-node/node_modules/oracledb
> node package/oracledbinstall.js

oracledb Beginning installation
oracledb Verifying installation
oracledb Continuing installation
oracledb Oracledb downloaded
oracledb Verifying installation
oracledb Binary SHA matches SHA in SHASUMS256.txt
oracledb 
oracledb ********************************************************************************
oracledb ** Node-oracledb 2.3.0 installation complete for Node.js 10.24.1 (linux, x64)
oracledb **
oracledb ** To use the installed node-oracledb:
oracledb ** - You must have 64-bit Oracle client libraries in LD_LIBRARY_PATH, or configured with ldconfig
oracledb ** - If you do not already have libraries, install the Instant Client Basic or Basic Light package from 
oracledb **   http://www.oracle.com/technetwork/topics/linuxx86-64soft-092277.html
oracledb **
oracledb ** Node-oracledb installation instructions: https://oracle.github.io/node-oracledb/INSTALL.html
oracledb ********************************************************************************

npm WARN optional SKIPPING OPTIONAL DEPENDENCY: fsevents@~2.3.1 (node_modules/chokidar/node_modules/fsevents):
npm WARN notsup SKIPPING OPTIONAL DEPENDENCY: Unsupported platform for fsevents@2.3.2: wanted {"os":"darwin","arch":"any"} (current: {"os":"linux","arch":"x64"})

+ oracledb@2.3.0
added 1 package and audited 935 packages in 5.043s

86 packages are looking for funding
  run `npm fund` for details

found 7 vulnerabilities (2 moderate, 5 high)
  run `npm audit fix` to fix them, or `npm audit` for details
2022-04-21T16:17:08.856Z appoptics:debug read config from /__w/appoptics-apm-node/appoptics-apm-node/appoptics-apm-config
2022-04-21T16:17:08.857Z appoptics:debug guc ignoring APPOPTICS_LOG_SETTINGS
2022-04-21T16:17:08.857Z appoptics:debug serviceKey dIOz...wWK0:node-agent-test
2022-04-21T16:17:08.858Z appoptics:debug using context provider: ace-context
2022-04-21T16:17:08.923Z appoptics:debug apm 10.2.2-ao.0, bindings 11.2.0, oboe 10.2.0
2022-04-21T16:17:09.070Z appoptics:patching patched crypto 
2022-04-21T16:17:09.096Z appoptics:patching patched https 
2022-04-21T16:17:09.096Z appoptics:patching patched http 
2022-04-21T16:17:09.187Z appoptics:patching patched oracledb 2.3.0
2022-04-21T16:17:09.192Z appoptics:debug starting runtimeMetrics


  probes.oracledb 2.3.0
    âœ“ UDP might lose a message
    âœ“ should be configured to sanitize SQL by default
2022-04-21T16:17:09.327Z appoptics:debug span.exit - no last event outer outer:entry 2b-2be2f1effb4720d4f1e6fa452299c557f8258ec8-30284b1e775ce5d5-01 outer:exit 2b-2be2f1effb4720d4f1e6fa452299c557f8258ec8-125eb996e7275d84-01
2022-04-21T16:17:09.328Z appoptics:error Can not set lastEvent. Context may be lost.
    1) should trace execute calls
2022-04-21T16:17:09.367Z appoptics:debug span.exit - no last event outer outer:entry 2b-f8aac7f626e0e079bf8b72f3cc79202b8c2ec888-2799e856e3743cf9-01 outer:exit 2b-f8aac7f626e0e079bf8b72f3cc79202b8c2ec888-97f8996be36a66d9-01
2022-04-21T16:17:09.367Z appoptics:error Can not set lastEvent. Context may be lost.
    2) should sanitize query
2022-04-21T16:17:09.493Z appoptics:debug span.exit - no last event outer outer:entry 2b-df823976aa6d65c37c30fb57cb376934e657060e-98bdf5e5851043d3-01 outer:exit 2b-df823976aa6d65c37c30fb57cb376934e657060e-27939cbab9de2253-01
2022-04-21T16:17:09.493Z appoptics:error Can not set lastEvent. Context may be lost.
    3) should truncate long queries
2022-04-21T16:17:09.534Z appoptics:debug span.exit - no last event outer outer:entry 2b-8696b77b2a8a740aeb64ee352c2ce5612f469ae2-6e7936ecec3b7ea6-01 outer:exit 2b-8696b77b2a8a740aeb64ee352c2ce5612f469ae2-d41f8cbc3e585ade-01
2022-04-21T16:17:09.534Z appoptics:error Can not set lastEvent. Context may be lost.
    4) should trace execute calls in pool
2022-04-21T16:17:09.570Z appoptics:debug span.exit - no last event outer outer:entry 2b-56927a3be16d76ad6a603151367c175346a2b9c3-560994b7adf64937-01 outer:exit 2b-56927a3be16d76ad6a603151367c175346a2b9c3-8ffc312dbb619492-01
2022-04-21T16:17:09.570Z appoptics:error Can not set lastEvent. Context may be lost.
    5) should include correct isAutoCommit value
2022-04-21T16:17:09.604Z appoptics:debug span.exit - no last event outer outer:entry 2b-b6c0d38f4b260f71702097a99a455365924d30a4-71c47d16dce1ba97-01 outer:exit 2b-b6c0d38f4b260f71702097a99a455365924d30a4-ec0324beadf215d8-01
2022-04-21T16:17:09.604Z appoptics:error Can not set lastEvent. Context may be lost.
    âœ“ should do nothing when disabled


  3 passing (409ms)
  5 failing

  1) probes.oracledb 2.3.0
       should trace execute calls:
     Uncaught AssertionError: expected Object {
  Edge: '30284B1E775CE5D5',
  Hostname: 'ac9f62a49e96',
  Label: 'exit',
  Layer: 'outer',
  TID: 633,
  Timestamp_u: 1650557829328163,
  'X-Trace': '2B2BE2F1EFFB4720D4F1E6FA452299C557F8258EC8125EB996E7275D8401',
  _V: '1'
} to have property Layer of 'oracle' (got 'outer')
      at Assertion.fail (node_modules/should/lib/assertion.js:92:17)
      at Assertion.value [as property] (node_modules/should/lib/assertion.js:164:19)
      at Object.oracle-entry (test/probes/oracledb.test.js:64:23)
      at /__w/appoptics-apm-node/appoptics-apm-node/test/probes/oracledb.test.js:96:31
      at EventEmitter.onMessage (test/helper.js:170:9)
      at Socket.<anonymous> (test/helper.js:112:13)
      at UDP.onMessage [as onmessage] (dgram.js:628:8)

  2) probes.oracledb 2.3.0
       should sanitize query:
     Uncaught AssertionError: expected Object {
  Edge: '2799E856E3743CF9',
  Hostname: 'ac9f62a49e96',
  Label: 'exit',
  Layer: 'outer',
  TID: 633,
  Timestamp_u: 1650557829368039,
  'X-Trace': '2BF8AAC7F626E0E079BF8B72F3CC79202B8C2EC88897F8996BE36A66D901',
  _V: '1'
} to have property Layer of 'oracle' (got 'outer')
      at Assertion.fail (node_modules/should/lib/assertion.js:92:17)
      at Assertion.value [as property] (node_modules/should/lib/assertion.js:164:19)
      at Object.oracle-entry (test/probes/oracledb.test.js:64:23)
      at helper.test.ao.probes.oracledb.sanitizeSql (test/probes/oracledb.test.js:120:31)
      at EventEmitter.onMessage (test/helper.js:170:9)
      at Socket.<anonymous> (test/helper.js:112:13)
      at UDP.onMessage [as onmessage] (dgram.js:628:8)

  3) probes.oracledb 2.3.0
       should truncate long queries:
     Uncaught AssertionError: expected Object {
  Edge: '98BDF5E5851043D3',
  Hostname: 'ac9f62a49e96',
  Label: 'exit',
  Layer: 'outer',
  TID: 633,
  Timestamp_u: 1650557829494007,
  'X-Trace': '2BDF823976AA6D65C37C30FB57CB376934E657060E27939CBAB9DE225301',
  _V: '1'
} to have property Layer of 'oracle' (got 'outer')
      at Assertion.fail (node_modules/should/lib/assertion.js:92:17)
      at Assertion.value [as property] (node_modules/should/lib/assertion.js:164:19)
      at Object.oracle-entry (test/probes/oracledb.test.js:64:23)
      at /__w/appoptics-apm-node/appoptics-apm-node/test/probes/oracledb.test.js:152:31
      at EventEmitter.onMessage (test/helper.js:170:9)
      at Socket.<anonymous> (test/helper.js:112:13)
      at UDP.onMessage [as onmessage] (dgram.js:628:8)

  4) probes.oracledb 2.3.0
       should trace execute calls in pool:
     Uncaught AssertionError: expected Object {
  Edge: '6E7936ECEC3B7EA6',
  Hostname: 'ac9f62a49e96',
  Label: 'exit',
  Layer: 'outer',
  TID: 633,
  Timestamp_u: 1650557829534934,
  'X-Trace': '2B8696B77B2A8A740AEB64EE352C2CE5612F469AE2D41F8CBC3E585ADE01',
  _V: '1'
} to have property Layer of 'oracle' (got 'outer')
      at Assertion.fail (node_modules/should/lib/assertion.js:92:17)
      at Assertion.value [as property] (node_modules/should/lib/assertion.js:164:19)
      at Object.oracle-entry (test/probes/oracledb.test.js:64:23)
      at /__w/appoptics-apm-node/appoptics-apm-node/test/probes/oracledb.test.js:176:31
      at EventEmitter.onMessage (test/helper.js:170:9)
      at Socket.<anonymous> (test/helper.js:112:13)
      at UDP.onMessage [as onmessage] (dgram.js:628:8)

  5) probes.oracledb 2.3.0
       should include correct isAutoCommit value:
     Uncaught AssertionError: expected Object {
  Edge: '560994B7ADF64937',
  Hostname: 'ac9f62a49e96',
  Label: 'exit',
  Layer: 'outer',
  TID: 633,
  Timestamp_u: 1650557829570272,
  'X-Trace': '2B56927A3BE16D76AD6A603151367C175346A2B9C38FFC312DBB61949201',
  _V: '1'
} to have property Layer of 'oracle' (got 'outer')
      at Assertion.fail (node_modules/should/lib/assertion.js:92:17)
      at Assertion.value [as property] (node_modules/should/lib/assertion.js:164:19)
      at Object.oracle-entry (test/probes/oracledb.test.js:64:23)
      at /__w/appoptics-apm-node/appoptics-apm-node/test/probes/oracledb.test.js:219:31
      at EventEmitter.onMessage (test/helper.js:170:9)
      at Socket.<anonymous> (test/helper.js:112:13)
      at UDP.onMessage [as onmessage] (dgram.js:628:8)



npm WARN deprecated oracledb@3.0.0: Update to node-oracledb 5
npm WARN read-shrinkwrap This version of npm is compatible with lockfileVersion@1, but package-lock.json was generated for lockfileVersion@2. I'll try to do my best with it!

> oracledb@3.0.0 install /__w/appoptics-apm-node/appoptics-apm-node/node_modules/oracledb
> node package/oracledbinstall.js

oracledb Beginning installation
oracledb Verifying installation
oracledb Continuing installation
oracledb Oracledb downloaded
oracledb Verifying installation
oracledb Binary SHA matches SHA in SHASUMS256.txt
oracledb 
oracledb ********************************************************************************
oracledb ** Node-oracledb 3.0.0 installation complete for Node.js 10.24.1 (linux, x64)
oracledb **
oracledb ** To use the installed node-oracledb:
oracledb ** - You must have 64-bit Oracle client libraries in LD_LIBRARY_PATH, or configured with ldconfig
oracledb ** - If you do not already have libraries, install the Instant Client Basic or Basic Light package from 
oracledb **   http://www.oracle.com/technetwork/topics/linuxx86-64soft-092277.html
oracledb **
oracledb ** Node-oracledb installation instructions: https://oracle.github.io/node-oracledb/INSTALL.html
oracledb ********************************************************************************

npm WARN optional SKIPPING OPTIONAL DEPENDENCY: fsevents@~2.3.1 (node_modules/chokidar/node_modules/fsevents):
npm WARN notsup SKIPPING OPTIONAL DEPENDENCY: Unsupported platform for fsevents@2.3.2: wanted {"os":"darwin","arch":"any"} (current: {"os":"linux","arch":"x64"})

+ oracledb@3.0.0
updated 1 package and audited 935 packages in 6.271s

86 packages are looking for funding
  run `npm fund` for details

found 7 vulnerabilities (2 moderate, 5 high)
  run `npm audit fix` to fix them, or `npm audit` for details
2022-04-21T16:17:17.080Z appoptics:debug read config from /__w/appoptics-apm-node/appoptics-apm-node/appoptics-apm-config
2022-04-21T16:17:17.081Z appoptics:debug guc ignoring APPOPTICS_LOG_SETTINGS
2022-04-21T16:17:17.081Z appoptics:debug serviceKey dIOz...wWK0:node-agent-test
2022-04-21T16:17:17.082Z appoptics:debug using context provider: ace-context
2022-04-21T16:17:17.162Z appoptics:debug apm 10.2.2-ao.0, bindings 11.2.0, oboe 10.2.0
2022-04-21T16:17:17.420Z appoptics:patching patched crypto 
2022-04-21T16:17:17.468Z appoptics:patching patched https 
2022-04-21T16:17:17.468Z appoptics:patching patched http 
2022-04-21T16:17:17.526Z appoptics:patching patched oracledb 3.0.0
2022-04-21T16:17:17.533Z appoptics:debug starting runtimeMetrics


  probes.oracledb 3.0.0
    âœ“ UDP might lose a message
    âœ“ should be configured to sanitize SQL by default
2022-04-21T16:17:17.638Z appoptics:debug span.exit - no last event outer outer:entry 2b-af0090f85413151e5eb228dd7439e6545dc500a7-b44db00abec34829-01 outer:exit 2b-af0090f85413151e5eb228dd7439e6545dc500a7-2c3059b2ec08ac5f-01
2022-04-21T16:17:17.638Z appoptics:error Can not set lastEvent. Context may be lost.
    1) should trace execute calls
2022-04-21T16:17:17.675Z appoptics:debug span.exit - no last event outer outer:entry 2b-97d3731fc87e24291121bf6478e2f50a4285a69c-effabe9c729c56d5-01 outer:exit 2b-97d3731fc87e24291121bf6478e2f50a4285a69c-0c53be4d5326276f-01
2022-04-21T16:17:17.675Z appoptics:error Can not set lastEvent. Context may be lost.
    2) should sanitize query
2022-04-21T16:17:17.791Z appoptics:debug span.exit - no last event outer outer:entry 2b-1758355969cb127264892ea914256d1a7373e633-e33f12287a82e6c1-01 outer:exit 2b-1758355969cb127264892ea914256d1a7373e633-7b24f25513b90912-01
2022-04-21T16:17:17.791Z appoptics:error Can not set lastEvent. Context may be lost.
    3) should truncate long queries
2022-04-21T16:17:17.838Z appoptics:debug span.exit - no last event outer outer:entry 2b-7087624268608d032d6c7590c203041f19e9494f-be934707fe29f840-01 outer:exit 2b-7087624268608d032d6c7590c203041f19e9494f-318c1d2cf875465f-01
2022-04-21T16:17:17.838Z appoptics:error Can not set lastEvent. Context may be lost.
    4) should trace execute calls in pool
2022-04-21T16:17:17.893Z appoptics:debug span.exit - no last event outer outer:entry 2b-ce17a5a3ff9f0c631dc3086c624435efc4886367-4da5f065cd965703-01 outer:exit 2b-ce17a5a3ff9f0c631dc3086c624435efc4886367-1ed3538861e3ee4a-01
2022-04-21T16:17:17.893Z appoptics:error Can not set lastEvent. Context may be lost.
    5) should include correct isAutoCommit value
2022-04-21T16:17:17.935Z appoptics:debug span.exit - no last event outer outer:entry 2b-683a564b7a82e3526df2debacce6b77f662c471a-b461db70012c913e-01 outer:exit 2b-683a564b7a82e3526df2debacce6b77f662c471a-d54eaec238e3db54-01
2022-04-21T16:17:17.935Z appoptics:error Can not set lastEvent. Context may be lost.
    âœ“ should do nothing when disabled (40ms)


  3 passing (393ms)
  5 failing

  1) probes.oracledb 3.0.0
       should trace execute calls:
     Uncaught AssertionError: expected Object {
  Edge: 'B44DB00ABEC34829',
  Hostname: 'ac9f62a49e96',
  Label: 'exit',
  Layer: 'outer',
  TID: 767,
  Timestamp_u: 1650557837638461,
  'X-Trace': '2BAF0090F85413151E5EB228DD7439E6545DC500A72C3059B2EC08AC5F01',
  _V: '1'
} to have property Layer of 'oracle' (got 'outer')
      at Assertion.fail (node_modules/should/lib/assertion.js:92:17)
      at Assertion.value [as property] (node_modules/should/lib/assertion.js:164:19)
      at Object.oracle-entry (test/probes/oracledb.test.js:64:23)
      at /__w/appoptics-apm-node/appoptics-apm-node/test/probes/oracledb.test.js:96:31
      at EventEmitter.onMessage (test/helper.js:170:9)
      at Socket.<anonymous> (test/helper.js:112:13)
      at UDP.onMessage [as onmessage] (dgram.js:628:8)

  2) probes.oracledb 3.0.0
       should sanitize query:
     Uncaught AssertionError: expected Object {
  Edge: 'EFFABE9C729C56D5',
  Hostname: 'ac9f62a49e96',
  Label: 'exit',
  Layer: 'outer',
  TID: 767,
  Timestamp_u: 1650557837675545,
  'X-Trace': '2B97D3731FC87E24291121BF6478E2F50A4285A69C0C53BE4D5326276F01',
  _V: '1'
} to have property Layer of 'oracle' (got 'outer')
      at Assertion.fail (node_modules/should/lib/assertion.js:92:17)
      at Assertion.value [as property] (node_modules/should/lib/assertion.js:164:19)
      at Object.oracle-entry (test/probes/oracledb.test.js:64:23)
      at helper.test.ao.probes.oracledb.sanitizeSql (test/probes/oracledb.test.js:120:31)
      at EventEmitter.onMessage (test/helper.js:170:9)
      at Socket.<anonymous> (test/helper.js:112:13)
      at UDP.onMessage [as onmessage] (dgram.js:628:8)

  3) probes.oracledb 3.0.0
       should truncate long queries:
     Uncaught AssertionError: expected Object {
  Edge: 'E33F12287A82E6C1',
  Hostname: 'ac9f62a49e96',
  Label: 'exit',
  Layer: 'outer',
  TID: 767,
  Timestamp_u: 1650557837791364,
  'X-Trace': '2B1758355969CB127264892EA914256D1A7373E6337B24F25513B9091201',
  _V: '1'
} to have property Layer of 'oracle' (got 'outer')
      at Assertion.fail (node_modules/should/lib/assertion.js:92:17)
      at Assertion.value [as property] (node_modules/should/lib/assertion.js:164:19)
      at Object.oracle-entry (test/probes/oracledb.test.js:64:23)
      at /__w/appoptics-apm-node/appoptics-apm-node/test/probes/oracledb.test.js:152:31
      at EventEmitter.onMessage (test/helper.js:170:9)
      at Socket.<anonymous> (test/helper.js:112:13)
      at UDP.onMessage [as onmessage] (dgram.js:628:8)

  4) probes.oracledb 3.0.0
       should trace execute calls in pool:
     Uncaught AssertionError: expected Object {
  Edge: 'BE934707FE29F840',
  Hostname: 'ac9f62a49e96',
  Label: 'exit',
  Layer: 'outer',
  TID: 767,
  Timestamp_u: 1650557837838235,
  'X-Trace': '2B7087624268608D032D6C7590C203041F19E9494F318C1D2CF875465F01',
  _V: '1'
} to have property Layer of 'oracle' (got 'outer')
      at Assertion.fail (node_modules/should/lib/assertion.js:92:17)
      at Assertion.value [as property] (node_modules/should/lib/assertion.js:164:19)
      at Object.oracle-entry (test/probes/oracledb.test.js:64:23)
      at /__w/appoptics-apm-node/appoptics-apm-node/test/probes/oracledb.test.js:176:31
      at EventEmitter.onMessage (test/helper.js:170:9)
      at Socket.<anonymous> (test/helper.js:112:13)
      at UDP.onMessage [as onmessage] (dgram.js:628:8)

  5) probes.oracledb 3.0.0
       should include correct isAutoCommit value:
     Uncaught AssertionError: expected Object {
  Edge: '4DA5F065CD965703',
  Hostname: 'ac9f62a49e96',
  Label: 'exit',
  Layer: 'outer',
  TID: 767,
  Timestamp_u: 1650557837893685,
  'X-Trace': '2BCE17A5A3FF9F0C631DC3086C624435EFC48863671ED3538861E3EE4A01',
  _V: '1'
} to have property Layer of 'oracle' (got 'outer')
      at Assertion.fail (node_modules/should/lib/assertion.js:92:17)
      at Assertion.value [as property] (node_modules/should/lib/assertion.js:164:19)
      at Object.oracle-entry (test/probes/oracledb.test.js:64:23)
      at /__w/appoptics-apm-node/appoptics-apm-node/test/probes/oracledb.test.js:219:31
      at EventEmitter.onMessage (test/helper.js:170:9)
      at Socket.<anonymous> (test/helper.js:112:13)
      at UDP.onMessage [as onmessage] (dgram.js:628:8)



npm WARN deprecated oracledb@3.0.1: Update to node-oracledb 5
npm WARN read-shrinkwrap This version of npm is compatible with lockfileVersion@1, but package-lock.json was generated for lockfileVersion@2. I'll try to do my best with it!

> oracledb@3.0.1 install /__w/appoptics-apm-node/appoptics-apm-node/node_modules/oracledb
> node package/oracledbinstall.js

oracledb Beginning installation
oracledb Oracledb downloaded
oracledb 
oracledb ********************************************************************************
oracledb ** Node-oracledb 3.0.1 installation complete for Node.js 10.24.1 (linux, x64)
oracledb **
oracledb ** To use node-oracledb:
oracledb ** - You must have 64-bit Oracle client libraries in LD_LIBRARY_PATH, or configured with ldconfig
oracledb ** - If you do not already have libraries, install the Instant Client Basic or Basic Light package from 
oracledb **   http://www.oracle.com/technetwork/topics/linuxx86-64soft-092277.html
oracledb **
oracledb ** Installation instructions: https://oracle.github.io/node-oracledb/INSTALL.html
oracledb ********************************************************************************

oracledb 
npm WARN optional SKIPPING OPTIONAL DEPENDENCY: fsevents@~2.3.1 (node_modules/chokidar/node_modules/fsevents):
npm WARN notsup SKIPPING OPTIONAL DEPENDENCY: Unsupported platform for fsevents@2.3.2: wanted {"os":"darwin","arch":"any"} (current: {"os":"linux","arch":"x64"})

+ oracledb@3.0.1
updated 1 package and audited 935 packages in 6.298s

86 packages are looking for funding
  run `npm fund` for details

found 7 vulnerabilities (2 moderate, 5 high)
  run `npm audit fix` to fix them, or `npm audit` for details
2022-04-21T16:17:25.185Z appoptics:debug read config from /__w/appoptics-apm-node/appoptics-apm-node/appoptics-apm-config
2022-04-21T16:17:25.186Z appoptics:debug guc ignoring APPOPTICS_LOG_SETTINGS
2022-04-21T16:17:25.186Z appoptics:debug serviceKey dIOz...wWK0:node-agent-test
2022-04-21T16:17:25.187Z appoptics:debug using context provider: ace-context
2022-04-21T16:17:25.250Z appoptics:debug apm 10.2.2-ao.0, bindings 11.2.0, oboe 10.2.0
2022-04-21T16:17:25.396Z appoptics:patching patched crypto 
2022-04-21T16:17:25.422Z appoptics:patching patched https 
2022-04-21T16:17:25.422Z appoptics:patching patched http 
2022-04-21T16:17:25.459Z appoptics:patching patched oracledb 3.0.1
2022-04-21T16:17:25.463Z appoptics:debug starting runtimeMetrics


  probes.oracledb 3.0.1
    âœ“ UDP might lose a message
    âœ“ should be configured to sanitize SQL by default
2022-04-21T16:17:25.533Z appoptics:debug span.exit - no last event outer outer:entry 2b-08ea9497b5c4408dce89a10c6e86e86577707629-063325523cfb6540-01 outer:exit 2b-08ea9497b5c4408dce89a10c6e86e86577707629-6209cf5d5bbf41d0-01
2022-04-21T16:17:25.533Z appoptics:error Can not set lastEvent. Context may be lost.
    1) should trace execute calls
2022-04-21T16:17:25.571Z appoptics:debug span.exit - no last event outer outer:entry 2b-c071a45a04c90cbd71c5c4591886f9881f1a33bf-2624fd698da877cd-01 outer:exit 2b-c071a45a04c90cbd71c5c4591886f9881f1a33bf-046b4b9d011276a2-01
2022-04-21T16:17:25.571Z appoptics:error Can not set lastEvent. Context may be lost.
    2) should sanitize query
2022-04-21T16:17:25.686Z appoptics:debug span.exit - no last event outer outer:entry 2b-f394265ddb464607ac31f3763dfda1e6a9b00fb4-50c7bcd812a9ed6e-01 outer:exit 2b-f394265ddb464607ac31f3763dfda1e6a9b00fb4-d0a2d400ab5fe00f-01
2022-04-21T16:17:25.687Z appoptics:error Can not set lastEvent. Context may be lost.
    3) should truncate long queries
2022-04-21T16:17:25.724Z appoptics:debug span.exit - no last event outer outer:entry 2b-3cc249c03dcc27d81cb4055d89e8dea7279bb61d-b25d4864d92de2df-01 outer:exit 2b-3cc249c03dcc27d81cb4055d89e8dea7279bb61d-83edb50deb87b1d5-01
2022-04-21T16:17:25.724Z appoptics:error Can not set lastEvent. Context may be lost.
    4) should trace execute calls in pool
2022-04-21T16:17:25.758Z appoptics:debug span.exit - no last event outer outer:entry 2b-cec9b97ecd39c0f34eeaf4c518b7474f40e6fd37-adc324d5859db1b6-01 outer:exit 2b-cec9b97ecd39c0f34eeaf4c518b7474f40e6fd37-3efbc7320166a34c-01
2022-04-21T16:17:25.758Z appoptics:error Can not set lastEvent. Context may be lost.
    5) should include correct isAutoCommit value
2022-04-21T16:17:25.792Z appoptics:debug span.exit - no last event outer outer:entry 2b-b77eded108673f0304a8fe8743a2f1224e5b6a90-fe5470f93dd18dba-01 outer:exit 2b-b77eded108673f0304a8fe8743a2f1224e5b6a90-6c462e135c45125d-01
2022-04-21T16:17:25.792Z appoptics:error Can not set lastEvent. Context may be lost.
    âœ“ should do nothing when disabled


  3 passing (326ms)
  5 failing

  1) probes.oracledb 3.0.1
       should trace execute calls:
     Uncaught AssertionError: expected Object {
  Edge: '063325523CFB6540',
  Hostname: 'ac9f62a49e96',
  Label: 'exit',
  Layer: 'outer',
  TID: 901,
  Timestamp_u: 1650557845533822,
  'X-Trace': '2B08EA9497B5C4408DCE89A10C6E86E865777076296209CF5D5BBF41D001',
  _V: '1'
} to have property Layer of 'oracle' (got 'outer')
      at Assertion.fail (node_modules/should/lib/assertion.js:92:17)
      at Assertion.value [as property] (node_modules/should/lib/assertion.js:164:19)
      at Object.oracle-entry (test/probes/oracledb.test.js:64:23)
      at /__w/appoptics-apm-node/appoptics-apm-node/test/probes/oracledb.test.js:96:31
      at EventEmitter.onMessage (test/helper.js:170:9)
      at Socket.<anonymous> (test/helper.js:112:13)
      at UDP.onMessage [as onmessage] (dgram.js:628:8)

  2) probes.oracledb 3.0.1
       should sanitize query:
     Uncaught AssertionError: expected Object {
  Edge: '2624FD698DA877CD',
  Hostname: 'ac9f62a49e96',
  Label: 'exit',
  Layer: 'outer',
  TID: 901,
  Timestamp_u: 1650557845571557,
  'X-Trace': '2BC071A45A04C90CBD71C5C4591886F9881F1A33BF046B4B9D011276A201',
  _V: '1'
} to have property Layer of 'oracle' (got 'outer')
      at Assertion.fail (node_modules/should/lib/assertion.js:92:17)
      at Assertion.value [as property] (node_modules/should/lib/assertion.js:164:19)
      at Object.oracle-entry (test/probes/oracledb.test.js:64:23)
      at helper.test.ao.probes.oracledb.sanitizeSql (test/probes/oracledb.test.js:120:31)
      at EventEmitter.onMessage (test/helper.js:170:9)
      at Socket.<anonymous> (test/helper.js:112:13)
      at UDP.onMessage [as onmessage] (dgram.js:628:8)

  3) probes.oracledb 3.0.1
       should truncate long queries:
     Uncaught AssertionError: expected Object {
  Edge: '50C7BCD812A9ED6E',
  Hostname: 'ac9f62a49e96',
  Label: 'exit',
  Layer: 'outer',
  TID: 901,
  Timestamp_u: 1650557845687054,
  'X-Trace': '2BF394265DDB464607AC31F3763DFDA1E6A9B00FB4D0A2D400AB5FE00F01',
  _V: '1'
} to have property Layer of 'oracle' (got 'outer')
      at Assertion.fail (node_modules/should/lib/assertion.js:92:17)
      at Assertion.value [as property] (node_modules/should/lib/assertion.js:164:19)
      at Object.oracle-entry (test/probes/oracledb.test.js:64:23)
      at /__w/appoptics-apm-node/appoptics-apm-node/test/probes/oracledb.test.js:152:31
      at EventEmitter.onMessage (test/helper.js:170:9)
      at Socket.<anonymous> (test/helper.js:112:13)
      at UDP.onMessage [as onmessage] (dgram.js:628:8)

  4) probes.oracledb 3.0.1
       should trace execute calls in pool:
     Uncaught AssertionError: expected Object {
  Edge: 'B25D4864D92DE2DF',
  Hostname: 'ac9f62a49e96',
  Label: 'exit',
  Layer: 'outer',
  TID: 901,
  Timestamp_u: 1650557845724385,
  'X-Trace': '2B3CC249C03DCC27D81CB4055D89E8DEA7279BB61D83EDB50DEB87B1D501',
  _V: '1'
} to have property Layer of 'oracle' (got 'outer')
      at Assertion.fail (node_modules/should/lib/assertion.js:92:17)
      at Assertion.value [as property] (node_modules/should/lib/assertion.js:164:19)
      at Object.oracle-entry (test/probes/oracledb.test.js:64:23)
      at /__w/appoptics-apm-node/appoptics-apm-node/test/probes/oracledb.test.js:176:31
      at EventEmitter.onMessage (test/helper.js:170:9)
      at Socket.<anonymous> (test/helper.js:112:13)
      at UDP.onMessage [as onmessage] (dgram.js:628:8)

  5) probes.oracledb 3.0.1
       should include correct isAutoCommit value:
     Uncaught AssertionError: expected Object {
  Edge: 'ADC324D5859DB1B6',
  Hostname: 'ac9f62a49e96',
  Label: 'exit',
  Layer: 'outer',
  TID: 901,
  Timestamp_u: 1650557845758932,
  'X-Trace': '2BCEC9B97ECD39C0F34EEAF4C518B7474F40E6FD373EFBC7320166A34C01',
  _V: '1'
} to have property Layer of 'oracle' (got 'outer')
      at Assertion.fail (node_modules/should/lib/assertion.js:92:17)
      at Assertion.value [as property] (node_modules/should/lib/assertion.js:164:19)
      at Object.oracle-entry (test/probes/oracledb.test.js:64:23)
      at /__w/appoptics-apm-node/appoptics-apm-node/test/probes/oracledb.test.js:219:31
      at EventEmitter.onMessage (test/helper.js:170:9)
      at Socket.<anonymous> (test/helper.js:112:13)
      at UDP.onMessage [as onmessage] (dgram.js:628:8)



npm WARN deprecated oracledb@3.1.0: Update to node-oracledb 5
npm WARN read-shrinkwrap This version of npm is compatible with lockfileVersion@1, but package-lock.json was generated for lockfileVersion@2. I'll try to do my best with it!

> oracledb@3.1.0 install /__w/appoptics-apm-node/appoptics-apm-node/node_modules/oracledb
> node package/install.js

oracledb ********************************************************************************
oracledb ** Node-oracledb 3.1.0 installed for Node.js 10.24.1 (linux, x64)
oracledb **
oracledb ** To use node-oracledb:
oracledb ** - Oracle Client libraries (64-bit) must be configured with ldconfig or LD_LIBRARY_PATH
oracledb ** - To get libraries, install an Instant Client Basic or Basic Light package from
oracledb **   https://www.oracle.com/technetwork/topics/linuxx86-64soft-092277.html
oracledb **
oracledb ** Installation instructions: https://oracle.github.io/node-oracledb/INSTALL.html
oracledb ********************************************************************************

npm WARN optional SKIPPING OPTIONAL DEPENDENCY: fsevents@~2.3.1 (node_modules/chokidar/node_modules/fsevents):
npm WARN notsup SKIPPING OPTIONAL DEPENDENCY: Unsupported platform for fsevents@2.3.2: wanted {"os":"darwin","arch":"any"} (current: {"os":"linux","arch":"x64"})

+ oracledb@3.1.0
updated 1 package and audited 935 packages in 6.163s

86 packages are looking for funding
  run `npm fund` for details

found 7 vulnerabilities (2 moderate, 5 high)
  run `npm audit fix` to fix them, or `npm audit` for details
2022-04-21T16:17:32.995Z appoptics:debug read config from /__w/appoptics-apm-node/appoptics-apm-node/appoptics-apm-config
2022-04-21T16:17:32.996Z appoptics:debug guc ignoring APPOPTICS_LOG_SETTINGS
2022-04-21T16:17:32.996Z appoptics:debug serviceKey dIOz...wWK0:node-agent-test
2022-04-21T16:17:32.997Z appoptics:debug using context provider: ace-context
2022-04-21T16:17:33.070Z appoptics:debug apm 10.2.2-ao.0, bindings 11.2.0, oboe 10.2.0
2022-04-21T16:17:33.256Z appoptics:patching patched crypto 
2022-04-21T16:17:33.292Z appoptics:patching patched https 
2022-04-21T16:17:33.293Z appoptics:patching patched http 
2022-04-21T16:17:33.322Z appoptics:patching patched oracledb 3.1.0
2022-04-21T16:17:33.327Z appoptics:debug starting runtimeMetrics


  probes.oracledb 3.1.0
    âœ“ UDP might lose a message
    âœ“ should be configured to sanitize SQL by default
2022-04-21T16:17:33.423Z appoptics:debug span.exit - no last event outer outer:entry 2b-3828ab0279c4d68525decbf758a5f8952f185e7a-c6bd84c554629921-01 outer:exit 2b-3828ab0279c4d68525decbf758a5f8952f185e7a-2555fcd683661ab5-01
2022-04-21T16:17:33.423Z appoptics:error Can not set lastEvent. Context may be lost.
    1) should trace execute calls
2022-04-21T16:17:33.466Z appoptics:debug span.exit - no last event outer outer:entry 2b-10592caec65158d10cc365c355348bf509ce7792-8c177d3bbd68df30-01 outer:exit 2b-10592caec65158d10cc365c355348bf509ce7792-cb0671fb9a5002c0-01
2022-04-21T16:17:33.466Z appoptics:error Can not set lastEvent. Context may be lost.
    2) should sanitize query
2022-04-21T16:17:33.607Z appoptics:debug span.exit - no last event outer outer:entry 2b-0dd7e592eecc21712e9d6e8f5734467dadad0b5d-874b98ec11bbbe35-01 outer:exit 2b-0dd7e592eecc21712e9d6e8f5734467dadad0b5d-7e30ec69dac65ed4-01
2022-04-21T16:17:33.607Z appoptics:error Can not set lastEvent. Context may be lost.
    3) should truncate long queries
2022-04-21T16:17:33.654Z appoptics:debug span.exit - no last event outer outer:entry 2b-44efa00c6fffc71b8025f528244a858f9da36931-180009c83f3269f2-01 outer:exit 2b-44efa00c6fffc71b8025f528244a858f9da36931-e7fe8aed4b93c36d-01
2022-04-21T16:17:33.654Z appoptics:error Can not set lastEvent. Context may be lost.
    4) should trace execute calls in pool
2022-04-21T16:17:33.695Z appoptics:debug span.exit - no last event outer outer:entry 2b-1cb63a9c1831f6e2e8f7b8e855c07e27cf406d62-2a46ffbe7b306369-01 outer:exit 2b-1cb63a9c1831f6e2e8f7b8e855c07e27cf406d62-c8670c2c7827a869-01
2022-04-21T16:17:33.695Z appoptics:error Can not set lastEvent. Context may be lost.
    5) should include correct isAutoCommit value
2022-04-21T16:17:33.735Z appoptics:debug span.exit - no last event outer outer:entry 2b-dfb6100ab3594bf8da6d5769bbef32c2e9b6e906-bd7c3434043f8a09-01 outer:exit 2b-dfb6100ab3594bf8da6d5769bbef32c2e9b6e906-6f3823d539cbb91c-01
2022-04-21T16:17:33.736Z appoptics:error Can not set lastEvent. Context may be lost.
    âœ“ should do nothing when disabled


  3 passing (404ms)
  5 failing

  1) probes.oracledb 3.1.0
       should trace execute calls:
     Uncaught AssertionError: expected Object {
  Edge: 'C6BD84C554629921',
  Hostname: 'ac9f62a49e96',
  Label: 'exit',
  Layer: 'outer',
  TID: 935,
  Timestamp_u: 1650557853423927,
  'X-Trace': '2B3828AB0279C4D68525DECBF758A5F8952F185E7A2555FCD683661AB501',
  _V: '1'
} to have property Layer of 'oracle' (got 'outer')
      at Assertion.fail (node_modules/should/lib/assertion.js:92:17)
      at Assertion.value [as property] (node_modules/should/lib/assertion.js:164:19)
      at Object.oracle-entry (test/probes/oracledb.test.js:64:23)
      at /__w/appoptics-apm-node/appoptics-apm-node/test/probes/oracledb.test.js:96:31
      at EventEmitter.onMessage (test/helper.js:170:9)
      at Socket.<anonymous> (test/helper.js:112:13)
      at UDP.onMessage [as onmessage] (dgram.js:628:8)

  2) probes.oracledb 3.1.0
       should sanitize query:
     Uncaught AssertionError: expected Object {
  Edge: '8C177D3BBD68DF30',
  Hostname: 'ac9f62a49e96',
  Label: 'exit',
  Layer: 'outer',
  TID: 935,
  Timestamp_u: 1650557853467005,
  'X-Trace': '2B10592CAEC65158D10CC365C355348BF509CE7792CB0671FB9A5002C001',
  _V: '1'
} to have property Layer of 'oracle' (got 'outer')
      at Assertion.fail (node_modules/should/lib/assertion.js:92:17)
      at Assertion.value [as property] (node_modules/should/lib/assertion.js:164:19)
      at Object.oracle-entry (test/probes/oracledb.test.js:64:23)
      at helper.test.ao.probes.oracledb.sanitizeSql (test/probes/oracledb.test.js:120:31)
      at EventEmitter.onMessage (test/helper.js:170:9)
      at Socket.<anonymous> (test/helper.js:112:13)
      at UDP.onMessage [as onmessage] (dgram.js:628:8)

  3) probes.oracledb 3.1.0
       should truncate long queries:
     Uncaught AssertionError: expected Object {
  Edge: '874B98EC11BBBE35',
  Hostname: 'ac9f62a49e96',
  Label: 'exit',
  Layer: 'outer',
  TID: 935,
  Timestamp_u: 1650557853607897,
  'X-Trace': '2B0DD7E592EECC21712E9D6E8F5734467DADAD0B5D7E30EC69DAC65ED401',
  _V: '1'
} to have property Layer of 'oracle' (got 'outer')
      at Assertion.fail (node_modules/should/lib/assertion.js:92:17)
      at Assertion.value [as property] (node_modules/should/lib/assertion.js:164:19)
      at Object.oracle-entry (test/probes/oracledb.test.js:64:23)
      at /__w/appoptics-apm-node/appoptics-apm-node/test/probes/oracledb.test.js:152:31
      at EventEmitter.onMessage (test/helper.js:170:9)
      at Socket.<anonymous> (test/helper.js:112:13)
      at UDP.onMessage [as onmessage] (dgram.js:628:8)

  4) probes.oracledb 3.1.0
       should trace execute calls in pool:
     Uncaught AssertionError: expected Object {
  Edge: '180009C83F3269F2',
  Hostname: 'ac9f62a49e96',
  Label: 'exit',
  Layer: 'outer',
  TID: 935,
  Timestamp_u: 1650557853654613,
  'X-Trace': '2B44EFA00C6FFFC71B8025F528244A858F9DA36931E7FE8AED4B93C36D01',
  _V: '1'
} to have property Layer of 'oracle' (got 'outer')
      at Assertion.fail (node_modules/should/lib/assertion.js:92:17)
      at Assertion.value [as property] (node_modules/should/lib/assertion.js:164:19)
      at Object.oracle-entry (test/probes/oracledb.test.js:64:23)
      at /__w/appoptics-apm-node/appoptics-apm-node/test/probes/oracledb.test.js:176:31
      at EventEmitter.onMessage (test/helper.js:170:9)
      at Socket.<anonymous> (test/helper.js:112:13)
      at UDP.onMessage [as onmessage] (dgram.js:628:8)

  5) probes.oracledb 3.1.0
       should include correct isAutoCommit value:
     Uncaught AssertionError: expected Object {
  Edge: '2A46FFBE7B306369',
  Hostname: 'ac9f62a49e96',
  Label: 'exit',
  Layer: 'outer',
  TID: 935,
  Timestamp_u: 1650557853695393,
  'X-Trace': '2B1CB63A9C1831F6E2E8F7B8E855C07E27CF406D62C8670C2C7827A86901',
  _V: '1'
} to have property Layer of 'oracle' (got 'outer')
      at Assertion.fail (node_modules/should/lib/assertion.js:92:17)
      at Assertion.value [as property] (node_modules/should/lib/assertion.js:164:19)
      at Object.oracle-entry (test/probes/oracledb.test.js:64:23)
      at /__w/appoptics-apm-node/appoptics-apm-node/test/probes/oracledb.test.js:219:31
      at EventEmitter.onMessage (test/helper.js:170:9)
      at Socket.<anonymous> (test/helper.js:112:13)
      at UDP.onMessage [as onmessage] (dgram.js:628:8)



npm WARN deprecated oracledb@3.1.1: Update to node-oracledb 5
npm WARN read-shrinkwrap This version of npm is compatible with lockfileVersion@1, but package-lock.json was generated for lockfileVersion@2. I'll try to do my best with it!

> oracledb@3.1.1 install /__w/appoptics-apm-node/appoptics-apm-node/node_modules/oracledb
> node package/install.js

oracledb ********************************************************************************
oracledb ** Node-oracledb 3.1.1 installed for Node.js 10.24.1 (linux, x64)
oracledb **
oracledb ** To use node-oracledb:
oracledb ** - Oracle Client libraries (64-bit) must be configured with ldconfig or LD_LIBRARY_PATH
oracledb ** - To get libraries, install an Instant Client Basic or Basic Light package from
oracledb **   https://www.oracle.com/technetwork/topics/linuxx86-64soft-092277.html
oracledb **
oracledb ** Installation instructions: https://oracle.github.io/node-oracledb/INSTALL.html
oracledb ********************************************************************************

npm WARN optional SKIPPING OPTIONAL DEPENDENCY: fsevents@~2.3.1 (node_modules/chokidar/node_modules/fsevents):
npm WARN notsup SKIPPING OPTIONAL DEPENDENCY: Unsupported platform for fsevents@2.3.2: wanted {"os":"darwin","arch":"any"} (current: {"os":"linux","arch":"x64"})

+ oracledb@3.1.1
updated 1 package and audited 935 packages in 4.253s

86 packages are looking for funding
  run `npm fund` for details

found 7 vulnerabilities (2 moderate, 5 high)
  run `npm audit fix` to fix them, or `npm audit` for details
2022-04-21T16:17:38.976Z appoptics:debug read config from /__w/appoptics-apm-node/appoptics-apm-node/appoptics-apm-config
2022-04-21T16:17:38.977Z appoptics:debug guc ignoring APPOPTICS_LOG_SETTINGS
2022-04-21T16:17:38.977Z appoptics:debug serviceKey dIOz...wWK0:node-agent-test
2022-04-21T16:17:38.978Z appoptics:debug using context provider: ace-context
2022-04-21T16:17:39.048Z appoptics:debug apm 10.2.2-ao.0, bindings 11.2.0, oboe 10.2.0
2022-04-21T16:17:39.198Z appoptics:patching patched crypto 
2022-04-21T16:17:39.222Z appoptics:patching patched https 
2022-04-21T16:17:39.222Z appoptics:patching patched http 
2022-04-21T16:17:39.248Z appoptics:patching patched oracledb 3.1.1
2022-04-21T16:17:39.252Z appoptics:debug starting runtimeMetrics


  probes.oracledb 3.1.1
    âœ“ UDP might lose a message
    âœ“ should be configured to sanitize SQL by default
2022-04-21T16:17:39.333Z appoptics:debug span.exit - no last event outer outer:entry 2b-4ffab478b83ec8c51fcca3b9b8287ef871dea59b-9db4fb5fbda13750-01 outer:exit 2b-4ffab478b83ec8c51fcca3b9b8287ef871dea59b-3f2aa0c6191b65f7-01
2022-04-21T16:17:39.333Z appoptics:error Can not set lastEvent. Context may be lost.
    1) should trace execute calls
2022-04-21T16:17:39.373Z appoptics:debug span.exit - no last event outer outer:entry 2b-f4a8e568ab597e44c4b7d73210212bd12021ec4d-a5dbf50767f15c9c-01 outer:exit 2b-f4a8e568ab597e44c4b7d73210212bd12021ec4d-be149eb9bcbf9c95-01
2022-04-21T16:17:39.373Z appoptics:error Can not set lastEvent. Context may be lost.
    2) should sanitize query
2022-04-21T16:17:39.486Z appoptics:debug span.exit - no last event outer outer:entry 2b-5498e11815f98ae0a3551e9c30d8605c32500366-e6cb1fb97e965125-01 outer:exit 2b-5498e11815f98ae0a3551e9c30d8605c32500366-8cc4ef5c94fb0d82-01
2022-04-21T16:17:39.487Z appoptics:error Can not set lastEvent. Context may be lost.
    3) should truncate long queries
2022-04-21T16:17:39.524Z appoptics:debug span.exit - no last event outer outer:entry 2b-cf423ab7cab98fd62fce0f188921615fd9c0bd9e-390d06f1996d70db-01 outer:exit 2b-cf423ab7cab98fd62fce0f188921615fd9c0bd9e-1b8ae48b225d42f5-01
2022-04-21T16:17:39.525Z appoptics:error Can not set lastEvent. Context may be lost.
    4) should trace execute calls in pool
2022-04-21T16:17:39.559Z appoptics:debug span.exit - no last event outer outer:entry 2b-6660a653f1854f849490998894cf391453bbf896-38228990821a719c-01 outer:exit 2b-6660a653f1854f849490998894cf391453bbf896-9292bb9390bd3dfd-01
2022-04-21T16:17:39.559Z appoptics:error Can not set lastEvent. Context may be lost.
    5) should include correct isAutoCommit value
2022-04-21T16:17:39.595Z appoptics:debug span.exit - no last event outer outer:entry 2b-5c907db08d3ffec5c937316b2378d8baad3b81d8-b2d8f914c5320128-01 outer:exit 2b-5c907db08d3ffec5c937316b2378d8baad3b81d8-ae63f1264e93631b-01
2022-04-21T16:17:39.596Z appoptics:error Can not set lastEvent. Context may be lost.
    âœ“ should do nothing when disabled


  3 passing (340ms)
  5 failing

  1) probes.oracledb 3.1.1
       should trace execute calls:
     Uncaught AssertionError: expected Object {
  Edge: '9DB4FB5FBDA13750',
  Hostname: 'ac9f62a49e96',
  Label: 'exit',
  Layer: 'outer',
  TID: 969,
  Timestamp_u: 1650557859333960,
  'X-Trace': '2B4FFAB478B83EC8C51FCCA3B9B8287EF871DEA59B3F2AA0C6191B65F701',
  _V: '1'
} to have property Layer of 'oracle' (got 'outer')
      at Assertion.fail (node_modules/should/lib/assertion.js:92:17)
      at Assertion.value [as property] (node_modules/should/lib/assertion.js:164:19)
      at Object.oracle-entry (test/probes/oracledb.test.js:64:23)
      at /__w/appoptics-apm-node/appoptics-apm-node/test/probes/oracledb.test.js:96:31
      at EventEmitter.onMessage (test/helper.js:170:9)
      at Socket.<anonymous> (test/helper.js:112:13)
      at UDP.onMessage [as onmessage] (dgram.js:628:8)

  2) probes.oracledb 3.1.1
       should sanitize query:
     Uncaught AssertionError: expected Object {
  Edge: 'A5DBF50767F15C9C',
  Hostname: 'ac9f62a49e96',
  Label: 'exit',
  Layer: 'outer',
  TID: 969,
  Timestamp_u: 1650557859373677,
  'X-Trace': '2BF4A8E568AB597E44C4B7D73210212BD12021EC4DBE149EB9BCBF9C9501',
  _V: '1'
} to have property Layer of 'oracle' (got 'outer')
      at Assertion.fail (node_modules/should/lib/assertion.js:92:17)
      at Assertion.value [as property] (node_modules/should/lib/assertion.js:164:19)
      at Object.oracle-entry (test/probes/oracledb.test.js:64:23)
      at helper.test.ao.probes.oracledb.sanitizeSql (test/probes/oracledb.test.js:120:31)
      at EventEmitter.onMessage (test/helper.js:170:9)
      at Socket.<anonymous> (test/helper.js:112:13)
      at UDP.onMessage [as onmessage] (dgram.js:628:8)

  3) probes.oracledb 3.1.1
       should truncate long queries:
     Uncaught AssertionError: expected Object {
  Edge: 'E6CB1FB97E965125',
  Hostname: 'ac9f62a49e96',
  Label: 'exit',
  Layer: 'outer',
  TID: 969,
  Timestamp_u: 1650557859487089,
  'X-Trace': '2B5498E11815F98AE0A3551E9C30D8605C325003668CC4EF5C94FB0D8201',
  _V: '1'
} to have property Layer of 'oracle' (got 'outer')
      at Assertion.fail (node_modules/should/lib/assertion.js:92:17)
      at Assertion.value [as property] (node_modules/should/lib/assertion.js:164:19)
      at Object.oracle-entry (test/probes/oracledb.test.js:64:23)
      at /__w/appoptics-apm-node/appoptics-apm-node/test/probes/oracledb.test.js:152:31
      at EventEmitter.onMessage (test/helper.js:170:9)
      at Socket.<anonymous> (test/helper.js:112:13)
      at UDP.onMessage [as onmessage] (dgram.js:628:8)

  4) probes.oracledb 3.1.1
       should trace execute calls in pool:
     Uncaught AssertionError: expected Object {
  Edge: '390D06F1996D70DB',
  Hostname: 'ac9f62a49e96',
  Label: 'exit',
  Layer: 'outer',
  TID: 969,
  Timestamp_u: 1650557859525134,
  'X-Trace': '2BCF423AB7CAB98FD62FCE0F188921615FD9C0BD9E1B8AE48B225D42F501',
  _V: '1'
} to have property Layer of 'oracle' (got 'outer')
      at Assertion.fail (node_modules/should/lib/assertion.js:92:17)
      at Assertion.value [as property] (node_modules/should/lib/assertion.js:164:19)
      at Object.oracle-entry (test/probes/oracledb.test.js:64:23)
      at /__w/appoptics-apm-node/appoptics-apm-node/test/probes/oracledb.test.js:176:31
      at EventEmitter.onMessage (test/helper.js:170:9)
      at Socket.<anonymous> (test/helper.js:112:13)
      at UDP.onMessage [as onmessage] (dgram.js:628:8)

  5) probes.oracledb 3.1.1
       should include correct isAutoCommit value:
     Uncaught AssertionError: expected Object {
  Edge: '38228990821A719C',
  Hostname: 'ac9f62a49e96',
  Label: 'exit',
  Layer: 'outer',
  TID: 969,
  Timestamp_u: 1650557859560010,
  'X-Trace': '2B6660A653F1854F849490998894CF391453BBF8969292BB9390BD3DFD01',
  _V: '1'
} to have property Layer of 'oracle' (got 'outer')
      at Assertion.fail (node_modules/should/lib/assertion.js:92:17)
      at Assertion.value [as property] (node_modules/should/lib/assertion.js:164:19)
      at Object.oracle-entry (test/probes/oracledb.test.js:64:23)
      at /__w/appoptics-apm-node/appoptics-apm-node/test/probes/oracledb.test.js:219:31
      at EventEmitter.onMessage (test/helper.js:170:9)
      at Socket.<anonymous> (test/helper.js:112:13)
      at UDP.onMessage [as onmessage] (dgram.js:628:8)



npm WARN deprecated oracledb@3.1.2: Update to node-oracledb 5
npm WARN read-shrinkwrap This version of npm is compatible with lockfileVersion@1, but package-lock.json was generated for lockfileVersion@2. I'll try to do my best with it!

> oracledb@3.1.2 install /__w/appoptics-apm-node/appoptics-apm-node/node_modules/oracledb
> node package/install.js

oracledb ********************************************************************************
oracledb ** Node-oracledb 3.1.2 installed for Node.js 10.24.1 (linux, x64)
oracledb **
oracledb ** To use node-oracledb:
oracledb ** - Oracle Client libraries (64-bit) must be configured with ldconfig or LD_LIBRARY_PATH
oracledb ** - To get libraries, install an Instant Client Basic or Basic Light package from
oracledb **   https://www.oracle.com/technetwork/topics/linuxx86-64soft-092277.html
oracledb **
oracledb ** Installation instructions: https://oracle.github.io/node-oracledb/INSTALL.html
oracledb ********************************************************************************

npm WARN optional SKIPPING OPTIONAL DEPENDENCY: fsevents@~2.3.1 (node_modules/chokidar/node_modules/fsevents):
npm WARN notsup SKIPPING OPTIONAL DEPENDENCY: Unsupported platform for fsevents@2.3.2: wanted {"os":"darwin","arch":"any"} (current: {"os":"linux","arch":"x64"})

+ oracledb@3.1.2
updated 1 package and audited 935 packages in 4.758s

86 packages are looking for funding
  run `npm fund` for details

found 7 vulnerabilities (2 moderate, 5 high)
  run `npm audit fix` to fix them, or `npm audit` for details
2022-04-21T16:17:45.286Z appoptics:debug read config from /__w/appoptics-apm-node/appoptics-apm-node/appoptics-apm-config
2022-04-21T16:17:45.287Z appoptics:debug guc ignoring APPOPTICS_LOG_SETTINGS
2022-04-21T16:17:45.287Z appoptics:debug serviceKey dIOz...wWK0:node-agent-test
2022-04-21T16:17:45.288Z appoptics:debug using context provider: ace-context
2022-04-21T16:17:45.351Z appoptics:debug apm 10.2.2-ao.0, bindings 11.2.0, oboe 10.2.0
2022-04-21T16:17:45.507Z appoptics:patching patched crypto 
2022-04-21T16:17:45.531Z appoptics:patching patched https 
2022-04-21T16:17:45.531Z appoptics:patching patched http 
2022-04-21T16:17:45.567Z appoptics:patching patched oracledb 3.1.2
2022-04-21T16:17:45.571Z appoptics:debug starting runtimeMetrics


  probes.oracledb 3.1.2
    âœ“ UDP might lose a message
    âœ“ should be configured to sanitize SQL by default
2022-04-21T16:17:45.651Z appoptics:debug span.exit - no last event outer outer:entry 2b-9c5d432babaed0b2c12f0b440026254dbec489a0-9b3433fd69d2ac18-01 outer:exit 2b-9c5d432babaed0b2c12f0b440026254dbec489a0-e98f41fd0c26fedb-01
2022-04-21T16:17:45.651Z appoptics:error Can not set lastEvent. Context may be lost.
    1) should trace execute calls
2022-04-21T16:17:45.689Z appoptics:debug span.exit - no last event outer outer:entry 2b-bc5f6a77e4ac82fec182c544c3fecd5f041c918e-5d12e62102ae8909-01 outer:exit 2b-bc5f6a77e4ac82fec182c544c3fecd5f041c918e-44ff98e8202204fd-01
2022-04-21T16:17:45.689Z appoptics:error Can not set lastEvent. Context may be lost.
    2) should sanitize query
2022-04-21T16:17:45.802Z appoptics:debug span.exit - no last event outer outer:entry 2b-8f79959f4f048966783feb512755178d28d42388-f049dbe728f4fdc2-01 outer:exit 2b-8f79959f4f048966783feb512755178d28d42388-35909de88b1d6dbe-01
2022-04-21T16:17:45.803Z appoptics:error Can not set lastEvent. Context may be lost.
    3) should truncate long queries
2022-04-21T16:17:45.840Z appoptics:debug span.exit - no last event outer outer:entry 2b-b2c3046ee5594219d0ddaef0a814d61c8ec11605-eb214da3f42b09a2-01 outer:exit 2b-b2c3046ee5594219d0ddaef0a814d61c8ec11605-a789780ee1e284d3-01
2022-04-21T16:17:45.840Z appoptics:error Can not set lastEvent. Context may be lost.
    4) should trace execute calls in pool
2022-04-21T16:17:45.874Z appoptics:debug span.exit - no last event outer outer:entry 2b-93e66debb6e870d27f6b47fee9fd955fdc922cc5-058a98f974a5aee2-01 outer:exit 2b-93e66debb6e870d27f6b47fee9fd955fdc922cc5-52b0239b0d27cb71-01
2022-04-21T16:17:45.874Z appoptics:error Can not set lastEvent. Context may be lost.
    5) should include correct isAutoCommit value
2022-04-21T16:17:45.912Z appoptics:debug span.exit - no last event outer outer:entry 2b-eb5f3b69277c5d393d4ba142c9f654e4692b4ed5-d6689ff549526806-01 outer:exit 2b-eb5f3b69277c5d393d4ba142c9f654e4692b4ed5-0175e3e4a6449ba5-01
2022-04-21T16:17:45.912Z appoptics:error Can not set lastEvent. Context may be lost.
    âœ“ should do nothing when disabled


  3 passing (337ms)
  5 failing

  1) probes.oracledb 3.1.2
       should trace execute calls:
     Uncaught AssertionError: expected Object {
  Edge: '9B3433FD69D2AC18',
  Hostname: 'ac9f62a49e96',
  Label: 'exit',
  Layer: 'outer',
  TID: 1003,
  Timestamp_u: 1650557865651228,
  'X-Trace': '2B9C5D432BABAED0B2C12F0B440026254DBEC489A0E98F41FD0C26FEDB01',
  _V: '1'
} to have property Layer of 'oracle' (got 'outer')
      at Assertion.fail (node_modules/should/lib/assertion.js:92:17)
      at Assertion.value [as property] (node_modules/should/lib/assertion.js:164:19)
      at Object.oracle-entry (test/probes/oracledb.test.js:64:23)
      at /__w/appoptics-apm-node/appoptics-apm-node/test/probes/oracledb.test.js:96:31
      at EventEmitter.onMessage (test/helper.js:170:9)
      at Socket.<anonymous> (test/helper.js:112:13)
      at UDP.onMessage [as onmessage] (dgram.js:628:8)

  2) probes.oracledb 3.1.2
       should sanitize query:
     Uncaught AssertionError: expected Object {
  Edge: '5D12E62102AE8909',
  Hostname: 'ac9f62a49e96',
  Label: 'exit',
  Layer: 'outer',
  TID: 1003,
  Timestamp_u: 1650557865689392,
  'X-Trace': '2BBC5F6A77E4AC82FEC182C544C3FECD5F041C918E44FF98E8202204FD01',
  _V: '1'
} to have property Layer of 'oracle' (got 'outer')
      at Assertion.fail (node_modules/should/lib/assertion.js:92:17)
      at Assertion.value [as property] (node_modules/should/lib/assertion.js:164:19)
      at Object.oracle-entry (test/probes/oracledb.test.js:64:23)
      at helper.test.ao.probes.oracledb.sanitizeSql (test/probes/oracledb.test.js:120:31)
      at EventEmitter.onMessage (test/helper.js:170:9)
      at Socket.<anonymous> (test/helper.js:112:13)
      at UDP.onMessage [as onmessage] (dgram.js:628:8)

  3) probes.oracledb 3.1.2
       should truncate long queries:
     Uncaught AssertionError: expected Object {
  Edge: 'F049DBE728F4FDC2',
  Hostname: 'ac9f62a49e96',
  Label: 'exit',
  Layer: 'outer',
  TID: 1003,
  Timestamp_u: 1650557865803165,
  'X-Trace': '2B8F79959F4F048966783FEB512755178D28D4238835909DE88B1D6DBE01',
  _V: '1'
} to have property Layer of 'oracle' (got 'outer')
      at Assertion.fail (node_modules/should/lib/assertion.js:92:17)
      at Assertion.value [as property] (node_modules/should/lib/assertion.js:164:19)
      at Object.oracle-entry (test/probes/oracledb.test.js:64:23)
      at /__w/appoptics-apm-node/appoptics-apm-node/test/probes/oracledb.test.js:152:31
      at EventEmitter.onMessage (test/helper.js:170:9)
      at Socket.<anonymous> (test/helper.js:112:13)
      at UDP.onMessage [as onmessage] (dgram.js:628:8)

  4) probes.oracledb 3.1.2
       should trace execute calls in pool:
     Uncaught AssertionError: expected Object {
  Edge: 'EB214DA3F42B09A2',
  Hostname: 'ac9f62a49e96',
  Label: 'exit',
  Layer: 'outer',
  TID: 1003,
  Timestamp_u: 1650557865840354,
  'X-Trace': '2BB2C3046EE5594219D0DDAEF0A814D61C8EC11605A789780EE1E284D301',
  _V: '1'
} to have property Layer of 'oracle' (got 'outer')
      at Assertion.fail (node_modules/should/lib/assertion.js:92:17)
      at Assertion.value [as property] (node_modules/should/lib/assertion.js:164:19)
      at Object.oracle-entry (test/probes/oracledb.test.js:64:23)
      at /__w/appoptics-apm-node/appoptics-apm-node/test/probes/oracledb.test.js:176:31
      at EventEmitter.onMessage (test/helper.js:170:9)
      at Socket.<anonymous> (test/helper.js:112:13)
      at UDP.onMessage [as onmessage] (dgram.js:628:8)

  5) probes.oracledb 3.1.2
       should include correct isAutoCommit value:
     Uncaught AssertionError: expected Object {
  Edge: '058A98F974A5AEE2',
  Hostname: 'ac9f62a49e96',
  Label: 'exit',
  Layer: 'outer',
  TID: 1003,
  Timestamp_u: 1650557865874847,
  'X-Trace': '2B93E66DEBB6E870D27F6B47FEE9FD955FDC922CC552B0239B0D27CB7101',
  _V: '1'
} to have property Layer of 'oracle' (got 'outer')
      at Assertion.fail (node_modules/should/lib/assertion.js:92:17)
      at Assertion.value [as property] (node_modules/should/lib/assertion.js:164:19)
      at Object.oracle-entry (test/probes/oracledb.test.js:64:23)
      at /__w/appoptics-apm-node/appoptics-apm-node/test/probes/oracledb.test.js:219:31
      at EventEmitter.onMessage (test/helper.js:170:9)
      at Socket.<anonymous> (test/helper.js:112:13)
      at UDP.onMessage [as onmessage] (dgram.js:628:8)



npm WARN deprecated oracledb@4.0.0: Update to node-oracledb 5
npm WARN read-shrinkwrap This version of npm is compatible with lockfileVersion@1, but package-lock.json was generated for lockfileVersion@2. I'll try to do my best with it!

> oracledb@4.0.0 install /__w/appoptics-apm-node/appoptics-apm-node/node_modules/oracledb
> node package/install.js

oracledb ********************************************************************************
oracledb ** Node-oracledb 4.0.0 installed for Node.js 10.24.1 (linux, x64)
oracledb **
oracledb ** To use node-oracledb:
oracledb ** - Oracle Client libraries (64-bit) must be configured with ldconfig or LD_LIBRARY_PATH
oracledb ** - To get libraries, install an Instant Client Basic or Basic Light package from
oracledb **   https://www.oracle.com/technetwork/topics/linuxx86-64soft-092277.html
oracledb **
oracledb ** Installation instructions: https://oracle.github.io/node-oracledb/INSTALL.html
oracledb ********************************************************************************

npm WARN optional SKIPPING OPTIONAL DEPENDENCY: fsevents@~2.3.1 (node_modules/chokidar/node_modules/fsevents):
npm WARN notsup SKIPPING OPTIONAL DEPENDENCY: Unsupported platform for fsevents@2.3.2: wanted {"os":"darwin","arch":"any"} (current: {"os":"linux","arch":"x64"})

+ oracledb@4.0.0
updated 1 package and audited 935 packages in 3.704s

86 packages are looking for funding
  run `npm fund` for details

found 7 vulnerabilities (2 moderate, 5 high)
  run `npm audit fix` to fix them, or `npm audit` for details
2022-04-21T16:17:50.597Z appoptics:debug read config from /__w/appoptics-apm-node/appoptics-apm-node/appoptics-apm-config
2022-04-21T16:17:50.599Z appoptics:debug guc ignoring APPOPTICS_LOG_SETTINGS
2022-04-21T16:17:50.599Z appoptics:debug serviceKey dIOz...wWK0:node-agent-test
2022-04-21T16:17:50.599Z appoptics:debug using context provider: ace-context
2022-04-21T16:17:50.663Z appoptics:debug apm 10.2.2-ao.0, bindings 11.2.0, oboe 10.2.0
2022-04-21T16:17:50.805Z appoptics:patching patched crypto 
2022-04-21T16:17:50.832Z appoptics:patching patched https 
2022-04-21T16:17:50.832Z appoptics:patching patched http 
2022-04-21T16:17:50.857Z appoptics:patching patched oracledb 4.0.0
2022-04-21T16:17:50.861Z appoptics:debug starting runtimeMetrics


  probes.oracledb 4.0.0
    âœ“ UDP might lose a message
    âœ“ should be configured to sanitize SQL by default
2022-04-21T16:17:50.901Z appoptics:debug oracledb wrapping getConnection
    âœ“ should trace execute calls (50ms)
2022-04-21T16:17:50.951Z appoptics:debug oracledb wrapping getConnection
2022-04-21T16:17:50.984Z appoptics:debug connection.execute() seems to be patched
2022-04-21T16:17:50.984Z appoptics:debug connection.commit() seems to be patched
2022-04-21T16:17:50.984Z appoptics:debug connection.rollback() seems to be patched
2022-04-21T16:17:50.984Z appoptics:debug connection.break() seems to be patched
2022-04-21T16:17:50.984Z appoptics:debug connection.release seems to be patched
    âœ“ should sanitize query
2022-04-21T16:17:50.991Z appoptics:debug oracledb wrapping getConnection
2022-04-21T16:17:51.022Z appoptics:debug connection.execute() seems to be patched
2022-04-21T16:17:51.023Z appoptics:debug connection.commit() seems to be patched
2022-04-21T16:17:51.023Z appoptics:debug connection.rollback() seems to be patched
2022-04-21T16:17:51.023Z appoptics:debug connection.break() seems to be patched
2022-04-21T16:17:51.023Z appoptics:debug connection.release seems to be patched
    âœ“ should truncate long queries (123ms)
2022-04-21T16:17:51.115Z appoptics:debug ORACLEDB wrapping createPool
2022-04-21T16:17:51.123Z appoptics:debug oracledb wrapping getConnection
    âœ“ should trace execute calls in pool (47ms)
2022-04-21T16:17:51.162Z appoptics:debug oracledb wrapping getConnection
2022-04-21T16:17:51.194Z appoptics:debug connection.execute() seems to be patched
2022-04-21T16:17:51.194Z appoptics:debug connection.commit() seems to be patched
2022-04-21T16:17:51.194Z appoptics:debug connection.rollback() seems to be patched
2022-04-21T16:17:51.194Z appoptics:debug connection.break() seems to be patched
2022-04-21T16:17:51.194Z appoptics:debug connection.release seems to be patched
    âœ“ should include correct isAutoCommit value (40ms)
2022-04-21T16:17:51.203Z appoptics:debug oracledb wrapping getConnection
2022-04-21T16:17:51.234Z appoptics:debug connection.execute() seems to be patched
2022-04-21T16:17:51.234Z appoptics:debug connection.commit() seems to be patched
2022-04-21T16:17:51.234Z appoptics:debug connection.rollback() seems to be patched
2022-04-21T16:17:51.235Z appoptics:debug connection.break() seems to be patched
2022-04-21T16:17:51.235Z appoptics:debug connection.release seems to be patched
    âœ“ should do nothing when disabled


  8 passing (372ms)

npm WARN deprecated oracledb@4.0.1: Update to node-oracledb 5
npm WARN read-shrinkwrap This version of npm is compatible with lockfileVersion@1, but package-lock.json was generated for lockfileVersion@2. I'll try to do my best with it!

> oracledb@4.0.1 install /__w/appoptics-apm-node/appoptics-apm-node/node_modules/oracledb
> node package/install.js

oracledb ********************************************************************************
oracledb ** Node-oracledb 4.0.1 installed for Node.js 10.24.1 (linux, x64)
oracledb **
oracledb ** To use node-oracledb:
oracledb ** - Oracle Client libraries (64-bit) must be configured with ldconfig or LD_LIBRARY_PATH
oracledb ** - To get libraries, install an Instant Client Basic or Basic Light package from
oracledb **   https://www.oracle.com/technetwork/topics/linuxx86-64soft-092277.html
oracledb **
oracledb ** Installation instructions: https://oracle.github.io/node-oracledb/INSTALL.html
oracledb ********************************************************************************

npm WARN optional SKIPPING OPTIONAL DEPENDENCY: fsevents@~2.3.1 (node_modules/chokidar/node_modules/fsevents):
npm WARN notsup SKIPPING OPTIONAL DEPENDENCY: Unsupported platform for fsevents@2.3.2: wanted {"os":"darwin","arch":"any"} (current: {"os":"linux","arch":"x64"})

+ oracledb@4.0.1
updated 1 package and audited 935 packages in 4.388s

86 packages are looking for funding
  run `npm fund` for details

found 7 vulnerabilities (2 moderate, 5 high)
  run `npm audit fix` to fix them, or `npm audit` for details
2022-04-21T16:17:56.562Z appoptics:debug read config from /__w/appoptics-apm-node/appoptics-apm-node/appoptics-apm-config
2022-04-21T16:17:56.563Z appoptics:debug guc ignoring APPOPTICS_LOG_SETTINGS
2022-04-21T16:17:56.564Z appoptics:debug serviceKey dIOz...wWK0:node-agent-test
2022-04-21T16:17:56.564Z appoptics:debug using context provider: ace-context
2022-04-21T16:17:56.628Z appoptics:debug apm 10.2.2-ao.0, bindings 11.2.0, oboe 10.2.0
2022-04-21T16:17:56.785Z appoptics:patching patched crypto 
2022-04-21T16:17:56.811Z appoptics:patching patched https 
2022-04-21T16:17:56.811Z appoptics:patching patched http 
2022-04-21T16:17:56.841Z appoptics:patching patched oracledb 4.0.1
2022-04-21T16:17:56.853Z appoptics:debug starting runtimeMetrics


  probes.oracledb 4.0.1
    âœ“ UDP might lose a message
    âœ“ should be configured to sanitize SQL by default
2022-04-21T16:17:56.878Z appoptics:debug oracledb wrapping getConnection
    âœ“ should trace execute calls (64ms)
2022-04-21T16:17:56.945Z appoptics:debug oracledb wrapping getConnection
2022-04-21T16:17:56.977Z appoptics:debug connection.execute() seems to be patched
2022-04-21T16:17:56.977Z appoptics:debug connection.commit() seems to be patched
2022-04-21T16:17:56.977Z appoptics:debug connection.rollback() seems to be patched
2022-04-21T16:17:56.977Z appoptics:debug connection.break() seems to be patched
2022-04-21T16:17:56.977Z appoptics:debug connection.release seems to be patched
    âœ“ should sanitize query
2022-04-21T16:17:56.982Z appoptics:debug oracledb wrapping getConnection
2022-04-21T16:17:57.014Z appoptics:debug connection.execute() seems to be patched
2022-04-21T16:17:57.014Z appoptics:debug connection.commit() seems to be patched
2022-04-21T16:17:57.014Z appoptics:debug connection.rollback() seems to be patched
2022-04-21T16:17:57.014Z appoptics:debug connection.break() seems to be patched
2022-04-21T16:17:57.014Z appoptics:debug connection.release seems to be patched
    âœ“ should truncate long queries (123ms)
2022-04-21T16:17:57.107Z appoptics:debug ORACLEDB wrapping createPool
2022-04-21T16:17:57.114Z appoptics:debug oracledb wrapping getConnection
    âœ“ should trace execute calls in pool (67ms)
2022-04-21T16:17:57.175Z appoptics:debug oracledb wrapping getConnection
2022-04-21T16:17:57.223Z appoptics:debug connection.execute() seems to be patched
2022-04-21T16:17:57.223Z appoptics:debug connection.commit() seems to be patched
2022-04-21T16:17:57.224Z appoptics:debug connection.rollback() seems to be patched
2022-04-21T16:17:57.224Z appoptics:debug connection.break() seems to be patched
2022-04-21T16:17:57.224Z appoptics:debug connection.release seems to be patched
    âœ“ should include correct isAutoCommit value (62ms)
2022-04-21T16:17:57.242Z appoptics:debug oracledb wrapping getConnection
2022-04-21T16:17:57.278Z appoptics:debug connection.execute() seems to be patched
2022-04-21T16:17:57.279Z appoptics:debug connection.commit() seems to be patched
2022-04-21T16:17:57.279Z appoptics:debug connection.rollback() seems to be patched
2022-04-21T16:17:57.279Z appoptics:debug connection.break() seems to be patched
2022-04-21T16:17:57.279Z appoptics:debug connection.release seems to be patched
    âœ“ should do nothing when disabled (38ms)


  8 passing (423ms)

npm WARN deprecated oracledb@4.1.0: Update to node-oracledb 5
npm WARN read-shrinkwrap This version of npm is compatible with lockfileVersion@1, but package-lock.json was generated for lockfileVersion@2. I'll try to do my best with it!

> oracledb@4.1.0 install /__w/appoptics-apm-node/appoptics-apm-node/node_modules/oracledb
> node package/install.js

oracledb ********************************************************************************
oracledb ** Node-oracledb 4.1.0 installed for Node.js 10.24.1 (linux, x64)
oracledb **
oracledb ** To use node-oracledb:
oracledb ** - Oracle Client libraries (64-bit) must be configured with ldconfig or LD_LIBRARY_PATH
oracledb ** - To get libraries, install an Instant Client Basic or Basic Light package from
oracledb **   https://www.oracle.com/technetwork/topics/linuxx86-64soft-092277.html
oracledb **
oracledb ** Installation instructions: https://oracle.github.io/node-oracledb/INSTALL.html
oracledb ********************************************************************************

npm WARN optional SKIPPING OPTIONAL DEPENDENCY: fsevents@~2.3.1 (node_modules/chokidar/node_modules/fsevents):
npm WARN notsup SKIPPING OPTIONAL DEPENDENCY: Unsupported platform for fsevents@2.3.2: wanted {"os":"darwin","arch":"any"} (current: {"os":"linux","arch":"x64"})

+ oracledb@4.1.0
updated 1 package and audited 935 packages in 3.615s

86 packages are looking for funding
  run `npm fund` for details

found 7 vulnerabilities (2 moderate, 5 high)
  run `npm audit fix` to fix them, or `npm audit` for details
2022-04-21T16:18:01.839Z appoptics:debug read config from /__w/appoptics-apm-node/appoptics-apm-node/appoptics-apm-config
2022-04-21T16:18:01.840Z appoptics:debug guc ignoring APPOPTICS_LOG_SETTINGS
2022-04-21T16:18:01.840Z appoptics:debug serviceKey dIOz...wWK0:node-agent-test
2022-04-21T16:18:01.841Z appoptics:debug using context provider: ace-context
2022-04-21T16:18:01.904Z appoptics:debug apm 10.2.2-ao.0, bindings 11.2.0, oboe 10.2.0
2022-04-21T16:18:02.060Z appoptics:patching patched crypto 
2022-04-21T16:18:02.083Z appoptics:patching patched https 
2022-04-21T16:18:02.083Z appoptics:patching patched http 
2022-04-21T16:18:02.108Z appoptics:patching patched oracledb 4.1.0
2022-04-21T16:18:02.112Z appoptics:debug starting runtimeMetrics


  probes.oracledb 4.1.0
    âœ“ UDP might lose a message
    âœ“ should be configured to sanitize SQL by default
2022-04-21T16:18:02.152Z appoptics:debug oracledb wrapping getConnection
    âœ“ should trace execute calls (49ms)
2022-04-21T16:18:02.205Z appoptics:debug oracledb wrapping getConnection
2022-04-21T16:18:02.237Z appoptics:debug connection.execute() seems to be patched
2022-04-21T16:18:02.238Z appoptics:debug connection.commit() seems to be patched
2022-04-21T16:18:02.238Z appoptics:debug connection.rollback() seems to be patched
2022-04-21T16:18:02.238Z appoptics:debug connection.break() seems to be patched
2022-04-21T16:18:02.238Z appoptics:debug connection.release seems to be patched
    âœ“ should sanitize query
2022-04-21T16:18:02.246Z appoptics:debug oracledb wrapping getConnection
2022-04-21T16:18:02.279Z appoptics:debug connection.execute() seems to be patched
2022-04-21T16:18:02.279Z appoptics:debug connection.commit() seems to be patched
2022-04-21T16:18:02.279Z appoptics:debug connection.rollback() seems to be patched
2022-04-21T16:18:02.279Z appoptics:debug connection.break() seems to be patched
2022-04-21T16:18:02.279Z appoptics:debug connection.release seems to be patched
    âœ“ should truncate long queries (117ms)
2022-04-21T16:18:02.367Z appoptics:debug ORACLEDB wrapping createPool
2022-04-21T16:18:02.369Z appoptics:debug oracledb wrapping getConnection
    âœ“ should trace execute calls in pool
2022-04-21T16:18:02.403Z appoptics:debug oracledb wrapping getConnection
2022-04-21T16:18:02.435Z appoptics:debug connection.execute() seems to be patched
2022-04-21T16:18:02.435Z appoptics:debug connection.commit() seems to be patched
2022-04-21T16:18:02.435Z appoptics:debug connection.rollback() seems to be patched
2022-04-21T16:18:02.435Z appoptics:debug connection.break() seems to be patched
2022-04-21T16:18:02.436Z appoptics:debug connection.release seems to be patched
    âœ“ should include correct isAutoCommit value (38ms)
2022-04-21T16:18:02.445Z appoptics:debug oracledb wrapping getConnection
2022-04-21T16:18:02.478Z appoptics:debug connection.execute() seems to be patched
2022-04-21T16:18:02.478Z appoptics:debug connection.commit() seems to be patched
2022-04-21T16:18:02.478Z appoptics:debug connection.rollback() seems to be patched
2022-04-21T16:18:02.478Z appoptics:debug connection.break() seems to be patched
2022-04-21T16:18:02.478Z appoptics:debug connection.release seems to be patched
    âœ“ should do nothing when disabled


  8 passing (365ms)

npm WARN deprecated oracledb@4.2.0: Update to node-oracledb 5
npm WARN read-shrinkwrap This version of npm is compatible with lockfileVersion@1, but package-lock.json was generated for lockfileVersion@2. I'll try to do my best with it!

> oracledb@4.2.0 install /__w/appoptics-apm-node/appoptics-apm-node/node_modules/oracledb
> node package/install.js

oracledb ********************************************************************************
oracledb ** Node-oracledb 4.2.0 installed for Node.js 10.24.1 (linux, x64)
oracledb **
oracledb ** To use node-oracledb:
oracledb ** - Oracle Client libraries (64-bit) must be configured with ldconfig or LD_LIBRARY_PATH
oracledb ** - To get libraries, install an Instant Client Basic or Basic Light package from
oracledb **   https://www.oracle.com/database/technologies/instant-client/linux-x86-64-downloads.html
oracledb **
oracledb ** Installation instructions: https://oracle.github.io/node-oracledb/INSTALL.html
oracledb ********************************************************************************

npm WARN optional SKIPPING OPTIONAL DEPENDENCY: fsevents@~2.3.1 (node_modules/chokidar/node_modules/fsevents):
npm WARN notsup SKIPPING OPTIONAL DEPENDENCY: Unsupported platform for fsevents@2.3.2: wanted {"os":"darwin","arch":"any"} (current: {"os":"linux","arch":"x64"})

+ oracledb@4.2.0
updated 1 package and audited 935 packages in 4.193s

86 packages are looking for funding
  run `npm fund` for details

found 7 vulnerabilities (2 moderate, 5 high)
  run `npm audit fix` to fix them, or `npm audit` for details
2022-04-21T16:18:07.940Z appoptics:debug read config from /__w/appoptics-apm-node/appoptics-apm-node/appoptics-apm-config
2022-04-21T16:18:07.941Z appoptics:debug guc ignoring APPOPTICS_LOG_SETTINGS
2022-04-21T16:18:07.941Z appoptics:debug serviceKey dIOz...wWK0:node-agent-test
2022-04-21T16:18:07.942Z appoptics:debug using context provider: ace-context
2022-04-21T16:18:08.010Z appoptics:debug apm 10.2.2-ao.0, bindings 11.2.0, oboe 10.2.0
2022-04-21T16:18:08.160Z appoptics:patching patched crypto 
2022-04-21T16:18:08.186Z appoptics:patching patched https 
2022-04-21T16:18:08.186Z appoptics:patching patched http 
2022-04-21T16:18:08.218Z appoptics:patching patched oracledb 4.2.0
2022-04-21T16:18:08.228Z appoptics:debug starting runtimeMetrics


  probes.oracledb 4.2.0
    âœ“ UDP might lose a message
    âœ“ should be configured to sanitize SQL by default
2022-04-21T16:18:08.252Z appoptics:debug oracledb wrapping getConnection
    âœ“ should trace execute calls (58ms)
2022-04-21T16:18:08.312Z appoptics:debug oracledb wrapping getConnection
2022-04-21T16:18:08.344Z appoptics:debug connection.execute() seems to be patched
2022-04-21T16:18:08.344Z appoptics:debug connection.commit() seems to be patched
2022-04-21T16:18:08.344Z appoptics:debug connection.rollback() seems to be patched
2022-04-21T16:18:08.344Z appoptics:debug connection.break() seems to be patched
2022-04-21T16:18:08.344Z appoptics:debug connection.release seems to be patched
    âœ“ should sanitize query
2022-04-21T16:18:08.351Z appoptics:debug oracledb wrapping getConnection
2022-04-21T16:18:08.382Z appoptics:debug connection.execute() seems to be patched
2022-04-21T16:18:08.382Z appoptics:debug connection.commit() seems to be patched
2022-04-21T16:18:08.382Z appoptics:debug connection.rollback() seems to be patched
2022-04-21T16:18:08.382Z appoptics:debug connection.break() seems to be patched
2022-04-21T16:18:08.382Z appoptics:debug connection.release seems to be patched
    âœ“ should truncate long queries (115ms)
2022-04-21T16:18:08.468Z appoptics:debug ORACLEDB wrapping createPool
2022-04-21T16:18:08.470Z appoptics:debug oracledb wrapping getConnection
    âœ“ should trace execute calls in pool
2022-04-21T16:18:08.504Z appoptics:debug oracledb wrapping getConnection
2022-04-21T16:18:08.550Z appoptics:debug connection.execute() seems to be patched
2022-04-21T16:18:08.550Z appoptics:debug connection.commit() seems to be patched
2022-04-21T16:18:08.550Z appoptics:debug connection.rollback() seems to be patched
2022-04-21T16:18:08.550Z appoptics:debug connection.break() seems to be patched
2022-04-21T16:18:08.550Z appoptics:debug connection.release seems to be patched
    âœ“ should include correct isAutoCommit value (60ms)
2022-04-21T16:18:08.571Z appoptics:debug oracledb wrapping getConnection
2022-04-21T16:18:08.635Z appoptics:debug connection.execute() seems to be patched
2022-04-21T16:18:08.635Z appoptics:debug connection.commit() seems to be patched
2022-04-21T16:18:08.635Z appoptics:debug connection.rollback() seems to be patched
2022-04-21T16:18:08.635Z appoptics:debug connection.break() seems to be patched
2022-04-21T16:18:08.635Z appoptics:debug connection.release seems to be patched
    âœ“ should do nothing when disabled (67ms)


  8 passing (409ms)

npm WARN read-shrinkwrap This version of npm is compatible with lockfileVersion@1, but package-lock.json was generated for lockfileVersion@2. I'll try to do my best with it!

> oracledb@5.0.0 install /__w/appoptics-apm-node/appoptics-apm-node/node_modules/oracledb
> node package/install.js

oracledb ********************************************************************************
oracledb ** Node-oracledb 5.0.0 installed for Node.js 10.24.1 (linux, x64)
oracledb **
oracledb ** To use node-oracledb:
oracledb ** - Oracle Client libraries (64-bit) must be available.
oracledb ** - Follow the installation instructions:
oracledb **   https://oracle.github.io/node-oracledb/INSTALL.html#linuxinstall
oracledb ********************************************************************************

npm WARN optional SKIPPING OPTIONAL DEPENDENCY: fsevents@~2.3.1 (node_modules/chokidar/node_modules/fsevents):
npm WARN notsup SKIPPING OPTIONAL DEPENDENCY: Unsupported platform for fsevents@2.3.2: wanted {"os":"darwin","arch":"any"} (current: {"os":"linux","arch":"x64"})

+ oracledb@5.0.0
updated 1 package and audited 935 packages in 3.472s

86 packages are looking for funding
  run `npm fund` for details

found 7 vulnerabilities (2 moderate, 5 high)
  run `npm audit fix` to fix them, or `npm audit` for details
2022-04-21T16:18:13.086Z appoptics:debug read config from /__w/appoptics-apm-node/appoptics-apm-node/appoptics-apm-config
2022-04-21T16:18:13.087Z appoptics:debug guc ignoring APPOPTICS_LOG_SETTINGS
2022-04-21T16:18:13.087Z appoptics:debug serviceKey dIOz...wWK0:node-agent-test
2022-04-21T16:18:13.088Z appoptics:debug using context provider: ace-context
2022-04-21T16:18:13.151Z appoptics:debug apm 10.2.2-ao.0, bindings 11.2.0, oboe 10.2.0
2022-04-21T16:18:13.301Z appoptics:patching patched crypto 
2022-04-21T16:18:13.328Z appoptics:patching patched https 
2022-04-21T16:18:13.328Z appoptics:patching patched http 
2022-04-21T16:18:13.360Z appoptics:patching patched oracledb 5.0.0
2022-04-21T16:18:13.364Z appoptics:debug starting runtimeMetrics


  probes.oracledb 5.0.0
    âœ“ UDP might lose a message
    âœ“ should be configured to sanitize SQL by default
2022-04-21T16:18:13.397Z appoptics:debug oracledb wrapping getConnection
    âœ“ should trace execute calls (50ms)
2022-04-21T16:18:13.449Z appoptics:debug oracledb wrapping getConnection
2022-04-21T16:18:13.482Z appoptics:debug connection.execute() seems to be patched
2022-04-21T16:18:13.482Z appoptics:debug connection.commit() seems to be patched
2022-04-21T16:18:13.482Z appoptics:debug connection.rollback() seems to be patched
2022-04-21T16:18:13.482Z appoptics:debug connection.break() seems to be patched
2022-04-21T16:18:13.482Z appoptics:debug connection.release seems to be patched
    âœ“ should sanitize query
2022-04-21T16:18:13.487Z appoptics:debug oracledb wrapping getConnection
2022-04-21T16:18:13.519Z appoptics:debug connection.execute() seems to be patched
2022-04-21T16:18:13.519Z appoptics:debug connection.commit() seems to be patched
2022-04-21T16:18:13.519Z appoptics:debug connection.rollback() seems to be patched
2022-04-21T16:18:13.519Z appoptics:debug connection.break() seems to be patched
2022-04-21T16:18:13.519Z appoptics:debug connection.release seems to be patched
    âœ“ should truncate long queries (113ms)
2022-04-21T16:18:13.603Z appoptics:debug ORACLEDB wrapping createPool
2022-04-21T16:18:13.605Z appoptics:debug oracledb wrapping getConnection
    âœ“ should trace execute calls in pool (38ms)
2022-04-21T16:18:13.641Z appoptics:debug oracledb wrapping getConnection
2022-04-21T16:18:13.674Z appoptics:debug connection.execute() seems to be patched
2022-04-21T16:18:13.674Z appoptics:debug connection.commit() seems to be patched
2022-04-21T16:18:13.674Z appoptics:debug connection.rollback() seems to be patched
2022-04-21T16:18:13.674Z appoptics:debug connection.break() seems to be patched
2022-04-21T16:18:13.674Z appoptics:debug connection.release seems to be patched
    âœ“ should include correct isAutoCommit value (39ms)
2022-04-21T16:18:13.682Z appoptics:debug oracledb wrapping getConnection
2022-04-21T16:18:13.718Z appoptics:debug connection.execute() seems to be patched
2022-04-21T16:18:13.718Z appoptics:debug connection.commit() seems to be patched
2022-04-21T16:18:13.718Z appoptics:debug connection.rollback() seems to be patched
2022-04-21T16:18:13.718Z appoptics:debug connection.break() seems to be patched
2022-04-21T16:18:13.718Z appoptics:debug connection.release seems to be patched
    âœ“ should do nothing when disabled (40ms)


  8 passing (343ms)

npm WARN read-shrinkwrap This version of npm is compatible with lockfileVersion@1, but package-lock.json was generated for lockfileVersion@2. I'll try to do my best with it!

> oracledb@5.1.0 install /__w/appoptics-apm-node/appoptics-apm-node/node_modules/oracledb
> node package/install.js

oracledb ********************************************************************************
oracledb ** Node-oracledb 5.1.0 installed for Node.js 10.24.1 (linux, x64)
oracledb **
oracledb ** To use node-oracledb:
oracledb ** - Oracle Client libraries (64-bit) must be available.
oracledb ** - Follow the installation instructions:
oracledb **   https://oracle.github.io/node-oracledb/INSTALL.html#linuxinstall
oracledb ********************************************************************************

npm WARN optional SKIPPING OPTIONAL DEPENDENCY: fsevents@~2.3.1 (node_modules/chokidar/node_modules/fsevents):
npm WARN notsup SKIPPING OPTIONAL DEPENDENCY: Unsupported platform for fsevents@2.3.2: wanted {"os":"darwin","arch":"any"} (current: {"os":"linux","arch":"x64"})

+ oracledb@5.1.0
updated 1 package and audited 935 packages in 3.897s

86 packages are looking for funding
  run `npm fund` for details

found 7 vulnerabilities (2 moderate, 5 high)
  run `npm audit fix` to fix them, or `npm audit` for details
2022-04-21T16:18:18.794Z appoptics:debug read config from /__w/appoptics-apm-node/appoptics-apm-node/appoptics-apm-config
2022-04-21T16:18:18.795Z appoptics:debug guc ignoring APPOPTICS_LOG_SETTINGS
2022-04-21T16:18:18.795Z appoptics:debug serviceKey dIOz...wWK0:node-agent-test
2022-04-21T16:18:18.796Z appoptics:debug using context provider: ace-context
2022-04-21T16:18:18.955Z appoptics:debug apm 10.2.2-ao.0, bindings 11.2.0, oboe 10.2.0
2022-04-21T16:18:19.134Z appoptics:patching patched crypto 
2022-04-21T16:18:19.159Z appoptics:patching patched https 
2022-04-21T16:18:19.159Z appoptics:patching patched http 
2022-04-21T16:18:19.204Z appoptics:patching patched oracledb 5.1.0
2022-04-21T16:18:19.209Z appoptics:debug starting runtimeMetrics


  probes.oracledb 5.1.0
    âœ“ UDP might lose a message
    âœ“ should be configured to sanitize SQL by default
2022-04-21T16:18:19.248Z appoptics:debug oracledb wrapping getConnection
    âœ“ should trace execute calls (66ms)
2022-04-21T16:18:19.317Z appoptics:debug oracledb wrapping getConnection
2022-04-21T16:18:19.361Z appoptics:debug connection.execute() seems to be patched
2022-04-21T16:18:19.361Z appoptics:debug connection.commit() seems to be patched
2022-04-21T16:18:19.361Z appoptics:debug connection.rollback() seems to be patched
2022-04-21T16:18:19.361Z appoptics:debug connection.break() seems to be patched
2022-04-21T16:18:19.361Z appoptics:debug connection.release seems to be patched
    âœ“ should sanitize query (48ms)
2022-04-21T16:18:19.367Z appoptics:debug oracledb wrapping getConnection
2022-04-21T16:18:19.410Z appoptics:debug connection.execute() seems to be patched
2022-04-21T16:18:19.410Z appoptics:debug connection.commit() seems to be patched
2022-04-21T16:18:19.410Z appoptics:debug connection.rollback() seems to be patched
2022-04-21T16:18:19.410Z appoptics:debug connection.break() seems to be patched
2022-04-21T16:18:19.410Z appoptics:debug connection.release seems to be patched
    âœ“ should truncate long queries (131ms)
2022-04-21T16:18:19.499Z appoptics:debug ORACLEDB wrapping createPool
2022-04-21T16:18:19.502Z appoptics:debug oracledb wrapping getConnection
    âœ“ should trace execute calls in pool (49ms)
2022-04-21T16:18:19.549Z appoptics:debug oracledb wrapping getConnection
2022-04-21T16:18:19.594Z appoptics:debug connection.execute() seems to be patched
2022-04-21T16:18:19.594Z appoptics:debug connection.commit() seems to be patched
2022-04-21T16:18:19.594Z appoptics:debug connection.rollback() seems to be patched
2022-04-21T16:18:19.594Z appoptics:debug connection.break() seems to be patched
2022-04-21T16:18:19.594Z appoptics:debug connection.release seems to be patched
    âœ“ should include correct isAutoCommit value (56ms)
2022-04-21T16:18:19.607Z appoptics:debug oracledb wrapping getConnection
2022-04-21T16:18:19.655Z appoptics:debug connection.execute() seems to be patched
2022-04-21T16:18:19.655Z appoptics:debug connection.commit() seems to be patched
2022-04-21T16:18:19.655Z appoptics:debug connection.rollback() seems to be patched
2022-04-21T16:18:19.655Z appoptics:debug connection.break() seems to be patched
2022-04-21T16:18:19.655Z appoptics:debug connection.release seems to be patched
    âœ“ should do nothing when disabled (50ms)


  8 passing (448ms)

npm WARN read-shrinkwrap This version of npm is compatible with lockfileVersion@1, but package-lock.json was generated for lockfileVersion@2. I'll try to do my best with it!

> oracledb@5.2.0 install /__w/appoptics-apm-node/appoptics-apm-node/node_modules/oracledb
> node package/install.js

oracledb ********************************************************************************
oracledb ** Node-oracledb 5.2.0 installed in Node.js 10.24.1 (linux, x64)
oracledb **
oracledb ** To use node-oracledb:
oracledb ** - Oracle Client libraries (64-bit) must be available.
oracledb ** - Follow the installation instructions:
oracledb **   https://oracle.github.io/node-oracledb/INSTALL.html#linuxinstall
oracledb ********************************************************************************

npm WARN optional SKIPPING OPTIONAL DEPENDENCY: fsevents@~2.3.1 (node_modules/chokidar/node_modules/fsevents):
npm WARN notsup SKIPPING OPTIONAL DEPENDENCY: Unsupported platform for fsevents@2.3.2: wanted {"os":"darwin","arch":"any"} (current: {"os":"linux","arch":"x64"})

+ oracledb@5.2.0
updated 1 package and audited 935 packages in 3.472s

86 packages are looking for funding
  run `npm fund` for details

found 7 vulnerabilities (2 moderate, 5 high)
  run `npm audit fix` to fix them, or `npm audit` for details
2022-04-21T16:18:24.069Z appoptics:debug read config from /__w/appoptics-apm-node/appoptics-apm-node/appoptics-apm-config
2022-04-21T16:18:24.071Z appoptics:debug guc ignoring APPOPTICS_LOG_SETTINGS
2022-04-21T16:18:24.071Z appoptics:debug serviceKey dIOz...wWK0:node-agent-test
2022-04-21T16:18:24.071Z appoptics:debug using context provider: ace-context
2022-04-21T16:18:24.134Z appoptics:debug apm 10.2.2-ao.0, bindings 11.2.0, oboe 10.2.0
2022-04-21T16:18:24.282Z appoptics:patching patched crypto 
2022-04-21T16:18:24.312Z appoptics:patching patched https 
2022-04-21T16:18:24.312Z appoptics:patching patched http 
2022-04-21T16:18:24.338Z appoptics:patching patched oracledb 5.2.0
2022-04-21T16:18:24.342Z appoptics:debug starting runtimeMetrics


  probes.oracledb 5.2.0
    âœ“ UDP might lose a message
    âœ“ should be configured to sanitize SQL by default
2022-04-21T16:18:24.380Z appoptics:debug oracledb wrapping getConnection
    âœ“ should trace execute calls (50ms)
2022-04-21T16:18:24.432Z appoptics:debug oracledb wrapping getConnection
2022-04-21T16:18:24.465Z appoptics:debug connection.execute() seems to be patched
2022-04-21T16:18:24.465Z appoptics:debug connection.commit() seems to be patched
2022-04-21T16:18:24.465Z appoptics:debug connection.rollback() seems to be patched
2022-04-21T16:18:24.465Z appoptics:debug connection.break() seems to be patched
2022-04-21T16:18:24.465Z appoptics:debug connection.release seems to be patched
    âœ“ should sanitize query
2022-04-21T16:18:24.470Z appoptics:debug oracledb wrapping getConnection
2022-04-21T16:18:24.502Z appoptics:debug connection.execute() seems to be patched
2022-04-21T16:18:24.502Z appoptics:debug connection.commit() seems to be patched
2022-04-21T16:18:24.502Z appoptics:debug connection.rollback() seems to be patched
2022-04-21T16:18:24.502Z appoptics:debug connection.break() seems to be patched
2022-04-21T16:18:24.502Z appoptics:debug connection.release seems to be patched
    âœ“ should truncate long queries (115ms)
2022-04-21T16:18:24.587Z appoptics:debug ORACLEDB wrapping createPool
2022-04-21T16:18:24.590Z appoptics:debug oracledb wrapping getConnection
    âœ“ should trace execute calls in pool
2022-04-21T16:18:24.624Z appoptics:debug oracledb wrapping getConnection
2022-04-21T16:18:24.657Z appoptics:debug connection.execute() seems to be patched
2022-04-21T16:18:24.657Z appoptics:debug connection.commit() seems to be patched
2022-04-21T16:18:24.657Z appoptics:debug connection.rollback() seems to be patched
2022-04-21T16:18:24.657Z appoptics:debug connection.break() seems to be patched
2022-04-21T16:18:24.657Z appoptics:debug connection.release seems to be patched
    âœ“ should include correct isAutoCommit value (39ms)
2022-04-21T16:18:24.665Z appoptics:debug oracledb wrapping getConnection
2022-04-21T16:18:24.698Z appoptics:debug connection.execute() seems to be patched
2022-04-21T16:18:24.698Z appoptics:debug connection.commit() seems to be patched
2022-04-21T16:18:24.698Z appoptics:debug connection.rollback() seems to be patched
2022-04-21T16:18:24.698Z appoptics:debug connection.break() seems to be patched
2022-04-21T16:18:24.698Z appoptics:debug connection.release seems to be patched
    âœ“ should do nothing when disabled


  8 passing (355ms)

npm WARN read-shrinkwrap This version of npm is compatible with lockfileVersion@1, but package-lock.json was generated for lockfileVersion@2. I'll try to do my best with it!

> oracledb@5.3.0 install /__w/appoptics-apm-node/appoptics-apm-node/node_modules/oracledb
> node package/install.js

oracledb ********************************************************************************
oracledb ** Node-oracledb 5.3.0 installed in Node.js 10.24.1 (linux, x64)
oracledb **
oracledb ** To use node-oracledb:
oracledb ** - Oracle Client libraries (64-bit) must be available.
oracledb ** - Follow the installation instructions:
oracledb **   https://oracle.github.io/node-oracledb/INSTALL.html#linuxinstall
oracledb ********************************************************************************

npm WARN optional SKIPPING OPTIONAL DEPENDENCY: fsevents@~2.3.1 (node_modules/chokidar/node_modules/fsevents):
npm WARN notsup SKIPPING OPTIONAL DEPENDENCY: Unsupported platform for fsevents@2.3.2: wanted {"os":"darwin","arch":"any"} (current: {"os":"linux","arch":"x64"})

+ oracledb@5.3.0
updated 1 package and audited 935 packages in 3.678s

86 packages are looking for funding
  run `npm fund` for details

found 7 vulnerabilities (2 moderate, 5 high)
  run `npm audit fix` to fix them, or `npm audit` for details
2022-04-21T16:18:29.381Z appoptics:debug read config from /__w/appoptics-apm-node/appoptics-apm-node/appoptics-apm-config
2022-04-21T16:18:29.382Z appoptics:debug guc ignoring APPOPTICS_LOG_SETTINGS
2022-04-21T16:18:29.382Z appoptics:debug serviceKey dIOz...wWK0:node-agent-test
2022-04-21T16:18:29.383Z appoptics:debug using context provider: ace-context
2022-04-21T16:18:29.446Z appoptics:debug apm 10.2.2-ao.0, bindings 11.2.0, oboe 10.2.0
2022-04-21T16:18:29.593Z appoptics:patching patched crypto 
2022-04-21T16:18:29.619Z appoptics:patching patched https 
2022-04-21T16:18:29.619Z appoptics:patching patched http 
2022-04-21T16:18:29.652Z appoptics:patching patched oracledb 5.3.0
2022-04-21T16:18:29.656Z appoptics:debug starting runtimeMetrics


  probes.oracledb 5.3.0
    âœ“ UDP might lose a message
    âœ“ should be configured to sanitize SQL by default
2022-04-21T16:18:29.688Z appoptics:debug oracledb wrapping getConnection
    âœ“ should trace execute calls (68ms)
2022-04-21T16:18:29.757Z appoptics:debug oracledb wrapping getConnection
2022-04-21T16:18:29.794Z appoptics:debug connection.execute() seems to be patched
2022-04-21T16:18:29.794Z appoptics:debug connection.commit() seems to be patched
2022-04-21T16:18:29.794Z appoptics:debug connection.rollback() seems to be patched
2022-04-21T16:18:29.794Z appoptics:debug connection.break() seems to be patched
2022-04-21T16:18:29.794Z appoptics:debug connection.release seems to be patched
    âœ“ should sanitize query (40ms)
2022-04-21T16:18:29.800Z appoptics:debug oracledb wrapping getConnection
2022-04-21T16:18:29.838Z appoptics:debug connection.execute() seems to be patched
2022-04-21T16:18:29.839Z appoptics:debug connection.commit() seems to be patched
2022-04-21T16:18:29.839Z appoptics:debug connection.rollback() seems to be patched
2022-04-21T16:18:29.839Z appoptics:debug connection.break() seems to be patched
2022-04-21T16:18:29.839Z appoptics:debug connection.release seems to be patched
    âœ“ should truncate long queries (123ms)
2022-04-21T16:18:29.925Z appoptics:debug ORACLEDB wrapping createPool
2022-04-21T16:18:29.927Z appoptics:debug oracledb wrapping getConnection
    âœ“ should trace execute calls in pool (43ms)
2022-04-21T16:18:29.968Z appoptics:debug oracledb wrapping getConnection
2022-04-21T16:18:30.001Z appoptics:debug connection.execute() seems to be patched
2022-04-21T16:18:30.001Z appoptics:debug connection.commit() seems to be patched
2022-04-21T16:18:30.001Z appoptics:debug connection.rollback() seems to be patched
2022-04-21T16:18:30.001Z appoptics:debug connection.break() seems to be patched
2022-04-21T16:18:30.001Z appoptics:debug connection.release seems to be patched
    âœ“ should include correct isAutoCommit value (40ms)
2022-04-21T16:18:30.009Z appoptics:debug oracledb wrapping getConnection
2022-04-21T16:18:30.050Z appoptics:debug connection.execute() seems to be patched
2022-04-21T16:18:30.050Z appoptics:debug connection.commit() seems to be patched
2022-04-21T16:18:30.050Z appoptics:debug connection.rollback() seems to be patched
2022-04-21T16:18:30.050Z appoptics:debug connection.break() seems to be patched
2022-04-21T16:18:30.050Z appoptics:debug connection.release seems to be patched
    âœ“ should do nothing when disabled (42ms)


  8 passing (386ms)

npm WARN read-shrinkwrap This version of npm is compatible with lockfileVersion@1, but package-lock.json was generated for lockfileVersion@2. I'll try to do my best with it!

> oracledb@5.3.0 install /__w/appoptics-apm-node/appoptics-apm-node/node_modules/oracledb
> node package/install.js

oracledb ********************************************************************************
oracledb ** Node-oracledb 5.3.0 installed in Node.js 10.24.1 (linux, x64)
oracledb **
oracledb ** To use node-oracledb:
oracledb ** - Oracle Client libraries (64-bit) must be available.
oracledb ** - Follow the installation instructions:
oracledb **   https://oracle.github.io/node-oracledb/INSTALL.html#linuxinstall
oracledb ********************************************************************************

npm WARN optional SKIPPING OPTIONAL DEPENDENCY: fsevents@~2.3.1 (node_modules/chokidar/node_modules/fsevents):
npm WARN notsup SKIPPING OPTIONAL DEPENDENCY: Unsupported platform for fsevents@2.3.2: wanted {"os":"darwin","arch":"any"} (current: {"os":"linux","arch":"x64"})

+ oracledb@5.3.0
updated 1 package and audited 935 packages in 3.837s

86 packages are looking for funding
  run `npm fund` for details

found 7 vulnerabilities (2 moderate, 5 high)
  run `npm audit fix` to fix them, or `npm audit` for details
