npm WARN deprecated oracledb@2.0.14: Update to node-oracledb 5

> oracledb@2.0.14 install /__w/appoptics-apm-node/appoptics-apm-node/node_modules/oracledb
> node package/oracledbinstall.js

oracledb Beginning installation
oracledb Verifying installation
oracledb Binary not found
oracledb Continuing installation
oracledb [31mERR![0m NJS-054: Binary build/Release/oracledb.node was not installed from oracledb-v2.0.14-node-v64-linux-x64.gz
oracledb [31mERR![0m EACCES: permission denied, mkdir 'build'
oracledb [31mERR![0m If the error is not network or filesystem related, then review 
oracledb [31mERR![0m the Python 2.7 and compiler prerequisites in the installation instructions and
oracledb [31mERR![0m then install from source code with: npm install oracle/node-oracledb.git#v2.0.14
oracledb [31mERR![0m See https://github.com/oracle/node-oracledb/blob/master/INSTALL.md 

npm WARN optional SKIPPING OPTIONAL DEPENDENCY: fsevents@~2.3.1 (node_modules/chokidar/node_modules/fsevents):
npm WARN notsup SKIPPING OPTIONAL DEPENDENCY: Unsupported platform for fsevents@2.3.2: wanted {"os":"darwin","arch":"any"} (current: {"os":"linux","arch":"x64"})

npm ERR! code ELIFECYCLE
npm ERR! errno 87
npm ERR! oracledb@2.0.14 install: `node package/oracledbinstall.js`
npm ERR! Exit status 87
npm ERR! 
npm ERR! Failed at the oracledb@2.0.14 install script.
npm ERR! This is probably not a problem with npm. There is likely additional logging output above.

npm ERR! A complete log of this run can be found in:
npm ERR!     /github/home/.npm/_logs/2021-09-13T19_03_02_076Z-debug.log
npm WARN deprecated oracledb@2.0.15: Update to node-oracledb 5

> oracledb@2.0.15 install /__w/appoptics-apm-node/appoptics-apm-node/node_modules/oracledb
> node package/oracledbinstall.js

oracledb Beginning installation
oracledb Verifying installation
oracledb Binary not found
oracledb Continuing installation
oracledb [31mERR![0m NJS-054: Binary build/Release/oracledb.node was not installed from oracledb-v2.0.15-node-v64-linux-x64.gz
oracledb [31mERR![0m EACCES: permission denied, mkdir 'build'
oracledb [31mERR![0m If the error is not network or filesystem related, then review 
oracledb [31mERR![0m the Python 2.7 and compiler prerequisites in the installation instructions and
oracledb [31mERR![0m then install from source code with: npm install oracle/node-oracledb.git#v2.0.15
oracledb [31mERR![0m See https://github.com/oracle/node-oracledb/blob/master/INSTALL.md 

npm WARN optional SKIPPING OPTIONAL DEPENDENCY: fsevents@~2.3.1 (node_modules/chokidar/node_modules/fsevents):
npm WARN notsup SKIPPING OPTIONAL DEPENDENCY: Unsupported platform for fsevents@2.3.2: wanted {"os":"darwin","arch":"any"} (current: {"os":"linux","arch":"x64"})

npm ERR! code ELIFECYCLE
npm ERR! errno 87
npm ERR! oracledb@2.0.15 install: `node package/oracledbinstall.js`
npm ERR! Exit status 87
npm ERR! 
npm ERR! Failed at the oracledb@2.0.15 install script.
npm ERR! This is probably not a problem with npm. There is likely additional logging output above.

npm ERR! A complete log of this run can be found in:
npm ERR!     /github/home/.npm/_logs/2021-09-13T19_03_08_971Z-debug.log
npm WARN deprecated oracledb@2.1.0: Update to node-oracledb 5

> oracledb@2.1.0 install /__w/appoptics-apm-node/appoptics-apm-node/node_modules/oracledb
> node package/oracledbinstall.js

oracledb Beginning installation
oracledb Verifying installation
oracledb Binary not found
oracledb Continuing installation
oracledb [31mERR![0m NJS-054: Binary build/Release/oracledb.node was not installed from oracledb-v2.1.0-node-v64-linux-x64.gz
oracledb [31mERR![0m EACCES: permission denied, mkdir 'build'
oracledb [31mERR![0m If the error is not network or filesystem related, then review 
oracledb [31mERR![0m the Python 2.7 and compiler prerequisites in the installation instructions and
oracledb [31mERR![0m then install from source code with: npm install oracle/node-oracledb.git#v2.1.0
oracledb [31mERR![0m See https://github.com/oracle/node-oracledb/blob/master/INSTALL.md 

npm WARN optional SKIPPING OPTIONAL DEPENDENCY: fsevents@~2.3.1 (node_modules/chokidar/node_modules/fsevents):
npm WARN notsup SKIPPING OPTIONAL DEPENDENCY: Unsupported platform for fsevents@2.3.2: wanted {"os":"darwin","arch":"any"} (current: {"os":"linux","arch":"x64"})

npm ERR! code ELIFECYCLE
npm ERR! errno 87
npm ERR! oracledb@2.1.0 install: `node package/oracledbinstall.js`
npm ERR! Exit status 87
npm ERR! 
npm ERR! Failed at the oracledb@2.1.0 install script.
npm ERR! This is probably not a problem with npm. There is likely additional logging output above.

npm ERR! A complete log of this run can be found in:
npm ERR!     /github/home/.npm/_logs/2021-09-13T19_03_15_204Z-debug.log
npm WARN deprecated oracledb@2.1.1: Update to node-oracledb 5

> oracledb@2.1.1 install /__w/appoptics-apm-node/appoptics-apm-node/node_modules/oracledb
> node package/oracledbinstall.js

oracledb Beginning installation
oracledb Verifying installation
oracledb Binary not found
oracledb Continuing installation
oracledb [31mERR![0m NJS-054: Binary build/Release/oracledb.node was not installed from oracledb-v2.1.1-node-v64-linux-x64.gz
oracledb [31mERR![0m EACCES: permission denied, mkdir 'build'
oracledb [31mERR![0m If the error is not network or filesystem related, then review 
oracledb [31mERR![0m the Python 2.7 and compiler prerequisites in the installation instructions and
oracledb [31mERR![0m then install from source code with: npm install oracle/node-oracledb.git#v2.1.1
oracledb [31mERR![0m See https://github.com/oracle/node-oracledb/blob/master/INSTALL.md 

npm WARN optional SKIPPING OPTIONAL DEPENDENCY: fsevents@~2.3.1 (node_modules/chokidar/node_modules/fsevents):
npm WARN notsup SKIPPING OPTIONAL DEPENDENCY: Unsupported platform for fsevents@2.3.2: wanted {"os":"darwin","arch":"any"} (current: {"os":"linux","arch":"x64"})

npm ERR! code ELIFECYCLE
npm ERR! errno 87
npm ERR! oracledb@2.1.1 install: `node package/oracledbinstall.js`
npm ERR! Exit status 87
npm ERR! 
npm ERR! Failed at the oracledb@2.1.1 install script.
npm ERR! This is probably not a problem with npm. There is likely additional logging output above.

npm ERR! A complete log of this run can be found in:
npm ERR!     /github/home/.npm/_logs/2021-09-13T19_03_21_627Z-debug.log
npm WARN deprecated oracledb@2.1.2: Update to node-oracledb 5

> oracledb@2.1.2 install /__w/appoptics-apm-node/appoptics-apm-node/node_modules/oracledb
> node package/oracledbinstall.js

oracledb Beginning installation
oracledb Verifying installation
oracledb Binary not found
oracledb Continuing installation
oracledb [31mERR![0m NJS-054: Binary build/Release/oracledb.node was not installed from oracledb-v2.1.2-node-v64-linux-x64.gz
oracledb [31mERR![0m EACCES: permission denied, mkdir 'build'
oracledb [31mERR![0m If the error is not network or filesystem related, then review 
oracledb [31mERR![0m the Python 2.7 and compiler prerequisites in the installation instructions and
oracledb [31mERR![0m then install from source code with: npm install oracle/node-oracledb.git#v2.1.2
oracledb [31mERR![0m See https://github.com/oracle/node-oracledb/blob/master/INSTALL.md 

npm WARN optional SKIPPING OPTIONAL DEPENDENCY: fsevents@~2.3.1 (node_modules/chokidar/node_modules/fsevents):
npm WARN notsup SKIPPING OPTIONAL DEPENDENCY: Unsupported platform for fsevents@2.3.2: wanted {"os":"darwin","arch":"any"} (current: {"os":"linux","arch":"x64"})

npm ERR! code ELIFECYCLE
npm ERR! errno 87
npm ERR! oracledb@2.1.2 install: `node package/oracledbinstall.js`
npm ERR! Exit status 87
npm ERR! 
npm ERR! Failed at the oracledb@2.1.2 install script.
npm ERR! This is probably not a problem with npm. There is likely additional logging output above.

npm ERR! A complete log of this run can be found in:
npm ERR!     /github/home/.npm/_logs/2021-09-13T19_03_27_790Z-debug.log
npm WARN deprecated oracledb@2.2.0: Update to node-oracledb 5

> oracledb@2.2.0 install /__w/appoptics-apm-node/appoptics-apm-node/node_modules/oracledb
> node package/oracledbinstall.js

oracledb Beginning installation
oracledb Verifying installation
oracledb Continuing installation
oracledb [31mERR![0m NJS-054: Binary build/Release/oracledb.node was not installed.
oracledb [31mERR![0m Pre-built binary packages are not available for this version of Node.js (NODE_MODULE_VERSION="64")
oracledb [31mERR![0m Failed to install binary package oracledb-v2.2.0-node-v64-linux-x64.gz
oracledb [31mERR![0m EACCES: permission denied, mkdir 'build'
oracledb [31mERR![0m For help see https://oracle.github.io/node-oracledb/INSTALL.html#troubleshooting

npm WARN optional SKIPPING OPTIONAL DEPENDENCY: fsevents@~2.3.1 (node_modules/chokidar/node_modules/fsevents):
npm WARN notsup SKIPPING OPTIONAL DEPENDENCY: Unsupported platform for fsevents@2.3.2: wanted {"os":"darwin","arch":"any"} (current: {"os":"linux","arch":"x64"})

npm ERR! code ELIFECYCLE
npm ERR! errno 87
npm ERR! oracledb@2.2.0 install: `node package/oracledbinstall.js`
npm ERR! Exit status 87
npm ERR! 
npm ERR! Failed at the oracledb@2.2.0 install script.
npm ERR! This is probably not a problem with npm. There is likely additional logging output above.

npm ERR! A complete log of this run can be found in:
npm ERR!     /github/home/.npm/_logs/2021-09-13T19_03_34_468Z-debug.log
npm WARN deprecated oracledb@2.3.0: Update to node-oracledb 5

> oracledb@2.3.0 install /__w/appoptics-apm-node/appoptics-apm-node/node_modules/oracledb
> node package/oracledbinstall.js

oracledb Beginning installation
oracledb Verifying installation
oracledb Continuing installation
oracledb [31mERR![0m NJS-054: Binary build/Release/oracledb.node was not installed.
oracledb [31mERR![0m Failed to install binary package oracledb-v2.3.0-node-v64-linux-x64.gz
oracledb [31mERR![0m EACCES: permission denied, mkdir 'build'
oracledb [31mERR![0m For help see https://oracle.github.io/node-oracledb/INSTALL.html#troubleshooting

npm WARN optional SKIPPING OPTIONAL DEPENDENCY: fsevents@~2.3.1 (node_modules/chokidar/node_modules/fsevents):
npm WARN notsup SKIPPING OPTIONAL DEPENDENCY: Unsupported platform for fsevents@2.3.2: wanted {"os":"darwin","arch":"any"} (current: {"os":"linux","arch":"x64"})

npm ERR! code ELIFECYCLE
npm ERR! errno 87
npm ERR! oracledb@2.3.0 install: `node package/oracledbinstall.js`
npm ERR! Exit status 87
npm ERR! 
npm ERR! Failed at the oracledb@2.3.0 install script.
npm ERR! This is probably not a problem with npm. There is likely additional logging output above.

npm ERR! A complete log of this run can be found in:
npm ERR!     /github/home/.npm/_logs/2021-09-13T19_03_40_328Z-debug.log
npm WARN deprecated oracledb@3.0.0: Update to node-oracledb 5

> oracledb@3.0.0 install /__w/appoptics-apm-node/appoptics-apm-node/node_modules/oracledb
> node package/oracledbinstall.js

oracledb Beginning installation
oracledb Verifying installation
oracledb Continuing installation
oracledb [31mERR![0m NJS-054: Binary build/Release/oracledb.node was not installed.
oracledb [31mERR![0m Failed to install binary package oracledb-v3.0.0-node-abi64-linux-x64.gz
oracledb [31mERR![0m EACCES: permission denied, mkdir 'build'
oracledb [31mERR![0m For help see https://oracle.github.io/node-oracledb/INSTALL.html#troubleshooting

npm WARN optional SKIPPING OPTIONAL DEPENDENCY: fsevents@~2.3.1 (node_modules/chokidar/node_modules/fsevents):
npm WARN notsup SKIPPING OPTIONAL DEPENDENCY: Unsupported platform for fsevents@2.3.2: wanted {"os":"darwin","arch":"any"} (current: {"os":"linux","arch":"x64"})

npm ERR! code ELIFECYCLE
npm ERR! errno 87
npm ERR! oracledb@3.0.0 install: `node package/oracledbinstall.js`
npm ERR! Exit status 87
npm ERR! 
npm ERR! Failed at the oracledb@3.0.0 install script.
npm ERR! This is probably not a problem with npm. There is likely additional logging output above.

npm ERR! A complete log of this run can be found in:
npm ERR!     /github/home/.npm/_logs/2021-09-13T19_03_46_767Z-debug.log
npm WARN deprecated oracledb@3.0.1: Update to node-oracledb 5

> oracledb@3.0.1 install /__w/appoptics-apm-node/appoptics-apm-node/node_modules/oracledb
> node package/oracledbinstall.js

oracledb Beginning installation
oracledb [31mERR![0m NJS-054: Binary build/Release/oracledb.node was not installed.
oracledb [31mERR![0m Failed to install binary package oracledb-v3.0.1-node-abi64-linux-x64.gz
oracledb [31mERR![0m EACCES: permission denied, mkdir 'build'
oracledb [31mERR![0m For help see https://oracle.github.io/node-oracledb/INSTALL.html#troubleshooting

npm WARN optional SKIPPING OPTIONAL DEPENDENCY: fsevents@~2.3.1 (node_modules/chokidar/node_modules/fsevents):
npm WARN notsup SKIPPING OPTIONAL DEPENDENCY: Unsupported platform for fsevents@2.3.2: wanted {"os":"darwin","arch":"any"} (current: {"os":"linux","arch":"x64"})

npm ERR! code ELIFECYCLE
npm ERR! errno 87
npm ERR! oracledb@3.0.1 install: `node package/oracledbinstall.js`
npm ERR! Exit status 87
npm ERR! 
npm ERR! Failed at the oracledb@3.0.1 install script.
npm ERR! This is probably not a problem with npm. There is likely additional logging output above.

npm ERR! A complete log of this run can be found in:
npm ERR!     /github/home/.npm/_logs/2021-09-13T19_03_52_656Z-debug.log
npm WARN deprecated oracledb@3.1.0: Update to node-oracledb 5

> oracledb@3.1.0 install /__w/appoptics-apm-node/appoptics-apm-node/node_modules/oracledb
> node package/install.js

oracledb ********************************************************************************
oracledb ** Node-oracledb 3.1.0 installed for Node.js 10.24.1 (linux, x64)
oracledb **
oracledb ** To use node-oracledb:
oracledb ** - Oracle Client libraries (64-bit) must be configured with ldconfig or LD_LIBRARY_PATH
oracledb ** - To get libraries, install an Instant Client Basic or Basic Light package from
oracledb **   https://www.oracle.com/technetwork/topics/linuxx86-64soft-092277.html
oracledb **
oracledb ** Installation instructions: https://oracle.github.io/node-oracledb/INSTALL.html
oracledb ********************************************************************************

npm WARN optional SKIPPING OPTIONAL DEPENDENCY: fsevents@~2.3.1 (node_modules/chokidar/node_modules/fsevents):
npm WARN notsup SKIPPING OPTIONAL DEPENDENCY: Unsupported platform for fsevents@2.3.2: wanted {"os":"darwin","arch":"any"} (current: {"os":"linux","arch":"x64"})

+ oracledb@3.1.0
added 1 package and audited 1111 packages in 6.146s

72 packages are looking for funding
  run `npm fund` for details

found 24 vulnerabilities (5 low, 4 moderate, 13 high, 2 critical)
  run `npm audit fix` to fix them, or `npm audit` for details
2021-09-13T19:04:00.004Z appoptics:debug read config from /__w/appoptics-apm-node/appoptics-apm-node/appoptics-apm-config
2021-09-13T19:04:00.006Z appoptics:debug guc ignoring APPOPTICS_LOG_SETTINGS
2021-09-13T19:04:00.006Z appoptics:debug serviceKey dIOz...wWK0:ao-node-test
2021-09-13T19:04:00.007Z appoptics:debug using context provider: ace-context
2021-09-13T19:04:00.085Z appoptics:debug apm 10.0.1, bindings 11.0.0, oboe 10.1.0
2021-09-13T19:04:00.138Z appoptics:patching patched crypto 
2021-09-13T19:04:00.208Z appoptics:patching patched https 
2021-09-13T19:04:00.208Z appoptics:patching patched http 
2021-09-13T19:04:00.247Z appoptics:patching patched oracledb 3.1.0
2021-09-13T19:04:00.253Z appoptics:debug starting runtimeMetrics


  probes.oracledb 3.1.0
    âœ“ UDP might lose a message
2021-09-13T19:04:00.400Z appoptics:debug asking helper to execute test_basic
2021-09-13T19:04:00.401Z appoptics:debug test_basic being executed
2021-09-13T19:04:00.505Z appoptics:debug done with test_basic oracledb.getConnection
2021-09-13T19:04:00.630Z appoptics:debug test_basic query callback invoked
2021-09-13T19:04:00.636Z appoptics:debug span.exit - no last event outer outer:entry 2b-7ebf1bad61d9c4f95aec84786bfa1bcb4e6bb8df-3e2f8987e5c04e19-01 outer:exit 2b-7ebf1bad61d9c4f95aec84786bfa1bcb4e6bb8df-97c65f87eff4adc9-01
2021-09-13T19:04:00.636Z appoptics:error Can not set lastEvent. Context may be lost.
    1) should trace execute calls
2021-09-13T19:04:00.684Z appoptics:debug span.exit - no last event outer outer:entry 2b-c5febe096367e2935aa445898fca8b3fe9f3238b-5c8041c1efb2379a-01 outer:exit 2b-c5febe096367e2935aa445898fca8b3fe9f3238b-f4d62ceaa57163cd-01
2021-09-13T19:04:00.685Z appoptics:error Can not set lastEvent. Context may be lost.
    2) should trace execute calls in pool
2021-09-13T19:04:00.723Z appoptics:debug span.exit - no last event outer outer:entry 2b-5d5494846eba0cdf094a95da7202c81ac17fea09-69df076e8fa6f9b1-01 outer:exit 2b-5d5494846eba0cdf094a95da7202c81ac17fea09-f09b4c699391a281-01
2021-09-13T19:04:00.723Z appoptics:error Can not set lastEvent. Context may be lost.
    3) should include correct isAutoCommit value


  1 passing (344ms)
  3 failing

  1) probes.oracledb 3.1.0
       should trace execute calls:
     Uncaught AssertionError: expected Object {
  Edge: '3E2F8987E5C04E19',
  Hostname: 'f8d872dd75eb',
  Label: 'exit',
  Layer: 'outer',
  TID: 669,
  Timestamp_u: 1631559840636280,
  'X-Trace': '2B7EBF1BAD61D9C4F95AEC84786BFA1BCB4E6BB8DF97C65F87EFF4ADC901',
  _V: '1'
} to have property Layer of 'oracle' (got 'outer')
      at Assertion.fail (node_modules/should/lib/assertion.js:92:17)
      at Assertion.value [as property] (node_modules/should/lib/assertion.js:164:19)
      at Object.oracle-entry (test/probes/oracledb.test.js:78:23)
      at /__w/appoptics-apm-node/appoptics-apm-node/test/probes/oracledb.test.js:127:31
      at EventEmitter.onMessage (test/helper.js:170:9)
      at Socket.<anonymous> (test/helper.js:112:13)
      at UDP.onMessage [as onmessage] (dgram.js:628:8)

  2) probes.oracledb 3.1.0
       should trace execute calls in pool:
     Uncaught AssertionError: expected Object {
  Edge: '5C8041C1EFB2379A',
  Hostname: 'f8d872dd75eb',
  Label: 'exit',
  Layer: 'outer',
  TID: 669,
  Timestamp_u: 1631559840685139,
  'X-Trace': '2BC5FEBE096367E2935AA445898FCA8B3FE9F3238BF4D62CEAA57163CD01',
  _V: '1'
} to have property Layer of 'oracle' (got 'outer')
      at Assertion.fail (node_modules/should/lib/assertion.js:92:17)
      at Assertion.value [as property] (node_modules/should/lib/assertion.js:164:19)
      at Object.oracle-entry (test/probes/oracledb.test.js:78:23)
      at /__w/appoptics-apm-node/appoptics-apm-node/test/probes/oracledb.test.js:151:31
      at EventEmitter.onMessage (test/helper.js:170:9)
      at Socket.<anonymous> (test/helper.js:112:13)
      at UDP.onMessage [as onmessage] (dgram.js:628:8)

  3) probes.oracledb 3.1.0
       should include correct isAutoCommit value:
     Uncaught AssertionError: expected Object {
  Edge: '69DF076E8FA6F9B1',
  Hostname: 'f8d872dd75eb',
  Label: 'exit',
  Layer: 'outer',
  TID: 669,
  Timestamp_u: 1631559840723524,
  'X-Trace': '2B5D5494846EBA0CDF094A95DA7202C81AC17FEA09F09B4C699391A28101',
  _V: '1'
} to have property Layer of 'oracle' (got 'outer')
      at Assertion.fail (node_modules/should/lib/assertion.js:92:17)
      at Assertion.value [as property] (node_modules/should/lib/assertion.js:164:19)
      at Object.oracle-entry (test/probes/oracledb.test.js:78:23)
      at /__w/appoptics-apm-node/appoptics-apm-node/test/probes/oracledb.test.js:190:31
      at EventEmitter.onMessage (test/helper.js:170:9)
      at Socket.<anonymous> (test/helper.js:112:13)
      at UDP.onMessage [as onmessage] (dgram.js:628:8)



npm WARN deprecated oracledb@3.1.1: Update to node-oracledb 5

> oracledb@3.1.1 install /__w/appoptics-apm-node/appoptics-apm-node/node_modules/oracledb
> node package/install.js

oracledb ********************************************************************************
oracledb ** Node-oracledb 3.1.1 installed for Node.js 10.24.1 (linux, x64)
oracledb **
oracledb ** To use node-oracledb:
oracledb ** - Oracle Client libraries (64-bit) must be configured with ldconfig or LD_LIBRARY_PATH
oracledb ** - To get libraries, install an Instant Client Basic or Basic Light package from
oracledb **   https://www.oracle.com/technetwork/topics/linuxx86-64soft-092277.html
oracledb **
oracledb ** Installation instructions: https://oracle.github.io/node-oracledb/INSTALL.html
oracledb ********************************************************************************

npm WARN optional SKIPPING OPTIONAL DEPENDENCY: fsevents@~2.3.1 (node_modules/chokidar/node_modules/fsevents):
npm WARN notsup SKIPPING OPTIONAL DEPENDENCY: Unsupported platform for fsevents@2.3.2: wanted {"os":"darwin","arch":"any"} (current: {"os":"linux","arch":"x64"})

+ oracledb@3.1.1
updated 1 package and audited 1111 packages in 5.7s

72 packages are looking for funding
  run `npm fund` for details

found 24 vulnerabilities (5 low, 4 moderate, 13 high, 2 critical)
  run `npm audit fix` to fix them, or `npm audit` for details
2021-09-13T19:04:07.827Z appoptics:debug read config from /__w/appoptics-apm-node/appoptics-apm-node/appoptics-apm-config
2021-09-13T19:04:07.829Z appoptics:debug guc ignoring APPOPTICS_LOG_SETTINGS
2021-09-13T19:04:07.829Z appoptics:debug serviceKey dIOz...wWK0:ao-node-test
2021-09-13T19:04:07.830Z appoptics:debug using context provider: ace-context
2021-09-13T19:04:07.897Z appoptics:debug apm 10.0.1, bindings 11.0.0, oboe 10.1.0
2021-09-13T19:04:07.947Z appoptics:patching patched crypto 
2021-09-13T19:04:07.983Z appoptics:patching patched https 
2021-09-13T19:04:07.984Z appoptics:patching patched http 
2021-09-13T19:04:08.026Z appoptics:patching patched oracledb 3.1.1
2021-09-13T19:04:08.033Z appoptics:debug starting runtimeMetrics


  probes.oracledb 3.1.1
    âœ“ UDP might lose a message
2021-09-13T19:04:08.178Z appoptics:debug asking helper to execute test_basic
2021-09-13T19:04:08.178Z appoptics:debug test_basic being executed
2021-09-13T19:04:08.188Z appoptics:debug done with test_basic oracledb.getConnection
2021-09-13T19:04:08.231Z appoptics:debug test_basic query callback invoked
2021-09-13T19:04:08.234Z appoptics:debug span.exit - no last event outer outer:entry 2b-9df8fb095e3cef5c6add5358dfac602ae8d323f2-cd4e2c6b68e7ee2c-01 outer:exit 2b-9df8fb095e3cef5c6add5358dfac602ae8d323f2-cc20e9e60a48dc19-01
2021-09-13T19:04:08.234Z appoptics:error Can not set lastEvent. Context may be lost.
    1) should trace execute calls
2021-09-13T19:04:08.293Z appoptics:debug span.exit - no last event outer outer:entry 2b-f685af227d9e3973f731a507bc1d9887ca3a050f-c2d87ca38c988315-01 outer:exit 2b-f685af227d9e3973f731a507bc1d9887ca3a050f-1a8bbdea149234cc-01
2021-09-13T19:04:08.293Z appoptics:error Can not set lastEvent. Context may be lost.
    2) should trace execute calls in pool
2021-09-13T19:04:08.339Z appoptics:debug span.exit - no last event outer outer:entry 2b-87ab482f7314ccc4617307bcacc238016bf6b589-85b6efc6526b27e3-01 outer:exit 2b-87ab482f7314ccc4617307bcacc238016bf6b589-d61bf43d034729cc-01
2021-09-13T19:04:08.339Z appoptics:error Can not set lastEvent. Context may be lost.
    3) should include correct isAutoCommit value


  1 passing (185ms)
  3 failing

  1) probes.oracledb 3.1.1
       should trace execute calls:
     Uncaught AssertionError: expected Object {
  Edge: 'CD4E2C6B68E7EE2C',
  Hostname: 'f8d872dd75eb',
  Label: 'exit',
  Layer: 'outer',
  TID: 701,
  Timestamp_u: 1631559848234763,
  'X-Trace': '2B9DF8FB095E3CEF5C6ADD5358DFAC602AE8D323F2CC20E9E60A48DC1901',
  _V: '1'
} to have property Layer of 'oracle' (got 'outer')
      at Assertion.fail (node_modules/should/lib/assertion.js:92:17)
      at Assertion.value [as property] (node_modules/should/lib/assertion.js:164:19)
      at Object.oracle-entry (test/probes/oracledb.test.js:78:23)
      at /__w/appoptics-apm-node/appoptics-apm-node/test/probes/oracledb.test.js:127:31
      at EventEmitter.onMessage (test/helper.js:170:9)
      at Socket.<anonymous> (test/helper.js:112:13)
      at UDP.onMessage [as onmessage] (dgram.js:628:8)

  2) probes.oracledb 3.1.1
       should trace execute calls in pool:
     Uncaught AssertionError: expected Object {
  Edge: 'C2D87CA38C988315',
  Hostname: 'f8d872dd75eb',
  Label: 'exit',
  Layer: 'outer',
  TID: 701,
  Timestamp_u: 1631559848293411,
  'X-Trace': '2BF685AF227D9E3973F731A507BC1D9887CA3A050F1A8BBDEA149234CC01',
  _V: '1'
} to have property Layer of 'oracle' (got 'outer')
      at Assertion.fail (node_modules/should/lib/assertion.js:92:17)
      at Assertion.value [as property] (node_modules/should/lib/assertion.js:164:19)
      at Object.oracle-entry (test/probes/oracledb.test.js:78:23)
      at /__w/appoptics-apm-node/appoptics-apm-node/test/probes/oracledb.test.js:151:31
      at EventEmitter.onMessage (test/helper.js:170:9)
      at Socket.<anonymous> (test/helper.js:112:13)
      at UDP.onMessage [as onmessage] (dgram.js:628:8)

  3) probes.oracledb 3.1.1
       should include correct isAutoCommit value:
     Uncaught AssertionError: expected Object {
  Edge: '85B6EFC6526B27E3',
  Hostname: 'f8d872dd75eb',
  Label: 'exit',
  Layer: 'outer',
  TID: 701,
  Timestamp_u: 1631559848339964,
  'X-Trace': '2B87AB482F7314CCC4617307BCACC238016BF6B589D61BF43D034729CC01',
  _V: '1'
} to have property Layer of 'oracle' (got 'outer')
      at Assertion.fail (node_modules/should/lib/assertion.js:92:17)
      at Assertion.value [as property] (node_modules/should/lib/assertion.js:164:19)
      at Object.oracle-entry (test/probes/oracledb.test.js:78:23)
      at /__w/appoptics-apm-node/appoptics-apm-node/test/probes/oracledb.test.js:190:31
      at EventEmitter.onMessage (test/helper.js:170:9)
      at Socket.<anonymous> (test/helper.js:112:13)
      at UDP.onMessage [as onmessage] (dgram.js:628:8)



npm WARN deprecated oracledb@3.1.2: Update to node-oracledb 5

> oracledb@3.1.2 install /__w/appoptics-apm-node/appoptics-apm-node/node_modules/oracledb
> node package/install.js

oracledb ********************************************************************************
oracledb ** Node-oracledb 3.1.2 installed for Node.js 10.24.1 (linux, x64)
oracledb **
oracledb ** To use node-oracledb:
oracledb ** - Oracle Client libraries (64-bit) must be configured with ldconfig or LD_LIBRARY_PATH
oracledb ** - To get libraries, install an Instant Client Basic or Basic Light package from
oracledb **   https://www.oracle.com/technetwork/topics/linuxx86-64soft-092277.html
oracledb **
oracledb ** Installation instructions: https://oracle.github.io/node-oracledb/INSTALL.html
oracledb ********************************************************************************

npm WARN optional SKIPPING OPTIONAL DEPENDENCY: fsevents@~2.3.1 (node_modules/chokidar/node_modules/fsevents):
npm WARN notsup SKIPPING OPTIONAL DEPENDENCY: Unsupported platform for fsevents@2.3.2: wanted {"os":"darwin","arch":"any"} (current: {"os":"linux","arch":"x64"})

+ oracledb@3.1.2
updated 1 package and audited 1111 packages in 6.044s

72 packages are looking for funding
  run `npm fund` for details

found 24 vulnerabilities (5 low, 4 moderate, 13 high, 2 critical)
  run `npm audit fix` to fix them, or `npm audit` for details
2021-09-13T19:04:15.729Z appoptics:debug read config from /__w/appoptics-apm-node/appoptics-apm-node/appoptics-apm-config
2021-09-13T19:04:15.730Z appoptics:debug guc ignoring APPOPTICS_LOG_SETTINGS
2021-09-13T19:04:15.731Z appoptics:debug serviceKey dIOz...wWK0:ao-node-test
2021-09-13T19:04:15.731Z appoptics:debug using context provider: ace-context
2021-09-13T19:04:15.806Z appoptics:debug apm 10.0.1, bindings 11.0.0, oboe 10.1.0
2021-09-13T19:04:15.871Z appoptics:patching patched crypto 
2021-09-13T19:04:15.921Z appoptics:patching patched https 
2021-09-13T19:04:15.921Z appoptics:patching patched http 
2021-09-13T19:04:15.994Z appoptics:patching patched oracledb 3.1.2
2021-09-13T19:04:16.000Z appoptics:debug starting runtimeMetrics


  probes.oracledb 3.1.2
    âœ“ UDP might lose a message
2021-09-13T19:04:16.165Z appoptics:debug asking helper to execute test_basic
2021-09-13T19:04:16.166Z appoptics:debug test_basic being executed
2021-09-13T19:04:16.174Z appoptics:debug done with test_basic oracledb.getConnection
2021-09-13T19:04:16.222Z appoptics:debug test_basic query callback invoked
2021-09-13T19:04:16.225Z appoptics:debug span.exit - no last event outer outer:entry 2b-77d55e10fda356e593ea9cecddb3580bf88b25ac-5e018cf9244381ee-01 outer:exit 2b-77d55e10fda356e593ea9cecddb3580bf88b25ac-af00123ef5b611b2-01
2021-09-13T19:04:16.225Z appoptics:error Can not set lastEvent. Context may be lost.
    1) should trace execute calls
2021-09-13T19:04:16.271Z appoptics:debug span.exit - no last event outer outer:entry 2b-07a94799c5f85004f95e70f59c1506d2ae4bc896-ce14970f8491bf97-01 outer:exit 2b-07a94799c5f85004f95e70f59c1506d2ae4bc896-e40874e020976e44-01
2021-09-13T19:04:16.272Z appoptics:error Can not set lastEvent. Context may be lost.
    2) should trace execute calls in pool
2021-09-13T19:04:16.306Z appoptics:debug span.exit - no last event outer outer:entry 2b-60e559032c3b8ff1921f3af35381cda0e5f34fe4-aaa82c3917c0f9bb-01 outer:exit 2b-60e559032c3b8ff1921f3af35381cda0e5f34fe4-45728579a40e3012-01
2021-09-13T19:04:16.306Z appoptics:error Can not set lastEvent. Context may be lost.
    3) should include correct isAutoCommit value


  1 passing (167ms)
  3 failing

  1) probes.oracledb 3.1.2
       should trace execute calls:
     Uncaught AssertionError: expected Object {
  Edge: '5E018CF9244381EE',
  Hostname: 'f8d872dd75eb',
  Label: 'exit',
  Layer: 'outer',
  TID: 733,
  Timestamp_u: 1631559856225319,
  'X-Trace': '2B77D55E10FDA356E593EA9CECDDB3580BF88B25ACAF00123EF5B611B201',
  _V: '1'
} to have property Layer of 'oracle' (got 'outer')
      at Assertion.fail (node_modules/should/lib/assertion.js:92:17)
      at Assertion.value [as property] (node_modules/should/lib/assertion.js:164:19)
      at Object.oracle-entry (test/probes/oracledb.test.js:78:23)
      at /__w/appoptics-apm-node/appoptics-apm-node/test/probes/oracledb.test.js:127:31
      at EventEmitter.onMessage (test/helper.js:170:9)
      at Socket.<anonymous> (test/helper.js:112:13)
      at UDP.onMessage [as onmessage] (dgram.js:628:8)

  2) probes.oracledb 3.1.2
       should trace execute calls in pool:
     Uncaught AssertionError: expected Object {
  Edge: 'CE14970F8491BF97',
  Hostname: 'f8d872dd75eb',
  Label: 'exit',
  Layer: 'outer',
  TID: 733,
  Timestamp_u: 1631559856272134,
  'X-Trace': '2B07A94799C5F85004F95E70F59C1506D2AE4BC896E40874E020976E4401',
  _V: '1'
} to have property Layer of 'oracle' (got 'outer')
      at Assertion.fail (node_modules/should/lib/assertion.js:92:17)
      at Assertion.value [as property] (node_modules/should/lib/assertion.js:164:19)
      at Object.oracle-entry (test/probes/oracledb.test.js:78:23)
      at /__w/appoptics-apm-node/appoptics-apm-node/test/probes/oracledb.test.js:151:31
      at EventEmitter.onMessage (test/helper.js:170:9)
      at Socket.<anonymous> (test/helper.js:112:13)
      at UDP.onMessage [as onmessage] (dgram.js:628:8)

  3) probes.oracledb 3.1.2
       should include correct isAutoCommit value:
     Uncaught AssertionError: expected Object {
  Edge: 'AAA82C3917C0F9BB',
  Hostname: 'f8d872dd75eb',
  Label: 'exit',
  Layer: 'outer',
  TID: 733,
  Timestamp_u: 1631559856306713,
  'X-Trace': '2B60E559032C3B8FF1921F3AF35381CDA0E5F34FE445728579A40E301201',
  _V: '1'
} to have property Layer of 'oracle' (got 'outer')
      at Assertion.fail (node_modules/should/lib/assertion.js:92:17)
      at Assertion.value [as property] (node_modules/should/lib/assertion.js:164:19)
      at Object.oracle-entry (test/probes/oracledb.test.js:78:23)
      at /__w/appoptics-apm-node/appoptics-apm-node/test/probes/oracledb.test.js:190:31
      at EventEmitter.onMessage (test/helper.js:170:9)
      at Socket.<anonymous> (test/helper.js:112:13)
      at UDP.onMessage [as onmessage] (dgram.js:628:8)




> oracledb@4.0.0 install /__w/appoptics-apm-node/appoptics-apm-node/node_modules/oracledb
> node package/install.js

oracledb ********************************************************************************
oracledb ** Node-oracledb 4.0.0 installed for Node.js 10.24.1 (linux, x64)
oracledb **
oracledb ** To use node-oracledb:
oracledb ** - Oracle Client libraries (64-bit) must be configured with ldconfig or LD_LIBRARY_PATH
oracledb ** - To get libraries, install an Instant Client Basic or Basic Light package from
oracledb **   https://www.oracle.com/technetwork/topics/linuxx86-64soft-092277.html
oracledb **
oracledb ** Installation instructions: https://oracle.github.io/node-oracledb/INSTALL.html
oracledb ********************************************************************************

npm WARN optional SKIPPING OPTIONAL DEPENDENCY: fsevents@~2.3.1 (node_modules/chokidar/node_modules/fsevents):
npm WARN notsup SKIPPING OPTIONAL DEPENDENCY: Unsupported platform for fsevents@2.3.2: wanted {"os":"darwin","arch":"any"} (current: {"os":"linux","arch":"x64"})

+ oracledb@4.0.0
updated 1 package and audited 1111 packages in 5.709s

72 packages are looking for funding
  run `npm fund` for details

found 24 vulnerabilities (5 low, 4 moderate, 13 high, 2 critical)
  run `npm audit fix` to fix them, or `npm audit` for details
2021-09-13T19:04:23.506Z appoptics:debug read config from /__w/appoptics-apm-node/appoptics-apm-node/appoptics-apm-config
2021-09-13T19:04:23.508Z appoptics:debug guc ignoring APPOPTICS_LOG_SETTINGS
2021-09-13T19:04:23.508Z appoptics:debug serviceKey dIOz...wWK0:ao-node-test
2021-09-13T19:04:23.509Z appoptics:debug using context provider: ace-context
2021-09-13T19:04:23.606Z appoptics:debug apm 10.0.1, bindings 11.0.0, oboe 10.1.0
2021-09-13T19:04:23.694Z appoptics:patching patched crypto 
2021-09-13T19:04:23.739Z appoptics:patching patched https 
2021-09-13T19:04:23.739Z appoptics:patching patched http 
2021-09-13T19:04:23.817Z appoptics:patching patched oracledb 4.0.0
2021-09-13T19:04:23.826Z appoptics:debug starting runtimeMetrics


  probes.oracledb 4.0.0
    âœ“ UDP might lose a message
2021-09-13T19:04:24.002Z appoptics:debug asking helper to execute test_basic
2021-09-13T19:04:24.002Z appoptics:debug test_basic being executed
2021-09-13T19:04:24.002Z appoptics:debug oracledb wrapping getConnection
2021-09-13T19:04:24.011Z appoptics:debug done with test_basic oracledb.getConnection
2021-09-13T19:04:24.047Z appoptics:debug test_basic query callback invoked
    âœ“ should trace execute calls (50ms)
2021-09-13T19:04:24.054Z appoptics:debug ORACLEDB wrapping createPool
2021-09-13T19:04:24.056Z appoptics:debug oracledb wrapping getConnection
2021-09-13T19:04:24.092Z appoptics:debug connection.execute() seems to be patched
2021-09-13T19:04:24.093Z appoptics:debug connection.commit() seems to be patched
2021-09-13T19:04:24.093Z appoptics:debug connection.rollback() seems to be patched
2021-09-13T19:04:24.093Z appoptics:debug connection.break() seems to be patched
2021-09-13T19:04:24.093Z appoptics:debug connection.release seems to be patched
    âœ“ should trace execute calls in pool (41ms)
2021-09-13T19:04:24.096Z appoptics:debug oracledb wrapping getConnection
2021-09-13T19:04:24.129Z appoptics:debug connection.execute() seems to be patched
2021-09-13T19:04:24.129Z appoptics:debug connection.commit() seems to be patched
2021-09-13T19:04:24.129Z appoptics:debug connection.rollback() seems to be patched
2021-09-13T19:04:24.129Z appoptics:debug connection.break() seems to be patched
2021-09-13T19:04:24.129Z appoptics:debug connection.release seems to be patched
    âœ“ should include correct isAutoCommit value (38ms)


  4 passing (153ms)


> oracledb@4.0.1 install /__w/appoptics-apm-node/appoptics-apm-node/node_modules/oracledb
> node package/install.js

oracledb ********************************************************************************
oracledb ** Node-oracledb 4.0.1 installed for Node.js 10.24.1 (linux, x64)
oracledb **
oracledb ** To use node-oracledb:
oracledb ** - Oracle Client libraries (64-bit) must be configured with ldconfig or LD_LIBRARY_PATH
oracledb ** - To get libraries, install an Instant Client Basic or Basic Light package from
oracledb **   https://www.oracle.com/technetwork/topics/linuxx86-64soft-092277.html
oracledb **
oracledb ** Installation instructions: https://oracle.github.io/node-oracledb/INSTALL.html
oracledb ********************************************************************************

npm WARN optional SKIPPING OPTIONAL DEPENDENCY: fsevents@~2.3.1 (node_modules/chokidar/node_modules/fsevents):
npm WARN notsup SKIPPING OPTIONAL DEPENDENCY: Unsupported platform for fsevents@2.3.2: wanted {"os":"darwin","arch":"any"} (current: {"os":"linux","arch":"x64"})

+ oracledb@4.0.1
updated 1 package and audited 1111 packages in 5.281s

72 packages are looking for funding
  run `npm fund` for details

found 24 vulnerabilities (5 low, 4 moderate, 13 high, 2 critical)
  run `npm audit fix` to fix them, or `npm audit` for details
2021-09-13T19:04:30.618Z appoptics:debug read config from /__w/appoptics-apm-node/appoptics-apm-node/appoptics-apm-config
2021-09-13T19:04:30.619Z appoptics:debug guc ignoring APPOPTICS_LOG_SETTINGS
2021-09-13T19:04:30.619Z appoptics:debug serviceKey dIOz...wWK0:ao-node-test
2021-09-13T19:04:30.620Z appoptics:debug using context provider: ace-context
2021-09-13T19:04:30.691Z appoptics:debug apm 10.0.1, bindings 11.0.0, oboe 10.1.0
2021-09-13T19:04:30.742Z appoptics:patching patched crypto 
2021-09-13T19:04:30.781Z appoptics:patching patched https 
2021-09-13T19:04:30.781Z appoptics:patching patched http 
2021-09-13T19:04:30.829Z appoptics:patching patched oracledb 4.0.1
2021-09-13T19:04:30.834Z appoptics:debug starting runtimeMetrics


  probes.oracledb 4.0.1
    âœ“ UDP might lose a message
2021-09-13T19:04:30.981Z appoptics:debug asking helper to execute test_basic
2021-09-13T19:04:30.981Z appoptics:debug test_basic being executed
2021-09-13T19:04:30.981Z appoptics:debug oracledb wrapping getConnection
2021-09-13T19:04:30.991Z appoptics:debug done with test_basic oracledb.getConnection
2021-09-13T19:04:31.029Z appoptics:debug test_basic query callback invoked
    âœ“ should trace execute calls (53ms)
2021-09-13T19:04:31.036Z appoptics:debug ORACLEDB wrapping createPool
2021-09-13T19:04:31.039Z appoptics:debug oracledb wrapping getConnection
2021-09-13T19:04:31.073Z appoptics:debug connection.execute() seems to be patched
2021-09-13T19:04:31.073Z appoptics:debug connection.commit() seems to be patched
2021-09-13T19:04:31.073Z appoptics:debug connection.rollback() seems to be patched
2021-09-13T19:04:31.073Z appoptics:debug connection.break() seems to be patched
2021-09-13T19:04:31.073Z appoptics:debug connection.release seems to be patched
    âœ“ should trace execute calls in pool (39ms)
2021-09-13T19:04:31.076Z appoptics:debug oracledb wrapping getConnection
2021-09-13T19:04:31.112Z appoptics:debug connection.execute() seems to be patched
2021-09-13T19:04:31.112Z appoptics:debug connection.commit() seems to be patched
2021-09-13T19:04:31.113Z appoptics:debug connection.rollback() seems to be patched
2021-09-13T19:04:31.113Z appoptics:debug connection.break() seems to be patched
2021-09-13T19:04:31.113Z appoptics:debug connection.release seems to be patched
    âœ“ should include correct isAutoCommit value (42ms)


  4 passing (158ms)


> oracledb@4.1.0 install /__w/appoptics-apm-node/appoptics-apm-node/node_modules/oracledb
> node package/install.js

oracledb ********************************************************************************
oracledb ** Node-oracledb 4.1.0 installed for Node.js 10.24.1 (linux, x64)
oracledb **
oracledb ** To use node-oracledb:
oracledb ** - Oracle Client libraries (64-bit) must be configured with ldconfig or LD_LIBRARY_PATH
oracledb ** - To get libraries, install an Instant Client Basic or Basic Light package from
oracledb **   https://www.oracle.com/technetwork/topics/linuxx86-64soft-092277.html
oracledb **
oracledb ** Installation instructions: https://oracle.github.io/node-oracledb/INSTALL.html
oracledb ********************************************************************************

npm WARN optional SKIPPING OPTIONAL DEPENDENCY: fsevents@~2.3.1 (node_modules/chokidar/node_modules/fsevents):
npm WARN notsup SKIPPING OPTIONAL DEPENDENCY: Unsupported platform for fsevents@2.3.2: wanted {"os":"darwin","arch":"any"} (current: {"os":"linux","arch":"x64"})

+ oracledb@4.1.0
updated 1 package and audited 1111 packages in 6.407s

72 packages are looking for funding
  run `npm fund` for details

found 24 vulnerabilities (5 low, 4 moderate, 13 high, 2 critical)
  run `npm audit fix` to fix them, or `npm audit` for details
2021-09-13T19:04:38.823Z appoptics:debug read config from /__w/appoptics-apm-node/appoptics-apm-node/appoptics-apm-config
2021-09-13T19:04:38.825Z appoptics:debug guc ignoring APPOPTICS_LOG_SETTINGS
2021-09-13T19:04:38.825Z appoptics:debug serviceKey dIOz...wWK0:ao-node-test
2021-09-13T19:04:38.825Z appoptics:debug using context provider: ace-context
2021-09-13T19:04:38.897Z appoptics:debug apm 10.0.1, bindings 11.0.0, oboe 10.1.0
2021-09-13T19:04:38.945Z appoptics:patching patched crypto 
2021-09-13T19:04:38.978Z appoptics:patching patched https 
2021-09-13T19:04:38.978Z appoptics:patching patched http 
2021-09-13T19:04:39.016Z appoptics:patching patched oracledb 4.1.0
2021-09-13T19:04:39.022Z appoptics:debug starting runtimeMetrics


  probes.oracledb 4.1.0
    âœ“ UDP might lose a message
2021-09-13T19:04:39.171Z appoptics:debug asking helper to execute test_basic
2021-09-13T19:04:39.171Z appoptics:debug test_basic being executed
2021-09-13T19:04:39.171Z appoptics:debug oracledb wrapping getConnection
2021-09-13T19:04:39.180Z appoptics:debug done with test_basic oracledb.getConnection
2021-09-13T19:04:39.218Z appoptics:debug test_basic query callback invoked
    âœ“ should trace execute calls (52ms)
2021-09-13T19:04:39.226Z appoptics:debug ORACLEDB wrapping createPool
2021-09-13T19:04:39.228Z appoptics:debug oracledb wrapping getConnection
2021-09-13T19:04:39.257Z appoptics:debug connection.execute() seems to be patched
2021-09-13T19:04:39.257Z appoptics:debug connection.commit() seems to be patched
2021-09-13T19:04:39.257Z appoptics:debug connection.rollback() seems to be patched
2021-09-13T19:04:39.257Z appoptics:debug connection.break() seems to be patched
2021-09-13T19:04:39.257Z appoptics:debug connection.release seems to be patched
    âœ“ should trace execute calls in pool
2021-09-13T19:04:39.260Z appoptics:debug oracledb wrapping getConnection
2021-09-13T19:04:39.296Z appoptics:debug connection.execute() seems to be patched
2021-09-13T19:04:39.296Z appoptics:debug connection.commit() seems to be patched
2021-09-13T19:04:39.296Z appoptics:debug connection.rollback() seems to be patched
2021-09-13T19:04:39.296Z appoptics:debug connection.break() seems to be patched
2021-09-13T19:04:39.296Z appoptics:debug connection.release seems to be patched
    âœ“ should include correct isAutoCommit value (40ms)


  4 passing (154ms)


> oracledb@4.2.0 install /__w/appoptics-apm-node/appoptics-apm-node/node_modules/oracledb
> node package/install.js

oracledb ********************************************************************************
oracledb ** Node-oracledb 4.2.0 installed for Node.js 10.24.1 (linux, x64)
oracledb **
oracledb ** To use node-oracledb:
oracledb ** - Oracle Client libraries (64-bit) must be configured with ldconfig or LD_LIBRARY_PATH
oracledb ** - To get libraries, install an Instant Client Basic or Basic Light package from
oracledb **   https://www.oracle.com/database/technologies/instant-client/linux-x86-64-downloads.html
oracledb **
oracledb ** Installation instructions: https://oracle.github.io/node-oracledb/INSTALL.html
oracledb ********************************************************************************

npm WARN optional SKIPPING OPTIONAL DEPENDENCY: fsevents@~2.3.1 (node_modules/chokidar/node_modules/fsevents):
npm WARN notsup SKIPPING OPTIONAL DEPENDENCY: Unsupported platform for fsevents@2.3.2: wanted {"os":"darwin","arch":"any"} (current: {"os":"linux","arch":"x64"})

+ oracledb@4.2.0
updated 1 package and audited 1111 packages in 5.242s

72 packages are looking for funding
  run `npm fund` for details

found 24 vulnerabilities (5 low, 4 moderate, 13 high, 2 critical)
  run `npm audit fix` to fix them, or `npm audit` for details
2021-09-13T19:04:45.879Z appoptics:debug read config from /__w/appoptics-apm-node/appoptics-apm-node/appoptics-apm-config
2021-09-13T19:04:45.885Z appoptics:debug guc ignoring APPOPTICS_LOG_SETTINGS
2021-09-13T19:04:45.885Z appoptics:debug serviceKey dIOz...wWK0:ao-node-test
2021-09-13T19:04:45.887Z appoptics:debug using context provider: ace-context
2021-09-13T19:04:45.979Z appoptics:debug apm 10.0.1, bindings 11.0.0, oboe 10.1.0
2021-09-13T19:04:46.044Z appoptics:patching patched crypto 
2021-09-13T19:04:46.107Z appoptics:patching patched https 
2021-09-13T19:04:46.107Z appoptics:patching patched http 
2021-09-13T19:04:46.228Z appoptics:patching patched oracledb 4.2.0
2021-09-13T19:04:46.239Z appoptics:debug starting runtimeMetrics


  probes.oracledb 4.2.0
    âœ“ UDP might lose a message
2021-09-13T19:04:46.636Z appoptics:debug asking helper to execute test_basic
2021-09-13T19:04:46.636Z appoptics:debug test_basic being executed
2021-09-13T19:04:46.637Z appoptics:debug oracledb wrapping getConnection
2021-09-13T19:04:46.663Z appoptics:debug done with test_basic oracledb.getConnection
2021-09-13T19:04:46.724Z appoptics:debug test_basic query callback invoked
    âœ“ should trace execute calls (93ms)
2021-09-13T19:04:46.733Z appoptics:debug ORACLEDB wrapping createPool
2021-09-13T19:04:46.738Z appoptics:debug oracledb wrapping getConnection
2021-09-13T19:04:46.778Z appoptics:debug connection.execute() seems to be patched
2021-09-13T19:04:46.778Z appoptics:debug connection.commit() seems to be patched
2021-09-13T19:04:46.778Z appoptics:debug connection.rollback() seems to be patched
2021-09-13T19:04:46.778Z appoptics:debug connection.break() seems to be patched
2021-09-13T19:04:46.778Z appoptics:debug connection.release seems to be patched
    âœ“ should trace execute calls in pool (48ms)
2021-09-13T19:04:46.782Z appoptics:debug oracledb wrapping getConnection
2021-09-13T19:04:46.817Z appoptics:debug connection.execute() seems to be patched
2021-09-13T19:04:46.817Z appoptics:debug connection.commit() seems to be patched
2021-09-13T19:04:46.817Z appoptics:debug connection.rollback() seems to be patched
2021-09-13T19:04:46.817Z appoptics:debug connection.break() seems to be patched
2021-09-13T19:04:46.817Z appoptics:debug connection.release seems to be patched
    âœ“ should include correct isAutoCommit value (41ms)


  4 passing (233ms)


> oracledb@5.0.0 install /__w/appoptics-apm-node/appoptics-apm-node/node_modules/oracledb
> node package/install.js

oracledb ********************************************************************************
oracledb ** Node-oracledb 5.0.0 installed for Node.js 10.24.1 (linux, x64)
oracledb **
oracledb ** To use node-oracledb:
oracledb ** - Oracle Client libraries (64-bit) must be available.
oracledb ** - Follow the installation instructions:
oracledb **   https://oracle.github.io/node-oracledb/INSTALL.html#linuxinstall
oracledb ********************************************************************************

npm WARN optional SKIPPING OPTIONAL DEPENDENCY: fsevents@~2.3.1 (node_modules/chokidar/node_modules/fsevents):
npm WARN notsup SKIPPING OPTIONAL DEPENDENCY: Unsupported platform for fsevents@2.3.2: wanted {"os":"darwin","arch":"any"} (current: {"os":"linux","arch":"x64"})

+ oracledb@5.0.0
updated 1 package and audited 1111 packages in 5.691s

72 packages are looking for funding
  run `npm fund` for details

found 24 vulnerabilities (5 low, 4 moderate, 13 high, 2 critical)
  run `npm audit fix` to fix them, or `npm audit` for details
2021-09-13T19:04:53.826Z appoptics:debug read config from /__w/appoptics-apm-node/appoptics-apm-node/appoptics-apm-config
2021-09-13T19:04:53.827Z appoptics:debug guc ignoring APPOPTICS_LOG_SETTINGS
2021-09-13T19:04:53.827Z appoptics:debug serviceKey dIOz...wWK0:ao-node-test
2021-09-13T19:04:53.828Z appoptics:debug using context provider: ace-context
2021-09-13T19:04:53.899Z appoptics:debug apm 10.0.1, bindings 11.0.0, oboe 10.1.0
2021-09-13T19:04:53.948Z appoptics:patching patched crypto 
2021-09-13T19:04:53.977Z appoptics:patching patched https 
2021-09-13T19:04:53.977Z appoptics:patching patched http 
2021-09-13T19:04:54.014Z appoptics:patching patched oracledb 5.0.0
2021-09-13T19:04:54.026Z appoptics:debug starting runtimeMetrics


  probes.oracledb 5.0.0
    âœ“ UDP might lose a message
2021-09-13T19:04:54.172Z appoptics:debug asking helper to execute test_basic
2021-09-13T19:04:54.173Z appoptics:debug test_basic being executed
2021-09-13T19:04:54.173Z appoptics:debug oracledb wrapping getConnection
2021-09-13T19:04:54.182Z appoptics:debug done with test_basic oracledb.getConnection
2021-09-13T19:04:54.218Z appoptics:debug test_basic query callback invoked
    âœ“ should trace execute calls (51ms)
2021-09-13T19:04:54.233Z appoptics:debug ORACLEDB wrapping createPool
2021-09-13T19:04:54.237Z appoptics:debug oracledb wrapping getConnection
2021-09-13T19:04:54.295Z appoptics:debug connection.execute() seems to be patched
2021-09-13T19:04:54.295Z appoptics:debug connection.commit() seems to be patched
2021-09-13T19:04:54.295Z appoptics:debug connection.rollback() seems to be patched
2021-09-13T19:04:54.295Z appoptics:debug connection.break() seems to be patched
2021-09-13T19:04:54.296Z appoptics:debug connection.release seems to be patched
    âœ“ should trace execute calls in pool (64ms)
2021-09-13T19:04:54.299Z appoptics:debug oracledb wrapping getConnection
2021-09-13T19:04:54.336Z appoptics:debug connection.execute() seems to be patched
2021-09-13T19:04:54.336Z appoptics:debug connection.commit() seems to be patched
2021-09-13T19:04:54.336Z appoptics:debug connection.rollback() seems to be patched
2021-09-13T19:04:54.336Z appoptics:debug connection.break() seems to be patched
2021-09-13T19:04:54.336Z appoptics:debug connection.release seems to be patched
    âœ“ should include correct isAutoCommit value (41ms)


  4 passing (193ms)


> oracledb@5.1.0 install /__w/appoptics-apm-node/appoptics-apm-node/node_modules/oracledb
> node package/install.js

oracledb ********************************************************************************
oracledb ** Node-oracledb 5.1.0 installed for Node.js 10.24.1 (linux, x64)
oracledb **
oracledb ** To use node-oracledb:
oracledb ** - Oracle Client libraries (64-bit) must be available.
oracledb ** - Follow the installation instructions:
oracledb **   https://oracle.github.io/node-oracledb/INSTALL.html#linuxinstall
oracledb ********************************************************************************

npm WARN optional SKIPPING OPTIONAL DEPENDENCY: fsevents@~2.3.1 (node_modules/chokidar/node_modules/fsevents):
npm WARN notsup SKIPPING OPTIONAL DEPENDENCY: Unsupported platform for fsevents@2.3.2: wanted {"os":"darwin","arch":"any"} (current: {"os":"linux","arch":"x64"})

+ oracledb@5.1.0
updated 1 package and audited 1111 packages in 5.828s

72 packages are looking for funding
  run `npm fund` for details

found 24 vulnerabilities (5 low, 4 moderate, 13 high, 2 critical)
  run `npm audit fix` to fix them, or `npm audit` for details
2021-09-13T19:05:01.538Z appoptics:debug read config from /__w/appoptics-apm-node/appoptics-apm-node/appoptics-apm-config
2021-09-13T19:05:01.540Z appoptics:debug guc ignoring APPOPTICS_LOG_SETTINGS
2021-09-13T19:05:01.540Z appoptics:debug serviceKey dIOz...wWK0:ao-node-test
2021-09-13T19:05:01.541Z appoptics:debug using context provider: ace-context
2021-09-13T19:05:01.616Z appoptics:debug apm 10.0.1, bindings 11.0.0, oboe 10.1.0
2021-09-13T19:05:01.671Z appoptics:patching patched crypto 
2021-09-13T19:05:01.702Z appoptics:patching patched https 
2021-09-13T19:05:01.702Z appoptics:patching patched http 
2021-09-13T19:05:01.743Z appoptics:patching patched oracledb 5.1.0
2021-09-13T19:05:01.748Z appoptics:debug starting runtimeMetrics


  probes.oracledb 5.1.0
    âœ“ UDP might lose a message
2021-09-13T19:05:01.929Z appoptics:debug asking helper to execute test_basic
2021-09-13T19:05:01.930Z appoptics:debug test_basic being executed
2021-09-13T19:05:01.930Z appoptics:debug oracledb wrapping getConnection
2021-09-13T19:05:01.938Z appoptics:debug done with test_basic oracledb.getConnection
2021-09-13T19:05:01.983Z appoptics:debug test_basic query callback invoked
    âœ“ should trace execute calls (61ms)
2021-09-13T19:05:01.993Z appoptics:debug ORACLEDB wrapping createPool
2021-09-13T19:05:01.997Z appoptics:debug oracledb wrapping getConnection
2021-09-13T19:05:02.031Z appoptics:debug connection.execute() seems to be patched
2021-09-13T19:05:02.031Z appoptics:debug connection.commit() seems to be patched
2021-09-13T19:05:02.031Z appoptics:debug connection.rollback() seems to be patched
2021-09-13T19:05:02.031Z appoptics:debug connection.break() seems to be patched
2021-09-13T19:05:02.031Z appoptics:debug connection.release seems to be patched
    âœ“ should trace execute calls in pool (43ms)
2021-09-13T19:05:02.035Z appoptics:debug oracledb wrapping getConnection
2021-09-13T19:05:02.069Z appoptics:debug connection.execute() seems to be patched
2021-09-13T19:05:02.069Z appoptics:debug connection.commit() seems to be patched
2021-09-13T19:05:02.069Z appoptics:debug connection.rollback() seems to be patched
2021-09-13T19:05:02.069Z appoptics:debug connection.break() seems to be patched
2021-09-13T19:05:02.069Z appoptics:debug connection.release seems to be patched
    âœ“ should include correct isAutoCommit value (39ms)


  4 passing (166ms)


> oracledb@5.2.0 install /__w/appoptics-apm-node/appoptics-apm-node/node_modules/oracledb
> node package/install.js

oracledb ********************************************************************************
oracledb ** Node-oracledb 5.2.0 installed in Node.js 10.24.1 (linux, x64)
oracledb **
oracledb ** To use node-oracledb:
oracledb ** - Oracle Client libraries (64-bit) must be available.
oracledb ** - Follow the installation instructions:
oracledb **   https://oracle.github.io/node-oracledb/INSTALL.html#linuxinstall
oracledb ********************************************************************************

npm WARN optional SKIPPING OPTIONAL DEPENDENCY: fsevents@~2.3.1 (node_modules/chokidar/node_modules/fsevents):
npm WARN notsup SKIPPING OPTIONAL DEPENDENCY: Unsupported platform for fsevents@2.3.2: wanted {"os":"darwin","arch":"any"} (current: {"os":"linux","arch":"x64"})

+ oracledb@5.2.0
updated 1 package and audited 1111 packages in 5.378s

72 packages are looking for funding
  run `npm fund` for details

found 24 vulnerabilities (5 low, 4 moderate, 13 high, 2 critical)
  run `npm audit fix` to fix them, or `npm audit` for details
2021-09-13T19:05:08.870Z appoptics:debug read config from /__w/appoptics-apm-node/appoptics-apm-node/appoptics-apm-config
2021-09-13T19:05:08.876Z appoptics:debug guc ignoring APPOPTICS_LOG_SETTINGS
2021-09-13T19:05:08.877Z appoptics:debug serviceKey dIOz...wWK0:ao-node-test
2021-09-13T19:05:08.878Z appoptics:debug using context provider: ace-context
2021-09-13T19:05:08.947Z appoptics:debug apm 10.0.1, bindings 11.0.0, oboe 10.1.0
2021-09-13T19:05:08.997Z appoptics:patching patched crypto 
2021-09-13T19:05:09.026Z appoptics:patching patched https 
2021-09-13T19:05:09.027Z appoptics:patching patched http 
2021-09-13T19:05:09.062Z appoptics:patching patched oracledb 5.2.0
2021-09-13T19:05:09.068Z appoptics:debug starting runtimeMetrics


  probes.oracledb 5.2.0
    âœ“ UDP might lose a message
2021-09-13T19:05:09.221Z appoptics:debug asking helper to execute test_basic
2021-09-13T19:05:09.222Z appoptics:debug test_basic being executed
2021-09-13T19:05:09.222Z appoptics:debug oracledb wrapping getConnection
2021-09-13T19:05:09.231Z appoptics:debug done with test_basic oracledb.getConnection
2021-09-13T19:05:09.268Z appoptics:debug test_basic query callback invoked
    âœ“ should trace execute calls (52ms)
2021-09-13T19:05:09.275Z appoptics:debug ORACLEDB wrapping createPool
2021-09-13T19:05:09.278Z appoptics:debug oracledb wrapping getConnection
2021-09-13T19:05:09.307Z appoptics:debug connection.execute() seems to be patched
2021-09-13T19:05:09.307Z appoptics:debug connection.commit() seems to be patched
2021-09-13T19:05:09.307Z appoptics:debug connection.rollback() seems to be patched
2021-09-13T19:05:09.307Z appoptics:debug connection.break() seems to be patched
2021-09-13T19:05:09.307Z appoptics:debug connection.release seems to be patched
    âœ“ should trace execute calls in pool
2021-09-13T19:05:09.309Z appoptics:debug oracledb wrapping getConnection
2021-09-13T19:05:09.340Z appoptics:debug connection.execute() seems to be patched
2021-09-13T19:05:09.340Z appoptics:debug connection.commit() seems to be patched
2021-09-13T19:05:09.340Z appoptics:debug connection.rollback() seems to be patched
2021-09-13T19:05:09.340Z appoptics:debug connection.break() seems to be patched
2021-09-13T19:05:09.340Z appoptics:debug connection.release seems to be patched
    âœ“ should include correct isAutoCommit value


  4 passing (142ms)


> oracledb@5.2.0 install /__w/appoptics-apm-node/appoptics-apm-node/node_modules/oracledb
> node package/install.js

oracledb ********************************************************************************
oracledb ** Node-oracledb 5.2.0 installed in Node.js 10.24.1 (linux, x64)
oracledb **
oracledb ** To use node-oracledb:
oracledb ** - Oracle Client libraries (64-bit) must be available.
oracledb ** - Follow the installation instructions:
oracledb **   https://oracle.github.io/node-oracledb/INSTALL.html#linuxinstall
oracledb ********************************************************************************

npm WARN optional SKIPPING OPTIONAL DEPENDENCY: fsevents@~2.3.1 (node_modules/chokidar/node_modules/fsevents):
npm WARN notsup SKIPPING OPTIONAL DEPENDENCY: Unsupported platform for fsevents@2.3.2: wanted {"os":"darwin","arch":"any"} (current: {"os":"linux","arch":"x64"})

+ oracledb@5.2.0
updated 1 package and audited 1111 packages in 5.926s

72 packages are looking for funding
  run `npm fund` for details

found 24 vulnerabilities (5 low, 4 moderate, 13 high, 2 critical)
  run `npm audit fix` to fix them, or `npm audit` for details
