npm WARN deprecated oracledb@2.0.14: Update to node-oracledb 5

> oracledb@2.0.14 install /__w/appoptics-apm-node/appoptics-apm-node/node_modules/oracledb
> node package/oracledbinstall.js

oracledb Beginning installation
oracledb Verifying installation
oracledb Binary not found
oracledb Continuing installation
oracledb [31mERR![0m NJS-054: Binary build/Release/oracledb.node was not installed from oracledb-v2.0.14-node-v64-linux-x64.gz
oracledb [31mERR![0m EACCES: permission denied, mkdir 'build'
oracledb [31mERR![0m If the error is not network or filesystem related, then review 
oracledb [31mERR![0m the Python 2.7 and compiler prerequisites in the installation instructions and
oracledb [31mERR![0m then install from source code with: npm install oracle/node-oracledb.git#v2.0.14
oracledb [31mERR![0m See https://github.com/oracle/node-oracledb/blob/master/INSTALL.md 

npm WARN optional SKIPPING OPTIONAL DEPENDENCY: fsevents@~2.3.1 (node_modules/chokidar/node_modules/fsevents):
npm WARN notsup SKIPPING OPTIONAL DEPENDENCY: Unsupported platform for fsevents@2.3.2: wanted {"os":"darwin","arch":"any"} (current: {"os":"linux","arch":"x64"})

npm ERR! code ELIFECYCLE
npm ERR! errno 87
npm ERR! oracledb@2.0.14 install: `node package/oracledbinstall.js`
npm ERR! Exit status 87
npm ERR! 
npm ERR! Failed at the oracledb@2.0.14 install script.
npm ERR! This is probably not a problem with npm. There is likely additional logging output above.

npm ERR! A complete log of this run can be found in:
npm ERR!     /github/home/.npm/_logs/2021-09-18T00_50_10_056Z-debug.log
npm WARN deprecated oracledb@2.0.15: Update to node-oracledb 5

> oracledb@2.0.15 install /__w/appoptics-apm-node/appoptics-apm-node/node_modules/oracledb
> node package/oracledbinstall.js

oracledb Beginning installation
oracledb Verifying installation
oracledb Binary not found
oracledb Continuing installation
oracledb [31mERR![0m NJS-054: Binary build/Release/oracledb.node was not installed from oracledb-v2.0.15-node-v64-linux-x64.gz
oracledb [31mERR![0m EACCES: permission denied, mkdir 'build'
oracledb [31mERR![0m If the error is not network or filesystem related, then review 
oracledb [31mERR![0m the Python 2.7 and compiler prerequisites in the installation instructions and
oracledb [31mERR![0m then install from source code with: npm install oracle/node-oracledb.git#v2.0.15
oracledb [31mERR![0m See https://github.com/oracle/node-oracledb/blob/master/INSTALL.md 

npm WARN optional SKIPPING OPTIONAL DEPENDENCY: fsevents@~2.3.1 (node_modules/chokidar/node_modules/fsevents):
npm WARN notsup SKIPPING OPTIONAL DEPENDENCY: Unsupported platform for fsevents@2.3.2: wanted {"os":"darwin","arch":"any"} (current: {"os":"linux","arch":"x64"})

npm ERR! code ELIFECYCLE
npm ERR! errno 87
npm ERR! oracledb@2.0.15 install: `node package/oracledbinstall.js`
npm ERR! Exit status 87
npm ERR! 
npm ERR! Failed at the oracledb@2.0.15 install script.
npm ERR! This is probably not a problem with npm. There is likely additional logging output above.

npm ERR! A complete log of this run can be found in:
npm ERR!     /github/home/.npm/_logs/2021-09-18T00_50_16_448Z-debug.log
npm WARN deprecated oracledb@2.1.0: Update to node-oracledb 5

> oracledb@2.1.0 install /__w/appoptics-apm-node/appoptics-apm-node/node_modules/oracledb
> node package/oracledbinstall.js

oracledb Beginning installation
oracledb Verifying installation
oracledb Binary not found
oracledb Continuing installation
oracledb [31mERR![0m NJS-054: Binary build/Release/oracledb.node was not installed from oracledb-v2.1.0-node-v64-linux-x64.gz
oracledb [31mERR![0m EACCES: permission denied, mkdir 'build'
oracledb [31mERR![0m If the error is not network or filesystem related, then review 
oracledb [31mERR![0m the Python 2.7 and compiler prerequisites in the installation instructions and
oracledb [31mERR![0m then install from source code with: npm install oracle/node-oracledb.git#v2.1.0
oracledb [31mERR![0m See https://github.com/oracle/node-oracledb/blob/master/INSTALL.md 

npm WARN optional SKIPPING OPTIONAL DEPENDENCY: fsevents@~2.3.1 (node_modules/chokidar/node_modules/fsevents):
npm WARN notsup SKIPPING OPTIONAL DEPENDENCY: Unsupported platform for fsevents@2.3.2: wanted {"os":"darwin","arch":"any"} (current: {"os":"linux","arch":"x64"})

npm ERR! code ELIFECYCLE
npm ERR! errno 87
npm ERR! oracledb@2.1.0 install: `node package/oracledbinstall.js`
npm ERR! Exit status 87
npm ERR! 
npm ERR! Failed at the oracledb@2.1.0 install script.
npm ERR! This is probably not a problem with npm. There is likely additional logging output above.

npm ERR! A complete log of this run can be found in:
npm ERR!     /github/home/.npm/_logs/2021-09-18T00_50_23_919Z-debug.log
npm WARN deprecated oracledb@2.1.1: Update to node-oracledb 5

> oracledb@2.1.1 install /__w/appoptics-apm-node/appoptics-apm-node/node_modules/oracledb
> node package/oracledbinstall.js

oracledb Beginning installation
oracledb Verifying installation
oracledb Binary not found
oracledb Continuing installation
oracledb [31mERR![0m NJS-054: Binary build/Release/oracledb.node was not installed from oracledb-v2.1.1-node-v64-linux-x64.gz
oracledb [31mERR![0m EACCES: permission denied, mkdir 'build'
oracledb [31mERR![0m If the error is not network or filesystem related, then review 
oracledb [31mERR![0m the Python 2.7 and compiler prerequisites in the installation instructions and
oracledb [31mERR![0m then install from source code with: npm install oracle/node-oracledb.git#v2.1.1
oracledb [31mERR![0m See https://github.com/oracle/node-oracledb/blob/master/INSTALL.md 

npm WARN optional SKIPPING OPTIONAL DEPENDENCY: fsevents@~2.3.1 (node_modules/chokidar/node_modules/fsevents):
npm WARN notsup SKIPPING OPTIONAL DEPENDENCY: Unsupported platform for fsevents@2.3.2: wanted {"os":"darwin","arch":"any"} (current: {"os":"linux","arch":"x64"})

npm ERR! code ELIFECYCLE
npm ERR! errno 87
npm ERR! oracledb@2.1.1 install: `node package/oracledbinstall.js`
npm ERR! Exit status 87
npm ERR! 
npm ERR! Failed at the oracledb@2.1.1 install script.
npm ERR! This is probably not a problem with npm. There is likely additional logging output above.

npm ERR! A complete log of this run can be found in:
npm ERR!     /github/home/.npm/_logs/2021-09-18T00_50_30_319Z-debug.log
npm WARN deprecated oracledb@2.1.2: Update to node-oracledb 5

> oracledb@2.1.2 install /__w/appoptics-apm-node/appoptics-apm-node/node_modules/oracledb
> node package/oracledbinstall.js

oracledb Beginning installation
oracledb Verifying installation
oracledb Binary not found
oracledb Continuing installation
oracledb [31mERR![0m NJS-054: Binary build/Release/oracledb.node was not installed from oracledb-v2.1.2-node-v64-linux-x64.gz
oracledb [31mERR![0m EACCES: permission denied, mkdir 'build'
oracledb [31mERR![0m If the error is not network or filesystem related, then review 
oracledb [31mERR![0m the Python 2.7 and compiler prerequisites in the installation instructions and
oracledb [31mERR![0m then install from source code with: npm install oracle/node-oracledb.git#v2.1.2
oracledb [31mERR![0m See https://github.com/oracle/node-oracledb/blob/master/INSTALL.md 

npm WARN optional SKIPPING OPTIONAL DEPENDENCY: fsevents@~2.3.1 (node_modules/chokidar/node_modules/fsevents):
npm WARN notsup SKIPPING OPTIONAL DEPENDENCY: Unsupported platform for fsevents@2.3.2: wanted {"os":"darwin","arch":"any"} (current: {"os":"linux","arch":"x64"})

npm ERR! code ELIFECYCLE
npm ERR! errno 87
npm ERR! oracledb@2.1.2 install: `node package/oracledbinstall.js`
npm ERR! Exit status 87
npm ERR! 
npm ERR! Failed at the oracledb@2.1.2 install script.
npm ERR! This is probably not a problem with npm. There is likely additional logging output above.

npm ERR! A complete log of this run can be found in:
npm ERR!     /github/home/.npm/_logs/2021-09-18T00_50_36_806Z-debug.log
npm WARN deprecated oracledb@2.2.0: Update to node-oracledb 5

> oracledb@2.2.0 install /__w/appoptics-apm-node/appoptics-apm-node/node_modules/oracledb
> node package/oracledbinstall.js

oracledb Beginning installation
oracledb Verifying installation
oracledb Continuing installation
oracledb [31mERR![0m NJS-054: Binary build/Release/oracledb.node was not installed.
oracledb [31mERR![0m Pre-built binary packages are not available for this version of Node.js (NODE_MODULE_VERSION="64")
oracledb [31mERR![0m Failed to install binary package oracledb-v2.2.0-node-v64-linux-x64.gz
oracledb [31mERR![0m EACCES: permission denied, mkdir 'build'
oracledb [31mERR![0m For help see https://oracle.github.io/node-oracledb/INSTALL.html#troubleshooting

npm WARN optional SKIPPING OPTIONAL DEPENDENCY: fsevents@~2.3.1 (node_modules/chokidar/node_modules/fsevents):
npm WARN notsup SKIPPING OPTIONAL DEPENDENCY: Unsupported platform for fsevents@2.3.2: wanted {"os":"darwin","arch":"any"} (current: {"os":"linux","arch":"x64"})

npm ERR! code ELIFECYCLE
npm ERR! errno 87
npm ERR! oracledb@2.2.0 install: `node package/oracledbinstall.js`
npm ERR! Exit status 87
npm ERR! 
npm ERR! Failed at the oracledb@2.2.0 install script.
npm ERR! This is probably not a problem with npm. There is likely additional logging output above.

npm ERR! A complete log of this run can be found in:
npm ERR!     /github/home/.npm/_logs/2021-09-18T00_50_42_820Z-debug.log
npm WARN deprecated oracledb@2.3.0: Update to node-oracledb 5

> oracledb@2.3.0 install /__w/appoptics-apm-node/appoptics-apm-node/node_modules/oracledb
> node package/oracledbinstall.js

oracledb Beginning installation
oracledb Verifying installation
oracledb Continuing installation
oracledb [31mERR![0m NJS-054: Binary build/Release/oracledb.node was not installed.
oracledb [31mERR![0m Failed to install binary package oracledb-v2.3.0-node-v64-linux-x64.gz
oracledb [31mERR![0m EACCES: permission denied, mkdir 'build'
oracledb [31mERR![0m For help see https://oracle.github.io/node-oracledb/INSTALL.html#troubleshooting

npm WARN optional SKIPPING OPTIONAL DEPENDENCY: fsevents@~2.3.1 (node_modules/chokidar/node_modules/fsevents):
npm WARN notsup SKIPPING OPTIONAL DEPENDENCY: Unsupported platform for fsevents@2.3.2: wanted {"os":"darwin","arch":"any"} (current: {"os":"linux","arch":"x64"})

npm ERR! code ELIFECYCLE
npm ERR! errno 87
npm ERR! oracledb@2.3.0 install: `node package/oracledbinstall.js`
npm ERR! Exit status 87
npm ERR! 
npm ERR! Failed at the oracledb@2.3.0 install script.
npm ERR! This is probably not a problem with npm. There is likely additional logging output above.

npm ERR! A complete log of this run can be found in:
npm ERR!     /github/home/.npm/_logs/2021-09-18T00_50_49_386Z-debug.log
npm WARN deprecated oracledb@3.0.0: Update to node-oracledb 5

> oracledb@3.0.0 install /__w/appoptics-apm-node/appoptics-apm-node/node_modules/oracledb
> node package/oracledbinstall.js

oracledb Beginning installation
oracledb Verifying installation
oracledb Continuing installation
oracledb [31mERR![0m NJS-054: Binary build/Release/oracledb.node was not installed.
oracledb [31mERR![0m Failed to install binary package oracledb-v3.0.0-node-abi64-linux-x64.gz
oracledb [31mERR![0m EACCES: permission denied, mkdir 'build'
oracledb [31mERR![0m For help see https://oracle.github.io/node-oracledb/INSTALL.html#troubleshooting

npm WARN optional SKIPPING OPTIONAL DEPENDENCY: fsevents@~2.3.1 (node_modules/chokidar/node_modules/fsevents):
npm WARN notsup SKIPPING OPTIONAL DEPENDENCY: Unsupported platform for fsevents@2.3.2: wanted {"os":"darwin","arch":"any"} (current: {"os":"linux","arch":"x64"})

npm ERR! code ELIFECYCLE
npm ERR! errno 87
npm ERR! oracledb@3.0.0 install: `node package/oracledbinstall.js`
npm ERR! Exit status 87
npm ERR! 
npm ERR! Failed at the oracledb@3.0.0 install script.
npm ERR! This is probably not a problem with npm. There is likely additional logging output above.

npm ERR! A complete log of this run can be found in:
npm ERR!     /github/home/.npm/_logs/2021-09-18T00_50_55_270Z-debug.log
npm WARN deprecated oracledb@3.0.1: Update to node-oracledb 5

> oracledb@3.0.1 install /__w/appoptics-apm-node/appoptics-apm-node/node_modules/oracledb
> node package/oracledbinstall.js

oracledb Beginning installation
oracledb [31mERR![0m NJS-054: Binary build/Release/oracledb.node was not installed.
oracledb [31mERR![0m Failed to install binary package oracledb-v3.0.1-node-abi64-linux-x64.gz
oracledb [31mERR![0m EACCES: permission denied, mkdir 'build'
oracledb [31mERR![0m For help see https://oracle.github.io/node-oracledb/INSTALL.html#troubleshooting

npm WARN optional SKIPPING OPTIONAL DEPENDENCY: fsevents@~2.3.1 (node_modules/chokidar/node_modules/fsevents):
npm WARN notsup SKIPPING OPTIONAL DEPENDENCY: Unsupported platform for fsevents@2.3.2: wanted {"os":"darwin","arch":"any"} (current: {"os":"linux","arch":"x64"})

npm ERR! code ELIFECYCLE
npm ERR! errno 87
npm ERR! oracledb@3.0.1 install: `node package/oracledbinstall.js`
npm ERR! Exit status 87
npm ERR! 
npm ERR! Failed at the oracledb@3.0.1 install script.
npm ERR! This is probably not a problem with npm. There is likely additional logging output above.

npm ERR! A complete log of this run can be found in:
npm ERR!     /github/home/.npm/_logs/2021-09-18T00_51_01_976Z-debug.log
npm WARN deprecated oracledb@3.1.0: Update to node-oracledb 5

> oracledb@3.1.0 install /__w/appoptics-apm-node/appoptics-apm-node/node_modules/oracledb
> node package/install.js

oracledb ********************************************************************************
oracledb ** Node-oracledb 3.1.0 installed for Node.js 10.24.1 (linux, x64)
oracledb **
oracledb ** To use node-oracledb:
oracledb ** - Oracle Client libraries (64-bit) must be configured with ldconfig or LD_LIBRARY_PATH
oracledb ** - To get libraries, install an Instant Client Basic or Basic Light package from
oracledb **   https://www.oracle.com/technetwork/topics/linuxx86-64soft-092277.html
oracledb **
oracledb ** Installation instructions: https://oracle.github.io/node-oracledb/INSTALL.html
oracledb ********************************************************************************

npm WARN optional SKIPPING OPTIONAL DEPENDENCY: fsevents@~2.3.1 (node_modules/chokidar/node_modules/fsevents):
npm WARN notsup SKIPPING OPTIONAL DEPENDENCY: Unsupported platform for fsevents@2.3.2: wanted {"os":"darwin","arch":"any"} (current: {"os":"linux","arch":"x64"})

+ oracledb@3.1.0
added 1 package and audited 1094 packages in 5.112s

72 packages are looking for funding
  run `npm fund` for details

found 23 vulnerabilities (5 low, 4 moderate, 12 high, 2 critical)
  run `npm audit fix` to fix them, or `npm audit` for details
2021-09-18T00:51:08.278Z appoptics:debug read config from /__w/appoptics-apm-node/appoptics-apm-node/appoptics-apm-config
2021-09-18T00:51:08.279Z appoptics:debug guc ignoring APPOPTICS_LOG_SETTINGS
2021-09-18T00:51:08.279Z appoptics:debug serviceKey dIOz...wWK0:ao-node-test
2021-09-18T00:51:08.280Z appoptics:debug using context provider: ace-context
2021-09-18T00:51:08.352Z appoptics:debug apm 10.0.2-prerelease.0, bindings 11.0.1-prerelease.0, oboe 10.1.1
2021-09-18T00:51:08.403Z appoptics:patching patched crypto 
2021-09-18T00:51:08.452Z appoptics:patching patched https 
2021-09-18T00:51:08.452Z appoptics:patching patched http 
2021-09-18T00:51:08.485Z appoptics:patching patched oracledb 3.1.0
2021-09-18T00:51:08.491Z appoptics:debug starting runtimeMetrics


  probes.oracledb 3.1.0
    âœ“ UDP might lose a message
2021-09-18T00:51:08.640Z appoptics:debug asking helper to execute test_basic
2021-09-18T00:51:08.640Z appoptics:debug test_basic being executed
2021-09-18T00:51:08.742Z appoptics:debug done with test_basic oracledb.getConnection
2021-09-18T00:51:08.847Z appoptics:debug test_basic query callback invoked
2021-09-18T00:51:08.860Z appoptics:debug span.exit - no last event outer outer:entry 2b-4cc274bf676ece7afef02e69bb6728b5a8554552-6ea04a132496ef33-01 outer:exit 2b-4cc274bf676ece7afef02e69bb6728b5a8554552-7f1c56e15e8949e5-01
2021-09-18T00:51:08.860Z appoptics:error Can not set lastEvent. Context may be lost.
    1) should trace execute calls
2021-09-18T00:51:08.927Z appoptics:debug span.exit - no last event outer outer:entry 2b-6396dde3d545282824eee4cdda5cfb74960e3352-d7e2fe19ef3a996c-01 outer:exit 2b-6396dde3d545282824eee4cdda5cfb74960e3352-eaaf5f716a6d4ceb-01
2021-09-18T00:51:08.927Z appoptics:error Can not set lastEvent. Context may be lost.
    2) should trace execute calls in pool
2021-09-18T00:51:08.969Z appoptics:debug span.exit - no last event outer outer:entry 2b-830e3ddd5ed51dbcd4e18ea4260f854b0ca85b69-0335b317ec8c629b-01 outer:exit 2b-830e3ddd5ed51dbcd4e18ea4260f854b0ca85b69-c358208f25e9c18c-01
2021-09-18T00:51:08.969Z appoptics:error Can not set lastEvent. Context may be lost.
    3) should include correct isAutoCommit value


  1 passing (351ms)
  3 failing

  1) probes.oracledb 3.1.0
       should trace execute calls:
     Uncaught AssertionError: expected Object {
  Edge: '6EA04A132496EF33',
  Hostname: 'cc40c64cb4f1',
  Label: 'exit',
  Layer: 'outer',
  TID: 669,
  Timestamp_u: 1631926268860739,
  'X-Trace': '2B4CC274BF676ECE7AFEF02E69BB6728B5A85545527F1C56E15E8949E501',
  _V: '1'
} to have property Layer of 'oracle' (got 'outer')
      at Assertion.fail (node_modules/should/lib/assertion.js:92:17)
      at Assertion.value [as property] (node_modules/should/lib/assertion.js:164:19)
      at Object.oracle-entry (test/probes/oracledb.test.js:78:23)
      at /__w/appoptics-apm-node/appoptics-apm-node/test/probes/oracledb.test.js:127:31
      at EventEmitter.onMessage (test/helper.js:170:9)
      at Socket.<anonymous> (test/helper.js:112:13)
      at UDP.onMessage [as onmessage] (dgram.js:628:8)

  2) probes.oracledb 3.1.0
       should trace execute calls in pool:
     Uncaught AssertionError: expected Object {
  Edge: 'D7E2FE19EF3A996C',
  Hostname: 'cc40c64cb4f1',
  Label: 'exit',
  Layer: 'outer',
  TID: 669,
  Timestamp_u: 1631926268927531,
  'X-Trace': '2B6396DDE3D545282824EEE4CDDA5CFB74960E3352EAAF5F716A6D4CEB01',
  _V: '1'
} to have property Layer of 'oracle' (got 'outer')
      at Assertion.fail (node_modules/should/lib/assertion.js:92:17)
      at Assertion.value [as property] (node_modules/should/lib/assertion.js:164:19)
      at Object.oracle-entry (test/probes/oracledb.test.js:78:23)
      at /__w/appoptics-apm-node/appoptics-apm-node/test/probes/oracledb.test.js:151:31
      at EventEmitter.onMessage (test/helper.js:170:9)
      at Socket.<anonymous> (test/helper.js:112:13)
      at UDP.onMessage [as onmessage] (dgram.js:628:8)

  3) probes.oracledb 3.1.0
       should include correct isAutoCommit value:
     Uncaught AssertionError: expected Object {
  Edge: '0335B317EC8C629B',
  Hostname: 'cc40c64cb4f1',
  Label: 'exit',
  Layer: 'outer',
  TID: 669,
  Timestamp_u: 1631926268969546,
  'X-Trace': '2B830E3DDD5ED51DBCD4E18EA4260F854B0CA85B69C358208F25E9C18C01',
  _V: '1'
} to have property Layer of 'oracle' (got 'outer')
      at Assertion.fail (node_modules/should/lib/assertion.js:92:17)
      at Assertion.value [as property] (node_modules/should/lib/assertion.js:164:19)
      at Object.oracle-entry (test/probes/oracledb.test.js:78:23)
      at /__w/appoptics-apm-node/appoptics-apm-node/test/probes/oracledb.test.js:190:31
      at EventEmitter.onMessage (test/helper.js:170:9)
      at Socket.<anonymous> (test/helper.js:112:13)
      at UDP.onMessage [as onmessage] (dgram.js:628:8)



npm WARN deprecated oracledb@3.1.1: Update to node-oracledb 5

> oracledb@3.1.1 install /__w/appoptics-apm-node/appoptics-apm-node/node_modules/oracledb
> node package/install.js

oracledb ********************************************************************************
oracledb ** Node-oracledb 3.1.1 installed for Node.js 10.24.1 (linux, x64)
oracledb **
oracledb ** To use node-oracledb:
oracledb ** - Oracle Client libraries (64-bit) must be configured with ldconfig or LD_LIBRARY_PATH
oracledb ** - To get libraries, install an Instant Client Basic or Basic Light package from
oracledb **   https://www.oracle.com/technetwork/topics/linuxx86-64soft-092277.html
oracledb **
oracledb ** Installation instructions: https://oracle.github.io/node-oracledb/INSTALL.html
oracledb ********************************************************************************

npm WARN optional SKIPPING OPTIONAL DEPENDENCY: fsevents@~2.3.1 (node_modules/chokidar/node_modules/fsevents):
npm WARN notsup SKIPPING OPTIONAL DEPENDENCY: Unsupported platform for fsevents@2.3.2: wanted {"os":"darwin","arch":"any"} (current: {"os":"linux","arch":"x64"})

+ oracledb@3.1.1
updated 1 package and audited 1094 packages in 6.536s

72 packages are looking for funding
  run `npm fund` for details

found 23 vulnerabilities (5 low, 4 moderate, 12 high, 2 critical)
  run `npm audit fix` to fix them, or `npm audit` for details
2021-09-18T00:51:16.812Z appoptics:debug read config from /__w/appoptics-apm-node/appoptics-apm-node/appoptics-apm-config
2021-09-18T00:51:16.815Z appoptics:debug guc ignoring APPOPTICS_LOG_SETTINGS
2021-09-18T00:51:16.815Z appoptics:debug serviceKey dIOz...wWK0:ao-node-test
2021-09-18T00:51:16.816Z appoptics:debug using context provider: ace-context
2021-09-18T00:51:16.887Z appoptics:debug apm 10.0.2-prerelease.0, bindings 11.0.1-prerelease.0, oboe 10.1.1
2021-09-18T00:51:16.936Z appoptics:patching patched crypto 
2021-09-18T00:51:16.964Z appoptics:patching patched https 
2021-09-18T00:51:16.964Z appoptics:patching patched http 
2021-09-18T00:51:16.999Z appoptics:patching patched oracledb 3.1.1
2021-09-18T00:51:17.005Z appoptics:debug starting runtimeMetrics


  probes.oracledb 3.1.1
    âœ“ UDP might lose a message
2021-09-18T00:51:17.149Z appoptics:debug asking helper to execute test_basic
2021-09-18T00:51:17.150Z appoptics:debug test_basic being executed
2021-09-18T00:51:17.158Z appoptics:debug done with test_basic oracledb.getConnection
2021-09-18T00:51:17.196Z appoptics:debug test_basic query callback invoked
2021-09-18T00:51:17.199Z appoptics:debug span.exit - no last event outer outer:entry 2b-ad5ec32df18ecf047ec0699ce7c829f76e8f3601-84c68bbc75ed88e7-01 outer:exit 2b-ad5ec32df18ecf047ec0699ce7c829f76e8f3601-5f456808091ddc8e-01
2021-09-18T00:51:17.199Z appoptics:error Can not set lastEvent. Context may be lost.
    1) should trace execute calls
2021-09-18T00:51:17.237Z appoptics:debug span.exit - no last event outer outer:entry 2b-b934c9e10e3326c1c23572498fa8d55346f0fb6c-2473a5c377d54834-01 outer:exit 2b-b934c9e10e3326c1c23572498fa8d55346f0fb6c-2655bb174009bc74-01
2021-09-18T00:51:17.237Z appoptics:error Can not set lastEvent. Context may be lost.
    2) should trace execute calls in pool
2021-09-18T00:51:17.272Z appoptics:debug span.exit - no last event outer outer:entry 2b-1587289c9b72cbcdc7ab42df6d01d5270a8b214c-ad624f44cf4c74fc-01 outer:exit 2b-1587289c9b72cbcdc7ab42df6d01d5270a8b214c-43cc148204d2a024-01
2021-09-18T00:51:17.272Z appoptics:error Can not set lastEvent. Context may be lost.
    3) should include correct isAutoCommit value


  1 passing (148ms)
  3 failing

  1) probes.oracledb 3.1.1
       should trace execute calls:
     Uncaught AssertionError: expected Object {
  Edge: '84C68BBC75ED88E7',
  Hostname: 'cc40c64cb4f1',
  Label: 'exit',
  Layer: 'outer',
  TID: 701,
  Timestamp_u: 1631926277199171,
  'X-Trace': '2BAD5EC32DF18ECF047EC0699CE7C829F76E8F36015F456808091DDC8E01',
  _V: '1'
} to have property Layer of 'oracle' (got 'outer')
      at Assertion.fail (node_modules/should/lib/assertion.js:92:17)
      at Assertion.value [as property] (node_modules/should/lib/assertion.js:164:19)
      at Object.oracle-entry (test/probes/oracledb.test.js:78:23)
      at /__w/appoptics-apm-node/appoptics-apm-node/test/probes/oracledb.test.js:127:31
      at EventEmitter.onMessage (test/helper.js:170:9)
      at Socket.<anonymous> (test/helper.js:112:13)
      at UDP.onMessage [as onmessage] (dgram.js:628:8)

  2) probes.oracledb 3.1.1
       should trace execute calls in pool:
     Uncaught AssertionError: expected Object {
  Edge: '2473A5C377D54834',
  Hostname: 'cc40c64cb4f1',
  Label: 'exit',
  Layer: 'outer',
  TID: 701,
  Timestamp_u: 1631926277237577,
  'X-Trace': '2BB934C9E10E3326C1C23572498FA8D55346F0FB6C2655BB174009BC7401',
  _V: '1'
} to have property Layer of 'oracle' (got 'outer')
      at Assertion.fail (node_modules/should/lib/assertion.js:92:17)
      at Assertion.value [as property] (node_modules/should/lib/assertion.js:164:19)
      at Object.oracle-entry (test/probes/oracledb.test.js:78:23)
      at /__w/appoptics-apm-node/appoptics-apm-node/test/probes/oracledb.test.js:151:31
      at EventEmitter.onMessage (test/helper.js:170:9)
      at Socket.<anonymous> (test/helper.js:112:13)
      at UDP.onMessage [as onmessage] (dgram.js:628:8)

  3) probes.oracledb 3.1.1
       should include correct isAutoCommit value:
     Uncaught AssertionError: expected Object {
  Edge: 'AD624F44CF4C74FC',
  Hostname: 'cc40c64cb4f1',
  Label: 'exit',
  Layer: 'outer',
  TID: 701,
  Timestamp_u: 1631926277272881,
  'X-Trace': '2B1587289C9B72CBCDC7AB42DF6D01D5270A8B214C43CC148204D2A02401',
  _V: '1'
} to have property Layer of 'oracle' (got 'outer')
      at Assertion.fail (node_modules/should/lib/assertion.js:92:17)
      at Assertion.value [as property] (node_modules/should/lib/assertion.js:164:19)
      at Object.oracle-entry (test/probes/oracledb.test.js:78:23)
      at /__w/appoptics-apm-node/appoptics-apm-node/test/probes/oracledb.test.js:190:31
      at EventEmitter.onMessage (test/helper.js:170:9)
      at Socket.<anonymous> (test/helper.js:112:13)
      at UDP.onMessage [as onmessage] (dgram.js:628:8)



npm WARN deprecated oracledb@3.1.2: Update to node-oracledb 5

> oracledb@3.1.2 install /__w/appoptics-apm-node/appoptics-apm-node/node_modules/oracledb
> node package/install.js

oracledb ********************************************************************************
oracledb ** Node-oracledb 3.1.2 installed for Node.js 10.24.1 (linux, x64)
oracledb **
oracledb ** To use node-oracledb:
oracledb ** - Oracle Client libraries (64-bit) must be configured with ldconfig or LD_LIBRARY_PATH
oracledb ** - To get libraries, install an Instant Client Basic or Basic Light package from
oracledb **   https://www.oracle.com/technetwork/topics/linuxx86-64soft-092277.html
oracledb **
oracledb ** Installation instructions: https://oracle.github.io/node-oracledb/INSTALL.html
oracledb ********************************************************************************

npm WARN optional SKIPPING OPTIONAL DEPENDENCY: fsevents@~2.3.1 (node_modules/chokidar/node_modules/fsevents):
npm WARN notsup SKIPPING OPTIONAL DEPENDENCY: Unsupported platform for fsevents@2.3.2: wanted {"os":"darwin","arch":"any"} (current: {"os":"linux","arch":"x64"})

+ oracledb@3.1.2
updated 1 package and audited 1094 packages in 5.877s

72 packages are looking for funding
  run `npm fund` for details

found 23 vulnerabilities (5 low, 4 moderate, 12 high, 2 critical)
  run `npm audit fix` to fix them, or `npm audit` for details
2021-09-18T00:51:24.493Z appoptics:debug read config from /__w/appoptics-apm-node/appoptics-apm-node/appoptics-apm-config
2021-09-18T00:51:24.495Z appoptics:debug guc ignoring APPOPTICS_LOG_SETTINGS
2021-09-18T00:51:24.495Z appoptics:debug serviceKey dIOz...wWK0:ao-node-test
2021-09-18T00:51:24.495Z appoptics:debug using context provider: ace-context
2021-09-18T00:51:24.560Z appoptics:debug apm 10.0.2-prerelease.0, bindings 11.0.1-prerelease.0, oboe 10.1.1
2021-09-18T00:51:24.608Z appoptics:patching patched crypto 
2021-09-18T00:51:24.637Z appoptics:patching patched https 
2021-09-18T00:51:24.637Z appoptics:patching patched http 
2021-09-18T00:51:24.667Z appoptics:patching patched oracledb 3.1.2
2021-09-18T00:51:24.672Z appoptics:debug starting runtimeMetrics


  probes.oracledb 3.1.2
    âœ“ UDP might lose a message
2021-09-18T00:51:24.817Z appoptics:debug asking helper to execute test_basic
2021-09-18T00:51:24.817Z appoptics:debug test_basic being executed
2021-09-18T00:51:24.825Z appoptics:debug done with test_basic oracledb.getConnection
2021-09-18T00:51:24.863Z appoptics:debug test_basic query callback invoked
2021-09-18T00:51:24.865Z appoptics:debug span.exit - no last event outer outer:entry 2b-57a696a5f0e608b556ee0263f5cf893baae44302-8fa247f06c6d4347-01 outer:exit 2b-57a696a5f0e608b556ee0263f5cf893baae44302-5195b2f3de32d497-01
2021-09-18T00:51:24.865Z appoptics:error Can not set lastEvent. Context may be lost.
    1) should trace execute calls
2021-09-18T00:51:24.904Z appoptics:debug span.exit - no last event outer outer:entry 2b-57a79a00b9baef5bdb98901dbc180a831d2c3ec2-f68bbe50dc218a79-01 outer:exit 2b-57a79a00b9baef5bdb98901dbc180a831d2c3ec2-811488688e0a06dc-01
2021-09-18T00:51:24.904Z appoptics:error Can not set lastEvent. Context may be lost.
    2) should trace execute calls in pool
2021-09-18T00:51:24.942Z appoptics:debug span.exit - no last event outer outer:entry 2b-f2baf170150ead4bef2533c402af2b6367663a81-c9754895647440b9-01 outer:exit 2b-f2baf170150ead4bef2533c402af2b6367663a81-5ac2002ab2bd4b72-01
2021-09-18T00:51:24.942Z appoptics:error Can not set lastEvent. Context may be lost.
    3) should include correct isAutoCommit value


  1 passing (147ms)
  3 failing

  1) probes.oracledb 3.1.2
       should trace execute calls:
     Uncaught AssertionError: expected Object {
  Edge: '8FA247F06C6D4347',
  Hostname: 'cc40c64cb4f1',
  Label: 'exit',
  Layer: 'outer',
  TID: 733,
  Timestamp_u: 1631926284865504,
  'X-Trace': '2B57A696A5F0E608B556EE0263F5CF893BAAE443025195B2F3DE32D49701',
  _V: '1'
} to have property Layer of 'oracle' (got 'outer')
      at Assertion.fail (node_modules/should/lib/assertion.js:92:17)
      at Assertion.value [as property] (node_modules/should/lib/assertion.js:164:19)
      at Object.oracle-entry (test/probes/oracledb.test.js:78:23)
      at /__w/appoptics-apm-node/appoptics-apm-node/test/probes/oracledb.test.js:127:31
      at EventEmitter.onMessage (test/helper.js:170:9)
      at Socket.<anonymous> (test/helper.js:112:13)
      at UDP.onMessage [as onmessage] (dgram.js:628:8)

  2) probes.oracledb 3.1.2
       should trace execute calls in pool:
     Uncaught AssertionError: expected Object {
  Edge: 'F68BBE50DC218A79',
  Hostname: 'cc40c64cb4f1',
  Label: 'exit',
  Layer: 'outer',
  TID: 733,
  Timestamp_u: 1631926284904700,
  'X-Trace': '2B57A79A00B9BAEF5BDB98901DBC180A831D2C3EC2811488688E0A06DC01',
  _V: '1'
} to have property Layer of 'oracle' (got 'outer')
      at Assertion.fail (node_modules/should/lib/assertion.js:92:17)
      at Assertion.value [as property] (node_modules/should/lib/assertion.js:164:19)
      at Object.oracle-entry (test/probes/oracledb.test.js:78:23)
      at /__w/appoptics-apm-node/appoptics-apm-node/test/probes/oracledb.test.js:151:31
      at EventEmitter.onMessage (test/helper.js:170:9)
      at Socket.<anonymous> (test/helper.js:112:13)
      at UDP.onMessage [as onmessage] (dgram.js:628:8)

  3) probes.oracledb 3.1.2
       should include correct isAutoCommit value:
     Uncaught AssertionError: expected Object {
  Edge: 'C9754895647440B9',
  Hostname: 'cc40c64cb4f1',
  Label: 'exit',
  Layer: 'outer',
  TID: 733,
  Timestamp_u: 1631926284942277,
  'X-Trace': '2BF2BAF170150EAD4BEF2533C402AF2B6367663A815AC2002AB2BD4B7201',
  _V: '1'
} to have property Layer of 'oracle' (got 'outer')
      at Assertion.fail (node_modules/should/lib/assertion.js:92:17)
      at Assertion.value [as property] (node_modules/should/lib/assertion.js:164:19)
      at Object.oracle-entry (test/probes/oracledb.test.js:78:23)
      at /__w/appoptics-apm-node/appoptics-apm-node/test/probes/oracledb.test.js:190:31
      at EventEmitter.onMessage (test/helper.js:170:9)
      at Socket.<anonymous> (test/helper.js:112:13)
      at UDP.onMessage [as onmessage] (dgram.js:628:8)




> oracledb@4.0.0 install /__w/appoptics-apm-node/appoptics-apm-node/node_modules/oracledb
> node package/install.js

oracledb ********************************************************************************
oracledb ** Node-oracledb 4.0.0 installed for Node.js 10.24.1 (linux, x64)
oracledb **
oracledb ** To use node-oracledb:
oracledb ** - Oracle Client libraries (64-bit) must be configured with ldconfig or LD_LIBRARY_PATH
oracledb ** - To get libraries, install an Instant Client Basic or Basic Light package from
oracledb **   https://www.oracle.com/technetwork/topics/linuxx86-64soft-092277.html
oracledb **
oracledb ** Installation instructions: https://oracle.github.io/node-oracledb/INSTALL.html
oracledb ********************************************************************************

npm WARN optional SKIPPING OPTIONAL DEPENDENCY: fsevents@~2.3.1 (node_modules/chokidar/node_modules/fsevents):
npm WARN notsup SKIPPING OPTIONAL DEPENDENCY: Unsupported platform for fsevents@2.3.2: wanted {"os":"darwin","arch":"any"} (current: {"os":"linux","arch":"x64"})

+ oracledb@4.0.0
updated 1 package and audited 1094 packages in 5.006s

72 packages are looking for funding
  run `npm fund` for details

found 23 vulnerabilities (5 low, 4 moderate, 12 high, 2 critical)
  run `npm audit fix` to fix them, or `npm audit` for details
2021-09-18T00:51:31.186Z appoptics:debug read config from /__w/appoptics-apm-node/appoptics-apm-node/appoptics-apm-config
2021-09-18T00:51:31.188Z appoptics:debug guc ignoring APPOPTICS_LOG_SETTINGS
2021-09-18T00:51:31.188Z appoptics:debug serviceKey dIOz...wWK0:ao-node-test
2021-09-18T00:51:31.188Z appoptics:debug using context provider: ace-context
2021-09-18T00:51:31.276Z appoptics:debug apm 10.0.2-prerelease.0, bindings 11.0.1-prerelease.0, oboe 10.1.1
2021-09-18T00:51:31.376Z appoptics:patching patched crypto 
2021-09-18T00:51:31.408Z appoptics:patching patched https 
2021-09-18T00:51:31.408Z appoptics:patching patched http 
2021-09-18T00:51:31.460Z appoptics:patching patched oracledb 4.0.0
2021-09-18T00:51:31.465Z appoptics:debug starting runtimeMetrics


  probes.oracledb 4.0.0
    âœ“ UDP might lose a message
2021-09-18T00:51:31.628Z appoptics:debug asking helper to execute test_basic
2021-09-18T00:51:31.628Z appoptics:debug test_basic being executed
2021-09-18T00:51:31.629Z appoptics:debug oracledb wrapping getConnection
2021-09-18T00:51:31.637Z appoptics:debug done with test_basic oracledb.getConnection
2021-09-18T00:51:31.677Z appoptics:debug test_basic query callback invoked
    âœ“ should trace execute calls (54ms)
2021-09-18T00:51:31.685Z appoptics:debug ORACLEDB wrapping createPool
2021-09-18T00:51:31.687Z appoptics:debug oracledb wrapping getConnection
2021-09-18T00:51:31.722Z appoptics:debug connection.execute() seems to be patched
2021-09-18T00:51:31.722Z appoptics:debug connection.commit() seems to be patched
2021-09-18T00:51:31.722Z appoptics:debug connection.rollback() seems to be patched
2021-09-18T00:51:31.722Z appoptics:debug connection.break() seems to be patched
2021-09-18T00:51:31.722Z appoptics:debug connection.release seems to be patched
    âœ“ should trace execute calls in pool (40ms)
2021-09-18T00:51:31.725Z appoptics:debug oracledb wrapping getConnection
2021-09-18T00:51:31.761Z appoptics:debug connection.execute() seems to be patched
2021-09-18T00:51:31.761Z appoptics:debug connection.commit() seems to be patched
2021-09-18T00:51:31.761Z appoptics:debug connection.rollback() seems to be patched
2021-09-18T00:51:31.761Z appoptics:debug connection.break() seems to be patched
2021-09-18T00:51:31.761Z appoptics:debug connection.release seems to be patched
    âœ“ should include correct isAutoCommit value (41ms)


  4 passing (160ms)


> oracledb@4.0.1 install /__w/appoptics-apm-node/appoptics-apm-node/node_modules/oracledb
> node package/install.js

oracledb ********************************************************************************
oracledb ** Node-oracledb 4.0.1 installed for Node.js 10.24.1 (linux, x64)
oracledb **
oracledb ** To use node-oracledb:
oracledb ** - Oracle Client libraries (64-bit) must be configured with ldconfig or LD_LIBRARY_PATH
oracledb ** - To get libraries, install an Instant Client Basic or Basic Light package from
oracledb **   https://www.oracle.com/technetwork/topics/linuxx86-64soft-092277.html
oracledb **
oracledb ** Installation instructions: https://oracle.github.io/node-oracledb/INSTALL.html
oracledb ********************************************************************************

npm WARN optional SKIPPING OPTIONAL DEPENDENCY: fsevents@~2.3.1 (node_modules/chokidar/node_modules/fsevents):
npm WARN notsup SKIPPING OPTIONAL DEPENDENCY: Unsupported platform for fsevents@2.3.2: wanted {"os":"darwin","arch":"any"} (current: {"os":"linux","arch":"x64"})

+ oracledb@4.0.1
updated 1 package and audited 1094 packages in 5.871s

72 packages are looking for funding
  run `npm fund` for details

found 23 vulnerabilities (5 low, 4 moderate, 12 high, 2 critical)
  run `npm audit fix` to fix them, or `npm audit` for details
2021-09-18T00:51:38.849Z appoptics:debug read config from /__w/appoptics-apm-node/appoptics-apm-node/appoptics-apm-config
2021-09-18T00:51:38.850Z appoptics:debug guc ignoring APPOPTICS_LOG_SETTINGS
2021-09-18T00:51:38.850Z appoptics:debug serviceKey dIOz...wWK0:ao-node-test
2021-09-18T00:51:38.851Z appoptics:debug using context provider: ace-context
2021-09-18T00:51:38.916Z appoptics:debug apm 10.0.2-prerelease.0, bindings 11.0.1-prerelease.0, oboe 10.1.1
2021-09-18T00:51:38.964Z appoptics:patching patched crypto 
2021-09-18T00:51:38.992Z appoptics:patching patched https 
2021-09-18T00:51:38.992Z appoptics:patching patched http 
2021-09-18T00:51:39.026Z appoptics:patching patched oracledb 4.0.1
2021-09-18T00:51:39.031Z appoptics:debug starting runtimeMetrics


  probes.oracledb 4.0.1
    âœ“ UDP might lose a message
2021-09-18T00:51:39.183Z appoptics:debug asking helper to execute test_basic
2021-09-18T00:51:39.184Z appoptics:debug test_basic being executed
2021-09-18T00:51:39.184Z appoptics:debug oracledb wrapping getConnection
2021-09-18T00:51:39.192Z appoptics:debug done with test_basic oracledb.getConnection
2021-09-18T00:51:39.236Z appoptics:debug test_basic query callback invoked
    âœ“ should trace execute calls (58ms)
2021-09-18T00:51:39.243Z appoptics:debug ORACLEDB wrapping createPool
2021-09-18T00:51:39.245Z appoptics:debug oracledb wrapping getConnection
2021-09-18T00:51:39.278Z appoptics:debug connection.execute() seems to be patched
2021-09-18T00:51:39.278Z appoptics:debug connection.commit() seems to be patched
2021-09-18T00:51:39.278Z appoptics:debug connection.rollback() seems to be patched
2021-09-18T00:51:39.278Z appoptics:debug connection.break() seems to be patched
2021-09-18T00:51:39.278Z appoptics:debug connection.release seems to be patched
    âœ“ should trace execute calls in pool
2021-09-18T00:51:39.281Z appoptics:debug oracledb wrapping getConnection
2021-09-18T00:51:39.313Z appoptics:debug connection.execute() seems to be patched
2021-09-18T00:51:39.313Z appoptics:debug connection.commit() seems to be patched
2021-09-18T00:51:39.313Z appoptics:debug connection.rollback() seems to be patched
2021-09-18T00:51:39.313Z appoptics:debug connection.break() seems to be patched
2021-09-18T00:51:39.313Z appoptics:debug connection.release seems to be patched
    âœ“ should include correct isAutoCommit value


  4 passing (157ms)


> oracledb@4.1.0 install /__w/appoptics-apm-node/appoptics-apm-node/node_modules/oracledb
> node package/install.js

oracledb ********************************************************************************
oracledb ** Node-oracledb 4.1.0 installed for Node.js 10.24.1 (linux, x64)
oracledb **
oracledb ** To use node-oracledb:
oracledb ** - Oracle Client libraries (64-bit) must be configured with ldconfig or LD_LIBRARY_PATH
oracledb ** - To get libraries, install an Instant Client Basic or Basic Light package from
oracledb **   https://www.oracle.com/technetwork/topics/linuxx86-64soft-092277.html
oracledb **
oracledb ** Installation instructions: https://oracle.github.io/node-oracledb/INSTALL.html
oracledb ********************************************************************************

npm WARN optional SKIPPING OPTIONAL DEPENDENCY: fsevents@~2.3.1 (node_modules/chokidar/node_modules/fsevents):
npm WARN notsup SKIPPING OPTIONAL DEPENDENCY: Unsupported platform for fsevents@2.3.2: wanted {"os":"darwin","arch":"any"} (current: {"os":"linux","arch":"x64"})

+ oracledb@4.1.0
updated 1 package and audited 1094 packages in 5.353s

72 packages are looking for funding
  run `npm fund` for details

found 23 vulnerabilities (5 low, 4 moderate, 12 high, 2 critical)
  run `npm audit fix` to fix them, or `npm audit` for details
2021-09-18T00:51:45.861Z appoptics:debug read config from /__w/appoptics-apm-node/appoptics-apm-node/appoptics-apm-config
2021-09-18T00:51:45.863Z appoptics:debug guc ignoring APPOPTICS_LOG_SETTINGS
2021-09-18T00:51:45.863Z appoptics:debug serviceKey dIOz...wWK0:ao-node-test
2021-09-18T00:51:45.863Z appoptics:debug using context provider: ace-context
2021-09-18T00:51:45.930Z appoptics:debug apm 10.0.2-prerelease.0, bindings 11.0.1-prerelease.0, oboe 10.1.1
2021-09-18T00:51:45.978Z appoptics:patching patched crypto 
2021-09-18T00:51:46.006Z appoptics:patching patched https 
2021-09-18T00:51:46.006Z appoptics:patching patched http 
2021-09-18T00:51:46.042Z appoptics:patching patched oracledb 4.1.0
2021-09-18T00:51:46.047Z appoptics:debug starting runtimeMetrics


  probes.oracledb 4.1.0
    âœ“ UDP might lose a message
2021-09-18T00:51:46.217Z appoptics:debug asking helper to execute test_basic
2021-09-18T00:51:46.218Z appoptics:debug test_basic being executed
2021-09-18T00:51:46.219Z appoptics:debug oracledb wrapping getConnection
2021-09-18T00:51:46.227Z appoptics:debug done with test_basic oracledb.getConnection
2021-09-18T00:51:46.267Z appoptics:debug test_basic query callback invoked
    âœ“ should trace execute calls (55ms)
2021-09-18T00:51:46.274Z appoptics:debug ORACLEDB wrapping createPool
2021-09-18T00:51:46.277Z appoptics:debug oracledb wrapping getConnection
2021-09-18T00:51:46.313Z appoptics:debug connection.execute() seems to be patched
2021-09-18T00:51:46.313Z appoptics:debug connection.commit() seems to be patched
2021-09-18T00:51:46.313Z appoptics:debug connection.rollback() seems to be patched
2021-09-18T00:51:46.313Z appoptics:debug connection.break() seems to be patched
2021-09-18T00:51:46.313Z appoptics:debug connection.release seems to be patched
    âœ“ should trace execute calls in pool (41ms)
2021-09-18T00:51:46.316Z appoptics:debug oracledb wrapping getConnection
2021-09-18T00:51:46.354Z appoptics:debug connection.execute() seems to be patched
2021-09-18T00:51:46.354Z appoptics:debug connection.commit() seems to be patched
2021-09-18T00:51:46.354Z appoptics:debug connection.rollback() seems to be patched
2021-09-18T00:51:46.354Z appoptics:debug connection.break() seems to be patched
2021-09-18T00:51:46.354Z appoptics:debug connection.release seems to be patched
    âœ“ should include correct isAutoCommit value (43ms)


  4 passing (166ms)


> oracledb@4.2.0 install /__w/appoptics-apm-node/appoptics-apm-node/node_modules/oracledb
> node package/install.js

oracledb ********************************************************************************
oracledb ** Node-oracledb 4.2.0 installed for Node.js 10.24.1 (linux, x64)
oracledb **
oracledb ** To use node-oracledb:
oracledb ** - Oracle Client libraries (64-bit) must be configured with ldconfig or LD_LIBRARY_PATH
oracledb ** - To get libraries, install an Instant Client Basic or Basic Light package from
oracledb **   https://www.oracle.com/database/technologies/instant-client/linux-x86-64-downloads.html
oracledb **
oracledb ** Installation instructions: https://oracle.github.io/node-oracledb/INSTALL.html
oracledb ********************************************************************************

npm WARN optional SKIPPING OPTIONAL DEPENDENCY: fsevents@~2.3.1 (node_modules/chokidar/node_modules/fsevents):
npm WARN notsup SKIPPING OPTIONAL DEPENDENCY: Unsupported platform for fsevents@2.3.2: wanted {"os":"darwin","arch":"any"} (current: {"os":"linux","arch":"x64"})

+ oracledb@4.2.0
updated 1 package and audited 1094 packages in 5.999s

72 packages are looking for funding
  run `npm fund` for details

found 23 vulnerabilities (5 low, 4 moderate, 12 high, 2 critical)
  run `npm audit fix` to fix them, or `npm audit` for details
2021-09-18T00:51:53.608Z appoptics:debug read config from /__w/appoptics-apm-node/appoptics-apm-node/appoptics-apm-config
2021-09-18T00:51:53.609Z appoptics:debug guc ignoring APPOPTICS_LOG_SETTINGS
2021-09-18T00:51:53.609Z appoptics:debug serviceKey dIOz...wWK0:ao-node-test
2021-09-18T00:51:53.610Z appoptics:debug using context provider: ace-context
2021-09-18T00:51:53.679Z appoptics:debug apm 10.0.2-prerelease.0, bindings 11.0.1-prerelease.0, oboe 10.1.1
2021-09-18T00:51:53.728Z appoptics:patching patched crypto 
2021-09-18T00:51:53.758Z appoptics:patching patched https 
2021-09-18T00:51:53.758Z appoptics:patching patched http 
2021-09-18T00:51:53.795Z appoptics:patching patched oracledb 4.2.0
2021-09-18T00:51:53.805Z appoptics:debug starting runtimeMetrics


  probes.oracledb 4.2.0
    âœ“ UDP might lose a message
2021-09-18T00:51:53.938Z appoptics:debug asking helper to execute test_basic
2021-09-18T00:51:53.938Z appoptics:debug test_basic being executed
2021-09-18T00:51:53.938Z appoptics:debug oracledb wrapping getConnection
2021-09-18T00:51:53.946Z appoptics:debug done with test_basic oracledb.getConnection
2021-09-18T00:51:53.985Z appoptics:debug test_basic query callback invoked
    âœ“ should trace execute calls (51ms)
2021-09-18T00:51:53.995Z appoptics:debug ORACLEDB wrapping createPool
2021-09-18T00:51:53.997Z appoptics:debug oracledb wrapping getConnection
2021-09-18T00:51:54.033Z appoptics:debug connection.execute() seems to be patched
2021-09-18T00:51:54.033Z appoptics:debug connection.commit() seems to be patched
2021-09-18T00:51:54.033Z appoptics:debug connection.rollback() seems to be patched
2021-09-18T00:51:54.033Z appoptics:debug connection.break() seems to be patched
2021-09-18T00:51:54.033Z appoptics:debug connection.release seems to be patched
    âœ“ should trace execute calls in pool (42ms)
2021-09-18T00:51:54.037Z appoptics:debug oracledb wrapping getConnection
2021-09-18T00:51:54.086Z appoptics:debug connection.execute() seems to be patched
2021-09-18T00:51:54.086Z appoptics:debug connection.commit() seems to be patched
2021-09-18T00:51:54.086Z appoptics:debug connection.rollback() seems to be patched
2021-09-18T00:51:54.086Z appoptics:debug connection.break() seems to be patched
2021-09-18T00:51:54.087Z appoptics:debug connection.release seems to be patched
    âœ“ should include correct isAutoCommit value (55ms)


  4 passing (175ms)


> oracledb@5.0.0 install /__w/appoptics-apm-node/appoptics-apm-node/node_modules/oracledb
> node package/install.js

oracledb ********************************************************************************
oracledb ** Node-oracledb 5.0.0 installed for Node.js 10.24.1 (linux, x64)
oracledb **
oracledb ** To use node-oracledb:
oracledb ** - Oracle Client libraries (64-bit) must be available.
oracledb ** - Follow the installation instructions:
oracledb **   https://oracle.github.io/node-oracledb/INSTALL.html#linuxinstall
oracledb ********************************************************************************

npm WARN optional SKIPPING OPTIONAL DEPENDENCY: fsevents@~2.3.1 (node_modules/chokidar/node_modules/fsevents):
npm WARN notsup SKIPPING OPTIONAL DEPENDENCY: Unsupported platform for fsevents@2.3.2: wanted {"os":"darwin","arch":"any"} (current: {"os":"linux","arch":"x64"})

+ oracledb@5.0.0
updated 1 package and audited 1094 packages in 5.346s

72 packages are looking for funding
  run `npm fund` for details

found 23 vulnerabilities (5 low, 4 moderate, 12 high, 2 critical)
  run `npm audit fix` to fix them, or `npm audit` for details
2021-09-18T00:52:00.911Z appoptics:debug read config from /__w/appoptics-apm-node/appoptics-apm-node/appoptics-apm-config
2021-09-18T00:52:00.912Z appoptics:debug guc ignoring APPOPTICS_LOG_SETTINGS
2021-09-18T00:52:00.913Z appoptics:debug serviceKey dIOz...wWK0:ao-node-test
2021-09-18T00:52:00.913Z appoptics:debug using context provider: ace-context
2021-09-18T00:52:01.014Z appoptics:debug apm 10.0.2-prerelease.0, bindings 11.0.1-prerelease.0, oboe 10.1.1
2021-09-18T00:52:01.125Z appoptics:patching patched crypto 
2021-09-18T00:52:01.161Z appoptics:patching patched https 
2021-09-18T00:52:01.161Z appoptics:patching patched http 
2021-09-18T00:52:01.212Z appoptics:patching patched oracledb 5.0.0
2021-09-18T00:52:01.219Z appoptics:debug starting runtimeMetrics


  probes.oracledb 5.0.0
    âœ“ UDP might lose a message
2021-09-18T00:52:01.393Z appoptics:debug asking helper to execute test_basic
2021-09-18T00:52:01.394Z appoptics:debug test_basic being executed
2021-09-18T00:52:01.394Z appoptics:debug oracledb wrapping getConnection
2021-09-18T00:52:01.406Z appoptics:debug done with test_basic oracledb.getConnection
2021-09-18T00:52:01.445Z appoptics:debug test_basic query callback invoked
    âœ“ should trace execute calls (56ms)
2021-09-18T00:52:01.451Z appoptics:debug ORACLEDB wrapping createPool
2021-09-18T00:52:01.453Z appoptics:debug oracledb wrapping getConnection
2021-09-18T00:52:01.484Z appoptics:debug connection.execute() seems to be patched
2021-09-18T00:52:01.484Z appoptics:debug connection.commit() seems to be patched
2021-09-18T00:52:01.484Z appoptics:debug connection.rollback() seems to be patched
2021-09-18T00:52:01.484Z appoptics:debug connection.break() seems to be patched
2021-09-18T00:52:01.484Z appoptics:debug connection.release seems to be patched
    âœ“ should trace execute calls in pool
2021-09-18T00:52:01.487Z appoptics:debug oracledb wrapping getConnection
2021-09-18T00:52:01.517Z appoptics:debug connection.execute() seems to be patched
2021-09-18T00:52:01.517Z appoptics:debug connection.commit() seems to be patched
2021-09-18T00:52:01.517Z appoptics:debug connection.rollback() seems to be patched
2021-09-18T00:52:01.517Z appoptics:debug connection.break() seems to be patched
2021-09-18T00:52:01.517Z appoptics:debug connection.release seems to be patched
    âœ“ should include correct isAutoCommit value


  4 passing (154ms)


> oracledb@5.1.0 install /__w/appoptics-apm-node/appoptics-apm-node/node_modules/oracledb
> node package/install.js

oracledb ********************************************************************************
oracledb ** Node-oracledb 5.1.0 installed for Node.js 10.24.1 (linux, x64)
oracledb **
oracledb ** To use node-oracledb:
oracledb ** - Oracle Client libraries (64-bit) must be available.
oracledb ** - Follow the installation instructions:
oracledb **   https://oracle.github.io/node-oracledb/INSTALL.html#linuxinstall
oracledb ********************************************************************************

npm WARN optional SKIPPING OPTIONAL DEPENDENCY: fsevents@~2.3.1 (node_modules/chokidar/node_modules/fsevents):
npm WARN notsup SKIPPING OPTIONAL DEPENDENCY: Unsupported platform for fsevents@2.3.2: wanted {"os":"darwin","arch":"any"} (current: {"os":"linux","arch":"x64"})

+ oracledb@5.1.0
updated 1 package and audited 1094 packages in 5.13s

72 packages are looking for funding
  run `npm fund` for details

found 23 vulnerabilities (5 low, 4 moderate, 12 high, 2 critical)
  run `npm audit fix` to fix them, or `npm audit` for details
2021-09-18T00:52:07.908Z appoptics:debug read config from /__w/appoptics-apm-node/appoptics-apm-node/appoptics-apm-config
2021-09-18T00:52:07.909Z appoptics:debug guc ignoring APPOPTICS_LOG_SETTINGS
2021-09-18T00:52:07.910Z appoptics:debug serviceKey dIOz...wWK0:ao-node-test
2021-09-18T00:52:07.910Z appoptics:debug using context provider: ace-context
2021-09-18T00:52:07.978Z appoptics:debug apm 10.0.2-prerelease.0, bindings 11.0.1-prerelease.0, oboe 10.1.1
2021-09-18T00:52:08.026Z appoptics:patching patched crypto 
2021-09-18T00:52:08.055Z appoptics:patching patched https 
2021-09-18T00:52:08.055Z appoptics:patching patched http 
2021-09-18T00:52:08.089Z appoptics:patching patched oracledb 5.1.0
2021-09-18T00:52:08.094Z appoptics:debug starting runtimeMetrics


  probes.oracledb 5.1.0
    âœ“ UDP might lose a message
2021-09-18T00:52:08.239Z appoptics:debug asking helper to execute test_basic
2021-09-18T00:52:08.239Z appoptics:debug test_basic being executed
2021-09-18T00:52:08.239Z appoptics:debug oracledb wrapping getConnection
2021-09-18T00:52:08.248Z appoptics:debug done with test_basic oracledb.getConnection
2021-09-18T00:52:08.286Z appoptics:debug test_basic query callback invoked
    âœ“ should trace execute calls (51ms)
2021-09-18T00:52:08.293Z appoptics:debug ORACLEDB wrapping createPool
2021-09-18T00:52:08.295Z appoptics:debug oracledb wrapping getConnection
2021-09-18T00:52:08.325Z appoptics:debug connection.execute() seems to be patched
2021-09-18T00:52:08.325Z appoptics:debug connection.commit() seems to be patched
2021-09-18T00:52:08.326Z appoptics:debug connection.rollback() seems to be patched
2021-09-18T00:52:08.326Z appoptics:debug connection.break() seems to be patched
2021-09-18T00:52:08.326Z appoptics:debug connection.release seems to be patched
    âœ“ should trace execute calls in pool
2021-09-18T00:52:08.329Z appoptics:debug oracledb wrapping getConnection
2021-09-18T00:52:08.361Z appoptics:debug connection.execute() seems to be patched
2021-09-18T00:52:08.361Z appoptics:debug connection.commit() seems to be patched
2021-09-18T00:52:08.361Z appoptics:debug connection.rollback() seems to be patched
2021-09-18T00:52:08.361Z appoptics:debug connection.break() seems to be patched
2021-09-18T00:52:08.361Z appoptics:debug connection.release seems to be patched
    âœ“ should include correct isAutoCommit value


  4 passing (147ms)


> oracledb@5.2.0 install /__w/appoptics-apm-node/appoptics-apm-node/node_modules/oracledb
> node package/install.js

oracledb ********************************************************************************
oracledb ** Node-oracledb 5.2.0 installed in Node.js 10.24.1 (linux, x64)
oracledb **
oracledb ** To use node-oracledb:
oracledb ** - Oracle Client libraries (64-bit) must be available.
oracledb ** - Follow the installation instructions:
oracledb **   https://oracle.github.io/node-oracledb/INSTALL.html#linuxinstall
oracledb ********************************************************************************

npm WARN optional SKIPPING OPTIONAL DEPENDENCY: fsevents@~2.3.1 (node_modules/chokidar/node_modules/fsevents):
npm WARN notsup SKIPPING OPTIONAL DEPENDENCY: Unsupported platform for fsevents@2.3.2: wanted {"os":"darwin","arch":"any"} (current: {"os":"linux","arch":"x64"})

+ oracledb@5.2.0
updated 1 package and audited 1094 packages in 5.839s

72 packages are looking for funding
  run `npm fund` for details

found 23 vulnerabilities (5 low, 4 moderate, 12 high, 2 critical)
  run `npm audit fix` to fix them, or `npm audit` for details
2021-09-18T00:52:15.358Z appoptics:debug read config from /__w/appoptics-apm-node/appoptics-apm-node/appoptics-apm-config
2021-09-18T00:52:15.359Z appoptics:debug guc ignoring APPOPTICS_LOG_SETTINGS
2021-09-18T00:52:15.359Z appoptics:debug serviceKey dIOz...wWK0:ao-node-test
2021-09-18T00:52:15.360Z appoptics:debug using context provider: ace-context
2021-09-18T00:52:15.425Z appoptics:debug apm 10.0.2-prerelease.0, bindings 11.0.1-prerelease.0, oboe 10.1.1
2021-09-18T00:52:15.471Z appoptics:patching patched crypto 
2021-09-18T00:52:15.499Z appoptics:patching patched https 
2021-09-18T00:52:15.499Z appoptics:patching patched http 
2021-09-18T00:52:15.534Z appoptics:patching patched oracledb 5.2.0
2021-09-18T00:52:15.539Z appoptics:debug starting runtimeMetrics


  probes.oracledb 5.2.0
    âœ“ UDP might lose a message
2021-09-18T00:52:15.684Z appoptics:debug asking helper to execute test_basic
2021-09-18T00:52:15.684Z appoptics:debug test_basic being executed
2021-09-18T00:52:15.684Z appoptics:debug oracledb wrapping getConnection
2021-09-18T00:52:15.692Z appoptics:debug done with test_basic oracledb.getConnection
2021-09-18T00:52:15.727Z appoptics:debug test_basic query callback invoked
    âœ“ should trace execute calls (48ms)
2021-09-18T00:52:15.734Z appoptics:debug ORACLEDB wrapping createPool
2021-09-18T00:52:15.737Z appoptics:debug oracledb wrapping getConnection
2021-09-18T00:52:15.768Z appoptics:debug connection.execute() seems to be patched
2021-09-18T00:52:15.768Z appoptics:debug connection.commit() seems to be patched
2021-09-18T00:52:15.768Z appoptics:debug connection.rollback() seems to be patched
2021-09-18T00:52:15.769Z appoptics:debug connection.break() seems to be patched
2021-09-18T00:52:15.769Z appoptics:debug connection.release seems to be patched
    âœ“ should trace execute calls in pool
2021-09-18T00:52:15.771Z appoptics:debug oracledb wrapping getConnection
2021-09-18T00:52:15.803Z appoptics:debug connection.execute() seems to be patched
2021-09-18T00:52:15.804Z appoptics:debug connection.commit() seems to be patched
2021-09-18T00:52:15.804Z appoptics:debug connection.rollback() seems to be patched
2021-09-18T00:52:15.804Z appoptics:debug connection.break() seems to be patched
2021-09-18T00:52:15.804Z appoptics:debug connection.release seems to be patched
    âœ“ should include correct isAutoCommit value


  4 passing (145ms)


> oracledb@5.2.0 install /__w/appoptics-apm-node/appoptics-apm-node/node_modules/oracledb
> node package/install.js

oracledb ********************************************************************************
oracledb ** Node-oracledb 5.2.0 installed in Node.js 10.24.1 (linux, x64)
oracledb **
oracledb ** To use node-oracledb:
oracledb ** - Oracle Client libraries (64-bit) must be available.
oracledb ** - Follow the installation instructions:
oracledb **   https://oracle.github.io/node-oracledb/INSTALL.html#linuxinstall
oracledb ********************************************************************************

npm WARN optional SKIPPING OPTIONAL DEPENDENCY: fsevents@~2.3.1 (node_modules/chokidar/node_modules/fsevents):
npm WARN notsup SKIPPING OPTIONAL DEPENDENCY: Unsupported platform for fsevents@2.3.2: wanted {"os":"darwin","arch":"any"} (current: {"os":"linux","arch":"x64"})

+ oracledb@5.2.0
updated 1 package and audited 1094 packages in 4.993s

72 packages are looking for funding
  run `npm fund` for details

found 23 vulnerabilities (5 low, 4 moderate, 12 high, 2 critical)
  run `npm audit fix` to fix them, or `npm audit` for details
