npm WARN deprecated oracledb@2.0.14: Update to node-oracledb 5
npm WARN read-shrinkwrap This version of npm is compatible with lockfileVersion@1, but package-lock.json was generated for lockfileVersion@2. I'll try to do my best with it!

> oracledb@2.0.14 install /__w/appoptics-apm-node/appoptics-apm-node/node_modules/oracledb
> node package/oracledbinstall.js

oracledb Beginning installation
oracledb Verifying installation
oracledb Binary not found
oracledb Continuing installation
oracledb [31mERR![0m NJS-054: Binary build/Release/oracledb.node was not installed from oracledb-v2.0.14-node-v64-linux-x64.gz
oracledb [31mERR![0m Error: HTTPS request for https://github.com/oracle/node-oracledb/releases/download/v2.0.14/oracledb-v2.0.14-node-v64-linux-x64.gz failed with code 404
oracledb [31mERR![0m If the error is not network or filesystem related, then review 
oracledb [31mERR![0m the Python 2.7 and compiler prerequisites in the installation instructions and
oracledb [31mERR![0m then install from source code with: npm install oracle/node-oracledb.git#v2.0.14
oracledb [31mERR![0m See https://github.com/oracle/node-oracledb/blob/master/INSTALL.md 

npm WARN optional SKIPPING OPTIONAL DEPENDENCY: fsevents@~2.3.1 (node_modules/chokidar/node_modules/fsevents):
npm WARN notsup SKIPPING OPTIONAL DEPENDENCY: Unsupported platform for fsevents@2.3.2: wanted {"os":"darwin","arch":"any"} (current: {"os":"linux","arch":"x64"})

npm ERR! code ELIFECYCLE
npm ERR! errno 87
npm ERR! oracledb@2.0.14 install: `node package/oracledbinstall.js`
npm ERR! Exit status 87
npm ERR! 
npm ERR! Failed at the oracledb@2.0.14 install script.
npm ERR! This is probably not a problem with npm. There is likely additional logging output above.

npm ERR! A complete log of this run can be found in:
npm ERR!     /github/home/.npm/_logs/2022-04-25T18_38_26_155Z-debug.log
npm WARN deprecated oracledb@2.0.15: Update to node-oracledb 5
npm WARN read-shrinkwrap This version of npm is compatible with lockfileVersion@1, but package-lock.json was generated for lockfileVersion@2. I'll try to do my best with it!

> oracledb@2.0.15 install /__w/appoptics-apm-node/appoptics-apm-node/node_modules/oracledb
> node package/oracledbinstall.js

oracledb Beginning installation
oracledb Verifying installation
oracledb Binary not found
oracledb Continuing installation
oracledb [31mERR![0m NJS-054: Binary build/Release/oracledb.node was not installed from oracledb-v2.0.15-node-v64-linux-x64.gz
oracledb [31mERR![0m Error: HTTPS request for https://github.com/oracle/node-oracledb/releases/download/v2.0.15/oracledb-v2.0.15-node-v64-linux-x64.gz failed with code 404
oracledb [31mERR![0m If the error is not network or filesystem related, then review 
oracledb [31mERR![0m the Python 2.7 and compiler prerequisites in the installation instructions and
oracledb [31mERR![0m then install from source code with: npm install oracle/node-oracledb.git#v2.0.15
oracledb [31mERR![0m See https://github.com/oracle/node-oracledb/blob/master/INSTALL.md 

npm WARN optional SKIPPING OPTIONAL DEPENDENCY: fsevents@~2.3.1 (node_modules/chokidar/node_modules/fsevents):
npm WARN notsup SKIPPING OPTIONAL DEPENDENCY: Unsupported platform for fsevents@2.3.2: wanted {"os":"darwin","arch":"any"} (current: {"os":"linux","arch":"x64"})

npm ERR! code ELIFECYCLE
npm ERR! errno 87
npm ERR! oracledb@2.0.15 install: `node package/oracledbinstall.js`
npm ERR! Exit status 87
npm ERR! 
npm ERR! Failed at the oracledb@2.0.15 install script.
npm ERR! This is probably not a problem with npm. There is likely additional logging output above.

npm ERR! A complete log of this run can be found in:
npm ERR!     /github/home/.npm/_logs/2022-04-25T18_38_32_696Z-debug.log
npm WARN deprecated oracledb@2.1.0: Update to node-oracledb 5
npm WARN read-shrinkwrap This version of npm is compatible with lockfileVersion@1, but package-lock.json was generated for lockfileVersion@2. I'll try to do my best with it!

> oracledb@2.1.0 install /__w/appoptics-apm-node/appoptics-apm-node/node_modules/oracledb
> node package/oracledbinstall.js

oracledb Beginning installation
oracledb Verifying installation
oracledb Binary not found
oracledb Continuing installation
oracledb [31mERR![0m NJS-054: Binary build/Release/oracledb.node was not installed from oracledb-v2.1.0-node-v64-linux-x64.gz
oracledb [31mERR![0m Error: HTTPS request for https://github.com/oracle/node-oracledb/releases/download/v2.1.0/oracledb-v2.1.0-node-v64-linux-x64.gz failed with code 404
oracledb [31mERR![0m If the error is not network or filesystem related, then review 
oracledb [31mERR![0m the Python 2.7 and compiler prerequisites in the installation instructions and
oracledb [31mERR![0m then install from source code with: npm install oracle/node-oracledb.git#v2.1.0
oracledb [31mERR![0m See https://github.com/oracle/node-oracledb/blob/master/INSTALL.md 

npm WARN optional SKIPPING OPTIONAL DEPENDENCY: fsevents@~2.3.1 (node_modules/chokidar/node_modules/fsevents):
npm WARN notsup SKIPPING OPTIONAL DEPENDENCY: Unsupported platform for fsevents@2.3.2: wanted {"os":"darwin","arch":"any"} (current: {"os":"linux","arch":"x64"})

npm ERR! code ELIFECYCLE
npm ERR! errno 87
npm ERR! oracledb@2.1.0 install: `node package/oracledbinstall.js`
npm ERR! Exit status 87
npm ERR! 
npm ERR! Failed at the oracledb@2.1.0 install script.
npm ERR! This is probably not a problem with npm. There is likely additional logging output above.

npm ERR! A complete log of this run can be found in:
npm ERR!     /github/home/.npm/_logs/2022-04-25T18_38_39_107Z-debug.log
npm WARN deprecated oracledb@2.1.1: Update to node-oracledb 5
npm WARN read-shrinkwrap This version of npm is compatible with lockfileVersion@1, but package-lock.json was generated for lockfileVersion@2. I'll try to do my best with it!

> oracledb@2.1.1 install /__w/appoptics-apm-node/appoptics-apm-node/node_modules/oracledb
> node package/oracledbinstall.js

oracledb Beginning installation
oracledb Verifying installation
oracledb Binary not found
oracledb Continuing installation
oracledb [31mERR![0m NJS-054: Binary build/Release/oracledb.node was not installed from oracledb-v2.1.1-node-v64-linux-x64.gz
oracledb [31mERR![0m Error: HTTPS request for https://github.com/oracle/node-oracledb/releases/download/v2.1.1/oracledb-v2.1.1-node-v64-linux-x64.gz failed with code 404
oracledb [31mERR![0m If the error is not network or filesystem related, then review 
oracledb [31mERR![0m the Python 2.7 and compiler prerequisites in the installation instructions and
oracledb [31mERR![0m then install from source code with: npm install oracle/node-oracledb.git#v2.1.1
oracledb [31mERR![0m See https://github.com/oracle/node-oracledb/blob/master/INSTALL.md 

npm WARN optional SKIPPING OPTIONAL DEPENDENCY: fsevents@~2.3.1 (node_modules/chokidar/node_modules/fsevents):
npm WARN notsup SKIPPING OPTIONAL DEPENDENCY: Unsupported platform for fsevents@2.3.2: wanted {"os":"darwin","arch":"any"} (current: {"os":"linux","arch":"x64"})

npm ERR! code ELIFECYCLE
npm ERR! errno 87
npm ERR! oracledb@2.1.1 install: `node package/oracledbinstall.js`
npm ERR! Exit status 87
npm ERR! 
npm ERR! Failed at the oracledb@2.1.1 install script.
npm ERR! This is probably not a problem with npm. There is likely additional logging output above.

npm ERR! A complete log of this run can be found in:
npm ERR!     /github/home/.npm/_logs/2022-04-25T18_38_44_201Z-debug.log
npm WARN deprecated oracledb@2.1.2: Update to node-oracledb 5
npm WARN read-shrinkwrap This version of npm is compatible with lockfileVersion@1, but package-lock.json was generated for lockfileVersion@2. I'll try to do my best with it!

> oracledb@2.1.2 install /__w/appoptics-apm-node/appoptics-apm-node/node_modules/oracledb
> node package/oracledbinstall.js

oracledb Beginning installation
oracledb Verifying installation
oracledb Binary not found
oracledb Continuing installation
oracledb [31mERR![0m NJS-054: Binary build/Release/oracledb.node was not installed from oracledb-v2.1.2-node-v64-linux-x64.gz
oracledb [31mERR![0m Error: HTTPS request for https://github.com/oracle/node-oracledb/releases/download/v2.1.2/oracledb-v2.1.2-node-v64-linux-x64.gz failed with code 404
oracledb [31mERR![0m If the error is not network or filesystem related, then review 
oracledb [31mERR![0m the Python 2.7 and compiler prerequisites in the installation instructions and
oracledb [31mERR![0m then install from source code with: npm install oracle/node-oracledb.git#v2.1.2
oracledb [31mERR![0m See https://github.com/oracle/node-oracledb/blob/master/INSTALL.md 

npm WARN optional SKIPPING OPTIONAL DEPENDENCY: fsevents@~2.3.1 (node_modules/chokidar/node_modules/fsevents):
npm WARN notsup SKIPPING OPTIONAL DEPENDENCY: Unsupported platform for fsevents@2.3.2: wanted {"os":"darwin","arch":"any"} (current: {"os":"linux","arch":"x64"})

npm ERR! code ELIFECYCLE
npm ERR! errno 87
npm ERR! oracledb@2.1.2 install: `node package/oracledbinstall.js`
npm ERR! Exit status 87
npm ERR! 
npm ERR! Failed at the oracledb@2.1.2 install script.
npm ERR! This is probably not a problem with npm. There is likely additional logging output above.

npm ERR! A complete log of this run can be found in:
npm ERR!     /github/home/.npm/_logs/2022-04-25T18_38_49_263Z-debug.log
npm WARN deprecated oracledb@2.2.0: Update to node-oracledb 5
npm WARN read-shrinkwrap This version of npm is compatible with lockfileVersion@1, but package-lock.json was generated for lockfileVersion@2. I'll try to do my best with it!

> oracledb@2.2.0 install /__w/appoptics-apm-node/appoptics-apm-node/node_modules/oracledb
> node package/oracledbinstall.js

oracledb Beginning installation
oracledb Verifying installation
oracledb Continuing installation
oracledb [31mERR![0m NJS-054: Binary build/Release/oracledb.node was not installed.
oracledb [31mERR![0m Pre-built binary packages are not available for this version of Node.js (NODE_MODULE_VERSION="64")
oracledb [31mERR![0m Failed to install binary package oracledb-v2.2.0-node-v64-linux-x64.gz
oracledb [31mERR![0m Error: HTTPS request for https://github.com/oracle/node-oracledb/releases/download/v2.2.0/oracledb-v2.2.0-node-v64-linux-x64.gz failed with code 404
oracledb [31mERR![0m For help see https://oracle.github.io/node-oracledb/INSTALL.html#troubleshooting

npm WARN optional SKIPPING OPTIONAL DEPENDENCY: fsevents@~2.3.1 (node_modules/chokidar/node_modules/fsevents):
npm WARN notsup SKIPPING OPTIONAL DEPENDENCY: Unsupported platform for fsevents@2.3.2: wanted {"os":"darwin","arch":"any"} (current: {"os":"linux","arch":"x64"})

npm ERR! code ELIFECYCLE
npm ERR! errno 87
npm ERR! oracledb@2.2.0 install: `node package/oracledbinstall.js`
npm ERR! Exit status 87
npm ERR! 
npm ERR! Failed at the oracledb@2.2.0 install script.
npm ERR! This is probably not a problem with npm. There is likely additional logging output above.

npm ERR! A complete log of this run can be found in:
npm ERR!     /github/home/.npm/_logs/2022-04-25T18_38_55_024Z-debug.log
npm WARN deprecated oracledb@2.3.0: Update to node-oracledb 5
npm WARN read-shrinkwrap This version of npm is compatible with lockfileVersion@1, but package-lock.json was generated for lockfileVersion@2. I'll try to do my best with it!

> oracledb@2.3.0 install /__w/appoptics-apm-node/appoptics-apm-node/node_modules/oracledb
> node package/oracledbinstall.js

oracledb Beginning installation
oracledb Verifying installation
oracledb Continuing installation
oracledb Oracledb downloaded
oracledb Verifying installation
oracledb Binary SHA matches SHA in SHASUMS256.txt
oracledb 
oracledb ********************************************************************************
oracledb ** Node-oracledb 2.3.0 installation complete for Node.js 10.24.1 (linux, x64)
oracledb **
oracledb ** To use the installed node-oracledb:
oracledb ** - You must have 64-bit Oracle client libraries in LD_LIBRARY_PATH, or configured with ldconfig
oracledb ** - If you do not already have libraries, install the Instant Client Basic or Basic Light package from 
oracledb **   http://www.oracle.com/technetwork/topics/linuxx86-64soft-092277.html
oracledb **
oracledb ** Node-oracledb installation instructions: https://oracle.github.io/node-oracledb/INSTALL.html
oracledb ********************************************************************************

npm WARN optional SKIPPING OPTIONAL DEPENDENCY: fsevents@~2.3.1 (node_modules/chokidar/node_modules/fsevents):
npm WARN notsup SKIPPING OPTIONAL DEPENDENCY: Unsupported platform for fsevents@2.3.2: wanted {"os":"darwin","arch":"any"} (current: {"os":"linux","arch":"x64"})

+ oracledb@2.3.0
added 1 package and audited 935 packages in 5.313s

86 packages are looking for funding
  run `npm fund` for details

found 7 vulnerabilities (2 moderate, 5 high)
  run `npm audit fix` to fix them, or `npm audit` for details
2022-04-25T18:39:01.734Z appoptics:debug read config from /__w/appoptics-apm-node/appoptics-apm-node/appoptics-apm-config
2022-04-25T18:39:01.736Z appoptics:debug guc ignoring APPOPTICS_LOG_SETTINGS
2022-04-25T18:39:01.736Z appoptics:debug serviceKey dIOz...wWK0:node-agent-test
2022-04-25T18:39:01.736Z appoptics:debug using context provider: ace-context
2022-04-25T18:39:01.811Z appoptics:debug apm 10.2.2-ao.0, bindings 11.2.0, oboe 10.2.0
2022-04-25T18:39:02.031Z appoptics:patching patched crypto 
2022-04-25T18:39:02.074Z appoptics:patching patched https 
2022-04-25T18:39:02.074Z appoptics:patching patched http 
2022-04-25T18:39:02.194Z appoptics:patching patched oracledb 2.3.0
2022-04-25T18:39:02.201Z appoptics:debug starting runtimeMetrics


  probes.oracledb 2.3.0
    âœ“ UDP might lose a message
    âœ“ should be configured to sanitize SQL by default
2022-04-25T18:39:02.403Z appoptics:debug span.exit - no last event outer outer:entry 2b-c87f71825f8bd5e795967755e9e9b1531dd35b89-6cd6752e1655408e-01 outer:exit 2b-c87f71825f8bd5e795967755e9e9b1531dd35b89-fc716896e5107bc3-01
2022-04-25T18:39:02.403Z appoptics:error Can not set lastEvent. Context may be lost.
    1) should trace execute calls
2022-04-25T18:39:02.456Z appoptics:debug span.exit - no last event outer outer:entry 2b-33391657f0ef6a98219b9a38ff850f27d52f86ac-a071ebd931871a5f-01 outer:exit 2b-33391657f0ef6a98219b9a38ff850f27d52f86ac-bcd5fc5294c47483-01
2022-04-25T18:39:02.457Z appoptics:error Can not set lastEvent. Context may be lost.
    2) should sanitize query
2022-04-25T18:39:02.660Z appoptics:debug span.exit - no last event outer outer:entry 2b-d491ee43c148d303c6b412aa93805a81b5f52538-12a952595e9c0004-01 outer:exit 2b-d491ee43c148d303c6b412aa93805a81b5f52538-6c4597566d87c71a-01
2022-04-25T18:39:02.661Z appoptics:error Can not set lastEvent. Context may be lost.
    3) should truncate long queries
2022-04-25T18:39:02.738Z appoptics:debug span.exit - no last event outer outer:entry 2b-bbe8f6e3853df5dc2e990c23b3508f2f1668c0b7-3cb8f08f84376a02-01 outer:exit 2b-bbe8f6e3853df5dc2e990c23b3508f2f1668c0b7-35a5ff7f194282c7-01
2022-04-25T18:39:02.738Z appoptics:error Can not set lastEvent. Context may be lost.
    4) should trace execute calls in pool
2022-04-25T18:39:02.801Z appoptics:debug span.exit - no last event outer outer:entry 2b-51933dff31667a5c4debcea8eb386ccbd4d1c2ba-a6964eb03a28ab56-01 outer:exit 2b-51933dff31667a5c4debcea8eb386ccbd4d1c2ba-33d65f2d98d7c787-01
2022-04-25T18:39:02.801Z appoptics:error Can not set lastEvent. Context may be lost.
    5) should include correct isAutoCommit value
2022-04-25T18:39:02.862Z appoptics:debug span.exit - no last event outer outer:entry 2b-2d723f9132256450d843f3ad3591cbc5e92b8260-a0310decefcba6f0-01 outer:exit 2b-2d723f9132256450d843f3ad3591cbc5e92b8260-d94b6490cb688619-01
2022-04-25T18:39:02.862Z appoptics:error Can not set lastEvent. Context may be lost.
    âœ“ should do nothing when disabled (57ms)


  3 passing (657ms)
  5 failing

  1) probes.oracledb 2.3.0
       should trace execute calls:
     Uncaught AssertionError: expected Object {
  Edge: '6CD6752E1655408E',
  Hostname: 'd47a05a25132',
  Label: 'exit',
  Layer: 'outer',
  TID: 629,
  Timestamp_u: 1650911942403940,
  'X-Trace': '2BC87F71825F8BD5E795967755E9E9B1531DD35B89FC716896E5107BC301',
  _V: '1'
} to have property Layer of 'oracle' (got 'outer')
      at Assertion.fail (node_modules/should/lib/assertion.js:92:17)
      at Assertion.value [as property] (node_modules/should/lib/assertion.js:164:19)
      at Object.oracle-entry (test/probes/oracledb.test.js:64:23)
      at /__w/appoptics-apm-node/appoptics-apm-node/test/probes/oracledb.test.js:96:31
      at EventEmitter.onMessage (test/helper.js:170:9)
      at Socket.<anonymous> (test/helper.js:112:13)
      at UDP.onMessage [as onmessage] (dgram.js:628:8)

  2) probes.oracledb 2.3.0
       should sanitize query:
     Uncaught AssertionError: expected Object {
  Edge: 'A071EBD931871A5F',
  Hostname: 'd47a05a25132',
  Label: 'exit',
  Layer: 'outer',
  TID: 629,
  Timestamp_u: 1650911942457182,
  'X-Trace': '2B33391657F0EF6A98219B9A38FF850F27D52F86ACBCD5FC5294C4748301',
  _V: '1'
} to have property Layer of 'oracle' (got 'outer')
      at Assertion.fail (node_modules/should/lib/assertion.js:92:17)
      at Assertion.value [as property] (node_modules/should/lib/assertion.js:164:19)
      at Object.oracle-entry (test/probes/oracledb.test.js:64:23)
      at helper.test.ao.probes.oracledb.sanitizeSql (test/probes/oracledb.test.js:120:31)
      at EventEmitter.onMessage (test/helper.js:170:9)
      at Socket.<anonymous> (test/helper.js:112:13)
      at UDP.onMessage [as onmessage] (dgram.js:628:8)

  3) probes.oracledb 2.3.0
       should truncate long queries:
     Uncaught AssertionError: expected Object {
  Edge: '12A952595E9C0004',
  Hostname: 'd47a05a25132',
  Label: 'exit',
  Layer: 'outer',
  TID: 629,
  Timestamp_u: 1650911942661131,
  'X-Trace': '2BD491EE43C148D303C6B412AA93805A81B5F525386C4597566D87C71A01',
  _V: '1'
} to have property Layer of 'oracle' (got 'outer')
      at Assertion.fail (node_modules/should/lib/assertion.js:92:17)
      at Assertion.value [as property] (node_modules/should/lib/assertion.js:164:19)
      at Object.oracle-entry (test/probes/oracledb.test.js:64:23)
      at /__w/appoptics-apm-node/appoptics-apm-node/test/probes/oracledb.test.js:152:31
      at EventEmitter.onMessage (test/helper.js:170:9)
      at Socket.<anonymous> (test/helper.js:112:13)
      at UDP.onMessage [as onmessage] (dgram.js:628:8)

  4) probes.oracledb 2.3.0
       should trace execute calls in pool:
     Uncaught AssertionError: expected Object {
  Edge: '3CB8F08F84376A02',
  Hostname: 'd47a05a25132',
  Label: 'exit',
  Layer: 'outer',
  TID: 629,
  Timestamp_u: 1650911942738504,
  'X-Trace': '2BBBE8F6E3853DF5DC2E990C23B3508F2F1668C0B735A5FF7F194282C701',
  _V: '1'
} to have property Layer of 'oracle' (got 'outer')
      at Assertion.fail (node_modules/should/lib/assertion.js:92:17)
      at Assertion.value [as property] (node_modules/should/lib/assertion.js:164:19)
      at Object.oracle-entry (test/probes/oracledb.test.js:64:23)
      at /__w/appoptics-apm-node/appoptics-apm-node/test/probes/oracledb.test.js:176:31
      at EventEmitter.onMessage (test/helper.js:170:9)
      at Socket.<anonymous> (test/helper.js:112:13)
      at UDP.onMessage [as onmessage] (dgram.js:628:8)

  5) probes.oracledb 2.3.0
       should include correct isAutoCommit value:
     Uncaught AssertionError: expected Object {
  Edge: 'A6964EB03A28AB56',
  Hostname: 'd47a05a25132',
  Label: 'exit',
  Layer: 'outer',
  TID: 629,
  Timestamp_u: 1650911942801638,
  'X-Trace': '2B51933DFF31667A5C4DEBCEA8EB386CCBD4D1C2BA33D65F2D98D7C78701',
  _V: '1'
} to have property Layer of 'oracle' (got 'outer')
      at Assertion.fail (node_modules/should/lib/assertion.js:92:17)
      at Assertion.value [as property] (node_modules/should/lib/assertion.js:164:19)
      at Object.oracle-entry (test/probes/oracledb.test.js:64:23)
      at /__w/appoptics-apm-node/appoptics-apm-node/test/probes/oracledb.test.js:219:31
      at EventEmitter.onMessage (test/helper.js:170:9)
      at Socket.<anonymous> (test/helper.js:112:13)
      at UDP.onMessage [as onmessage] (dgram.js:628:8)



npm WARN deprecated oracledb@3.0.0: Update to node-oracledb 5
npm WARN read-shrinkwrap This version of npm is compatible with lockfileVersion@1, but package-lock.json was generated for lockfileVersion@2. I'll try to do my best with it!

> oracledb@3.0.0 install /__w/appoptics-apm-node/appoptics-apm-node/node_modules/oracledb
> node package/oracledbinstall.js

oracledb Beginning installation
oracledb Verifying installation
oracledb Continuing installation
oracledb Oracledb downloaded
oracledb Verifying installation
oracledb Binary SHA matches SHA in SHASUMS256.txt
oracledb 
oracledb ********************************************************************************
oracledb ** Node-oracledb 3.0.0 installation complete for Node.js 10.24.1 (linux, x64)
oracledb **
oracledb ** To use the installed node-oracledb:
oracledb ** - You must have 64-bit Oracle client libraries in LD_LIBRARY_PATH, or configured with ldconfig
oracledb ** - If you do not already have libraries, install the Instant Client Basic or Basic Light package from 
oracledb **   http://www.oracle.com/technetwork/topics/linuxx86-64soft-092277.html
oracledb **
oracledb ** Node-oracledb installation instructions: https://oracle.github.io/node-oracledb/INSTALL.html
oracledb ********************************************************************************

npm WARN optional SKIPPING OPTIONAL DEPENDENCY: fsevents@~2.3.1 (node_modules/chokidar/node_modules/fsevents):
npm WARN notsup SKIPPING OPTIONAL DEPENDENCY: Unsupported platform for fsevents@2.3.2: wanted {"os":"darwin","arch":"any"} (current: {"os":"linux","arch":"x64"})

+ oracledb@3.0.0
updated 1 package and audited 935 packages in 7.795s

86 packages are looking for funding
  run `npm fund` for details

found 7 vulnerabilities (2 moderate, 5 high)
  run `npm audit fix` to fix them, or `npm audit` for details
2022-04-25T18:39:11.886Z appoptics:debug read config from /__w/appoptics-apm-node/appoptics-apm-node/appoptics-apm-config
2022-04-25T18:39:11.888Z appoptics:debug guc ignoring APPOPTICS_LOG_SETTINGS
2022-04-25T18:39:11.888Z appoptics:debug serviceKey dIOz...wWK0:node-agent-test
2022-04-25T18:39:11.888Z appoptics:debug using context provider: ace-context
2022-04-25T18:39:11.987Z appoptics:debug apm 10.2.2-ao.0, bindings 11.2.0, oboe 10.2.0
2022-04-25T18:39:12.294Z appoptics:patching patched crypto 
2022-04-25T18:39:12.323Z appoptics:patching patched https 
2022-04-25T18:39:12.324Z appoptics:patching patched http 
2022-04-25T18:39:12.384Z appoptics:patching patched oracledb 3.0.0
2022-04-25T18:39:12.390Z appoptics:debug starting runtimeMetrics


  probes.oracledb 3.0.0
    âœ“ UDP might lose a message
    âœ“ should be configured to sanitize SQL by default
2022-04-25T18:39:12.483Z appoptics:debug span.exit - no last event outer outer:entry 2b-cc03f26808ddce9e5e3ec4f7cd622eb5975b183d-fb999a29c611704d-01 outer:exit 2b-cc03f26808ddce9e5e3ec4f7cd622eb5975b183d-bc26ba42cd0a5b63-01
2022-04-25T18:39:12.483Z appoptics:error Can not set lastEvent. Context may be lost.
    1) should trace execute calls
2022-04-25T18:39:12.534Z appoptics:debug span.exit - no last event outer outer:entry 2b-bb9b36c903b1d55ea1c3ab3db8780fea39c314d6-29549229858ed735-01 outer:exit 2b-bb9b36c903b1d55ea1c3ab3db8780fea39c314d6-1b2239039efb1197-01
2022-04-25T18:39:12.534Z appoptics:error Can not set lastEvent. Context may be lost.
    2) should sanitize query
2022-04-25T18:39:12.676Z appoptics:debug span.exit - no last event outer outer:entry 2b-fd33e4d2877147cdaf92e7c84bfe9498548953aa-ae18df0d1f21e94e-01 outer:exit 2b-fd33e4d2877147cdaf92e7c84bfe9498548953aa-4dd7ed7b0ca67e5a-01
2022-04-25T18:39:12.676Z appoptics:error Can not set lastEvent. Context may be lost.
    3) should truncate long queries
2022-04-25T18:39:12.724Z appoptics:debug span.exit - no last event outer outer:entry 2b-d1b037341dd4bd5ed9079faaa1b7c6ee42f8f701-1b6dd4cf29242c5c-01 outer:exit 2b-d1b037341dd4bd5ed9079faaa1b7c6ee42f8f701-bccbe9d043b361d2-01
2022-04-25T18:39:12.724Z appoptics:error Can not set lastEvent. Context may be lost.
    4) should trace execute calls in pool
2022-04-25T18:39:12.764Z appoptics:debug span.exit - no last event outer outer:entry 2b-45a1f207ae71f1be8ba4bb230de72e00b05e7e1f-f0a7ea47d59ad75b-01 outer:exit 2b-45a1f207ae71f1be8ba4bb230de72e00b05e7e1f-673e93b69a0cc6a4-01
2022-04-25T18:39:12.764Z appoptics:error Can not set lastEvent. Context may be lost.
    5) should include correct isAutoCommit value
2022-04-25T18:39:12.804Z appoptics:debug span.exit - no last event outer outer:entry 2b-0cd64c8e8170b7787c4ce844d860900644f2ba68-5da37f02fdcae796-01 outer:exit 2b-0cd64c8e8170b7787c4ce844d860900644f2ba68-32a0202bfd5ad052-01
2022-04-25T18:39:12.805Z appoptics:error Can not set lastEvent. Context may be lost.
    âœ“ should do nothing when disabled (39ms)


  3 passing (412ms)
  5 failing

  1) probes.oracledb 3.0.0
       should trace execute calls:
     Uncaught AssertionError: expected Object {
  Edge: 'FB999A29C611704D',
  Hostname: 'd47a05a25132',
  Label: 'exit',
  Layer: 'outer',
  TID: 763,
  Timestamp_u: 1650911952483715,
  'X-Trace': '2BCC03F26808DDCE9E5E3EC4F7CD622EB5975B183DBC26BA42CD0A5B6301',
  _V: '1'
} to have property Layer of 'oracle' (got 'outer')
      at Assertion.fail (node_modules/should/lib/assertion.js:92:17)
      at Assertion.value [as property] (node_modules/should/lib/assertion.js:164:19)
      at Object.oracle-entry (test/probes/oracledb.test.js:64:23)
      at /__w/appoptics-apm-node/appoptics-apm-node/test/probes/oracledb.test.js:96:31
      at EventEmitter.onMessage (test/helper.js:170:9)
      at Socket.<anonymous> (test/helper.js:112:13)
      at UDP.onMessage [as onmessage] (dgram.js:628:8)

  2) probes.oracledb 3.0.0
       should sanitize query:
     Uncaught AssertionError: expected Object {
  Edge: '29549229858ED735',
  Hostname: 'd47a05a25132',
  Label: 'exit',
  Layer: 'outer',
  TID: 763,
  Timestamp_u: 1650911952534264,
  'X-Trace': '2BBB9B36C903B1D55EA1C3AB3DB8780FEA39C314D61B2239039EFB119701',
  _V: '1'
} to have property Layer of 'oracle' (got 'outer')
      at Assertion.fail (node_modules/should/lib/assertion.js:92:17)
      at Assertion.value [as property] (node_modules/should/lib/assertion.js:164:19)
      at Object.oracle-entry (test/probes/oracledb.test.js:64:23)
      at helper.test.ao.probes.oracledb.sanitizeSql (test/probes/oracledb.test.js:120:31)
      at EventEmitter.onMessage (test/helper.js:170:9)
      at Socket.<anonymous> (test/helper.js:112:13)
      at UDP.onMessage [as onmessage] (dgram.js:628:8)

  3) probes.oracledb 3.0.0
       should truncate long queries:
     Uncaught AssertionError: expected Object {
  Edge: 'AE18DF0D1F21E94E',
  Hostname: 'd47a05a25132',
  Label: 'exit',
  Layer: 'outer',
  TID: 763,
  Timestamp_u: 1650911952676448,
  'X-Trace': '2BFD33E4D2877147CDAF92E7C84BFE9498548953AA4DD7ED7B0CA67E5A01',
  _V: '1'
} to have property Layer of 'oracle' (got 'outer')
      at Assertion.fail (node_modules/should/lib/assertion.js:92:17)
      at Assertion.value [as property] (node_modules/should/lib/assertion.js:164:19)
      at Object.oracle-entry (test/probes/oracledb.test.js:64:23)
      at /__w/appoptics-apm-node/appoptics-apm-node/test/probes/oracledb.test.js:152:31
      at EventEmitter.onMessage (test/helper.js:170:9)
      at Socket.<anonymous> (test/helper.js:112:13)
      at UDP.onMessage [as onmessage] (dgram.js:628:8)

  4) probes.oracledb 3.0.0
       should trace execute calls in pool:
     Uncaught AssertionError: expected Object {
  Edge: '1B6DD4CF29242C5C',
  Hostname: 'd47a05a25132',
  Label: 'exit',
  Layer: 'outer',
  TID: 763,
  Timestamp_u: 1650911952724385,
  'X-Trace': '2BD1B037341DD4BD5ED9079FAAA1B7C6EE42F8F701BCCBE9D043B361D201',
  _V: '1'
} to have property Layer of 'oracle' (got 'outer')
      at Assertion.fail (node_modules/should/lib/assertion.js:92:17)
      at Assertion.value [as property] (node_modules/should/lib/assertion.js:164:19)
      at Object.oracle-entry (test/probes/oracledb.test.js:64:23)
      at /__w/appoptics-apm-node/appoptics-apm-node/test/probes/oracledb.test.js:176:31
      at EventEmitter.onMessage (test/helper.js:170:9)
      at Socket.<anonymous> (test/helper.js:112:13)
      at UDP.onMessage [as onmessage] (dgram.js:628:8)

  5) probes.oracledb 3.0.0
       should include correct isAutoCommit value:
     Uncaught AssertionError: expected Object {
  Edge: 'F0A7EA47D59AD75B',
  Hostname: 'd47a05a25132',
  Label: 'exit',
  Layer: 'outer',
  TID: 763,
  Timestamp_u: 1650911952764769,
  'X-Trace': '2B45A1F207AE71F1BE8BA4BB230DE72E00B05E7E1F673E93B69A0CC6A401',
  _V: '1'
} to have property Layer of 'oracle' (got 'outer')
      at Assertion.fail (node_modules/should/lib/assertion.js:92:17)
      at Assertion.value [as property] (node_modules/should/lib/assertion.js:164:19)
      at Object.oracle-entry (test/probes/oracledb.test.js:64:23)
      at /__w/appoptics-apm-node/appoptics-apm-node/test/probes/oracledb.test.js:219:31
      at EventEmitter.onMessage (test/helper.js:170:9)
      at Socket.<anonymous> (test/helper.js:112:13)
      at UDP.onMessage [as onmessage] (dgram.js:628:8)



npm WARN deprecated oracledb@3.0.1: Update to node-oracledb 5
npm WARN read-shrinkwrap This version of npm is compatible with lockfileVersion@1, but package-lock.json was generated for lockfileVersion@2. I'll try to do my best with it!

> oracledb@3.0.1 install /__w/appoptics-apm-node/appoptics-apm-node/node_modules/oracledb
> node package/oracledbinstall.js

oracledb Beginning installation
oracledb Oracledb downloaded
oracledb 
oracledb ********************************************************************************
oracledb ** Node-oracledb 3.0.1 installation complete for Node.js 10.24.1 (linux, x64)
oracledb **
oracledb ** To use node-oracledb:
oracledb ** - You must have 64-bit Oracle client libraries in LD_LIBRARY_PATH, or configured with ldconfig
oracledb ** - If you do not already have libraries, install the Instant Client Basic or Basic Light package from 
oracledb **   http://www.oracle.com/technetwork/topics/linuxx86-64soft-092277.html
oracledb **
oracledb ** Installation instructions: https://oracle.github.io/node-oracledb/INSTALL.html
oracledb ********************************************************************************

oracledb 
npm WARN optional SKIPPING OPTIONAL DEPENDENCY: fsevents@~2.3.1 (node_modules/chokidar/node_modules/fsevents):
npm WARN notsup SKIPPING OPTIONAL DEPENDENCY: Unsupported platform for fsevents@2.3.2: wanted {"os":"darwin","arch":"any"} (current: {"os":"linux","arch":"x64"})

+ oracledb@3.0.1
updated 1 package and audited 935 packages in 7.843s

86 packages are looking for funding
  run `npm fund` for details

found 7 vulnerabilities (2 moderate, 5 high)
  run `npm audit fix` to fix them, or `npm audit` for details
2022-04-25T18:39:21.772Z appoptics:debug read config from /__w/appoptics-apm-node/appoptics-apm-node/appoptics-apm-config
2022-04-25T18:39:21.773Z appoptics:debug guc ignoring APPOPTICS_LOG_SETTINGS
2022-04-25T18:39:21.774Z appoptics:debug serviceKey dIOz...wWK0:node-agent-test
2022-04-25T18:39:21.774Z appoptics:debug using context provider: ace-context
2022-04-25T18:39:21.848Z appoptics:debug apm 10.2.2-ao.0, bindings 11.2.0, oboe 10.2.0
2022-04-25T18:39:22.015Z appoptics:patching patched crypto 
2022-04-25T18:39:22.046Z appoptics:patching patched https 
2022-04-25T18:39:22.046Z appoptics:patching patched http 
2022-04-25T18:39:22.089Z appoptics:patching patched oracledb 3.0.1
2022-04-25T18:39:22.094Z appoptics:debug starting runtimeMetrics


  probes.oracledb 3.0.1
    âœ“ UDP might lose a message
    âœ“ should be configured to sanitize SQL by default
2022-04-25T18:39:22.172Z appoptics:debug span.exit - no last event outer outer:entry 2b-a5a61de7a40f88ea827543d596152318d3e16239-24125b446fc6612e-01 outer:exit 2b-a5a61de7a40f88ea827543d596152318d3e16239-214f2c8ce9bf620d-01
2022-04-25T18:39:22.172Z appoptics:error Can not set lastEvent. Context may be lost.
    1) should trace execute calls
2022-04-25T18:39:22.214Z appoptics:debug span.exit - no last event outer outer:entry 2b-b9094e3f0af5174bf3ade5b6a5a33e2e847b01bd-3f56730013f7bd29-01 outer:exit 2b-b9094e3f0af5174bf3ade5b6a5a33e2e847b01bd-cb6701eb1fdbb621-01
2022-04-25T18:39:22.214Z appoptics:error Can not set lastEvent. Context may be lost.
    2) should sanitize query
2022-04-25T18:39:22.355Z appoptics:debug span.exit - no last event outer outer:entry 2b-bfe0f0712e45cbf2891a695acd5c8e23e271daa5-bfc24347dacbdd3a-01 outer:exit 2b-bfe0f0712e45cbf2891a695acd5c8e23e271daa5-ddb376e68b1bb2de-01
2022-04-25T18:39:22.355Z appoptics:error Can not set lastEvent. Context may be lost.
    3) should truncate long queries
2022-04-25T18:39:22.416Z appoptics:debug span.exit - no last event outer outer:entry 2b-48b452ca722bb47014d9817993490e6e0eec7054-cdf328a74d621d35-01 outer:exit 2b-48b452ca722bb47014d9817993490e6e0eec7054-d69f0326202c310f-01
2022-04-25T18:39:22.416Z appoptics:error Can not set lastEvent. Context may be lost.
    4) should trace execute calls in pool
2022-04-25T18:39:22.466Z appoptics:debug span.exit - no last event outer outer:entry 2b-06c80dc24b496d6434d284c967fdbf24ceb74edc-a4dff52d05066e9c-01 outer:exit 2b-06c80dc24b496d6434d284c967fdbf24ceb74edc-228551be28cda0e6-01
2022-04-25T18:39:22.466Z appoptics:error Can not set lastEvent. Context may be lost.
    5) should include correct isAutoCommit value
2022-04-25T18:39:22.511Z appoptics:debug span.exit - no last event outer outer:entry 2b-58bad9d5b62b841283676e64e6f6d438a2417c1a-ddb456cd18fa2605-01 outer:exit 2b-58bad9d5b62b841283676e64e6f6d438a2417c1a-1f74a98ff844583b-01
2022-04-25T18:39:22.511Z appoptics:error Can not set lastEvent. Context may be lost.
    âœ“ should do nothing when disabled (40ms)


  3 passing (413ms)
  5 failing

  1) probes.oracledb 3.0.1
       should trace execute calls:
     Uncaught AssertionError: expected Object {
  Edge: '24125B446FC6612E',
  Hostname: 'd47a05a25132',
  Label: 'exit',
  Layer: 'outer',
  TID: 897,
  Timestamp_u: 1650911962172845,
  'X-Trace': '2BA5A61DE7A40F88EA827543D596152318D3E16239214F2C8CE9BF620D01',
  _V: '1'
} to have property Layer of 'oracle' (got 'outer')
      at Assertion.fail (node_modules/should/lib/assertion.js:92:17)
      at Assertion.value [as property] (node_modules/should/lib/assertion.js:164:19)
      at Object.oracle-entry (test/probes/oracledb.test.js:64:23)
      at /__w/appoptics-apm-node/appoptics-apm-node/test/probes/oracledb.test.js:96:31
      at EventEmitter.onMessage (test/helper.js:170:9)
      at Socket.<anonymous> (test/helper.js:112:13)
      at UDP.onMessage [as onmessage] (dgram.js:628:8)

  2) probes.oracledb 3.0.1
       should sanitize query:
     Uncaught AssertionError: expected Object {
  Edge: '3F56730013F7BD29',
  Hostname: 'd47a05a25132',
  Label: 'exit',
  Layer: 'outer',
  TID: 897,
  Timestamp_u: 1650911962214311,
  'X-Trace': '2BB9094E3F0AF5174BF3ADE5B6A5A33E2E847B01BDCB6701EB1FDBB62101',
  _V: '1'
} to have property Layer of 'oracle' (got 'outer')
      at Assertion.fail (node_modules/should/lib/assertion.js:92:17)
      at Assertion.value [as property] (node_modules/should/lib/assertion.js:164:19)
      at Object.oracle-entry (test/probes/oracledb.test.js:64:23)
      at helper.test.ao.probes.oracledb.sanitizeSql (test/probes/oracledb.test.js:120:31)
      at EventEmitter.onMessage (test/helper.js:170:9)
      at Socket.<anonymous> (test/helper.js:112:13)
      at UDP.onMessage [as onmessage] (dgram.js:628:8)

  3) probes.oracledb 3.0.1
       should truncate long queries:
     Uncaught AssertionError: expected Object {
  Edge: 'BFC24347DACBDD3A',
  Hostname: 'd47a05a25132',
  Label: 'exit',
  Layer: 'outer',
  TID: 897,
  Timestamp_u: 1650911962355724,
  'X-Trace': '2BBFE0F0712E45CBF2891A695ACD5C8E23E271DAA5DDB376E68B1BB2DE01',
  _V: '1'
} to have property Layer of 'oracle' (got 'outer')
      at Assertion.fail (node_modules/should/lib/assertion.js:92:17)
      at Assertion.value [as property] (node_modules/should/lib/assertion.js:164:19)
      at Object.oracle-entry (test/probes/oracledb.test.js:64:23)
      at /__w/appoptics-apm-node/appoptics-apm-node/test/probes/oracledb.test.js:152:31
      at EventEmitter.onMessage (test/helper.js:170:9)
      at Socket.<anonymous> (test/helper.js:112:13)
      at UDP.onMessage [as onmessage] (dgram.js:628:8)

  4) probes.oracledb 3.0.1
       should trace execute calls in pool:
     Uncaught AssertionError: expected Object {
  Edge: 'CDF328A74D621D35',
  Hostname: 'd47a05a25132',
  Label: 'exit',
  Layer: 'outer',
  TID: 897,
  Timestamp_u: 1650911962416941,
  'X-Trace': '2B48B452CA722BB47014D9817993490E6E0EEC7054D69F0326202C310F01',
  _V: '1'
} to have property Layer of 'oracle' (got 'outer')
      at Assertion.fail (node_modules/should/lib/assertion.js:92:17)
      at Assertion.value [as property] (node_modules/should/lib/assertion.js:164:19)
      at Object.oracle-entry (test/probes/oracledb.test.js:64:23)
      at /__w/appoptics-apm-node/appoptics-apm-node/test/probes/oracledb.test.js:176:31
      at EventEmitter.onMessage (test/helper.js:170:9)
      at Socket.<anonymous> (test/helper.js:112:13)
      at UDP.onMessage [as onmessage] (dgram.js:628:8)

  5) probes.oracledb 3.0.1
       should include correct isAutoCommit value:
     Uncaught AssertionError: expected Object {
  Edge: 'A4DFF52D05066E9C',
  Hostname: 'd47a05a25132',
  Label: 'exit',
  Layer: 'outer',
  TID: 897,
  Timestamp_u: 1650911962466554,
  'X-Trace': '2B06C80DC24B496D6434D284C967FDBF24CEB74EDC228551BE28CDA0E601',
  _V: '1'
} to have property Layer of 'oracle' (got 'outer')
      at Assertion.fail (node_modules/should/lib/assertion.js:92:17)
      at Assertion.value [as property] (node_modules/should/lib/assertion.js:164:19)
      at Object.oracle-entry (test/probes/oracledb.test.js:64:23)
      at /__w/appoptics-apm-node/appoptics-apm-node/test/probes/oracledb.test.js:219:31
      at EventEmitter.onMessage (test/helper.js:170:9)
      at Socket.<anonymous> (test/helper.js:112:13)
      at UDP.onMessage [as onmessage] (dgram.js:628:8)



npm WARN deprecated oracledb@3.1.0: Update to node-oracledb 5
npm WARN read-shrinkwrap This version of npm is compatible with lockfileVersion@1, but package-lock.json was generated for lockfileVersion@2. I'll try to do my best with it!

> oracledb@3.1.0 install /__w/appoptics-apm-node/appoptics-apm-node/node_modules/oracledb
> node package/install.js

oracledb ********************************************************************************
oracledb ** Node-oracledb 3.1.0 installed for Node.js 10.24.1 (linux, x64)
oracledb **
oracledb ** To use node-oracledb:
oracledb ** - Oracle Client libraries (64-bit) must be configured with ldconfig or LD_LIBRARY_PATH
oracledb ** - To get libraries, install an Instant Client Basic or Basic Light package from
oracledb **   https://www.oracle.com/technetwork/topics/linuxx86-64soft-092277.html
oracledb **
oracledb ** Installation instructions: https://oracle.github.io/node-oracledb/INSTALL.html
oracledb ********************************************************************************

npm WARN optional SKIPPING OPTIONAL DEPENDENCY: fsevents@~2.3.1 (node_modules/chokidar/node_modules/fsevents):
npm WARN notsup SKIPPING OPTIONAL DEPENDENCY: Unsupported platform for fsevents@2.3.2: wanted {"os":"darwin","arch":"any"} (current: {"os":"linux","arch":"x64"})

+ oracledb@3.1.0
updated 1 package and audited 935 packages in 5.189s

86 packages are looking for funding
  run `npm fund` for details

found 7 vulnerabilities (2 moderate, 5 high)
  run `npm audit fix` to fix them, or `npm audit` for details
2022-04-25T18:39:29.241Z appoptics:debug read config from /__w/appoptics-apm-node/appoptics-apm-node/appoptics-apm-config
2022-04-25T18:39:29.243Z appoptics:debug guc ignoring APPOPTICS_LOG_SETTINGS
2022-04-25T18:39:29.243Z appoptics:debug serviceKey dIOz...wWK0:node-agent-test
2022-04-25T18:39:29.243Z appoptics:debug using context provider: ace-context
2022-04-25T18:39:29.315Z appoptics:debug apm 10.2.2-ao.0, bindings 11.2.0, oboe 10.2.0
2022-04-25T18:39:29.485Z appoptics:patching patched crypto 
2022-04-25T18:39:29.511Z appoptics:patching patched https 
2022-04-25T18:39:29.511Z appoptics:patching patched http 
2022-04-25T18:39:29.540Z appoptics:patching patched oracledb 3.1.0
2022-04-25T18:39:29.545Z appoptics:debug starting runtimeMetrics


  probes.oracledb 3.1.0
    âœ“ UDP might lose a message
    âœ“ should be configured to sanitize SQL by default
2022-04-25T18:39:29.631Z appoptics:debug span.exit - no last event outer outer:entry 2b-673bebdacc1ded579627320e77e8212ae19e7d4c-298756a84370b593-01 outer:exit 2b-673bebdacc1ded579627320e77e8212ae19e7d4c-53defd4fd7f295dd-01
2022-04-25T18:39:29.631Z appoptics:error Can not set lastEvent. Context may be lost.
    1) should trace execute calls
2022-04-25T18:39:29.679Z appoptics:debug span.exit - no last event outer outer:entry 2b-093196aea13412b461e327a2f7e9386e6ca5ddbb-6e951e02a70e438b-01 outer:exit 2b-093196aea13412b461e327a2f7e9386e6ca5ddbb-54e0145509fd62d2-01
2022-04-25T18:39:29.679Z appoptics:error Can not set lastEvent. Context may be lost.
    2) should sanitize query
2022-04-25T18:39:29.857Z appoptics:debug span.exit - no last event outer outer:entry 2b-0a16e45bbe4c3bcfae45718548ca16d67840f976-4ab6b3b066b0515c-01 outer:exit 2b-0a16e45bbe4c3bcfae45718548ca16d67840f976-e96f09983e09e778-01
2022-04-25T18:39:29.858Z appoptics:error Can not set lastEvent. Context may be lost.
    3) should truncate long queries
2022-04-25T18:39:29.901Z appoptics:debug span.exit - no last event outer outer:entry 2b-b89ef47d87fbcbfe460e00cf4b056fe3f572fd2d-6ef47e0e4edb022d-01 outer:exit 2b-b89ef47d87fbcbfe460e00cf4b056fe3f572fd2d-ae888c49e59a4804-01
2022-04-25T18:39:29.901Z appoptics:error Can not set lastEvent. Context may be lost.
    4) should trace execute calls in pool
2022-04-25T18:39:29.938Z appoptics:debug span.exit - no last event outer outer:entry 2b-1258c8ae9b3cc19e757c436b5d02605a6c1a1558-ad6ee22aea127612-01 outer:exit 2b-1258c8ae9b3cc19e757c436b5d02605a6c1a1558-7715005fd48c2656-01
2022-04-25T18:39:29.938Z appoptics:error Can not set lastEvent. Context may be lost.
    5) should include correct isAutoCommit value
2022-04-25T18:39:29.978Z appoptics:debug span.exit - no last event outer outer:entry 2b-c94ff51095e2ccfc5ee9689662866bae9ef51fb0-4de4575f170eb611-01 outer:exit 2b-c94ff51095e2ccfc5ee9689662866bae9ef51fb0-2b6058ef686c6683-01
2022-04-25T18:39:29.978Z appoptics:error Can not set lastEvent. Context may be lost.
    âœ“ should do nothing when disabled (39ms)


  3 passing (429ms)
  5 failing

  1) probes.oracledb 3.1.0
       should trace execute calls:
     Uncaught AssertionError: expected Object {
  Edge: '298756A84370B593',
  Hostname: 'd47a05a25132',
  Label: 'exit',
  Layer: 'outer',
  TID: 931,
  Timestamp_u: 1650911969631945,
  'X-Trace': '2B673BEBDACC1DED579627320E77E8212AE19E7D4C53DEFD4FD7F295DD01',
  _V: '1'
} to have property Layer of 'oracle' (got 'outer')
      at Assertion.fail (node_modules/should/lib/assertion.js:92:17)
      at Assertion.value [as property] (node_modules/should/lib/assertion.js:164:19)
      at Object.oracle-entry (test/probes/oracledb.test.js:64:23)
      at /__w/appoptics-apm-node/appoptics-apm-node/test/probes/oracledb.test.js:96:31
      at EventEmitter.onMessage (test/helper.js:170:9)
      at Socket.<anonymous> (test/helper.js:112:13)
      at UDP.onMessage [as onmessage] (dgram.js:628:8)

  2) probes.oracledb 3.1.0
       should sanitize query:
     Uncaught AssertionError: expected Object {
  Edge: '6E951E02A70E438B',
  Hostname: 'd47a05a25132',
  Label: 'exit',
  Layer: 'outer',
  TID: 931,
  Timestamp_u: 1650911969679637,
  'X-Trace': '2B093196AEA13412B461E327A2F7E9386E6CA5DDBB54E0145509FD62D201',
  _V: '1'
} to have property Layer of 'oracle' (got 'outer')
      at Assertion.fail (node_modules/should/lib/assertion.js:92:17)
      at Assertion.value [as property] (node_modules/should/lib/assertion.js:164:19)
      at Object.oracle-entry (test/probes/oracledb.test.js:64:23)
      at helper.test.ao.probes.oracledb.sanitizeSql (test/probes/oracledb.test.js:120:31)
      at EventEmitter.onMessage (test/helper.js:170:9)
      at Socket.<anonymous> (test/helper.js:112:13)
      at UDP.onMessage [as onmessage] (dgram.js:628:8)

  3) probes.oracledb 3.1.0
       should truncate long queries:
     Uncaught AssertionError: expected Object {
  Edge: '4AB6B3B066B0515C',
  Hostname: 'd47a05a25132',
  Label: 'exit',
  Layer: 'outer',
  TID: 931,
  Timestamp_u: 1650911969858110,
  'X-Trace': '2B0A16E45BBE4C3BCFAE45718548CA16D67840F976E96F09983E09E77801',
  _V: '1'
} to have property Layer of 'oracle' (got 'outer')
      at Assertion.fail (node_modules/should/lib/assertion.js:92:17)
      at Assertion.value [as property] (node_modules/should/lib/assertion.js:164:19)
      at Object.oracle-entry (test/probes/oracledb.test.js:64:23)
      at /__w/appoptics-apm-node/appoptics-apm-node/test/probes/oracledb.test.js:152:31
      at EventEmitter.onMessage (test/helper.js:170:9)
      at Socket.<anonymous> (test/helper.js:112:13)
      at UDP.onMessage [as onmessage] (dgram.js:628:8)

  4) probes.oracledb 3.1.0
       should trace execute calls in pool:
     Uncaught AssertionError: expected Object {
  Edge: '6EF47E0E4EDB022D',
  Hostname: 'd47a05a25132',
  Label: 'exit',
  Layer: 'outer',
  TID: 931,
  Timestamp_u: 1650911969901975,
  'X-Trace': '2BB89EF47D87FBCBFE460E00CF4B056FE3F572FD2DAE888C49E59A480401',
  _V: '1'
} to have property Layer of 'oracle' (got 'outer')
      at Assertion.fail (node_modules/should/lib/assertion.js:92:17)
      at Assertion.value [as property] (node_modules/should/lib/assertion.js:164:19)
      at Object.oracle-entry (test/probes/oracledb.test.js:64:23)
      at /__w/appoptics-apm-node/appoptics-apm-node/test/probes/oracledb.test.js:176:31
      at EventEmitter.onMessage (test/helper.js:170:9)
      at Socket.<anonymous> (test/helper.js:112:13)
      at UDP.onMessage [as onmessage] (dgram.js:628:8)

  5) probes.oracledb 3.1.0
       should include correct isAutoCommit value:
     Uncaught AssertionError: expected Object {
  Edge: 'AD6EE22AEA127612',
  Hostname: 'd47a05a25132',
  Label: 'exit',
  Layer: 'outer',
  TID: 931,
  Timestamp_u: 1650911969939035,
  'X-Trace': '2B1258C8AE9B3CC19E757C436B5D02605A6C1A15587715005FD48C265601',
  _V: '1'
} to have property Layer of 'oracle' (got 'outer')
      at Assertion.fail (node_modules/should/lib/assertion.js:92:17)
      at Assertion.value [as property] (node_modules/should/lib/assertion.js:164:19)
      at Object.oracle-entry (test/probes/oracledb.test.js:64:23)
      at /__w/appoptics-apm-node/appoptics-apm-node/test/probes/oracledb.test.js:219:31
      at EventEmitter.onMessage (test/helper.js:170:9)
      at Socket.<anonymous> (test/helper.js:112:13)
      at UDP.onMessage [as onmessage] (dgram.js:628:8)



npm WARN deprecated oracledb@3.1.1: Update to node-oracledb 5
npm WARN read-shrinkwrap This version of npm is compatible with lockfileVersion@1, but package-lock.json was generated for lockfileVersion@2. I'll try to do my best with it!

> oracledb@3.1.1 install /__w/appoptics-apm-node/appoptics-apm-node/node_modules/oracledb
> node package/install.js

oracledb ********************************************************************************
oracledb ** Node-oracledb 3.1.1 installed for Node.js 10.24.1 (linux, x64)
oracledb **
oracledb ** To use node-oracledb:
oracledb ** - Oracle Client libraries (64-bit) must be configured with ldconfig or LD_LIBRARY_PATH
oracledb ** - To get libraries, install an Instant Client Basic or Basic Light package from
oracledb **   https://www.oracle.com/technetwork/topics/linuxx86-64soft-092277.html
oracledb **
oracledb ** Installation instructions: https://oracle.github.io/node-oracledb/INSTALL.html
oracledb ********************************************************************************

npm WARN optional SKIPPING OPTIONAL DEPENDENCY: fsevents@~2.3.1 (node_modules/chokidar/node_modules/fsevents):
npm WARN notsup SKIPPING OPTIONAL DEPENDENCY: Unsupported platform for fsevents@2.3.2: wanted {"os":"darwin","arch":"any"} (current: {"os":"linux","arch":"x64"})

+ oracledb@3.1.1
updated 1 package and audited 935 packages in 4.623s

86 packages are looking for funding
  run `npm fund` for details

found 7 vulnerabilities (2 moderate, 5 high)
  run `npm audit fix` to fix them, or `npm audit` for details
2022-04-25T18:39:35.716Z appoptics:debug read config from /__w/appoptics-apm-node/appoptics-apm-node/appoptics-apm-config
2022-04-25T18:39:35.718Z appoptics:debug guc ignoring APPOPTICS_LOG_SETTINGS
2022-04-25T18:39:35.718Z appoptics:debug serviceKey dIOz...wWK0:node-agent-test
2022-04-25T18:39:35.718Z appoptics:debug using context provider: ace-context
2022-04-25T18:39:35.794Z appoptics:debug apm 10.2.2-ao.0, bindings 11.2.0, oboe 10.2.0
2022-04-25T18:39:36.011Z appoptics:patching patched crypto 
2022-04-25T18:39:36.057Z appoptics:patching patched https 
2022-04-25T18:39:36.057Z appoptics:patching patched http 
2022-04-25T18:39:36.090Z appoptics:patching patched oracledb 3.1.1
2022-04-25T18:39:36.096Z appoptics:debug starting runtimeMetrics


  probes.oracledb 3.1.1
    âœ“ UDP might lose a message
    âœ“ should be configured to sanitize SQL by default
2022-04-25T18:39:36.182Z appoptics:debug span.exit - no last event outer outer:entry 2b-77d2b97372051441efd429e2c1800b5f0520a3be-1a7b832cc7a1b07b-01 outer:exit 2b-77d2b97372051441efd429e2c1800b5f0520a3be-be0150b2705dc242-01
2022-04-25T18:39:36.182Z appoptics:error Can not set lastEvent. Context may be lost.
    1) should trace execute calls
2022-04-25T18:39:36.227Z appoptics:debug span.exit - no last event outer outer:entry 2b-2955f1d209ed33d43979c8007ea4c04c7e9b2e2c-c7b659497dcab66b-01 outer:exit 2b-2955f1d209ed33d43979c8007ea4c04c7e9b2e2c-5c5eb19613605e4b-01
2022-04-25T18:39:36.227Z appoptics:error Can not set lastEvent. Context may be lost.
    2) should sanitize query
2022-04-25T18:39:36.359Z appoptics:debug span.exit - no last event outer outer:entry 2b-ba776d6cf51b2b4eea027ba780fa7ff2e4c10e9e-0b566133fde9f553-01 outer:exit 2b-ba776d6cf51b2b4eea027ba780fa7ff2e4c10e9e-0da76d0e4d5688bf-01
2022-04-25T18:39:36.359Z appoptics:error Can not set lastEvent. Context may be lost.
    3) should truncate long queries
2022-04-25T18:39:36.402Z appoptics:debug span.exit - no last event outer outer:entry 2b-9b679f46183b78a971cb8e44047f76e3638b5212-2e960ef9a5837000-01 outer:exit 2b-9b679f46183b78a971cb8e44047f76e3638b5212-48f365331c4423f6-01
2022-04-25T18:39:36.402Z appoptics:error Can not set lastEvent. Context may be lost.
    4) should trace execute calls in pool
2022-04-25T18:39:36.437Z appoptics:debug span.exit - no last event outer outer:entry 2b-cb1629dbf9e67b405b86d4a97d618db6c79f4388-0842e612435eba70-01 outer:exit 2b-cb1629dbf9e67b405b86d4a97d618db6c79f4388-8fab2092464de9e1-01
2022-04-25T18:39:36.437Z appoptics:error Can not set lastEvent. Context may be lost.
    5) should include correct isAutoCommit value
2022-04-25T18:39:36.474Z appoptics:debug span.exit - no last event outer outer:entry 2b-eafcca9883f0170ef4438433b9d92d77e67ed34e-2e0bea05e979992f-01 outer:exit 2b-eafcca9883f0170ef4438433b9d92d77e67ed34e-03f6096c54e66ec2-01
2022-04-25T18:39:36.474Z appoptics:error Can not set lastEvent. Context may be lost.
    âœ“ should do nothing when disabled


  3 passing (367ms)
  5 failing

  1) probes.oracledb 3.1.1
       should trace execute calls:
     Uncaught AssertionError: expected Object {
  Edge: '1A7B832CC7A1B07B',
  Hostname: 'd47a05a25132',
  Label: 'exit',
  Layer: 'outer',
  TID: 965,
  Timestamp_u: 1650911976182892,
  'X-Trace': '2B77D2B97372051441EFD429E2C1800B5F0520A3BEBE0150B2705DC24201',
  _V: '1'
} to have property Layer of 'oracle' (got 'outer')
      at Assertion.fail (node_modules/should/lib/assertion.js:92:17)
      at Assertion.value [as property] (node_modules/should/lib/assertion.js:164:19)
      at Object.oracle-entry (test/probes/oracledb.test.js:64:23)
      at /__w/appoptics-apm-node/appoptics-apm-node/test/probes/oracledb.test.js:96:31
      at EventEmitter.onMessage (test/helper.js:170:9)
      at Socket.<anonymous> (test/helper.js:112:13)
      at UDP.onMessage [as onmessage] (dgram.js:628:8)

  2) probes.oracledb 3.1.1
       should sanitize query:
     Uncaught AssertionError: expected Object {
  Edge: 'C7B659497DCAB66B',
  Hostname: 'd47a05a25132',
  Label: 'exit',
  Layer: 'outer',
  TID: 965,
  Timestamp_u: 1650911976227352,
  'X-Trace': '2B2955F1D209ED33D43979C8007EA4C04C7E9B2E2C5C5EB19613605E4B01',
  _V: '1'
} to have property Layer of 'oracle' (got 'outer')
      at Assertion.fail (node_modules/should/lib/assertion.js:92:17)
      at Assertion.value [as property] (node_modules/should/lib/assertion.js:164:19)
      at Object.oracle-entry (test/probes/oracledb.test.js:64:23)
      at helper.test.ao.probes.oracledb.sanitizeSql (test/probes/oracledb.test.js:120:31)
      at EventEmitter.onMessage (test/helper.js:170:9)
      at Socket.<anonymous> (test/helper.js:112:13)
      at UDP.onMessage [as onmessage] (dgram.js:628:8)

  3) probes.oracledb 3.1.1
       should truncate long queries:
     Uncaught AssertionError: expected Object {
  Edge: '0B566133FDE9F553',
  Hostname: 'd47a05a25132',
  Label: 'exit',
  Layer: 'outer',
  TID: 965,
  Timestamp_u: 1650911976359646,
  'X-Trace': '2BBA776D6CF51B2B4EEA027BA780FA7FF2E4C10E9E0DA76D0E4D5688BF01',
  _V: '1'
} to have property Layer of 'oracle' (got 'outer')
      at Assertion.fail (node_modules/should/lib/assertion.js:92:17)
      at Assertion.value [as property] (node_modules/should/lib/assertion.js:164:19)
      at Object.oracle-entry (test/probes/oracledb.test.js:64:23)
      at /__w/appoptics-apm-node/appoptics-apm-node/test/probes/oracledb.test.js:152:31
      at EventEmitter.onMessage (test/helper.js:170:9)
      at Socket.<anonymous> (test/helper.js:112:13)
      at UDP.onMessage [as onmessage] (dgram.js:628:8)

  4) probes.oracledb 3.1.1
       should trace execute calls in pool:
     Uncaught AssertionError: expected Object {
  Edge: '2E960EF9A5837000',
  Hostname: 'd47a05a25132',
  Label: 'exit',
  Layer: 'outer',
  TID: 965,
  Timestamp_u: 1650911976402476,
  'X-Trace': '2B9B679F46183B78A971CB8E44047F76E3638B521248F365331C4423F601',
  _V: '1'
} to have property Layer of 'oracle' (got 'outer')
      at Assertion.fail (node_modules/should/lib/assertion.js:92:17)
      at Assertion.value [as property] (node_modules/should/lib/assertion.js:164:19)
      at Object.oracle-entry (test/probes/oracledb.test.js:64:23)
      at /__w/appoptics-apm-node/appoptics-apm-node/test/probes/oracledb.test.js:176:31
      at EventEmitter.onMessage (test/helper.js:170:9)
      at Socket.<anonymous> (test/helper.js:112:13)
      at UDP.onMessage [as onmessage] (dgram.js:628:8)

  5) probes.oracledb 3.1.1
       should include correct isAutoCommit value:
     Uncaught AssertionError: expected Object {
  Edge: '0842E612435EBA70',
  Hostname: 'd47a05a25132',
  Label: 'exit',
  Layer: 'outer',
  TID: 965,
  Timestamp_u: 1650911976437541,
  'X-Trace': '2BCB1629DBF9E67B405B86D4A97D618DB6C79F43888FAB2092464DE9E101',
  _V: '1'
} to have property Layer of 'oracle' (got 'outer')
      at Assertion.fail (node_modules/should/lib/assertion.js:92:17)
      at Assertion.value [as property] (node_modules/should/lib/assertion.js:164:19)
      at Object.oracle-entry (test/probes/oracledb.test.js:64:23)
      at /__w/appoptics-apm-node/appoptics-apm-node/test/probes/oracledb.test.js:219:31
      at EventEmitter.onMessage (test/helper.js:170:9)
      at Socket.<anonymous> (test/helper.js:112:13)
      at UDP.onMessage [as onmessage] (dgram.js:628:8)



npm WARN deprecated oracledb@3.1.2: Update to node-oracledb 5
npm WARN read-shrinkwrap This version of npm is compatible with lockfileVersion@1, but package-lock.json was generated for lockfileVersion@2. I'll try to do my best with it!

> oracledb@3.1.2 install /__w/appoptics-apm-node/appoptics-apm-node/node_modules/oracledb
> node package/install.js

oracledb ********************************************************************************
oracledb ** Node-oracledb 3.1.2 installed for Node.js 10.24.1 (linux, x64)
oracledb **
oracledb ** To use node-oracledb:
oracledb ** - Oracle Client libraries (64-bit) must be configured with ldconfig or LD_LIBRARY_PATH
oracledb ** - To get libraries, install an Instant Client Basic or Basic Light package from
oracledb **   https://www.oracle.com/technetwork/topics/linuxx86-64soft-092277.html
oracledb **
oracledb ** Installation instructions: https://oracle.github.io/node-oracledb/INSTALL.html
oracledb ********************************************************************************

npm WARN optional SKIPPING OPTIONAL DEPENDENCY: fsevents@~2.3.1 (node_modules/chokidar/node_modules/fsevents):
npm WARN notsup SKIPPING OPTIONAL DEPENDENCY: Unsupported platform for fsevents@2.3.2: wanted {"os":"darwin","arch":"any"} (current: {"os":"linux","arch":"x64"})

+ oracledb@3.1.2
updated 1 package and audited 935 packages in 4.713s

86 packages are looking for funding
  run `npm fund` for details

found 7 vulnerabilities (2 moderate, 5 high)
  run `npm audit fix` to fix them, or `npm audit` for details
2022-04-25T18:39:42.237Z appoptics:debug read config from /__w/appoptics-apm-node/appoptics-apm-node/appoptics-apm-config
2022-04-25T18:39:42.239Z appoptics:debug guc ignoring APPOPTICS_LOG_SETTINGS
2022-04-25T18:39:42.239Z appoptics:debug serviceKey dIOz...wWK0:node-agent-test
2022-04-25T18:39:42.240Z appoptics:debug using context provider: ace-context
2022-04-25T18:39:42.307Z appoptics:debug apm 10.2.2-ao.0, bindings 11.2.0, oboe 10.2.0
2022-04-25T18:39:42.462Z appoptics:patching patched crypto 
2022-04-25T18:39:42.491Z appoptics:patching patched https 
2022-04-25T18:39:42.491Z appoptics:patching patched http 
2022-04-25T18:39:42.516Z appoptics:patching patched oracledb 3.1.2
2022-04-25T18:39:42.520Z appoptics:debug starting runtimeMetrics


  probes.oracledb 3.1.2
    âœ“ UDP might lose a message
    âœ“ should be configured to sanitize SQL by default
2022-04-25T18:39:42.613Z appoptics:debug span.exit - no last event outer outer:entry 2b-c269063753a8c394aae0d7d6e9fa81bc6e18e592-4784628d3d434ac1-01 outer:exit 2b-c269063753a8c394aae0d7d6e9fa81bc6e18e592-1ffda0acc29c5289-01
2022-04-25T18:39:42.613Z appoptics:error Can not set lastEvent. Context may be lost.
    1) should trace execute calls
2022-04-25T18:39:42.652Z appoptics:debug span.exit - no last event outer outer:entry 2b-4365e419ec654413763908abc8a56b231745e4b9-ebccdad15925880b-01 outer:exit 2b-4365e419ec654413763908abc8a56b231745e4b9-9d7bcf7e4772de91-01
2022-04-25T18:39:42.652Z appoptics:error Can not set lastEvent. Context may be lost.
    2) should sanitize query
2022-04-25T18:39:42.794Z appoptics:debug span.exit - no last event outer outer:entry 2b-8e6dbd50e09e8a7c56a2489caa28aec71ba72e20-dd82cfc9a86c3707-01 outer:exit 2b-8e6dbd50e09e8a7c56a2489caa28aec71ba72e20-552377505398f38b-01
2022-04-25T18:39:42.794Z appoptics:error Can not set lastEvent. Context may be lost.
    3) should truncate long queries
2022-04-25T18:39:42.835Z appoptics:debug span.exit - no last event outer outer:entry 2b-b0958ebcc506bd01fb620a9e03adce0d8f3aa16e-5bca923ee352b654-01 outer:exit 2b-b0958ebcc506bd01fb620a9e03adce0d8f3aa16e-3b7edbba90418f9a-01
2022-04-25T18:39:42.835Z appoptics:error Can not set lastEvent. Context may be lost.
    4) should trace execute calls in pool
2022-04-25T18:39:42.872Z appoptics:debug span.exit - no last event outer outer:entry 2b-729dd2b805f2bd0d2087e9a32d531f3fc8557510-a520689266fe7c3b-01 outer:exit 2b-729dd2b805f2bd0d2087e9a32d531f3fc8557510-47326aac7c517522-01
2022-04-25T18:39:42.872Z appoptics:error Can not set lastEvent. Context may be lost.
    5) should include correct isAutoCommit value
2022-04-25T18:39:42.908Z appoptics:debug span.exit - no last event outer outer:entry 2b-1165abcc2da52cd41eaa8c679fa76686defa71bf-d0e930ba21fa2694-01 outer:exit 2b-1165abcc2da52cd41eaa8c679fa76686defa71bf-1b6ec1242b20b75c-01
2022-04-25T18:39:42.908Z appoptics:error Can not set lastEvent. Context may be lost.
    âœ“ should do nothing when disabled


  3 passing (385ms)
  5 failing

  1) probes.oracledb 3.1.2
       should trace execute calls:
     Uncaught AssertionError: expected Object {
  Edge: '4784628D3D434AC1',
  Hostname: 'd47a05a25132',
  Label: 'exit',
  Layer: 'outer',
  TID: 999,
  Timestamp_u: 1650911982613574,
  'X-Trace': '2BC269063753A8C394AAE0D7D6E9FA81BC6E18E5921FFDA0ACC29C528901',
  _V: '1'
} to have property Layer of 'oracle' (got 'outer')
      at Assertion.fail (node_modules/should/lib/assertion.js:92:17)
      at Assertion.value [as property] (node_modules/should/lib/assertion.js:164:19)
      at Object.oracle-entry (test/probes/oracledb.test.js:64:23)
      at /__w/appoptics-apm-node/appoptics-apm-node/test/probes/oracledb.test.js:96:31
      at EventEmitter.onMessage (test/helper.js:170:9)
      at Socket.<anonymous> (test/helper.js:112:13)
      at UDP.onMessage [as onmessage] (dgram.js:628:8)

  2) probes.oracledb 3.1.2
       should sanitize query:
     Uncaught AssertionError: expected Object {
  Edge: 'EBCCDAD15925880B',
  Hostname: 'd47a05a25132',
  Label: 'exit',
  Layer: 'outer',
  TID: 999,
  Timestamp_u: 1650911982653038,
  'X-Trace': '2B4365E419EC654413763908ABC8A56B231745E4B99D7BCF7E4772DE9101',
  _V: '1'
} to have property Layer of 'oracle' (got 'outer')
      at Assertion.fail (node_modules/should/lib/assertion.js:92:17)
      at Assertion.value [as property] (node_modules/should/lib/assertion.js:164:19)
      at Object.oracle-entry (test/probes/oracledb.test.js:64:23)
      at helper.test.ao.probes.oracledb.sanitizeSql (test/probes/oracledb.test.js:120:31)
      at EventEmitter.onMessage (test/helper.js:170:9)
      at Socket.<anonymous> (test/helper.js:112:13)
      at UDP.onMessage [as onmessage] (dgram.js:628:8)

  3) probes.oracledb 3.1.2
       should truncate long queries:
     Uncaught AssertionError: expected Object {
  Edge: 'DD82CFC9A86C3707',
  Hostname: 'd47a05a25132',
  Label: 'exit',
  Layer: 'outer',
  TID: 999,
  Timestamp_u: 1650911982794819,
  'X-Trace': '2B8E6DBD50E09E8A7C56A2489CAA28AEC71BA72E20552377505398F38B01',
  _V: '1'
} to have property Layer of 'oracle' (got 'outer')
      at Assertion.fail (node_modules/should/lib/assertion.js:92:17)
      at Assertion.value [as property] (node_modules/should/lib/assertion.js:164:19)
      at Object.oracle-entry (test/probes/oracledb.test.js:64:23)
      at /__w/appoptics-apm-node/appoptics-apm-node/test/probes/oracledb.test.js:152:31
      at EventEmitter.onMessage (test/helper.js:170:9)
      at Socket.<anonymous> (test/helper.js:112:13)
      at UDP.onMessage [as onmessage] (dgram.js:628:8)

  4) probes.oracledb 3.1.2
       should trace execute calls in pool:
     Uncaught AssertionError: expected Object {
  Edge: '5BCA923EE352B654',
  Hostname: 'd47a05a25132',
  Label: 'exit',
  Layer: 'outer',
  TID: 999,
  Timestamp_u: 1650911982835266,
  'X-Trace': '2BB0958EBCC506BD01FB620A9E03ADCE0D8F3AA16E3B7EDBBA90418F9A01',
  _V: '1'
} to have property Layer of 'oracle' (got 'outer')
      at Assertion.fail (node_modules/should/lib/assertion.js:92:17)
      at Assertion.value [as property] (node_modules/should/lib/assertion.js:164:19)
      at Object.oracle-entry (test/probes/oracledb.test.js:64:23)
      at /__w/appoptics-apm-node/appoptics-apm-node/test/probes/oracledb.test.js:176:31
      at EventEmitter.onMessage (test/helper.js:170:9)
      at Socket.<anonymous> (test/helper.js:112:13)
      at UDP.onMessage [as onmessage] (dgram.js:628:8)

  5) probes.oracledb 3.1.2
       should include correct isAutoCommit value:
     Uncaught AssertionError: expected Object {
  Edge: 'A520689266FE7C3B',
  Hostname: 'd47a05a25132',
  Label: 'exit',
  Layer: 'outer',
  TID: 999,
  Timestamp_u: 1650911982872603,
  'X-Trace': '2B729DD2B805F2BD0D2087E9A32D531F3FC855751047326AAC7C51752201',
  _V: '1'
} to have property Layer of 'oracle' (got 'outer')
      at Assertion.fail (node_modules/should/lib/assertion.js:92:17)
      at Assertion.value [as property] (node_modules/should/lib/assertion.js:164:19)
      at Object.oracle-entry (test/probes/oracledb.test.js:64:23)
      at /__w/appoptics-apm-node/appoptics-apm-node/test/probes/oracledb.test.js:219:31
      at EventEmitter.onMessage (test/helper.js:170:9)
      at Socket.<anonymous> (test/helper.js:112:13)
      at UDP.onMessage [as onmessage] (dgram.js:628:8)



npm WARN deprecated oracledb@4.0.0: Update to node-oracledb 5
npm WARN read-shrinkwrap This version of npm is compatible with lockfileVersion@1, but package-lock.json was generated for lockfileVersion@2. I'll try to do my best with it!

> oracledb@4.0.0 install /__w/appoptics-apm-node/appoptics-apm-node/node_modules/oracledb
> node package/install.js

oracledb ********************************************************************************
oracledb ** Node-oracledb 4.0.0 installed for Node.js 10.24.1 (linux, x64)
oracledb **
oracledb ** To use node-oracledb:
oracledb ** - Oracle Client libraries (64-bit) must be configured with ldconfig or LD_LIBRARY_PATH
oracledb ** - To get libraries, install an Instant Client Basic or Basic Light package from
oracledb **   https://www.oracle.com/technetwork/topics/linuxx86-64soft-092277.html
oracledb **
oracledb ** Installation instructions: https://oracle.github.io/node-oracledb/INSTALL.html
oracledb ********************************************************************************

npm WARN optional SKIPPING OPTIONAL DEPENDENCY: fsevents@~2.3.1 (node_modules/chokidar/node_modules/fsevents):
npm WARN notsup SKIPPING OPTIONAL DEPENDENCY: Unsupported platform for fsevents@2.3.2: wanted {"os":"darwin","arch":"any"} (current: {"os":"linux","arch":"x64"})

+ oracledb@4.0.0
updated 1 package and audited 935 packages in 4.287s

86 packages are looking for funding
  run `npm fund` for details

found 7 vulnerabilities (2 moderate, 5 high)
  run `npm audit fix` to fix them, or `npm audit` for details
2022-04-25T18:39:48.220Z appoptics:debug read config from /__w/appoptics-apm-node/appoptics-apm-node/appoptics-apm-config
2022-04-25T18:39:48.222Z appoptics:debug guc ignoring APPOPTICS_LOG_SETTINGS
2022-04-25T18:39:48.222Z appoptics:debug serviceKey dIOz...wWK0:node-agent-test
2022-04-25T18:39:48.222Z appoptics:debug using context provider: ace-context
2022-04-25T18:39:48.294Z appoptics:debug apm 10.2.2-ao.0, bindings 11.2.0, oboe 10.2.0
2022-04-25T18:39:48.469Z appoptics:patching patched crypto 
2022-04-25T18:39:48.499Z appoptics:patching patched https 
2022-04-25T18:39:48.499Z appoptics:patching patched http 
2022-04-25T18:39:48.534Z appoptics:patching patched oracledb 4.0.0
2022-04-25T18:39:48.539Z appoptics:debug starting runtimeMetrics


  probes.oracledb 4.0.0
    âœ“ UDP might lose a message
    âœ“ should be configured to sanitize SQL by default
2022-04-25T18:39:48.574Z appoptics:debug oracledb wrapping getConnection
    âœ“ should trace execute calls (55ms)
2022-04-25T18:39:48.634Z appoptics:debug oracledb wrapping getConnection
2022-04-25T18:39:48.674Z appoptics:debug connection.execute() seems to be patched
2022-04-25T18:39:48.674Z appoptics:debug connection.commit() seems to be patched
2022-04-25T18:39:48.674Z appoptics:debug connection.rollback() seems to be patched
2022-04-25T18:39:48.674Z appoptics:debug connection.break() seems to be patched
2022-04-25T18:39:48.674Z appoptics:debug connection.release seems to be patched
    âœ“ should sanitize query (45ms)
2022-04-25T18:39:48.681Z appoptics:debug oracledb wrapping getConnection
2022-04-25T18:39:48.731Z appoptics:debug connection.execute() seems to be patched
2022-04-25T18:39:48.731Z appoptics:debug connection.commit() seems to be patched
2022-04-25T18:39:48.731Z appoptics:debug connection.rollback() seems to be patched
2022-04-25T18:39:48.731Z appoptics:debug connection.break() seems to be patched
2022-04-25T18:39:48.731Z appoptics:debug connection.release seems to be patched
    âœ“ should truncate long queries (156ms)
2022-04-25T18:39:48.839Z appoptics:debug ORACLEDB wrapping createPool
2022-04-25T18:39:48.841Z appoptics:debug oracledb wrapping getConnection
    âœ“ should trace execute calls in pool (40ms)
2022-04-25T18:39:48.879Z appoptics:debug oracledb wrapping getConnection
2022-04-25T18:39:48.913Z appoptics:debug connection.execute() seems to be patched
2022-04-25T18:39:48.913Z appoptics:debug connection.commit() seems to be patched
2022-04-25T18:39:48.913Z appoptics:debug connection.rollback() seems to be patched
2022-04-25T18:39:48.913Z appoptics:debug connection.break() seems to be patched
2022-04-25T18:39:48.913Z appoptics:debug connection.release seems to be patched
    âœ“ should include correct isAutoCommit value (43ms)
2022-04-25T18:39:48.923Z appoptics:debug oracledb wrapping getConnection
2022-04-25T18:39:48.957Z appoptics:debug connection.execute() seems to be patched
2022-04-25T18:39:48.957Z appoptics:debug connection.commit() seems to be patched
2022-04-25T18:39:48.957Z appoptics:debug connection.rollback() seems to be patched
2022-04-25T18:39:48.957Z appoptics:debug connection.break() seems to be patched
2022-04-25T18:39:48.957Z appoptics:debug connection.release seems to be patched
    âœ“ should do nothing when disabled


  8 passing (406ms)

npm WARN deprecated oracledb@4.0.1: Update to node-oracledb 5
npm WARN read-shrinkwrap This version of npm is compatible with lockfileVersion@1, but package-lock.json was generated for lockfileVersion@2. I'll try to do my best with it!

> oracledb@4.0.1 install /__w/appoptics-apm-node/appoptics-apm-node/node_modules/oracledb
> node package/install.js

oracledb ********************************************************************************
oracledb ** Node-oracledb 4.0.1 installed for Node.js 10.24.1 (linux, x64)
oracledb **
oracledb ** To use node-oracledb:
oracledb ** - Oracle Client libraries (64-bit) must be configured with ldconfig or LD_LIBRARY_PATH
oracledb ** - To get libraries, install an Instant Client Basic or Basic Light package from
oracledb **   https://www.oracle.com/technetwork/topics/linuxx86-64soft-092277.html
oracledb **
oracledb ** Installation instructions: https://oracle.github.io/node-oracledb/INSTALL.html
oracledb ********************************************************************************

npm WARN optional SKIPPING OPTIONAL DEPENDENCY: fsevents@~2.3.1 (node_modules/chokidar/node_modules/fsevents):
npm WARN notsup SKIPPING OPTIONAL DEPENDENCY: Unsupported platform for fsevents@2.3.2: wanted {"os":"darwin","arch":"any"} (current: {"os":"linux","arch":"x64"})

+ oracledb@4.0.1
updated 1 package and audited 935 packages in 4.625s

86 packages are looking for funding
  run `npm fund` for details

found 7 vulnerabilities (2 moderate, 5 high)
  run `npm audit fix` to fix them, or `npm audit` for details
2022-04-25T18:39:54.618Z appoptics:debug read config from /__w/appoptics-apm-node/appoptics-apm-node/appoptics-apm-config
2022-04-25T18:39:54.619Z appoptics:debug guc ignoring APPOPTICS_LOG_SETTINGS
2022-04-25T18:39:54.619Z appoptics:debug serviceKey dIOz...wWK0:node-agent-test
2022-04-25T18:39:54.620Z appoptics:debug using context provider: ace-context
2022-04-25T18:39:54.691Z appoptics:debug apm 10.2.2-ao.0, bindings 11.2.0, oboe 10.2.0
2022-04-25T18:39:54.855Z appoptics:patching patched crypto 
2022-04-25T18:39:54.881Z appoptics:patching patched https 
2022-04-25T18:39:54.881Z appoptics:patching patched http 
2022-04-25T18:39:54.909Z appoptics:patching patched oracledb 4.0.1
2022-04-25T18:39:54.913Z appoptics:debug starting runtimeMetrics


  probes.oracledb 4.0.1
    âœ“ UDP might lose a message
    âœ“ should be configured to sanitize SQL by default
2022-04-25T18:39:54.953Z appoptics:debug oracledb wrapping getConnection
    âœ“ should trace execute calls (52ms)
2022-04-25T18:39:55.007Z appoptics:debug oracledb wrapping getConnection
2022-04-25T18:39:55.041Z appoptics:debug connection.execute() seems to be patched
2022-04-25T18:39:55.041Z appoptics:debug connection.commit() seems to be patched
2022-04-25T18:39:55.041Z appoptics:debug connection.rollback() seems to be patched
2022-04-25T18:39:55.041Z appoptics:debug connection.break() seems to be patched
2022-04-25T18:39:55.041Z appoptics:debug connection.release seems to be patched
    âœ“ should sanitize query
2022-04-25T18:39:55.045Z appoptics:debug oracledb wrapping getConnection
2022-04-25T18:39:55.079Z appoptics:debug connection.execute() seems to be patched
2022-04-25T18:39:55.079Z appoptics:debug connection.commit() seems to be patched
2022-04-25T18:39:55.079Z appoptics:debug connection.rollback() seems to be patched
2022-04-25T18:39:55.079Z appoptics:debug connection.break() seems to be patched
2022-04-25T18:39:55.079Z appoptics:debug connection.release seems to be patched
    âœ“ should truncate long queries (127ms)
2022-04-25T18:39:55.175Z appoptics:debug ORACLEDB wrapping createPool
2022-04-25T18:39:55.177Z appoptics:debug oracledb wrapping getConnection
    âœ“ should trace execute calls in pool (38ms)
2022-04-25T18:39:55.213Z appoptics:debug oracledb wrapping getConnection
2022-04-25T18:39:55.246Z appoptics:debug connection.execute() seems to be patched
2022-04-25T18:39:55.246Z appoptics:debug connection.commit() seems to be patched
2022-04-25T18:39:55.246Z appoptics:debug connection.rollback() seems to be patched
2022-04-25T18:39:55.246Z appoptics:debug connection.break() seems to be patched
2022-04-25T18:39:55.246Z appoptics:debug connection.release seems to be patched
    âœ“ should include correct isAutoCommit value (41ms)
2022-04-25T18:39:55.259Z appoptics:debug oracledb wrapping getConnection
2022-04-25T18:39:55.295Z appoptics:debug connection.execute() seems to be patched
2022-04-25T18:39:55.295Z appoptics:debug connection.commit() seems to be patched
2022-04-25T18:39:55.295Z appoptics:debug connection.rollback() seems to be patched
2022-04-25T18:39:55.295Z appoptics:debug connection.break() seems to be patched
2022-04-25T18:39:55.295Z appoptics:debug connection.release seems to be patched
    âœ“ should do nothing when disabled (41ms)


  8 passing (387ms)

npm WARN deprecated oracledb@4.1.0: Update to node-oracledb 5
npm WARN read-shrinkwrap This version of npm is compatible with lockfileVersion@1, but package-lock.json was generated for lockfileVersion@2. I'll try to do my best with it!

> oracledb@4.1.0 install /__w/appoptics-apm-node/appoptics-apm-node/node_modules/oracledb
> node package/install.js

oracledb ********************************************************************************
oracledb ** Node-oracledb 4.1.0 installed for Node.js 10.24.1 (linux, x64)
oracledb **
oracledb ** To use node-oracledb:
oracledb ** - Oracle Client libraries (64-bit) must be configured with ldconfig or LD_LIBRARY_PATH
oracledb ** - To get libraries, install an Instant Client Basic or Basic Light package from
oracledb **   https://www.oracle.com/technetwork/topics/linuxx86-64soft-092277.html
oracledb **
oracledb ** Installation instructions: https://oracle.github.io/node-oracledb/INSTALL.html
oracledb ********************************************************************************

npm WARN optional SKIPPING OPTIONAL DEPENDENCY: fsevents@~2.3.1 (node_modules/chokidar/node_modules/fsevents):
npm WARN notsup SKIPPING OPTIONAL DEPENDENCY: Unsupported platform for fsevents@2.3.2: wanted {"os":"darwin","arch":"any"} (current: {"os":"linux","arch":"x64"})

+ oracledb@4.1.0
updated 1 package and audited 935 packages in 4.311s

86 packages are looking for funding
  run `npm fund` for details

found 7 vulnerabilities (2 moderate, 5 high)
  run `npm audit fix` to fix them, or `npm audit` for details
2022-04-25T18:40:00.815Z appoptics:debug read config from /__w/appoptics-apm-node/appoptics-apm-node/appoptics-apm-config
2022-04-25T18:40:00.817Z appoptics:debug guc ignoring APPOPTICS_LOG_SETTINGS
2022-04-25T18:40:00.817Z appoptics:debug serviceKey dIOz...wWK0:node-agent-test
2022-04-25T18:40:00.817Z appoptics:debug using context provider: ace-context
2022-04-25T18:40:00.887Z appoptics:debug apm 10.2.2-ao.0, bindings 11.2.0, oboe 10.2.0
2022-04-25T18:40:01.048Z appoptics:patching patched crypto 
2022-04-25T18:40:01.077Z appoptics:patching patched https 
2022-04-25T18:40:01.077Z appoptics:patching patched http 
2022-04-25T18:40:01.110Z appoptics:patching patched oracledb 4.1.0
2022-04-25T18:40:01.115Z appoptics:debug starting runtimeMetrics


  probes.oracledb 4.1.0
    âœ“ UDP might lose a message
    âœ“ should be configured to sanitize SQL by default
2022-04-25T18:40:01.151Z appoptics:debug oracledb wrapping getConnection
    âœ“ should trace execute calls (51ms)
2022-04-25T18:40:01.204Z appoptics:debug oracledb wrapping getConnection
2022-04-25T18:40:01.237Z appoptics:debug connection.execute() seems to be patched
2022-04-25T18:40:01.238Z appoptics:debug connection.commit() seems to be patched
2022-04-25T18:40:01.238Z appoptics:debug connection.rollback() seems to be patched
2022-04-25T18:40:01.238Z appoptics:debug connection.break() seems to be patched
2022-04-25T18:40:01.238Z appoptics:debug connection.release seems to be patched
    âœ“ should sanitize query
2022-04-25T18:40:01.243Z appoptics:debug oracledb wrapping getConnection
2022-04-25T18:40:01.277Z appoptics:debug connection.execute() seems to be patched
2022-04-25T18:40:01.277Z appoptics:debug connection.commit() seems to be patched
2022-04-25T18:40:01.277Z appoptics:debug connection.rollback() seems to be patched
2022-04-25T18:40:01.277Z appoptics:debug connection.break() seems to be patched
2022-04-25T18:40:01.277Z appoptics:debug connection.release seems to be patched
    âœ“ should truncate long queries (132ms)
2022-04-25T18:40:01.376Z appoptics:debug ORACLEDB wrapping createPool
2022-04-25T18:40:01.379Z appoptics:debug oracledb wrapping getConnection
    âœ“ should trace execute calls in pool (40ms)
2022-04-25T18:40:01.417Z appoptics:debug oracledb wrapping getConnection
2022-04-25T18:40:01.451Z appoptics:debug connection.execute() seems to be patched
2022-04-25T18:40:01.451Z appoptics:debug connection.commit() seems to be patched
2022-04-25T18:40:01.451Z appoptics:debug connection.rollback() seems to be patched
2022-04-25T18:40:01.451Z appoptics:debug connection.break() seems to be patched
2022-04-25T18:40:01.451Z appoptics:debug connection.release seems to be patched
    âœ“ should include correct isAutoCommit value (42ms)
2022-04-25T18:40:01.460Z appoptics:debug oracledb wrapping getConnection
2022-04-25T18:40:01.494Z appoptics:debug connection.execute() seems to be patched
2022-04-25T18:40:01.494Z appoptics:debug connection.commit() seems to be patched
2022-04-25T18:40:01.494Z appoptics:debug connection.rollback() seems to be patched
2022-04-25T18:40:01.494Z appoptics:debug connection.break() seems to be patched
2022-04-25T18:40:01.494Z appoptics:debug connection.release seems to be patched
    âœ“ should do nothing when disabled


  8 passing (369ms)

npm WARN deprecated oracledb@4.2.0: Update to node-oracledb 5
npm WARN read-shrinkwrap This version of npm is compatible with lockfileVersion@1, but package-lock.json was generated for lockfileVersion@2. I'll try to do my best with it!

> oracledb@4.2.0 install /__w/appoptics-apm-node/appoptics-apm-node/node_modules/oracledb
> node package/install.js

oracledb ********************************************************************************
oracledb ** Node-oracledb 4.2.0 installed for Node.js 10.24.1 (linux, x64)
oracledb **
oracledb ** To use node-oracledb:
oracledb ** - Oracle Client libraries (64-bit) must be configured with ldconfig or LD_LIBRARY_PATH
oracledb ** - To get libraries, install an Instant Client Basic or Basic Light package from
oracledb **   https://www.oracle.com/database/technologies/instant-client/linux-x86-64-downloads.html
oracledb **
oracledb ** Installation instructions: https://oracle.github.io/node-oracledb/INSTALL.html
oracledb ********************************************************************************

npm WARN optional SKIPPING OPTIONAL DEPENDENCY: fsevents@~2.3.1 (node_modules/chokidar/node_modules/fsevents):
npm WARN notsup SKIPPING OPTIONAL DEPENDENCY: Unsupported platform for fsevents@2.3.2: wanted {"os":"darwin","arch":"any"} (current: {"os":"linux","arch":"x64"})

+ oracledb@4.2.0
updated 1 package and audited 935 packages in 4.699s

86 packages are looking for funding
  run `npm fund` for details

found 7 vulnerabilities (2 moderate, 5 high)
  run `npm audit fix` to fix them, or `npm audit` for details
2022-04-25T18:40:07.387Z appoptics:debug read config from /__w/appoptics-apm-node/appoptics-apm-node/appoptics-apm-config
2022-04-25T18:40:07.389Z appoptics:debug guc ignoring APPOPTICS_LOG_SETTINGS
2022-04-25T18:40:07.389Z appoptics:debug serviceKey dIOz...wWK0:node-agent-test
2022-04-25T18:40:07.389Z appoptics:debug using context provider: ace-context
2022-04-25T18:40:07.465Z appoptics:debug apm 10.2.2-ao.0, bindings 11.2.0, oboe 10.2.0
2022-04-25T18:40:07.653Z appoptics:patching patched crypto 
2022-04-25T18:40:07.681Z appoptics:patching patched https 
2022-04-25T18:40:07.681Z appoptics:patching patched http 
2022-04-25T18:40:07.710Z appoptics:patching patched oracledb 4.2.0
2022-04-25T18:40:07.718Z appoptics:debug starting runtimeMetrics


  probes.oracledb 4.2.0
    âœ“ UDP might lose a message
    âœ“ should be configured to sanitize SQL by default
2022-04-25T18:40:07.759Z appoptics:debug oracledb wrapping getConnection
    âœ“ should trace execute calls (53ms)
2022-04-25T18:40:07.814Z appoptics:debug oracledb wrapping getConnection
2022-04-25T18:40:07.849Z appoptics:debug connection.execute() seems to be patched
2022-04-25T18:40:07.849Z appoptics:debug connection.commit() seems to be patched
2022-04-25T18:40:07.849Z appoptics:debug connection.rollback() seems to be patched
2022-04-25T18:40:07.849Z appoptics:debug connection.break() seems to be patched
2022-04-25T18:40:07.849Z appoptics:debug connection.release seems to be patched
    âœ“ should sanitize query (38ms)
2022-04-25T18:40:07.857Z appoptics:debug oracledb wrapping getConnection
2022-04-25T18:40:07.894Z appoptics:debug connection.execute() seems to be patched
2022-04-25T18:40:07.894Z appoptics:debug connection.commit() seems to be patched
2022-04-25T18:40:07.894Z appoptics:debug connection.rollback() seems to be patched
2022-04-25T18:40:07.894Z appoptics:debug connection.break() seems to be patched
2022-04-25T18:40:07.894Z appoptics:debug connection.release seems to be patched
    âœ“ should truncate long queries (132ms)
2022-04-25T18:40:07.992Z appoptics:debug ORACLEDB wrapping createPool
2022-04-25T18:40:07.995Z appoptics:debug oracledb wrapping getConnection
    âœ“ should trace execute calls in pool (39ms)
2022-04-25T18:40:08.032Z appoptics:debug oracledb wrapping getConnection
2022-04-25T18:40:08.067Z appoptics:debug connection.execute() seems to be patched
2022-04-25T18:40:08.067Z appoptics:debug connection.commit() seems to be patched
2022-04-25T18:40:08.067Z appoptics:debug connection.rollback() seems to be patched
2022-04-25T18:40:08.067Z appoptics:debug connection.break() seems to be patched
2022-04-25T18:40:08.067Z appoptics:debug connection.release seems to be patched
    âœ“ should include correct isAutoCommit value (41ms)
2022-04-25T18:40:08.076Z appoptics:debug oracledb wrapping getConnection
2022-04-25T18:40:08.111Z appoptics:debug connection.execute() seems to be patched
2022-04-25T18:40:08.111Z appoptics:debug connection.commit() seems to be patched
2022-04-25T18:40:08.111Z appoptics:debug connection.rollback() seems to be patched
2022-04-25T18:40:08.111Z appoptics:debug connection.break() seems to be patched
2022-04-25T18:40:08.111Z appoptics:debug connection.release seems to be patched
    âœ“ should do nothing when disabled


  8 passing (387ms)

npm WARN read-shrinkwrap This version of npm is compatible with lockfileVersion@1, but package-lock.json was generated for lockfileVersion@2. I'll try to do my best with it!

> oracledb@5.0.0 install /__w/appoptics-apm-node/appoptics-apm-node/node_modules/oracledb
> node package/install.js

oracledb ********************************************************************************
oracledb ** Node-oracledb 5.0.0 installed for Node.js 10.24.1 (linux, x64)
oracledb **
oracledb ** To use node-oracledb:
oracledb ** - Oracle Client libraries (64-bit) must be available.
oracledb ** - Follow the installation instructions:
oracledb **   https://oracle.github.io/node-oracledb/INSTALL.html#linuxinstall
oracledb ********************************************************************************

npm WARN optional SKIPPING OPTIONAL DEPENDENCY: fsevents@~2.3.1 (node_modules/chokidar/node_modules/fsevents):
npm WARN notsup SKIPPING OPTIONAL DEPENDENCY: Unsupported platform for fsevents@2.3.2: wanted {"os":"darwin","arch":"any"} (current: {"os":"linux","arch":"x64"})

+ oracledb@5.0.0
updated 1 package and audited 935 packages in 4.293s

86 packages are looking for funding
  run `npm fund` for details

found 7 vulnerabilities (2 moderate, 5 high)
  run `npm audit fix` to fix them, or `npm audit` for details
2022-04-25T18:40:13.497Z appoptics:debug read config from /__w/appoptics-apm-node/appoptics-apm-node/appoptics-apm-config
2022-04-25T18:40:13.498Z appoptics:debug guc ignoring APPOPTICS_LOG_SETTINGS
2022-04-25T18:40:13.498Z appoptics:debug serviceKey dIOz...wWK0:node-agent-test
2022-04-25T18:40:13.499Z appoptics:debug using context provider: ace-context
2022-04-25T18:40:13.572Z appoptics:debug apm 10.2.2-ao.0, bindings 11.2.0, oboe 10.2.0
2022-04-25T18:40:13.734Z appoptics:patching patched crypto 
2022-04-25T18:40:13.766Z appoptics:patching patched https 
2022-04-25T18:40:13.766Z appoptics:patching patched http 
2022-04-25T18:40:13.795Z appoptics:patching patched oracledb 5.0.0
2022-04-25T18:40:13.799Z appoptics:debug starting runtimeMetrics


  probes.oracledb 5.0.0
    âœ“ UDP might lose a message
    âœ“ should be configured to sanitize SQL by default
2022-04-25T18:40:13.842Z appoptics:debug oracledb wrapping getConnection
    âœ“ should trace execute calls (54ms)
2022-04-25T18:40:13.897Z appoptics:debug oracledb wrapping getConnection
2022-04-25T18:40:13.930Z appoptics:debug connection.execute() seems to be patched
2022-04-25T18:40:13.930Z appoptics:debug connection.commit() seems to be patched
2022-04-25T18:40:13.930Z appoptics:debug connection.rollback() seems to be patched
2022-04-25T18:40:13.930Z appoptics:debug connection.break() seems to be patched
2022-04-25T18:40:13.930Z appoptics:debug connection.release seems to be patched
    âœ“ should sanitize query
2022-04-25T18:40:13.935Z appoptics:debug oracledb wrapping getConnection
2022-04-25T18:40:13.972Z appoptics:debug connection.execute() seems to be patched
2022-04-25T18:40:13.972Z appoptics:debug connection.commit() seems to be patched
2022-04-25T18:40:13.972Z appoptics:debug connection.rollback() seems to be patched
2022-04-25T18:40:13.972Z appoptics:debug connection.break() seems to be patched
2022-04-25T18:40:13.972Z appoptics:debug connection.release seems to be patched
    âœ“ should truncate long queries (146ms)
2022-04-25T18:40:14.085Z appoptics:debug ORACLEDB wrapping createPool
2022-04-25T18:40:14.088Z appoptics:debug oracledb wrapping getConnection
    âœ“ should trace execute calls in pool (44ms)
2022-04-25T18:40:14.129Z appoptics:debug oracledb wrapping getConnection
2022-04-25T18:40:14.166Z appoptics:debug connection.execute() seems to be patched
2022-04-25T18:40:14.166Z appoptics:debug connection.commit() seems to be patched
2022-04-25T18:40:14.166Z appoptics:debug connection.rollback() seems to be patched
2022-04-25T18:40:14.166Z appoptics:debug connection.break() seems to be patched
2022-04-25T18:40:14.166Z appoptics:debug connection.release seems to be patched
    âœ“ should include correct isAutoCommit value (43ms)
2022-04-25T18:40:14.174Z appoptics:debug oracledb wrapping getConnection
2022-04-25T18:40:14.207Z appoptics:debug connection.execute() seems to be patched
2022-04-25T18:40:14.207Z appoptics:debug connection.commit() seems to be patched
2022-04-25T18:40:14.207Z appoptics:debug connection.rollback() seems to be patched
2022-04-25T18:40:14.207Z appoptics:debug connection.break() seems to be patched
2022-04-25T18:40:14.207Z appoptics:debug connection.release seems to be patched
    âœ“ should do nothing when disabled


  8 passing (406ms)

npm WARN read-shrinkwrap This version of npm is compatible with lockfileVersion@1, but package-lock.json was generated for lockfileVersion@2. I'll try to do my best with it!

> oracledb@5.1.0 install /__w/appoptics-apm-node/appoptics-apm-node/node_modules/oracledb
> node package/install.js

oracledb ********************************************************************************
oracledb ** Node-oracledb 5.1.0 installed for Node.js 10.24.1 (linux, x64)
oracledb **
oracledb ** To use node-oracledb:
oracledb ** - Oracle Client libraries (64-bit) must be available.
oracledb ** - Follow the installation instructions:
oracledb **   https://oracle.github.io/node-oracledb/INSTALL.html#linuxinstall
oracledb ********************************************************************************

npm WARN optional SKIPPING OPTIONAL DEPENDENCY: fsevents@~2.3.1 (node_modules/chokidar/node_modules/fsevents):
npm WARN notsup SKIPPING OPTIONAL DEPENDENCY: Unsupported platform for fsevents@2.3.2: wanted {"os":"darwin","arch":"any"} (current: {"os":"linux","arch":"x64"})

+ oracledb@5.1.0
updated 1 package and audited 935 packages in 5.256s

86 packages are looking for funding
  run `npm fund` for details

found 7 vulnerabilities (2 moderate, 5 high)
  run `npm audit fix` to fix them, or `npm audit` for details
2022-04-25T18:40:20.521Z appoptics:debug read config from /__w/appoptics-apm-node/appoptics-apm-node/appoptics-apm-config
2022-04-25T18:40:20.523Z appoptics:debug guc ignoring APPOPTICS_LOG_SETTINGS
2022-04-25T18:40:20.523Z appoptics:debug serviceKey dIOz...wWK0:node-agent-test
2022-04-25T18:40:20.523Z appoptics:debug using context provider: ace-context
2022-04-25T18:40:20.600Z appoptics:debug apm 10.2.2-ao.0, bindings 11.2.0, oboe 10.2.0
2022-04-25T18:40:20.766Z appoptics:patching patched crypto 
2022-04-25T18:40:20.799Z appoptics:patching patched https 
2022-04-25T18:40:20.800Z appoptics:patching patched http 
2022-04-25T18:40:20.851Z appoptics:patching patched oracledb 5.1.0
2022-04-25T18:40:20.856Z appoptics:debug starting runtimeMetrics


  probes.oracledb 5.1.0
    âœ“ UDP might lose a message
    âœ“ should be configured to sanitize SQL by default
2022-04-25T18:40:20.897Z appoptics:debug oracledb wrapping getConnection
    âœ“ should trace execute calls (52ms)
2022-04-25T18:40:20.952Z appoptics:debug oracledb wrapping getConnection
2022-04-25T18:40:20.986Z appoptics:debug connection.execute() seems to be patched
2022-04-25T18:40:20.986Z appoptics:debug connection.commit() seems to be patched
2022-04-25T18:40:20.986Z appoptics:debug connection.rollback() seems to be patched
2022-04-25T18:40:20.986Z appoptics:debug connection.break() seems to be patched
2022-04-25T18:40:20.986Z appoptics:debug connection.release seems to be patched
    âœ“ should sanitize query (38ms)
2022-04-25T18:40:20.992Z appoptics:debug oracledb wrapping getConnection
2022-04-25T18:40:21.026Z appoptics:debug connection.execute() seems to be patched
2022-04-25T18:40:21.026Z appoptics:debug connection.commit() seems to be patched
2022-04-25T18:40:21.026Z appoptics:debug connection.rollback() seems to be patched
2022-04-25T18:40:21.026Z appoptics:debug connection.break() seems to be patched
2022-04-25T18:40:21.026Z appoptics:debug connection.release seems to be patched
    âœ“ should truncate long queries (130ms)
2022-04-25T18:40:21.123Z appoptics:debug ORACLEDB wrapping createPool
2022-04-25T18:40:21.126Z appoptics:debug oracledb wrapping getConnection
    âœ“ should trace execute calls in pool (39ms)
2022-04-25T18:40:21.163Z appoptics:debug oracledb wrapping getConnection
2022-04-25T18:40:21.197Z appoptics:debug connection.execute() seems to be patched
2022-04-25T18:40:21.197Z appoptics:debug connection.commit() seems to be patched
2022-04-25T18:40:21.197Z appoptics:debug connection.rollback() seems to be patched
2022-04-25T18:40:21.197Z appoptics:debug connection.break() seems to be patched
2022-04-25T18:40:21.197Z appoptics:debug connection.release seems to be patched
    âœ“ should include correct isAutoCommit value (40ms)
2022-04-25T18:40:21.205Z appoptics:debug oracledb wrapping getConnection
2022-04-25T18:40:21.238Z appoptics:debug connection.execute() seems to be patched
2022-04-25T18:40:21.238Z appoptics:debug connection.commit() seems to be patched
2022-04-25T18:40:21.238Z appoptics:debug connection.rollback() seems to be patched
2022-04-25T18:40:21.238Z appoptics:debug connection.break() seems to be patched
2022-04-25T18:40:21.238Z appoptics:debug connection.release seems to be patched
    âœ“ should do nothing when disabled


  8 passing (381ms)

npm WARN read-shrinkwrap This version of npm is compatible with lockfileVersion@1, but package-lock.json was generated for lockfileVersion@2. I'll try to do my best with it!

> oracledb@5.2.0 install /__w/appoptics-apm-node/appoptics-apm-node/node_modules/oracledb
> node package/install.js

oracledb ********************************************************************************
oracledb ** Node-oracledb 5.2.0 installed in Node.js 10.24.1 (linux, x64)
oracledb **
oracledb ** To use node-oracledb:
oracledb ** - Oracle Client libraries (64-bit) must be available.
oracledb ** - Follow the installation instructions:
oracledb **   https://oracle.github.io/node-oracledb/INSTALL.html#linuxinstall
oracledb ********************************************************************************

npm WARN optional SKIPPING OPTIONAL DEPENDENCY: fsevents@~2.3.1 (node_modules/chokidar/node_modules/fsevents):
npm WARN notsup SKIPPING OPTIONAL DEPENDENCY: Unsupported platform for fsevents@2.3.2: wanted {"os":"darwin","arch":"any"} (current: {"os":"linux","arch":"x64"})

+ oracledb@5.2.0
updated 1 package and audited 935 packages in 4.002s

86 packages are looking for funding
  run `npm fund` for details

found 7 vulnerabilities (2 moderate, 5 high)
  run `npm audit fix` to fix them, or `npm audit` for details
2022-04-25T18:40:26.322Z appoptics:debug read config from /__w/appoptics-apm-node/appoptics-apm-node/appoptics-apm-config
2022-04-25T18:40:26.324Z appoptics:debug guc ignoring APPOPTICS_LOG_SETTINGS
2022-04-25T18:40:26.324Z appoptics:debug serviceKey dIOz...wWK0:node-agent-test
2022-04-25T18:40:26.324Z appoptics:debug using context provider: ace-context
2022-04-25T18:40:26.397Z appoptics:debug apm 10.2.2-ao.0, bindings 11.2.0, oboe 10.2.0
2022-04-25T18:40:26.558Z appoptics:patching patched crypto 
2022-04-25T18:40:26.587Z appoptics:patching patched https 
2022-04-25T18:40:26.587Z appoptics:patching patched http 
2022-04-25T18:40:26.623Z appoptics:patching patched oracledb 5.2.0
2022-04-25T18:40:26.628Z appoptics:debug starting runtimeMetrics


  probes.oracledb 5.2.0
    âœ“ UDP might lose a message
    âœ“ should be configured to sanitize SQL by default
2022-04-25T18:40:26.662Z appoptics:debug oracledb wrapping getConnection
    âœ“ should trace execute calls (54ms)
2022-04-25T18:40:26.718Z appoptics:debug oracledb wrapping getConnection
2022-04-25T18:40:26.776Z appoptics:debug connection.execute() seems to be patched
2022-04-25T18:40:26.776Z appoptics:debug connection.commit() seems to be patched
2022-04-25T18:40:26.776Z appoptics:debug connection.rollback() seems to be patched
2022-04-25T18:40:26.776Z appoptics:debug connection.break() seems to be patched
2022-04-25T18:40:26.776Z appoptics:debug connection.release seems to be patched
    âœ“ should sanitize query (65ms)
2022-04-25T18:40:26.789Z appoptics:debug oracledb wrapping getConnection
2022-04-25T18:40:26.835Z appoptics:debug connection.execute() seems to be patched
2022-04-25T18:40:26.835Z appoptics:debug connection.commit() seems to be patched
2022-04-25T18:40:26.835Z appoptics:debug connection.rollback() seems to be patched
2022-04-25T18:40:26.835Z appoptics:debug connection.break() seems to be patched
2022-04-25T18:40:26.835Z appoptics:debug connection.release seems to be patched
    âœ“ should truncate long queries (159ms)
2022-04-25T18:40:26.951Z appoptics:debug ORACLEDB wrapping createPool
2022-04-25T18:40:26.954Z appoptics:debug oracledb wrapping getConnection
    âœ“ should trace execute calls in pool (46ms)
2022-04-25T18:40:26.998Z appoptics:debug oracledb wrapping getConnection
2022-04-25T18:40:27.034Z appoptics:debug connection.execute() seems to be patched
2022-04-25T18:40:27.034Z appoptics:debug connection.commit() seems to be patched
2022-04-25T18:40:27.034Z appoptics:debug connection.rollback() seems to be patched
2022-04-25T18:40:27.034Z appoptics:debug connection.break() seems to be patched
2022-04-25T18:40:27.034Z appoptics:debug connection.release seems to be patched
    âœ“ should include correct isAutoCommit value (43ms)
2022-04-25T18:40:27.042Z appoptics:debug oracledb wrapping getConnection
2022-04-25T18:40:27.081Z appoptics:debug connection.execute() seems to be patched
2022-04-25T18:40:27.082Z appoptics:debug connection.commit() seems to be patched
2022-04-25T18:40:27.082Z appoptics:debug connection.rollback() seems to be patched
2022-04-25T18:40:27.082Z appoptics:debug connection.break() seems to be patched
2022-04-25T18:40:27.082Z appoptics:debug connection.release seems to be patched
    âœ“ should do nothing when disabled (42ms)


  8 passing (446ms)

npm WARN read-shrinkwrap This version of npm is compatible with lockfileVersion@1, but package-lock.json was generated for lockfileVersion@2. I'll try to do my best with it!

> oracledb@5.3.0 install /__w/appoptics-apm-node/appoptics-apm-node/node_modules/oracledb
> node package/install.js

oracledb ********************************************************************************
oracledb ** Node-oracledb 5.3.0 installed in Node.js 10.24.1 (linux, x64)
oracledb **
oracledb ** To use node-oracledb:
oracledb ** - Oracle Client libraries (64-bit) must be available.
oracledb ** - Follow the installation instructions:
oracledb **   https://oracle.github.io/node-oracledb/INSTALL.html#linuxinstall
oracledb ********************************************************************************

npm WARN optional SKIPPING OPTIONAL DEPENDENCY: fsevents@~2.3.1 (node_modules/chokidar/node_modules/fsevents):
npm WARN notsup SKIPPING OPTIONAL DEPENDENCY: Unsupported platform for fsevents@2.3.2: wanted {"os":"darwin","arch":"any"} (current: {"os":"linux","arch":"x64"})

+ oracledb@5.3.0
updated 1 package and audited 935 packages in 4.912s

86 packages are looking for funding
  run `npm fund` for details

found 7 vulnerabilities (2 moderate, 5 high)
  run `npm audit fix` to fix them, or `npm audit` for details
2022-04-25T18:40:33.028Z appoptics:debug read config from /__w/appoptics-apm-node/appoptics-apm-node/appoptics-apm-config
2022-04-25T18:40:33.030Z appoptics:debug guc ignoring APPOPTICS_LOG_SETTINGS
2022-04-25T18:40:33.030Z appoptics:debug serviceKey dIOz...wWK0:node-agent-test
2022-04-25T18:40:33.030Z appoptics:debug using context provider: ace-context
2022-04-25T18:40:33.119Z appoptics:debug apm 10.2.2-ao.0, bindings 11.2.0, oboe 10.2.0
2022-04-25T18:40:33.301Z appoptics:patching patched crypto 
2022-04-25T18:40:33.339Z appoptics:patching patched https 
2022-04-25T18:40:33.339Z appoptics:patching patched http 
2022-04-25T18:40:33.382Z appoptics:patching patched oracledb 5.3.0
2022-04-25T18:40:33.389Z appoptics:debug starting runtimeMetrics


  probes.oracledb 5.3.0
    âœ“ UDP might lose a message
    âœ“ should be configured to sanitize SQL by default
2022-04-25T18:40:33.413Z appoptics:debug oracledb wrapping getConnection
    âœ“ should trace execute calls (52ms)
2022-04-25T18:40:33.467Z appoptics:debug oracledb wrapping getConnection
2022-04-25T18:40:33.505Z appoptics:debug connection.execute() seems to be patched
2022-04-25T18:40:33.505Z appoptics:debug connection.commit() seems to be patched
2022-04-25T18:40:33.505Z appoptics:debug connection.rollback() seems to be patched
2022-04-25T18:40:33.505Z appoptics:debug connection.break() seems to be patched
2022-04-25T18:40:33.505Z appoptics:debug connection.release seems to be patched
    âœ“ should sanitize query (40ms)
2022-04-25T18:40:33.511Z appoptics:debug oracledb wrapping getConnection
2022-04-25T18:40:33.557Z appoptics:debug connection.execute() seems to be patched
2022-04-25T18:40:33.557Z appoptics:debug connection.commit() seems to be patched
2022-04-25T18:40:33.557Z appoptics:debug connection.rollback() seems to be patched
2022-04-25T18:40:33.557Z appoptics:debug connection.break() seems to be patched
2022-04-25T18:40:33.557Z appoptics:debug connection.release seems to be patched
    âœ“ should truncate long queries (152ms)
2022-04-25T18:40:33.666Z appoptics:debug ORACLEDB wrapping createPool
2022-04-25T18:40:33.669Z appoptics:debug oracledb wrapping getConnection
    âœ“ should trace execute calls in pool (38ms)
2022-04-25T18:40:33.705Z appoptics:debug oracledb wrapping getConnection
2022-04-25T18:40:33.740Z appoptics:debug connection.execute() seems to be patched
2022-04-25T18:40:33.741Z appoptics:debug connection.commit() seems to be patched
2022-04-25T18:40:33.741Z appoptics:debug connection.rollback() seems to be patched
2022-04-25T18:40:33.741Z appoptics:debug connection.break() seems to be patched
2022-04-25T18:40:33.741Z appoptics:debug connection.release seems to be patched
    âœ“ should include correct isAutoCommit value (44ms)
2022-04-25T18:40:33.750Z appoptics:debug oracledb wrapping getConnection
2022-04-25T18:40:33.784Z appoptics:debug connection.execute() seems to be patched
2022-04-25T18:40:33.784Z appoptics:debug connection.commit() seems to be patched
2022-04-25T18:40:33.785Z appoptics:debug connection.rollback() seems to be patched
2022-04-25T18:40:33.785Z appoptics:debug connection.break() seems to be patched
2022-04-25T18:40:33.785Z appoptics:debug connection.release seems to be patched
    âœ“ should do nothing when disabled


  8 passing (393ms)

npm WARN read-shrinkwrap This version of npm is compatible with lockfileVersion@1, but package-lock.json was generated for lockfileVersion@2. I'll try to do my best with it!

> oracledb@5.3.0 install /__w/appoptics-apm-node/appoptics-apm-node/node_modules/oracledb
> node package/install.js

oracledb ********************************************************************************
oracledb ** Node-oracledb 5.3.0 installed in Node.js 10.24.1 (linux, x64)
oracledb **
oracledb ** To use node-oracledb:
oracledb ** - Oracle Client libraries (64-bit) must be available.
oracledb ** - Follow the installation instructions:
oracledb **   https://oracle.github.io/node-oracledb/INSTALL.html#linuxinstall
oracledb ********************************************************************************

npm WARN optional SKIPPING OPTIONAL DEPENDENCY: fsevents@~2.3.1 (node_modules/chokidar/node_modules/fsevents):
npm WARN notsup SKIPPING OPTIONAL DEPENDENCY: Unsupported platform for fsevents@2.3.2: wanted {"os":"darwin","arch":"any"} (current: {"os":"linux","arch":"x64"})

+ oracledb@5.3.0
updated 1 package and audited 935 packages in 3.822s

86 packages are looking for funding
  run `npm fund` for details

found 7 vulnerabilities (2 moderate, 5 high)
  run `npm audit fix` to fix them, or `npm audit` for details
