npm WARN deprecated oracledb@2.0.14: Update to node-oracledb 5

> oracledb@2.0.14 install /__w/appoptics-apm-node/appoptics-apm-node/node_modules/oracledb
> node package/oracledbinstall.js

oracledb Beginning installation
oracledb Verifying installation
oracledb Binary not found
oracledb Continuing installation
oracledb [31mERR![0m NJS-054: Binary build/Release/oracledb.node was not installed from oracledb-v2.0.14-node-v64-linux-x64.gz
oracledb [31mERR![0m Error: HTTPS request for https://github.com/oracle/node-oracledb/releases/download/v2.0.14/oracledb-v2.0.14-node-v64-linux-x64.gz failed with code 404
oracledb [31mERR![0m If the error is not network or filesystem related, then review 
oracledb [31mERR![0m the Python 2.7 and compiler prerequisites in the installation instructions and
oracledb [31mERR![0m then install from source code with: npm install oracle/node-oracledb.git#v2.0.14
oracledb [31mERR![0m See https://github.com/oracle/node-oracledb/blob/master/INSTALL.md 

npm WARN optional SKIPPING OPTIONAL DEPENDENCY: fsevents@~2.3.1 (node_modules/chokidar/node_modules/fsevents):
npm WARN notsup SKIPPING OPTIONAL DEPENDENCY: Unsupported platform for fsevents@2.3.2: wanted {"os":"darwin","arch":"any"} (current: {"os":"linux","arch":"x64"})

npm ERR! code ELIFECYCLE
npm ERR! errno 87
npm ERR! oracledb@2.0.14 install: `node package/oracledbinstall.js`
npm ERR! Exit status 87
npm ERR! 
npm ERR! Failed at the oracledb@2.0.14 install script.
npm ERR! This is probably not a problem with npm. There is likely additional logging output above.

npm ERR! A complete log of this run can be found in:
npm ERR!     /github/home/.npm/_logs/2022-02-23T04_38_30_599Z-debug.log
npm WARN deprecated oracledb@2.0.15: Update to node-oracledb 5

> oracledb@2.0.15 install /__w/appoptics-apm-node/appoptics-apm-node/node_modules/oracledb
> node package/oracledbinstall.js

oracledb Beginning installation
oracledb Verifying installation
oracledb Binary not found
oracledb Continuing installation
oracledb [31mERR![0m NJS-054: Binary build/Release/oracledb.node was not installed from oracledb-v2.0.15-node-v64-linux-x64.gz
oracledb [31mERR![0m Error: HTTPS request for https://github.com/oracle/node-oracledb/releases/download/v2.0.15/oracledb-v2.0.15-node-v64-linux-x64.gz failed with code 404
oracledb [31mERR![0m If the error is not network or filesystem related, then review 
oracledb [31mERR![0m the Python 2.7 and compiler prerequisites in the installation instructions and
oracledb [31mERR![0m then install from source code with: npm install oracle/node-oracledb.git#v2.0.15
oracledb [31mERR![0m See https://github.com/oracle/node-oracledb/blob/master/INSTALL.md 

npm WARN optional SKIPPING OPTIONAL DEPENDENCY: fsevents@~2.3.1 (node_modules/chokidar/node_modules/fsevents):
npm WARN notsup SKIPPING OPTIONAL DEPENDENCY: Unsupported platform for fsevents@2.3.2: wanted {"os":"darwin","arch":"any"} (current: {"os":"linux","arch":"x64"})

npm ERR! code ELIFECYCLE
npm ERR! errno 87
npm ERR! oracledb@2.0.15 install: `node package/oracledbinstall.js`
npm ERR! Exit status 87
npm ERR! 
npm ERR! Failed at the oracledb@2.0.15 install script.
npm ERR! This is probably not a problem with npm. There is likely additional logging output above.

npm ERR! A complete log of this run can be found in:
npm ERR!     /github/home/.npm/_logs/2022-02-23T04_38_36_782Z-debug.log
npm WARN deprecated oracledb@2.1.0: Update to node-oracledb 5

> oracledb@2.1.0 install /__w/appoptics-apm-node/appoptics-apm-node/node_modules/oracledb
> node package/oracledbinstall.js

oracledb Beginning installation
oracledb Verifying installation
oracledb Binary not found
oracledb Continuing installation
oracledb [31mERR![0m NJS-054: Binary build/Release/oracledb.node was not installed from oracledb-v2.1.0-node-v64-linux-x64.gz
oracledb [31mERR![0m Error: HTTPS request for https://github.com/oracle/node-oracledb/releases/download/v2.1.0/oracledb-v2.1.0-node-v64-linux-x64.gz failed with code 404
oracledb [31mERR![0m If the error is not network or filesystem related, then review 
oracledb [31mERR![0m the Python 2.7 and compiler prerequisites in the installation instructions and
oracledb [31mERR![0m then install from source code with: npm install oracle/node-oracledb.git#v2.1.0
oracledb [31mERR![0m See https://github.com/oracle/node-oracledb/blob/master/INSTALL.md 

npm WARN optional SKIPPING OPTIONAL DEPENDENCY: fsevents@~2.3.1 (node_modules/chokidar/node_modules/fsevents):
npm WARN notsup SKIPPING OPTIONAL DEPENDENCY: Unsupported platform for fsevents@2.3.2: wanted {"os":"darwin","arch":"any"} (current: {"os":"linux","arch":"x64"})

npm ERR! code ELIFECYCLE
npm ERR! errno 87
npm ERR! oracledb@2.1.0 install: `node package/oracledbinstall.js`
npm ERR! Exit status 87
npm ERR! 
npm ERR! Failed at the oracledb@2.1.0 install script.
npm ERR! This is probably not a problem with npm. There is likely additional logging output above.

npm ERR! A complete log of this run can be found in:
npm ERR!     /github/home/.npm/_logs/2022-02-23T04_38_41_825Z-debug.log
npm WARN deprecated oracledb@2.1.1: Update to node-oracledb 5

> oracledb@2.1.1 install /__w/appoptics-apm-node/appoptics-apm-node/node_modules/oracledb
> node package/oracledbinstall.js

oracledb Beginning installation
oracledb Verifying installation
oracledb Binary not found
oracledb Continuing installation
oracledb [31mERR![0m NJS-054: Binary build/Release/oracledb.node was not installed from oracledb-v2.1.1-node-v64-linux-x64.gz
oracledb [31mERR![0m Error: HTTPS request for https://github.com/oracle/node-oracledb/releases/download/v2.1.1/oracledb-v2.1.1-node-v64-linux-x64.gz failed with code 404
oracledb [31mERR![0m If the error is not network or filesystem related, then review 
oracledb [31mERR![0m the Python 2.7 and compiler prerequisites in the installation instructions and
oracledb [31mERR![0m then install from source code with: npm install oracle/node-oracledb.git#v2.1.1
oracledb [31mERR![0m See https://github.com/oracle/node-oracledb/blob/master/INSTALL.md 

npm WARN optional SKIPPING OPTIONAL DEPENDENCY: fsevents@~2.3.1 (node_modules/chokidar/node_modules/fsevents):
npm WARN notsup SKIPPING OPTIONAL DEPENDENCY: Unsupported platform for fsevents@2.3.2: wanted {"os":"darwin","arch":"any"} (current: {"os":"linux","arch":"x64"})

npm ERR! code ELIFECYCLE
npm ERR! errno 87
npm ERR! oracledb@2.1.1 install: `node package/oracledbinstall.js`
npm ERR! Exit status 87
npm ERR! 
npm ERR! Failed at the oracledb@2.1.1 install script.
npm ERR! This is probably not a problem with npm. There is likely additional logging output above.

npm ERR! A complete log of this run can be found in:
npm ERR!     /github/home/.npm/_logs/2022-02-23T04_38_47_405Z-debug.log
npm WARN deprecated oracledb@2.1.2: Update to node-oracledb 5

> oracledb@2.1.2 install /__w/appoptics-apm-node/appoptics-apm-node/node_modules/oracledb
> node package/oracledbinstall.js

oracledb Beginning installation
oracledb Verifying installation
oracledb Binary not found
oracledb Continuing installation
oracledb [31mERR![0m NJS-054: Binary build/Release/oracledb.node was not installed from oracledb-v2.1.2-node-v64-linux-x64.gz
oracledb [31mERR![0m Error: HTTPS request for https://github.com/oracle/node-oracledb/releases/download/v2.1.2/oracledb-v2.1.2-node-v64-linux-x64.gz failed with code 404
oracledb [31mERR![0m If the error is not network or filesystem related, then review 
oracledb [31mERR![0m the Python 2.7 and compiler prerequisites in the installation instructions and
oracledb [31mERR![0m then install from source code with: npm install oracle/node-oracledb.git#v2.1.2
oracledb [31mERR![0m See https://github.com/oracle/node-oracledb/blob/master/INSTALL.md 

npm WARN optional SKIPPING OPTIONAL DEPENDENCY: fsevents@~2.3.1 (node_modules/chokidar/node_modules/fsevents):
npm WARN notsup SKIPPING OPTIONAL DEPENDENCY: Unsupported platform for fsevents@2.3.2: wanted {"os":"darwin","arch":"any"} (current: {"os":"linux","arch":"x64"})

npm ERR! code ELIFECYCLE
npm ERR! errno 87
npm ERR! oracledb@2.1.2 install: `node package/oracledbinstall.js`
npm ERR! Exit status 87
npm ERR! 
npm ERR! Failed at the oracledb@2.1.2 install script.
npm ERR! This is probably not a problem with npm. There is likely additional logging output above.

npm ERR! A complete log of this run can be found in:
npm ERR!     /github/home/.npm/_logs/2022-02-23T04_38_52_359Z-debug.log
npm WARN deprecated oracledb@2.2.0: Update to node-oracledb 5

> oracledb@2.2.0 install /__w/appoptics-apm-node/appoptics-apm-node/node_modules/oracledb
> node package/oracledbinstall.js

oracledb Beginning installation
oracledb Verifying installation
oracledb Continuing installation
oracledb [31mERR![0m NJS-054: Binary build/Release/oracledb.node was not installed.
oracledb [31mERR![0m Pre-built binary packages are not available for this version of Node.js (NODE_MODULE_VERSION="64")
oracledb [31mERR![0m Failed to install binary package oracledb-v2.2.0-node-v64-linux-x64.gz
oracledb [31mERR![0m Error: HTTPS request for https://github.com/oracle/node-oracledb/releases/download/v2.2.0/oracledb-v2.2.0-node-v64-linux-x64.gz failed with code 404
oracledb [31mERR![0m For help see https://oracle.github.io/node-oracledb/INSTALL.html#troubleshooting

npm WARN optional SKIPPING OPTIONAL DEPENDENCY: fsevents@~2.3.1 (node_modules/chokidar/node_modules/fsevents):
npm WARN notsup SKIPPING OPTIONAL DEPENDENCY: Unsupported platform for fsevents@2.3.2: wanted {"os":"darwin","arch":"any"} (current: {"os":"linux","arch":"x64"})

npm ERR! code ELIFECYCLE
npm ERR! errno 87
npm ERR! oracledb@2.2.0 install: `node package/oracledbinstall.js`
npm ERR! Exit status 87
npm ERR! 
npm ERR! Failed at the oracledb@2.2.0 install script.
npm ERR! This is probably not a problem with npm. There is likely additional logging output above.

npm ERR! A complete log of this run can be found in:
npm ERR!     /github/home/.npm/_logs/2022-02-23T04_38_57_229Z-debug.log
npm WARN deprecated oracledb@2.3.0: Update to node-oracledb 5

> oracledb@2.3.0 install /__w/appoptics-apm-node/appoptics-apm-node/node_modules/oracledb
> node package/oracledbinstall.js

oracledb Beginning installation
oracledb Verifying installation
oracledb Continuing installation
oracledb Oracledb downloaded
oracledb Verifying installation
oracledb Binary SHA matches SHA in SHASUMS256.txt
oracledb 
oracledb ********************************************************************************
oracledb ** Node-oracledb 2.3.0 installation complete for Node.js 10.24.1 (linux, x64)
oracledb **
oracledb ** To use the installed node-oracledb:
oracledb ** - You must have 64-bit Oracle client libraries in LD_LIBRARY_PATH, or configured with ldconfig
oracledb ** - If you do not already have libraries, install the Instant Client Basic or Basic Light package from 
oracledb **   http://www.oracle.com/technetwork/topics/linuxx86-64soft-092277.html
oracledb **
oracledb ** Node-oracledb installation instructions: https://oracle.github.io/node-oracledb/INSTALL.html
oracledb ********************************************************************************

npm WARN optional SKIPPING OPTIONAL DEPENDENCY: fsevents@~2.3.1 (node_modules/chokidar/node_modules/fsevents):
npm WARN notsup SKIPPING OPTIONAL DEPENDENCY: Unsupported platform for fsevents@2.3.2: wanted {"os":"darwin","arch":"any"} (current: {"os":"linux","arch":"x64"})

+ oracledb@2.3.0
added 1 package and audited 913 packages in 5.418s

83 packages are looking for funding
  run `npm fund` for details

found 8 vulnerabilities (3 moderate, 5 high)
  run `npm audit fix` to fix them, or `npm audit` for details
2022-02-23T04:39:04.097Z appoptics:debug read config from /__w/appoptics-apm-node/appoptics-apm-node/appoptics-apm-config
2022-02-23T04:39:04.098Z appoptics:debug guc ignoring APPOPTICS_LOG_SETTINGS
2022-02-23T04:39:04.098Z appoptics:debug serviceKey dIOz...wWK0:ao-node-test
2022-02-23T04:39:04.099Z appoptics:debug using context provider: ace-context
2022-02-23T04:39:04.173Z appoptics:debug apm 10.2.1, bindings 11.2.0, oboe 10.2.0
2022-02-23T04:39:04.357Z appoptics:patching patched crypto 
2022-02-23T04:39:04.389Z appoptics:patching patched https 
2022-02-23T04:39:04.389Z appoptics:patching patched http 
2022-02-23T04:39:04.513Z appoptics:patching patched oracledb 2.3.0
2022-02-23T04:39:04.517Z appoptics:debug starting runtimeMetrics


  probes.oracledb 2.3.0
    âœ“ UDP might lose a message
    âœ“ should be configured to sanitize SQL by default
2022-02-23T04:39:04.696Z appoptics:debug span.exit - no last event outer outer:entry 2b-825b80e8e0eb24dc6d18d8cc704435dedea0422d-f6d2d477afa1b92d-01 outer:exit 2b-825b80e8e0eb24dc6d18d8cc704435dedea0422d-c4e2deed1faa0073-01
2022-02-23T04:39:04.696Z appoptics:error Can not set lastEvent. Context may be lost.
    1) should trace execute calls
2022-02-23T04:39:04.744Z appoptics:debug span.exit - no last event outer outer:entry 2b-d78911203a7c27d442f452d9e5d5deb92ee9a297-8f7366d8aeb6af1e-01 outer:exit 2b-d78911203a7c27d442f452d9e5d5deb92ee9a297-4e6e4cd72fe70034-01
2022-02-23T04:39:04.744Z appoptics:error Can not set lastEvent. Context may be lost.
    2) should sanitize query
2022-02-23T04:39:04.899Z appoptics:debug span.exit - no last event outer outer:entry 2b-fe25bc9a6870f5f24c29b2fe482d2b9c08f544a2-61f7b28cbc299f4a-01 outer:exit 2b-fe25bc9a6870f5f24c29b2fe482d2b9c08f544a2-ccc6bdcc064d967a-01
2022-02-23T04:39:04.899Z appoptics:error Can not set lastEvent. Context may be lost.
    3) should truncate long queries
2022-02-23T04:39:04.949Z appoptics:debug span.exit - no last event outer outer:entry 2b-486927c270e87f90120a0e0c4ca33a780c553a22-b4a6538026fdaf99-01 outer:exit 2b-486927c270e87f90120a0e0c4ca33a780c553a22-0194e46ed9d73929-01
2022-02-23T04:39:04.949Z appoptics:error Can not set lastEvent. Context may be lost.
    4) should trace execute calls in pool
2022-02-23T04:39:04.992Z appoptics:debug span.exit - no last event outer outer:entry 2b-6f6dc5fdc3677e63216294743efa1b4203769ac2-2ecad92988ab8a2d-01 outer:exit 2b-6f6dc5fdc3677e63216294743efa1b4203769ac2-c5d6a91a3216821d-01
2022-02-23T04:39:04.993Z appoptics:error Can not set lastEvent. Context may be lost.
    5) should include correct isAutoCommit value
2022-02-23T04:39:05.036Z appoptics:debug span.exit - no last event outer outer:entry 2b-0f4d1b5f32fac1abba25baa79f1cfc96156b9534-97eebd44b191ba42-01 outer:exit 2b-0f4d1b5f32fac1abba25baa79f1cfc96156b9534-ce48b88f73a1b91b-01
2022-02-23T04:39:05.037Z appoptics:error Can not set lastEvent. Context may be lost.
    âœ“ should do nothing when disabled (42ms)


  3 passing (515ms)
  5 failing

  1) probes.oracledb 2.3.0
       should trace execute calls:
     Uncaught AssertionError: expected Object {
  Edge: 'F6D2D477AFA1B92D',
  Hostname: 'a66a62bea68a',
  Label: 'exit',
  Layer: 'outer',
  TID: 628,
  Timestamp_u: 1645591144696699,
  'X-Trace': '2B825B80E8E0EB24DC6D18D8CC704435DEDEA0422DC4E2DEED1FAA007301',
  _V: '1'
} to have property Layer of 'oracle' (got 'outer')
      at Assertion.fail (node_modules/should/lib/assertion.js:92:17)
      at Assertion.value [as property] (node_modules/should/lib/assertion.js:164:19)
      at Object.oracle-entry (test/probes/oracledb.test.js:64:23)
      at /__w/appoptics-apm-node/appoptics-apm-node/test/probes/oracledb.test.js:96:31
      at EventEmitter.onMessage (test/helper.js:170:9)
      at Socket.<anonymous> (test/helper.js:112:13)
      at UDP.onMessage [as onmessage] (dgram.js:628:8)

  2) probes.oracledb 2.3.0
       should sanitize query:
     Uncaught AssertionError: expected Object {
  Edge: '8F7366D8AEB6AF1E',
  Hostname: 'a66a62bea68a',
  Label: 'exit',
  Layer: 'outer',
  TID: 628,
  Timestamp_u: 1645591144744430,
  'X-Trace': '2BD78911203A7C27D442F452D9E5D5DEB92EE9A2974E6E4CD72FE7003401',
  _V: '1'
} to have property Layer of 'oracle' (got 'outer')
      at Assertion.fail (node_modules/should/lib/assertion.js:92:17)
      at Assertion.value [as property] (node_modules/should/lib/assertion.js:164:19)
      at Object.oracle-entry (test/probes/oracledb.test.js:64:23)
      at helper.test.ao.probes.oracledb.sanitizeSql (test/probes/oracledb.test.js:120:31)
      at EventEmitter.onMessage (test/helper.js:170:9)
      at Socket.<anonymous> (test/helper.js:112:13)
      at UDP.onMessage [as onmessage] (dgram.js:628:8)

  3) probes.oracledb 2.3.0
       should truncate long queries:
     Uncaught AssertionError: expected Object {
  Edge: '61F7B28CBC299F4A',
  Hostname: 'a66a62bea68a',
  Label: 'exit',
  Layer: 'outer',
  TID: 628,
  Timestamp_u: 1645591144899900,
  'X-Trace': '2BFE25BC9A6870F5F24C29B2FE482D2B9C08F544A2CCC6BDCC064D967A01',
  _V: '1'
} to have property Layer of 'oracle' (got 'outer')
      at Assertion.fail (node_modules/should/lib/assertion.js:92:17)
      at Assertion.value [as property] (node_modules/should/lib/assertion.js:164:19)
      at Object.oracle-entry (test/probes/oracledb.test.js:64:23)
      at /__w/appoptics-apm-node/appoptics-apm-node/test/probes/oracledb.test.js:152:31
      at EventEmitter.onMessage (test/helper.js:170:9)
      at Socket.<anonymous> (test/helper.js:112:13)
      at UDP.onMessage [as onmessage] (dgram.js:628:8)

  4) probes.oracledb 2.3.0
       should trace execute calls in pool:
     Uncaught AssertionError: expected Object {
  Edge: 'B4A6538026FDAF99',
  Hostname: 'a66a62bea68a',
  Label: 'exit',
  Layer: 'outer',
  TID: 628,
  Timestamp_u: 1645591144949552,
  'X-Trace': '2B486927C270E87F90120A0E0C4CA33A780C553A220194E46ED9D7392901',
  _V: '1'
} to have property Layer of 'oracle' (got 'outer')
      at Assertion.fail (node_modules/should/lib/assertion.js:92:17)
      at Assertion.value [as property] (node_modules/should/lib/assertion.js:164:19)
      at Object.oracle-entry (test/probes/oracledb.test.js:64:23)
      at /__w/appoptics-apm-node/appoptics-apm-node/test/probes/oracledb.test.js:176:31
      at EventEmitter.onMessage (test/helper.js:170:9)
      at Socket.<anonymous> (test/helper.js:112:13)
      at UDP.onMessage [as onmessage] (dgram.js:628:8)

  5) probes.oracledb 2.3.0
       should include correct isAutoCommit value:
     Uncaught AssertionError: expected Object {
  Edge: '2ECAD92988AB8A2D',
  Hostname: 'a66a62bea68a',
  Label: 'exit',
  Layer: 'outer',
  TID: 628,
  Timestamp_u: 1645591144993059,
  'X-Trace': '2B6F6DC5FDC3677E63216294743EFA1B4203769AC2C5D6A91A3216821D01',
  _V: '1'
} to have property Layer of 'oracle' (got 'outer')
      at Assertion.fail (node_modules/should/lib/assertion.js:92:17)
      at Assertion.value [as property] (node_modules/should/lib/assertion.js:164:19)
      at Object.oracle-entry (test/probes/oracledb.test.js:64:23)
      at /__w/appoptics-apm-node/appoptics-apm-node/test/probes/oracledb.test.js:219:31
      at EventEmitter.onMessage (test/helper.js:170:9)
      at Socket.<anonymous> (test/helper.js:112:13)
      at UDP.onMessage [as onmessage] (dgram.js:628:8)



npm WARN deprecated oracledb@3.0.0: Update to node-oracledb 5

> oracledb@3.0.0 install /__w/appoptics-apm-node/appoptics-apm-node/node_modules/oracledb
> node package/oracledbinstall.js

oracledb Beginning installation
oracledb Verifying installation
oracledb Continuing installation
oracledb Oracledb downloaded
oracledb Verifying installation
oracledb Binary SHA matches SHA in SHASUMS256.txt
oracledb 
oracledb ********************************************************************************
oracledb ** Node-oracledb 3.0.0 installation complete for Node.js 10.24.1 (linux, x64)
oracledb **
oracledb ** To use the installed node-oracledb:
oracledb ** - You must have 64-bit Oracle client libraries in LD_LIBRARY_PATH, or configured with ldconfig
oracledb ** - If you do not already have libraries, install the Instant Client Basic or Basic Light package from 
oracledb **   http://www.oracle.com/technetwork/topics/linuxx86-64soft-092277.html
oracledb **
oracledb ** Node-oracledb installation instructions: https://oracle.github.io/node-oracledb/INSTALL.html
oracledb ********************************************************************************

npm WARN optional SKIPPING OPTIONAL DEPENDENCY: fsevents@~2.3.1 (node_modules/chokidar/node_modules/fsevents):
npm WARN notsup SKIPPING OPTIONAL DEPENDENCY: Unsupported platform for fsevents@2.3.2: wanted {"os":"darwin","arch":"any"} (current: {"os":"linux","arch":"x64"})

+ oracledb@3.0.0
updated 1 package and audited 913 packages in 7.887s

83 packages are looking for funding
  run `npm fund` for details

found 8 vulnerabilities (3 moderate, 5 high)
  run `npm audit fix` to fix them, or `npm audit` for details
2022-02-23T04:39:14.033Z appoptics:debug read config from /__w/appoptics-apm-node/appoptics-apm-node/appoptics-apm-config
2022-02-23T04:39:14.034Z appoptics:debug guc ignoring APPOPTICS_LOG_SETTINGS
2022-02-23T04:39:14.035Z appoptics:debug serviceKey dIOz...wWK0:ao-node-test
2022-02-23T04:39:14.035Z appoptics:debug using context provider: ace-context
2022-02-23T04:39:14.108Z appoptics:debug apm 10.2.1, bindings 11.2.0, oboe 10.2.0
2022-02-23T04:39:14.290Z appoptics:patching patched crypto 
2022-02-23T04:39:14.319Z appoptics:patching patched https 
2022-02-23T04:39:14.319Z appoptics:patching patched http 
2022-02-23T04:39:14.356Z appoptics:patching patched oracledb 3.0.0
2022-02-23T04:39:14.361Z appoptics:debug starting runtimeMetrics


  probes.oracledb 3.0.0
    âœ“ UDP might lose a message
    âœ“ should be configured to sanitize SQL by default
2022-02-23T04:39:14.455Z appoptics:debug span.exit - no last event outer outer:entry 2b-d27dda95ae46532cb12c02b7ea8881a86798137a-d04bb185cf151dde-01 outer:exit 2b-d27dda95ae46532cb12c02b7ea8881a86798137a-911267637d62d317-01
2022-02-23T04:39:14.455Z appoptics:error Can not set lastEvent. Context may be lost.
    1) should trace execute calls
2022-02-23T04:39:14.503Z appoptics:debug span.exit - no last event outer outer:entry 2b-5cdba424a0f4c7abe70b10009b5107c10adc4ca6-6388808256285caf-01 outer:exit 2b-5cdba424a0f4c7abe70b10009b5107c10adc4ca6-3fe5633932b1347b-01
2022-02-23T04:39:14.503Z appoptics:error Can not set lastEvent. Context may be lost.
    2) should sanitize query
2022-02-23T04:39:14.642Z appoptics:debug span.exit - no last event outer outer:entry 2b-a84165e6a01e5de5cdfe51c9b37ac3cd2b23a58b-b20111b7e550c544-01 outer:exit 2b-a84165e6a01e5de5cdfe51c9b37ac3cd2b23a58b-aa3b7e3bbae7bd3e-01
2022-02-23T04:39:14.642Z appoptics:error Can not set lastEvent. Context may be lost.
    3) should truncate long queries
2022-02-23T04:39:14.688Z appoptics:debug span.exit - no last event outer outer:entry 2b-6d65a2dcc2e581dab950f5d9798885a21428828a-d9156a6ec7e46485-01 outer:exit 2b-6d65a2dcc2e581dab950f5d9798885a21428828a-1dbb46777cf9a278-01
2022-02-23T04:39:14.689Z appoptics:error Can not set lastEvent. Context may be lost.
    4) should trace execute calls in pool
2022-02-23T04:39:14.732Z appoptics:debug span.exit - no last event outer outer:entry 2b-c4e5e07309c52ae6f28460456b761f090567434c-333984d403499a2d-01 outer:exit 2b-c4e5e07309c52ae6f28460456b761f090567434c-310b47e9340ec189-01
2022-02-23T04:39:14.733Z appoptics:error Can not set lastEvent. Context may be lost.
    5) should include correct isAutoCommit value
2022-02-23T04:39:14.778Z appoptics:debug span.exit - no last event outer outer:entry 2b-b42115eebd3d13b2ac35cf1e904ec275e0e69873-29bf281c990a7c07-01 outer:exit 2b-b42115eebd3d13b2ac35cf1e904ec275e0e69873-79b894215942066c-01
2022-02-23T04:39:14.778Z appoptics:error Can not set lastEvent. Context may be lost.
    âœ“ should do nothing when disabled (44ms)


  3 passing (415ms)
  5 failing

  1) probes.oracledb 3.0.0
       should trace execute calls:
     Uncaught AssertionError: expected Object {
  Edge: 'D04BB185CF151DDE',
  Hostname: 'a66a62bea68a',
  Label: 'exit',
  Layer: 'outer',
  TID: 760,
  Timestamp_u: 1645591154455672,
  'X-Trace': '2BD27DDA95AE46532CB12C02B7EA8881A86798137A911267637D62D31701',
  _V: '1'
} to have property Layer of 'oracle' (got 'outer')
      at Assertion.fail (node_modules/should/lib/assertion.js:92:17)
      at Assertion.value [as property] (node_modules/should/lib/assertion.js:164:19)
      at Object.oracle-entry (test/probes/oracledb.test.js:64:23)
      at /__w/appoptics-apm-node/appoptics-apm-node/test/probes/oracledb.test.js:96:31
      at EventEmitter.onMessage (test/helper.js:170:9)
      at Socket.<anonymous> (test/helper.js:112:13)
      at UDP.onMessage [as onmessage] (dgram.js:628:8)

  2) probes.oracledb 3.0.0
       should sanitize query:
     Uncaught AssertionError: expected Object {
  Edge: '6388808256285CAF',
  Hostname: 'a66a62bea68a',
  Label: 'exit',
  Layer: 'outer',
  TID: 760,
  Timestamp_u: 1645591154503602,
  'X-Trace': '2B5CDBA424A0F4C7ABE70B10009B5107C10ADC4CA63FE5633932B1347B01',
  _V: '1'
} to have property Layer of 'oracle' (got 'outer')
      at Assertion.fail (node_modules/should/lib/assertion.js:92:17)
      at Assertion.value [as property] (node_modules/should/lib/assertion.js:164:19)
      at Object.oracle-entry (test/probes/oracledb.test.js:64:23)
      at helper.test.ao.probes.oracledb.sanitizeSql (test/probes/oracledb.test.js:120:31)
      at EventEmitter.onMessage (test/helper.js:170:9)
      at Socket.<anonymous> (test/helper.js:112:13)
      at UDP.onMessage [as onmessage] (dgram.js:628:8)

  3) probes.oracledb 3.0.0
       should truncate long queries:
     Uncaught AssertionError: expected Object {
  Edge: 'B20111B7E550C544',
  Hostname: 'a66a62bea68a',
  Label: 'exit',
  Layer: 'outer',
  TID: 760,
  Timestamp_u: 1645591154642748,
  'X-Trace': '2BA84165E6A01E5DE5CDFE51C9B37AC3CD2B23A58BAA3B7E3BBAE7BD3E01',
  _V: '1'
} to have property Layer of 'oracle' (got 'outer')
      at Assertion.fail (node_modules/should/lib/assertion.js:92:17)
      at Assertion.value [as property] (node_modules/should/lib/assertion.js:164:19)
      at Object.oracle-entry (test/probes/oracledb.test.js:64:23)
      at /__w/appoptics-apm-node/appoptics-apm-node/test/probes/oracledb.test.js:152:31
      at EventEmitter.onMessage (test/helper.js:170:9)
      at Socket.<anonymous> (test/helper.js:112:13)
      at UDP.onMessage [as onmessage] (dgram.js:628:8)

  4) probes.oracledb 3.0.0
       should trace execute calls in pool:
     Uncaught AssertionError: expected Object {
  Edge: 'D9156A6EC7E46485',
  Hostname: 'a66a62bea68a',
  Label: 'exit',
  Layer: 'outer',
  TID: 760,
  Timestamp_u: 1645591154689091,
  'X-Trace': '2B6D65A2DCC2E581DAB950F5D9798885A21428828A1DBB46777CF9A27801',
  _V: '1'
} to have property Layer of 'oracle' (got 'outer')
      at Assertion.fail (node_modules/should/lib/assertion.js:92:17)
      at Assertion.value [as property] (node_modules/should/lib/assertion.js:164:19)
      at Object.oracle-entry (test/probes/oracledb.test.js:64:23)
      at /__w/appoptics-apm-node/appoptics-apm-node/test/probes/oracledb.test.js:176:31
      at EventEmitter.onMessage (test/helper.js:170:9)
      at Socket.<anonymous> (test/helper.js:112:13)
      at UDP.onMessage [as onmessage] (dgram.js:628:8)

  5) probes.oracledb 3.0.0
       should include correct isAutoCommit value:
     Uncaught AssertionError: expected Object {
  Edge: '333984D403499A2D',
  Hostname: 'a66a62bea68a',
  Label: 'exit',
  Layer: 'outer',
  TID: 760,
  Timestamp_u: 1645591154733055,
  'X-Trace': '2BC4E5E07309C52AE6F28460456B761F090567434C310B47E9340EC18901',
  _V: '1'
} to have property Layer of 'oracle' (got 'outer')
      at Assertion.fail (node_modules/should/lib/assertion.js:92:17)
      at Assertion.value [as property] (node_modules/should/lib/assertion.js:164:19)
      at Object.oracle-entry (test/probes/oracledb.test.js:64:23)
      at /__w/appoptics-apm-node/appoptics-apm-node/test/probes/oracledb.test.js:219:31
      at EventEmitter.onMessage (test/helper.js:170:9)
      at Socket.<anonymous> (test/helper.js:112:13)
      at UDP.onMessage [as onmessage] (dgram.js:628:8)



npm WARN deprecated oracledb@3.0.1: Update to node-oracledb 5

> oracledb@3.0.1 install /__w/appoptics-apm-node/appoptics-apm-node/node_modules/oracledb
> node package/oracledbinstall.js

oracledb Beginning installation
oracledb Oracledb downloaded
oracledb 
oracledb ********************************************************************************
oracledb ** Node-oracledb 3.0.1 installation complete for Node.js 10.24.1 (linux, x64)
oracledb **
oracledb ** To use node-oracledb:
oracledb ** - You must have 64-bit Oracle client libraries in LD_LIBRARY_PATH, or configured with ldconfig
oracledb ** - If you do not already have libraries, install the Instant Client Basic or Basic Light package from 
oracledb **   http://www.oracle.com/technetwork/topics/linuxx86-64soft-092277.html
oracledb **
oracledb ** Installation instructions: https://oracle.github.io/node-oracledb/INSTALL.html
oracledb ********************************************************************************

oracledb 
npm WARN optional SKIPPING OPTIONAL DEPENDENCY: fsevents@~2.3.1 (node_modules/chokidar/node_modules/fsevents):
npm WARN notsup SKIPPING OPTIONAL DEPENDENCY: Unsupported platform for fsevents@2.3.2: wanted {"os":"darwin","arch":"any"} (current: {"os":"linux","arch":"x64"})

+ oracledb@3.0.1
updated 1 package and audited 913 packages in 8.111s

83 packages are looking for funding
  run `npm fund` for details

found 8 vulnerabilities (3 moderate, 5 high)
  run `npm audit fix` to fix them, or `npm audit` for details
2022-02-23T04:39:24.195Z appoptics:debug read config from /__w/appoptics-apm-node/appoptics-apm-node/appoptics-apm-config
2022-02-23T04:39:24.197Z appoptics:debug guc ignoring APPOPTICS_LOG_SETTINGS
2022-02-23T04:39:24.197Z appoptics:debug serviceKey dIOz...wWK0:ao-node-test
2022-02-23T04:39:24.198Z appoptics:debug using context provider: ace-context
2022-02-23T04:39:24.273Z appoptics:debug apm 10.2.1, bindings 11.2.0, oboe 10.2.0
2022-02-23T04:39:24.454Z appoptics:patching patched crypto 
2022-02-23T04:39:24.482Z appoptics:patching patched https 
2022-02-23T04:39:24.482Z appoptics:patching patched http 
2022-02-23T04:39:24.520Z appoptics:patching patched oracledb 3.0.1
2022-02-23T04:39:24.526Z appoptics:debug starting runtimeMetrics


  probes.oracledb 3.0.1
    âœ“ UDP might lose a message
    âœ“ should be configured to sanitize SQL by default
2022-02-23T04:39:24.609Z appoptics:debug span.exit - no last event outer outer:entry 2b-330e07b302f1f4303d83022479fafe23bef793f5-46bf324b2683d88f-01 outer:exit 2b-330e07b302f1f4303d83022479fafe23bef793f5-0a47d5f55868ed37-01
2022-02-23T04:39:24.609Z appoptics:error Can not set lastEvent. Context may be lost.
    1) should trace execute calls
2022-02-23T04:39:24.656Z appoptics:debug span.exit - no last event outer outer:entry 2b-98a0b105bb45be63fc1658cfb01b911c2490c90e-11d7d5494995b945-01 outer:exit 2b-98a0b105bb45be63fc1658cfb01b911c2490c90e-933e7fdf3833f952-01
2022-02-23T04:39:24.656Z appoptics:error Can not set lastEvent. Context may be lost.
    2) should sanitize query
2022-02-23T04:39:24.799Z appoptics:debug span.exit - no last event outer outer:entry 2b-eb1f6a0eebc33cd70d7b2b703cb490acac26f16a-369ed1438e10c7d9-01 outer:exit 2b-eb1f6a0eebc33cd70d7b2b703cb490acac26f16a-43e015870c65be93-01
2022-02-23T04:39:24.799Z appoptics:error Can not set lastEvent. Context may be lost.
    3) should truncate long queries
2022-02-23T04:39:24.846Z appoptics:debug span.exit - no last event outer outer:entry 2b-0dc95efc9a1134003c8b0a3cbe617684241578f0-a10f0fc69bb52461-01 outer:exit 2b-0dc95efc9a1134003c8b0a3cbe617684241578f0-35feb8c23827dee4-01
2022-02-23T04:39:24.846Z appoptics:error Can not set lastEvent. Context may be lost.
    4) should trace execute calls in pool
2022-02-23T04:39:24.895Z appoptics:debug span.exit - no last event outer outer:entry 2b-b25b9e6ad29386cb1035dfeac6cb80fdb781c6d9-697b32b07b4fc3ef-01 outer:exit 2b-b25b9e6ad29386cb1035dfeac6cb80fdb781c6d9-4c4067196547f5b1-01
2022-02-23T04:39:24.895Z appoptics:error Can not set lastEvent. Context may be lost.
    5) should include correct isAutoCommit value
2022-02-23T04:39:24.942Z appoptics:debug span.exit - no last event outer outer:entry 2b-cf98624c91966a8517b080a956aa85ee0de295a3-78253ae7d90f85ed-01 outer:exit 2b-cf98624c91966a8517b080a956aa85ee0de295a3-f95c5a3895871de4-01
2022-02-23T04:39:24.942Z appoptics:error Can not set lastEvent. Context may be lost.
    âœ“ should do nothing when disabled (44ms)


  3 passing (412ms)
  5 failing

  1) probes.oracledb 3.0.1
       should trace execute calls:
     Uncaught AssertionError: expected Object {
  Edge: '46BF324B2683D88F',
  Hostname: 'a66a62bea68a',
  Label: 'exit',
  Layer: 'outer',
  TID: 892,
  Timestamp_u: 1645591164609928,
  'X-Trace': '2B330E07B302F1F4303D83022479FAFE23BEF793F50A47D5F55868ED3701',
  _V: '1'
} to have property Layer of 'oracle' (got 'outer')
      at Assertion.fail (node_modules/should/lib/assertion.js:92:17)
      at Assertion.value [as property] (node_modules/should/lib/assertion.js:164:19)
      at Object.oracle-entry (test/probes/oracledb.test.js:64:23)
      at /__w/appoptics-apm-node/appoptics-apm-node/test/probes/oracledb.test.js:96:31
      at EventEmitter.onMessage (test/helper.js:170:9)
      at Socket.<anonymous> (test/helper.js:112:13)
      at UDP.onMessage [as onmessage] (dgram.js:628:8)

  2) probes.oracledb 3.0.1
       should sanitize query:
     Uncaught AssertionError: expected Object {
  Edge: '11D7D5494995B945',
  Hostname: 'a66a62bea68a',
  Label: 'exit',
  Layer: 'outer',
  TID: 892,
  Timestamp_u: 1645591164656497,
  'X-Trace': '2B98A0B105BB45BE63FC1658CFB01B911C2490C90E933E7FDF3833F95201',
  _V: '1'
} to have property Layer of 'oracle' (got 'outer')
      at Assertion.fail (node_modules/should/lib/assertion.js:92:17)
      at Assertion.value [as property] (node_modules/should/lib/assertion.js:164:19)
      at Object.oracle-entry (test/probes/oracledb.test.js:64:23)
      at helper.test.ao.probes.oracledb.sanitizeSql (test/probes/oracledb.test.js:120:31)
      at EventEmitter.onMessage (test/helper.js:170:9)
      at Socket.<anonymous> (test/helper.js:112:13)
      at UDP.onMessage [as onmessage] (dgram.js:628:8)

  3) probes.oracledb 3.0.1
       should truncate long queries:
     Uncaught AssertionError: expected Object {
  Edge: '369ED1438E10C7D9',
  Hostname: 'a66a62bea68a',
  Label: 'exit',
  Layer: 'outer',
  TID: 892,
  Timestamp_u: 1645591164799514,
  'X-Trace': '2BEB1F6A0EEBC33CD70D7B2B703CB490ACAC26F16A43E015870C65BE9301',
  _V: '1'
} to have property Layer of 'oracle' (got 'outer')
      at Assertion.fail (node_modules/should/lib/assertion.js:92:17)
      at Assertion.value [as property] (node_modules/should/lib/assertion.js:164:19)
      at Object.oracle-entry (test/probes/oracledb.test.js:64:23)
      at /__w/appoptics-apm-node/appoptics-apm-node/test/probes/oracledb.test.js:152:31
      at EventEmitter.onMessage (test/helper.js:170:9)
      at Socket.<anonymous> (test/helper.js:112:13)
      at UDP.onMessage [as onmessage] (dgram.js:628:8)

  4) probes.oracledb 3.0.1
       should trace execute calls in pool:
     Uncaught AssertionError: expected Object {
  Edge: 'A10F0FC69BB52461',
  Hostname: 'a66a62bea68a',
  Label: 'exit',
  Layer: 'outer',
  TID: 892,
  Timestamp_u: 1645591164846681,
  'X-Trace': '2B0DC95EFC9A1134003C8B0A3CBE617684241578F035FEB8C23827DEE401',
  _V: '1'
} to have property Layer of 'oracle' (got 'outer')
      at Assertion.fail (node_modules/should/lib/assertion.js:92:17)
      at Assertion.value [as property] (node_modules/should/lib/assertion.js:164:19)
      at Object.oracle-entry (test/probes/oracledb.test.js:64:23)
      at /__w/appoptics-apm-node/appoptics-apm-node/test/probes/oracledb.test.js:176:31
      at EventEmitter.onMessage (test/helper.js:170:9)
      at Socket.<anonymous> (test/helper.js:112:13)
      at UDP.onMessage [as onmessage] (dgram.js:628:8)

  5) probes.oracledb 3.0.1
       should include correct isAutoCommit value:
     Uncaught AssertionError: expected Object {
  Edge: '697B32B07B4FC3EF',
  Hostname: 'a66a62bea68a',
  Label: 'exit',
  Layer: 'outer',
  TID: 892,
  Timestamp_u: 1645591164895916,
  'X-Trace': '2BB25B9E6AD29386CB1035DFEAC6CB80FDB781C6D94C4067196547F5B101',
  _V: '1'
} to have property Layer of 'oracle' (got 'outer')
      at Assertion.fail (node_modules/should/lib/assertion.js:92:17)
      at Assertion.value [as property] (node_modules/should/lib/assertion.js:164:19)
      at Object.oracle-entry (test/probes/oracledb.test.js:64:23)
      at /__w/appoptics-apm-node/appoptics-apm-node/test/probes/oracledb.test.js:219:31
      at EventEmitter.onMessage (test/helper.js:170:9)
      at Socket.<anonymous> (test/helper.js:112:13)
      at UDP.onMessage [as onmessage] (dgram.js:628:8)



npm WARN deprecated oracledb@3.1.0: Update to node-oracledb 5

> oracledb@3.1.0 install /__w/appoptics-apm-node/appoptics-apm-node/node_modules/oracledb
> node package/install.js

oracledb ********************************************************************************
oracledb ** Node-oracledb 3.1.0 installed for Node.js 10.24.1 (linux, x64)
oracledb **
oracledb ** To use node-oracledb:
oracledb ** - Oracle Client libraries (64-bit) must be configured with ldconfig or LD_LIBRARY_PATH
oracledb ** - To get libraries, install an Instant Client Basic or Basic Light package from
oracledb **   https://www.oracle.com/technetwork/topics/linuxx86-64soft-092277.html
oracledb **
oracledb ** Installation instructions: https://oracle.github.io/node-oracledb/INSTALL.html
oracledb ********************************************************************************

npm WARN optional SKIPPING OPTIONAL DEPENDENCY: fsevents@~2.3.1 (node_modules/chokidar/node_modules/fsevents):
npm WARN notsup SKIPPING OPTIONAL DEPENDENCY: Unsupported platform for fsevents@2.3.2: wanted {"os":"darwin","arch":"any"} (current: {"os":"linux","arch":"x64"})

+ oracledb@3.1.0
updated 1 package and audited 913 packages in 4.291s

83 packages are looking for funding
  run `npm fund` for details

found 8 vulnerabilities (3 moderate, 5 high)
  run `npm audit fix` to fix them, or `npm audit` for details
2022-02-23T04:39:30.413Z appoptics:debug read config from /__w/appoptics-apm-node/appoptics-apm-node/appoptics-apm-config
2022-02-23T04:39:30.415Z appoptics:debug guc ignoring APPOPTICS_LOG_SETTINGS
2022-02-23T04:39:30.415Z appoptics:debug serviceKey dIOz...wWK0:ao-node-test
2022-02-23T04:39:30.416Z appoptics:debug using context provider: ace-context
2022-02-23T04:39:30.502Z appoptics:debug apm 10.2.1, bindings 11.2.0, oboe 10.2.0
2022-02-23T04:39:30.695Z appoptics:patching patched crypto 
2022-02-23T04:39:30.724Z appoptics:patching patched https 
2022-02-23T04:39:30.724Z appoptics:patching patched http 
2022-02-23T04:39:30.751Z appoptics:patching patched oracledb 3.1.0
2022-02-23T04:39:30.756Z appoptics:debug starting runtimeMetrics


  probes.oracledb 3.1.0
    âœ“ UDP might lose a message
    âœ“ should be configured to sanitize SQL by default
2022-02-23T04:39:30.860Z appoptics:debug span.exit - no last event outer outer:entry 2b-84e28adcc687a69384f2a3a7ec2e17644a8c103f-d4f5598fd289450b-01 outer:exit 2b-84e28adcc687a69384f2a3a7ec2e17644a8c103f-19b0d10a0bae7378-01
2022-02-23T04:39:30.860Z appoptics:error Can not set lastEvent. Context may be lost.
    1) should trace execute calls
2022-02-23T04:39:30.911Z appoptics:debug span.exit - no last event outer outer:entry 2b-52ad143a67096f39bf1e4f8aacb85204207b613f-fcda0d6fae538095-01 outer:exit 2b-52ad143a67096f39bf1e4f8aacb85204207b613f-360daaa6047ef3b9-01
2022-02-23T04:39:30.911Z appoptics:error Can not set lastEvent. Context may be lost.
    2) should sanitize query
2022-02-23T04:39:31.052Z appoptics:debug span.exit - no last event outer outer:entry 2b-87b0c607032c50c8b0ad6748eca2a3da482b56c3-51379ad4b17a3723-01 outer:exit 2b-87b0c607032c50c8b0ad6748eca2a3da482b56c3-6334cab3727bca0c-01
2022-02-23T04:39:31.052Z appoptics:error Can not set lastEvent. Context may be lost.
    3) should truncate long queries
2022-02-23T04:39:31.100Z appoptics:debug span.exit - no last event outer outer:entry 2b-21dfb50e6212ea50e40bdfbc31da9df905444d28-ef8adf0b5f1cfa2c-01 outer:exit 2b-21dfb50e6212ea50e40bdfbc31da9df905444d28-46a7bb5da9ddb7b6-01
2022-02-23T04:39:31.100Z appoptics:error Can not set lastEvent. Context may be lost.
    4) should trace execute calls in pool
2022-02-23T04:39:31.143Z appoptics:debug span.exit - no last event outer outer:entry 2b-03bd857c6aef614e461d1d1d3d9e1f784e7a67e6-80f9e3697f12f836-01 outer:exit 2b-03bd857c6aef614e461d1d1d3d9e1f784e7a67e6-154578bfae5220d0-01
2022-02-23T04:39:31.143Z appoptics:error Can not set lastEvent. Context may be lost.
    5) should include correct isAutoCommit value
2022-02-23T04:39:31.187Z appoptics:debug span.exit - no last event outer outer:entry 2b-9ced15e99abe5f4b29fecbe794d76cb886ef1b3b-f59bc990cebba4af-01 outer:exit 2b-9ced15e99abe5f4b29fecbe794d76cb886ef1b3b-0573e4abc09c2f28-01
2022-02-23T04:39:31.187Z appoptics:error Can not set lastEvent. Context may be lost.
    âœ“ should do nothing when disabled (42ms)


  3 passing (428ms)
  5 failing

  1) probes.oracledb 3.1.0
       should trace execute calls:
     Uncaught AssertionError: expected Object {
  Edge: 'D4F5598FD289450B',
  Hostname: 'a66a62bea68a',
  Label: 'exit',
  Layer: 'outer',
  TID: 924,
  Timestamp_u: 1645591170861047,
  'X-Trace': '2B84E28ADCC687A69384F2A3A7EC2E17644A8C103F19B0D10A0BAE737801',
  _V: '1'
} to have property Layer of 'oracle' (got 'outer')
      at Assertion.fail (node_modules/should/lib/assertion.js:92:17)
      at Assertion.value [as property] (node_modules/should/lib/assertion.js:164:19)
      at Object.oracle-entry (test/probes/oracledb.test.js:64:23)
      at /__w/appoptics-apm-node/appoptics-apm-node/test/probes/oracledb.test.js:96:31
      at EventEmitter.onMessage (test/helper.js:170:9)
      at Socket.<anonymous> (test/helper.js:112:13)
      at UDP.onMessage [as onmessage] (dgram.js:628:8)

  2) probes.oracledb 3.1.0
       should sanitize query:
     Uncaught AssertionError: expected Object {
  Edge: 'FCDA0D6FAE538095',
  Hostname: 'a66a62bea68a',
  Label: 'exit',
  Layer: 'outer',
  TID: 924,
  Timestamp_u: 1645591170911648,
  'X-Trace': '2B52AD143A67096F39BF1E4F8AACB85204207B613F360DAAA6047EF3B901',
  _V: '1'
} to have property Layer of 'oracle' (got 'outer')
      at Assertion.fail (node_modules/should/lib/assertion.js:92:17)
      at Assertion.value [as property] (node_modules/should/lib/assertion.js:164:19)
      at Object.oracle-entry (test/probes/oracledb.test.js:64:23)
      at helper.test.ao.probes.oracledb.sanitizeSql (test/probes/oracledb.test.js:120:31)
      at EventEmitter.onMessage (test/helper.js:170:9)
      at Socket.<anonymous> (test/helper.js:112:13)
      at UDP.onMessage [as onmessage] (dgram.js:628:8)

  3) probes.oracledb 3.1.0
       should truncate long queries:
     Uncaught AssertionError: expected Object {
  Edge: '51379AD4B17A3723',
  Hostname: 'a66a62bea68a',
  Label: 'exit',
  Layer: 'outer',
  TID: 924,
  Timestamp_u: 1645591171052673,
  'X-Trace': '2B87B0C607032C50C8B0AD6748ECA2A3DA482B56C36334CAB3727BCA0C01',
  _V: '1'
} to have property Layer of 'oracle' (got 'outer')
      at Assertion.fail (node_modules/should/lib/assertion.js:92:17)
      at Assertion.value [as property] (node_modules/should/lib/assertion.js:164:19)
      at Object.oracle-entry (test/probes/oracledb.test.js:64:23)
      at /__w/appoptics-apm-node/appoptics-apm-node/test/probes/oracledb.test.js:152:31
      at EventEmitter.onMessage (test/helper.js:170:9)
      at Socket.<anonymous> (test/helper.js:112:13)
      at UDP.onMessage [as onmessage] (dgram.js:628:8)

  4) probes.oracledb 3.1.0
       should trace execute calls in pool:
     Uncaught AssertionError: expected Object {
  Edge: 'EF8ADF0B5F1CFA2C',
  Hostname: 'a66a62bea68a',
  Label: 'exit',
  Layer: 'outer',
  TID: 924,
  Timestamp_u: 1645591171100420,
  'X-Trace': '2B21DFB50E6212EA50E40BDFBC31DA9DF905444D2846A7BB5DA9DDB7B601',
  _V: '1'
} to have property Layer of 'oracle' (got 'outer')
      at Assertion.fail (node_modules/should/lib/assertion.js:92:17)
      at Assertion.value [as property] (node_modules/should/lib/assertion.js:164:19)
      at Object.oracle-entry (test/probes/oracledb.test.js:64:23)
      at /__w/appoptics-apm-node/appoptics-apm-node/test/probes/oracledb.test.js:176:31
      at EventEmitter.onMessage (test/helper.js:170:9)
      at Socket.<anonymous> (test/helper.js:112:13)
      at UDP.onMessage [as onmessage] (dgram.js:628:8)

  5) probes.oracledb 3.1.0
       should include correct isAutoCommit value:
     Uncaught AssertionError: expected Object {
  Edge: '80F9E3697F12F836',
  Hostname: 'a66a62bea68a',
  Label: 'exit',
  Layer: 'outer',
  TID: 924,
  Timestamp_u: 1645591171143446,
  'X-Trace': '2B03BD857C6AEF614E461D1D1D3D9E1F784E7A67E6154578BFAE5220D001',
  _V: '1'
} to have property Layer of 'oracle' (got 'outer')
      at Assertion.fail (node_modules/should/lib/assertion.js:92:17)
      at Assertion.value [as property] (node_modules/should/lib/assertion.js:164:19)
      at Object.oracle-entry (test/probes/oracledb.test.js:64:23)
      at /__w/appoptics-apm-node/appoptics-apm-node/test/probes/oracledb.test.js:219:31
      at EventEmitter.onMessage (test/helper.js:170:9)
      at Socket.<anonymous> (test/helper.js:112:13)
      at UDP.onMessage [as onmessage] (dgram.js:628:8)



npm WARN deprecated oracledb@3.1.1: Update to node-oracledb 5

> oracledb@3.1.1 install /__w/appoptics-apm-node/appoptics-apm-node/node_modules/oracledb
> node package/install.js

oracledb ********************************************************************************
oracledb ** Node-oracledb 3.1.1 installed for Node.js 10.24.1 (linux, x64)
oracledb **
oracledb ** To use node-oracledb:
oracledb ** - Oracle Client libraries (64-bit) must be configured with ldconfig or LD_LIBRARY_PATH
oracledb ** - To get libraries, install an Instant Client Basic or Basic Light package from
oracledb **   https://www.oracle.com/technetwork/topics/linuxx86-64soft-092277.html
oracledb **
oracledb ** Installation instructions: https://oracle.github.io/node-oracledb/INSTALL.html
oracledb ********************************************************************************

npm WARN optional SKIPPING OPTIONAL DEPENDENCY: fsevents@~2.3.1 (node_modules/chokidar/node_modules/fsevents):
npm WARN notsup SKIPPING OPTIONAL DEPENDENCY: Unsupported platform for fsevents@2.3.2: wanted {"os":"darwin","arch":"any"} (current: {"os":"linux","arch":"x64"})

+ oracledb@3.1.1
updated 1 package and audited 913 packages in 5.43s

83 packages are looking for funding
  run `npm fund` for details

found 8 vulnerabilities (3 moderate, 5 high)
  run `npm audit fix` to fix them, or `npm audit` for details
2022-02-23T04:39:37.741Z appoptics:debug read config from /__w/appoptics-apm-node/appoptics-apm-node/appoptics-apm-config
2022-02-23T04:39:37.743Z appoptics:debug guc ignoring APPOPTICS_LOG_SETTINGS
2022-02-23T04:39:37.743Z appoptics:debug serviceKey dIOz...wWK0:ao-node-test
2022-02-23T04:39:37.743Z appoptics:debug using context provider: ace-context
2022-02-23T04:39:37.817Z appoptics:debug apm 10.2.1, bindings 11.2.0, oboe 10.2.0
2022-02-23T04:39:37.997Z appoptics:patching patched crypto 
2022-02-23T04:39:38.025Z appoptics:patching patched https 
2022-02-23T04:39:38.026Z appoptics:patching patched http 
2022-02-23T04:39:38.053Z appoptics:patching patched oracledb 3.1.1
2022-02-23T04:39:38.058Z appoptics:debug starting runtimeMetrics


  probes.oracledb 3.1.1
    âœ“ UDP might lose a message
    âœ“ should be configured to sanitize SQL by default
2022-02-23T04:39:38.164Z appoptics:debug span.exit - no last event outer outer:entry 2b-eda8adf4c58c95f1dc2e5c8907f7cb5a9ce59bea-e55be6fde5807992-01 outer:exit 2b-eda8adf4c58c95f1dc2e5c8907f7cb5a9ce59bea-01c06c0489937b92-01
2022-02-23T04:39:38.164Z appoptics:error Can not set lastEvent. Context may be lost.
    1) should trace execute calls
2022-02-23T04:39:38.211Z appoptics:debug span.exit - no last event outer outer:entry 2b-281fe6a03f57847c4e06d556e3a2ee437c6f2b8b-952951e238f05e72-01 outer:exit 2b-281fe6a03f57847c4e06d556e3a2ee437c6f2b8b-56f60b154ec551b6-01
2022-02-23T04:39:38.211Z appoptics:error Can not set lastEvent. Context may be lost.
    2) should sanitize query
2022-02-23T04:39:38.352Z appoptics:debug span.exit - no last event outer outer:entry 2b-64b3e2f8eb7e773afc48c7b3b3b87beb70e2fbba-85a914852cc5805a-01 outer:exit 2b-64b3e2f8eb7e773afc48c7b3b3b87beb70e2fbba-e0f14d6bea9d0716-01
2022-02-23T04:39:38.352Z appoptics:error Can not set lastEvent. Context may be lost.
    3) should truncate long queries
2022-02-23T04:39:38.400Z appoptics:debug span.exit - no last event outer outer:entry 2b-c6aa7b9341c347761d43c726211fa4a5111e853b-1aae652df1adf545-01 outer:exit 2b-c6aa7b9341c347761d43c726211fa4a5111e853b-fb59b7b42697b6b8-01
2022-02-23T04:39:38.400Z appoptics:error Can not set lastEvent. Context may be lost.
    4) should trace execute calls in pool
2022-02-23T04:39:38.443Z appoptics:debug span.exit - no last event outer outer:entry 2b-7fff75613ce222fc83bb243b3c94b90bb9b48e0f-15f116d843b4daaa-01 outer:exit 2b-7fff75613ce222fc83bb243b3c94b90bb9b48e0f-b1ce716e02f49384-01
2022-02-23T04:39:38.443Z appoptics:error Can not set lastEvent. Context may be lost.
    5) should include correct isAutoCommit value
2022-02-23T04:39:38.486Z appoptics:debug span.exit - no last event outer outer:entry 2b-6c893eb031405f743d109dcacef6c40c43277e0c-7b378f44ca027e58-01 outer:exit 2b-6c893eb031405f743d109dcacef6c40c43277e0c-adaba4386eb41ad6-01
2022-02-23T04:39:38.486Z appoptics:error Can not set lastEvent. Context may be lost.
    âœ“ should do nothing when disabled (42ms)


  3 passing (424ms)
  5 failing

  1) probes.oracledb 3.1.1
       should trace execute calls:
     Uncaught AssertionError: expected Object {
  Edge: 'E55BE6FDE5807992',
  Hostname: 'a66a62bea68a',
  Label: 'exit',
  Layer: 'outer',
  TID: 956,
  Timestamp_u: 1645591178164359,
  'X-Trace': '2BEDA8ADF4C58C95F1DC2E5C8907F7CB5A9CE59BEA01C06C0489937B9201',
  _V: '1'
} to have property Layer of 'oracle' (got 'outer')
      at Assertion.fail (node_modules/should/lib/assertion.js:92:17)
      at Assertion.value [as property] (node_modules/should/lib/assertion.js:164:19)
      at Object.oracle-entry (test/probes/oracledb.test.js:64:23)
      at /__w/appoptics-apm-node/appoptics-apm-node/test/probes/oracledb.test.js:96:31
      at EventEmitter.onMessage (test/helper.js:170:9)
      at Socket.<anonymous> (test/helper.js:112:13)
      at UDP.onMessage [as onmessage] (dgram.js:628:8)

  2) probes.oracledb 3.1.1
       should sanitize query:
     Uncaught AssertionError: expected Object {
  Edge: '952951E238F05E72',
  Hostname: 'a66a62bea68a',
  Label: 'exit',
  Layer: 'outer',
  TID: 956,
  Timestamp_u: 1645591178211741,
  'X-Trace': '2B281FE6A03F57847C4E06D556E3A2EE437C6F2B8B56F60B154EC551B601',
  _V: '1'
} to have property Layer of 'oracle' (got 'outer')
      at Assertion.fail (node_modules/should/lib/assertion.js:92:17)
      at Assertion.value [as property] (node_modules/should/lib/assertion.js:164:19)
      at Object.oracle-entry (test/probes/oracledb.test.js:64:23)
      at helper.test.ao.probes.oracledb.sanitizeSql (test/probes/oracledb.test.js:120:31)
      at EventEmitter.onMessage (test/helper.js:170:9)
      at Socket.<anonymous> (test/helper.js:112:13)
      at UDP.onMessage [as onmessage] (dgram.js:628:8)

  3) probes.oracledb 3.1.1
       should truncate long queries:
     Uncaught AssertionError: expected Object {
  Edge: '85A914852CC5805A',
  Hostname: 'a66a62bea68a',
  Label: 'exit',
  Layer: 'outer',
  TID: 956,
  Timestamp_u: 1645591178352918,
  'X-Trace': '2B64B3E2F8EB7E773AFC48C7B3B3B87BEB70E2FBBAE0F14D6BEA9D071601',
  _V: '1'
} to have property Layer of 'oracle' (got 'outer')
      at Assertion.fail (node_modules/should/lib/assertion.js:92:17)
      at Assertion.value [as property] (node_modules/should/lib/assertion.js:164:19)
      at Object.oracle-entry (test/probes/oracledb.test.js:64:23)
      at /__w/appoptics-apm-node/appoptics-apm-node/test/probes/oracledb.test.js:152:31
      at EventEmitter.onMessage (test/helper.js:170:9)
      at Socket.<anonymous> (test/helper.js:112:13)
      at UDP.onMessage [as onmessage] (dgram.js:628:8)

  4) probes.oracledb 3.1.1
       should trace execute calls in pool:
     Uncaught AssertionError: expected Object {
  Edge: '1AAE652DF1ADF545',
  Hostname: 'a66a62bea68a',
  Label: 'exit',
  Layer: 'outer',
  TID: 956,
  Timestamp_u: 1645591178400726,
  'X-Trace': '2BC6AA7B9341C347761D43C726211FA4A5111E853BFB59B7B42697B6B801',
  _V: '1'
} to have property Layer of 'oracle' (got 'outer')
      at Assertion.fail (node_modules/should/lib/assertion.js:92:17)
      at Assertion.value [as property] (node_modules/should/lib/assertion.js:164:19)
      at Object.oracle-entry (test/probes/oracledb.test.js:64:23)
      at /__w/appoptics-apm-node/appoptics-apm-node/test/probes/oracledb.test.js:176:31
      at EventEmitter.onMessage (test/helper.js:170:9)
      at Socket.<anonymous> (test/helper.js:112:13)
      at UDP.onMessage [as onmessage] (dgram.js:628:8)

  5) probes.oracledb 3.1.1
       should include correct isAutoCommit value:
     Uncaught AssertionError: expected Object {
  Edge: '15F116D843B4DAAA',
  Hostname: 'a66a62bea68a',
  Label: 'exit',
  Layer: 'outer',
  TID: 956,
  Timestamp_u: 1645591178443296,
  'X-Trace': '2B7FFF75613CE222FC83BB243B3C94B90BB9B48E0FB1CE716E02F4938401',
  _V: '1'
} to have property Layer of 'oracle' (got 'outer')
      at Assertion.fail (node_modules/should/lib/assertion.js:92:17)
      at Assertion.value [as property] (node_modules/should/lib/assertion.js:164:19)
      at Object.oracle-entry (test/probes/oracledb.test.js:64:23)
      at /__w/appoptics-apm-node/appoptics-apm-node/test/probes/oracledb.test.js:219:31
      at EventEmitter.onMessage (test/helper.js:170:9)
      at Socket.<anonymous> (test/helper.js:112:13)
      at UDP.onMessage [as onmessage] (dgram.js:628:8)



npm WARN deprecated oracledb@3.1.2: Update to node-oracledb 5

> oracledb@3.1.2 install /__w/appoptics-apm-node/appoptics-apm-node/node_modules/oracledb
> node package/install.js

oracledb ********************************************************************************
oracledb ** Node-oracledb 3.1.2 installed for Node.js 10.24.1 (linux, x64)
oracledb **
oracledb ** To use node-oracledb:
oracledb ** - Oracle Client libraries (64-bit) must be configured with ldconfig or LD_LIBRARY_PATH
oracledb ** - To get libraries, install an Instant Client Basic or Basic Light package from
oracledb **   https://www.oracle.com/technetwork/topics/linuxx86-64soft-092277.html
oracledb **
oracledb ** Installation instructions: https://oracle.github.io/node-oracledb/INSTALL.html
oracledb ********************************************************************************

npm WARN optional SKIPPING OPTIONAL DEPENDENCY: fsevents@~2.3.1 (node_modules/chokidar/node_modules/fsevents):
npm WARN notsup SKIPPING OPTIONAL DEPENDENCY: Unsupported platform for fsevents@2.3.2: wanted {"os":"darwin","arch":"any"} (current: {"os":"linux","arch":"x64"})

+ oracledb@3.1.2
updated 1 package and audited 913 packages in 4.739s

83 packages are looking for funding
  run `npm fund` for details

found 8 vulnerabilities (3 moderate, 5 high)
  run `npm audit fix` to fix them, or `npm audit` for details
2022-02-23T04:39:44.411Z appoptics:debug read config from /__w/appoptics-apm-node/appoptics-apm-node/appoptics-apm-config
2022-02-23T04:39:44.412Z appoptics:debug guc ignoring APPOPTICS_LOG_SETTINGS
2022-02-23T04:39:44.412Z appoptics:debug serviceKey dIOz...wWK0:ao-node-test
2022-02-23T04:39:44.413Z appoptics:debug using context provider: ace-context
2022-02-23T04:39:44.487Z appoptics:debug apm 10.2.1, bindings 11.2.0, oboe 10.2.0
2022-02-23T04:39:44.663Z appoptics:patching patched crypto 
2022-02-23T04:39:44.705Z appoptics:patching patched https 
2022-02-23T04:39:44.705Z appoptics:patching patched http 
2022-02-23T04:39:44.741Z appoptics:patching patched oracledb 3.1.2
2022-02-23T04:39:44.747Z appoptics:debug starting runtimeMetrics


  probes.oracledb 3.1.2
    âœ“ UDP might lose a message
    âœ“ should be configured to sanitize SQL by default
2022-02-23T04:39:44.839Z appoptics:debug span.exit - no last event outer outer:entry 2b-c297f127dd468d8e85a0bd50f4d824deb1b06f16-da3e760275eec2d1-01 outer:exit 2b-c297f127dd468d8e85a0bd50f4d824deb1b06f16-f7b3b31edd3d49a9-01
2022-02-23T04:39:44.839Z appoptics:error Can not set lastEvent. Context may be lost.
    1) should trace execute calls
2022-02-23T04:39:44.888Z appoptics:debug span.exit - no last event outer outer:entry 2b-53199da8d5ec181dc08a287c014bc88f4b3a1c81-be318f1f63d8dd3a-01 outer:exit 2b-53199da8d5ec181dc08a287c014bc88f4b3a1c81-de74172b7350897c-01
2022-02-23T04:39:44.889Z appoptics:error Can not set lastEvent. Context may be lost.
    2) should sanitize query
2022-02-23T04:39:45.028Z appoptics:debug span.exit - no last event outer outer:entry 2b-6c9a151f352ff8e48c52ee8055ecb6253bf0505a-881e54b7f2bbb377-01 outer:exit 2b-6c9a151f352ff8e48c52ee8055ecb6253bf0505a-74b7c3edd00a3a2e-01
2022-02-23T04:39:45.028Z appoptics:error Can not set lastEvent. Context may be lost.
    3) should truncate long queries
2022-02-23T04:39:45.075Z appoptics:debug span.exit - no last event outer outer:entry 2b-a4a8b411843bee955bbfd11de602f8948937cd20-2ff0923c4e2757e4-01 outer:exit 2b-a4a8b411843bee955bbfd11de602f8948937cd20-8380b78044cde0ce-01
2022-02-23T04:39:45.075Z appoptics:error Can not set lastEvent. Context may be lost.
    4) should trace execute calls in pool
2022-02-23T04:39:45.118Z appoptics:debug span.exit - no last event outer outer:entry 2b-89543b46c050ee04841d1499faea02eae45f5b2f-6ec0f0096b4ec92c-01 outer:exit 2b-89543b46c050ee04841d1499faea02eae45f5b2f-8760fe38f70ad126-01
2022-02-23T04:39:45.118Z appoptics:error Can not set lastEvent. Context may be lost.
    5) should include correct isAutoCommit value
2022-02-23T04:39:45.162Z appoptics:debug span.exit - no last event outer outer:entry 2b-a946ce88804f68e90190815304998b8d28da44ed-fa7687bb209148f4-01 outer:exit 2b-a946ce88804f68e90190815304998b8d28da44ed-49c5e22a9d41a88a-01
2022-02-23T04:39:45.162Z appoptics:error Can not set lastEvent. Context may be lost.
    âœ“ should do nothing when disabled (43ms)


  3 passing (413ms)
  5 failing

  1) probes.oracledb 3.1.2
       should trace execute calls:
     Uncaught AssertionError: expected Object {
  Edge: 'DA3E760275EEC2D1',
  Hostname: 'a66a62bea68a',
  Label: 'exit',
  Layer: 'outer',
  TID: 988,
  Timestamp_u: 1645591184839813,
  'X-Trace': '2BC297F127DD468D8E85A0BD50F4D824DEB1B06F16F7B3B31EDD3D49A901',
  _V: '1'
} to have property Layer of 'oracle' (got 'outer')
      at Assertion.fail (node_modules/should/lib/assertion.js:92:17)
      at Assertion.value [as property] (node_modules/should/lib/assertion.js:164:19)
      at Object.oracle-entry (test/probes/oracledb.test.js:64:23)
      at /__w/appoptics-apm-node/appoptics-apm-node/test/probes/oracledb.test.js:96:31
      at EventEmitter.onMessage (test/helper.js:170:9)
      at Socket.<anonymous> (test/helper.js:112:13)
      at UDP.onMessage [as onmessage] (dgram.js:628:8)

  2) probes.oracledb 3.1.2
       should sanitize query:
     Uncaught AssertionError: expected Object {
  Edge: 'BE318F1F63D8DD3A',
  Hostname: 'a66a62bea68a',
  Label: 'exit',
  Layer: 'outer',
  TID: 988,
  Timestamp_u: 1645591184889118,
  'X-Trace': '2B53199DA8D5EC181DC08A287C014BC88F4B3A1C81DE74172B7350897C01',
  _V: '1'
} to have property Layer of 'oracle' (got 'outer')
      at Assertion.fail (node_modules/should/lib/assertion.js:92:17)
      at Assertion.value [as property] (node_modules/should/lib/assertion.js:164:19)
      at Object.oracle-entry (test/probes/oracledb.test.js:64:23)
      at helper.test.ao.probes.oracledb.sanitizeSql (test/probes/oracledb.test.js:120:31)
      at EventEmitter.onMessage (test/helper.js:170:9)
      at Socket.<anonymous> (test/helper.js:112:13)
      at UDP.onMessage [as onmessage] (dgram.js:628:8)

  3) probes.oracledb 3.1.2
       should truncate long queries:
     Uncaught AssertionError: expected Object {
  Edge: '881E54B7F2BBB377',
  Hostname: 'a66a62bea68a',
  Label: 'exit',
  Layer: 'outer',
  TID: 988,
  Timestamp_u: 1645591185029002,
  'X-Trace': '2B6C9A151F352FF8E48C52EE8055ECB6253BF0505A74B7C3EDD00A3A2E01',
  _V: '1'
} to have property Layer of 'oracle' (got 'outer')
      at Assertion.fail (node_modules/should/lib/assertion.js:92:17)
      at Assertion.value [as property] (node_modules/should/lib/assertion.js:164:19)
      at Object.oracle-entry (test/probes/oracledb.test.js:64:23)
      at /__w/appoptics-apm-node/appoptics-apm-node/test/probes/oracledb.test.js:152:31
      at EventEmitter.onMessage (test/helper.js:170:9)
      at Socket.<anonymous> (test/helper.js:112:13)
      at UDP.onMessage [as onmessage] (dgram.js:628:8)

  4) probes.oracledb 3.1.2
       should trace execute calls in pool:
     Uncaught AssertionError: expected Object {
  Edge: '2FF0923C4E2757E4',
  Hostname: 'a66a62bea68a',
  Label: 'exit',
  Layer: 'outer',
  TID: 988,
  Timestamp_u: 1645591185075566,
  'X-Trace': '2BA4A8B411843BEE955BBFD11DE602F8948937CD208380B78044CDE0CE01',
  _V: '1'
} to have property Layer of 'oracle' (got 'outer')
      at Assertion.fail (node_modules/should/lib/assertion.js:92:17)
      at Assertion.value [as property] (node_modules/should/lib/assertion.js:164:19)
      at Object.oracle-entry (test/probes/oracledb.test.js:64:23)
      at /__w/appoptics-apm-node/appoptics-apm-node/test/probes/oracledb.test.js:176:31
      at EventEmitter.onMessage (test/helper.js:170:9)
      at Socket.<anonymous> (test/helper.js:112:13)
      at UDP.onMessage [as onmessage] (dgram.js:628:8)

  5) probes.oracledb 3.1.2
       should include correct isAutoCommit value:
     Uncaught AssertionError: expected Object {
  Edge: '6EC0F0096B4EC92C',
  Hostname: 'a66a62bea68a',
  Label: 'exit',
  Layer: 'outer',
  TID: 988,
  Timestamp_u: 1645591185118837,
  'X-Trace': '2B89543B46C050EE04841D1499FAEA02EAE45F5B2F8760FE38F70AD12601',
  _V: '1'
} to have property Layer of 'oracle' (got 'outer')
      at Assertion.fail (node_modules/should/lib/assertion.js:92:17)
      at Assertion.value [as property] (node_modules/should/lib/assertion.js:164:19)
      at Object.oracle-entry (test/probes/oracledb.test.js:64:23)
      at /__w/appoptics-apm-node/appoptics-apm-node/test/probes/oracledb.test.js:219:31
      at EventEmitter.onMessage (test/helper.js:170:9)
      at Socket.<anonymous> (test/helper.js:112:13)
      at UDP.onMessage [as onmessage] (dgram.js:628:8)



npm WARN deprecated oracledb@4.0.0: Update to node-oracledb 5

> oracledb@4.0.0 install /__w/appoptics-apm-node/appoptics-apm-node/node_modules/oracledb
> node package/install.js

oracledb ********************************************************************************
oracledb ** Node-oracledb 4.0.0 installed for Node.js 10.24.1 (linux, x64)
oracledb **
oracledb ** To use node-oracledb:
oracledb ** - Oracle Client libraries (64-bit) must be configured with ldconfig or LD_LIBRARY_PATH
oracledb ** - To get libraries, install an Instant Client Basic or Basic Light package from
oracledb **   https://www.oracle.com/technetwork/topics/linuxx86-64soft-092277.html
oracledb **
oracledb ** Installation instructions: https://oracle.github.io/node-oracledb/INSTALL.html
oracledb ********************************************************************************

npm WARN optional SKIPPING OPTIONAL DEPENDENCY: fsevents@~2.3.1 (node_modules/chokidar/node_modules/fsevents):
npm WARN notsup SKIPPING OPTIONAL DEPENDENCY: Unsupported platform for fsevents@2.3.2: wanted {"os":"darwin","arch":"any"} (current: {"os":"linux","arch":"x64"})

+ oracledb@4.0.0
updated 1 package and audited 913 packages in 4.981s

83 packages are looking for funding
  run `npm fund` for details

found 8 vulnerabilities (3 moderate, 5 high)
  run `npm audit fix` to fix them, or `npm audit` for details
2022-02-23T04:39:51.298Z appoptics:debug read config from /__w/appoptics-apm-node/appoptics-apm-node/appoptics-apm-config
2022-02-23T04:39:51.300Z appoptics:debug guc ignoring APPOPTICS_LOG_SETTINGS
2022-02-23T04:39:51.300Z appoptics:debug serviceKey dIOz...wWK0:ao-node-test
2022-02-23T04:39:51.300Z appoptics:debug using context provider: ace-context
2022-02-23T04:39:51.378Z appoptics:debug apm 10.2.1, bindings 11.2.0, oboe 10.2.0
2022-02-23T04:39:51.549Z appoptics:patching patched crypto 
2022-02-23T04:39:51.583Z appoptics:patching patched https 
2022-02-23T04:39:51.584Z appoptics:patching patched http 
2022-02-23T04:39:51.614Z appoptics:patching patched oracledb 4.0.0
2022-02-23T04:39:51.619Z appoptics:debug starting runtimeMetrics


  probes.oracledb 4.0.0
    âœ“ UDP might lose a message
    âœ“ should be configured to sanitize SQL by default
2022-02-23T04:39:51.646Z appoptics:debug oracledb wrapping getConnection
    âœ“ should trace execute calls (61ms)
2022-02-23T04:39:51.710Z appoptics:debug oracledb wrapping getConnection
2022-02-23T04:39:51.761Z appoptics:debug connection.execute() seems to be patched
2022-02-23T04:39:51.761Z appoptics:debug connection.commit() seems to be patched
2022-02-23T04:39:51.761Z appoptics:debug connection.rollback() seems to be patched
2022-02-23T04:39:51.761Z appoptics:debug connection.break() seems to be patched
2022-02-23T04:39:51.761Z appoptics:debug connection.release seems to be patched
    âœ“ should sanitize query (54ms)
2022-02-23T04:39:51.768Z appoptics:debug oracledb wrapping getConnection
2022-02-23T04:39:51.808Z appoptics:debug connection.execute() seems to be patched
2022-02-23T04:39:51.808Z appoptics:debug connection.commit() seems to be patched
2022-02-23T04:39:51.808Z appoptics:debug connection.rollback() seems to be patched
2022-02-23T04:39:51.808Z appoptics:debug connection.break() seems to be patched
2022-02-23T04:39:51.808Z appoptics:debug connection.release seems to be patched
    âœ“ should truncate long queries (146ms)
2022-02-23T04:39:51.924Z appoptics:debug ORACLEDB wrapping createPool
2022-02-23T04:39:51.928Z appoptics:debug oracledb wrapping getConnection
    âœ“ should trace execute calls in pool (61ms)
2022-02-23T04:39:51.988Z appoptics:debug oracledb wrapping getConnection
2022-02-23T04:39:52.035Z appoptics:debug connection.execute() seems to be patched
2022-02-23T04:39:52.035Z appoptics:debug connection.commit() seems to be patched
2022-02-23T04:39:52.035Z appoptics:debug connection.rollback() seems to be patched
2022-02-23T04:39:52.035Z appoptics:debug connection.break() seems to be patched
2022-02-23T04:39:52.035Z appoptics:debug connection.release seems to be patched
    âœ“ should include correct isAutoCommit value (55ms)
2022-02-23T04:39:52.044Z appoptics:debug oracledb wrapping getConnection
2022-02-23T04:39:52.086Z appoptics:debug connection.execute() seems to be patched
2022-02-23T04:39:52.086Z appoptics:debug connection.commit() seems to be patched
2022-02-23T04:39:52.086Z appoptics:debug connection.rollback() seems to be patched
2022-02-23T04:39:52.086Z appoptics:debug connection.break() seems to be patched
2022-02-23T04:39:52.086Z appoptics:debug connection.release seems to be patched
    âœ“ should do nothing when disabled (43ms)


  8 passing (465ms)

npm WARN deprecated oracledb@4.0.1: Update to node-oracledb 5

> oracledb@4.0.1 install /__w/appoptics-apm-node/appoptics-apm-node/node_modules/oracledb
> node package/install.js

oracledb ********************************************************************************
oracledb ** Node-oracledb 4.0.1 installed for Node.js 10.24.1 (linux, x64)
oracledb **
oracledb ** To use node-oracledb:
oracledb ** - Oracle Client libraries (64-bit) must be configured with ldconfig or LD_LIBRARY_PATH
oracledb ** - To get libraries, install an Instant Client Basic or Basic Light package from
oracledb **   https://www.oracle.com/technetwork/topics/linuxx86-64soft-092277.html
oracledb **
oracledb ** Installation instructions: https://oracle.github.io/node-oracledb/INSTALL.html
oracledb ********************************************************************************

npm WARN optional SKIPPING OPTIONAL DEPENDENCY: fsevents@~2.3.1 (node_modules/chokidar/node_modules/fsevents):
npm WARN notsup SKIPPING OPTIONAL DEPENDENCY: Unsupported platform for fsevents@2.3.2: wanted {"os":"darwin","arch":"any"} (current: {"os":"linux","arch":"x64"})

+ oracledb@4.0.1
updated 1 package and audited 913 packages in 4.359s

83 packages are looking for funding
  run `npm fund` for details

found 8 vulnerabilities (3 moderate, 5 high)
  run `npm audit fix` to fix them, or `npm audit` for details
2022-02-23T04:39:57.695Z appoptics:debug read config from /__w/appoptics-apm-node/appoptics-apm-node/appoptics-apm-config
2022-02-23T04:39:57.697Z appoptics:debug guc ignoring APPOPTICS_LOG_SETTINGS
2022-02-23T04:39:57.697Z appoptics:debug serviceKey dIOz...wWK0:ao-node-test
2022-02-23T04:39:57.697Z appoptics:debug using context provider: ace-context
2022-02-23T04:39:57.771Z appoptics:debug apm 10.2.1, bindings 11.2.0, oboe 10.2.0
2022-02-23T04:39:57.956Z appoptics:patching patched crypto 
2022-02-23T04:39:57.984Z appoptics:patching patched https 
2022-02-23T04:39:57.985Z appoptics:patching patched http 
2022-02-23T04:39:58.015Z appoptics:patching patched oracledb 4.0.1
2022-02-23T04:39:58.020Z appoptics:debug starting runtimeMetrics


  probes.oracledb 4.0.1
    âœ“ UDP might lose a message
    âœ“ should be configured to sanitize SQL by default
2022-02-23T04:39:58.064Z appoptics:debug oracledb wrapping getConnection
    âœ“ should trace execute calls (60ms)
2022-02-23T04:39:58.126Z appoptics:debug oracledb wrapping getConnection
2022-02-23T04:39:58.165Z appoptics:debug connection.execute() seems to be patched
2022-02-23T04:39:58.166Z appoptics:debug connection.commit() seems to be patched
2022-02-23T04:39:58.166Z appoptics:debug connection.rollback() seems to be patched
2022-02-23T04:39:58.166Z appoptics:debug connection.break() seems to be patched
2022-02-23T04:39:58.166Z appoptics:debug connection.release seems to be patched
    âœ“ should sanitize query (43ms)
2022-02-23T04:39:58.171Z appoptics:debug oracledb wrapping getConnection
2022-02-23T04:39:58.213Z appoptics:debug connection.execute() seems to be patched
2022-02-23T04:39:58.213Z appoptics:debug connection.commit() seems to be patched
2022-02-23T04:39:58.213Z appoptics:debug connection.rollback() seems to be patched
2022-02-23T04:39:58.213Z appoptics:debug connection.break() seems to be patched
2022-02-23T04:39:58.213Z appoptics:debug connection.release seems to be patched
    âœ“ should truncate long queries (140ms)
2022-02-23T04:39:58.315Z appoptics:debug ORACLEDB wrapping createPool
2022-02-23T04:39:58.317Z appoptics:debug oracledb wrapping getConnection
    âœ“ should trace execute calls in pool (44ms)
2022-02-23T04:39:58.360Z appoptics:debug oracledb wrapping getConnection
2022-02-23T04:39:58.403Z appoptics:debug connection.execute() seems to be patched
2022-02-23T04:39:58.404Z appoptics:debug connection.commit() seems to be patched
2022-02-23T04:39:58.404Z appoptics:debug connection.rollback() seems to be patched
2022-02-23T04:39:58.404Z appoptics:debug connection.break() seems to be patched
2022-02-23T04:39:58.404Z appoptics:debug connection.release seems to be patched
    âœ“ should include correct isAutoCommit value (52ms)
2022-02-23T04:39:58.414Z appoptics:debug oracledb wrapping getConnection
2022-02-23T04:39:58.462Z appoptics:debug connection.execute() seems to be patched
2022-02-23T04:39:58.462Z appoptics:debug connection.commit() seems to be patched
2022-02-23T04:39:58.462Z appoptics:debug connection.rollback() seems to be patched
2022-02-23T04:39:58.462Z appoptics:debug connection.break() seems to be patched
2022-02-23T04:39:58.462Z appoptics:debug connection.release seems to be patched
    âœ“ should do nothing when disabled (49ms)


  8 passing (440ms)

npm WARN deprecated oracledb@4.1.0: Update to node-oracledb 5

> oracledb@4.1.0 install /__w/appoptics-apm-node/appoptics-apm-node/node_modules/oracledb
> node package/install.js

oracledb ********************************************************************************
oracledb ** Node-oracledb 4.1.0 installed for Node.js 10.24.1 (linux, x64)
oracledb **
oracledb ** To use node-oracledb:
oracledb ** - Oracle Client libraries (64-bit) must be configured with ldconfig or LD_LIBRARY_PATH
oracledb ** - To get libraries, install an Instant Client Basic or Basic Light package from
oracledb **   https://www.oracle.com/technetwork/topics/linuxx86-64soft-092277.html
oracledb **
oracledb ** Installation instructions: https://oracle.github.io/node-oracledb/INSTALL.html
oracledb ********************************************************************************

npm WARN optional SKIPPING OPTIONAL DEPENDENCY: fsevents@~2.3.1 (node_modules/chokidar/node_modules/fsevents):
npm WARN notsup SKIPPING OPTIONAL DEPENDENCY: Unsupported platform for fsevents@2.3.2: wanted {"os":"darwin","arch":"any"} (current: {"os":"linux","arch":"x64"})

+ oracledb@4.1.0
updated 1 package and audited 913 packages in 5.182s

83 packages are looking for funding
  run `npm fund` for details

found 8 vulnerabilities (3 moderate, 5 high)
  run `npm audit fix` to fix them, or `npm audit` for details
2022-02-23T04:40:04.805Z appoptics:debug read config from /__w/appoptics-apm-node/appoptics-apm-node/appoptics-apm-config
2022-02-23T04:40:04.807Z appoptics:debug guc ignoring APPOPTICS_LOG_SETTINGS
2022-02-23T04:40:04.807Z appoptics:debug serviceKey dIOz...wWK0:ao-node-test
2022-02-23T04:40:04.808Z appoptics:debug using context provider: ace-context
2022-02-23T04:40:04.882Z appoptics:debug apm 10.2.1, bindings 11.2.0, oboe 10.2.0
2022-02-23T04:40:05.123Z appoptics:patching patched crypto 
2022-02-23T04:40:05.164Z appoptics:patching patched https 
2022-02-23T04:40:05.164Z appoptics:patching patched http 
2022-02-23T04:40:05.204Z appoptics:patching patched oracledb 4.1.0
2022-02-23T04:40:05.209Z appoptics:debug starting runtimeMetrics


  probes.oracledb 4.1.0
    âœ“ UDP might lose a message
    âœ“ should be configured to sanitize SQL by default
2022-02-23T04:40:05.255Z appoptics:debug oracledb wrapping getConnection
    âœ“ should trace execute calls (61ms)
2022-02-23T04:40:05.324Z appoptics:debug oracledb wrapping getConnection
2022-02-23T04:40:05.368Z appoptics:debug connection.execute() seems to be patched
2022-02-23T04:40:05.368Z appoptics:debug connection.commit() seems to be patched
2022-02-23T04:40:05.368Z appoptics:debug connection.rollback() seems to be patched
2022-02-23T04:40:05.368Z appoptics:debug connection.break() seems to be patched
2022-02-23T04:40:05.368Z appoptics:debug connection.release seems to be patched
    âœ“ should sanitize query (47ms)
2022-02-23T04:40:05.375Z appoptics:debug oracledb wrapping getConnection
2022-02-23T04:40:05.420Z appoptics:debug connection.execute() seems to be patched
2022-02-23T04:40:05.420Z appoptics:debug connection.commit() seems to be patched
2022-02-23T04:40:05.420Z appoptics:debug connection.rollback() seems to be patched
2022-02-23T04:40:05.420Z appoptics:debug connection.break() seems to be patched
2022-02-23T04:40:05.420Z appoptics:debug connection.release seems to be patched
    âœ“ should truncate long queries (160ms)
2022-02-23T04:40:05.537Z appoptics:debug ORACLEDB wrapping createPool
2022-02-23T04:40:05.545Z appoptics:debug oracledb wrapping getConnection
    âœ“ should trace execute calls in pool (59ms)
2022-02-23T04:40:05.596Z appoptics:debug oracledb wrapping getConnection
2022-02-23T04:40:05.645Z appoptics:debug connection.execute() seems to be patched
2022-02-23T04:40:05.645Z appoptics:debug connection.commit() seems to be patched
2022-02-23T04:40:05.645Z appoptics:debug connection.rollback() seems to be patched
2022-02-23T04:40:05.645Z appoptics:debug connection.break() seems to be patched
2022-02-23T04:40:05.645Z appoptics:debug connection.release seems to be patched
    âœ“ should include correct isAutoCommit value (60ms)
2022-02-23T04:40:05.662Z appoptics:debug oracledb wrapping getConnection
2022-02-23T04:40:05.703Z appoptics:debug connection.execute() seems to be patched
2022-02-23T04:40:05.703Z appoptics:debug connection.commit() seems to be patched
2022-02-23T04:40:05.703Z appoptics:debug connection.rollback() seems to be patched
2022-02-23T04:40:05.703Z appoptics:debug connection.break() seems to be patched
2022-02-23T04:40:05.704Z appoptics:debug connection.release seems to be patched
    âœ“ should do nothing when disabled (43ms)


  8 passing (492ms)

npm WARN deprecated oracledb@4.2.0: Update to node-oracledb 5

> oracledb@4.2.0 install /__w/appoptics-apm-node/appoptics-apm-node/node_modules/oracledb
> node package/install.js

oracledb ********************************************************************************
oracledb ** Node-oracledb 4.2.0 installed for Node.js 10.24.1 (linux, x64)
oracledb **
oracledb ** To use node-oracledb:
oracledb ** - Oracle Client libraries (64-bit) must be configured with ldconfig or LD_LIBRARY_PATH
oracledb ** - To get libraries, install an Instant Client Basic or Basic Light package from
oracledb **   https://www.oracle.com/database/technologies/instant-client/linux-x86-64-downloads.html
oracledb **
oracledb ** Installation instructions: https://oracle.github.io/node-oracledb/INSTALL.html
oracledb ********************************************************************************

npm WARN optional SKIPPING OPTIONAL DEPENDENCY: fsevents@~2.3.1 (node_modules/chokidar/node_modules/fsevents):
npm WARN notsup SKIPPING OPTIONAL DEPENDENCY: Unsupported platform for fsevents@2.3.2: wanted {"os":"darwin","arch":"any"} (current: {"os":"linux","arch":"x64"})

+ oracledb@4.2.0
updated 1 package and audited 913 packages in 4.11s

83 packages are looking for funding
  run `npm fund` for details

found 8 vulnerabilities (3 moderate, 5 high)
  run `npm audit fix` to fix them, or `npm audit` for details
2022-02-23T04:40:11.056Z appoptics:debug read config from /__w/appoptics-apm-node/appoptics-apm-node/appoptics-apm-config
2022-02-23T04:40:11.058Z appoptics:debug guc ignoring APPOPTICS_LOG_SETTINGS
2022-02-23T04:40:11.058Z appoptics:debug serviceKey dIOz...wWK0:ao-node-test
2022-02-23T04:40:11.059Z appoptics:debug using context provider: ace-context
2022-02-23T04:40:11.132Z appoptics:debug apm 10.2.1, bindings 11.2.0, oboe 10.2.0
2022-02-23T04:40:11.311Z appoptics:patching patched crypto 
2022-02-23T04:40:11.338Z appoptics:patching patched https 
2022-02-23T04:40:11.339Z appoptics:patching patched http 
2022-02-23T04:40:11.368Z appoptics:patching patched oracledb 4.2.0
2022-02-23T04:40:11.373Z appoptics:debug starting runtimeMetrics


  probes.oracledb 4.2.0
    âœ“ UDP might lose a message
    âœ“ should be configured to sanitize SQL by default
2022-02-23T04:40:11.419Z appoptics:debug oracledb wrapping getConnection
    âœ“ should trace execute calls (72ms)
2022-02-23T04:40:11.500Z appoptics:debug oracledb wrapping getConnection
2022-02-23T04:40:11.542Z appoptics:debug connection.execute() seems to be patched
2022-02-23T04:40:11.542Z appoptics:debug connection.commit() seems to be patched
2022-02-23T04:40:11.542Z appoptics:debug connection.rollback() seems to be patched
2022-02-23T04:40:11.542Z appoptics:debug connection.break() seems to be patched
2022-02-23T04:40:11.542Z appoptics:debug connection.release seems to be patched
    âœ“ should sanitize query (45ms)
2022-02-23T04:40:11.548Z appoptics:debug oracledb wrapping getConnection
2022-02-23T04:40:11.598Z appoptics:debug connection.execute() seems to be patched
2022-02-23T04:40:11.598Z appoptics:debug connection.commit() seems to be patched
2022-02-23T04:40:11.598Z appoptics:debug connection.rollback() seems to be patched
2022-02-23T04:40:11.599Z appoptics:debug connection.break() seems to be patched
2022-02-23T04:40:11.599Z appoptics:debug connection.release seems to be patched
    âœ“ should truncate long queries (165ms)
2022-02-23T04:40:11.717Z appoptics:debug ORACLEDB wrapping createPool
2022-02-23T04:40:11.720Z appoptics:debug oracledb wrapping getConnection
    âœ“ should trace execute calls in pool (49ms)
2022-02-23T04:40:11.766Z appoptics:debug oracledb wrapping getConnection
2022-02-23T04:40:11.819Z appoptics:debug connection.execute() seems to be patched
2022-02-23T04:40:11.822Z appoptics:debug connection.commit() seems to be patched
2022-02-23T04:40:11.822Z appoptics:debug connection.rollback() seems to be patched
2022-02-23T04:40:11.822Z appoptics:debug connection.break() seems to be patched
2022-02-23T04:40:11.822Z appoptics:debug connection.release seems to be patched
    âœ“ should include correct isAutoCommit value (100ms)
2022-02-23T04:40:11.867Z appoptics:debug oracledb wrapping getConnection
2022-02-23T04:40:11.941Z appoptics:debug connection.execute() seems to be patched
2022-02-23T04:40:11.941Z appoptics:debug connection.commit() seems to be patched
2022-02-23T04:40:11.941Z appoptics:debug connection.rollback() seems to be patched
2022-02-23T04:40:11.941Z appoptics:debug connection.break() seems to be patched
2022-02-23T04:40:11.941Z appoptics:debug connection.release seems to be patched
    âœ“ should do nothing when disabled (81ms)


  8 passing (571ms)


> oracledb@5.0.0 install /__w/appoptics-apm-node/appoptics-apm-node/node_modules/oracledb
> node package/install.js

oracledb ********************************************************************************
oracledb ** Node-oracledb 5.0.0 installed for Node.js 10.24.1 (linux, x64)
oracledb **
oracledb ** To use node-oracledb:
oracledb ** - Oracle Client libraries (64-bit) must be available.
oracledb ** - Follow the installation instructions:
oracledb **   https://oracle.github.io/node-oracledb/INSTALL.html#linuxinstall
oracledb ********************************************************************************

npm WARN optional SKIPPING OPTIONAL DEPENDENCY: fsevents@~2.3.1 (node_modules/chokidar/node_modules/fsevents):
npm WARN notsup SKIPPING OPTIONAL DEPENDENCY: Unsupported platform for fsevents@2.3.2: wanted {"os":"darwin","arch":"any"} (current: {"os":"linux","arch":"x64"})

+ oracledb@5.0.0
updated 1 package and audited 913 packages in 4.912s

83 packages are looking for funding
  run `npm fund` for details

found 8 vulnerabilities (3 moderate, 5 high)
  run `npm audit fix` to fix them, or `npm audit` for details
2022-02-23T04:40:18.188Z appoptics:debug read config from /__w/appoptics-apm-node/appoptics-apm-node/appoptics-apm-config
2022-02-23T04:40:18.189Z appoptics:debug guc ignoring APPOPTICS_LOG_SETTINGS
2022-02-23T04:40:18.189Z appoptics:debug serviceKey dIOz...wWK0:ao-node-test
2022-02-23T04:40:18.190Z appoptics:debug using context provider: ace-context
2022-02-23T04:40:18.263Z appoptics:debug apm 10.2.1, bindings 11.2.0, oboe 10.2.0
2022-02-23T04:40:18.442Z appoptics:patching patched crypto 
2022-02-23T04:40:18.469Z appoptics:patching patched https 
2022-02-23T04:40:18.469Z appoptics:patching patched http 
2022-02-23T04:40:18.499Z appoptics:patching patched oracledb 5.0.0
2022-02-23T04:40:18.504Z appoptics:debug starting runtimeMetrics


  probes.oracledb 5.0.0
    âœ“ UDP might lose a message
    âœ“ should be configured to sanitize SQL by default
2022-02-23T04:40:18.548Z appoptics:debug oracledb wrapping getConnection
    âœ“ should trace execute calls (61ms)
2022-02-23T04:40:18.613Z appoptics:debug oracledb wrapping getConnection
2022-02-23T04:40:18.654Z appoptics:debug connection.execute() seems to be patched
2022-02-23T04:40:18.654Z appoptics:debug connection.commit() seems to be patched
2022-02-23T04:40:18.654Z appoptics:debug connection.rollback() seems to be patched
2022-02-23T04:40:18.654Z appoptics:debug connection.break() seems to be patched
2022-02-23T04:40:18.654Z appoptics:debug connection.release seems to be patched
    âœ“ should sanitize query (44ms)
2022-02-23T04:40:18.660Z appoptics:debug oracledb wrapping getConnection
2022-02-23T04:40:18.701Z appoptics:debug connection.execute() seems to be patched
2022-02-23T04:40:18.701Z appoptics:debug connection.commit() seems to be patched
2022-02-23T04:40:18.701Z appoptics:debug connection.rollback() seems to be patched
2022-02-23T04:40:18.701Z appoptics:debug connection.break() seems to be patched
2022-02-23T04:40:18.701Z appoptics:debug connection.release seems to be patched
    âœ“ should truncate long queries (139ms)
2022-02-23T04:40:18.802Z appoptics:debug ORACLEDB wrapping createPool
2022-02-23T04:40:18.805Z appoptics:debug oracledb wrapping getConnection
    âœ“ should trace execute calls in pool (53ms)
2022-02-23T04:40:18.855Z appoptics:debug oracledb wrapping getConnection
2022-02-23T04:40:18.896Z appoptics:debug connection.execute() seems to be patched
2022-02-23T04:40:18.896Z appoptics:debug connection.commit() seems to be patched
2022-02-23T04:40:18.896Z appoptics:debug connection.rollback() seems to be patched
2022-02-23T04:40:18.896Z appoptics:debug connection.break() seems to be patched
2022-02-23T04:40:18.896Z appoptics:debug connection.release seems to be patched
    âœ“ should include correct isAutoCommit value (48ms)
2022-02-23T04:40:18.905Z appoptics:debug oracledb wrapping getConnection
2022-02-23T04:40:18.946Z appoptics:debug connection.execute() seems to be patched
2022-02-23T04:40:18.946Z appoptics:debug connection.commit() seems to be patched
2022-02-23T04:40:18.946Z appoptics:debug connection.rollback() seems to be patched
2022-02-23T04:40:18.946Z appoptics:debug connection.break() seems to be patched
2022-02-23T04:40:18.947Z appoptics:debug connection.release seems to be patched
    âœ“ should do nothing when disabled (44ms)


  8 passing (441ms)


> oracledb@5.1.0 install /__w/appoptics-apm-node/appoptics-apm-node/node_modules/oracledb
> node package/install.js

oracledb ********************************************************************************
oracledb ** Node-oracledb 5.1.0 installed for Node.js 10.24.1 (linux, x64)
oracledb **
oracledb ** To use node-oracledb:
oracledb ** - Oracle Client libraries (64-bit) must be available.
oracledb ** - Follow the installation instructions:
oracledb **   https://oracle.github.io/node-oracledb/INSTALL.html#linuxinstall
oracledb ********************************************************************************

npm WARN optional SKIPPING OPTIONAL DEPENDENCY: fsevents@~2.3.1 (node_modules/chokidar/node_modules/fsevents):
npm WARN notsup SKIPPING OPTIONAL DEPENDENCY: Unsupported platform for fsevents@2.3.2: wanted {"os":"darwin","arch":"any"} (current: {"os":"linux","arch":"x64"})

+ oracledb@5.1.0
updated 1 package and audited 913 packages in 4.256s

83 packages are looking for funding
  run `npm fund` for details

found 8 vulnerabilities (3 moderate, 5 high)
  run `npm audit fix` to fix them, or `npm audit` for details
2022-02-23T04:40:24.371Z appoptics:debug read config from /__w/appoptics-apm-node/appoptics-apm-node/appoptics-apm-config
2022-02-23T04:40:24.373Z appoptics:debug guc ignoring APPOPTICS_LOG_SETTINGS
2022-02-23T04:40:24.373Z appoptics:debug serviceKey dIOz...wWK0:ao-node-test
2022-02-23T04:40:24.374Z appoptics:debug using context provider: ace-context
2022-02-23T04:40:24.457Z appoptics:debug apm 10.2.1, bindings 11.2.0, oboe 10.2.0
2022-02-23T04:40:24.693Z appoptics:patching patched crypto 
2022-02-23T04:40:24.722Z appoptics:patching patched https 
2022-02-23T04:40:24.722Z appoptics:patching patched http 
2022-02-23T04:40:24.775Z appoptics:patching patched oracledb 5.1.0
2022-02-23T04:40:24.781Z appoptics:debug starting runtimeMetrics


  probes.oracledb 5.1.0
    âœ“ UDP might lose a message
    âœ“ should be configured to sanitize SQL by default
2022-02-23T04:40:24.832Z appoptics:debug oracledb wrapping getConnection
    âœ“ should trace execute calls (77ms)
2022-02-23T04:40:24.915Z appoptics:debug oracledb wrapping getConnection
2022-02-23T04:40:24.958Z appoptics:debug connection.execute() seems to be patched
2022-02-23T04:40:24.958Z appoptics:debug connection.commit() seems to be patched
2022-02-23T04:40:24.958Z appoptics:debug connection.rollback() seems to be patched
2022-02-23T04:40:24.958Z appoptics:debug connection.break() seems to be patched
2022-02-23T04:40:24.958Z appoptics:debug connection.release seems to be patched
    âœ“ should sanitize query (46ms)
2022-02-23T04:40:24.965Z appoptics:debug oracledb wrapping getConnection
2022-02-23T04:40:25.022Z appoptics:debug connection.execute() seems to be patched
2022-02-23T04:40:25.022Z appoptics:debug connection.commit() seems to be patched
2022-02-23T04:40:25.022Z appoptics:debug connection.rollback() seems to be patched
2022-02-23T04:40:25.022Z appoptics:debug connection.break() seems to be patched
2022-02-23T04:40:25.022Z appoptics:debug connection.release seems to be patched
    âœ“ should truncate long queries (172ms)
2022-02-23T04:40:25.144Z appoptics:debug ORACLEDB wrapping createPool
2022-02-23T04:40:25.147Z appoptics:debug oracledb wrapping getConnection
    âœ“ should trace execute calls in pool (52ms)
2022-02-23T04:40:25.197Z appoptics:debug oracledb wrapping getConnection
2022-02-23T04:40:25.242Z appoptics:debug connection.execute() seems to be patched
2022-02-23T04:40:25.242Z appoptics:debug connection.commit() seems to be patched
2022-02-23T04:40:25.242Z appoptics:debug connection.rollback() seems to be patched
2022-02-23T04:40:25.242Z appoptics:debug connection.break() seems to be patched
2022-02-23T04:40:25.242Z appoptics:debug connection.release seems to be patched
    âœ“ should include correct isAutoCommit value (57ms)
2022-02-23T04:40:25.260Z appoptics:debug oracledb wrapping getConnection
2022-02-23T04:40:25.321Z appoptics:debug connection.execute() seems to be patched
2022-02-23T04:40:25.321Z appoptics:debug connection.commit() seems to be patched
2022-02-23T04:40:25.321Z appoptics:debug connection.rollback() seems to be patched
2022-02-23T04:40:25.321Z appoptics:debug connection.break() seems to be patched
2022-02-23T04:40:25.321Z appoptics:debug connection.release seems to be patched
    âœ“ should do nothing when disabled (63ms)


  8 passing (537ms)


> oracledb@5.2.0 install /__w/appoptics-apm-node/appoptics-apm-node/node_modules/oracledb
> node package/install.js

oracledb ********************************************************************************
oracledb ** Node-oracledb 5.2.0 installed in Node.js 10.24.1 (linux, x64)
oracledb **
oracledb ** To use node-oracledb:
oracledb ** - Oracle Client libraries (64-bit) must be available.
oracledb ** - Follow the installation instructions:
oracledb **   https://oracle.github.io/node-oracledb/INSTALL.html#linuxinstall
oracledb ********************************************************************************

npm WARN optional SKIPPING OPTIONAL DEPENDENCY: fsevents@~2.3.1 (node_modules/chokidar/node_modules/fsevents):
npm WARN notsup SKIPPING OPTIONAL DEPENDENCY: Unsupported platform for fsevents@2.3.2: wanted {"os":"darwin","arch":"any"} (current: {"os":"linux","arch":"x64"})

+ oracledb@5.2.0
updated 1 package and audited 913 packages in 4.731s

83 packages are looking for funding
  run `npm fund` for details

found 8 vulnerabilities (3 moderate, 5 high)
  run `npm audit fix` to fix them, or `npm audit` for details
2022-02-23T04:40:31.355Z appoptics:debug read config from /__w/appoptics-apm-node/appoptics-apm-node/appoptics-apm-config
2022-02-23T04:40:31.357Z appoptics:debug guc ignoring APPOPTICS_LOG_SETTINGS
2022-02-23T04:40:31.357Z appoptics:debug serviceKey dIOz...wWK0:ao-node-test
2022-02-23T04:40:31.358Z appoptics:debug using context provider: ace-context
2022-02-23T04:40:31.431Z appoptics:debug apm 10.2.1, bindings 11.2.0, oboe 10.2.0
2022-02-23T04:40:31.607Z appoptics:patching patched crypto 
2022-02-23T04:40:31.635Z appoptics:patching patched https 
2022-02-23T04:40:31.635Z appoptics:patching patched http 
2022-02-23T04:40:31.666Z appoptics:patching patched oracledb 5.2.0
2022-02-23T04:40:31.670Z appoptics:debug starting runtimeMetrics


  probes.oracledb 5.2.0
    âœ“ UDP might lose a message
    âœ“ should be configured to sanitize SQL by default
2022-02-23T04:40:31.717Z appoptics:debug oracledb wrapping getConnection
    âœ“ should trace execute calls (60ms)
2022-02-23T04:40:31.779Z appoptics:debug oracledb wrapping getConnection
2022-02-23T04:40:31.823Z appoptics:debug connection.execute() seems to be patched
2022-02-23T04:40:31.823Z appoptics:debug connection.commit() seems to be patched
2022-02-23T04:40:31.823Z appoptics:debug connection.rollback() seems to be patched
2022-02-23T04:40:31.823Z appoptics:debug connection.break() seems to be patched
2022-02-23T04:40:31.823Z appoptics:debug connection.release seems to be patched
    âœ“ should sanitize query (46ms)
2022-02-23T04:40:31.830Z appoptics:debug oracledb wrapping getConnection
2022-02-23T04:40:31.869Z appoptics:debug connection.execute() seems to be patched
2022-02-23T04:40:31.870Z appoptics:debug connection.commit() seems to be patched
2022-02-23T04:40:31.870Z appoptics:debug connection.rollback() seems to be patched
2022-02-23T04:40:31.870Z appoptics:debug connection.break() seems to be patched
2022-02-23T04:40:31.870Z appoptics:debug connection.release seems to be patched
    âœ“ should truncate long queries (140ms)
2022-02-23T04:40:31.972Z appoptics:debug ORACLEDB wrapping createPool
2022-02-23T04:40:31.976Z appoptics:debug oracledb wrapping getConnection
    âœ“ should trace execute calls in pool (46ms)
2022-02-23T04:40:32.019Z appoptics:debug oracledb wrapping getConnection
2022-02-23T04:40:32.059Z appoptics:debug connection.execute() seems to be patched
2022-02-23T04:40:32.059Z appoptics:debug connection.commit() seems to be patched
2022-02-23T04:40:32.059Z appoptics:debug connection.rollback() seems to be patched
2022-02-23T04:40:32.059Z appoptics:debug connection.break() seems to be patched
2022-02-23T04:40:32.059Z appoptics:debug connection.release seems to be patched
    âœ“ should include correct isAutoCommit value (47ms)
2022-02-23T04:40:32.071Z appoptics:debug oracledb wrapping getConnection
2022-02-23T04:40:32.111Z appoptics:debug connection.execute() seems to be patched
2022-02-23T04:40:32.111Z appoptics:debug connection.commit() seems to be patched
2022-02-23T04:40:32.111Z appoptics:debug connection.rollback() seems to be patched
2022-02-23T04:40:32.111Z appoptics:debug connection.break() seems to be patched
2022-02-23T04:40:32.111Z appoptics:debug connection.release seems to be patched
    âœ“ should do nothing when disabled (43ms)


  8 passing (437ms)


> oracledb@5.3.0 install /__w/appoptics-apm-node/appoptics-apm-node/node_modules/oracledb
> node package/install.js

oracledb ********************************************************************************
oracledb ** Node-oracledb 5.3.0 installed in Node.js 10.24.1 (linux, x64)
oracledb **
oracledb ** To use node-oracledb:
oracledb ** - Oracle Client libraries (64-bit) must be available.
oracledb ** - Follow the installation instructions:
oracledb **   https://oracle.github.io/node-oracledb/INSTALL.html#linuxinstall
oracledb ********************************************************************************

npm WARN optional SKIPPING OPTIONAL DEPENDENCY: fsevents@~2.3.1 (node_modules/chokidar/node_modules/fsevents):
npm WARN notsup SKIPPING OPTIONAL DEPENDENCY: Unsupported platform for fsevents@2.3.2: wanted {"os":"darwin","arch":"any"} (current: {"os":"linux","arch":"x64"})

+ oracledb@5.3.0
updated 1 package and audited 913 packages in 4.271s

83 packages are looking for funding
  run `npm fund` for details

found 8 vulnerabilities (3 moderate, 5 high)
  run `npm audit fix` to fix them, or `npm audit` for details
2022-02-23T04:40:37.631Z appoptics:debug read config from /__w/appoptics-apm-node/appoptics-apm-node/appoptics-apm-config
2022-02-23T04:40:37.633Z appoptics:debug guc ignoring APPOPTICS_LOG_SETTINGS
2022-02-23T04:40:37.633Z appoptics:debug serviceKey dIOz...wWK0:ao-node-test
2022-02-23T04:40:37.634Z appoptics:debug using context provider: ace-context
2022-02-23T04:40:37.744Z appoptics:debug apm 10.2.1, bindings 11.2.0, oboe 10.2.0
2022-02-23T04:40:38.148Z appoptics:patching patched crypto 
2022-02-23T04:40:38.221Z appoptics:patching patched https 
2022-02-23T04:40:38.221Z appoptics:patching patched http 
2022-02-23T04:40:38.274Z appoptics:patching patched oracledb 5.3.0
2022-02-23T04:40:38.289Z appoptics:debug starting runtimeMetrics


  probes.oracledb 5.3.0
    âœ“ UDP might lose a message
    âœ“ should be configured to sanitize SQL by default
2022-02-23T04:40:38.339Z appoptics:debug oracledb wrapping getConnection
    âœ“ should trace execute calls (114ms)
2022-02-23T04:40:38.455Z appoptics:debug oracledb wrapping getConnection
2022-02-23T04:40:38.535Z appoptics:debug connection.execute() seems to be patched
2022-02-23T04:40:38.535Z appoptics:debug connection.commit() seems to be patched
2022-02-23T04:40:38.535Z appoptics:debug connection.rollback() seems to be patched
2022-02-23T04:40:38.535Z appoptics:debug connection.break() seems to be patched
2022-02-23T04:40:38.535Z appoptics:debug connection.release seems to be patched
    âœ“ should sanitize query (83ms)
2022-02-23T04:40:38.544Z appoptics:debug oracledb wrapping getConnection
2022-02-23T04:40:38.624Z appoptics:debug connection.execute() seems to be patched
2022-02-23T04:40:38.624Z appoptics:debug connection.commit() seems to be patched
2022-02-23T04:40:38.624Z appoptics:debug connection.rollback() seems to be patched
2022-02-23T04:40:38.624Z appoptics:debug connection.break() seems to be patched
2022-02-23T04:40:38.624Z appoptics:debug connection.release seems to be patched
    âœ“ should truncate long queries (267ms)
2022-02-23T04:40:38.816Z appoptics:debug ORACLEDB wrapping createPool
2022-02-23T04:40:38.822Z appoptics:debug oracledb wrapping getConnection
    âœ“ should trace execute calls in pool (77ms)
2022-02-23T04:40:38.893Z appoptics:debug oracledb wrapping getConnection
2022-02-23T04:40:38.970Z appoptics:debug connection.execute() seems to be patched
2022-02-23T04:40:38.970Z appoptics:debug connection.commit() seems to be patched
2022-02-23T04:40:38.970Z appoptics:debug connection.rollback() seems to be patched
2022-02-23T04:40:38.970Z appoptics:debug connection.break() seems to be patched
2022-02-23T04:40:38.970Z appoptics:debug connection.release seems to be patched
    âœ“ should include correct isAutoCommit value (96ms)
2022-02-23T04:40:38.997Z appoptics:debug oracledb wrapping getConnection
2022-02-23T04:40:39.072Z appoptics:debug connection.execute() seems to be patched
2022-02-23T04:40:39.072Z appoptics:debug connection.commit() seems to be patched
2022-02-23T04:40:39.072Z appoptics:debug connection.rollback() seems to be patched
2022-02-23T04:40:39.072Z appoptics:debug connection.break() seems to be patched
2022-02-23T04:40:39.072Z appoptics:debug connection.release seems to be patched
    âœ“ should do nothing when disabled (78ms)


  8 passing (784ms)


> oracledb@5.3.0 install /__w/appoptics-apm-node/appoptics-apm-node/node_modules/oracledb
> node package/install.js

oracledb ********************************************************************************
oracledb ** Node-oracledb 5.3.0 installed in Node.js 10.24.1 (linux, x64)
oracledb **
oracledb ** To use node-oracledb:
oracledb ** - Oracle Client libraries (64-bit) must be available.
oracledb ** - Follow the installation instructions:
oracledb **   https://oracle.github.io/node-oracledb/INSTALL.html#linuxinstall
oracledb ********************************************************************************

npm WARN optional SKIPPING OPTIONAL DEPENDENCY: fsevents@~2.3.1 (node_modules/chokidar/node_modules/fsevents):
npm WARN notsup SKIPPING OPTIONAL DEPENDENCY: Unsupported platform for fsevents@2.3.2: wanted {"os":"darwin","arch":"any"} (current: {"os":"linux","arch":"x64"})

+ oracledb@5.3.0
updated 1 package and audited 913 packages in 4.219s

83 packages are looking for funding
  run `npm fund` for details

found 8 vulnerabilities (3 moderate, 5 high)
  run `npm audit fix` to fix them, or `npm audit` for details
