npm WARN deprecated oracledb@2.0.14: Update to node-oracledb 5
npm WARN read-shrinkwrap This version of npm is compatible with lockfileVersion@1, but package-lock.json was generated for lockfileVersion@2. I'll try to do my best with it!

> oracledb@2.0.14 install /__w/appoptics-apm-node/appoptics-apm-node/node_modules/oracledb
> node package/oracledbinstall.js

oracledb Beginning installation
oracledb Verifying installation
oracledb Binary not found
oracledb Continuing installation
oracledb [31mERR![0m NJS-054: Binary build/Release/oracledb.node was not installed from oracledb-v2.0.14-node-v64-linux-x64.gz
oracledb [31mERR![0m Error: HTTPS request for https://github.com/oracle/node-oracledb/releases/download/v2.0.14/oracledb-v2.0.14-node-v64-linux-x64.gz failed with code 404
oracledb [31mERR![0m If the error is not network or filesystem related, then review 
oracledb [31mERR![0m the Python 2.7 and compiler prerequisites in the installation instructions and
oracledb [31mERR![0m then install from source code with: npm install oracle/node-oracledb.git#v2.0.14
oracledb [31mERR![0m See https://github.com/oracle/node-oracledb/blob/master/INSTALL.md 

npm WARN optional SKIPPING OPTIONAL DEPENDENCY: fsevents@~2.3.1 (node_modules/chokidar/node_modules/fsevents):
npm WARN notsup SKIPPING OPTIONAL DEPENDENCY: Unsupported platform for fsevents@2.3.2: wanted {"os":"darwin","arch":"any"} (current: {"os":"linux","arch":"x64"})

npm ERR! code ELIFECYCLE
npm ERR! errno 87
npm ERR! oracledb@2.0.14 install: `node package/oracledbinstall.js`
npm ERR! Exit status 87
npm ERR! 
npm ERR! Failed at the oracledb@2.0.14 install script.
npm ERR! This is probably not a problem with npm. There is likely additional logging output above.

npm ERR! A complete log of this run can be found in:
npm ERR!     /github/home/.npm/_logs/2022-04-21T21_04_24_253Z-debug.log
npm WARN deprecated oracledb@2.0.15: Update to node-oracledb 5
npm WARN read-shrinkwrap This version of npm is compatible with lockfileVersion@1, but package-lock.json was generated for lockfileVersion@2. I'll try to do my best with it!

> oracledb@2.0.15 install /__w/appoptics-apm-node/appoptics-apm-node/node_modules/oracledb
> node package/oracledbinstall.js

oracledb Beginning installation
oracledb Verifying installation
oracledb Binary not found
oracledb Continuing installation
oracledb [31mERR![0m NJS-054: Binary build/Release/oracledb.node was not installed from oracledb-v2.0.15-node-v64-linux-x64.gz
oracledb [31mERR![0m Error: HTTPS request for https://github.com/oracle/node-oracledb/releases/download/v2.0.15/oracledb-v2.0.15-node-v64-linux-x64.gz failed with code 404
oracledb [31mERR![0m If the error is not network or filesystem related, then review 
oracledb [31mERR![0m the Python 2.7 and compiler prerequisites in the installation instructions and
oracledb [31mERR![0m then install from source code with: npm install oracle/node-oracledb.git#v2.0.15
oracledb [31mERR![0m See https://github.com/oracle/node-oracledb/blob/master/INSTALL.md 

npm WARN optional SKIPPING OPTIONAL DEPENDENCY: fsevents@~2.3.1 (node_modules/chokidar/node_modules/fsevents):
npm WARN notsup SKIPPING OPTIONAL DEPENDENCY: Unsupported platform for fsevents@2.3.2: wanted {"os":"darwin","arch":"any"} (current: {"os":"linux","arch":"x64"})

npm ERR! code ELIFECYCLE
npm ERR! errno 87
npm ERR! oracledb@2.0.15 install: `node package/oracledbinstall.js`
npm ERR! Exit status 87
npm ERR! 
npm ERR! Failed at the oracledb@2.0.15 install script.
npm ERR! This is probably not a problem with npm. There is likely additional logging output above.

npm ERR! A complete log of this run can be found in:
npm ERR!     /github/home/.npm/_logs/2022-04-21T21_04_31_457Z-debug.log
npm WARN deprecated oracledb@2.1.0: Update to node-oracledb 5
npm WARN read-shrinkwrap This version of npm is compatible with lockfileVersion@1, but package-lock.json was generated for lockfileVersion@2. I'll try to do my best with it!

> oracledb@2.1.0 install /__w/appoptics-apm-node/appoptics-apm-node/node_modules/oracledb
> node package/oracledbinstall.js

oracledb Beginning installation
oracledb Verifying installation
oracledb Binary not found
oracledb Continuing installation
oracledb [31mERR![0m NJS-054: Binary build/Release/oracledb.node was not installed from oracledb-v2.1.0-node-v64-linux-x64.gz
oracledb [31mERR![0m Error: HTTPS request for https://github.com/oracle/node-oracledb/releases/download/v2.1.0/oracledb-v2.1.0-node-v64-linux-x64.gz failed with code 404
oracledb [31mERR![0m If the error is not network or filesystem related, then review 
oracledb [31mERR![0m the Python 2.7 and compiler prerequisites in the installation instructions and
oracledb [31mERR![0m then install from source code with: npm install oracle/node-oracledb.git#v2.1.0
oracledb [31mERR![0m See https://github.com/oracle/node-oracledb/blob/master/INSTALL.md 

npm WARN optional SKIPPING OPTIONAL DEPENDENCY: fsevents@~2.3.1 (node_modules/chokidar/node_modules/fsevents):
npm WARN notsup SKIPPING OPTIONAL DEPENDENCY: Unsupported platform for fsevents@2.3.2: wanted {"os":"darwin","arch":"any"} (current: {"os":"linux","arch":"x64"})

npm ERR! code ELIFECYCLE
npm ERR! errno 87
npm ERR! oracledb@2.1.0 install: `node package/oracledbinstall.js`
npm ERR! Exit status 87
npm ERR! 
npm ERR! Failed at the oracledb@2.1.0 install script.
npm ERR! This is probably not a problem with npm. There is likely additional logging output above.

npm ERR! A complete log of this run can be found in:
npm ERR!     /github/home/.npm/_logs/2022-04-21T21_04_39_411Z-debug.log
npm WARN deprecated oracledb@2.1.1: Update to node-oracledb 5
npm WARN read-shrinkwrap This version of npm is compatible with lockfileVersion@1, but package-lock.json was generated for lockfileVersion@2. I'll try to do my best with it!

> oracledb@2.1.1 install /__w/appoptics-apm-node/appoptics-apm-node/node_modules/oracledb
> node package/oracledbinstall.js

oracledb Beginning installation
oracledb Verifying installation
oracledb Binary not found
oracledb Continuing installation
oracledb [31mERR![0m NJS-054: Binary build/Release/oracledb.node was not installed from oracledb-v2.1.1-node-v64-linux-x64.gz
oracledb [31mERR![0m Error: HTTPS request for https://github.com/oracle/node-oracledb/releases/download/v2.1.1/oracledb-v2.1.1-node-v64-linux-x64.gz failed with code 404
oracledb [31mERR![0m If the error is not network or filesystem related, then review 
oracledb [31mERR![0m the Python 2.7 and compiler prerequisites in the installation instructions and
oracledb [31mERR![0m then install from source code with: npm install oracle/node-oracledb.git#v2.1.1
oracledb [31mERR![0m See https://github.com/oracle/node-oracledb/blob/master/INSTALL.md 

npm WARN optional SKIPPING OPTIONAL DEPENDENCY: fsevents@~2.3.1 (node_modules/chokidar/node_modules/fsevents):
npm WARN notsup SKIPPING OPTIONAL DEPENDENCY: Unsupported platform for fsevents@2.3.2: wanted {"os":"darwin","arch":"any"} (current: {"os":"linux","arch":"x64"})

npm ERR! code ELIFECYCLE
npm ERR! errno 87
npm ERR! oracledb@2.1.1 install: `node package/oracledbinstall.js`
npm ERR! Exit status 87
npm ERR! 
npm ERR! Failed at the oracledb@2.1.1 install script.
npm ERR! This is probably not a problem with npm. There is likely additional logging output above.

npm ERR! A complete log of this run can be found in:
npm ERR!     /github/home/.npm/_logs/2022-04-21T21_04_46_393Z-debug.log
npm WARN deprecated oracledb@2.1.2: Update to node-oracledb 5
npm WARN read-shrinkwrap This version of npm is compatible with lockfileVersion@1, but package-lock.json was generated for lockfileVersion@2. I'll try to do my best with it!

> oracledb@2.1.2 install /__w/appoptics-apm-node/appoptics-apm-node/node_modules/oracledb
> node package/oracledbinstall.js

oracledb Beginning installation
oracledb Verifying installation
oracledb Binary not found
oracledb Continuing installation
oracledb [31mERR![0m NJS-054: Binary build/Release/oracledb.node was not installed from oracledb-v2.1.2-node-v64-linux-x64.gz
oracledb [31mERR![0m Error: HTTPS request for https://github.com/oracle/node-oracledb/releases/download/v2.1.2/oracledb-v2.1.2-node-v64-linux-x64.gz failed with code 404
oracledb [31mERR![0m If the error is not network or filesystem related, then review 
oracledb [31mERR![0m the Python 2.7 and compiler prerequisites in the installation instructions and
oracledb [31mERR![0m then install from source code with: npm install oracle/node-oracledb.git#v2.1.2
oracledb [31mERR![0m See https://github.com/oracle/node-oracledb/blob/master/INSTALL.md 

npm WARN optional SKIPPING OPTIONAL DEPENDENCY: fsevents@~2.3.1 (node_modules/chokidar/node_modules/fsevents):
npm WARN notsup SKIPPING OPTIONAL DEPENDENCY: Unsupported platform for fsevents@2.3.2: wanted {"os":"darwin","arch":"any"} (current: {"os":"linux","arch":"x64"})

npm ERR! code ELIFECYCLE
npm ERR! errno 87
npm ERR! oracledb@2.1.2 install: `node package/oracledbinstall.js`
npm ERR! Exit status 87
npm ERR! 
npm ERR! Failed at the oracledb@2.1.2 install script.
npm ERR! This is probably not a problem with npm. There is likely additional logging output above.

npm ERR! A complete log of this run can be found in:
npm ERR!     /github/home/.npm/_logs/2022-04-21T21_04_54_381Z-debug.log
npm WARN deprecated oracledb@2.2.0: Update to node-oracledb 5
npm WARN read-shrinkwrap This version of npm is compatible with lockfileVersion@1, but package-lock.json was generated for lockfileVersion@2. I'll try to do my best with it!

> oracledb@2.2.0 install /__w/appoptics-apm-node/appoptics-apm-node/node_modules/oracledb
> node package/oracledbinstall.js

oracledb Beginning installation
oracledb Verifying installation
oracledb Continuing installation
oracledb [31mERR![0m NJS-054: Binary build/Release/oracledb.node was not installed.
oracledb [31mERR![0m Pre-built binary packages are not available for this version of Node.js (NODE_MODULE_VERSION="64")
oracledb [31mERR![0m Failed to install binary package oracledb-v2.2.0-node-v64-linux-x64.gz
oracledb [31mERR![0m Error: HTTPS request for https://github.com/oracle/node-oracledb/releases/download/v2.2.0/oracledb-v2.2.0-node-v64-linux-x64.gz failed with code 404
oracledb [31mERR![0m For help see https://oracle.github.io/node-oracledb/INSTALL.html#troubleshooting

npm WARN optional SKIPPING OPTIONAL DEPENDENCY: fsevents@~2.3.1 (node_modules/chokidar/node_modules/fsevents):
npm WARN notsup SKIPPING OPTIONAL DEPENDENCY: Unsupported platform for fsevents@2.3.2: wanted {"os":"darwin","arch":"any"} (current: {"os":"linux","arch":"x64"})

npm ERR! code ELIFECYCLE
npm ERR! errno 87
npm ERR! oracledb@2.2.0 install: `node package/oracledbinstall.js`
npm ERR! Exit status 87
npm ERR! 
npm ERR! Failed at the oracledb@2.2.0 install script.
npm ERR! This is probably not a problem with npm. There is likely additional logging output above.

npm ERR! A complete log of this run can be found in:
npm ERR!     /github/home/.npm/_logs/2022-04-21T21_05_00_769Z-debug.log
npm WARN deprecated oracledb@2.3.0: Update to node-oracledb 5
npm WARN read-shrinkwrap This version of npm is compatible with lockfileVersion@1, but package-lock.json was generated for lockfileVersion@2. I'll try to do my best with it!

> oracledb@2.3.0 install /__w/appoptics-apm-node/appoptics-apm-node/node_modules/oracledb
> node package/oracledbinstall.js

oracledb Beginning installation
oracledb Verifying installation
oracledb Continuing installation
oracledb Oracledb downloaded
oracledb Verifying installation
oracledb Binary SHA matches SHA in SHASUMS256.txt
oracledb 
oracledb ********************************************************************************
oracledb ** Node-oracledb 2.3.0 installation complete for Node.js 10.24.1 (linux, x64)
oracledb **
oracledb ** To use the installed node-oracledb:
oracledb ** - You must have 64-bit Oracle client libraries in LD_LIBRARY_PATH, or configured with ldconfig
oracledb ** - If you do not already have libraries, install the Instant Client Basic or Basic Light package from 
oracledb **   http://www.oracle.com/technetwork/topics/linuxx86-64soft-092277.html
oracledb **
oracledb ** Node-oracledb installation instructions: https://oracle.github.io/node-oracledb/INSTALL.html
oracledb ********************************************************************************

npm WARN optional SKIPPING OPTIONAL DEPENDENCY: fsevents@~2.3.1 (node_modules/chokidar/node_modules/fsevents):
npm WARN notsup SKIPPING OPTIONAL DEPENDENCY: Unsupported platform for fsevents@2.3.2: wanted {"os":"darwin","arch":"any"} (current: {"os":"linux","arch":"x64"})

+ oracledb@2.3.0
added 1 package and audited 935 packages in 6.887s

86 packages are looking for funding
  run `npm fund` for details

found 7 vulnerabilities (2 moderate, 5 high)
  run `npm audit fix` to fix them, or `npm audit` for details
2022-04-21T21:05:09.128Z appoptics:debug read config from /__w/appoptics-apm-node/appoptics-apm-node/appoptics-apm-config
2022-04-21T21:05:09.130Z appoptics:debug guc ignoring APPOPTICS_LOG_SETTINGS
2022-04-21T21:05:09.130Z appoptics:debug serviceKey dIOz...wWK0:node-agent-test
2022-04-21T21:05:09.131Z appoptics:debug using context provider: ace-context
2022-04-21T21:05:09.215Z appoptics:debug apm 10.2.2-ao.0, bindings 11.2.0, oboe 10.2.0
2022-04-21T21:05:09.437Z appoptics:patching patched crypto 
2022-04-21T21:05:09.468Z appoptics:patching patched https 
2022-04-21T21:05:09.468Z appoptics:patching patched http 
2022-04-21T21:05:09.619Z appoptics:patching patched oracledb 2.3.0
2022-04-21T21:05:09.626Z appoptics:debug starting runtimeMetrics


  probes.oracledb 2.3.0
    âœ“ UDP might lose a message
    âœ“ should be configured to sanitize SQL by default
2022-04-21T21:05:09.806Z appoptics:debug span.exit - no last event outer outer:entry 2b-49e0291b581b4f237886fa1d83822df5be5c783e-191ca77099cee241-01 outer:exit 2b-49e0291b581b4f237886fa1d83822df5be5c783e-3d5682de101019a1-01
2022-04-21T21:05:09.806Z appoptics:error Can not set lastEvent. Context may be lost.
    1) should trace execute calls
2022-04-21T21:05:09.855Z appoptics:debug span.exit - no last event outer outer:entry 2b-aea512ae0580f5849665531813dd376a6cdf11f6-ff36a0c59de98ea7-01 outer:exit 2b-aea512ae0580f5849665531813dd376a6cdf11f6-9e8317aa3c98b3b0-01
2022-04-21T21:05:09.855Z appoptics:error Can not set lastEvent. Context may be lost.
    2) should sanitize query
2022-04-21T21:05:10.053Z appoptics:debug span.exit - no last event outer outer:entry 2b-8f4753e6667e0f58daf37725fe2baabc68f4b1f1-f739ca50a5a0ab1b-01 outer:exit 2b-8f4753e6667e0f58daf37725fe2baabc68f4b1f1-0150e384390bba13-01
2022-04-21T21:05:10.053Z appoptics:error Can not set lastEvent. Context may be lost.
    3) should truncate long queries
2022-04-21T21:05:10.104Z appoptics:debug span.exit - no last event outer outer:entry 2b-60b0a74795c99d41b616b0c1ba60b02babf149a7-6f25bbc90c9d3462-01 outer:exit 2b-60b0a74795c99d41b616b0c1ba60b02babf149a7-f835100d2ddc27e5-01
2022-04-21T21:05:10.104Z appoptics:error Can not set lastEvent. Context may be lost.
    4) should trace execute calls in pool
2022-04-21T21:05:10.148Z appoptics:debug span.exit - no last event outer outer:entry 2b-51994215529686fa593868e45ec2191f6542cab3-e48dc33aa35d8aa2-01 outer:exit 2b-51994215529686fa593868e45ec2191f6542cab3-29537774df0fb036-01
2022-04-21T21:05:10.148Z appoptics:error Can not set lastEvent. Context may be lost.
    5) should include correct isAutoCommit value
2022-04-21T21:05:10.191Z appoptics:debug span.exit - no last event outer outer:entry 2b-4602fea1e9b2198640fcce49025d5a9ee12f4667-ea0418b6e013821d-01 outer:exit 2b-4602fea1e9b2198640fcce49025d5a9ee12f4667-7d740de1f7c5fe53-01
2022-04-21T21:05:10.191Z appoptics:error Can not set lastEvent. Context may be lost.
    âœ“ should do nothing when disabled (42ms)


  3 passing (562ms)
  5 failing

  1) probes.oracledb 2.3.0
       should trace execute calls:
     Uncaught AssertionError: expected Object {
  Edge: '191CA77099CEE241',
  Hostname: '087b9bd4743e',
  Label: 'exit',
  Layer: 'outer',
  TID: 634,
  Timestamp_u: 1650575109806729,
  'X-Trace': '2B49E0291B581B4F237886FA1D83822DF5BE5C783E3D5682DE101019A101',
  _V: '1'
} to have property Layer of 'oracle' (got 'outer')
      at Assertion.fail (node_modules/should/lib/assertion.js:92:17)
      at Assertion.value [as property] (node_modules/should/lib/assertion.js:164:19)
      at Object.oracle-entry (test/probes/oracledb.test.js:64:23)
      at /__w/appoptics-apm-node/appoptics-apm-node/test/probes/oracledb.test.js:96:31
      at EventEmitter.onMessage (test/helper.js:170:9)
      at Socket.<anonymous> (test/helper.js:112:13)
      at UDP.onMessage [as onmessage] (dgram.js:628:8)

  2) probes.oracledb 2.3.0
       should sanitize query:
     Uncaught AssertionError: expected Object {
  Edge: 'FF36A0C59DE98EA7',
  Hostname: '087b9bd4743e',
  Label: 'exit',
  Layer: 'outer',
  TID: 634,
  Timestamp_u: 1650575109855332,
  'X-Trace': '2BAEA512AE0580F5849665531813DD376A6CDF11F69E8317AA3C98B3B001',
  _V: '1'
} to have property Layer of 'oracle' (got 'outer')
      at Assertion.fail (node_modules/should/lib/assertion.js:92:17)
      at Assertion.value [as property] (node_modules/should/lib/assertion.js:164:19)
      at Object.oracle-entry (test/probes/oracledb.test.js:64:23)
      at helper.test.ao.probes.oracledb.sanitizeSql (test/probes/oracledb.test.js:120:31)
      at EventEmitter.onMessage (test/helper.js:170:9)
      at Socket.<anonymous> (test/helper.js:112:13)
      at UDP.onMessage [as onmessage] (dgram.js:628:8)

  3) probes.oracledb 2.3.0
       should truncate long queries:
     Uncaught AssertionError: expected Object {
  Edge: 'F739CA50A5A0AB1B',
  Hostname: '087b9bd4743e',
  Label: 'exit',
  Layer: 'outer',
  TID: 634,
  Timestamp_u: 1650575110053915,
  'X-Trace': '2B8F4753E6667E0F58DAF37725FE2BAABC68F4B1F10150E384390BBA1301',
  _V: '1'
} to have property Layer of 'oracle' (got 'outer')
      at Assertion.fail (node_modules/should/lib/assertion.js:92:17)
      at Assertion.value [as property] (node_modules/should/lib/assertion.js:164:19)
      at Object.oracle-entry (test/probes/oracledb.test.js:64:23)
      at /__w/appoptics-apm-node/appoptics-apm-node/test/probes/oracledb.test.js:152:31
      at EventEmitter.onMessage (test/helper.js:170:9)
      at Socket.<anonymous> (test/helper.js:112:13)
      at UDP.onMessage [as onmessage] (dgram.js:628:8)

  4) probes.oracledb 2.3.0
       should trace execute calls in pool:
     Uncaught AssertionError: expected Object {
  Edge: '6F25BBC90C9D3462',
  Hostname: '087b9bd4743e',
  Label: 'exit',
  Layer: 'outer',
  TID: 634,
  Timestamp_u: 1650575110104921,
  'X-Trace': '2B60B0A74795C99D41B616B0C1BA60B02BABF149A7F835100D2DDC27E501',
  _V: '1'
} to have property Layer of 'oracle' (got 'outer')
      at Assertion.fail (node_modules/should/lib/assertion.js:92:17)
      at Assertion.value [as property] (node_modules/should/lib/assertion.js:164:19)
      at Object.oracle-entry (test/probes/oracledb.test.js:64:23)
      at /__w/appoptics-apm-node/appoptics-apm-node/test/probes/oracledb.test.js:176:31
      at EventEmitter.onMessage (test/helper.js:170:9)
      at Socket.<anonymous> (test/helper.js:112:13)
      at UDP.onMessage [as onmessage] (dgram.js:628:8)

  5) probes.oracledb 2.3.0
       should include correct isAutoCommit value:
     Uncaught AssertionError: expected Object {
  Edge: 'E48DC33AA35D8AA2',
  Hostname: '087b9bd4743e',
  Label: 'exit',
  Layer: 'outer',
  TID: 634,
  Timestamp_u: 1650575110148766,
  'X-Trace': '2B51994215529686FA593868E45EC2191F6542CAB329537774DF0FB03601',
  _V: '1'
} to have property Layer of 'oracle' (got 'outer')
      at Assertion.fail (node_modules/should/lib/assertion.js:92:17)
      at Assertion.value [as property] (node_modules/should/lib/assertion.js:164:19)
      at Object.oracle-entry (test/probes/oracledb.test.js:64:23)
      at /__w/appoptics-apm-node/appoptics-apm-node/test/probes/oracledb.test.js:219:31
      at EventEmitter.onMessage (test/helper.js:170:9)
      at Socket.<anonymous> (test/helper.js:112:13)
      at UDP.onMessage [as onmessage] (dgram.js:628:8)



npm WARN deprecated oracledb@3.0.0: Update to node-oracledb 5
npm WARN read-shrinkwrap This version of npm is compatible with lockfileVersion@1, but package-lock.json was generated for lockfileVersion@2. I'll try to do my best with it!

> oracledb@3.0.0 install /__w/appoptics-apm-node/appoptics-apm-node/node_modules/oracledb
> node package/oracledbinstall.js

oracledb Beginning installation
oracledb Verifying installation
oracledb Continuing installation
oracledb Oracledb downloaded
oracledb Verifying installation
oracledb Binary SHA matches SHA in SHASUMS256.txt
oracledb 
oracledb ********************************************************************************
oracledb ** Node-oracledb 3.0.0 installation complete for Node.js 10.24.1 (linux, x64)
oracledb **
oracledb ** To use the installed node-oracledb:
oracledb ** - You must have 64-bit Oracle client libraries in LD_LIBRARY_PATH, or configured with ldconfig
oracledb ** - If you do not already have libraries, install the Instant Client Basic or Basic Light package from 
oracledb **   http://www.oracle.com/technetwork/topics/linuxx86-64soft-092277.html
oracledb **
oracledb ** Node-oracledb installation instructions: https://oracle.github.io/node-oracledb/INSTALL.html
oracledb ********************************************************************************

npm WARN optional SKIPPING OPTIONAL DEPENDENCY: fsevents@~2.3.1 (node_modules/chokidar/node_modules/fsevents):
npm WARN notsup SKIPPING OPTIONAL DEPENDENCY: Unsupported platform for fsevents@2.3.2: wanted {"os":"darwin","arch":"any"} (current: {"os":"linux","arch":"x64"})

+ oracledb@3.0.0
updated 1 package and audited 935 packages in 9.518s

86 packages are looking for funding
  run `npm fund` for details

found 7 vulnerabilities (2 moderate, 5 high)
  run `npm audit fix` to fix them, or `npm audit` for details
2022-04-21T21:05:21.049Z appoptics:debug read config from /__w/appoptics-apm-node/appoptics-apm-node/appoptics-apm-config
2022-04-21T21:05:21.051Z appoptics:debug guc ignoring APPOPTICS_LOG_SETTINGS
2022-04-21T21:05:21.051Z appoptics:debug serviceKey dIOz...wWK0:node-agent-test
2022-04-21T21:05:21.051Z appoptics:debug using context provider: ace-context
2022-04-21T21:05:21.141Z appoptics:debug apm 10.2.2-ao.0, bindings 11.2.0, oboe 10.2.0
2022-04-21T21:05:21.355Z appoptics:patching patched crypto 
2022-04-21T21:05:21.393Z appoptics:patching patched https 
2022-04-21T21:05:21.394Z appoptics:patching patched http 
2022-04-21T21:05:21.439Z appoptics:patching patched oracledb 3.0.0
2022-04-21T21:05:21.445Z appoptics:debug starting runtimeMetrics


  probes.oracledb 3.0.0
    âœ“ UDP might lose a message
    âœ“ should be configured to sanitize SQL by default
2022-04-21T21:05:21.552Z appoptics:debug span.exit - no last event outer outer:entry 2b-459c3326a26b2a6818260b60f86ab2fe62cb4623-37af89c4ca80e3f9-01 outer:exit 2b-459c3326a26b2a6818260b60f86ab2fe62cb4623-b49ad2c905ed58af-01
2022-04-21T21:05:21.552Z appoptics:error Can not set lastEvent. Context may be lost.
    1) should trace execute calls
2022-04-21T21:05:21.610Z appoptics:debug span.exit - no last event outer outer:entry 2b-53f54f3550d01d621c4011b2e0247a07d2249f8a-1f7f8c44a0118146-01 outer:exit 2b-53f54f3550d01d621c4011b2e0247a07d2249f8a-b45f01cbd566f988-01
2022-04-21T21:05:21.610Z appoptics:error Can not set lastEvent. Context may be lost.
    2) should sanitize query
2022-04-21T21:05:21.804Z appoptics:debug span.exit - no last event outer outer:entry 2b-5bd78f8e6c57302a7270cc27b3a8bd1781c66892-6cc16c7832949540-01 outer:exit 2b-5bd78f8e6c57302a7270cc27b3a8bd1781c66892-6c9c3b292888aae5-01
2022-04-21T21:05:21.804Z appoptics:error Can not set lastEvent. Context may be lost.
    3) should truncate long queries
2022-04-21T21:05:21.858Z appoptics:debug span.exit - no last event outer outer:entry 2b-a384d0870b21602b80bf568b06897de87de5c9f2-13c356e3aa7da04b-01 outer:exit 2b-a384d0870b21602b80bf568b06897de87de5c9f2-f57610a8f96a8f79-01
2022-04-21T21:05:21.859Z appoptics:error Can not set lastEvent. Context may be lost.
    4) should trace execute calls in pool
2022-04-21T21:05:21.902Z appoptics:debug span.exit - no last event outer outer:entry 2b-e96b6b2db5a67db5d81a061384d3247dded64fdb-da2b2c22211a74d2-01 outer:exit 2b-e96b6b2db5a67db5d81a061384d3247dded64fdb-beb175ec7352a409-01
2022-04-21T21:05:21.902Z appoptics:error Can not set lastEvent. Context may be lost.
    5) should include correct isAutoCommit value
2022-04-21T21:05:21.946Z appoptics:debug span.exit - no last event outer outer:entry 2b-d8d491e24058f54acb668af79707aceb99c1f2ad-556cbfbc57418a14-01 outer:exit 2b-d8d491e24058f54acb668af79707aceb99c1f2ad-5609dc2b18927278-01
2022-04-21T21:05:21.946Z appoptics:error Can not set lastEvent. Context may be lost.
    âœ“ should do nothing when disabled (41ms)


  3 passing (497ms)
  5 failing

  1) probes.oracledb 3.0.0
       should trace execute calls:
     Uncaught AssertionError: expected Object {
  Edge: '37AF89C4CA80E3F9',
  Hostname: '087b9bd4743e',
  Label: 'exit',
  Layer: 'outer',
  TID: 768,
  Timestamp_u: 1650575121552712,
  'X-Trace': '2B459C3326A26B2A6818260B60F86AB2FE62CB4623B49AD2C905ED58AF01',
  _V: '1'
} to have property Layer of 'oracle' (got 'outer')
      at Assertion.fail (node_modules/should/lib/assertion.js:92:17)
      at Assertion.value [as property] (node_modules/should/lib/assertion.js:164:19)
      at Object.oracle-entry (test/probes/oracledb.test.js:64:23)
      at /__w/appoptics-apm-node/appoptics-apm-node/test/probes/oracledb.test.js:96:31
      at EventEmitter.onMessage (test/helper.js:170:9)
      at Socket.<anonymous> (test/helper.js:112:13)
      at UDP.onMessage [as onmessage] (dgram.js:628:8)

  2) probes.oracledb 3.0.0
       should sanitize query:
     Uncaught AssertionError: expected Object {
  Edge: '1F7F8C44A0118146',
  Hostname: '087b9bd4743e',
  Label: 'exit',
  Layer: 'outer',
  TID: 768,
  Timestamp_u: 1650575121610872,
  'X-Trace': '2B53F54F3550D01D621C4011B2E0247A07D2249F8AB45F01CBD566F98801',
  _V: '1'
} to have property Layer of 'oracle' (got 'outer')
      at Assertion.fail (node_modules/should/lib/assertion.js:92:17)
      at Assertion.value [as property] (node_modules/should/lib/assertion.js:164:19)
      at Object.oracle-entry (test/probes/oracledb.test.js:64:23)
      at helper.test.ao.probes.oracledb.sanitizeSql (test/probes/oracledb.test.js:120:31)
      at EventEmitter.onMessage (test/helper.js:170:9)
      at Socket.<anonymous> (test/helper.js:112:13)
      at UDP.onMessage [as onmessage] (dgram.js:628:8)

  3) probes.oracledb 3.0.0
       should truncate long queries:
     Uncaught AssertionError: expected Object {
  Edge: '6CC16C7832949540',
  Hostname: '087b9bd4743e',
  Label: 'exit',
  Layer: 'outer',
  TID: 768,
  Timestamp_u: 1650575121804464,
  'X-Trace': '2B5BD78F8E6C57302A7270CC27B3A8BD1781C668926C9C3B292888AAE501',
  _V: '1'
} to have property Layer of 'oracle' (got 'outer')
      at Assertion.fail (node_modules/should/lib/assertion.js:92:17)
      at Assertion.value [as property] (node_modules/should/lib/assertion.js:164:19)
      at Object.oracle-entry (test/probes/oracledb.test.js:64:23)
      at /__w/appoptics-apm-node/appoptics-apm-node/test/probes/oracledb.test.js:152:31
      at EventEmitter.onMessage (test/helper.js:170:9)
      at Socket.<anonymous> (test/helper.js:112:13)
      at UDP.onMessage [as onmessage] (dgram.js:628:8)

  4) probes.oracledb 3.0.0
       should trace execute calls in pool:
     Uncaught AssertionError: expected Object {
  Edge: '13C356E3AA7DA04B',
  Hostname: '087b9bd4743e',
  Label: 'exit',
  Layer: 'outer',
  TID: 768,
  Timestamp_u: 1650575121859225,
  'X-Trace': '2BA384D0870B21602B80BF568B06897DE87DE5C9F2F57610A8F96A8F7901',
  _V: '1'
} to have property Layer of 'oracle' (got 'outer')
      at Assertion.fail (node_modules/should/lib/assertion.js:92:17)
      at Assertion.value [as property] (node_modules/should/lib/assertion.js:164:19)
      at Object.oracle-entry (test/probes/oracledb.test.js:64:23)
      at /__w/appoptics-apm-node/appoptics-apm-node/test/probes/oracledb.test.js:176:31
      at EventEmitter.onMessage (test/helper.js:170:9)
      at Socket.<anonymous> (test/helper.js:112:13)
      at UDP.onMessage [as onmessage] (dgram.js:628:8)

  5) probes.oracledb 3.0.0
       should include correct isAutoCommit value:
     Uncaught AssertionError: expected Object {
  Edge: 'DA2B2C22211A74D2',
  Hostname: '087b9bd4743e',
  Label: 'exit',
  Layer: 'outer',
  TID: 768,
  Timestamp_u: 1650575121903067,
  'X-Trace': '2BE96B6B2DB5A67DB5D81A061384D3247DDED64FDBBEB175EC7352A40901',
  _V: '1'
} to have property Layer of 'oracle' (got 'outer')
      at Assertion.fail (node_modules/should/lib/assertion.js:92:17)
      at Assertion.value [as property] (node_modules/should/lib/assertion.js:164:19)
      at Object.oracle-entry (test/probes/oracledb.test.js:64:23)
      at /__w/appoptics-apm-node/appoptics-apm-node/test/probes/oracledb.test.js:219:31
      at EventEmitter.onMessage (test/helper.js:170:9)
      at Socket.<anonymous> (test/helper.js:112:13)
      at UDP.onMessage [as onmessage] (dgram.js:628:8)



npm WARN deprecated oracledb@3.0.1: Update to node-oracledb 5
npm WARN read-shrinkwrap This version of npm is compatible with lockfileVersion@1, but package-lock.json was generated for lockfileVersion@2. I'll try to do my best with it!

> oracledb@3.0.1 install /__w/appoptics-apm-node/appoptics-apm-node/node_modules/oracledb
> node package/oracledbinstall.js

oracledb Beginning installation
oracledb Oracledb downloaded
oracledb 
oracledb ********************************************************************************
oracledb ** Node-oracledb 3.0.1 installation complete for Node.js 10.24.1 (linux, x64)
oracledb **
oracledb ** To use node-oracledb:
oracledb ** - You must have 64-bit Oracle client libraries in LD_LIBRARY_PATH, or configured with ldconfig
oracledb ** - If you do not already have libraries, install the Instant Client Basic or Basic Light package from 
oracledb **   http://www.oracle.com/technetwork/topics/linuxx86-64soft-092277.html
oracledb **
oracledb ** Installation instructions: https://oracle.github.io/node-oracledb/INSTALL.html
oracledb ********************************************************************************

oracledb 
npm WARN optional SKIPPING OPTIONAL DEPENDENCY: fsevents@~2.3.1 (node_modules/chokidar/node_modules/fsevents):
npm WARN notsup SKIPPING OPTIONAL DEPENDENCY: Unsupported platform for fsevents@2.3.2: wanted {"os":"darwin","arch":"any"} (current: {"os":"linux","arch":"x64"})

+ oracledb@3.0.1
updated 1 package and audited 935 packages in 9.364s

86 packages are looking for funding
  run `npm fund` for details

found 7 vulnerabilities (2 moderate, 5 high)
  run `npm audit fix` to fix them, or `npm audit` for details
2022-04-21T21:05:32.673Z appoptics:debug read config from /__w/appoptics-apm-node/appoptics-apm-node/appoptics-apm-config
2022-04-21T21:05:32.674Z appoptics:debug guc ignoring APPOPTICS_LOG_SETTINGS
2022-04-21T21:05:32.675Z appoptics:debug serviceKey dIOz...wWK0:node-agent-test
2022-04-21T21:05:32.675Z appoptics:debug using context provider: ace-context
2022-04-21T21:05:32.762Z appoptics:debug apm 10.2.2-ao.0, bindings 11.2.0, oboe 10.2.0
2022-04-21T21:05:32.992Z appoptics:patching patched crypto 
2022-04-21T21:05:33.023Z appoptics:patching patched https 
2022-04-21T21:05:33.023Z appoptics:patching patched http 
2022-04-21T21:05:33.071Z appoptics:patching patched oracledb 3.0.1
2022-04-21T21:05:33.086Z appoptics:debug starting runtimeMetrics


  probes.oracledb 3.0.1
    âœ“ UDP might lose a message
    âœ“ should be configured to sanitize SQL by default
2022-04-21T21:05:33.202Z appoptics:debug span.exit - no last event outer outer:entry 2b-ec8693c2ddd30147b702b61ad0c0cad9f2f218c1-b009b22375ed2b43-01 outer:exit 2b-ec8693c2ddd30147b702b61ad0c0cad9f2f218c1-8fbef07c38510043-01
2022-04-21T21:05:33.202Z appoptics:error Can not set lastEvent. Context may be lost.
    1) should trace execute calls
2022-04-21T21:05:33.258Z appoptics:debug span.exit - no last event outer outer:entry 2b-ddd2067a973f95836672cb8ab2e1144e19b37ad4-f51d0fdc2ab4f3b0-01 outer:exit 2b-ddd2067a973f95836672cb8ab2e1144e19b37ad4-abd3ab28374a23f1-01
2022-04-21T21:05:33.258Z appoptics:error Can not set lastEvent. Context may be lost.
    2) should sanitize query
2022-04-21T21:05:33.468Z appoptics:debug span.exit - no last event outer outer:entry 2b-d09a09e7c2712faf4db1f4fdbbec352631a81503-bedffa627c54728f-01 outer:exit 2b-d09a09e7c2712faf4db1f4fdbbec352631a81503-6b7651e06d516e72-01
2022-04-21T21:05:33.468Z appoptics:error Can not set lastEvent. Context may be lost.
    3) should truncate long queries
2022-04-21T21:05:33.527Z appoptics:debug span.exit - no last event outer outer:entry 2b-de7f4c5e356af7123f47c55d1341c6fe7071214e-60daae0c6eddc088-01 outer:exit 2b-de7f4c5e356af7123f47c55d1341c6fe7071214e-f151b7a452f1e54c-01
2022-04-21T21:05:33.527Z appoptics:error Can not set lastEvent. Context may be lost.
    4) should trace execute calls in pool
2022-04-21T21:05:33.586Z appoptics:debug span.exit - no last event outer outer:entry 2b-2698c8739240493c0d968ac0b4e4c049a85af557-dbd8d177b385dc9d-01 outer:exit 2b-2698c8739240493c0d968ac0b4e4c049a85af557-20181521171a1d58-01
2022-04-21T21:05:33.587Z appoptics:error Can not set lastEvent. Context may be lost.
    5) should include correct isAutoCommit value
2022-04-21T21:05:33.640Z appoptics:debug span.exit - no last event outer outer:entry 2b-9476f382f58b95009bcff6fba3639455aa887bd0-82c2c8ae827fc915-01 outer:exit 2b-9476f382f58b95009bcff6fba3639455aa887bd0-6f07d4a845576ff5-01
2022-04-21T21:05:33.640Z appoptics:error Can not set lastEvent. Context may be lost.
    âœ“ should do nothing when disabled (47ms)


  3 passing (551ms)
  5 failing

  1) probes.oracledb 3.0.1
       should trace execute calls:
     Uncaught AssertionError: expected Object {
  Edge: 'B009B22375ED2B43',
  Hostname: '087b9bd4743e',
  Label: 'exit',
  Layer: 'outer',
  TID: 902,
  Timestamp_u: 1650575133202529,
  'X-Trace': '2BEC8693C2DDD30147B702B61AD0C0CAD9F2F218C18FBEF07C3851004301',
  _V: '1'
} to have property Layer of 'oracle' (got 'outer')
      at Assertion.fail (node_modules/should/lib/assertion.js:92:17)
      at Assertion.value [as property] (node_modules/should/lib/assertion.js:164:19)
      at Object.oracle-entry (test/probes/oracledb.test.js:64:23)
      at /__w/appoptics-apm-node/appoptics-apm-node/test/probes/oracledb.test.js:96:31
      at EventEmitter.onMessage (test/helper.js:170:9)
      at Socket.<anonymous> (test/helper.js:112:13)
      at UDP.onMessage [as onmessage] (dgram.js:628:8)

  2) probes.oracledb 3.0.1
       should sanitize query:
     Uncaught AssertionError: expected Object {
  Edge: 'F51D0FDC2AB4F3B0',
  Hostname: '087b9bd4743e',
  Label: 'exit',
  Layer: 'outer',
  TID: 902,
  Timestamp_u: 1650575133258970,
  'X-Trace': '2BDDD2067A973F95836672CB8AB2E1144E19B37AD4ABD3AB28374A23F101',
  _V: '1'
} to have property Layer of 'oracle' (got 'outer')
      at Assertion.fail (node_modules/should/lib/assertion.js:92:17)
      at Assertion.value [as property] (node_modules/should/lib/assertion.js:164:19)
      at Object.oracle-entry (test/probes/oracledb.test.js:64:23)
      at helper.test.ao.probes.oracledb.sanitizeSql (test/probes/oracledb.test.js:120:31)
      at EventEmitter.onMessage (test/helper.js:170:9)
      at Socket.<anonymous> (test/helper.js:112:13)
      at UDP.onMessage [as onmessage] (dgram.js:628:8)

  3) probes.oracledb 3.0.1
       should truncate long queries:
     Uncaught AssertionError: expected Object {
  Edge: 'BEDFFA627C54728F',
  Hostname: '087b9bd4743e',
  Label: 'exit',
  Layer: 'outer',
  TID: 902,
  Timestamp_u: 1650575133468822,
  'X-Trace': '2BD09A09E7C2712FAF4DB1F4FDBBEC352631A815036B7651E06D516E7201',
  _V: '1'
} to have property Layer of 'oracle' (got 'outer')
      at Assertion.fail (node_modules/should/lib/assertion.js:92:17)
      at Assertion.value [as property] (node_modules/should/lib/assertion.js:164:19)
      at Object.oracle-entry (test/probes/oracledb.test.js:64:23)
      at /__w/appoptics-apm-node/appoptics-apm-node/test/probes/oracledb.test.js:152:31
      at EventEmitter.onMessage (test/helper.js:170:9)
      at Socket.<anonymous> (test/helper.js:112:13)
      at UDP.onMessage [as onmessage] (dgram.js:628:8)

  4) probes.oracledb 3.0.1
       should trace execute calls in pool:
     Uncaught AssertionError: expected Object {
  Edge: '60DAAE0C6EDDC088',
  Hostname: '087b9bd4743e',
  Label: 'exit',
  Layer: 'outer',
  TID: 902,
  Timestamp_u: 1650575133527343,
  'X-Trace': '2BDE7F4C5E356AF7123F47C55D1341C6FE7071214EF151B7A452F1E54C01',
  _V: '1'
} to have property Layer of 'oracle' (got 'outer')
      at Assertion.fail (node_modules/should/lib/assertion.js:92:17)
      at Assertion.value [as property] (node_modules/should/lib/assertion.js:164:19)
      at Object.oracle-entry (test/probes/oracledb.test.js:64:23)
      at /__w/appoptics-apm-node/appoptics-apm-node/test/probes/oracledb.test.js:176:31
      at EventEmitter.onMessage (test/helper.js:170:9)
      at Socket.<anonymous> (test/helper.js:112:13)
      at UDP.onMessage [as onmessage] (dgram.js:628:8)

  5) probes.oracledb 3.0.1
       should include correct isAutoCommit value:
     Uncaught AssertionError: expected Object {
  Edge: 'DBD8D177B385DC9D',
  Hostname: '087b9bd4743e',
  Label: 'exit',
  Layer: 'outer',
  TID: 902,
  Timestamp_u: 1650575133587667,
  'X-Trace': '2B2698C8739240493C0D968AC0B4E4C049A85AF55720181521171A1D5801',
  _V: '1'
} to have property Layer of 'oracle' (got 'outer')
      at Assertion.fail (node_modules/should/lib/assertion.js:92:17)
      at Assertion.value [as property] (node_modules/should/lib/assertion.js:164:19)
      at Object.oracle-entry (test/probes/oracledb.test.js:64:23)
      at /__w/appoptics-apm-node/appoptics-apm-node/test/probes/oracledb.test.js:219:31
      at EventEmitter.onMessage (test/helper.js:170:9)
      at Socket.<anonymous> (test/helper.js:112:13)
      at UDP.onMessage [as onmessage] (dgram.js:628:8)



npm WARN deprecated oracledb@3.1.0: Update to node-oracledb 5
npm WARN read-shrinkwrap This version of npm is compatible with lockfileVersion@1, but package-lock.json was generated for lockfileVersion@2. I'll try to do my best with it!

> oracledb@3.1.0 install /__w/appoptics-apm-node/appoptics-apm-node/node_modules/oracledb
> node package/install.js

oracledb ********************************************************************************
oracledb ** Node-oracledb 3.1.0 installed for Node.js 10.24.1 (linux, x64)
oracledb **
oracledb ** To use node-oracledb:
oracledb ** - Oracle Client libraries (64-bit) must be configured with ldconfig or LD_LIBRARY_PATH
oracledb ** - To get libraries, install an Instant Client Basic or Basic Light package from
oracledb **   https://www.oracle.com/technetwork/topics/linuxx86-64soft-092277.html
oracledb **
oracledb ** Installation instructions: https://oracle.github.io/node-oracledb/INSTALL.html
oracledb ********************************************************************************

npm WARN optional SKIPPING OPTIONAL DEPENDENCY: fsevents@~2.3.1 (node_modules/chokidar/node_modules/fsevents):
npm WARN notsup SKIPPING OPTIONAL DEPENDENCY: Unsupported platform for fsevents@2.3.2: wanted {"os":"darwin","arch":"any"} (current: {"os":"linux","arch":"x64"})

+ oracledb@3.1.0
updated 1 package and audited 935 packages in 5.85s

86 packages are looking for funding
  run `npm fund` for details

found 7 vulnerabilities (2 moderate, 5 high)
  run `npm audit fix` to fix them, or `npm audit` for details
2022-04-21T21:05:41.161Z appoptics:debug read config from /__w/appoptics-apm-node/appoptics-apm-node/appoptics-apm-config
2022-04-21T21:05:41.163Z appoptics:debug guc ignoring APPOPTICS_LOG_SETTINGS
2022-04-21T21:05:41.163Z appoptics:debug serviceKey dIOz...wWK0:node-agent-test
2022-04-21T21:05:41.164Z appoptics:debug using context provider: ace-context
2022-04-21T21:05:41.274Z appoptics:debug apm 10.2.2-ao.0, bindings 11.2.0, oboe 10.2.0
2022-04-21T21:05:41.597Z appoptics:patching patched crypto 
2022-04-21T21:05:41.631Z appoptics:patching patched https 
2022-04-21T21:05:41.632Z appoptics:patching patched http 
2022-04-21T21:05:41.701Z appoptics:patching patched oracledb 3.1.0
2022-04-21T21:05:41.711Z appoptics:debug starting runtimeMetrics


  probes.oracledb 3.1.0
    âœ“ UDP might lose a message
    âœ“ should be configured to sanitize SQL by default
2022-04-21T21:05:41.865Z appoptics:debug span.exit - no last event outer outer:entry 2b-da231008636c8b85aaf0133de7e91d3ae243e71f-f423cb9b2128f443-01 outer:exit 2b-da231008636c8b85aaf0133de7e91d3ae243e71f-03ada36253651d2d-01
2022-04-21T21:05:41.866Z appoptics:error Can not set lastEvent. Context may be lost.
    1) should trace execute calls
2022-04-21T21:05:41.918Z appoptics:debug span.exit - no last event outer outer:entry 2b-24b540c7c5153840f15184bbca33e817147ffcd5-722c8a96c7f00ea6-01 outer:exit 2b-24b540c7c5153840f15184bbca33e817147ffcd5-ba7e315f2d94e15d-01
2022-04-21T21:05:41.918Z appoptics:error Can not set lastEvent. Context may be lost.
    2) should sanitize query
2022-04-21T21:05:42.109Z appoptics:debug span.exit - no last event outer outer:entry 2b-c2e881587a92ef95485690f6e633dd38df4b6311-371680963de0b338-01 outer:exit 2b-c2e881587a92ef95485690f6e633dd38df4b6311-460a52ba7fddd9b2-01
2022-04-21T21:05:42.109Z appoptics:error Can not set lastEvent. Context may be lost.
    3) should truncate long queries
2022-04-21T21:05:42.154Z appoptics:debug span.exit - no last event outer outer:entry 2b-65d6820d71efa90a6751c98d32725519801fad20-390b2a04c51c78b1-01 outer:exit 2b-65d6820d71efa90a6751c98d32725519801fad20-b5ce145add6d4e9e-01
2022-04-21T21:05:42.154Z appoptics:error Can not set lastEvent. Context may be lost.
    4) should trace execute calls in pool
2022-04-21T21:05:42.195Z appoptics:debug span.exit - no last event outer outer:entry 2b-22b35e049233bb9e553ef42e6dc53355435e5602-ebdc64aa81f06d42-01 outer:exit 2b-22b35e049233bb9e553ef42e6dc53355435e5602-1f42a2ffbacf1b29-01
2022-04-21T21:05:42.195Z appoptics:error Can not set lastEvent. Context may be lost.
    5) should include correct isAutoCommit value
2022-04-21T21:05:42.241Z appoptics:debug span.exit - no last event outer outer:entry 2b-72ced59e8f8d54c699ecdc84e854dc71d440aea6-1804a01f9e6e1329-01 outer:exit 2b-72ced59e8f8d54c699ecdc84e854dc71d440aea6-9063f70d7f590730-01
2022-04-21T21:05:42.241Z appoptics:error Can not set lastEvent. Context may be lost.
    âœ“ should do nothing when disabled (44ms)


  3 passing (528ms)
  5 failing

  1) probes.oracledb 3.1.0
       should trace execute calls:
     Uncaught AssertionError: expected Object {
  Edge: 'F423CB9B2128F443',
  Hostname: '087b9bd4743e',
  Label: 'exit',
  Layer: 'outer',
  TID: 936,
  Timestamp_u: 1650575141866292,
  'X-Trace': '2BDA231008636C8B85AAF0133DE7E91D3AE243E71F03ADA36253651D2D01',
  _V: '1'
} to have property Layer of 'oracle' (got 'outer')
      at Assertion.fail (node_modules/should/lib/assertion.js:92:17)
      at Assertion.value [as property] (node_modules/should/lib/assertion.js:164:19)
      at Object.oracle-entry (test/probes/oracledb.test.js:64:23)
      at /__w/appoptics-apm-node/appoptics-apm-node/test/probes/oracledb.test.js:96:31
      at EventEmitter.onMessage (test/helper.js:170:9)
      at Socket.<anonymous> (test/helper.js:112:13)
      at UDP.onMessage [as onmessage] (dgram.js:628:8)

  2) probes.oracledb 3.1.0
       should sanitize query:
     Uncaught AssertionError: expected Object {
  Edge: '722C8A96C7F00EA6',
  Hostname: '087b9bd4743e',
  Label: 'exit',
  Layer: 'outer',
  TID: 936,
  Timestamp_u: 1650575141918484,
  'X-Trace': '2B24B540C7C5153840F15184BBCA33E817147FFCD5BA7E315F2D94E15D01',
  _V: '1'
} to have property Layer of 'oracle' (got 'outer')
      at Assertion.fail (node_modules/should/lib/assertion.js:92:17)
      at Assertion.value [as property] (node_modules/should/lib/assertion.js:164:19)
      at Object.oracle-entry (test/probes/oracledb.test.js:64:23)
      at helper.test.ao.probes.oracledb.sanitizeSql (test/probes/oracledb.test.js:120:31)
      at EventEmitter.onMessage (test/helper.js:170:9)
      at Socket.<anonymous> (test/helper.js:112:13)
      at UDP.onMessage [as onmessage] (dgram.js:628:8)

  3) probes.oracledb 3.1.0
       should truncate long queries:
     Uncaught AssertionError: expected Object {
  Edge: '371680963DE0B338',
  Hostname: '087b9bd4743e',
  Label: 'exit',
  Layer: 'outer',
  TID: 936,
  Timestamp_u: 1650575142109987,
  'X-Trace': '2BC2E881587A92EF95485690F6E633DD38DF4B6311460A52BA7FDDD9B201',
  _V: '1'
} to have property Layer of 'oracle' (got 'outer')
      at Assertion.fail (node_modules/should/lib/assertion.js:92:17)
      at Assertion.value [as property] (node_modules/should/lib/assertion.js:164:19)
      at Object.oracle-entry (test/probes/oracledb.test.js:64:23)
      at /__w/appoptics-apm-node/appoptics-apm-node/test/probes/oracledb.test.js:152:31
      at EventEmitter.onMessage (test/helper.js:170:9)
      at Socket.<anonymous> (test/helper.js:112:13)
      at UDP.onMessage [as onmessage] (dgram.js:628:8)

  4) probes.oracledb 3.1.0
       should trace execute calls in pool:
     Uncaught AssertionError: expected Object {
  Edge: '390B2A04C51C78B1',
  Hostname: '087b9bd4743e',
  Label: 'exit',
  Layer: 'outer',
  TID: 936,
  Timestamp_u: 1650575142154335,
  'X-Trace': '2B65D6820D71EFA90A6751C98D32725519801FAD20B5CE145ADD6D4E9E01',
  _V: '1'
} to have property Layer of 'oracle' (got 'outer')
      at Assertion.fail (node_modules/should/lib/assertion.js:92:17)
      at Assertion.value [as property] (node_modules/should/lib/assertion.js:164:19)
      at Object.oracle-entry (test/probes/oracledb.test.js:64:23)
      at /__w/appoptics-apm-node/appoptics-apm-node/test/probes/oracledb.test.js:176:31
      at EventEmitter.onMessage (test/helper.js:170:9)
      at Socket.<anonymous> (test/helper.js:112:13)
      at UDP.onMessage [as onmessage] (dgram.js:628:8)

  5) probes.oracledb 3.1.0
       should include correct isAutoCommit value:
     Uncaught AssertionError: expected Object {
  Edge: 'EBDC64AA81F06D42',
  Hostname: '087b9bd4743e',
  Label: 'exit',
  Layer: 'outer',
  TID: 936,
  Timestamp_u: 1650575142195713,
  'X-Trace': '2B22B35E049233BB9E553EF42E6DC53355435E56021F42A2FFBACF1B2901',
  _V: '1'
} to have property Layer of 'oracle' (got 'outer')
      at Assertion.fail (node_modules/should/lib/assertion.js:92:17)
      at Assertion.value [as property] (node_modules/should/lib/assertion.js:164:19)
      at Object.oracle-entry (test/probes/oracledb.test.js:64:23)
      at /__w/appoptics-apm-node/appoptics-apm-node/test/probes/oracledb.test.js:219:31
      at EventEmitter.onMessage (test/helper.js:170:9)
      at Socket.<anonymous> (test/helper.js:112:13)
      at UDP.onMessage [as onmessage] (dgram.js:628:8)



npm WARN deprecated oracledb@3.1.1: Update to node-oracledb 5
npm WARN read-shrinkwrap This version of npm is compatible with lockfileVersion@1, but package-lock.json was generated for lockfileVersion@2. I'll try to do my best with it!

> oracledb@3.1.1 install /__w/appoptics-apm-node/appoptics-apm-node/node_modules/oracledb
> node package/install.js

oracledb ********************************************************************************
oracledb ** Node-oracledb 3.1.1 installed for Node.js 10.24.1 (linux, x64)
oracledb **
oracledb ** To use node-oracledb:
oracledb ** - Oracle Client libraries (64-bit) must be configured with ldconfig or LD_LIBRARY_PATH
oracledb ** - To get libraries, install an Instant Client Basic or Basic Light package from
oracledb **   https://www.oracle.com/technetwork/topics/linuxx86-64soft-092277.html
oracledb **
oracledb ** Installation instructions: https://oracle.github.io/node-oracledb/INSTALL.html
oracledb ********************************************************************************

npm WARN optional SKIPPING OPTIONAL DEPENDENCY: fsevents@~2.3.1 (node_modules/chokidar/node_modules/fsevents):
npm WARN notsup SKIPPING OPTIONAL DEPENDENCY: Unsupported platform for fsevents@2.3.2: wanted {"os":"darwin","arch":"any"} (current: {"os":"linux","arch":"x64"})

+ oracledb@3.1.1
updated 1 package and audited 935 packages in 5.73s

86 packages are looking for funding
  run `npm fund` for details

found 7 vulnerabilities (2 moderate, 5 high)
  run `npm audit fix` to fix them, or `npm audit` for details
2022-04-21T21:05:49.292Z appoptics:debug read config from /__w/appoptics-apm-node/appoptics-apm-node/appoptics-apm-config
2022-04-21T21:05:49.293Z appoptics:debug guc ignoring APPOPTICS_LOG_SETTINGS
2022-04-21T21:05:49.294Z appoptics:debug serviceKey dIOz...wWK0:node-agent-test
2022-04-21T21:05:49.294Z appoptics:debug using context provider: ace-context
2022-04-21T21:05:49.379Z appoptics:debug apm 10.2.2-ao.0, bindings 11.2.0, oboe 10.2.0
2022-04-21T21:05:49.619Z appoptics:patching patched crypto 
2022-04-21T21:05:49.659Z appoptics:patching patched https 
2022-04-21T21:05:49.660Z appoptics:patching patched http 
2022-04-21T21:05:49.696Z appoptics:patching patched oracledb 3.1.1
2022-04-21T21:05:49.702Z appoptics:debug starting runtimeMetrics


  probes.oracledb 3.1.1
    âœ“ UDP might lose a message
    âœ“ should be configured to sanitize SQL by default
2022-04-21T21:05:49.796Z appoptics:debug span.exit - no last event outer outer:entry 2b-aceae993249cb51ca58c269ac1a36beddec3c379-cb71a638aa8d0448-01 outer:exit 2b-aceae993249cb51ca58c269ac1a36beddec3c379-d55789ff1c88b126-01
2022-04-21T21:05:49.796Z appoptics:error Can not set lastEvent. Context may be lost.
    1) should trace execute calls
2022-04-21T21:05:49.839Z appoptics:debug span.exit - no last event outer outer:entry 2b-ed35372596e78f3763136d1b7471ca15fe62cd5b-4605ee77bfcde188-01 outer:exit 2b-ed35372596e78f3763136d1b7471ca15fe62cd5b-0575afa301bfcc70-01
2022-04-21T21:05:49.839Z appoptics:error Can not set lastEvent. Context may be lost.
    2) should sanitize query
2022-04-21T21:05:50.029Z appoptics:debug span.exit - no last event outer outer:entry 2b-2476c2e4c1c601c4ade08fe47cb7b2806c234911-7fde32c689c97236-01 outer:exit 2b-2476c2e4c1c601c4ade08fe47cb7b2806c234911-c98f392aded86868-01
2022-04-21T21:05:50.029Z appoptics:error Can not set lastEvent. Context may be lost.
    3) should truncate long queries
2022-04-21T21:05:50.072Z appoptics:debug span.exit - no last event outer outer:entry 2b-19d550d02649fe5c17c507982b4b06a9c60b4e9d-a62ca2ed659d99f7-01 outer:exit 2b-19d550d02649fe5c17c507982b4b06a9c60b4e9d-bff8ea26a4e8260d-01
2022-04-21T21:05:50.072Z appoptics:error Can not set lastEvent. Context may be lost.
    4) should trace execute calls in pool
2022-04-21T21:05:50.113Z appoptics:debug span.exit - no last event outer outer:entry 2b-3359d9d94f6f4612f44b12feb13768c1a1c4ecfd-bdfbafcfc9a5fde5-01 outer:exit 2b-3359d9d94f6f4612f44b12feb13768c1a1c4ecfd-0dec9c026f634662-01
2022-04-21T21:05:50.113Z appoptics:error Can not set lastEvent. Context may be lost.
    5) should include correct isAutoCommit value
2022-04-21T21:05:50.153Z appoptics:debug span.exit - no last event outer outer:entry 2b-01e9f2843363fe2d2a6d01ce5c580b1635bcb066-8f0f992c25353c39-01 outer:exit 2b-01e9f2843363fe2d2a6d01ce5c580b1635bcb066-09699518c8fbf2d0-01
2022-04-21T21:05:50.153Z appoptics:error Can not set lastEvent. Context may be lost.
    âœ“ should do nothing when disabled (39ms)


  3 passing (442ms)
  5 failing

  1) probes.oracledb 3.1.1
       should trace execute calls:
     Uncaught AssertionError: expected Object {
  Edge: 'CB71A638AA8D0448',
  Hostname: '087b9bd4743e',
  Label: 'exit',
  Layer: 'outer',
  TID: 970,
  Timestamp_u: 1650575149796699,
  'X-Trace': '2BACEAE993249CB51CA58C269AC1A36BEDDEC3C379D55789FF1C88B12601',
  _V: '1'
} to have property Layer of 'oracle' (got 'outer')
      at Assertion.fail (node_modules/should/lib/assertion.js:92:17)
      at Assertion.value [as property] (node_modules/should/lib/assertion.js:164:19)
      at Object.oracle-entry (test/probes/oracledb.test.js:64:23)
      at /__w/appoptics-apm-node/appoptics-apm-node/test/probes/oracledb.test.js:96:31
      at EventEmitter.onMessage (test/helper.js:170:9)
      at Socket.<anonymous> (test/helper.js:112:13)
      at UDP.onMessage [as onmessage] (dgram.js:628:8)

  2) probes.oracledb 3.1.1
       should sanitize query:
     Uncaught AssertionError: expected Object {
  Edge: '4605EE77BFCDE188',
  Hostname: '087b9bd4743e',
  Label: 'exit',
  Layer: 'outer',
  TID: 970,
  Timestamp_u: 1650575149839977,
  'X-Trace': '2BED35372596E78F3763136D1B7471CA15FE62CD5B0575AFA301BFCC7001',
  _V: '1'
} to have property Layer of 'oracle' (got 'outer')
      at Assertion.fail (node_modules/should/lib/assertion.js:92:17)
      at Assertion.value [as property] (node_modules/should/lib/assertion.js:164:19)
      at Object.oracle-entry (test/probes/oracledb.test.js:64:23)
      at helper.test.ao.probes.oracledb.sanitizeSql (test/probes/oracledb.test.js:120:31)
      at EventEmitter.onMessage (test/helper.js:170:9)
      at Socket.<anonymous> (test/helper.js:112:13)
      at UDP.onMessage [as onmessage] (dgram.js:628:8)

  3) probes.oracledb 3.1.1
       should truncate long queries:
     Uncaught AssertionError: expected Object {
  Edge: '7FDE32C689C97236',
  Hostname: '087b9bd4743e',
  Label: 'exit',
  Layer: 'outer',
  TID: 970,
  Timestamp_u: 1650575150029516,
  'X-Trace': '2B2476C2E4C1C601C4ADE08FE47CB7B2806C234911C98F392ADED8686801',
  _V: '1'
} to have property Layer of 'oracle' (got 'outer')
      at Assertion.fail (node_modules/should/lib/assertion.js:92:17)
      at Assertion.value [as property] (node_modules/should/lib/assertion.js:164:19)
      at Object.oracle-entry (test/probes/oracledb.test.js:64:23)
      at /__w/appoptics-apm-node/appoptics-apm-node/test/probes/oracledb.test.js:152:31
      at EventEmitter.onMessage (test/helper.js:170:9)
      at Socket.<anonymous> (test/helper.js:112:13)
      at UDP.onMessage [as onmessage] (dgram.js:628:8)

  4) probes.oracledb 3.1.1
       should trace execute calls in pool:
     Uncaught AssertionError: expected Object {
  Edge: 'A62CA2ED659D99F7',
  Hostname: '087b9bd4743e',
  Label: 'exit',
  Layer: 'outer',
  TID: 970,
  Timestamp_u: 1650575150072796,
  'X-Trace': '2B19D550D02649FE5C17C507982B4B06A9C60B4E9DBFF8EA26A4E8260D01',
  _V: '1'
} to have property Layer of 'oracle' (got 'outer')
      at Assertion.fail (node_modules/should/lib/assertion.js:92:17)
      at Assertion.value [as property] (node_modules/should/lib/assertion.js:164:19)
      at Object.oracle-entry (test/probes/oracledb.test.js:64:23)
      at /__w/appoptics-apm-node/appoptics-apm-node/test/probes/oracledb.test.js:176:31
      at EventEmitter.onMessage (test/helper.js:170:9)
      at Socket.<anonymous> (test/helper.js:112:13)
      at UDP.onMessage [as onmessage] (dgram.js:628:8)

  5) probes.oracledb 3.1.1
       should include correct isAutoCommit value:
     Uncaught AssertionError: expected Object {
  Edge: 'BDFBAFCFC9A5FDE5',
  Hostname: '087b9bd4743e',
  Label: 'exit',
  Layer: 'outer',
  TID: 970,
  Timestamp_u: 1650575150113435,
  'X-Trace': '2B3359D9D94F6F4612F44B12FEB13768C1A1C4ECFD0DEC9C026F63466201',
  _V: '1'
} to have property Layer of 'oracle' (got 'outer')
      at Assertion.fail (node_modules/should/lib/assertion.js:92:17)
      at Assertion.value [as property] (node_modules/should/lib/assertion.js:164:19)
      at Object.oracle-entry (test/probes/oracledb.test.js:64:23)
      at /__w/appoptics-apm-node/appoptics-apm-node/test/probes/oracledb.test.js:219:31
      at EventEmitter.onMessage (test/helper.js:170:9)
      at Socket.<anonymous> (test/helper.js:112:13)
      at UDP.onMessage [as onmessage] (dgram.js:628:8)



npm WARN deprecated oracledb@3.1.2: Update to node-oracledb 5
npm WARN read-shrinkwrap This version of npm is compatible with lockfileVersion@1, but package-lock.json was generated for lockfileVersion@2. I'll try to do my best with it!

> oracledb@3.1.2 install /__w/appoptics-apm-node/appoptics-apm-node/node_modules/oracledb
> node package/install.js

oracledb ********************************************************************************
oracledb ** Node-oracledb 3.1.2 installed for Node.js 10.24.1 (linux, x64)
oracledb **
oracledb ** To use node-oracledb:
oracledb ** - Oracle Client libraries (64-bit) must be configured with ldconfig or LD_LIBRARY_PATH
oracledb ** - To get libraries, install an Instant Client Basic or Basic Light package from
oracledb **   https://www.oracle.com/technetwork/topics/linuxx86-64soft-092277.html
oracledb **
oracledb ** Installation instructions: https://oracle.github.io/node-oracledb/INSTALL.html
oracledb ********************************************************************************

npm WARN optional SKIPPING OPTIONAL DEPENDENCY: fsevents@~2.3.1 (node_modules/chokidar/node_modules/fsevents):
npm WARN notsup SKIPPING OPTIONAL DEPENDENCY: Unsupported platform for fsevents@2.3.2: wanted {"os":"darwin","arch":"any"} (current: {"os":"linux","arch":"x64"})

+ oracledb@3.1.2
updated 1 package and audited 935 packages in 6.643s

86 packages are looking for funding
  run `npm fund` for details

found 7 vulnerabilities (2 moderate, 5 high)
  run `npm audit fix` to fix them, or `npm audit` for details
2022-04-21T21:05:58.117Z appoptics:debug read config from /__w/appoptics-apm-node/appoptics-apm-node/appoptics-apm-config
2022-04-21T21:05:58.119Z appoptics:debug guc ignoring APPOPTICS_LOG_SETTINGS
2022-04-21T21:05:58.119Z appoptics:debug serviceKey dIOz...wWK0:node-agent-test
2022-04-21T21:05:58.120Z appoptics:debug using context provider: ace-context
2022-04-21T21:05:58.204Z appoptics:debug apm 10.2.2-ao.0, bindings 11.2.0, oboe 10.2.0
2022-04-21T21:05:58.424Z appoptics:patching patched crypto 
2022-04-21T21:05:58.456Z appoptics:patching patched https 
2022-04-21T21:05:58.456Z appoptics:patching patched http 
2022-04-21T21:05:58.487Z appoptics:patching patched oracledb 3.1.2
2022-04-21T21:05:58.493Z appoptics:debug starting runtimeMetrics


  probes.oracledb 3.1.2
    âœ“ UDP might lose a message
    âœ“ should be configured to sanitize SQL by default
2022-04-21T21:05:58.595Z appoptics:debug span.exit - no last event outer outer:entry 2b-aa5cd90044ac7b701b66ed88089656fe1a7fe7e6-a4b60ec52c649258-01 outer:exit 2b-aa5cd90044ac7b701b66ed88089656fe1a7fe7e6-cae19a29e947048e-01
2022-04-21T21:05:58.595Z appoptics:error Can not set lastEvent. Context may be lost.
    1) should trace execute calls
2022-04-21T21:05:58.640Z appoptics:debug span.exit - no last event outer outer:entry 2b-15abedc2ed95c9baac4ef328ef48418b127c8047-ed95879c3d5546ab-01 outer:exit 2b-15abedc2ed95c9baac4ef328ef48418b127c8047-60740ce08a562949-01
2022-04-21T21:05:58.640Z appoptics:error Can not set lastEvent. Context may be lost.
    2) should sanitize query
2022-04-21T21:05:58.826Z appoptics:debug span.exit - no last event outer outer:entry 2b-36bb57c71e09b954c60bb7114f38415285072984-edb44aeb255adffd-01 outer:exit 2b-36bb57c71e09b954c60bb7114f38415285072984-d52577c0b6c740cb-01
2022-04-21T21:05:58.826Z appoptics:error Can not set lastEvent. Context may be lost.
    3) should truncate long queries
2022-04-21T21:05:58.871Z appoptics:debug span.exit - no last event outer outer:entry 2b-fd428ac1fec1dca9bb2d3955af9b1c43ee8b0829-92a1b73b564158d6-01 outer:exit 2b-fd428ac1fec1dca9bb2d3955af9b1c43ee8b0829-421c8d459cb33424-01
2022-04-21T21:05:58.871Z appoptics:error Can not set lastEvent. Context may be lost.
    4) should trace execute calls in pool
2022-04-21T21:05:58.920Z appoptics:debug span.exit - no last event outer outer:entry 2b-b21ea556b775025798080856ea8283b133c734db-5373848a7dd8a980-01 outer:exit 2b-b21ea556b775025798080856ea8283b133c734db-70854fd3b629de33-01
2022-04-21T21:05:58.920Z appoptics:error Can not set lastEvent. Context may be lost.
    5) should include correct isAutoCommit value
2022-04-21T21:05:58.963Z appoptics:debug span.exit - no last event outer outer:entry 2b-8cda6ac74afe5b2b0e66f18903df7346700e9a7a-265316e0d866aa04-01 outer:exit 2b-8cda6ac74afe5b2b0e66f18903df7346700e9a7a-24d3b45e6b1425c3-01
2022-04-21T21:05:58.964Z appoptics:error Can not set lastEvent. Context may be lost.
    âœ“ should do nothing when disabled (41ms)


  3 passing (467ms)
  5 failing

  1) probes.oracledb 3.1.2
       should trace execute calls:
     Uncaught AssertionError: expected Object {
  Edge: 'A4B60EC52C649258',
  Hostname: '087b9bd4743e',
  Label: 'exit',
  Layer: 'outer',
  TID: 1004,
  Timestamp_u: 1650575158595905,
  'X-Trace': '2BAA5CD90044AC7B701B66ED88089656FE1A7FE7E6CAE19A29E947048E01',
  _V: '1'
} to have property Layer of 'oracle' (got 'outer')
      at Assertion.fail (node_modules/should/lib/assertion.js:92:17)
      at Assertion.value [as property] (node_modules/should/lib/assertion.js:164:19)
      at Object.oracle-entry (test/probes/oracledb.test.js:64:23)
      at /__w/appoptics-apm-node/appoptics-apm-node/test/probes/oracledb.test.js:96:31
      at EventEmitter.onMessage (test/helper.js:170:9)
      at Socket.<anonymous> (test/helper.js:112:13)
      at UDP.onMessage [as onmessage] (dgram.js:628:8)

  2) probes.oracledb 3.1.2
       should sanitize query:
     Uncaught AssertionError: expected Object {
  Edge: 'ED95879C3D5546AB',
  Hostname: '087b9bd4743e',
  Label: 'exit',
  Layer: 'outer',
  TID: 1004,
  Timestamp_u: 1650575158640449,
  'X-Trace': '2B15ABEDC2ED95C9BAAC4EF328EF48418B127C804760740CE08A56294901',
  _V: '1'
} to have property Layer of 'oracle' (got 'outer')
      at Assertion.fail (node_modules/should/lib/assertion.js:92:17)
      at Assertion.value [as property] (node_modules/should/lib/assertion.js:164:19)
      at Object.oracle-entry (test/probes/oracledb.test.js:64:23)
      at helper.test.ao.probes.oracledb.sanitizeSql (test/probes/oracledb.test.js:120:31)
      at EventEmitter.onMessage (test/helper.js:170:9)
      at Socket.<anonymous> (test/helper.js:112:13)
      at UDP.onMessage [as onmessage] (dgram.js:628:8)

  3) probes.oracledb 3.1.2
       should truncate long queries:
     Uncaught AssertionError: expected Object {
  Edge: 'EDB44AEB255ADFFD',
  Hostname: '087b9bd4743e',
  Label: 'exit',
  Layer: 'outer',
  TID: 1004,
  Timestamp_u: 1650575158826701,
  'X-Trace': '2B36BB57C71E09B954C60BB7114F38415285072984D52577C0B6C740CB01',
  _V: '1'
} to have property Layer of 'oracle' (got 'outer')
      at Assertion.fail (node_modules/should/lib/assertion.js:92:17)
      at Assertion.value [as property] (node_modules/should/lib/assertion.js:164:19)
      at Object.oracle-entry (test/probes/oracledb.test.js:64:23)
      at /__w/appoptics-apm-node/appoptics-apm-node/test/probes/oracledb.test.js:152:31
      at EventEmitter.onMessage (test/helper.js:170:9)
      at Socket.<anonymous> (test/helper.js:112:13)
      at UDP.onMessage [as onmessage] (dgram.js:628:8)

  4) probes.oracledb 3.1.2
       should trace execute calls in pool:
     Uncaught AssertionError: expected Object {
  Edge: '92A1B73B564158D6',
  Hostname: '087b9bd4743e',
  Label: 'exit',
  Layer: 'outer',
  TID: 1004,
  Timestamp_u: 1650575158871888,
  'X-Trace': '2BFD428AC1FEC1DCA9BB2D3955AF9B1C43EE8B0829421C8D459CB3342401',
  _V: '1'
} to have property Layer of 'oracle' (got 'outer')
      at Assertion.fail (node_modules/should/lib/assertion.js:92:17)
      at Assertion.value [as property] (node_modules/should/lib/assertion.js:164:19)
      at Object.oracle-entry (test/probes/oracledb.test.js:64:23)
      at /__w/appoptics-apm-node/appoptics-apm-node/test/probes/oracledb.test.js:176:31
      at EventEmitter.onMessage (test/helper.js:170:9)
      at Socket.<anonymous> (test/helper.js:112:13)
      at UDP.onMessage [as onmessage] (dgram.js:628:8)

  5) probes.oracledb 3.1.2
       should include correct isAutoCommit value:
     Uncaught AssertionError: expected Object {
  Edge: '5373848A7DD8A980',
  Hostname: '087b9bd4743e',
  Label: 'exit',
  Layer: 'outer',
  TID: 1004,
  Timestamp_u: 1650575158920423,
  'X-Trace': '2BB21EA556B775025798080856EA8283B133C734DB70854FD3B629DE3301',
  _V: '1'
} to have property Layer of 'oracle' (got 'outer')
      at Assertion.fail (node_modules/should/lib/assertion.js:92:17)
      at Assertion.value [as property] (node_modules/should/lib/assertion.js:164:19)
      at Object.oracle-entry (test/probes/oracledb.test.js:64:23)
      at /__w/appoptics-apm-node/appoptics-apm-node/test/probes/oracledb.test.js:219:31
      at EventEmitter.onMessage (test/helper.js:170:9)
      at Socket.<anonymous> (test/helper.js:112:13)
      at UDP.onMessage [as onmessage] (dgram.js:628:8)



npm WARN deprecated oracledb@4.0.0: Update to node-oracledb 5
npm WARN read-shrinkwrap This version of npm is compatible with lockfileVersion@1, but package-lock.json was generated for lockfileVersion@2. I'll try to do my best with it!

> oracledb@4.0.0 install /__w/appoptics-apm-node/appoptics-apm-node/node_modules/oracledb
> node package/install.js

oracledb ********************************************************************************
oracledb ** Node-oracledb 4.0.0 installed for Node.js 10.24.1 (linux, x64)
oracledb **
oracledb ** To use node-oracledb:
oracledb ** - Oracle Client libraries (64-bit) must be configured with ldconfig or LD_LIBRARY_PATH
oracledb ** - To get libraries, install an Instant Client Basic or Basic Light package from
oracledb **   https://www.oracle.com/technetwork/topics/linuxx86-64soft-092277.html
oracledb **
oracledb ** Installation instructions: https://oracle.github.io/node-oracledb/INSTALL.html
oracledb ********************************************************************************

npm WARN optional SKIPPING OPTIONAL DEPENDENCY: fsevents@~2.3.1 (node_modules/chokidar/node_modules/fsevents):
npm WARN notsup SKIPPING OPTIONAL DEPENDENCY: Unsupported platform for fsevents@2.3.2: wanted {"os":"darwin","arch":"any"} (current: {"os":"linux","arch":"x64"})

+ oracledb@4.0.0
updated 1 package and audited 935 packages in 5.691s

86 packages are looking for funding
  run `npm fund` for details

found 7 vulnerabilities (2 moderate, 5 high)
  run `npm audit fix` to fix them, or `npm audit` for details
2022-04-21T21:06:06.228Z appoptics:debug read config from /__w/appoptics-apm-node/appoptics-apm-node/appoptics-apm-config
2022-04-21T21:06:06.230Z appoptics:debug guc ignoring APPOPTICS_LOG_SETTINGS
2022-04-21T21:06:06.230Z appoptics:debug serviceKey dIOz...wWK0:node-agent-test
2022-04-21T21:06:06.231Z appoptics:debug using context provider: ace-context
2022-04-21T21:06:06.392Z appoptics:debug apm 10.2.2-ao.0, bindings 11.2.0, oboe 10.2.0
2022-04-21T21:06:06.710Z appoptics:patching patched crypto 
2022-04-21T21:06:06.755Z appoptics:patching patched https 
2022-04-21T21:06:06.757Z appoptics:patching patched http 
2022-04-21T21:06:06.845Z appoptics:patching patched oracledb 4.0.0
2022-04-21T21:06:06.853Z appoptics:debug starting runtimeMetrics


  probes.oracledb 4.0.0
    âœ“ UDP might lose a message
    âœ“ should be configured to sanitize SQL by default
2022-04-21T21:06:06.928Z appoptics:debug oracledb wrapping getConnection
    âœ“ should trace execute calls (156ms)
2022-04-21T21:06:07.090Z appoptics:debug oracledb wrapping getConnection
2022-04-21T21:06:07.164Z appoptics:debug connection.execute() seems to be patched
2022-04-21T21:06:07.164Z appoptics:debug connection.commit() seems to be patched
2022-04-21T21:06:07.164Z appoptics:debug connection.rollback() seems to be patched
2022-04-21T21:06:07.164Z appoptics:debug connection.break() seems to be patched
2022-04-21T21:06:07.164Z appoptics:debug connection.release seems to be patched
    âœ“ should sanitize query (77ms)
2022-04-21T21:06:07.175Z appoptics:debug oracledb wrapping getConnection
2022-04-21T21:06:07.247Z appoptics:debug connection.execute() seems to be patched
2022-04-21T21:06:07.247Z appoptics:debug connection.commit() seems to be patched
2022-04-21T21:06:07.247Z appoptics:debug connection.rollback() seems to be patched
2022-04-21T21:06:07.247Z appoptics:debug connection.break() seems to be patched
2022-04-21T21:06:07.247Z appoptics:debug connection.release seems to be patched
    âœ“ should truncate long queries (346ms)
2022-04-21T21:06:07.523Z appoptics:debug ORACLEDB wrapping createPool
2022-04-21T21:06:07.528Z appoptics:debug oracledb wrapping getConnection
    âœ“ should trace execute calls in pool (76ms)
2022-04-21T21:06:07.600Z appoptics:debug oracledb wrapping getConnection
2022-04-21T21:06:07.683Z appoptics:debug connection.execute() seems to be patched
2022-04-21T21:06:07.683Z appoptics:debug connection.commit() seems to be patched
2022-04-21T21:06:07.683Z appoptics:debug connection.rollback() seems to be patched
2022-04-21T21:06:07.683Z appoptics:debug connection.break() seems to be patched
2022-04-21T21:06:07.684Z appoptics:debug connection.release seems to be patched
    âœ“ should include correct isAutoCommit value (106ms)
2022-04-21T21:06:07.710Z appoptics:debug oracledb wrapping getConnection
2022-04-21T21:06:07.792Z appoptics:debug connection.execute() seems to be patched
2022-04-21T21:06:07.793Z appoptics:debug connection.commit() seems to be patched
2022-04-21T21:06:07.793Z appoptics:debug connection.rollback() seems to be patched
2022-04-21T21:06:07.793Z appoptics:debug connection.break() seems to be patched
2022-04-21T21:06:07.793Z appoptics:debug connection.release seems to be patched
    âœ“ should do nothing when disabled (86ms)


  8 passing (939ms)

npm WARN deprecated oracledb@4.0.1: Update to node-oracledb 5
npm WARN read-shrinkwrap This version of npm is compatible with lockfileVersion@1, but package-lock.json was generated for lockfileVersion@2. I'll try to do my best with it!

> oracledb@4.0.1 install /__w/appoptics-apm-node/appoptics-apm-node/node_modules/oracledb
> node package/install.js

oracledb ********************************************************************************
oracledb ** Node-oracledb 4.0.1 installed for Node.js 10.24.1 (linux, x64)
oracledb **
oracledb ** To use node-oracledb:
oracledb ** - Oracle Client libraries (64-bit) must be configured with ldconfig or LD_LIBRARY_PATH
oracledb ** - To get libraries, install an Instant Client Basic or Basic Light package from
oracledb **   https://www.oracle.com/technetwork/topics/linuxx86-64soft-092277.html
oracledb **
oracledb ** Installation instructions: https://oracle.github.io/node-oracledb/INSTALL.html
oracledb ********************************************************************************

npm WARN optional SKIPPING OPTIONAL DEPENDENCY: fsevents@~2.3.1 (node_modules/chokidar/node_modules/fsevents):
npm WARN notsup SKIPPING OPTIONAL DEPENDENCY: Unsupported platform for fsevents@2.3.2: wanted {"os":"darwin","arch":"any"} (current: {"os":"linux","arch":"x64"})

+ oracledb@4.0.1
updated 1 package and audited 935 packages in 5.192s

86 packages are looking for funding
  run `npm fund` for details

found 7 vulnerabilities (2 moderate, 5 high)
  run `npm audit fix` to fix them, or `npm audit` for details
2022-04-21T21:06:14.434Z appoptics:debug read config from /__w/appoptics-apm-node/appoptics-apm-node/appoptics-apm-config
2022-04-21T21:06:14.436Z appoptics:debug guc ignoring APPOPTICS_LOG_SETTINGS
2022-04-21T21:06:14.436Z appoptics:debug serviceKey dIOz...wWK0:node-agent-test
2022-04-21T21:06:14.437Z appoptics:debug using context provider: ace-context
2022-04-21T21:06:14.518Z appoptics:debug apm 10.2.2-ao.0, bindings 11.2.0, oboe 10.2.0
2022-04-21T21:06:14.741Z appoptics:patching patched crypto 
2022-04-21T21:06:14.770Z appoptics:patching patched https 
2022-04-21T21:06:14.771Z appoptics:patching patched http 
2022-04-21T21:06:14.803Z appoptics:patching patched oracledb 4.0.1
2022-04-21T21:06:14.808Z appoptics:debug starting runtimeMetrics


  probes.oracledb 4.0.1
    âœ“ UDP might lose a message
    âœ“ should be configured to sanitize SQL by default
2022-04-21T21:06:14.867Z appoptics:debug oracledb wrapping getConnection
    âœ“ should trace execute calls (57ms)
2022-04-21T21:06:14.926Z appoptics:debug oracledb wrapping getConnection
2022-04-21T21:06:14.978Z appoptics:debug connection.execute() seems to be patched
2022-04-21T21:06:14.978Z appoptics:debug connection.commit() seems to be patched
2022-04-21T21:06:14.978Z appoptics:debug connection.rollback() seems to be patched
2022-04-21T21:06:14.978Z appoptics:debug connection.break() seems to be patched
2022-04-21T21:06:14.978Z appoptics:debug connection.release seems to be patched
    âœ“ should sanitize query (58ms)
2022-04-21T21:06:14.989Z appoptics:debug oracledb wrapping getConnection
2022-04-21T21:06:15.033Z appoptics:debug connection.execute() seems to be patched
2022-04-21T21:06:15.034Z appoptics:debug connection.commit() seems to be patched
2022-04-21T21:06:15.034Z appoptics:debug connection.rollback() seems to be patched
2022-04-21T21:06:15.034Z appoptics:debug connection.break() seems to be patched
2022-04-21T21:06:15.034Z appoptics:debug connection.release seems to be patched
    âœ“ should truncate long queries (255ms)
2022-04-21T21:06:15.245Z appoptics:debug ORACLEDB wrapping createPool
2022-04-21T21:06:15.248Z appoptics:debug oracledb wrapping getConnection
    âœ“ should trace execute calls in pool (42ms)
2022-04-21T21:06:15.288Z appoptics:debug oracledb wrapping getConnection
2022-04-21T21:06:15.325Z appoptics:debug connection.execute() seems to be patched
2022-04-21T21:06:15.325Z appoptics:debug connection.commit() seems to be patched
2022-04-21T21:06:15.325Z appoptics:debug connection.rollback() seems to be patched
2022-04-21T21:06:15.325Z appoptics:debug connection.break() seems to be patched
2022-04-21T21:06:15.325Z appoptics:debug connection.release seems to be patched
    âœ“ should include correct isAutoCommit value (44ms)
2022-04-21T21:06:15.334Z appoptics:debug oracledb wrapping getConnection
2022-04-21T21:06:15.372Z appoptics:debug connection.execute() seems to be patched
2022-04-21T21:06:15.373Z appoptics:debug connection.commit() seems to be patched
2022-04-21T21:06:15.373Z appoptics:debug connection.rollback() seems to be patched
2022-04-21T21:06:15.373Z appoptics:debug connection.break() seems to be patched
2022-04-21T21:06:15.373Z appoptics:debug connection.release seems to be patched
    âœ“ should do nothing when disabled (41ms)


  8 passing (563ms)

npm WARN deprecated oracledb@4.1.0: Update to node-oracledb 5
npm WARN read-shrinkwrap This version of npm is compatible with lockfileVersion@1, but package-lock.json was generated for lockfileVersion@2. I'll try to do my best with it!

> oracledb@4.1.0 install /__w/appoptics-apm-node/appoptics-apm-node/node_modules/oracledb
> node package/install.js

oracledb ********************************************************************************
oracledb ** Node-oracledb 4.1.0 installed for Node.js 10.24.1 (linux, x64)
oracledb **
oracledb ** To use node-oracledb:
oracledb ** - Oracle Client libraries (64-bit) must be configured with ldconfig or LD_LIBRARY_PATH
oracledb ** - To get libraries, install an Instant Client Basic or Basic Light package from
oracledb **   https://www.oracle.com/technetwork/topics/linuxx86-64soft-092277.html
oracledb **
oracledb ** Installation instructions: https://oracle.github.io/node-oracledb/INSTALL.html
oracledb ********************************************************************************

npm WARN optional SKIPPING OPTIONAL DEPENDENCY: fsevents@~2.3.1 (node_modules/chokidar/node_modules/fsevents):
npm WARN notsup SKIPPING OPTIONAL DEPENDENCY: Unsupported platform for fsevents@2.3.2: wanted {"os":"darwin","arch":"any"} (current: {"os":"linux","arch":"x64"})

+ oracledb@4.1.0
updated 1 package and audited 935 packages in 6.29s

86 packages are looking for funding
  run `npm fund` for details

found 7 vulnerabilities (2 moderate, 5 high)
  run `npm audit fix` to fix them, or `npm audit` for details
2022-04-21T21:06:23.084Z appoptics:debug read config from /__w/appoptics-apm-node/appoptics-apm-node/appoptics-apm-config
2022-04-21T21:06:23.085Z appoptics:debug guc ignoring APPOPTICS_LOG_SETTINGS
2022-04-21T21:06:23.086Z appoptics:debug serviceKey dIOz...wWK0:node-agent-test
2022-04-21T21:06:23.086Z appoptics:debug using context provider: ace-context
2022-04-21T21:06:23.169Z appoptics:debug apm 10.2.2-ao.0, bindings 11.2.0, oboe 10.2.0
2022-04-21T21:06:23.377Z appoptics:patching patched crypto 
2022-04-21T21:06:23.411Z appoptics:patching patched https 
2022-04-21T21:06:23.411Z appoptics:patching patched http 
2022-04-21T21:06:23.454Z appoptics:patching patched oracledb 4.1.0
2022-04-21T21:06:23.461Z appoptics:debug starting runtimeMetrics


  probes.oracledb 4.1.0
    âœ“ UDP might lose a message
    âœ“ should be configured to sanitize SQL by default
2022-04-21T21:06:23.501Z appoptics:debug oracledb wrapping getConnection
    âœ“ should trace execute calls (58ms)
2022-04-21T21:06:23.561Z appoptics:debug oracledb wrapping getConnection
2022-04-21T21:06:23.599Z appoptics:debug connection.execute() seems to be patched
2022-04-21T21:06:23.599Z appoptics:debug connection.commit() seems to be patched
2022-04-21T21:06:23.599Z appoptics:debug connection.rollback() seems to be patched
2022-04-21T21:06:23.599Z appoptics:debug connection.break() seems to be patched
2022-04-21T21:06:23.599Z appoptics:debug connection.release seems to be patched
    âœ“ should sanitize query (41ms)
2022-04-21T21:06:23.607Z appoptics:debug oracledb wrapping getConnection
2022-04-21T21:06:23.644Z appoptics:debug connection.execute() seems to be patched
2022-04-21T21:06:23.644Z appoptics:debug connection.commit() seems to be patched
2022-04-21T21:06:23.644Z appoptics:debug connection.rollback() seems to be patched
2022-04-21T21:06:23.644Z appoptics:debug connection.break() seems to be patched
2022-04-21T21:06:23.644Z appoptics:debug connection.release seems to be patched
    âœ“ should truncate long queries (193ms)
2022-04-21T21:06:23.801Z appoptics:debug ORACLEDB wrapping createPool
2022-04-21T21:06:23.804Z appoptics:debug oracledb wrapping getConnection
    âœ“ should trace execute calls in pool (43ms)
2022-04-21T21:06:23.846Z appoptics:debug oracledb wrapping getConnection
2022-04-21T21:06:23.885Z appoptics:debug connection.execute() seems to be patched
2022-04-21T21:06:23.885Z appoptics:debug connection.commit() seems to be patched
2022-04-21T21:06:23.885Z appoptics:debug connection.rollback() seems to be patched
2022-04-21T21:06:23.885Z appoptics:debug connection.break() seems to be patched
2022-04-21T21:06:23.885Z appoptics:debug connection.release seems to be patched
    âœ“ should include correct isAutoCommit value (49ms)
2022-04-21T21:06:23.896Z appoptics:debug oracledb wrapping getConnection
2022-04-21T21:06:23.935Z appoptics:debug connection.execute() seems to be patched
2022-04-21T21:06:23.935Z appoptics:debug connection.commit() seems to be patched
2022-04-21T21:06:23.935Z appoptics:debug connection.rollback() seems to be patched
2022-04-21T21:06:23.935Z appoptics:debug connection.break() seems to be patched
2022-04-21T21:06:23.935Z appoptics:debug connection.release seems to be patched
    âœ“ should do nothing when disabled (41ms)


  8 passing (467ms)

npm WARN deprecated oracledb@4.2.0: Update to node-oracledb 5
npm WARN read-shrinkwrap This version of npm is compatible with lockfileVersion@1, but package-lock.json was generated for lockfileVersion@2. I'll try to do my best with it!

> oracledb@4.2.0 install /__w/appoptics-apm-node/appoptics-apm-node/node_modules/oracledb
> node package/install.js

oracledb ********************************************************************************
oracledb ** Node-oracledb 4.2.0 installed for Node.js 10.24.1 (linux, x64)
oracledb **
oracledb ** To use node-oracledb:
oracledb ** - Oracle Client libraries (64-bit) must be configured with ldconfig or LD_LIBRARY_PATH
oracledb ** - To get libraries, install an Instant Client Basic or Basic Light package from
oracledb **   https://www.oracle.com/database/technologies/instant-client/linux-x86-64-downloads.html
oracledb **
oracledb ** Installation instructions: https://oracle.github.io/node-oracledb/INSTALL.html
oracledb ********************************************************************************

npm WARN optional SKIPPING OPTIONAL DEPENDENCY: fsevents@~2.3.1 (node_modules/chokidar/node_modules/fsevents):
npm WARN notsup SKIPPING OPTIONAL DEPENDENCY: Unsupported platform for fsevents@2.3.2: wanted {"os":"darwin","arch":"any"} (current: {"os":"linux","arch":"x64"})

+ oracledb@4.2.0
updated 1 package and audited 935 packages in 5.351s

86 packages are looking for funding
  run `npm fund` for details

found 7 vulnerabilities (2 moderate, 5 high)
  run `npm audit fix` to fix them, or `npm audit` for details
2022-04-21T21:06:30.771Z appoptics:debug read config from /__w/appoptics-apm-node/appoptics-apm-node/appoptics-apm-config
2022-04-21T21:06:30.773Z appoptics:debug guc ignoring APPOPTICS_LOG_SETTINGS
2022-04-21T21:06:30.773Z appoptics:debug serviceKey dIOz...wWK0:node-agent-test
2022-04-21T21:06:30.774Z appoptics:debug using context provider: ace-context
2022-04-21T21:06:30.860Z appoptics:debug apm 10.2.2-ao.0, bindings 11.2.0, oboe 10.2.0
2022-04-21T21:06:31.115Z appoptics:patching patched crypto 
2022-04-21T21:06:31.158Z appoptics:patching patched https 
2022-04-21T21:06:31.159Z appoptics:patching patched http 
2022-04-21T21:06:31.193Z appoptics:patching patched oracledb 4.2.0
2022-04-21T21:06:31.198Z appoptics:debug starting runtimeMetrics


  probes.oracledb 4.2.0
    âœ“ UDP might lose a message
    âœ“ should be configured to sanitize SQL by default
2022-04-21T21:06:31.253Z appoptics:debug oracledb wrapping getConnection
    âœ“ should trace execute calls (65ms)
2022-04-21T21:06:31.320Z appoptics:debug oracledb wrapping getConnection
2022-04-21T21:06:31.366Z appoptics:debug connection.execute() seems to be patched
2022-04-21T21:06:31.367Z appoptics:debug connection.commit() seems to be patched
2022-04-21T21:06:31.367Z appoptics:debug connection.rollback() seems to be patched
2022-04-21T21:06:31.367Z appoptics:debug connection.break() seems to be patched
2022-04-21T21:06:31.367Z appoptics:debug connection.release seems to be patched
    âœ“ should sanitize query (51ms)
2022-04-21T21:06:31.375Z appoptics:debug oracledb wrapping getConnection
2022-04-21T21:06:31.439Z appoptics:debug connection.execute() seems to be patched
2022-04-21T21:06:31.439Z appoptics:debug connection.commit() seems to be patched
2022-04-21T21:06:31.439Z appoptics:debug connection.rollback() seems to be patched
2022-04-21T21:06:31.439Z appoptics:debug connection.break() seems to be patched
2022-04-21T21:06:31.439Z appoptics:debug connection.release seems to be patched
    âœ“ should truncate long queries (278ms)
2022-04-21T21:06:31.659Z appoptics:debug ORACLEDB wrapping createPool
2022-04-21T21:06:31.662Z appoptics:debug oracledb wrapping getConnection
    âœ“ should trace execute calls in pool (71ms)
2022-04-21T21:06:31.732Z appoptics:debug oracledb wrapping getConnection
2022-04-21T21:06:31.771Z appoptics:debug connection.execute() seems to be patched
2022-04-21T21:06:31.771Z appoptics:debug connection.commit() seems to be patched
2022-04-21T21:06:31.771Z appoptics:debug connection.rollback() seems to be patched
2022-04-21T21:06:31.771Z appoptics:debug connection.break() seems to be patched
2022-04-21T21:06:31.771Z appoptics:debug connection.release seems to be patched
    âœ“ should include correct isAutoCommit value (49ms)
2022-04-21T21:06:31.786Z appoptics:debug oracledb wrapping getConnection
2022-04-21T21:06:31.841Z appoptics:debug connection.execute() seems to be patched
2022-04-21T21:06:31.842Z appoptics:debug connection.commit() seems to be patched
2022-04-21T21:06:31.842Z appoptics:debug connection.rollback() seems to be patched
2022-04-21T21:06:31.842Z appoptics:debug connection.break() seems to be patched
2022-04-21T21:06:31.842Z appoptics:debug connection.release seems to be patched
    âœ“ should do nothing when disabled (58ms)


  8 passing (630ms)

npm WARN read-shrinkwrap This version of npm is compatible with lockfileVersion@1, but package-lock.json was generated for lockfileVersion@2. I'll try to do my best with it!

> oracledb@5.0.0 install /__w/appoptics-apm-node/appoptics-apm-node/node_modules/oracledb
> node package/install.js

oracledb ********************************************************************************
oracledb ** Node-oracledb 5.0.0 installed for Node.js 10.24.1 (linux, x64)
oracledb **
oracledb ** To use node-oracledb:
oracledb ** - Oracle Client libraries (64-bit) must be available.
oracledb ** - Follow the installation instructions:
oracledb **   https://oracle.github.io/node-oracledb/INSTALL.html#linuxinstall
oracledb ********************************************************************************

npm WARN optional SKIPPING OPTIONAL DEPENDENCY: fsevents@~2.3.1 (node_modules/chokidar/node_modules/fsevents):
npm WARN notsup SKIPPING OPTIONAL DEPENDENCY: Unsupported platform for fsevents@2.3.2: wanted {"os":"darwin","arch":"any"} (current: {"os":"linux","arch":"x64"})

+ oracledb@5.0.0
updated 1 package and audited 935 packages in 5.617s

86 packages are looking for funding
  run `npm fund` for details

found 7 vulnerabilities (2 moderate, 5 high)
  run `npm audit fix` to fix them, or `npm audit` for details
2022-04-21T21:06:39.001Z appoptics:debug read config from /__w/appoptics-apm-node/appoptics-apm-node/appoptics-apm-config
2022-04-21T21:06:39.003Z appoptics:debug guc ignoring APPOPTICS_LOG_SETTINGS
2022-04-21T21:06:39.003Z appoptics:debug serviceKey dIOz...wWK0:node-agent-test
2022-04-21T21:06:39.003Z appoptics:debug using context provider: ace-context
2022-04-21T21:06:39.085Z appoptics:debug apm 10.2.2-ao.0, bindings 11.2.0, oboe 10.2.0
2022-04-21T21:06:39.313Z appoptics:patching patched crypto 
2022-04-21T21:06:39.343Z appoptics:patching patched https 
2022-04-21T21:06:39.343Z appoptics:patching patched http 
2022-04-21T21:06:39.377Z appoptics:patching patched oracledb 5.0.0
2022-04-21T21:06:39.383Z appoptics:debug starting runtimeMetrics


  probes.oracledb 5.0.0
    âœ“ UDP might lose a message
    âœ“ should be configured to sanitize SQL by default
2022-04-21T21:06:39.422Z appoptics:debug oracledb wrapping getConnection
    âœ“ should trace execute calls (64ms)
2022-04-21T21:06:39.489Z appoptics:debug oracledb wrapping getConnection
2022-04-21T21:06:39.531Z appoptics:debug connection.execute() seems to be patched
2022-04-21T21:06:39.531Z appoptics:debug connection.commit() seems to be patched
2022-04-21T21:06:39.531Z appoptics:debug connection.rollback() seems to be patched
2022-04-21T21:06:39.531Z appoptics:debug connection.break() seems to be patched
2022-04-21T21:06:39.531Z appoptics:debug connection.release seems to be patched
    âœ“ should sanitize query (45ms)
2022-04-21T21:06:39.537Z appoptics:debug oracledb wrapping getConnection
2022-04-21T21:06:39.575Z appoptics:debug connection.execute() seems to be patched
2022-04-21T21:06:39.576Z appoptics:debug connection.commit() seems to be patched
2022-04-21T21:06:39.576Z appoptics:debug connection.rollback() seems to be patched
2022-04-21T21:06:39.576Z appoptics:debug connection.break() seems to be patched
2022-04-21T21:06:39.576Z appoptics:debug connection.release seems to be patched
    âœ“ should truncate long queries (232ms)
2022-04-21T21:06:39.776Z appoptics:debug ORACLEDB wrapping createPool
2022-04-21T21:06:39.779Z appoptics:debug oracledb wrapping getConnection
    âœ“ should trace execute calls in pool (51ms)
2022-04-21T21:06:39.828Z appoptics:debug oracledb wrapping getConnection
2022-04-21T21:06:39.865Z appoptics:debug connection.execute() seems to be patched
2022-04-21T21:06:39.865Z appoptics:debug connection.commit() seems to be patched
2022-04-21T21:06:39.865Z appoptics:debug connection.rollback() seems to be patched
2022-04-21T21:06:39.865Z appoptics:debug connection.break() seems to be patched
2022-04-21T21:06:39.865Z appoptics:debug connection.release seems to be patched
    âœ“ should include correct isAutoCommit value (45ms)
2022-04-21T21:06:39.874Z appoptics:debug oracledb wrapping getConnection
2022-04-21T21:06:39.913Z appoptics:debug connection.execute() seems to be patched
2022-04-21T21:06:39.913Z appoptics:debug connection.commit() seems to be patched
2022-04-21T21:06:39.913Z appoptics:debug connection.rollback() seems to be patched
2022-04-21T21:06:39.913Z appoptics:debug connection.break() seems to be patched
2022-04-21T21:06:39.913Z appoptics:debug connection.release seems to be patched
    âœ“ should do nothing when disabled (40ms)


  8 passing (528ms)

npm WARN read-shrinkwrap This version of npm is compatible with lockfileVersion@1, but package-lock.json was generated for lockfileVersion@2. I'll try to do my best with it!

> oracledb@5.1.0 install /__w/appoptics-apm-node/appoptics-apm-node/node_modules/oracledb
> node package/install.js

oracledb ********************************************************************************
oracledb ** Node-oracledb 5.1.0 installed for Node.js 10.24.1 (linux, x64)
oracledb **
oracledb ** To use node-oracledb:
oracledb ** - Oracle Client libraries (64-bit) must be available.
oracledb ** - Follow the installation instructions:
oracledb **   https://oracle.github.io/node-oracledb/INSTALL.html#linuxinstall
oracledb ********************************************************************************

npm WARN optional SKIPPING OPTIONAL DEPENDENCY: fsevents@~2.3.1 (node_modules/chokidar/node_modules/fsevents):
npm WARN notsup SKIPPING OPTIONAL DEPENDENCY: Unsupported platform for fsevents@2.3.2: wanted {"os":"darwin","arch":"any"} (current: {"os":"linux","arch":"x64"})

+ oracledb@5.1.0
updated 1 package and audited 935 packages in 6.173s

86 packages are looking for funding
  run `npm fund` for details

found 7 vulnerabilities (2 moderate, 5 high)
  run `npm audit fix` to fix them, or `npm audit` for details
2022-04-21T21:06:47.461Z appoptics:debug read config from /__w/appoptics-apm-node/appoptics-apm-node/appoptics-apm-config
2022-04-21T21:06:47.463Z appoptics:debug guc ignoring APPOPTICS_LOG_SETTINGS
2022-04-21T21:06:47.463Z appoptics:debug serviceKey dIOz...wWK0:node-agent-test
2022-04-21T21:06:47.464Z appoptics:debug using context provider: ace-context
2022-04-21T21:06:47.544Z appoptics:debug apm 10.2.2-ao.0, bindings 11.2.0, oboe 10.2.0
2022-04-21T21:06:47.754Z appoptics:patching patched crypto 
2022-04-21T21:06:47.786Z appoptics:patching patched https 
2022-04-21T21:06:47.786Z appoptics:patching patched http 
2022-04-21T21:06:47.851Z appoptics:patching patched oracledb 5.1.0
2022-04-21T21:06:47.857Z appoptics:debug starting runtimeMetrics


  probes.oracledb 5.1.0
    âœ“ UDP might lose a message
    âœ“ should be configured to sanitize SQL by default
2022-04-21T21:06:47.910Z appoptics:debug oracledb wrapping getConnection
    âœ“ should trace execute calls (66ms)
2022-04-21T21:06:47.980Z appoptics:debug oracledb wrapping getConnection
2022-04-21T21:06:48.017Z appoptics:debug connection.execute() seems to be patched
2022-04-21T21:06:48.017Z appoptics:debug connection.commit() seems to be patched
2022-04-21T21:06:48.017Z appoptics:debug connection.rollback() seems to be patched
2022-04-21T21:06:48.017Z appoptics:debug connection.break() seems to be patched
2022-04-21T21:06:48.017Z appoptics:debug connection.release seems to be patched
    âœ“ should sanitize query (41ms)
2022-04-21T21:06:48.024Z appoptics:debug oracledb wrapping getConnection
2022-04-21T21:06:48.061Z appoptics:debug connection.execute() seems to be patched
2022-04-21T21:06:48.062Z appoptics:debug connection.commit() seems to be patched
2022-04-21T21:06:48.062Z appoptics:debug connection.rollback() seems to be patched
2022-04-21T21:06:48.062Z appoptics:debug connection.break() seems to be patched
2022-04-21T21:06:48.062Z appoptics:debug connection.release seems to be patched
    âœ“ should truncate long queries (193ms)
2022-04-21T21:06:48.219Z appoptics:debug ORACLEDB wrapping createPool
2022-04-21T21:06:48.222Z appoptics:debug oracledb wrapping getConnection
    âœ“ should trace execute calls in pool (42ms)
2022-04-21T21:06:48.262Z appoptics:debug oracledb wrapping getConnection
2022-04-21T21:06:48.298Z appoptics:debug connection.execute() seems to be patched
2022-04-21T21:06:48.299Z appoptics:debug connection.commit() seems to be patched
2022-04-21T21:06:48.299Z appoptics:debug connection.rollback() seems to be patched
2022-04-21T21:06:48.299Z appoptics:debug connection.break() seems to be patched
2022-04-21T21:06:48.299Z appoptics:debug connection.release seems to be patched
    âœ“ should include correct isAutoCommit value (45ms)
2022-04-21T21:06:48.310Z appoptics:debug oracledb wrapping getConnection
2022-04-21T21:06:48.347Z appoptics:debug connection.execute() seems to be patched
2022-04-21T21:06:48.347Z appoptics:debug connection.commit() seems to be patched
2022-04-21T21:06:48.347Z appoptics:debug connection.rollback() seems to be patched
2022-04-21T21:06:48.347Z appoptics:debug connection.break() seems to be patched
2022-04-21T21:06:48.347Z appoptics:debug connection.release seems to be patched
    âœ“ should do nothing when disabled (39ms)


  8 passing (465ms)

npm WARN read-shrinkwrap This version of npm is compatible with lockfileVersion@1, but package-lock.json was generated for lockfileVersion@2. I'll try to do my best with it!

> oracledb@5.2.0 install /__w/appoptics-apm-node/appoptics-apm-node/node_modules/oracledb
> node package/install.js

oracledb ********************************************************************************
oracledb ** Node-oracledb 5.2.0 installed in Node.js 10.24.1 (linux, x64)
oracledb **
oracledb ** To use node-oracledb:
oracledb ** - Oracle Client libraries (64-bit) must be available.
oracledb ** - Follow the installation instructions:
oracledb **   https://oracle.github.io/node-oracledb/INSTALL.html#linuxinstall
oracledb ********************************************************************************

npm WARN optional SKIPPING OPTIONAL DEPENDENCY: fsevents@~2.3.1 (node_modules/chokidar/node_modules/fsevents):
npm WARN notsup SKIPPING OPTIONAL DEPENDENCY: Unsupported platform for fsevents@2.3.2: wanted {"os":"darwin","arch":"any"} (current: {"os":"linux","arch":"x64"})

+ oracledb@5.2.0
updated 1 package and audited 935 packages in 5.475s

86 packages are looking for funding
  run `npm fund` for details

found 7 vulnerabilities (2 moderate, 5 high)
  run `npm audit fix` to fix them, or `npm audit` for details
2022-04-21T21:06:55.154Z appoptics:debug read config from /__w/appoptics-apm-node/appoptics-apm-node/appoptics-apm-config
2022-04-21T21:06:55.156Z appoptics:debug guc ignoring APPOPTICS_LOG_SETTINGS
2022-04-21T21:06:55.156Z appoptics:debug serviceKey dIOz...wWK0:node-agent-test
2022-04-21T21:06:55.156Z appoptics:debug using context provider: ace-context
2022-04-21T21:06:55.244Z appoptics:debug apm 10.2.2-ao.0, bindings 11.2.0, oboe 10.2.0
2022-04-21T21:06:55.459Z appoptics:patching patched crypto 
2022-04-21T21:06:55.488Z appoptics:patching patched https 
2022-04-21T21:06:55.489Z appoptics:patching patched http 
2022-04-21T21:06:55.524Z appoptics:patching patched oracledb 5.2.0
2022-04-21T21:06:55.530Z appoptics:debug starting runtimeMetrics


  probes.oracledb 5.2.0
    âœ“ UDP might lose a message
    âœ“ should be configured to sanitize SQL by default
2022-04-21T21:06:55.568Z appoptics:debug oracledb wrapping getConnection
    âœ“ should trace execute calls (56ms)
2022-04-21T21:06:55.627Z appoptics:debug oracledb wrapping getConnection
2022-04-21T21:06:55.665Z appoptics:debug connection.execute() seems to be patched
2022-04-21T21:06:55.665Z appoptics:debug connection.commit() seems to be patched
2022-04-21T21:06:55.665Z appoptics:debug connection.rollback() seems to be patched
2022-04-21T21:06:55.665Z appoptics:debug connection.break() seems to be patched
2022-04-21T21:06:55.665Z appoptics:debug connection.release seems to be patched
    âœ“ should sanitize query (42ms)
2022-04-21T21:06:55.671Z appoptics:debug oracledb wrapping getConnection
2022-04-21T21:06:55.709Z appoptics:debug connection.execute() seems to be patched
2022-04-21T21:06:55.710Z appoptics:debug connection.commit() seems to be patched
2022-04-21T21:06:55.710Z appoptics:debug connection.rollback() seems to be patched
2022-04-21T21:06:55.710Z appoptics:debug connection.break() seems to be patched
2022-04-21T21:06:55.710Z appoptics:debug connection.release seems to be patched
    âœ“ should truncate long queries (183ms)
2022-04-21T21:06:55.857Z appoptics:debug ORACLEDB wrapping createPool
2022-04-21T21:06:55.863Z appoptics:debug oracledb wrapping getConnection
    âœ“ should trace execute calls in pool (52ms)
2022-04-21T21:06:55.912Z appoptics:debug oracledb wrapping getConnection
2022-04-21T21:06:55.962Z appoptics:debug connection.execute() seems to be patched
2022-04-21T21:06:55.962Z appoptics:debug connection.commit() seems to be patched
2022-04-21T21:06:55.962Z appoptics:debug connection.rollback() seems to be patched
2022-04-21T21:06:55.962Z appoptics:debug connection.break() seems to be patched
2022-04-21T21:06:55.962Z appoptics:debug connection.release seems to be patched
    âœ“ should include correct isAutoCommit value (63ms)
2022-04-21T21:06:55.980Z appoptics:debug oracledb wrapping getConnection
2022-04-21T21:06:56.024Z appoptics:debug connection.execute() seems to be patched
2022-04-21T21:06:56.024Z appoptics:debug connection.commit() seems to be patched
2022-04-21T21:06:56.024Z appoptics:debug connection.rollback() seems to be patched
2022-04-21T21:06:56.024Z appoptics:debug connection.break() seems to be patched
2022-04-21T21:06:56.024Z appoptics:debug connection.release seems to be patched
    âœ“ should do nothing when disabled (47ms)


  8 passing (492ms)

npm WARN read-shrinkwrap This version of npm is compatible with lockfileVersion@1, but package-lock.json was generated for lockfileVersion@2. I'll try to do my best with it!

> oracledb@5.3.0 install /__w/appoptics-apm-node/appoptics-apm-node/node_modules/oracledb
> node package/install.js

oracledb ********************************************************************************
oracledb ** Node-oracledb 5.3.0 installed in Node.js 10.24.1 (linux, x64)
oracledb **
oracledb ** To use node-oracledb:
oracledb ** - Oracle Client libraries (64-bit) must be available.
oracledb ** - Follow the installation instructions:
oracledb **   https://oracle.github.io/node-oracledb/INSTALL.html#linuxinstall
oracledb ********************************************************************************

npm WARN optional SKIPPING OPTIONAL DEPENDENCY: fsevents@~2.3.1 (node_modules/chokidar/node_modules/fsevents):
npm WARN notsup SKIPPING OPTIONAL DEPENDENCY: Unsupported platform for fsevents@2.3.2: wanted {"os":"darwin","arch":"any"} (current: {"os":"linux","arch":"x64"})

+ oracledb@5.3.0
updated 1 package and audited 935 packages in 6.075s

86 packages are looking for funding
  run `npm fund` for details

found 7 vulnerabilities (2 moderate, 5 high)
  run `npm audit fix` to fix them, or `npm audit` for details
2022-04-21T21:07:03.898Z appoptics:debug read config from /__w/appoptics-apm-node/appoptics-apm-node/appoptics-apm-config
2022-04-21T21:07:03.900Z appoptics:debug guc ignoring APPOPTICS_LOG_SETTINGS
2022-04-21T21:07:03.900Z appoptics:debug serviceKey dIOz...wWK0:node-agent-test
2022-04-21T21:07:03.901Z appoptics:debug using context provider: ace-context
2022-04-21T21:07:03.983Z appoptics:debug apm 10.2.2-ao.0, bindings 11.2.0, oboe 10.2.0
2022-04-21T21:07:04.199Z appoptics:patching patched crypto 
2022-04-21T21:07:04.229Z appoptics:patching patched https 
2022-04-21T21:07:04.229Z appoptics:patching patched http 
2022-04-21T21:07:04.265Z appoptics:patching patched oracledb 5.3.0
2022-04-21T21:07:04.272Z appoptics:debug starting runtimeMetrics


  probes.oracledb 5.3.0
    âœ“ UDP might lose a message
    âœ“ should be configured to sanitize SQL by default
2022-04-21T21:07:04.309Z appoptics:debug oracledb wrapping getConnection
    âœ“ should trace execute calls (57ms)
2022-04-21T21:07:04.369Z appoptics:debug oracledb wrapping getConnection
2022-04-21T21:07:04.407Z appoptics:debug connection.execute() seems to be patched
2022-04-21T21:07:04.407Z appoptics:debug connection.commit() seems to be patched
2022-04-21T21:07:04.407Z appoptics:debug connection.rollback() seems to be patched
2022-04-21T21:07:04.407Z appoptics:debug connection.break() seems to be patched
2022-04-21T21:07:04.407Z appoptics:debug connection.release seems to be patched
    âœ“ should sanitize query (42ms)
2022-04-21T21:07:04.413Z appoptics:debug oracledb wrapping getConnection
2022-04-21T21:07:04.451Z appoptics:debug connection.execute() seems to be patched
2022-04-21T21:07:04.451Z appoptics:debug connection.commit() seems to be patched
2022-04-21T21:07:04.451Z appoptics:debug connection.rollback() seems to be patched
2022-04-21T21:07:04.451Z appoptics:debug connection.break() seems to be patched
2022-04-21T21:07:04.451Z appoptics:debug connection.release seems to be patched
    âœ“ should truncate long queries (192ms)
2022-04-21T21:07:04.608Z appoptics:debug ORACLEDB wrapping createPool
2022-04-21T21:07:04.611Z appoptics:debug oracledb wrapping getConnection
    âœ“ should trace execute calls in pool (43ms)
2022-04-21T21:07:04.652Z appoptics:debug oracledb wrapping getConnection
2022-04-21T21:07:04.690Z appoptics:debug connection.execute() seems to be patched
2022-04-21T21:07:04.691Z appoptics:debug connection.commit() seems to be patched
2022-04-21T21:07:04.691Z appoptics:debug connection.rollback() seems to be patched
2022-04-21T21:07:04.691Z appoptics:debug connection.break() seems to be patched
2022-04-21T21:07:04.691Z appoptics:debug connection.release seems to be patched
    âœ“ should include correct isAutoCommit value (47ms)
2022-04-21T21:07:04.704Z appoptics:debug oracledb wrapping getConnection
2022-04-21T21:07:04.743Z appoptics:debug connection.execute() seems to be patched
2022-04-21T21:07:04.743Z appoptics:debug connection.commit() seems to be patched
2022-04-21T21:07:04.743Z appoptics:debug connection.rollback() seems to be patched
2022-04-21T21:07:04.743Z appoptics:debug connection.break() seems to be patched
2022-04-21T21:07:04.743Z appoptics:debug connection.release seems to be patched
    âœ“ should do nothing when disabled (41ms)


  8 passing (470ms)

npm WARN read-shrinkwrap This version of npm is compatible with lockfileVersion@1, but package-lock.json was generated for lockfileVersion@2. I'll try to do my best with it!

> oracledb@5.3.0 install /__w/appoptics-apm-node/appoptics-apm-node/node_modules/oracledb
> node package/install.js

oracledb ********************************************************************************
oracledb ** Node-oracledb 5.3.0 installed in Node.js 10.24.1 (linux, x64)
oracledb **
oracledb ** To use node-oracledb:
oracledb ** - Oracle Client libraries (64-bit) must be available.
oracledb ** - Follow the installation instructions:
oracledb **   https://oracle.github.io/node-oracledb/INSTALL.html#linuxinstall
oracledb ********************************************************************************

npm WARN optional SKIPPING OPTIONAL DEPENDENCY: fsevents@~2.3.1 (node_modules/chokidar/node_modules/fsevents):
npm WARN notsup SKIPPING OPTIONAL DEPENDENCY: Unsupported platform for fsevents@2.3.2: wanted {"os":"darwin","arch":"any"} (current: {"os":"linux","arch":"x64"})

+ oracledb@5.3.0
updated 1 package and audited 935 packages in 5.694s

86 packages are looking for funding
  run `npm fund` for details

found 7 vulnerabilities (2 moderate, 5 high)
  run `npm audit fix` to fix them, or `npm audit` for details
