npm WARN deprecated oracledb@2.0.14: Update to node-oracledb 5

> oracledb@2.0.14 install /__w/appoptics-apm-node/appoptics-apm-node/node_modules/oracledb
> node package/oracledbinstall.js

oracledb Beginning installation
oracledb Verifying installation
oracledb Binary not found
oracledb Continuing installation
oracledb [31mERR![0m NJS-054: Binary build/Release/oracledb.node was not installed from oracledb-v2.0.14-node-v64-linux-x64.gz
oracledb [31mERR![0m EACCES: permission denied, mkdir 'build'
oracledb [31mERR![0m If the error is not network or filesystem related, then review 
oracledb [31mERR![0m the Python 2.7 and compiler prerequisites in the installation instructions and
oracledb [31mERR![0m then install from source code with: npm install oracle/node-oracledb.git#v2.0.14
oracledb [31mERR![0m See https://github.com/oracle/node-oracledb/blob/master/INSTALL.md 

npm WARN optional SKIPPING OPTIONAL DEPENDENCY: fsevents@~2.3.1 (node_modules/chokidar/node_modules/fsevents):
npm WARN notsup SKIPPING OPTIONAL DEPENDENCY: Unsupported platform for fsevents@2.3.2: wanted {"os":"darwin","arch":"any"} (current: {"os":"linux","arch":"x64"})

npm ERR! code ELIFECYCLE
npm ERR! errno 87
npm ERR! oracledb@2.0.14 install: `node package/oracledbinstall.js`
npm ERR! Exit status 87
npm ERR! 
npm ERR! Failed at the oracledb@2.0.14 install script.
npm ERR! This is probably not a problem with npm. There is likely additional logging output above.

npm ERR! A complete log of this run can be found in:
npm ERR!     /github/home/.npm/_logs/2021-08-24T05_10_01_984Z-debug.log
npm WARN deprecated oracledb@2.0.15: Update to node-oracledb 5

> oracledb@2.0.15 install /__w/appoptics-apm-node/appoptics-apm-node/node_modules/oracledb
> node package/oracledbinstall.js

oracledb Beginning installation
oracledb Verifying installation
oracledb Binary not found
oracledb Continuing installation
oracledb [31mERR![0m NJS-054: Binary build/Release/oracledb.node was not installed from oracledb-v2.0.15-node-v64-linux-x64.gz
oracledb [31mERR![0m EACCES: permission denied, mkdir 'build'
oracledb [31mERR![0m If the error is not network or filesystem related, then review 
oracledb [31mERR![0m the Python 2.7 and compiler prerequisites in the installation instructions and
oracledb [31mERR![0m then install from source code with: npm install oracle/node-oracledb.git#v2.0.15
oracledb [31mERR![0m See https://github.com/oracle/node-oracledb/blob/master/INSTALL.md 

npm WARN optional SKIPPING OPTIONAL DEPENDENCY: fsevents@~2.3.1 (node_modules/chokidar/node_modules/fsevents):
npm WARN notsup SKIPPING OPTIONAL DEPENDENCY: Unsupported platform for fsevents@2.3.2: wanted {"os":"darwin","arch":"any"} (current: {"os":"linux","arch":"x64"})

npm ERR! code ELIFECYCLE
npm ERR! errno 87
npm ERR! oracledb@2.0.15 install: `node package/oracledbinstall.js`
npm ERR! Exit status 87
npm ERR! 
npm ERR! Failed at the oracledb@2.0.15 install script.
npm ERR! This is probably not a problem with npm. There is likely additional logging output above.

npm ERR! A complete log of this run can be found in:
npm ERR!     /github/home/.npm/_logs/2021-08-24T05_10_07_691Z-debug.log
npm WARN deprecated oracledb@2.1.0: Update to node-oracledb 5

> oracledb@2.1.0 install /__w/appoptics-apm-node/appoptics-apm-node/node_modules/oracledb
> node package/oracledbinstall.js

oracledb Beginning installation
oracledb Verifying installation
oracledb Binary not found
oracledb Continuing installation
oracledb [31mERR![0m NJS-054: Binary build/Release/oracledb.node was not installed from oracledb-v2.1.0-node-v64-linux-x64.gz
oracledb [31mERR![0m EACCES: permission denied, mkdir 'build'
oracledb [31mERR![0m If the error is not network or filesystem related, then review 
oracledb [31mERR![0m the Python 2.7 and compiler prerequisites in the installation instructions and
oracledb [31mERR![0m then install from source code with: npm install oracle/node-oracledb.git#v2.1.0
oracledb [31mERR![0m See https://github.com/oracle/node-oracledb/blob/master/INSTALL.md 

npm WARN optional SKIPPING OPTIONAL DEPENDENCY: fsevents@~2.3.1 (node_modules/chokidar/node_modules/fsevents):
npm WARN notsup SKIPPING OPTIONAL DEPENDENCY: Unsupported platform for fsevents@2.3.2: wanted {"os":"darwin","arch":"any"} (current: {"os":"linux","arch":"x64"})

npm ERR! code ELIFECYCLE
npm ERR! errno 87
npm ERR! oracledb@2.1.0 install: `node package/oracledbinstall.js`
npm ERR! Exit status 87
npm ERR! 
npm ERR! Failed at the oracledb@2.1.0 install script.
npm ERR! This is probably not a problem with npm. There is likely additional logging output above.

npm ERR! A complete log of this run can be found in:
npm ERR!     /github/home/.npm/_logs/2021-08-24T05_10_12_321Z-debug.log
npm WARN deprecated oracledb@2.1.1: Update to node-oracledb 5

> oracledb@2.1.1 install /__w/appoptics-apm-node/appoptics-apm-node/node_modules/oracledb
> node package/oracledbinstall.js

oracledb Beginning installation
oracledb Verifying installation
oracledb Binary not found
oracledb Continuing installation
oracledb [31mERR![0m NJS-054: Binary build/Release/oracledb.node was not installed from oracledb-v2.1.1-node-v64-linux-x64.gz
oracledb [31mERR![0m EACCES: permission denied, mkdir 'build'
oracledb [31mERR![0m If the error is not network or filesystem related, then review 
oracledb [31mERR![0m the Python 2.7 and compiler prerequisites in the installation instructions and
oracledb [31mERR![0m then install from source code with: npm install oracle/node-oracledb.git#v2.1.1
oracledb [31mERR![0m See https://github.com/oracle/node-oracledb/blob/master/INSTALL.md 

npm WARN optional SKIPPING OPTIONAL DEPENDENCY: fsevents@~2.3.1 (node_modules/chokidar/node_modules/fsevents):
npm WARN notsup SKIPPING OPTIONAL DEPENDENCY: Unsupported platform for fsevents@2.3.2: wanted {"os":"darwin","arch":"any"} (current: {"os":"linux","arch":"x64"})

npm ERR! code ELIFECYCLE
npm ERR! errno 87
npm ERR! oracledb@2.1.1 install: `node package/oracledbinstall.js`
npm ERR! Exit status 87
npm ERR! 
npm ERR! Failed at the oracledb@2.1.1 install script.
npm ERR! This is probably not a problem with npm. There is likely additional logging output above.

npm ERR! A complete log of this run can be found in:
npm ERR!     /github/home/.npm/_logs/2021-08-24T05_10_17_104Z-debug.log
npm WARN deprecated oracledb@2.1.2: Update to node-oracledb 5

> oracledb@2.1.2 install /__w/appoptics-apm-node/appoptics-apm-node/node_modules/oracledb
> node package/oracledbinstall.js

oracledb Beginning installation
oracledb Verifying installation
oracledb Binary not found
oracledb Continuing installation
oracledb [31mERR![0m NJS-054: Binary build/Release/oracledb.node was not installed from oracledb-v2.1.2-node-v64-linux-x64.gz
oracledb [31mERR![0m EACCES: permission denied, mkdir 'build'
oracledb [31mERR![0m If the error is not network or filesystem related, then review 
oracledb [31mERR![0m the Python 2.7 and compiler prerequisites in the installation instructions and
oracledb [31mERR![0m then install from source code with: npm install oracle/node-oracledb.git#v2.1.2
oracledb [31mERR![0m See https://github.com/oracle/node-oracledb/blob/master/INSTALL.md 

npm WARN optional SKIPPING OPTIONAL DEPENDENCY: fsevents@~2.3.1 (node_modules/chokidar/node_modules/fsevents):
npm WARN notsup SKIPPING OPTIONAL DEPENDENCY: Unsupported platform for fsevents@2.3.2: wanted {"os":"darwin","arch":"any"} (current: {"os":"linux","arch":"x64"})

npm ERR! code ELIFECYCLE
npm ERR! errno 87
npm ERR! oracledb@2.1.2 install: `node package/oracledbinstall.js`
npm ERR! Exit status 87
npm ERR! 
npm ERR! Failed at the oracledb@2.1.2 install script.
npm ERR! This is probably not a problem with npm. There is likely additional logging output above.

npm ERR! A complete log of this run can be found in:
npm ERR!     /github/home/.npm/_logs/2021-08-24T05_10_21_471Z-debug.log
npm WARN deprecated oracledb@2.2.0: Update to node-oracledb 5

> oracledb@2.2.0 install /__w/appoptics-apm-node/appoptics-apm-node/node_modules/oracledb
> node package/oracledbinstall.js

oracledb Beginning installation
oracledb Verifying installation
oracledb Continuing installation
oracledb [31mERR![0m NJS-054: Binary build/Release/oracledb.node was not installed.
oracledb [31mERR![0m Pre-built binary packages are not available for this version of Node.js (NODE_MODULE_VERSION="64")
oracledb [31mERR![0m Failed to install binary package oracledb-v2.2.0-node-v64-linux-x64.gz
oracledb [31mERR![0m EACCES: permission denied, mkdir 'build'
oracledb [31mERR![0m For help see https://oracle.github.io/node-oracledb/INSTALL.html#troubleshooting

npm WARN optional SKIPPING OPTIONAL DEPENDENCY: fsevents@~2.3.1 (node_modules/chokidar/node_modules/fsevents):
npm WARN notsup SKIPPING OPTIONAL DEPENDENCY: Unsupported platform for fsevents@2.3.2: wanted {"os":"darwin","arch":"any"} (current: {"os":"linux","arch":"x64"})

npm ERR! code ELIFECYCLE
npm ERR! errno 87
npm ERR! oracledb@2.2.0 install: `node package/oracledbinstall.js`
npm ERR! Exit status 87
npm ERR! 
npm ERR! Failed at the oracledb@2.2.0 install script.
npm ERR! This is probably not a problem with npm. There is likely additional logging output above.

npm ERR! A complete log of this run can be found in:
npm ERR!     /github/home/.npm/_logs/2021-08-24T05_10_25_621Z-debug.log
npm WARN deprecated oracledb@2.3.0: Update to node-oracledb 5

> oracledb@2.3.0 install /__w/appoptics-apm-node/appoptics-apm-node/node_modules/oracledb
> node package/oracledbinstall.js

oracledb Beginning installation
oracledb Verifying installation
oracledb Continuing installation
oracledb [31mERR![0m NJS-054: Binary build/Release/oracledb.node was not installed.
oracledb [31mERR![0m Failed to install binary package oracledb-v2.3.0-node-v64-linux-x64.gz
oracledb [31mERR![0m EACCES: permission denied, mkdir 'build'
oracledb [31mERR![0m For help see https://oracle.github.io/node-oracledb/INSTALL.html#troubleshooting

npm WARN optional SKIPPING OPTIONAL DEPENDENCY: fsevents@~2.3.1 (node_modules/chokidar/node_modules/fsevents):
npm WARN notsup SKIPPING OPTIONAL DEPENDENCY: Unsupported platform for fsevents@2.3.2: wanted {"os":"darwin","arch":"any"} (current: {"os":"linux","arch":"x64"})

npm ERR! code ELIFECYCLE
npm ERR! errno 87
npm ERR! oracledb@2.3.0 install: `node package/oracledbinstall.js`
npm ERR! Exit status 87
npm ERR! 
npm ERR! Failed at the oracledb@2.3.0 install script.
npm ERR! This is probably not a problem with npm. There is likely additional logging output above.

npm ERR! A complete log of this run can be found in:
npm ERR!     /github/home/.npm/_logs/2021-08-24T05_10_30_116Z-debug.log
npm WARN deprecated oracledb@3.0.0: Update to node-oracledb 5

> oracledb@3.0.0 install /__w/appoptics-apm-node/appoptics-apm-node/node_modules/oracledb
> node package/oracledbinstall.js

oracledb Beginning installation
oracledb Verifying installation
oracledb Continuing installation
oracledb [31mERR![0m NJS-054: Binary build/Release/oracledb.node was not installed.
oracledb [31mERR![0m Failed to install binary package oracledb-v3.0.0-node-abi64-linux-x64.gz
oracledb [31mERR![0m EACCES: permission denied, mkdir 'build'
oracledb [31mERR![0m For help see https://oracle.github.io/node-oracledb/INSTALL.html#troubleshooting

npm WARN optional SKIPPING OPTIONAL DEPENDENCY: fsevents@~2.3.1 (node_modules/chokidar/node_modules/fsevents):
npm WARN notsup SKIPPING OPTIONAL DEPENDENCY: Unsupported platform for fsevents@2.3.2: wanted {"os":"darwin","arch":"any"} (current: {"os":"linux","arch":"x64"})

npm ERR! code ELIFECYCLE
npm ERR! errno 87
npm ERR! oracledb@3.0.0 install: `node package/oracledbinstall.js`
npm ERR! Exit status 87
npm ERR! 
npm ERR! Failed at the oracledb@3.0.0 install script.
npm ERR! This is probably not a problem with npm. There is likely additional logging output above.

npm ERR! A complete log of this run can be found in:
npm ERR!     /github/home/.npm/_logs/2021-08-24T05_10_34_458Z-debug.log
npm WARN deprecated oracledb@3.0.1: Update to node-oracledb 5

> oracledb@3.0.1 install /__w/appoptics-apm-node/appoptics-apm-node/node_modules/oracledb
> node package/oracledbinstall.js

oracledb Beginning installation
oracledb [31mERR![0m NJS-054: Binary build/Release/oracledb.node was not installed.
oracledb [31mERR![0m Failed to install binary package oracledb-v3.0.1-node-abi64-linux-x64.gz
oracledb [31mERR![0m EACCES: permission denied, mkdir 'build'
oracledb [31mERR![0m For help see https://oracle.github.io/node-oracledb/INSTALL.html#troubleshooting

npm WARN optional SKIPPING OPTIONAL DEPENDENCY: fsevents@~2.3.1 (node_modules/chokidar/node_modules/fsevents):
npm WARN notsup SKIPPING OPTIONAL DEPENDENCY: Unsupported platform for fsevents@2.3.2: wanted {"os":"darwin","arch":"any"} (current: {"os":"linux","arch":"x64"})

npm ERR! code ELIFECYCLE
npm ERR! errno 87
npm ERR! oracledb@3.0.1 install: `node package/oracledbinstall.js`
npm ERR! Exit status 87
npm ERR! 
npm ERR! Failed at the oracledb@3.0.1 install script.
npm ERR! This is probably not a problem with npm. There is likely additional logging output above.

npm ERR! A complete log of this run can be found in:
npm ERR!     /github/home/.npm/_logs/2021-08-24T05_10_38_931Z-debug.log
npm WARN deprecated oracledb@3.1.0: Update to node-oracledb 5

> oracledb@3.1.0 install /__w/appoptics-apm-node/appoptics-apm-node/node_modules/oracledb
> node package/install.js

oracledb ********************************************************************************
oracledb ** Node-oracledb 3.1.0 installed for Node.js 10.24.1 (linux, x64)
oracledb **
oracledb ** To use node-oracledb:
oracledb ** - Oracle Client libraries (64-bit) must be configured with ldconfig or LD_LIBRARY_PATH
oracledb ** - To get libraries, install an Instant Client Basic or Basic Light package from
oracledb **   https://www.oracle.com/technetwork/topics/linuxx86-64soft-092277.html
oracledb **
oracledb ** Installation instructions: https://oracle.github.io/node-oracledb/INSTALL.html
oracledb ********************************************************************************

npm WARN optional SKIPPING OPTIONAL DEPENDENCY: fsevents@~2.3.1 (node_modules/chokidar/node_modules/fsevents):
npm WARN notsup SKIPPING OPTIONAL DEPENDENCY: Unsupported platform for fsevents@2.3.2: wanted {"os":"darwin","arch":"any"} (current: {"os":"linux","arch":"x64"})

+ oracledb@3.1.0
added 1 package and audited 939 packages in 3.881s

32 packages are looking for funding
  run `npm fund` for details

found 29 vulnerabilities (6 low, 6 moderate, 15 high, 2 critical)
  run `npm audit fix` to fix them, or `npm audit` for details
2021-08-24T05:10:44.018Z appoptics:debug read config from /__w/appoptics-apm-node/appoptics-apm-node/appoptics-apm-config
2021-08-24T05:10:44.019Z appoptics:debug guc ignoring APPOPTICS_LOG_SETTINGS
2021-08-24T05:10:44.019Z appoptics:debug serviceKey dIOz...wWK0:ao-node-test
2021-08-24T05:10:44.019Z appoptics:debug using context provider: ace-context
2021-08-24T05:10:44.077Z appoptics:debug apm 10.0.1, bindings 11.0.0, oboe 10.1.0
2021-08-24T05:10:44.120Z appoptics:patching patched crypto 
2021-08-24T05:10:44.173Z appoptics:patching patched https 
2021-08-24T05:10:44.173Z appoptics:patching patched http 
2021-08-24T05:10:44.202Z appoptics:patching patched oracledb 3.1.0
2021-08-24T05:10:44.206Z appoptics:debug starting runtimeMetrics


  probes.oracledb 3.1.0
    âœ“ UDP might lose a message
2021-08-24T05:10:44.305Z appoptics:debug asking helper to execute test_basic
2021-08-24T05:10:44.305Z appoptics:debug test_basic being executed
2021-08-24T05:10:44.381Z appoptics:debug done with test_basic oracledb.getConnection
2021-08-24T05:10:44.429Z appoptics:debug test_basic query callback invoked
2021-08-24T05:10:44.431Z appoptics:debug span.exit - no last event outer outer:entry 2b-e814528112662633534b615170157def433781f2-c355ea4075bfae87-01 outer:exit 2b-e814528112662633534b615170157def433781f2-7882e70721b6c40d-01
2021-08-24T05:10:44.431Z appoptics:error Can not set lastEvent. Context may be lost.
    1) should trace execute calls
2021-08-24T05:10:44.458Z appoptics:debug span.exit - no last event outer outer:entry 2b-d2ea31e9cababc836a6a2b78ea908a9f8147e059-d1c42cae83c5bf4e-01 outer:exit 2b-d2ea31e9cababc836a6a2b78ea908a9f8147e059-e2997f1a28aa75a8-01
2021-08-24T05:10:44.458Z appoptics:error Can not set lastEvent. Context may be lost.
    2) should trace execute calls in pool
2021-08-24T05:10:44.481Z appoptics:debug span.exit - no last event outer outer:entry 2b-fc4bb616b9aa70fb73426bdf26a5cb57cf3a5c55-40a721b6f2ea9b2d-01 outer:exit 2b-fc4bb616b9aa70fb73426bdf26a5cb57cf3a5c55-09592d5a9fea390d-01
2021-08-24T05:10:44.481Z appoptics:error Can not set lastEvent. Context may be lost.
    3) should include correct isAutoCommit value


  1 passing (194ms)
  3 failing

  1) probes.oracledb 3.1.0
       should trace execute calls:
     Uncaught AssertionError: expected Object {
  Edge: 'C355EA4075BFAE87',
  Hostname: '2f689e8a59ea',
  Label: 'exit',
  Layer: 'outer',
  TID: 674,
  Timestamp_u: 1629781844432035,
  'X-Trace': '2BE814528112662633534B615170157DEF433781F27882E70721B6C40D01',
  _V: '1'
} to have property Layer of 'oracle' (got 'outer')
      at Assertion.fail (node_modules/should/lib/assertion.js:92:17)
      at Assertion.value [as property] (node_modules/should/lib/assertion.js:164:19)
      at Object.oracle-entry (test/probes/oracledb.test.js:76:23)
      at /__w/appoptics-apm-node/appoptics-apm-node/test/probes/oracledb.test.js:125:31
      at EventEmitter.onMessage (test/helper.js:171:9)
      at Socket.<anonymous> (test/helper.js:112:13)
      at UDP.onMessage [as onmessage] (dgram.js:628:8)

  2) probes.oracledb 3.1.0
       should trace execute calls in pool:
     Uncaught AssertionError: expected Object {
  Edge: 'D1C42CAE83C5BF4E',
  Hostname: '2f689e8a59ea',
  Label: 'exit',
  Layer: 'outer',
  TID: 674,
  Timestamp_u: 1629781844458880,
  'X-Trace': '2BD2EA31E9CABABC836A6A2B78EA908A9F8147E059E2997F1A28AA75A801',
  _V: '1'
} to have property Layer of 'oracle' (got 'outer')
      at Assertion.fail (node_modules/should/lib/assertion.js:92:17)
      at Assertion.value [as property] (node_modules/should/lib/assertion.js:164:19)
      at Object.oracle-entry (test/probes/oracledb.test.js:76:23)
      at /__w/appoptics-apm-node/appoptics-apm-node/test/probes/oracledb.test.js:149:31
      at EventEmitter.onMessage (test/helper.js:171:9)
      at Socket.<anonymous> (test/helper.js:112:13)
      at UDP.onMessage [as onmessage] (dgram.js:628:8)

  3) probes.oracledb 3.1.0
       should include correct isAutoCommit value:
     Uncaught AssertionError: expected Object {
  Edge: '40A721B6F2EA9B2D',
  Hostname: '2f689e8a59ea',
  Label: 'exit',
  Layer: 'outer',
  TID: 674,
  Timestamp_u: 1629781844481740,
  'X-Trace': '2BFC4BB616B9AA70FB73426BDF26A5CB57CF3A5C5509592D5A9FEA390D01',
  _V: '1'
} to have property Layer of 'oracle' (got 'outer')
      at Assertion.fail (node_modules/should/lib/assertion.js:92:17)
      at Assertion.value [as property] (node_modules/should/lib/assertion.js:164:19)
      at Object.oracle-entry (test/probes/oracledb.test.js:76:23)
      at /__w/appoptics-apm-node/appoptics-apm-node/test/probes/oracledb.test.js:188:31
      at EventEmitter.onMessage (test/helper.js:171:9)
      at Socket.<anonymous> (test/helper.js:112:13)
      at UDP.onMessage [as onmessage] (dgram.js:628:8)



npm WARN deprecated oracledb@3.1.1: Update to node-oracledb 5

> oracledb@3.1.1 install /__w/appoptics-apm-node/appoptics-apm-node/node_modules/oracledb
> node package/install.js

oracledb ********************************************************************************
oracledb ** Node-oracledb 3.1.1 installed for Node.js 10.24.1 (linux, x64)
oracledb **
oracledb ** To use node-oracledb:
oracledb ** - Oracle Client libraries (64-bit) must be configured with ldconfig or LD_LIBRARY_PATH
oracledb ** - To get libraries, install an Instant Client Basic or Basic Light package from
oracledb **   https://www.oracle.com/technetwork/topics/linuxx86-64soft-092277.html
oracledb **
oracledb ** Installation instructions: https://oracle.github.io/node-oracledb/INSTALL.html
oracledb ********************************************************************************

npm WARN optional SKIPPING OPTIONAL DEPENDENCY: fsevents@~2.3.1 (node_modules/chokidar/node_modules/fsevents):
npm WARN notsup SKIPPING OPTIONAL DEPENDENCY: Unsupported platform for fsevents@2.3.2: wanted {"os":"darwin","arch":"any"} (current: {"os":"linux","arch":"x64"})

+ oracledb@3.1.1
updated 1 package and audited 939 packages in 4.389s

32 packages are looking for funding
  run `npm fund` for details

found 29 vulnerabilities (6 low, 6 moderate, 15 high, 2 critical)
  run `npm audit fix` to fix them, or `npm audit` for details
2021-08-24T05:10:49.763Z appoptics:debug read config from /__w/appoptics-apm-node/appoptics-apm-node/appoptics-apm-config
2021-08-24T05:10:49.764Z appoptics:debug guc ignoring APPOPTICS_LOG_SETTINGS
2021-08-24T05:10:49.764Z appoptics:debug serviceKey dIOz...wWK0:ao-node-test
2021-08-24T05:10:49.765Z appoptics:debug using context provider: ace-context
2021-08-24T05:10:49.821Z appoptics:debug apm 10.0.1, bindings 11.0.0, oboe 10.1.0
2021-08-24T05:10:49.860Z appoptics:patching patched crypto 
2021-08-24T05:10:49.885Z appoptics:patching patched https 
2021-08-24T05:10:49.886Z appoptics:patching patched http 
2021-08-24T05:10:49.914Z appoptics:patching patched oracledb 3.1.1
2021-08-24T05:10:49.918Z appoptics:debug starting runtimeMetrics


  probes.oracledb 3.1.1
    âœ“ UDP might lose a message
2021-08-24T05:10:50.010Z appoptics:debug asking helper to execute test_basic
2021-08-24T05:10:50.010Z appoptics:debug test_basic being executed
2021-08-24T05:10:50.018Z appoptics:debug done with test_basic oracledb.getConnection
2021-08-24T05:10:50.039Z appoptics:debug test_basic query callback invoked
2021-08-24T05:10:50.041Z appoptics:debug span.exit - no last event outer outer:entry 2b-dd6d95a0df6702f09bb06efb499300d339087776-7a760b8b003eaf58-01 outer:exit 2b-dd6d95a0df6702f09bb06efb499300d339087776-402e878582139967-01
2021-08-24T05:10:50.041Z appoptics:error Can not set lastEvent. Context may be lost.
    1) should trace execute calls
2021-08-24T05:10:50.063Z appoptics:debug span.exit - no last event outer outer:entry 2b-c4e6fb01e493644479c9866d1f97c422a99986ba-2336f9ff9ce14f7a-01 outer:exit 2b-c4e6fb01e493644479c9866d1f97c422a99986ba-32b44b522dbfbce8-01
2021-08-24T05:10:50.064Z appoptics:error Can not set lastEvent. Context may be lost.
    2) should trace execute calls in pool
2021-08-24T05:10:50.087Z appoptics:debug span.exit - no last event outer outer:entry 2b-36fb57b78b1a8ae80baa8fd067329b9fef2e0a64-e69e03264beee4eb-01 outer:exit 2b-36fb57b78b1a8ae80baa8fd067329b9fef2e0a64-d43809436f039026-01
2021-08-24T05:10:50.087Z appoptics:error Can not set lastEvent. Context may be lost.
    3) should include correct isAutoCommit value


  1 passing (96ms)
  3 failing

  1) probes.oracledb 3.1.1
       should trace execute calls:
     Uncaught AssertionError: expected Object {
  Edge: '7A760B8B003EAF58',
  Hostname: '2f689e8a59ea',
  Label: 'exit',
  Layer: 'outer',
  TID: 706,
  Timestamp_u: 1629781850041185,
  'X-Trace': '2BDD6D95A0DF6702F09BB06EFB499300D339087776402E87858213996701',
  _V: '1'
} to have property Layer of 'oracle' (got 'outer')
      at Assertion.fail (node_modules/should/lib/assertion.js:92:17)
      at Assertion.value [as property] (node_modules/should/lib/assertion.js:164:19)
      at Object.oracle-entry (test/probes/oracledb.test.js:76:23)
      at /__w/appoptics-apm-node/appoptics-apm-node/test/probes/oracledb.test.js:125:31
      at EventEmitter.onMessage (test/helper.js:171:9)
      at Socket.<anonymous> (test/helper.js:112:13)
      at UDP.onMessage [as onmessage] (dgram.js:628:8)

  2) probes.oracledb 3.1.1
       should trace execute calls in pool:
     Uncaught AssertionError: expected Object {
  Edge: '2336F9FF9CE14F7A',
  Hostname: '2f689e8a59ea',
  Label: 'exit',
  Layer: 'outer',
  TID: 706,
  Timestamp_u: 1629781850064103,
  'X-Trace': '2BC4E6FB01E493644479C9866D1F97C422A99986BA32B44B522DBFBCE801',
  _V: '1'
} to have property Layer of 'oracle' (got 'outer')
      at Assertion.fail (node_modules/should/lib/assertion.js:92:17)
      at Assertion.value [as property] (node_modules/should/lib/assertion.js:164:19)
      at Object.oracle-entry (test/probes/oracledb.test.js:76:23)
      at /__w/appoptics-apm-node/appoptics-apm-node/test/probes/oracledb.test.js:149:31
      at EventEmitter.onMessage (test/helper.js:171:9)
      at Socket.<anonymous> (test/helper.js:112:13)
      at UDP.onMessage [as onmessage] (dgram.js:628:8)

  3) probes.oracledb 3.1.1
       should include correct isAutoCommit value:
     Uncaught AssertionError: expected Object {
  Edge: 'E69E03264BEEE4EB',
  Hostname: '2f689e8a59ea',
  Label: 'exit',
  Layer: 'outer',
  TID: 706,
  Timestamp_u: 1629781850087309,
  'X-Trace': '2B36FB57B78B1A8AE80BAA8FD067329B9FEF2E0A64D43809436F03902601',
  _V: '1'
} to have property Layer of 'oracle' (got 'outer')
      at Assertion.fail (node_modules/should/lib/assertion.js:92:17)
      at Assertion.value [as property] (node_modules/should/lib/assertion.js:164:19)
      at Object.oracle-entry (test/probes/oracledb.test.js:76:23)
      at /__w/appoptics-apm-node/appoptics-apm-node/test/probes/oracledb.test.js:188:31
      at EventEmitter.onMessage (test/helper.js:171:9)
      at Socket.<anonymous> (test/helper.js:112:13)
      at UDP.onMessage [as onmessage] (dgram.js:628:8)



npm WARN deprecated oracledb@3.1.2: Update to node-oracledb 5

> oracledb@3.1.2 install /__w/appoptics-apm-node/appoptics-apm-node/node_modules/oracledb
> node package/install.js

oracledb ********************************************************************************
oracledb ** Node-oracledb 3.1.2 installed for Node.js 10.24.1 (linux, x64)
oracledb **
oracledb ** To use node-oracledb:
oracledb ** - Oracle Client libraries (64-bit) must be configured with ldconfig or LD_LIBRARY_PATH
oracledb ** - To get libraries, install an Instant Client Basic or Basic Light package from
oracledb **   https://www.oracle.com/technetwork/topics/linuxx86-64soft-092277.html
oracledb **
oracledb ** Installation instructions: https://oracle.github.io/node-oracledb/INSTALL.html
oracledb ********************************************************************************

npm WARN optional SKIPPING OPTIONAL DEPENDENCY: fsevents@~2.3.1 (node_modules/chokidar/node_modules/fsevents):
npm WARN notsup SKIPPING OPTIONAL DEPENDENCY: Unsupported platform for fsevents@2.3.2: wanted {"os":"darwin","arch":"any"} (current: {"os":"linux","arch":"x64"})

+ oracledb@3.1.2
updated 1 package and audited 939 packages in 4.352s

32 packages are looking for funding
  run `npm fund` for details

found 29 vulnerabilities (6 low, 6 moderate, 15 high, 2 critical)
  run `npm audit fix` to fix them, or `npm audit` for details
2021-08-24T05:10:55.327Z appoptics:debug read config from /__w/appoptics-apm-node/appoptics-apm-node/appoptics-apm-config
2021-08-24T05:10:55.328Z appoptics:debug guc ignoring APPOPTICS_LOG_SETTINGS
2021-08-24T05:10:55.328Z appoptics:debug serviceKey dIOz...wWK0:ao-node-test
2021-08-24T05:10:55.329Z appoptics:debug using context provider: ace-context
2021-08-24T05:10:55.385Z appoptics:debug apm 10.0.1, bindings 11.0.0, oboe 10.1.0
2021-08-24T05:10:55.425Z appoptics:patching patched crypto 
2021-08-24T05:10:55.451Z appoptics:patching patched https 
2021-08-24T05:10:55.452Z appoptics:patching patched http 
2021-08-24T05:10:55.480Z appoptics:patching patched oracledb 3.1.2
2021-08-24T05:10:55.487Z appoptics:debug starting runtimeMetrics


  probes.oracledb 3.1.2
    âœ“ UDP might lose a message
2021-08-24T05:10:55.572Z appoptics:debug asking helper to execute test_basic
2021-08-24T05:10:55.572Z appoptics:debug test_basic being executed
2021-08-24T05:10:55.580Z appoptics:debug done with test_basic oracledb.getConnection
2021-08-24T05:10:55.601Z appoptics:debug test_basic query callback invoked
2021-08-24T05:10:55.603Z appoptics:debug span.exit - no last event outer outer:entry 2b-471d6de29de28abf732b3d9cc662b92e755568f0-7c9fa74b803b6de6-01 outer:exit 2b-471d6de29de28abf732b3d9cc662b92e755568f0-e181c883d05419fb-01
2021-08-24T05:10:55.603Z appoptics:error Can not set lastEvent. Context may be lost.
    1) should trace execute calls
2021-08-24T05:10:55.626Z appoptics:debug span.exit - no last event outer outer:entry 2b-7b949bbcccf6938f81733665bc00d71f462a2b58-36ff71416c46e536-01 outer:exit 2b-7b949bbcccf6938f81733665bc00d71f462a2b58-a81b1c62d335bc79-01
2021-08-24T05:10:55.627Z appoptics:error Can not set lastEvent. Context may be lost.
    2) should trace execute calls in pool
2021-08-24T05:10:55.646Z appoptics:debug span.exit - no last event outer outer:entry 2b-8429ab057b962f256be10ea4427a63669ce7f87f-c70d0fa2f31e796a-01 outer:exit 2b-8429ab057b962f256be10ea4427a63669ce7f87f-19b54b19f7a36287-01
2021-08-24T05:10:55.646Z appoptics:error Can not set lastEvent. Context may be lost.
    3) should include correct isAutoCommit value


  1 passing (91ms)
  3 failing

  1) probes.oracledb 3.1.2
       should trace execute calls:
     Uncaught AssertionError: expected Object {
  Edge: '7C9FA74B803B6DE6',
  Hostname: '2f689e8a59ea',
  Label: 'exit',
  Layer: 'outer',
  TID: 738,
  Timestamp_u: 1629781855603680,
  'X-Trace': '2B471D6DE29DE28ABF732B3D9CC662B92E755568F0E181C883D05419FB01',
  _V: '1'
} to have property Layer of 'oracle' (got 'outer')
      at Assertion.fail (node_modules/should/lib/assertion.js:92:17)
      at Assertion.value [as property] (node_modules/should/lib/assertion.js:164:19)
      at Object.oracle-entry (test/probes/oracledb.test.js:76:23)
      at /__w/appoptics-apm-node/appoptics-apm-node/test/probes/oracledb.test.js:125:31
      at EventEmitter.onMessage (test/helper.js:171:9)
      at Socket.<anonymous> (test/helper.js:112:13)
      at UDP.onMessage [as onmessage] (dgram.js:628:8)

  2) probes.oracledb 3.1.2
       should trace execute calls in pool:
     Uncaught AssertionError: expected Object {
  Edge: '36FF71416C46E536',
  Hostname: '2f689e8a59ea',
  Label: 'exit',
  Layer: 'outer',
  TID: 738,
  Timestamp_u: 1629781855627091,
  'X-Trace': '2B7B949BBCCCF6938F81733665BC00D71F462A2B58A81B1C62D335BC7901',
  _V: '1'
} to have property Layer of 'oracle' (got 'outer')
      at Assertion.fail (node_modules/should/lib/assertion.js:92:17)
      at Assertion.value [as property] (node_modules/should/lib/assertion.js:164:19)
      at Object.oracle-entry (test/probes/oracledb.test.js:76:23)
      at /__w/appoptics-apm-node/appoptics-apm-node/test/probes/oracledb.test.js:149:31
      at EventEmitter.onMessage (test/helper.js:171:9)
      at Socket.<anonymous> (test/helper.js:112:13)
      at UDP.onMessage [as onmessage] (dgram.js:628:8)

  3) probes.oracledb 3.1.2
       should include correct isAutoCommit value:
     Uncaught AssertionError: expected Object {
  Edge: 'C70D0FA2F31E796A',
  Hostname: '2f689e8a59ea',
  Label: 'exit',
  Layer: 'outer',
  TID: 738,
  Timestamp_u: 1629781855646305,
  'X-Trace': '2B8429AB057B962F256BE10EA4427A63669CE7F87F19B54B19F7A3628701',
  _V: '1'
} to have property Layer of 'oracle' (got 'outer')
      at Assertion.fail (node_modules/should/lib/assertion.js:92:17)
      at Assertion.value [as property] (node_modules/should/lib/assertion.js:164:19)
      at Object.oracle-entry (test/probes/oracledb.test.js:76:23)
      at /__w/appoptics-apm-node/appoptics-apm-node/test/probes/oracledb.test.js:188:31
      at EventEmitter.onMessage (test/helper.js:171:9)
      at Socket.<anonymous> (test/helper.js:112:13)
      at UDP.onMessage [as onmessage] (dgram.js:628:8)




> oracledb@4.0.0 install /__w/appoptics-apm-node/appoptics-apm-node/node_modules/oracledb
> node package/install.js

oracledb ********************************************************************************
oracledb ** Node-oracledb 4.0.0 installed for Node.js 10.24.1 (linux, x64)
oracledb **
oracledb ** To use node-oracledb:
oracledb ** - Oracle Client libraries (64-bit) must be configured with ldconfig or LD_LIBRARY_PATH
oracledb ** - To get libraries, install an Instant Client Basic or Basic Light package from
oracledb **   https://www.oracle.com/technetwork/topics/linuxx86-64soft-092277.html
oracledb **
oracledb ** Installation instructions: https://oracle.github.io/node-oracledb/INSTALL.html
oracledb ********************************************************************************

npm WARN optional SKIPPING OPTIONAL DEPENDENCY: fsevents@~2.3.1 (node_modules/chokidar/node_modules/fsevents):
npm WARN notsup SKIPPING OPTIONAL DEPENDENCY: Unsupported platform for fsevents@2.3.2: wanted {"os":"darwin","arch":"any"} (current: {"os":"linux","arch":"x64"})

+ oracledb@4.0.0
updated 1 package and audited 939 packages in 3.158s

32 packages are looking for funding
  run `npm fund` for details

found 29 vulnerabilities (6 low, 6 moderate, 15 high, 2 critical)
  run `npm audit fix` to fix them, or `npm audit` for details
2021-08-24T05:10:59.740Z appoptics:debug read config from /__w/appoptics-apm-node/appoptics-apm-node/appoptics-apm-config
2021-08-24T05:10:59.741Z appoptics:debug guc ignoring APPOPTICS_LOG_SETTINGS
2021-08-24T05:10:59.741Z appoptics:debug serviceKey dIOz...wWK0:ao-node-test
2021-08-24T05:10:59.742Z appoptics:debug using context provider: ace-context
2021-08-24T05:10:59.798Z appoptics:debug apm 10.0.1, bindings 11.0.0, oboe 10.1.0
2021-08-24T05:10:59.837Z appoptics:patching patched crypto 
2021-08-24T05:10:59.865Z appoptics:patching patched https 
2021-08-24T05:10:59.865Z appoptics:patching patched http 
2021-08-24T05:10:59.894Z appoptics:patching patched oracledb 4.0.0
2021-08-24T05:10:59.897Z appoptics:debug starting runtimeMetrics


  probes.oracledb 4.0.0
    âœ“ UDP might lose a message
2021-08-24T05:10:59.991Z appoptics:debug asking helper to execute test_basic
2021-08-24T05:10:59.992Z appoptics:debug test_basic being executed
2021-08-24T05:10:59.992Z appoptics:debug oracledb wrapping getConnection
2021-08-24T05:10:59.999Z appoptics:debug done with test_basic oracledb.getConnection
2021-08-24T05:11:00.020Z appoptics:debug test_basic query callback invoked
    âœ“ should trace execute calls
2021-08-24T05:11:00.026Z appoptics:debug ORACLEDB wrapping createPool
2021-08-24T05:11:00.027Z appoptics:debug oracledb wrapping getConnection
2021-08-24T05:11:00.102Z appoptics:debug connection.execute() seems to be patched
2021-08-24T05:11:00.102Z appoptics:debug connection.commit() seems to be patched
2021-08-24T05:11:00.102Z appoptics:debug connection.rollback() seems to be patched
2021-08-24T05:11:00.102Z appoptics:debug connection.break() seems to be patched
2021-08-24T05:11:00.102Z appoptics:debug connection.release seems to be patched
    âœ“ should trace execute calls in pool (79ms)
2021-08-24T05:11:00.104Z appoptics:debug oracledb wrapping getConnection
2021-08-24T05:11:00.121Z appoptics:debug connection.execute() seems to be patched
2021-08-24T05:11:00.121Z appoptics:debug connection.commit() seems to be patched
2021-08-24T05:11:00.121Z appoptics:debug connection.rollback() seems to be patched
2021-08-24T05:11:00.121Z appoptics:debug connection.break() seems to be patched
2021-08-24T05:11:00.121Z appoptics:debug connection.release seems to be patched
    âœ“ should include correct isAutoCommit value


  4 passing (152ms)


> oracledb@4.0.1 install /__w/appoptics-apm-node/appoptics-apm-node/node_modules/oracledb
> node package/install.js

oracledb ********************************************************************************
oracledb ** Node-oracledb 4.0.1 installed for Node.js 10.24.1 (linux, x64)
oracledb **
oracledb ** To use node-oracledb:
oracledb ** - Oracle Client libraries (64-bit) must be configured with ldconfig or LD_LIBRARY_PATH
oracledb ** - To get libraries, install an Instant Client Basic or Basic Light package from
oracledb **   https://www.oracle.com/technetwork/topics/linuxx86-64soft-092277.html
oracledb **
oracledb ** Installation instructions: https://oracle.github.io/node-oracledb/INSTALL.html
oracledb ********************************************************************************

npm WARN optional SKIPPING OPTIONAL DEPENDENCY: fsevents@~2.3.1 (node_modules/chokidar/node_modules/fsevents):
npm WARN notsup SKIPPING OPTIONAL DEPENDENCY: Unsupported platform for fsevents@2.3.2: wanted {"os":"darwin","arch":"any"} (current: {"os":"linux","arch":"x64"})

+ oracledb@4.0.1
updated 1 package and audited 939 packages in 3.565s

32 packages are looking for funding
  run `npm fund` for details

found 29 vulnerabilities (6 low, 6 moderate, 15 high, 2 critical)
  run `npm audit fix` to fix them, or `npm audit` for details
2021-08-24T05:11:04.676Z appoptics:debug read config from /__w/appoptics-apm-node/appoptics-apm-node/appoptics-apm-config
2021-08-24T05:11:04.678Z appoptics:debug guc ignoring APPOPTICS_LOG_SETTINGS
2021-08-24T05:11:04.678Z appoptics:debug serviceKey dIOz...wWK0:ao-node-test
2021-08-24T05:11:04.678Z appoptics:debug using context provider: ace-context
2021-08-24T05:11:04.768Z appoptics:debug apm 10.0.1, bindings 11.0.0, oboe 10.1.0
2021-08-24T05:11:04.816Z appoptics:patching patched crypto 
2021-08-24T05:11:04.842Z appoptics:patching patched https 
2021-08-24T05:11:04.842Z appoptics:patching patched http 
2021-08-24T05:11:04.881Z appoptics:patching patched oracledb 4.0.1
2021-08-24T05:11:04.886Z appoptics:debug starting runtimeMetrics


  probes.oracledb 4.0.1
    âœ“ UDP might lose a message
2021-08-24T05:11:05.079Z appoptics:debug asking helper to execute test_basic
2021-08-24T05:11:05.080Z appoptics:debug test_basic being executed
2021-08-24T05:11:05.080Z appoptics:debug oracledb wrapping getConnection
2021-08-24T05:11:05.096Z appoptics:debug done with test_basic oracledb.getConnection
2021-08-24T05:11:05.117Z appoptics:debug test_basic query callback invoked
    âœ“ should trace execute calls (49ms)
2021-08-24T05:11:05.132Z appoptics:debug ORACLEDB wrapping createPool
2021-08-24T05:11:05.134Z appoptics:debug oracledb wrapping getConnection
2021-08-24T05:11:05.152Z appoptics:debug connection.execute() seems to be patched
2021-08-24T05:11:05.152Z appoptics:debug connection.commit() seems to be patched
2021-08-24T05:11:05.152Z appoptics:debug connection.rollback() seems to be patched
2021-08-24T05:11:05.152Z appoptics:debug connection.break() seems to be patched
2021-08-24T05:11:05.152Z appoptics:debug connection.release seems to be patched
    âœ“ should trace execute calls in pool
2021-08-24T05:11:05.155Z appoptics:debug oracledb wrapping getConnection
2021-08-24T05:11:05.171Z appoptics:debug connection.execute() seems to be patched
2021-08-24T05:11:05.171Z appoptics:debug connection.commit() seems to be patched
2021-08-24T05:11:05.171Z appoptics:debug connection.rollback() seems to be patched
2021-08-24T05:11:05.171Z appoptics:debug connection.break() seems to be patched
2021-08-24T05:11:05.171Z appoptics:debug connection.release seems to be patched
    âœ“ should include correct isAutoCommit value


  4 passing (128ms)


> oracledb@4.1.0 install /__w/appoptics-apm-node/appoptics-apm-node/node_modules/oracledb
> node package/install.js

oracledb ********************************************************************************
oracledb ** Node-oracledb 4.1.0 installed for Node.js 10.24.1 (linux, x64)
oracledb **
oracledb ** To use node-oracledb:
oracledb ** - Oracle Client libraries (64-bit) must be configured with ldconfig or LD_LIBRARY_PATH
oracledb ** - To get libraries, install an Instant Client Basic or Basic Light package from
oracledb **   https://www.oracle.com/technetwork/topics/linuxx86-64soft-092277.html
oracledb **
oracledb ** Installation instructions: https://oracle.github.io/node-oracledb/INSTALL.html
oracledb ********************************************************************************

npm WARN optional SKIPPING OPTIONAL DEPENDENCY: fsevents@~2.3.1 (node_modules/chokidar/node_modules/fsevents):
npm WARN notsup SKIPPING OPTIONAL DEPENDENCY: Unsupported platform for fsevents@2.3.2: wanted {"os":"darwin","arch":"any"} (current: {"os":"linux","arch":"x64"})

+ oracledb@4.1.0
updated 1 package and audited 939 packages in 3.172s

32 packages are looking for funding
  run `npm fund` for details

found 29 vulnerabilities (6 low, 6 moderate, 15 high, 2 critical)
  run `npm audit fix` to fix them, or `npm audit` for details
2021-08-24T05:11:09.213Z appoptics:debug read config from /__w/appoptics-apm-node/appoptics-apm-node/appoptics-apm-config
2021-08-24T05:11:09.214Z appoptics:debug guc ignoring APPOPTICS_LOG_SETTINGS
2021-08-24T05:11:09.215Z appoptics:debug serviceKey dIOz...wWK0:ao-node-test
2021-08-24T05:11:09.215Z appoptics:debug using context provider: ace-context
2021-08-24T05:11:09.271Z appoptics:debug apm 10.0.1, bindings 11.0.0, oboe 10.1.0
2021-08-24T05:11:09.311Z appoptics:patching patched crypto 
2021-08-24T05:11:09.337Z appoptics:patching patched https 
2021-08-24T05:11:09.337Z appoptics:patching patched http 
2021-08-24T05:11:09.368Z appoptics:patching patched oracledb 4.1.0
2021-08-24T05:11:09.372Z appoptics:debug starting runtimeMetrics


  probes.oracledb 4.1.0
    âœ“ UDP might lose a message
2021-08-24T05:11:09.478Z appoptics:debug asking helper to execute test_basic
2021-08-24T05:11:09.478Z appoptics:debug test_basic being executed
2021-08-24T05:11:09.478Z appoptics:debug oracledb wrapping getConnection
2021-08-24T05:11:09.486Z appoptics:debug done with test_basic oracledb.getConnection
2021-08-24T05:11:09.508Z appoptics:debug test_basic query callback invoked
    âœ“ should trace execute calls
2021-08-24T05:11:09.515Z appoptics:debug ORACLEDB wrapping createPool
2021-08-24T05:11:09.517Z appoptics:debug oracledb wrapping getConnection
2021-08-24T05:11:09.533Z appoptics:debug connection.execute() seems to be patched
2021-08-24T05:11:09.533Z appoptics:debug connection.commit() seems to be patched
2021-08-24T05:11:09.533Z appoptics:debug connection.rollback() seems to be patched
2021-08-24T05:11:09.533Z appoptics:debug connection.break() seems to be patched
2021-08-24T05:11:09.533Z appoptics:debug connection.release seems to be patched
    âœ“ should trace execute calls in pool
2021-08-24T05:11:09.536Z appoptics:debug oracledb wrapping getConnection
2021-08-24T05:11:09.553Z appoptics:debug connection.execute() seems to be patched
2021-08-24T05:11:09.553Z appoptics:debug connection.commit() seems to be patched
2021-08-24T05:11:09.553Z appoptics:debug connection.rollback() seems to be patched
2021-08-24T05:11:09.553Z appoptics:debug connection.break() seems to be patched
2021-08-24T05:11:09.553Z appoptics:debug connection.release seems to be patched
    âœ“ should include correct isAutoCommit value


  4 passing (97ms)


> oracledb@4.2.0 install /__w/appoptics-apm-node/appoptics-apm-node/node_modules/oracledb
> node package/install.js

oracledb ********************************************************************************
oracledb ** Node-oracledb 4.2.0 installed for Node.js 10.24.1 (linux, x64)
oracledb **
oracledb ** To use node-oracledb:
oracledb ** - Oracle Client libraries (64-bit) must be configured with ldconfig or LD_LIBRARY_PATH
oracledb ** - To get libraries, install an Instant Client Basic or Basic Light package from
oracledb **   https://www.oracle.com/database/technologies/instant-client/linux-x86-64-downloads.html
oracledb **
oracledb ** Installation instructions: https://oracle.github.io/node-oracledb/INSTALL.html
oracledb ********************************************************************************

npm WARN optional SKIPPING OPTIONAL DEPENDENCY: fsevents@~2.3.1 (node_modules/chokidar/node_modules/fsevents):
npm WARN notsup SKIPPING OPTIONAL DEPENDENCY: Unsupported platform for fsevents@2.3.2: wanted {"os":"darwin","arch":"any"} (current: {"os":"linux","arch":"x64"})

+ oracledb@4.2.0
updated 1 package and audited 939 packages in 3.174s

32 packages are looking for funding
  run `npm fund` for details

found 29 vulnerabilities (6 low, 6 moderate, 15 high, 2 critical)
  run `npm audit fix` to fix them, or `npm audit` for details
2021-08-24T05:11:13.723Z appoptics:debug read config from /__w/appoptics-apm-node/appoptics-apm-node/appoptics-apm-config
2021-08-24T05:11:13.724Z appoptics:debug guc ignoring APPOPTICS_LOG_SETTINGS
2021-08-24T05:11:13.724Z appoptics:debug serviceKey dIOz...wWK0:ao-node-test
2021-08-24T05:11:13.725Z appoptics:debug using context provider: ace-context
2021-08-24T05:11:13.809Z appoptics:debug apm 10.0.1, bindings 11.0.0, oboe 10.1.0
2021-08-24T05:11:13.851Z appoptics:patching patched crypto 
2021-08-24T05:11:13.877Z appoptics:patching patched https 
2021-08-24T05:11:13.877Z appoptics:patching patched http 
2021-08-24T05:11:13.913Z appoptics:patching patched oracledb 4.2.0
2021-08-24T05:11:13.918Z appoptics:debug starting runtimeMetrics


  probes.oracledb 4.2.0
    âœ“ UDP might lose a message
2021-08-24T05:11:14.037Z appoptics:debug asking helper to execute test_basic
2021-08-24T05:11:14.038Z appoptics:debug test_basic being executed
2021-08-24T05:11:14.038Z appoptics:debug oracledb wrapping getConnection
2021-08-24T05:11:14.047Z appoptics:debug done with test_basic oracledb.getConnection
2021-08-24T05:11:14.065Z appoptics:debug test_basic query callback invoked
    âœ“ should trace execute calls
2021-08-24T05:11:14.071Z appoptics:debug ORACLEDB wrapping createPool
2021-08-24T05:11:14.074Z appoptics:debug oracledb wrapping getConnection
2021-08-24T05:11:14.090Z appoptics:debug connection.execute() seems to be patched
2021-08-24T05:11:14.090Z appoptics:debug connection.commit() seems to be patched
2021-08-24T05:11:14.090Z appoptics:debug connection.rollback() seems to be patched
2021-08-24T05:11:14.090Z appoptics:debug connection.break() seems to be patched
2021-08-24T05:11:14.090Z appoptics:debug connection.release seems to be patched
    âœ“ should trace execute calls in pool
2021-08-24T05:11:14.093Z appoptics:debug oracledb wrapping getConnection
2021-08-24T05:11:14.110Z appoptics:debug connection.execute() seems to be patched
2021-08-24T05:11:14.110Z appoptics:debug connection.commit() seems to be patched
2021-08-24T05:11:14.110Z appoptics:debug connection.rollback() seems to be patched
2021-08-24T05:11:14.110Z appoptics:debug connection.break() seems to be patched
2021-08-24T05:11:14.110Z appoptics:debug connection.release seems to be patched
    âœ“ should include correct isAutoCommit value


  4 passing (100ms)


> oracledb@5.0.0 install /__w/appoptics-apm-node/appoptics-apm-node/node_modules/oracledb
> node package/install.js

oracledb ********************************************************************************
oracledb ** Node-oracledb 5.0.0 installed for Node.js 10.24.1 (linux, x64)
oracledb **
oracledb ** To use node-oracledb:
oracledb ** - Oracle Client libraries (64-bit) must be available.
oracledb ** - Follow the installation instructions:
oracledb **   https://oracle.github.io/node-oracledb/INSTALL.html#linuxinstall
oracledb ********************************************************************************

npm WARN optional SKIPPING OPTIONAL DEPENDENCY: fsevents@~2.3.1 (node_modules/chokidar/node_modules/fsevents):
npm WARN notsup SKIPPING OPTIONAL DEPENDENCY: Unsupported platform for fsevents@2.3.2: wanted {"os":"darwin","arch":"any"} (current: {"os":"linux","arch":"x64"})

+ oracledb@5.0.0
updated 1 package and audited 939 packages in 3.544s

32 packages are looking for funding
  run `npm fund` for details

found 29 vulnerabilities (6 low, 6 moderate, 15 high, 2 critical)
  run `npm audit fix` to fix them, or `npm audit` for details
2021-08-24T05:11:18.573Z appoptics:debug read config from /__w/appoptics-apm-node/appoptics-apm-node/appoptics-apm-config
2021-08-24T05:11:18.574Z appoptics:debug guc ignoring APPOPTICS_LOG_SETTINGS
2021-08-24T05:11:18.574Z appoptics:debug serviceKey dIOz...wWK0:ao-node-test
2021-08-24T05:11:18.575Z appoptics:debug using context provider: ace-context
2021-08-24T05:11:18.632Z appoptics:debug apm 10.0.1, bindings 11.0.0, oboe 10.1.0
2021-08-24T05:11:18.672Z appoptics:patching patched crypto 
2021-08-24T05:11:18.698Z appoptics:patching patched https 
2021-08-24T05:11:18.698Z appoptics:patching patched http 
2021-08-24T05:11:18.728Z appoptics:patching patched oracledb 5.0.0
2021-08-24T05:11:18.732Z appoptics:debug starting runtimeMetrics


  probes.oracledb 5.0.0
    âœ“ UDP might lose a message
2021-08-24T05:11:18.834Z appoptics:debug asking helper to execute test_basic
2021-08-24T05:11:18.834Z appoptics:debug test_basic being executed
2021-08-24T05:11:18.834Z appoptics:debug oracledb wrapping getConnection
2021-08-24T05:11:18.842Z appoptics:debug done with test_basic oracledb.getConnection
2021-08-24T05:11:18.862Z appoptics:debug test_basic query callback invoked
    âœ“ should trace execute calls
2021-08-24T05:11:18.867Z appoptics:debug ORACLEDB wrapping createPool
2021-08-24T05:11:18.869Z appoptics:debug oracledb wrapping getConnection
2021-08-24T05:11:18.884Z appoptics:debug connection.execute() seems to be patched
2021-08-24T05:11:18.884Z appoptics:debug connection.commit() seems to be patched
2021-08-24T05:11:18.884Z appoptics:debug connection.rollback() seems to be patched
2021-08-24T05:11:18.884Z appoptics:debug connection.break() seems to be patched
2021-08-24T05:11:18.884Z appoptics:debug connection.release seems to be patched
    âœ“ should trace execute calls in pool
2021-08-24T05:11:18.887Z appoptics:debug oracledb wrapping getConnection
2021-08-24T05:11:18.903Z appoptics:debug connection.execute() seems to be patched
2021-08-24T05:11:18.903Z appoptics:debug connection.commit() seems to be patched
2021-08-24T05:11:18.903Z appoptics:debug connection.rollback() seems to be patched
2021-08-24T05:11:18.903Z appoptics:debug connection.break() seems to be patched
2021-08-24T05:11:18.903Z appoptics:debug connection.release seems to be patched
    âœ“ should include correct isAutoCommit value


  4 passing (94ms)


> oracledb@5.1.0 install /__w/appoptics-apm-node/appoptics-apm-node/node_modules/oracledb
> node package/install.js

oracledb ********************************************************************************
oracledb ** Node-oracledb 5.1.0 installed for Node.js 10.24.1 (linux, x64)
oracledb **
oracledb ** To use node-oracledb:
oracledb ** - Oracle Client libraries (64-bit) must be available.
oracledb ** - Follow the installation instructions:
oracledb **   https://oracle.github.io/node-oracledb/INSTALL.html#linuxinstall
oracledb ********************************************************************************

npm WARN optional SKIPPING OPTIONAL DEPENDENCY: fsevents@~2.3.1 (node_modules/chokidar/node_modules/fsevents):
npm WARN notsup SKIPPING OPTIONAL DEPENDENCY: Unsupported platform for fsevents@2.3.2: wanted {"os":"darwin","arch":"any"} (current: {"os":"linux","arch":"x64"})

+ oracledb@5.1.0
updated 1 package and audited 939 packages in 3.226s

32 packages are looking for funding
  run `npm fund` for details

found 29 vulnerabilities (6 low, 6 moderate, 15 high, 2 critical)
  run `npm audit fix` to fix them, or `npm audit` for details
2021-08-24T05:11:23.010Z appoptics:debug read config from /__w/appoptics-apm-node/appoptics-apm-node/appoptics-apm-config
2021-08-24T05:11:23.012Z appoptics:debug guc ignoring APPOPTICS_LOG_SETTINGS
2021-08-24T05:11:23.012Z appoptics:debug serviceKey dIOz...wWK0:ao-node-test
2021-08-24T05:11:23.012Z appoptics:debug using context provider: ace-context
2021-08-24T05:11:23.070Z appoptics:debug apm 10.0.1, bindings 11.0.0, oboe 10.1.0
2021-08-24T05:11:23.109Z appoptics:patching patched crypto 
2021-08-24T05:11:23.134Z appoptics:patching patched https 
2021-08-24T05:11:23.135Z appoptics:patching patched http 
2021-08-24T05:11:23.166Z appoptics:patching patched oracledb 5.1.0
2021-08-24T05:11:23.170Z appoptics:debug starting runtimeMetrics


  probes.oracledb 5.1.0
    âœ“ UDP might lose a message
2021-08-24T05:11:23.269Z appoptics:debug asking helper to execute test_basic
2021-08-24T05:11:23.269Z appoptics:debug test_basic being executed
2021-08-24T05:11:23.269Z appoptics:debug oracledb wrapping getConnection
2021-08-24T05:11:23.277Z appoptics:debug done with test_basic oracledb.getConnection
2021-08-24T05:11:23.297Z appoptics:debug test_basic query callback invoked
    âœ“ should trace execute calls
2021-08-24T05:11:23.302Z appoptics:debug ORACLEDB wrapping createPool
2021-08-24T05:11:23.303Z appoptics:debug oracledb wrapping getConnection
2021-08-24T05:11:23.319Z appoptics:debug connection.execute() seems to be patched
2021-08-24T05:11:23.319Z appoptics:debug connection.commit() seems to be patched
2021-08-24T05:11:23.319Z appoptics:debug connection.rollback() seems to be patched
2021-08-24T05:11:23.319Z appoptics:debug connection.break() seems to be patched
2021-08-24T05:11:23.319Z appoptics:debug connection.release seems to be patched
    âœ“ should trace execute calls in pool
2021-08-24T05:11:23.322Z appoptics:debug oracledb wrapping getConnection
2021-08-24T05:11:23.337Z appoptics:debug connection.execute() seems to be patched
2021-08-24T05:11:23.337Z appoptics:debug connection.commit() seems to be patched
2021-08-24T05:11:23.337Z appoptics:debug connection.rollback() seems to be patched
2021-08-24T05:11:23.337Z appoptics:debug connection.break() seems to be patched
2021-08-24T05:11:23.337Z appoptics:debug connection.release seems to be patched
    âœ“ should include correct isAutoCommit value


  4 passing (92ms)


> oracledb@5.2.0 install /__w/appoptics-apm-node/appoptics-apm-node/node_modules/oracledb
> node package/install.js

oracledb ********************************************************************************
oracledb ** Node-oracledb 5.2.0 installed in Node.js 10.24.1 (linux, x64)
oracledb **
oracledb ** To use node-oracledb:
oracledb ** - Oracle Client libraries (64-bit) must be available.
oracledb ** - Follow the installation instructions:
oracledb **   https://oracle.github.io/node-oracledb/INSTALL.html#linuxinstall
oracledb ********************************************************************************

npm WARN optional SKIPPING OPTIONAL DEPENDENCY: fsevents@~2.3.1 (node_modules/chokidar/node_modules/fsevents):
npm WARN notsup SKIPPING OPTIONAL DEPENDENCY: Unsupported platform for fsevents@2.3.2: wanted {"os":"darwin","arch":"any"} (current: {"os":"linux","arch":"x64"})

+ oracledb@5.2.0
updated 1 package and audited 939 packages in 3.28s

32 packages are looking for funding
  run `npm fund` for details

found 29 vulnerabilities (6 low, 6 moderate, 15 high, 2 critical)
  run `npm audit fix` to fix them, or `npm audit` for details
2021-08-24T05:11:27.573Z appoptics:debug read config from /__w/appoptics-apm-node/appoptics-apm-node/appoptics-apm-config
2021-08-24T05:11:27.574Z appoptics:debug guc ignoring APPOPTICS_LOG_SETTINGS
2021-08-24T05:11:27.575Z appoptics:debug serviceKey dIOz...wWK0:ao-node-test
2021-08-24T05:11:27.575Z appoptics:debug using context provider: ace-context
2021-08-24T05:11:27.655Z appoptics:debug apm 10.0.1, bindings 11.0.0, oboe 10.1.0
2021-08-24T05:11:27.708Z appoptics:patching patched crypto 
2021-08-24T05:11:27.762Z appoptics:patching patched https 
2021-08-24T05:11:27.766Z appoptics:patching patched http 
2021-08-24T05:11:27.848Z appoptics:patching patched oracledb 5.2.0
2021-08-24T05:11:27.854Z appoptics:debug starting runtimeMetrics


  probes.oracledb 5.2.0
    âœ“ UDP might lose a message
2021-08-24T05:11:28.009Z appoptics:debug asking helper to execute test_basic
2021-08-24T05:11:28.010Z appoptics:debug test_basic being executed
2021-08-24T05:11:28.010Z appoptics:debug oracledb wrapping getConnection
2021-08-24T05:11:28.031Z appoptics:debug done with test_basic oracledb.getConnection
2021-08-24T05:11:28.052Z appoptics:debug test_basic query callback invoked
    âœ“ should trace execute calls (48ms)
2021-08-24T05:11:28.059Z appoptics:debug ORACLEDB wrapping createPool
2021-08-24T05:11:28.063Z appoptics:debug oracledb wrapping getConnection
2021-08-24T05:11:28.080Z appoptics:debug connection.execute() seems to be patched
2021-08-24T05:11:28.080Z appoptics:debug connection.commit() seems to be patched
2021-08-24T05:11:28.080Z appoptics:debug connection.rollback() seems to be patched
2021-08-24T05:11:28.080Z appoptics:debug connection.break() seems to be patched
2021-08-24T05:11:28.080Z appoptics:debug connection.release seems to be patched
    âœ“ should trace execute calls in pool
2021-08-24T05:11:28.083Z appoptics:debug oracledb wrapping getConnection
2021-08-24T05:11:28.100Z appoptics:debug connection.execute() seems to be patched
2021-08-24T05:11:28.100Z appoptics:debug connection.commit() seems to be patched
2021-08-24T05:11:28.100Z appoptics:debug connection.rollback() seems to be patched
2021-08-24T05:11:28.100Z appoptics:debug connection.break() seems to be patched
2021-08-24T05:11:28.100Z appoptics:debug connection.release seems to be patched
    âœ“ should include correct isAutoCommit value


  4 passing (123ms)


> oracledb@5.2.0 install /__w/appoptics-apm-node/appoptics-apm-node/node_modules/oracledb
> node package/install.js

oracledb ********************************************************************************
oracledb ** Node-oracledb 5.2.0 installed in Node.js 10.24.1 (linux, x64)
oracledb **
oracledb ** To use node-oracledb:
oracledb ** - Oracle Client libraries (64-bit) must be available.
oracledb ** - Follow the installation instructions:
oracledb **   https://oracle.github.io/node-oracledb/INSTALL.html#linuxinstall
oracledb ********************************************************************************

npm WARN optional SKIPPING OPTIONAL DEPENDENCY: fsevents@~2.3.1 (node_modules/chokidar/node_modules/fsevents):
npm WARN notsup SKIPPING OPTIONAL DEPENDENCY: Unsupported platform for fsevents@2.3.2: wanted {"os":"darwin","arch":"any"} (current: {"os":"linux","arch":"x64"})

+ oracledb@5.2.0
updated 1 package and audited 939 packages in 3.25s

32 packages are looking for funding
  run `npm fund` for details

found 29 vulnerabilities (6 low, 6 moderate, 15 high, 2 critical)
  run `npm audit fix` to fix them, or `npm audit` for details
