npm WARN deprecated oracledb@2.0.14: Update to node-oracledb 5

> oracledb@2.0.14 install /__w/appoptics-apm-node/appoptics-apm-node/node_modules/oracledb
> node package/oracledbinstall.js

oracledb Beginning installation
oracledb Verifying installation
oracledb Binary not found
oracledb Continuing installation
oracledb [31mERR![0m NJS-054: Binary build/Release/oracledb.node was not installed from oracledb-v2.0.14-node-v72-linux-x64.gz
oracledb [31mERR![0m EACCES: permission denied, mkdir 'build'
oracledb [31mERR![0m If the error is not network or filesystem related, then review 
oracledb [31mERR![0m the Python 2.7 and compiler prerequisites in the installation instructions and
oracledb [31mERR![0m then install from source code with: npm install oracle/node-oracledb.git#v2.0.14
oracledb [31mERR![0m See https://github.com/oracle/node-oracledb/blob/master/INSTALL.md 

npm WARN optional SKIPPING OPTIONAL DEPENDENCY: fsevents@~2.3.1 (node_modules/chokidar/node_modules/fsevents):
npm WARN notsup SKIPPING OPTIONAL DEPENDENCY: Unsupported platform for fsevents@2.3.2: wanted {"os":"darwin","arch":"any"} (current: {"os":"linux","arch":"x64"})

npm ERR! code ELIFECYCLE
npm ERR! errno 87
npm ERR! oracledb@2.0.14 install: `node package/oracledbinstall.js`
npm ERR! Exit status 87
npm ERR! 
npm ERR! Failed at the oracledb@2.0.14 install script.
npm ERR! This is probably not a problem with npm. There is likely additional logging output above.

npm ERR! A complete log of this run can be found in:
npm ERR!     /github/home/.npm/_logs/2021-09-13T19_03_51_826Z-debug.log
npm WARN deprecated oracledb@2.0.15: Update to node-oracledb 5

> oracledb@2.0.15 install /__w/appoptics-apm-node/appoptics-apm-node/node_modules/oracledb
> node package/oracledbinstall.js

oracledb Beginning installation
oracledb Verifying installation
oracledb Binary not found
oracledb Continuing installation
oracledb [31mERR![0m NJS-054: Binary build/Release/oracledb.node was not installed from oracledb-v2.0.15-node-v72-linux-x64.gz
oracledb [31mERR![0m EACCES: permission denied, mkdir 'build'
oracledb [31mERR![0m If the error is not network or filesystem related, then review 
oracledb [31mERR![0m the Python 2.7 and compiler prerequisites in the installation instructions and
oracledb [31mERR![0m then install from source code with: npm install oracle/node-oracledb.git#v2.0.15
oracledb [31mERR![0m See https://github.com/oracle/node-oracledb/blob/master/INSTALL.md 

npm WARN optional SKIPPING OPTIONAL DEPENDENCY: fsevents@~2.3.1 (node_modules/chokidar/node_modules/fsevents):
npm WARN notsup SKIPPING OPTIONAL DEPENDENCY: Unsupported platform for fsevents@2.3.2: wanted {"os":"darwin","arch":"any"} (current: {"os":"linux","arch":"x64"})

npm ERR! code ELIFECYCLE
npm ERR! errno 87
npm ERR! oracledb@2.0.15 install: `node package/oracledbinstall.js`
npm ERR! Exit status 87
npm ERR! 
npm ERR! Failed at the oracledb@2.0.15 install script.
npm ERR! This is probably not a problem with npm. There is likely additional logging output above.

npm ERR! A complete log of this run can be found in:
npm ERR!     /github/home/.npm/_logs/2021-09-13T19_03_58_162Z-debug.log
npm WARN deprecated oracledb@2.1.0: Update to node-oracledb 5

> oracledb@2.1.0 install /__w/appoptics-apm-node/appoptics-apm-node/node_modules/oracledb
> node package/oracledbinstall.js

oracledb Beginning installation
oracledb Verifying installation
oracledb Binary not found
oracledb Continuing installation
oracledb [31mERR![0m NJS-054: Binary build/Release/oracledb.node was not installed from oracledb-v2.1.0-node-v72-linux-x64.gz
oracledb [31mERR![0m EACCES: permission denied, mkdir 'build'
oracledb [31mERR![0m If the error is not network or filesystem related, then review 
oracledb [31mERR![0m the Python 2.7 and compiler prerequisites in the installation instructions and
oracledb [31mERR![0m then install from source code with: npm install oracle/node-oracledb.git#v2.1.0
oracledb [31mERR![0m See https://github.com/oracle/node-oracledb/blob/master/INSTALL.md 

npm WARN optional SKIPPING OPTIONAL DEPENDENCY: fsevents@~2.3.1 (node_modules/chokidar/node_modules/fsevents):
npm WARN notsup SKIPPING OPTIONAL DEPENDENCY: Unsupported platform for fsevents@2.3.2: wanted {"os":"darwin","arch":"any"} (current: {"os":"linux","arch":"x64"})

npm ERR! code ELIFECYCLE
npm ERR! errno 87
npm ERR! oracledb@2.1.0 install: `node package/oracledbinstall.js`
npm ERR! Exit status 87
npm ERR! 
npm ERR! Failed at the oracledb@2.1.0 install script.
npm ERR! This is probably not a problem with npm. There is likely additional logging output above.

npm ERR! A complete log of this run can be found in:
npm ERR!     /github/home/.npm/_logs/2021-09-13T19_04_03_322Z-debug.log
npm WARN deprecated oracledb@2.1.1: Update to node-oracledb 5

> oracledb@2.1.1 install /__w/appoptics-apm-node/appoptics-apm-node/node_modules/oracledb
> node package/oracledbinstall.js

oracledb Beginning installation
oracledb Verifying installation
oracledb Binary not found
oracledb Continuing installation
oracledb [31mERR![0m NJS-054: Binary build/Release/oracledb.node was not installed from oracledb-v2.1.1-node-v72-linux-x64.gz
oracledb [31mERR![0m EACCES: permission denied, mkdir 'build'
oracledb [31mERR![0m If the error is not network or filesystem related, then review 
oracledb [31mERR![0m the Python 2.7 and compiler prerequisites in the installation instructions and
oracledb [31mERR![0m then install from source code with: npm install oracle/node-oracledb.git#v2.1.1
oracledb [31mERR![0m See https://github.com/oracle/node-oracledb/blob/master/INSTALL.md 

npm WARN optional SKIPPING OPTIONAL DEPENDENCY: fsevents@~2.3.1 (node_modules/chokidar/node_modules/fsevents):
npm WARN notsup SKIPPING OPTIONAL DEPENDENCY: Unsupported platform for fsevents@2.3.2: wanted {"os":"darwin","arch":"any"} (current: {"os":"linux","arch":"x64"})

npm ERR! code ELIFECYCLE
npm ERR! errno 87
npm ERR! oracledb@2.1.1 install: `node package/oracledbinstall.js`
npm ERR! Exit status 87
npm ERR! 
npm ERR! Failed at the oracledb@2.1.1 install script.
npm ERR! This is probably not a problem with npm. There is likely additional logging output above.

npm ERR! A complete log of this run can be found in:
npm ERR!     /github/home/.npm/_logs/2021-09-13T19_04_09_382Z-debug.log
npm WARN deprecated oracledb@2.1.2: Update to node-oracledb 5

> oracledb@2.1.2 install /__w/appoptics-apm-node/appoptics-apm-node/node_modules/oracledb
> node package/oracledbinstall.js

oracledb Beginning installation
oracledb Verifying installation
oracledb Binary not found
oracledb Continuing installation
oracledb [31mERR![0m NJS-054: Binary build/Release/oracledb.node was not installed from oracledb-v2.1.2-node-v72-linux-x64.gz
oracledb [31mERR![0m EACCES: permission denied, mkdir 'build'
oracledb [31mERR![0m If the error is not network or filesystem related, then review 
oracledb [31mERR![0m the Python 2.7 and compiler prerequisites in the installation instructions and
oracledb [31mERR![0m then install from source code with: npm install oracle/node-oracledb.git#v2.1.2
oracledb [31mERR![0m See https://github.com/oracle/node-oracledb/blob/master/INSTALL.md 

npm WARN optional SKIPPING OPTIONAL DEPENDENCY: fsevents@~2.3.1 (node_modules/chokidar/node_modules/fsevents):
npm WARN notsup SKIPPING OPTIONAL DEPENDENCY: Unsupported platform for fsevents@2.3.2: wanted {"os":"darwin","arch":"any"} (current: {"os":"linux","arch":"x64"})

npm ERR! code ELIFECYCLE
npm ERR! errno 87
npm ERR! oracledb@2.1.2 install: `node package/oracledbinstall.js`
npm ERR! Exit status 87
npm ERR! 
npm ERR! Failed at the oracledb@2.1.2 install script.
npm ERR! This is probably not a problem with npm. There is likely additional logging output above.

npm ERR! A complete log of this run can be found in:
npm ERR!     /github/home/.npm/_logs/2021-09-13T19_04_14_614Z-debug.log
npm WARN deprecated oracledb@2.2.0: Update to node-oracledb 5

> oracledb@2.2.0 install /__w/appoptics-apm-node/appoptics-apm-node/node_modules/oracledb
> node package/oracledbinstall.js

oracledb Beginning installation
oracledb Verifying installation
oracledb Continuing installation
oracledb [31mERR![0m NJS-054: Binary build/Release/oracledb.node was not installed.
oracledb [31mERR![0m Pre-built binary packages are not available for this version of Node.js (NODE_MODULE_VERSION="72")
oracledb [31mERR![0m Failed to install binary package oracledb-v2.2.0-node-v72-linux-x64.gz
oracledb [31mERR![0m EACCES: permission denied, mkdir 'build'
oracledb [31mERR![0m For help see https://oracle.github.io/node-oracledb/INSTALL.html#troubleshooting

npm WARN optional SKIPPING OPTIONAL DEPENDENCY: fsevents@~2.3.1 (node_modules/chokidar/node_modules/fsevents):
npm WARN notsup SKIPPING OPTIONAL DEPENDENCY: Unsupported platform for fsevents@2.3.2: wanted {"os":"darwin","arch":"any"} (current: {"os":"linux","arch":"x64"})

npm ERR! code ELIFECYCLE
npm ERR! errno 87
npm ERR! oracledb@2.2.0 install: `node package/oracledbinstall.js`
npm ERR! Exit status 87
npm ERR! 
npm ERR! Failed at the oracledb@2.2.0 install script.
npm ERR! This is probably not a problem with npm. There is likely additional logging output above.

npm ERR! A complete log of this run can be found in:
npm ERR!     /github/home/.npm/_logs/2021-09-13T19_04_20_766Z-debug.log
npm WARN deprecated oracledb@2.3.0: Update to node-oracledb 5

> oracledb@2.3.0 install /__w/appoptics-apm-node/appoptics-apm-node/node_modules/oracledb
> node package/oracledbinstall.js

oracledb Beginning installation
oracledb Verifying installation
oracledb Continuing installation
oracledb [31mERR![0m NJS-054: Binary build/Release/oracledb.node was not installed.
oracledb [31mERR![0m Pre-built binary packages are not available for this version of Node.js (NODE_MODULE_VERSION="72")
oracledb [31mERR![0m Failed to install binary package oracledb-v2.3.0-node-v72-linux-x64.gz
oracledb [31mERR![0m EACCES: permission denied, mkdir 'build'
oracledb [31mERR![0m For help see https://oracle.github.io/node-oracledb/INSTALL.html#troubleshooting

npm WARN optional SKIPPING OPTIONAL DEPENDENCY: fsevents@~2.3.1 (node_modules/chokidar/node_modules/fsevents):
npm WARN notsup SKIPPING OPTIONAL DEPENDENCY: Unsupported platform for fsevents@2.3.2: wanted {"os":"darwin","arch":"any"} (current: {"os":"linux","arch":"x64"})

npm ERR! code ELIFECYCLE
npm ERR! errno 87
npm ERR! oracledb@2.3.0 install: `node package/oracledbinstall.js`
npm ERR! Exit status 87
npm ERR! 
npm ERR! Failed at the oracledb@2.3.0 install script.
npm ERR! This is probably not a problem with npm. There is likely additional logging output above.

npm ERR! A complete log of this run can be found in:
npm ERR!     /github/home/.npm/_logs/2021-09-13T19_04_26_088Z-debug.log
npm WARN deprecated oracledb@3.0.0: Update to node-oracledb 5

> oracledb@3.0.0 install /__w/appoptics-apm-node/appoptics-apm-node/node_modules/oracledb
> node package/oracledbinstall.js

oracledb Beginning installation
oracledb Verifying installation
oracledb Continuing installation
oracledb [31mERR![0m NJS-054: Binary build/Release/oracledb.node was not installed.
oracledb [31mERR![0m Pre-built binary packages are not available for this version of Node.js (NODE_MODULE_VERSION="72")
oracledb [31mERR![0m Failed to install binary package oracledb-v3.0.0-node-abi72-linux-x64.gz
oracledb [31mERR![0m EACCES: permission denied, mkdir 'build'
oracledb [31mERR![0m For help see https://oracle.github.io/node-oracledb/INSTALL.html#troubleshooting

npm WARN optional SKIPPING OPTIONAL DEPENDENCY: fsevents@~2.3.1 (node_modules/chokidar/node_modules/fsevents):
npm WARN notsup SKIPPING OPTIONAL DEPENDENCY: Unsupported platform for fsevents@2.3.2: wanted {"os":"darwin","arch":"any"} (current: {"os":"linux","arch":"x64"})

npm ERR! code ELIFECYCLE
npm ERR! errno 87
npm ERR! oracledb@3.0.0 install: `node package/oracledbinstall.js`
npm ERR! Exit status 87
npm ERR! 
npm ERR! Failed at the oracledb@3.0.0 install script.
npm ERR! This is probably not a problem with npm. There is likely additional logging output above.

npm ERR! A complete log of this run can be found in:
npm ERR!     /github/home/.npm/_logs/2021-09-13T19_04_31_941Z-debug.log
npm WARN deprecated oracledb@3.0.1: Update to node-oracledb 5

> oracledb@3.0.1 install /__w/appoptics-apm-node/appoptics-apm-node/node_modules/oracledb
> node package/oracledbinstall.js

oracledb Beginning installation
oracledb [31mERR![0m NJS-054: Binary build/Release/oracledb.node was not installed.
oracledb [31mERR![0m Pre-built binary packages are not available for Node.js v12.22.6 (NODE_MODULE_VERSION="72")
oracledb [31mERR![0m Failed to install binary package oracledb-v3.0.1-node-abi72-linux-x64.gz
oracledb [31mERR![0m EACCES: permission denied, mkdir 'build'
oracledb [31mERR![0m For help see https://oracle.github.io/node-oracledb/INSTALL.html#troubleshooting

npm WARN optional SKIPPING OPTIONAL DEPENDENCY: fsevents@~2.3.1 (node_modules/chokidar/node_modules/fsevents):
npm WARN notsup SKIPPING OPTIONAL DEPENDENCY: Unsupported platform for fsevents@2.3.2: wanted {"os":"darwin","arch":"any"} (current: {"os":"linux","arch":"x64"})

npm ERR! code ELIFECYCLE
npm ERR! errno 87
npm ERR! oracledb@3.0.1 install: `node package/oracledbinstall.js`
npm ERR! Exit status 87
npm ERR! 
npm ERR! Failed at the oracledb@3.0.1 install script.
npm ERR! This is probably not a problem with npm. There is likely additional logging output above.

npm ERR! A complete log of this run can be found in:
npm ERR!     /github/home/.npm/_logs/2021-09-13T19_04_37_787Z-debug.log
npm WARN deprecated oracledb@3.1.0: Update to node-oracledb 5

> oracledb@3.1.0 install /__w/appoptics-apm-node/appoptics-apm-node/node_modules/oracledb
> node package/install.js

oracledb [31mERR![0m NJS-067: a pre-built node-oracledb binary was not found for Node.js v12.22.6 (NODE_MODULE_VERSION=72) on linux x64
oracledb [31mERR![0m Try compiling node-oracledb source code using https://oracle.github.io/node-oracledb/INSTALL.html#github
npm WARN optional SKIPPING OPTIONAL DEPENDENCY: fsevents@~2.3.1 (node_modules/chokidar/node_modules/fsevents):
npm WARN notsup SKIPPING OPTIONAL DEPENDENCY: Unsupported platform for fsevents@2.3.2: wanted {"os":"darwin","arch":"any"} (current: {"os":"linux","arch":"x64"})

npm ERR! code ELIFECYCLE
npm ERR! errno 87
npm ERR! oracledb@3.1.0 install: `node package/install.js`
npm ERR! Exit status 87
npm ERR! 
npm ERR! Failed at the oracledb@3.1.0 install script.
npm ERR! This is probably not a problem with npm. There is likely additional logging output above.

npm ERR! A complete log of this run can be found in:
npm ERR!     /github/home/.npm/_logs/2021-09-13T19_04_44_224Z-debug.log
npm WARN deprecated oracledb@3.1.1: Update to node-oracledb 5

> oracledb@3.1.1 install /__w/appoptics-apm-node/appoptics-apm-node/node_modules/oracledb
> node package/install.js

oracledb [31mERR![0m NJS-067: a pre-built node-oracledb binary was not found for Node.js v12.22.6 (NODE_MODULE_VERSION=72) on linux x64
oracledb [31mERR![0m Try compiling node-oracledb source code using https://oracle.github.io/node-oracledb/INSTALL.html#github
npm WARN optional SKIPPING OPTIONAL DEPENDENCY: fsevents@~2.3.1 (node_modules/chokidar/node_modules/fsevents):
npm WARN notsup SKIPPING OPTIONAL DEPENDENCY: Unsupported platform for fsevents@2.3.2: wanted {"os":"darwin","arch":"any"} (current: {"os":"linux","arch":"x64"})

npm ERR! code ELIFECYCLE
npm ERR! errno 87
npm ERR! oracledb@3.1.1 install: `node package/install.js`
npm ERR! Exit status 87
npm ERR! 
npm ERR! Failed at the oracledb@3.1.1 install script.
npm ERR! This is probably not a problem with npm. There is likely additional logging output above.

npm ERR! A complete log of this run can be found in:
npm ERR!     /github/home/.npm/_logs/2021-09-13T19_04_51_068Z-debug.log
npm WARN deprecated oracledb@3.1.2: Update to node-oracledb 5

> oracledb@3.1.2 install /__w/appoptics-apm-node/appoptics-apm-node/node_modules/oracledb
> node package/install.js

oracledb [31mERR![0m NJS-067: a pre-built node-oracledb binary was not found for Node.js v12.22.6 (NODE_MODULE_VERSION=72) on linux x64
oracledb [31mERR![0m Try compiling node-oracledb source code using https://oracle.github.io/node-oracledb/INSTALL.html#github
npm WARN optional SKIPPING OPTIONAL DEPENDENCY: fsevents@~2.3.1 (node_modules/chokidar/node_modules/fsevents):
npm WARN notsup SKIPPING OPTIONAL DEPENDENCY: Unsupported platform for fsevents@2.3.2: wanted {"os":"darwin","arch":"any"} (current: {"os":"linux","arch":"x64"})

npm ERR! code ELIFECYCLE
npm ERR! errno 87
npm ERR! oracledb@3.1.2 install: `node package/install.js`
npm ERR! Exit status 87
npm ERR! 
npm ERR! Failed at the oracledb@3.1.2 install script.
npm ERR! This is probably not a problem with npm. There is likely additional logging output above.

npm ERR! A complete log of this run can be found in:
npm ERR!     /github/home/.npm/_logs/2021-09-13T19_04_56_395Z-debug.log

> oracledb@4.0.0 install /__w/appoptics-apm-node/appoptics-apm-node/node_modules/oracledb
> node package/install.js

oracledb ********************************************************************************
oracledb ** Node-oracledb 4.0.0 installed for Node.js 12.22.6 (linux, x64)
oracledb **
oracledb ** To use node-oracledb:
oracledb ** - Oracle Client libraries (64-bit) must be configured with ldconfig or LD_LIBRARY_PATH
oracledb ** - To get libraries, install an Instant Client Basic or Basic Light package from
oracledb **   https://www.oracle.com/technetwork/topics/linuxx86-64soft-092277.html
oracledb **
oracledb ** Installation instructions: https://oracle.github.io/node-oracledb/INSTALL.html
oracledb ********************************************************************************

npm WARN optional SKIPPING OPTIONAL DEPENDENCY: fsevents@~2.3.1 (node_modules/chokidar/node_modules/fsevents):
npm WARN notsup SKIPPING OPTIONAL DEPENDENCY: Unsupported platform for fsevents@2.3.2: wanted {"os":"darwin","arch":"any"} (current: {"os":"linux","arch":"x64"})

+ oracledb@4.0.0
added 1 package and audited 1111 packages in 6.491s

72 packages are looking for funding
  run `npm fund` for details

found 24 vulnerabilities (5 low, 4 moderate, 13 high, 2 critical)
  run `npm audit fix` to fix them, or `npm audit` for details
2021-09-13T19:05:04.159Z appoptics:debug read config from /__w/appoptics-apm-node/appoptics-apm-node/appoptics-apm-config
2021-09-13T19:05:04.160Z appoptics:debug guc ignoring APPOPTICS_LOG_SETTINGS
2021-09-13T19:05:04.160Z appoptics:debug serviceKey dIOz...wWK0:ao-node-test
2021-09-13T19:05:04.160Z appoptics:debug using context provider: ace-context
2021-09-13T19:05:04.244Z appoptics:debug apm 10.0.1, bindings 11.0.0, oboe 10.1.0
2021-09-13T19:05:04.282Z appoptics:patching patched crypto 
2021-09-13T19:05:04.378Z appoptics:patching patched https 
2021-09-13T19:05:04.379Z appoptics:patching patched http 
2021-09-13T19:05:04.426Z appoptics:patching patched oracledb 4.0.0
2021-09-13T19:05:04.429Z appoptics:debug starting runtimeMetrics


  probes.oracledb 4.0.0
    âœ“ UDP might lose a message
2021-09-13T19:05:04.562Z appoptics:debug asking helper to execute test_basic
2021-09-13T19:05:04.563Z appoptics:debug test_basic being executed
2021-09-13T19:05:04.563Z appoptics:debug oracledb wrapping getConnection
2021-09-13T19:05:04.630Z appoptics:debug done with test_basic oracledb.getConnection
2021-09-13T19:05:04.747Z appoptics:debug test_basic query callback invoked
    âœ“ should trace execute calls (195ms)
2021-09-13T19:05:04.760Z appoptics:debug ORACLEDB wrapping createPool
2021-09-13T19:05:04.764Z appoptics:debug oracledb wrapping getConnection
2021-09-13T19:05:04.802Z appoptics:debug connection.execute() seems to be patched
2021-09-13T19:05:04.802Z appoptics:debug connection.commit() seems to be patched
2021-09-13T19:05:04.802Z appoptics:debug connection.rollback() seems to be patched
2021-09-13T19:05:04.802Z appoptics:debug connection.break() seems to be patched
2021-09-13T19:05:04.802Z appoptics:debug connection.release seems to be patched
    âœ“ should trace execute calls in pool (44ms)
2021-09-13T19:05:04.805Z appoptics:debug oracledb wrapping getConnection
2021-09-13T19:05:04.841Z appoptics:debug connection.execute() seems to be patched
2021-09-13T19:05:04.841Z appoptics:debug connection.commit() seems to be patched
2021-09-13T19:05:04.842Z appoptics:debug connection.rollback() seems to be patched
2021-09-13T19:05:04.842Z appoptics:debug connection.break() seems to be patched
2021-09-13T19:05:04.842Z appoptics:debug connection.release seems to be patched
    âœ“ should include correct isAutoCommit value (41ms)


  4 passing (301ms)


> oracledb@4.0.1 install /__w/appoptics-apm-node/appoptics-apm-node/node_modules/oracledb
> node package/install.js

oracledb ********************************************************************************
oracledb ** Node-oracledb 4.0.1 installed for Node.js 12.22.6 (linux, x64)
oracledb **
oracledb ** To use node-oracledb:
oracledb ** - Oracle Client libraries (64-bit) must be configured with ldconfig or LD_LIBRARY_PATH
oracledb ** - To get libraries, install an Instant Client Basic or Basic Light package from
oracledb **   https://www.oracle.com/technetwork/topics/linuxx86-64soft-092277.html
oracledb **
oracledb ** Installation instructions: https://oracle.github.io/node-oracledb/INSTALL.html
oracledb ********************************************************************************

npm WARN optional SKIPPING OPTIONAL DEPENDENCY: fsevents@~2.3.1 (node_modules/chokidar/node_modules/fsevents):
npm WARN notsup SKIPPING OPTIONAL DEPENDENCY: Unsupported platform for fsevents@2.3.2: wanted {"os":"darwin","arch":"any"} (current: {"os":"linux","arch":"x64"})

+ oracledb@4.0.1
updated 1 package and audited 1111 packages in 5.786s

72 packages are looking for funding
  run `npm fund` for details

found 24 vulnerabilities (5 low, 4 moderate, 13 high, 2 critical)
  run `npm audit fix` to fix them, or `npm audit` for details
2021-09-13T19:05:11.872Z appoptics:debug read config from /__w/appoptics-apm-node/appoptics-apm-node/appoptics-apm-config
2021-09-13T19:05:11.873Z appoptics:debug guc ignoring APPOPTICS_LOG_SETTINGS
2021-09-13T19:05:11.873Z appoptics:debug serviceKey dIOz...wWK0:ao-node-test
2021-09-13T19:05:11.874Z appoptics:debug using context provider: ace-context
2021-09-13T19:05:11.962Z appoptics:debug apm 10.0.1, bindings 11.0.0, oboe 10.1.0
2021-09-13T19:05:12.040Z appoptics:patching patched crypto 
2021-09-13T19:05:12.067Z appoptics:patching patched https 
2021-09-13T19:05:12.067Z appoptics:patching patched http 
2021-09-13T19:05:12.164Z appoptics:patching patched oracledb 4.0.1
2021-09-13T19:05:12.168Z appoptics:debug starting runtimeMetrics


  probes.oracledb 4.0.1
    âœ“ UDP might lose a message
2021-09-13T19:05:12.323Z appoptics:debug asking helper to execute test_basic
2021-09-13T19:05:12.323Z appoptics:debug test_basic being executed
2021-09-13T19:05:12.323Z appoptics:debug oracledb wrapping getConnection
2021-09-13T19:05:12.333Z appoptics:debug done with test_basic oracledb.getConnection
2021-09-13T19:05:12.379Z appoptics:debug test_basic query callback invoked
    âœ“ should trace execute calls (60ms)
2021-09-13T19:05:12.386Z appoptics:debug ORACLEDB wrapping createPool
2021-09-13T19:05:12.388Z appoptics:debug oracledb wrapping getConnection
2021-09-13T19:05:12.422Z appoptics:debug connection.execute() seems to be patched
2021-09-13T19:05:12.422Z appoptics:debug connection.commit() seems to be patched
2021-09-13T19:05:12.422Z appoptics:debug connection.rollback() seems to be patched
2021-09-13T19:05:12.422Z appoptics:debug connection.break() seems to be patched
2021-09-13T19:05:12.423Z appoptics:debug connection.release seems to be patched
    âœ“ should trace execute calls in pool (38ms)
2021-09-13T19:05:12.426Z appoptics:debug oracledb wrapping getConnection
2021-09-13T19:05:12.461Z appoptics:debug connection.execute() seems to be patched
2021-09-13T19:05:12.461Z appoptics:debug connection.commit() seems to be patched
2021-09-13T19:05:12.461Z appoptics:debug connection.rollback() seems to be patched
2021-09-13T19:05:12.461Z appoptics:debug connection.break() seems to be patched
2021-09-13T19:05:12.461Z appoptics:debug connection.release seems to be patched
    âœ“ should include correct isAutoCommit value (41ms)


  4 passing (162ms)


> oracledb@4.1.0 install /__w/appoptics-apm-node/appoptics-apm-node/node_modules/oracledb
> node package/install.js

oracledb ********************************************************************************
oracledb ** Node-oracledb 4.1.0 installed for Node.js 12.22.6 (linux, x64)
oracledb **
oracledb ** To use node-oracledb:
oracledb ** - Oracle Client libraries (64-bit) must be configured with ldconfig or LD_LIBRARY_PATH
oracledb ** - To get libraries, install an Instant Client Basic or Basic Light package from
oracledb **   https://www.oracle.com/technetwork/topics/linuxx86-64soft-092277.html
oracledb **
oracledb ** Installation instructions: https://oracle.github.io/node-oracledb/INSTALL.html
oracledb ********************************************************************************

npm WARN optional SKIPPING OPTIONAL DEPENDENCY: fsevents@~2.3.1 (node_modules/chokidar/node_modules/fsevents):
npm WARN notsup SKIPPING OPTIONAL DEPENDENCY: Unsupported platform for fsevents@2.3.2: wanted {"os":"darwin","arch":"any"} (current: {"os":"linux","arch":"x64"})

+ oracledb@4.1.0
updated 1 package and audited 1111 packages in 4.604s

72 packages are looking for funding
  run `npm fund` for details

found 24 vulnerabilities (5 low, 4 moderate, 13 high, 2 critical)
  run `npm audit fix` to fix them, or `npm audit` for details
2021-09-13T19:05:18.138Z appoptics:debug read config from /__w/appoptics-apm-node/appoptics-apm-node/appoptics-apm-config
2021-09-13T19:05:18.139Z appoptics:debug guc ignoring APPOPTICS_LOG_SETTINGS
2021-09-13T19:05:18.139Z appoptics:debug serviceKey dIOz...wWK0:ao-node-test
2021-09-13T19:05:18.139Z appoptics:debug using context provider: ace-context
2021-09-13T19:05:18.206Z appoptics:debug apm 10.0.1, bindings 11.0.0, oboe 10.1.0
2021-09-13T19:05:18.242Z appoptics:patching patched crypto 
2021-09-13T19:05:18.260Z appoptics:patching patched https 
2021-09-13T19:05:18.261Z appoptics:patching patched http 
2021-09-13T19:05:18.320Z appoptics:patching patched oracledb 4.1.0
2021-09-13T19:05:18.324Z appoptics:debug starting runtimeMetrics


  probes.oracledb 4.1.0
    âœ“ UDP might lose a message
2021-09-13T19:05:18.483Z appoptics:debug asking helper to execute test_basic
2021-09-13T19:05:18.484Z appoptics:debug test_basic being executed
2021-09-13T19:05:18.484Z appoptics:debug oracledb wrapping getConnection
2021-09-13T19:05:18.492Z appoptics:debug done with test_basic oracledb.getConnection
2021-09-13T19:05:18.531Z appoptics:debug test_basic query callback invoked
    âœ“ should trace execute calls (53ms)
2021-09-13T19:05:18.538Z appoptics:debug ORACLEDB wrapping createPool
2021-09-13T19:05:18.541Z appoptics:debug oracledb wrapping getConnection
2021-09-13T19:05:18.577Z appoptics:debug connection.execute() seems to be patched
2021-09-13T19:05:18.577Z appoptics:debug connection.commit() seems to be patched
2021-09-13T19:05:18.577Z appoptics:debug connection.rollback() seems to be patched
2021-09-13T19:05:18.577Z appoptics:debug connection.break() seems to be patched
2021-09-13T19:05:18.577Z appoptics:debug connection.release seems to be patched
    âœ“ should trace execute calls in pool (41ms)
2021-09-13T19:05:18.580Z appoptics:debug oracledb wrapping getConnection
2021-09-13T19:05:18.615Z appoptics:debug connection.execute() seems to be patched
2021-09-13T19:05:18.615Z appoptics:debug connection.commit() seems to be patched
2021-09-13T19:05:18.615Z appoptics:debug connection.rollback() seems to be patched
2021-09-13T19:05:18.615Z appoptics:debug connection.break() seems to be patched
2021-09-13T19:05:18.615Z appoptics:debug connection.release seems to be patched
    âœ“ should include correct isAutoCommit value (41ms)


  4 passing (157ms)


> oracledb@4.2.0 install /__w/appoptics-apm-node/appoptics-apm-node/node_modules/oracledb
> node package/install.js

oracledb ********************************************************************************
oracledb ** Node-oracledb 4.2.0 installed for Node.js 12.22.6 (linux, x64)
oracledb **
oracledb ** To use node-oracledb:
oracledb ** - Oracle Client libraries (64-bit) must be configured with ldconfig or LD_LIBRARY_PATH
oracledb ** - To get libraries, install an Instant Client Basic or Basic Light package from
oracledb **   https://www.oracle.com/database/technologies/instant-client/linux-x86-64-downloads.html
oracledb **
oracledb ** Installation instructions: https://oracle.github.io/node-oracledb/INSTALL.html
oracledb ********************************************************************************

npm WARN optional SKIPPING OPTIONAL DEPENDENCY: fsevents@~2.3.1 (node_modules/chokidar/node_modules/fsevents):
npm WARN notsup SKIPPING OPTIONAL DEPENDENCY: Unsupported platform for fsevents@2.3.2: wanted {"os":"darwin","arch":"any"} (current: {"os":"linux","arch":"x64"})

+ oracledb@4.2.0
updated 1 package and audited 1111 packages in 5.797s

72 packages are looking for funding
  run `npm fund` for details

found 24 vulnerabilities (5 low, 4 moderate, 13 high, 2 critical)
  run `npm audit fix` to fix them, or `npm audit` for details
2021-09-13T19:05:25.491Z appoptics:debug read config from /__w/appoptics-apm-node/appoptics-apm-node/appoptics-apm-config
2021-09-13T19:05:25.492Z appoptics:debug guc ignoring APPOPTICS_LOG_SETTINGS
2021-09-13T19:05:25.492Z appoptics:debug serviceKey dIOz...wWK0:ao-node-test
2021-09-13T19:05:25.492Z appoptics:debug using context provider: ace-context
2021-09-13T19:05:25.560Z appoptics:debug apm 10.0.1, bindings 11.0.0, oboe 10.1.0
2021-09-13T19:05:25.595Z appoptics:patching patched crypto 
2021-09-13T19:05:25.614Z appoptics:patching patched https 
2021-09-13T19:05:25.614Z appoptics:patching patched http 
2021-09-13T19:05:25.655Z appoptics:patching patched oracledb 4.2.0
2021-09-13T19:05:25.658Z appoptics:debug starting runtimeMetrics


  probes.oracledb 4.2.0
    âœ“ UDP might lose a message
2021-09-13T19:05:25.785Z appoptics:debug asking helper to execute test_basic
2021-09-13T19:05:25.785Z appoptics:debug test_basic being executed
2021-09-13T19:05:25.785Z appoptics:debug oracledb wrapping getConnection
2021-09-13T19:05:25.794Z appoptics:debug done with test_basic oracledb.getConnection
2021-09-13T19:05:25.834Z appoptics:debug test_basic query callback invoked
    âœ“ should trace execute calls (54ms)
2021-09-13T19:05:25.846Z appoptics:debug ORACLEDB wrapping createPool
2021-09-13T19:05:25.848Z appoptics:debug oracledb wrapping getConnection
2021-09-13T19:05:25.882Z appoptics:debug connection.execute() seems to be patched
2021-09-13T19:05:25.882Z appoptics:debug connection.commit() seems to be patched
2021-09-13T19:05:25.882Z appoptics:debug connection.rollback() seems to be patched
2021-09-13T19:05:25.882Z appoptics:debug connection.break() seems to be patched
2021-09-13T19:05:25.882Z appoptics:debug connection.release seems to be patched
    âœ“ should trace execute calls in pool (38ms)
2021-09-13T19:05:25.885Z appoptics:debug oracledb wrapping getConnection
2021-09-13T19:05:25.919Z appoptics:debug connection.execute() seems to be patched
2021-09-13T19:05:25.919Z appoptics:debug connection.commit() seems to be patched
2021-09-13T19:05:25.919Z appoptics:debug connection.rollback() seems to be patched
2021-09-13T19:05:25.919Z appoptics:debug connection.break() seems to be patched
2021-09-13T19:05:25.919Z appoptics:debug connection.release seems to be patched
    âœ“ should include correct isAutoCommit value (39ms)


  4 passing (156ms)


> oracledb@5.0.0 install /__w/appoptics-apm-node/appoptics-apm-node/node_modules/oracledb
> node package/install.js

oracledb ********************************************************************************
oracledb ** Node-oracledb 5.0.0 installed for Node.js 12.22.6 (linux, x64)
oracledb **
oracledb ** To use node-oracledb:
oracledb ** - Oracle Client libraries (64-bit) must be available.
oracledb ** - Follow the installation instructions:
oracledb **   https://oracle.github.io/node-oracledb/INSTALL.html#linuxinstall
oracledb ********************************************************************************

npm WARN optional SKIPPING OPTIONAL DEPENDENCY: fsevents@~2.3.1 (node_modules/chokidar/node_modules/fsevents):
npm WARN notsup SKIPPING OPTIONAL DEPENDENCY: Unsupported platform for fsevents@2.3.2: wanted {"os":"darwin","arch":"any"} (current: {"os":"linux","arch":"x64"})

+ oracledb@5.0.0
updated 1 package and audited 1111 packages in 4.804s

72 packages are looking for funding
  run `npm fund` for details

found 24 vulnerabilities (5 low, 4 moderate, 13 high, 2 critical)
  run `npm audit fix` to fix them, or `npm audit` for details
2021-09-13T19:05:31.774Z appoptics:debug read config from /__w/appoptics-apm-node/appoptics-apm-node/appoptics-apm-config
2021-09-13T19:05:31.775Z appoptics:debug guc ignoring APPOPTICS_LOG_SETTINGS
2021-09-13T19:05:31.775Z appoptics:debug serviceKey dIOz...wWK0:ao-node-test
2021-09-13T19:05:31.775Z appoptics:debug using context provider: ace-context
2021-09-13T19:05:31.839Z appoptics:debug apm 10.0.1, bindings 11.0.0, oboe 10.1.0
2021-09-13T19:05:31.891Z appoptics:patching patched crypto 
2021-09-13T19:05:31.913Z appoptics:patching patched https 
2021-09-13T19:05:31.913Z appoptics:patching patched http 
2021-09-13T19:05:31.966Z appoptics:patching patched oracledb 5.0.0
2021-09-13T19:05:31.969Z appoptics:debug starting runtimeMetrics


  probes.oracledb 5.0.0
    âœ“ UDP might lose a message
2021-09-13T19:05:32.106Z appoptics:debug asking helper to execute test_basic
2021-09-13T19:05:32.106Z appoptics:debug test_basic being executed
2021-09-13T19:05:32.107Z appoptics:debug oracledb wrapping getConnection
2021-09-13T19:05:32.116Z appoptics:debug done with test_basic oracledb.getConnection
2021-09-13T19:05:32.155Z appoptics:debug test_basic query callback invoked
    âœ“ should trace execute calls (54ms)
2021-09-13T19:05:32.162Z appoptics:debug ORACLEDB wrapping createPool
2021-09-13T19:05:32.164Z appoptics:debug oracledb wrapping getConnection
2021-09-13T19:05:32.198Z appoptics:debug connection.execute() seems to be patched
2021-09-13T19:05:32.198Z appoptics:debug connection.commit() seems to be patched
2021-09-13T19:05:32.198Z appoptics:debug connection.rollback() seems to be patched
2021-09-13T19:05:32.198Z appoptics:debug connection.break() seems to be patched
2021-09-13T19:05:32.198Z appoptics:debug connection.release seems to be patched
    âœ“ should trace execute calls in pool (39ms)
2021-09-13T19:05:32.201Z appoptics:debug oracledb wrapping getConnection
2021-09-13T19:05:32.235Z appoptics:debug connection.execute() seems to be patched
2021-09-13T19:05:32.235Z appoptics:debug connection.commit() seems to be patched
2021-09-13T19:05:32.235Z appoptics:debug connection.rollback() seems to be patched
2021-09-13T19:05:32.235Z appoptics:debug connection.break() seems to be patched
2021-09-13T19:05:32.235Z appoptics:debug connection.release seems to be patched
    âœ“ should include correct isAutoCommit value (39ms)


  4 passing (150ms)


> oracledb@5.1.0 install /__w/appoptics-apm-node/appoptics-apm-node/node_modules/oracledb
> node package/install.js

oracledb ********************************************************************************
oracledb ** Node-oracledb 5.1.0 installed for Node.js 12.22.6 (linux, x64)
oracledb **
oracledb ** To use node-oracledb:
oracledb ** - Oracle Client libraries (64-bit) must be available.
oracledb ** - Follow the installation instructions:
oracledb **   https://oracle.github.io/node-oracledb/INSTALL.html#linuxinstall
oracledb ********************************************************************************

npm WARN optional SKIPPING OPTIONAL DEPENDENCY: fsevents@~2.3.1 (node_modules/chokidar/node_modules/fsevents):
npm WARN notsup SKIPPING OPTIONAL DEPENDENCY: Unsupported platform for fsevents@2.3.2: wanted {"os":"darwin","arch":"any"} (current: {"os":"linux","arch":"x64"})

+ oracledb@5.1.0
updated 1 package and audited 1111 packages in 5.769s

72 packages are looking for funding
  run `npm fund` for details

found 24 vulnerabilities (5 low, 4 moderate, 13 high, 2 critical)
  run `npm audit fix` to fix them, or `npm audit` for details
2021-09-13T19:05:39.153Z appoptics:debug read config from /__w/appoptics-apm-node/appoptics-apm-node/appoptics-apm-config
2021-09-13T19:05:39.153Z appoptics:debug guc ignoring APPOPTICS_LOG_SETTINGS
2021-09-13T19:05:39.153Z appoptics:debug serviceKey dIOz...wWK0:ao-node-test
2021-09-13T19:05:39.154Z appoptics:debug using context provider: ace-context
2021-09-13T19:05:39.222Z appoptics:debug apm 10.0.1, bindings 11.0.0, oboe 10.1.0
2021-09-13T19:05:39.262Z appoptics:patching patched crypto 
2021-09-13T19:05:39.286Z appoptics:patching patched https 
2021-09-13T19:05:39.286Z appoptics:patching patched http 
2021-09-13T19:05:39.323Z appoptics:patching patched oracledb 5.1.0
2021-09-13T19:05:39.327Z appoptics:debug starting runtimeMetrics


  probes.oracledb 5.1.0
    âœ“ UDP might lose a message
2021-09-13T19:05:39.458Z appoptics:debug asking helper to execute test_basic
2021-09-13T19:05:39.459Z appoptics:debug test_basic being executed
2021-09-13T19:05:39.459Z appoptics:debug oracledb wrapping getConnection
2021-09-13T19:05:39.467Z appoptics:debug done with test_basic oracledb.getConnection
2021-09-13T19:05:39.507Z appoptics:debug test_basic query callback invoked
    âœ“ should trace execute calls (53ms)
2021-09-13T19:05:39.514Z appoptics:debug ORACLEDB wrapping createPool
2021-09-13T19:05:39.516Z appoptics:debug oracledb wrapping getConnection
2021-09-13T19:05:39.550Z appoptics:debug connection.execute() seems to be patched
2021-09-13T19:05:39.550Z appoptics:debug connection.commit() seems to be patched
2021-09-13T19:05:39.550Z appoptics:debug connection.rollback() seems to be patched
2021-09-13T19:05:39.550Z appoptics:debug connection.break() seems to be patched
2021-09-13T19:05:39.550Z appoptics:debug connection.release seems to be patched
    âœ“ should trace execute calls in pool (39ms)
2021-09-13T19:05:39.553Z appoptics:debug oracledb wrapping getConnection
2021-09-13T19:05:39.587Z appoptics:debug connection.execute() seems to be patched
2021-09-13T19:05:39.587Z appoptics:debug connection.commit() seems to be patched
2021-09-13T19:05:39.587Z appoptics:debug connection.rollback() seems to be patched
2021-09-13T19:05:39.587Z appoptics:debug connection.break() seems to be patched
2021-09-13T19:05:39.587Z appoptics:debug connection.release seems to be patched
    âœ“ should include correct isAutoCommit value (44ms)


  4 passing (156ms)


> oracledb@5.2.0 install /__w/appoptics-apm-node/appoptics-apm-node/node_modules/oracledb
> node package/install.js

oracledb ********************************************************************************
oracledb ** Node-oracledb 5.2.0 installed in Node.js 12.22.6 (linux, x64)
oracledb **
oracledb ** To use node-oracledb:
oracledb ** - Oracle Client libraries (64-bit) must be available.
oracledb ** - Follow the installation instructions:
oracledb **   https://oracle.github.io/node-oracledb/INSTALL.html#linuxinstall
oracledb ********************************************************************************

npm WARN optional SKIPPING OPTIONAL DEPENDENCY: fsevents@~2.3.1 (node_modules/chokidar/node_modules/fsevents):
npm WARN notsup SKIPPING OPTIONAL DEPENDENCY: Unsupported platform for fsevents@2.3.2: wanted {"os":"darwin","arch":"any"} (current: {"os":"linux","arch":"x64"})

+ oracledb@5.2.0
updated 1 package and audited 1111 packages in 4.619s

72 packages are looking for funding
  run `npm fund` for details

found 24 vulnerabilities (5 low, 4 moderate, 13 high, 2 critical)
  run `npm audit fix` to fix them, or `npm audit` for details
2021-09-13T19:05:45.251Z appoptics:debug read config from /__w/appoptics-apm-node/appoptics-apm-node/appoptics-apm-config
2021-09-13T19:05:45.251Z appoptics:debug guc ignoring APPOPTICS_LOG_SETTINGS
2021-09-13T19:05:45.251Z appoptics:debug serviceKey dIOz...wWK0:ao-node-test
2021-09-13T19:05:45.252Z appoptics:debug using context provider: ace-context
2021-09-13T19:05:45.320Z appoptics:debug apm 10.0.1, bindings 11.0.0, oboe 10.1.0
2021-09-13T19:05:45.355Z appoptics:patching patched crypto 
2021-09-13T19:05:45.374Z appoptics:patching patched https 
2021-09-13T19:05:45.374Z appoptics:patching patched http 
2021-09-13T19:05:45.421Z appoptics:patching patched oracledb 5.2.0
2021-09-13T19:05:45.425Z appoptics:debug starting runtimeMetrics


  probes.oracledb 5.2.0
    âœ“ UDP might lose a message
2021-09-13T19:05:45.576Z appoptics:debug asking helper to execute test_basic
2021-09-13T19:05:45.576Z appoptics:debug test_basic being executed
2021-09-13T19:05:45.576Z appoptics:debug oracledb wrapping getConnection
2021-09-13T19:05:45.585Z appoptics:debug done with test_basic oracledb.getConnection
2021-09-13T19:05:45.626Z appoptics:debug test_basic query callback invoked
    âœ“ should trace execute calls (56ms)
2021-09-13T19:05:45.633Z appoptics:debug ORACLEDB wrapping createPool
2021-09-13T19:05:45.636Z appoptics:debug oracledb wrapping getConnection
2021-09-13T19:05:45.672Z appoptics:debug connection.execute() seems to be patched
2021-09-13T19:05:45.672Z appoptics:debug connection.commit() seems to be patched
2021-09-13T19:05:45.672Z appoptics:debug connection.rollback() seems to be patched
2021-09-13T19:05:45.672Z appoptics:debug connection.break() seems to be patched
2021-09-13T19:05:45.672Z appoptics:debug connection.release seems to be patched
    âœ“ should trace execute calls in pool (44ms)
2021-09-13T19:05:45.678Z appoptics:debug oracledb wrapping getConnection
2021-09-13T19:05:45.713Z appoptics:debug connection.execute() seems to be patched
2021-09-13T19:05:45.713Z appoptics:debug connection.commit() seems to be patched
2021-09-13T19:05:45.713Z appoptics:debug connection.rollback() seems to be patched
2021-09-13T19:05:45.713Z appoptics:debug connection.break() seems to be patched
2021-09-13T19:05:45.713Z appoptics:debug connection.release seems to be patched
    âœ“ should include correct isAutoCommit value (50ms)


  4 passing (175ms)


> oracledb@5.2.0 install /__w/appoptics-apm-node/appoptics-apm-node/node_modules/oracledb
> node package/install.js

oracledb ********************************************************************************
oracledb ** Node-oracledb 5.2.0 installed in Node.js 12.22.6 (linux, x64)
oracledb **
oracledb ** To use node-oracledb:
oracledb ** - Oracle Client libraries (64-bit) must be available.
oracledb ** - Follow the installation instructions:
oracledb **   https://oracle.github.io/node-oracledb/INSTALL.html#linuxinstall
oracledb ********************************************************************************

npm WARN optional SKIPPING OPTIONAL DEPENDENCY: fsevents@~2.3.1 (node_modules/chokidar/node_modules/fsevents):
npm WARN notsup SKIPPING OPTIONAL DEPENDENCY: Unsupported platform for fsevents@2.3.2: wanted {"os":"darwin","arch":"any"} (current: {"os":"linux","arch":"x64"})

+ oracledb@5.2.0
updated 1 package and audited 1111 packages in 5.502s

72 packages are looking for funding
  run `npm fund` for details

found 24 vulnerabilities (5 low, 4 moderate, 13 high, 2 critical)
  run `npm audit fix` to fix them, or `npm audit` for details
