npm WARN deprecated oracledb@2.0.14: Update to node-oracledb 5

> oracledb@2.0.14 install /__w/appoptics-apm-node/appoptics-apm-node/node_modules/oracledb
> node package/oracledbinstall.js

oracledb Beginning installation
oracledb Verifying installation
oracledb Binary not found
oracledb Continuing installation
oracledb [31mERR![0m NJS-054: Binary build/Release/oracledb.node was not installed from oracledb-v2.0.14-node-v72-linux-x64.gz
oracledb [31mERR![0m EACCES: permission denied, mkdir 'build'
oracledb [31mERR![0m If the error is not network or filesystem related, then review 
oracledb [31mERR![0m the Python 2.7 and compiler prerequisites in the installation instructions and
oracledb [31mERR![0m then install from source code with: npm install oracle/node-oracledb.git#v2.0.14
oracledb [31mERR![0m See https://github.com/oracle/node-oracledb/blob/master/INSTALL.md 

npm WARN optional SKIPPING OPTIONAL DEPENDENCY: fsevents@~2.3.1 (node_modules/chokidar/node_modules/fsevents):
npm WARN notsup SKIPPING OPTIONAL DEPENDENCY: Unsupported platform for fsevents@2.3.2: wanted {"os":"darwin","arch":"any"} (current: {"os":"linux","arch":"x64"})

npm ERR! code ELIFECYCLE
npm ERR! errno 87
npm ERR! oracledb@2.0.14 install: `node package/oracledbinstall.js`
npm ERR! Exit status 87
npm ERR! 
npm ERR! Failed at the oracledb@2.0.14 install script.
npm ERR! This is probably not a problem with npm. There is likely additional logging output above.

npm ERR! A complete log of this run can be found in:
npm ERR!     /github/home/.npm/_logs/2021-09-23T17_19_51_600Z-debug.log
npm WARN deprecated oracledb@2.0.15: Update to node-oracledb 5

> oracledb@2.0.15 install /__w/appoptics-apm-node/appoptics-apm-node/node_modules/oracledb
> node package/oracledbinstall.js

oracledb Beginning installation
oracledb Verifying installation
oracledb Binary not found
oracledb Continuing installation
oracledb [31mERR![0m NJS-054: Binary build/Release/oracledb.node was not installed from oracledb-v2.0.15-node-v72-linux-x64.gz
oracledb [31mERR![0m EACCES: permission denied, mkdir 'build'
oracledb [31mERR![0m If the error is not network or filesystem related, then review 
oracledb [31mERR![0m the Python 2.7 and compiler prerequisites in the installation instructions and
oracledb [31mERR![0m then install from source code with: npm install oracle/node-oracledb.git#v2.0.15
oracledb [31mERR![0m See https://github.com/oracle/node-oracledb/blob/master/INSTALL.md 

npm WARN optional SKIPPING OPTIONAL DEPENDENCY: fsevents@~2.3.1 (node_modules/chokidar/node_modules/fsevents):
npm WARN notsup SKIPPING OPTIONAL DEPENDENCY: Unsupported platform for fsevents@2.3.2: wanted {"os":"darwin","arch":"any"} (current: {"os":"linux","arch":"x64"})

npm ERR! code ELIFECYCLE
npm ERR! errno 87
npm ERR! oracledb@2.0.15 install: `node package/oracledbinstall.js`
npm ERR! Exit status 87
npm ERR! 
npm ERR! Failed at the oracledb@2.0.15 install script.
npm ERR! This is probably not a problem with npm. There is likely additional logging output above.

npm ERR! A complete log of this run can be found in:
npm ERR!     /github/home/.npm/_logs/2021-09-23T17_19_59_174Z-debug.log
npm WARN deprecated oracledb@2.1.0: Update to node-oracledb 5

> oracledb@2.1.0 install /__w/appoptics-apm-node/appoptics-apm-node/node_modules/oracledb
> node package/oracledbinstall.js

oracledb Beginning installation
oracledb Verifying installation
oracledb Binary not found
oracledb Continuing installation
oracledb [31mERR![0m NJS-054: Binary build/Release/oracledb.node was not installed from oracledb-v2.1.0-node-v72-linux-x64.gz
oracledb [31mERR![0m EACCES: permission denied, mkdir 'build'
oracledb [31mERR![0m If the error is not network or filesystem related, then review 
oracledb [31mERR![0m the Python 2.7 and compiler prerequisites in the installation instructions and
oracledb [31mERR![0m then install from source code with: npm install oracle/node-oracledb.git#v2.1.0
oracledb [31mERR![0m See https://github.com/oracle/node-oracledb/blob/master/INSTALL.md 

npm WARN optional SKIPPING OPTIONAL DEPENDENCY: fsevents@~2.3.1 (node_modules/chokidar/node_modules/fsevents):
npm WARN notsup SKIPPING OPTIONAL DEPENDENCY: Unsupported platform for fsevents@2.3.2: wanted {"os":"darwin","arch":"any"} (current: {"os":"linux","arch":"x64"})

npm ERR! code ELIFECYCLE
npm ERR! errno 87
npm ERR! oracledb@2.1.0 install: `node package/oracledbinstall.js`
npm ERR! Exit status 87
npm ERR! 
npm ERR! Failed at the oracledb@2.1.0 install script.
npm ERR! This is probably not a problem with npm. There is likely additional logging output above.

npm ERR! A complete log of this run can be found in:
npm ERR!     /github/home/.npm/_logs/2021-09-23T17_20_08_759Z-debug.log
npm WARN deprecated oracledb@2.1.1: Update to node-oracledb 5

> oracledb@2.1.1 install /__w/appoptics-apm-node/appoptics-apm-node/node_modules/oracledb
> node package/oracledbinstall.js

oracledb Beginning installation
oracledb Verifying installation
oracledb Binary not found
oracledb Continuing installation
oracledb [31mERR![0m NJS-054: Binary build/Release/oracledb.node was not installed from oracledb-v2.1.1-node-v72-linux-x64.gz
oracledb [31mERR![0m EACCES: permission denied, mkdir 'build'
oracledb [31mERR![0m If the error is not network or filesystem related, then review 
oracledb [31mERR![0m the Python 2.7 and compiler prerequisites in the installation instructions and
oracledb [31mERR![0m then install from source code with: npm install oracle/node-oracledb.git#v2.1.1
oracledb [31mERR![0m See https://github.com/oracle/node-oracledb/blob/master/INSTALL.md 

npm WARN optional SKIPPING OPTIONAL DEPENDENCY: fsevents@~2.3.1 (node_modules/chokidar/node_modules/fsevents):
npm WARN notsup SKIPPING OPTIONAL DEPENDENCY: Unsupported platform for fsevents@2.3.2: wanted {"os":"darwin","arch":"any"} (current: {"os":"linux","arch":"x64"})

npm ERR! code ELIFECYCLE
npm ERR! errno 87
npm ERR! oracledb@2.1.1 install: `node package/oracledbinstall.js`
npm ERR! Exit status 87
npm ERR! 
npm ERR! Failed at the oracledb@2.1.1 install script.
npm ERR! This is probably not a problem with npm. There is likely additional logging output above.

npm ERR! A complete log of this run can be found in:
npm ERR!     /github/home/.npm/_logs/2021-09-23T17_20_17_044Z-debug.log
npm WARN deprecated oracledb@2.1.2: Update to node-oracledb 5

> oracledb@2.1.2 install /__w/appoptics-apm-node/appoptics-apm-node/node_modules/oracledb
> node package/oracledbinstall.js

oracledb Beginning installation
oracledb Verifying installation
oracledb Binary not found
oracledb Continuing installation
oracledb [31mERR![0m NJS-054: Binary build/Release/oracledb.node was not installed from oracledb-v2.1.2-node-v72-linux-x64.gz
oracledb [31mERR![0m EACCES: permission denied, mkdir 'build'
oracledb [31mERR![0m If the error is not network or filesystem related, then review 
oracledb [31mERR![0m the Python 2.7 and compiler prerequisites in the installation instructions and
oracledb [31mERR![0m then install from source code with: npm install oracle/node-oracledb.git#v2.1.2
oracledb [31mERR![0m See https://github.com/oracle/node-oracledb/blob/master/INSTALL.md 

npm WARN optional SKIPPING OPTIONAL DEPENDENCY: fsevents@~2.3.1 (node_modules/chokidar/node_modules/fsevents):
npm WARN notsup SKIPPING OPTIONAL DEPENDENCY: Unsupported platform for fsevents@2.3.2: wanted {"os":"darwin","arch":"any"} (current: {"os":"linux","arch":"x64"})

npm ERR! code ELIFECYCLE
npm ERR! errno 87
npm ERR! oracledb@2.1.2 install: `node package/oracledbinstall.js`
npm ERR! Exit status 87
npm ERR! 
npm ERR! Failed at the oracledb@2.1.2 install script.
npm ERR! This is probably not a problem with npm. There is likely additional logging output above.

npm ERR! A complete log of this run can be found in:
npm ERR!     /github/home/.npm/_logs/2021-09-23T17_20_24_416Z-debug.log
npm WARN deprecated oracledb@2.2.0: Update to node-oracledb 5

> oracledb@2.2.0 install /__w/appoptics-apm-node/appoptics-apm-node/node_modules/oracledb
> node package/oracledbinstall.js

oracledb Beginning installation
oracledb Verifying installation
oracledb Continuing installation
oracledb [31mERR![0m NJS-054: Binary build/Release/oracledb.node was not installed.
oracledb [31mERR![0m Pre-built binary packages are not available for this version of Node.js (NODE_MODULE_VERSION="72")
oracledb [31mERR![0m Failed to install binary package oracledb-v2.2.0-node-v72-linux-x64.gz
oracledb [31mERR![0m EACCES: permission denied, mkdir 'build'
oracledb [31mERR![0m For help see https://oracle.github.io/node-oracledb/INSTALL.html#troubleshooting

npm WARN optional SKIPPING OPTIONAL DEPENDENCY: fsevents@~2.3.1 (node_modules/chokidar/node_modules/fsevents):
npm WARN notsup SKIPPING OPTIONAL DEPENDENCY: Unsupported platform for fsevents@2.3.2: wanted {"os":"darwin","arch":"any"} (current: {"os":"linux","arch":"x64"})

npm ERR! code ELIFECYCLE
npm ERR! errno 87
npm ERR! oracledb@2.2.0 install: `node package/oracledbinstall.js`
npm ERR! Exit status 87
npm ERR! 
npm ERR! Failed at the oracledb@2.2.0 install script.
npm ERR! This is probably not a problem with npm. There is likely additional logging output above.

npm ERR! A complete log of this run can be found in:
npm ERR!     /github/home/.npm/_logs/2021-09-23T17_20_33_274Z-debug.log
npm WARN deprecated oracledb@2.3.0: Update to node-oracledb 5

> oracledb@2.3.0 install /__w/appoptics-apm-node/appoptics-apm-node/node_modules/oracledb
> node package/oracledbinstall.js

oracledb Beginning installation
oracledb Verifying installation
oracledb Continuing installation
oracledb [31mERR![0m NJS-054: Binary build/Release/oracledb.node was not installed.
oracledb [31mERR![0m Pre-built binary packages are not available for this version of Node.js (NODE_MODULE_VERSION="72")
oracledb [31mERR![0m Failed to install binary package oracledb-v2.3.0-node-v72-linux-x64.gz
oracledb [31mERR![0m EACCES: permission denied, mkdir 'build'
oracledb [31mERR![0m For help see https://oracle.github.io/node-oracledb/INSTALL.html#troubleshooting

npm WARN optional SKIPPING OPTIONAL DEPENDENCY: fsevents@~2.3.1 (node_modules/chokidar/node_modules/fsevents):
npm WARN notsup SKIPPING OPTIONAL DEPENDENCY: Unsupported platform for fsevents@2.3.2: wanted {"os":"darwin","arch":"any"} (current: {"os":"linux","arch":"x64"})

npm ERR! code ELIFECYCLE
npm ERR! errno 87
npm ERR! oracledb@2.3.0 install: `node package/oracledbinstall.js`
npm ERR! Exit status 87
npm ERR! 
npm ERR! Failed at the oracledb@2.3.0 install script.
npm ERR! This is probably not a problem with npm. There is likely additional logging output above.

npm ERR! A complete log of this run can be found in:
npm ERR!     /github/home/.npm/_logs/2021-09-23T17_20_41_359Z-debug.log
npm WARN deprecated oracledb@3.0.0: Update to node-oracledb 5

> oracledb@3.0.0 install /__w/appoptics-apm-node/appoptics-apm-node/node_modules/oracledb
> node package/oracledbinstall.js

oracledb Beginning installation
oracledb Verifying installation
oracledb Continuing installation
oracledb [31mERR![0m NJS-054: Binary build/Release/oracledb.node was not installed.
oracledb [31mERR![0m Pre-built binary packages are not available for this version of Node.js (NODE_MODULE_VERSION="72")
oracledb [31mERR![0m Failed to install binary package oracledb-v3.0.0-node-abi72-linux-x64.gz
oracledb [31mERR![0m EACCES: permission denied, mkdir 'build'
oracledb [31mERR![0m For help see https://oracle.github.io/node-oracledb/INSTALL.html#troubleshooting

npm WARN optional SKIPPING OPTIONAL DEPENDENCY: fsevents@~2.3.1 (node_modules/chokidar/node_modules/fsevents):
npm WARN notsup SKIPPING OPTIONAL DEPENDENCY: Unsupported platform for fsevents@2.3.2: wanted {"os":"darwin","arch":"any"} (current: {"os":"linux","arch":"x64"})

npm ERR! code ELIFECYCLE
npm ERR! errno 87
npm ERR! oracledb@3.0.0 install: `node package/oracledbinstall.js`
npm ERR! Exit status 87
npm ERR! 
npm ERR! Failed at the oracledb@3.0.0 install script.
npm ERR! This is probably not a problem with npm. There is likely additional logging output above.

npm ERR! A complete log of this run can be found in:
npm ERR!     /github/home/.npm/_logs/2021-09-23T17_20_48_466Z-debug.log
npm WARN deprecated oracledb@3.0.1: Update to node-oracledb 5

> oracledb@3.0.1 install /__w/appoptics-apm-node/appoptics-apm-node/node_modules/oracledb
> node package/oracledbinstall.js

oracledb Beginning installation
oracledb [31mERR![0m NJS-054: Binary build/Release/oracledb.node was not installed.
oracledb [31mERR![0m Pre-built binary packages are not available for Node.js v12.22.6 (NODE_MODULE_VERSION="72")
oracledb [31mERR![0m Failed to install binary package oracledb-v3.0.1-node-abi72-linux-x64.gz
oracledb [31mERR![0m EACCES: permission denied, mkdir 'build'
oracledb [31mERR![0m For help see https://oracle.github.io/node-oracledb/INSTALL.html#troubleshooting

npm WARN optional SKIPPING OPTIONAL DEPENDENCY: fsevents@~2.3.1 (node_modules/chokidar/node_modules/fsevents):
npm WARN notsup SKIPPING OPTIONAL DEPENDENCY: Unsupported platform for fsevents@2.3.2: wanted {"os":"darwin","arch":"any"} (current: {"os":"linux","arch":"x64"})

npm ERR! code ELIFECYCLE
npm ERR! errno 87
npm ERR! oracledb@3.0.1 install: `node package/oracledbinstall.js`
npm ERR! Exit status 87
npm ERR! 
npm ERR! Failed at the oracledb@3.0.1 install script.
npm ERR! This is probably not a problem with npm. There is likely additional logging output above.

npm ERR! A complete log of this run can be found in:
npm ERR!     /github/home/.npm/_logs/2021-09-23T17_20_56_463Z-debug.log
npm WARN deprecated oracledb@3.1.0: Update to node-oracledb 5

> oracledb@3.1.0 install /__w/appoptics-apm-node/appoptics-apm-node/node_modules/oracledb
> node package/install.js

oracledb [31mERR![0m NJS-067: a pre-built node-oracledb binary was not found for Node.js v12.22.6 (NODE_MODULE_VERSION=72) on linux x64
oracledb [31mERR![0m Try compiling node-oracledb source code using https://oracle.github.io/node-oracledb/INSTALL.html#github
npm WARN optional SKIPPING OPTIONAL DEPENDENCY: fsevents@~2.3.1 (node_modules/chokidar/node_modules/fsevents):
npm WARN notsup SKIPPING OPTIONAL DEPENDENCY: Unsupported platform for fsevents@2.3.2: wanted {"os":"darwin","arch":"any"} (current: {"os":"linux","arch":"x64"})

npm ERR! code ELIFECYCLE
npm ERR! errno 87
npm ERR! oracledb@3.1.0 install: `node package/install.js`
npm ERR! Exit status 87
npm ERR! 
npm ERR! Failed at the oracledb@3.1.0 install script.
npm ERR! This is probably not a problem with npm. There is likely additional logging output above.

npm ERR! A complete log of this run can be found in:
npm ERR!     /github/home/.npm/_logs/2021-09-23T17_21_04_607Z-debug.log
npm WARN deprecated oracledb@3.1.1: Update to node-oracledb 5

> oracledb@3.1.1 install /__w/appoptics-apm-node/appoptics-apm-node/node_modules/oracledb
> node package/install.js

oracledb [31mERR![0m NJS-067: a pre-built node-oracledb binary was not found for Node.js v12.22.6 (NODE_MODULE_VERSION=72) on linux x64
oracledb [31mERR![0m Try compiling node-oracledb source code using https://oracle.github.io/node-oracledb/INSTALL.html#github
npm WARN optional SKIPPING OPTIONAL DEPENDENCY: fsevents@~2.3.1 (node_modules/chokidar/node_modules/fsevents):
npm WARN notsup SKIPPING OPTIONAL DEPENDENCY: Unsupported platform for fsevents@2.3.2: wanted {"os":"darwin","arch":"any"} (current: {"os":"linux","arch":"x64"})

npm ERR! code ELIFECYCLE
npm ERR! errno 87
npm ERR! oracledb@3.1.1 install: `node package/install.js`
npm ERR! Exit status 87
npm ERR! 
npm ERR! Failed at the oracledb@3.1.1 install script.
npm ERR! This is probably not a problem with npm. There is likely additional logging output above.

npm ERR! A complete log of this run can be found in:
npm ERR!     /github/home/.npm/_logs/2021-09-23T17_21_11_938Z-debug.log
npm WARN deprecated oracledb@3.1.2: Update to node-oracledb 5

> oracledb@3.1.2 install /__w/appoptics-apm-node/appoptics-apm-node/node_modules/oracledb
> node package/install.js

oracledb [31mERR![0m NJS-067: a pre-built node-oracledb binary was not found for Node.js v12.22.6 (NODE_MODULE_VERSION=72) on linux x64
oracledb [31mERR![0m Try compiling node-oracledb source code using https://oracle.github.io/node-oracledb/INSTALL.html#github
npm WARN optional SKIPPING OPTIONAL DEPENDENCY: fsevents@~2.3.1 (node_modules/chokidar/node_modules/fsevents):
npm WARN notsup SKIPPING OPTIONAL DEPENDENCY: Unsupported platform for fsevents@2.3.2: wanted {"os":"darwin","arch":"any"} (current: {"os":"linux","arch":"x64"})

npm ERR! code ELIFECYCLE
npm ERR! errno 87
npm ERR! oracledb@3.1.2 install: `node package/install.js`
npm ERR! Exit status 87
npm ERR! 
npm ERR! Failed at the oracledb@3.1.2 install script.
npm ERR! This is probably not a problem with npm. There is likely additional logging output above.

npm ERR! A complete log of this run can be found in:
npm ERR!     /github/home/.npm/_logs/2021-09-23T17_21_19_737Z-debug.log

> oracledb@4.0.0 install /__w/appoptics-apm-node/appoptics-apm-node/node_modules/oracledb
> node package/install.js

oracledb ********************************************************************************
oracledb ** Node-oracledb 4.0.0 installed for Node.js 12.22.6 (linux, x64)
oracledb **
oracledb ** To use node-oracledb:
oracledb ** - Oracle Client libraries (64-bit) must be configured with ldconfig or LD_LIBRARY_PATH
oracledb ** - To get libraries, install an Instant Client Basic or Basic Light package from
oracledb **   https://www.oracle.com/technetwork/topics/linuxx86-64soft-092277.html
oracledb **
oracledb ** Installation instructions: https://oracle.github.io/node-oracledb/INSTALL.html
oracledb ********************************************************************************

npm WARN optional SKIPPING OPTIONAL DEPENDENCY: fsevents@~2.3.1 (node_modules/chokidar/node_modules/fsevents):
npm WARN notsup SKIPPING OPTIONAL DEPENDENCY: Unsupported platform for fsevents@2.3.2: wanted {"os":"darwin","arch":"any"} (current: {"os":"linux","arch":"x64"})

+ oracledb@4.0.0
added 1 package and audited 1098 packages in 6.556s

72 packages are looking for funding
  run `npm fund` for details

found 23 vulnerabilities (5 low, 4 moderate, 12 high, 2 critical)
  run `npm audit fix` to fix them, or `npm audit` for details
2021-09-23T17:21:27.580Z appoptics:debug read config from /__w/appoptics-apm-node/appoptics-apm-node/appoptics-apm-config
2021-09-23T17:21:27.581Z appoptics:debug guc ignoring APPOPTICS_LOG_SETTINGS
2021-09-23T17:21:27.581Z appoptics:debug serviceKey dIOz...wWK0:ao-node-test
2021-09-23T17:21:27.581Z appoptics:debug using context provider: ace-context
2021-09-23T17:21:27.662Z appoptics:debug apm 10.1.0, bindings 11.1.0, oboe 10.1.1
2021-09-23T17:21:27.709Z appoptics:patching patched crypto 
2021-09-23T17:21:27.738Z appoptics:patching patched https 
2021-09-23T17:21:27.738Z appoptics:patching patched http 
2021-09-23T17:21:27.786Z appoptics:patching patched oracledb 4.0.0
2021-09-23T17:21:27.790Z appoptics:debug starting runtimeMetrics


  probes.oracledb 4.0.0
    âœ“ UDP might lose a message
2021-09-23T17:21:27.967Z appoptics:debug asking helper to execute test_basic
2021-09-23T17:21:27.968Z appoptics:debug test_basic being executed
2021-09-23T17:21:27.968Z appoptics:debug oracledb wrapping getConnection
2021-09-23T17:21:28.052Z appoptics:debug done with test_basic oracledb.getConnection
2021-09-23T17:21:28.179Z appoptics:debug test_basic query callback invoked
    âœ“ should trace execute calls (225ms)
2021-09-23T17:21:28.196Z appoptics:debug ORACLEDB wrapping createPool
2021-09-23T17:21:28.200Z appoptics:debug oracledb wrapping getConnection
2021-09-23T17:21:28.260Z appoptics:debug connection.execute() seems to be patched
2021-09-23T17:21:28.260Z appoptics:debug connection.commit() seems to be patched
2021-09-23T17:21:28.260Z appoptics:debug connection.rollback() seems to be patched
2021-09-23T17:21:28.260Z appoptics:debug connection.break() seems to be patched
2021-09-23T17:21:28.260Z appoptics:debug connection.release seems to be patched
    âœ“ should trace execute calls in pool (71ms)
2021-09-23T17:21:28.270Z appoptics:debug oracledb wrapping getConnection
2021-09-23T17:21:28.331Z appoptics:debug connection.execute() seems to be patched
2021-09-23T17:21:28.331Z appoptics:debug connection.commit() seems to be patched
2021-09-23T17:21:28.332Z appoptics:debug connection.rollback() seems to be patched
2021-09-23T17:21:28.332Z appoptics:debug connection.break() seems to be patched
2021-09-23T17:21:28.332Z appoptics:debug connection.release seems to be patched
    âœ“ should include correct isAutoCommit value (71ms)


  4 passing (393ms)


> oracledb@4.0.1 install /__w/appoptics-apm-node/appoptics-apm-node/node_modules/oracledb
> node package/install.js

oracledb ********************************************************************************
oracledb ** Node-oracledb 4.0.1 installed for Node.js 12.22.6 (linux, x64)
oracledb **
oracledb ** To use node-oracledb:
oracledb ** - Oracle Client libraries (64-bit) must be configured with ldconfig or LD_LIBRARY_PATH
oracledb ** - To get libraries, install an Instant Client Basic or Basic Light package from
oracledb **   https://www.oracle.com/technetwork/topics/linuxx86-64soft-092277.html
oracledb **
oracledb ** Installation instructions: https://oracle.github.io/node-oracledb/INSTALL.html
oracledb ********************************************************************************

npm WARN optional SKIPPING OPTIONAL DEPENDENCY: fsevents@~2.3.1 (node_modules/chokidar/node_modules/fsevents):
npm WARN notsup SKIPPING OPTIONAL DEPENDENCY: Unsupported platform for fsevents@2.3.2: wanted {"os":"darwin","arch":"any"} (current: {"os":"linux","arch":"x64"})

+ oracledb@4.0.1
updated 1 package and audited 1098 packages in 7.348s

72 packages are looking for funding
  run `npm fund` for details

found 23 vulnerabilities (5 low, 4 moderate, 12 high, 2 critical)
  run `npm audit fix` to fix them, or `npm audit` for details
2021-09-23T17:21:37.130Z appoptics:debug read config from /__w/appoptics-apm-node/appoptics-apm-node/appoptics-apm-config
2021-09-23T17:21:37.131Z appoptics:debug guc ignoring APPOPTICS_LOG_SETTINGS
2021-09-23T17:21:37.131Z appoptics:debug serviceKey dIOz...wWK0:ao-node-test
2021-09-23T17:21:37.132Z appoptics:debug using context provider: ace-context
2021-09-23T17:21:37.206Z appoptics:debug apm 10.1.0, bindings 11.1.0, oboe 10.1.1
2021-09-23T17:21:37.249Z appoptics:patching patched crypto 
2021-09-23T17:21:37.281Z appoptics:patching patched https 
2021-09-23T17:21:37.282Z appoptics:patching patched http 
2021-09-23T17:21:37.319Z appoptics:patching patched oracledb 4.0.1
2021-09-23T17:21:37.324Z appoptics:debug starting runtimeMetrics


  probes.oracledb 4.0.1
    âœ“ UDP might lose a message
2021-09-23T17:21:37.513Z appoptics:debug asking helper to execute test_basic
2021-09-23T17:21:37.513Z appoptics:debug test_basic being executed
2021-09-23T17:21:37.513Z appoptics:debug oracledb wrapping getConnection
2021-09-23T17:21:37.523Z appoptics:debug done with test_basic oracledb.getConnection
2021-09-23T17:21:37.574Z appoptics:debug test_basic query callback invoked
    âœ“ should trace execute calls (73ms)
2021-09-23T17:21:37.590Z appoptics:debug ORACLEDB wrapping createPool
2021-09-23T17:21:37.593Z appoptics:debug oracledb wrapping getConnection
2021-09-23T17:21:37.657Z appoptics:debug connection.execute() seems to be patched
2021-09-23T17:21:37.657Z appoptics:debug connection.commit() seems to be patched
2021-09-23T17:21:37.657Z appoptics:debug connection.rollback() seems to be patched
2021-09-23T17:21:37.657Z appoptics:debug connection.break() seems to be patched
2021-09-23T17:21:37.657Z appoptics:debug connection.release seems to be patched
    âœ“ should trace execute calls in pool (71ms)
2021-09-23T17:21:37.661Z appoptics:debug oracledb wrapping getConnection
2021-09-23T17:21:37.702Z appoptics:debug connection.execute() seems to be patched
2021-09-23T17:21:37.702Z appoptics:debug connection.commit() seems to be patched
2021-09-23T17:21:37.702Z appoptics:debug connection.rollback() seems to be patched
2021-09-23T17:21:37.702Z appoptics:debug connection.break() seems to be patched
2021-09-23T17:21:37.702Z appoptics:debug connection.release seems to be patched
    âœ“ should include correct isAutoCommit value (48ms)


  4 passing (219ms)


> oracledb@4.1.0 install /__w/appoptics-apm-node/appoptics-apm-node/node_modules/oracledb
> node package/install.js

oracledb ********************************************************************************
oracledb ** Node-oracledb 4.1.0 installed for Node.js 12.22.6 (linux, x64)
oracledb **
oracledb ** To use node-oracledb:
oracledb ** - Oracle Client libraries (64-bit) must be configured with ldconfig or LD_LIBRARY_PATH
oracledb ** - To get libraries, install an Instant Client Basic or Basic Light package from
oracledb **   https://www.oracle.com/technetwork/topics/linuxx86-64soft-092277.html
oracledb **
oracledb ** Installation instructions: https://oracle.github.io/node-oracledb/INSTALL.html
oracledb ********************************************************************************

npm WARN optional SKIPPING OPTIONAL DEPENDENCY: fsevents@~2.3.1 (node_modules/chokidar/node_modules/fsevents):
npm WARN notsup SKIPPING OPTIONAL DEPENDENCY: Unsupported platform for fsevents@2.3.2: wanted {"os":"darwin","arch":"any"} (current: {"os":"linux","arch":"x64"})

+ oracledb@4.1.0
updated 1 package and audited 1098 packages in 7.195s

72 packages are looking for funding
  run `npm fund` for details

found 23 vulnerabilities (5 low, 4 moderate, 12 high, 2 critical)
  run `npm audit fix` to fix them, or `npm audit` for details
2021-09-23T17:21:46.418Z appoptics:debug read config from /__w/appoptics-apm-node/appoptics-apm-node/appoptics-apm-config
2021-09-23T17:21:46.419Z appoptics:debug guc ignoring APPOPTICS_LOG_SETTINGS
2021-09-23T17:21:46.419Z appoptics:debug serviceKey dIOz...wWK0:ao-node-test
2021-09-23T17:21:46.420Z appoptics:debug using context provider: ace-context
2021-09-23T17:21:46.503Z appoptics:debug apm 10.1.0, bindings 11.1.0, oboe 10.1.1
2021-09-23T17:21:46.565Z appoptics:patching patched crypto 
2021-09-23T17:21:46.604Z appoptics:patching patched https 
2021-09-23T17:21:46.606Z appoptics:patching patched http 
2021-09-23T17:21:46.669Z appoptics:patching patched oracledb 4.1.0
2021-09-23T17:21:46.673Z appoptics:debug starting runtimeMetrics


  probes.oracledb 4.1.0
    âœ“ UDP might lose a message
2021-09-23T17:21:46.878Z appoptics:debug asking helper to execute test_basic
2021-09-23T17:21:46.879Z appoptics:debug test_basic being executed
2021-09-23T17:21:46.879Z appoptics:debug oracledb wrapping getConnection
2021-09-23T17:21:46.892Z appoptics:debug done with test_basic oracledb.getConnection
2021-09-23T17:21:46.937Z appoptics:debug test_basic query callback invoked
    âœ“ should trace execute calls (65ms)
2021-09-23T17:21:46.950Z appoptics:debug ORACLEDB wrapping createPool
2021-09-23T17:21:46.953Z appoptics:debug oracledb wrapping getConnection
2021-09-23T17:21:46.993Z appoptics:debug connection.execute() seems to be patched
2021-09-23T17:21:46.993Z appoptics:debug connection.commit() seems to be patched
2021-09-23T17:21:46.993Z appoptics:debug connection.rollback() seems to be patched
2021-09-23T17:21:46.994Z appoptics:debug connection.break() seems to be patched
2021-09-23T17:21:46.994Z appoptics:debug connection.release seems to be patched
    âœ“ should trace execute calls in pool (46ms)
2021-09-23T17:21:46.997Z appoptics:debug oracledb wrapping getConnection
2021-09-23T17:21:47.041Z appoptics:debug connection.execute() seems to be patched
2021-09-23T17:21:47.041Z appoptics:debug connection.commit() seems to be patched
2021-09-23T17:21:47.041Z appoptics:debug connection.rollback() seems to be patched
2021-09-23T17:21:47.041Z appoptics:debug connection.break() seems to be patched
2021-09-23T17:21:47.041Z appoptics:debug connection.release seems to be patched
    âœ“ should include correct isAutoCommit value (51ms)


  4 passing (191ms)


> oracledb@4.2.0 install /__w/appoptics-apm-node/appoptics-apm-node/node_modules/oracledb
> node package/install.js

oracledb ********************************************************************************
oracledb ** Node-oracledb 4.2.0 installed for Node.js 12.22.6 (linux, x64)
oracledb **
oracledb ** To use node-oracledb:
oracledb ** - Oracle Client libraries (64-bit) must be configured with ldconfig or LD_LIBRARY_PATH
oracledb ** - To get libraries, install an Instant Client Basic or Basic Light package from
oracledb **   https://www.oracle.com/database/technologies/instant-client/linux-x86-64-downloads.html
oracledb **
oracledb ** Installation instructions: https://oracle.github.io/node-oracledb/INSTALL.html
oracledb ********************************************************************************

npm WARN optional SKIPPING OPTIONAL DEPENDENCY: fsevents@~2.3.1 (node_modules/chokidar/node_modules/fsevents):
npm WARN notsup SKIPPING OPTIONAL DEPENDENCY: Unsupported platform for fsevents@2.3.2: wanted {"os":"darwin","arch":"any"} (current: {"os":"linux","arch":"x64"})

+ oracledb@4.2.0
updated 1 package and audited 1098 packages in 6.289s

72 packages are looking for funding
  run `npm fund` for details

found 23 vulnerabilities (5 low, 4 moderate, 12 high, 2 critical)
  run `npm audit fix` to fix them, or `npm audit` for details
2021-09-23T17:21:54.669Z appoptics:debug read config from /__w/appoptics-apm-node/appoptics-apm-node/appoptics-apm-config
2021-09-23T17:21:54.670Z appoptics:debug guc ignoring APPOPTICS_LOG_SETTINGS
2021-09-23T17:21:54.670Z appoptics:debug serviceKey dIOz...wWK0:ao-node-test
2021-09-23T17:21:54.671Z appoptics:debug using context provider: ace-context
2021-09-23T17:21:54.758Z appoptics:debug apm 10.1.0, bindings 11.1.0, oboe 10.1.1
2021-09-23T17:21:54.809Z appoptics:patching patched crypto 
2021-09-23T17:21:54.834Z appoptics:patching patched https 
2021-09-23T17:21:54.835Z appoptics:patching patched http 
2021-09-23T17:21:54.911Z appoptics:patching patched oracledb 4.2.0
2021-09-23T17:21:54.915Z appoptics:debug starting runtimeMetrics


  probes.oracledb 4.2.0
    âœ“ UDP might lose a message
2021-09-23T17:21:55.129Z appoptics:debug asking helper to execute test_basic
2021-09-23T17:21:55.129Z appoptics:debug test_basic being executed
2021-09-23T17:21:55.129Z appoptics:debug oracledb wrapping getConnection
2021-09-23T17:21:55.140Z appoptics:debug done with test_basic oracledb.getConnection
2021-09-23T17:21:55.202Z appoptics:debug test_basic query callback invoked
    âœ“ should trace execute calls (81ms)
2021-09-23T17:21:55.213Z appoptics:debug ORACLEDB wrapping createPool
2021-09-23T17:21:55.220Z appoptics:debug oracledb wrapping getConnection
2021-09-23T17:21:55.274Z appoptics:debug connection.execute() seems to be patched
2021-09-23T17:21:55.274Z appoptics:debug connection.commit() seems to be patched
2021-09-23T17:21:55.274Z appoptics:debug connection.rollback() seems to be patched
2021-09-23T17:21:55.274Z appoptics:debug connection.break() seems to be patched
2021-09-23T17:21:55.274Z appoptics:debug connection.release seems to be patched
    âœ“ should trace execute calls in pool (65ms)
2021-09-23T17:21:55.278Z appoptics:debug oracledb wrapping getConnection
2021-09-23T17:21:55.324Z appoptics:debug connection.execute() seems to be patched
2021-09-23T17:21:55.324Z appoptics:debug connection.commit() seems to be patched
2021-09-23T17:21:55.324Z appoptics:debug connection.rollback() seems to be patched
2021-09-23T17:21:55.324Z appoptics:debug connection.break() seems to be patched
2021-09-23T17:21:55.324Z appoptics:debug connection.release seems to be patched
    âœ“ should include correct isAutoCommit value (53ms)


  4 passing (226ms)


> oracledb@5.0.0 install /__w/appoptics-apm-node/appoptics-apm-node/node_modules/oracledb
> node package/install.js

oracledb ********************************************************************************
oracledb ** Node-oracledb 5.0.0 installed for Node.js 12.22.6 (linux, x64)
oracledb **
oracledb ** To use node-oracledb:
oracledb ** - Oracle Client libraries (64-bit) must be available.
oracledb ** - Follow the installation instructions:
oracledb **   https://oracle.github.io/node-oracledb/INSTALL.html#linuxinstall
oracledb ********************************************************************************

npm WARN optional SKIPPING OPTIONAL DEPENDENCY: fsevents@~2.3.1 (node_modules/chokidar/node_modules/fsevents):
npm WARN notsup SKIPPING OPTIONAL DEPENDENCY: Unsupported platform for fsevents@2.3.2: wanted {"os":"darwin","arch":"any"} (current: {"os":"linux","arch":"x64"})

+ oracledb@5.0.0
updated 1 package and audited 1098 packages in 7.154s

72 packages are looking for funding
  run `npm fund` for details

found 23 vulnerabilities (5 low, 4 moderate, 12 high, 2 critical)
  run `npm audit fix` to fix them, or `npm audit` for details
2021-09-23T17:22:04.120Z appoptics:debug read config from /__w/appoptics-apm-node/appoptics-apm-node/appoptics-apm-config
2021-09-23T17:22:04.121Z appoptics:debug guc ignoring APPOPTICS_LOG_SETTINGS
2021-09-23T17:22:04.121Z appoptics:debug serviceKey dIOz...wWK0:ao-node-test
2021-09-23T17:22:04.122Z appoptics:debug using context provider: ace-context
2021-09-23T17:22:04.201Z appoptics:debug apm 10.1.0, bindings 11.1.0, oboe 10.1.1
2021-09-23T17:22:04.240Z appoptics:patching patched crypto 
2021-09-23T17:22:04.261Z appoptics:patching patched https 
2021-09-23T17:22:04.261Z appoptics:patching patched http 
2021-09-23T17:22:04.305Z appoptics:patching patched oracledb 5.0.0
2021-09-23T17:22:04.308Z appoptics:debug starting runtimeMetrics


  probes.oracledb 5.0.0
    âœ“ UDP might lose a message
2021-09-23T17:22:04.479Z appoptics:debug asking helper to execute test_basic
2021-09-23T17:22:04.479Z appoptics:debug test_basic being executed
2021-09-23T17:22:04.479Z appoptics:debug oracledb wrapping getConnection
2021-09-23T17:22:04.488Z appoptics:debug done with test_basic oracledb.getConnection
2021-09-23T17:22:04.533Z appoptics:debug test_basic query callback invoked
    âœ“ should trace execute calls (60ms)
2021-09-23T17:22:04.541Z appoptics:debug ORACLEDB wrapping createPool
2021-09-23T17:22:04.544Z appoptics:debug oracledb wrapping getConnection
2021-09-23T17:22:04.583Z appoptics:debug connection.execute() seems to be patched
2021-09-23T17:22:04.583Z appoptics:debug connection.commit() seems to be patched
2021-09-23T17:22:04.583Z appoptics:debug connection.rollback() seems to be patched
2021-09-23T17:22:04.583Z appoptics:debug connection.break() seems to be patched
2021-09-23T17:22:04.583Z appoptics:debug connection.release seems to be patched
    âœ“ should trace execute calls in pool (46ms)
2021-09-23T17:22:04.587Z appoptics:debug oracledb wrapping getConnection
2021-09-23T17:22:04.627Z appoptics:debug connection.execute() seems to be patched
2021-09-23T17:22:04.627Z appoptics:debug connection.commit() seems to be patched
2021-09-23T17:22:04.627Z appoptics:debug connection.rollback() seems to be patched
2021-09-23T17:22:04.627Z appoptics:debug connection.break() seems to be patched
2021-09-23T17:22:04.627Z appoptics:debug connection.release seems to be patched
    âœ“ should include correct isAutoCommit value (47ms)


  4 passing (174ms)


> oracledb@5.1.0 install /__w/appoptics-apm-node/appoptics-apm-node/node_modules/oracledb
> node package/install.js

oracledb ********************************************************************************
oracledb ** Node-oracledb 5.1.0 installed for Node.js 12.22.6 (linux, x64)
oracledb **
oracledb ** To use node-oracledb:
oracledb ** - Oracle Client libraries (64-bit) must be available.
oracledb ** - Follow the installation instructions:
oracledb **   https://oracle.github.io/node-oracledb/INSTALL.html#linuxinstall
oracledb ********************************************************************************

npm WARN optional SKIPPING OPTIONAL DEPENDENCY: fsevents@~2.3.1 (node_modules/chokidar/node_modules/fsevents):
npm WARN notsup SKIPPING OPTIONAL DEPENDENCY: Unsupported platform for fsevents@2.3.2: wanted {"os":"darwin","arch":"any"} (current: {"os":"linux","arch":"x64"})

+ oracledb@5.1.0
updated 1 package and audited 1098 packages in 7.656s

72 packages are looking for funding
  run `npm fund` for details

found 23 vulnerabilities (5 low, 4 moderate, 12 high, 2 critical)
  run `npm audit fix` to fix them, or `npm audit` for details
2021-09-23T17:22:13.564Z appoptics:debug read config from /__w/appoptics-apm-node/appoptics-apm-node/appoptics-apm-config
2021-09-23T17:22:13.565Z appoptics:debug guc ignoring APPOPTICS_LOG_SETTINGS
2021-09-23T17:22:13.565Z appoptics:debug serviceKey dIOz...wWK0:ao-node-test
2021-09-23T17:22:13.566Z appoptics:debug using context provider: ace-context
2021-09-23T17:22:13.645Z appoptics:debug apm 10.1.0, bindings 11.1.0, oboe 10.1.1
2021-09-23T17:22:13.685Z appoptics:patching patched crypto 
2021-09-23T17:22:13.707Z appoptics:patching patched https 
2021-09-23T17:22:13.707Z appoptics:patching patched http 
2021-09-23T17:22:13.757Z appoptics:patching patched oracledb 5.1.0
2021-09-23T17:22:13.761Z appoptics:debug starting runtimeMetrics


  probes.oracledb 5.1.0
    âœ“ UDP might lose a message
2021-09-23T17:22:13.939Z appoptics:debug asking helper to execute test_basic
2021-09-23T17:22:13.939Z appoptics:debug test_basic being executed
2021-09-23T17:22:13.939Z appoptics:debug oracledb wrapping getConnection
2021-09-23T17:22:13.949Z appoptics:debug done with test_basic oracledb.getConnection
2021-09-23T17:22:13.993Z appoptics:debug test_basic query callback invoked
    âœ“ should trace execute calls (59ms)
2021-09-23T17:22:14.003Z appoptics:debug ORACLEDB wrapping createPool
2021-09-23T17:22:14.008Z appoptics:debug oracledb wrapping getConnection
2021-09-23T17:22:14.048Z appoptics:debug connection.execute() seems to be patched
2021-09-23T17:22:14.048Z appoptics:debug connection.commit() seems to be patched
2021-09-23T17:22:14.048Z appoptics:debug connection.rollback() seems to be patched
2021-09-23T17:22:14.048Z appoptics:debug connection.break() seems to be patched
2021-09-23T17:22:14.048Z appoptics:debug connection.release seems to be patched
    âœ“ should trace execute calls in pool (49ms)
2021-09-23T17:22:14.052Z appoptics:debug oracledb wrapping getConnection
2021-09-23T17:22:14.092Z appoptics:debug connection.execute() seems to be patched
2021-09-23T17:22:14.092Z appoptics:debug connection.commit() seems to be patched
2021-09-23T17:22:14.092Z appoptics:debug connection.rollback() seems to be patched
2021-09-23T17:22:14.092Z appoptics:debug connection.break() seems to be patched
2021-09-23T17:22:14.092Z appoptics:debug connection.release seems to be patched
    âœ“ should include correct isAutoCommit value (49ms)


  4 passing (192ms)


> oracledb@5.2.0 install /__w/appoptics-apm-node/appoptics-apm-node/node_modules/oracledb
> node package/install.js

oracledb ********************************************************************************
oracledb ** Node-oracledb 5.2.0 installed in Node.js 12.22.6 (linux, x64)
oracledb **
oracledb ** To use node-oracledb:
oracledb ** - Oracle Client libraries (64-bit) must be available.
oracledb ** - Follow the installation instructions:
oracledb **   https://oracle.github.io/node-oracledb/INSTALL.html#linuxinstall
oracledb ********************************************************************************

npm WARN optional SKIPPING OPTIONAL DEPENDENCY: fsevents@~2.3.1 (node_modules/chokidar/node_modules/fsevents):
npm WARN notsup SKIPPING OPTIONAL DEPENDENCY: Unsupported platform for fsevents@2.3.2: wanted {"os":"darwin","arch":"any"} (current: {"os":"linux","arch":"x64"})

+ oracledb@5.2.0
updated 1 package and audited 1098 packages in 6.345s

72 packages are looking for funding
  run `npm fund` for details

found 23 vulnerabilities (5 low, 4 moderate, 12 high, 2 critical)
  run `npm audit fix` to fix them, or `npm audit` for details
2021-09-23T17:22:22.143Z appoptics:debug read config from /__w/appoptics-apm-node/appoptics-apm-node/appoptics-apm-config
2021-09-23T17:22:22.144Z appoptics:debug guc ignoring APPOPTICS_LOG_SETTINGS
2021-09-23T17:22:22.144Z appoptics:debug serviceKey dIOz...wWK0:ao-node-test
2021-09-23T17:22:22.144Z appoptics:debug using context provider: ace-context
2021-09-23T17:22:22.262Z appoptics:debug apm 10.1.0, bindings 11.1.0, oboe 10.1.1
2021-09-23T17:22:22.326Z appoptics:patching patched crypto 
2021-09-23T17:22:22.392Z appoptics:patching patched https 
2021-09-23T17:22:22.392Z appoptics:patching patched http 
2021-09-23T17:22:22.445Z appoptics:patching patched oracledb 5.2.0
2021-09-23T17:22:22.449Z appoptics:debug starting runtimeMetrics


  probes.oracledb 5.2.0
    âœ“ UDP might lose a message
2021-09-23T17:22:22.724Z appoptics:debug asking helper to execute test_basic
2021-09-23T17:22:22.725Z appoptics:debug test_basic being executed
2021-09-23T17:22:22.725Z appoptics:debug oracledb wrapping getConnection
2021-09-23T17:22:22.741Z appoptics:debug done with test_basic oracledb.getConnection
2021-09-23T17:22:22.796Z appoptics:debug test_basic query callback invoked
    âœ“ should trace execute calls (80ms)
2021-09-23T17:22:22.809Z appoptics:debug ORACLEDB wrapping createPool
2021-09-23T17:22:22.813Z appoptics:debug oracledb wrapping getConnection
2021-09-23T17:22:22.859Z appoptics:debug connection.execute() seems to be patched
2021-09-23T17:22:22.859Z appoptics:debug connection.commit() seems to be patched
2021-09-23T17:22:22.859Z appoptics:debug connection.rollback() seems to be patched
2021-09-23T17:22:22.859Z appoptics:debug connection.break() seems to be patched
2021-09-23T17:22:22.860Z appoptics:debug connection.release seems to be patched
    âœ“ should trace execute calls in pool (55ms)
2021-09-23T17:22:22.865Z appoptics:debug oracledb wrapping getConnection
2021-09-23T17:22:22.910Z appoptics:debug connection.execute() seems to be patched
2021-09-23T17:22:22.910Z appoptics:debug connection.commit() seems to be patched
2021-09-23T17:22:22.910Z appoptics:debug connection.rollback() seems to be patched
2021-09-23T17:22:22.910Z appoptics:debug connection.break() seems to be patched
2021-09-23T17:22:22.911Z appoptics:debug connection.release seems to be patched
    âœ“ should include correct isAutoCommit value (62ms)


  4 passing (228ms)


> oracledb@5.2.0 install /__w/appoptics-apm-node/appoptics-apm-node/node_modules/oracledb
> node package/install.js

oracledb ********************************************************************************
oracledb ** Node-oracledb 5.2.0 installed in Node.js 12.22.6 (linux, x64)
oracledb **
oracledb ** To use node-oracledb:
oracledb ** - Oracle Client libraries (64-bit) must be available.
oracledb ** - Follow the installation instructions:
oracledb **   https://oracle.github.io/node-oracledb/INSTALL.html#linuxinstall
oracledb ********************************************************************************

npm WARN optional SKIPPING OPTIONAL DEPENDENCY: fsevents@~2.3.1 (node_modules/chokidar/node_modules/fsevents):
npm WARN notsup SKIPPING OPTIONAL DEPENDENCY: Unsupported platform for fsevents@2.3.2: wanted {"os":"darwin","arch":"any"} (current: {"os":"linux","arch":"x64"})

+ oracledb@5.2.0
updated 1 package and audited 1098 packages in 6.096s

72 packages are looking for funding
  run `npm fund` for details

found 23 vulnerabilities (5 low, 4 moderate, 12 high, 2 critical)
  run `npm audit fix` to fix them, or `npm audit` for details
