npm WARN deprecated oracledb@2.0.14: Update to node-oracledb 5

> oracledb@2.0.14 install /__w/appoptics-apm-node/appoptics-apm-node/node_modules/oracledb
> node package/oracledbinstall.js

oracledb Beginning installation
oracledb Verifying installation
oracledb Binary not found
oracledb Continuing installation
oracledb [31mERR![0m NJS-054: Binary build/Release/oracledb.node was not installed from oracledb-v2.0.14-node-v72-linux-x64.gz
oracledb [31mERR![0m EACCES: permission denied, mkdir 'build'
oracledb [31mERR![0m If the error is not network or filesystem related, then review 
oracledb [31mERR![0m the Python 2.7 and compiler prerequisites in the installation instructions and
oracledb [31mERR![0m then install from source code with: npm install oracle/node-oracledb.git#v2.0.14
oracledb [31mERR![0m See https://github.com/oracle/node-oracledb/blob/master/INSTALL.md 

npm WARN optional SKIPPING OPTIONAL DEPENDENCY: fsevents@~2.3.1 (node_modules/chokidar/node_modules/fsevents):
npm WARN notsup SKIPPING OPTIONAL DEPENDENCY: Unsupported platform for fsevents@2.3.2: wanted {"os":"darwin","arch":"any"} (current: {"os":"linux","arch":"x64"})

npm ERR! code ELIFECYCLE
npm ERR! errno 87
npm ERR! oracledb@2.0.14 install: `node package/oracledbinstall.js`
npm ERR! Exit status 87
npm ERR! 
npm ERR! Failed at the oracledb@2.0.14 install script.
npm ERR! This is probably not a problem with npm. There is likely additional logging output above.

npm ERR! A complete log of this run can be found in:
npm ERR!     /github/home/.npm/_logs/2021-11-23T06_33_33_376Z-debug.log
npm WARN deprecated oracledb@2.0.15: Update to node-oracledb 5

> oracledb@2.0.15 install /__w/appoptics-apm-node/appoptics-apm-node/node_modules/oracledb
> node package/oracledbinstall.js

oracledb Beginning installation
oracledb Verifying installation
oracledb Binary not found
oracledb Continuing installation
oracledb [31mERR![0m NJS-054: Binary build/Release/oracledb.node was not installed from oracledb-v2.0.15-node-v72-linux-x64.gz
oracledb [31mERR![0m EACCES: permission denied, mkdir 'build'
oracledb [31mERR![0m If the error is not network or filesystem related, then review 
oracledb [31mERR![0m the Python 2.7 and compiler prerequisites in the installation instructions and
oracledb [31mERR![0m then install from source code with: npm install oracle/node-oracledb.git#v2.0.15
oracledb [31mERR![0m See https://github.com/oracle/node-oracledb/blob/master/INSTALL.md 

npm WARN optional SKIPPING OPTIONAL DEPENDENCY: fsevents@~2.3.1 (node_modules/chokidar/node_modules/fsevents):
npm WARN notsup SKIPPING OPTIONAL DEPENDENCY: Unsupported platform for fsevents@2.3.2: wanted {"os":"darwin","arch":"any"} (current: {"os":"linux","arch":"x64"})

npm ERR! code ELIFECYCLE
npm ERR! errno 87
npm ERR! oracledb@2.0.15 install: `node package/oracledbinstall.js`
npm ERR! Exit status 87
npm ERR! 
npm ERR! Failed at the oracledb@2.0.15 install script.
npm ERR! This is probably not a problem with npm. There is likely additional logging output above.

npm ERR! A complete log of this run can be found in:
npm ERR!     /github/home/.npm/_logs/2021-11-23T06_33_39_934Z-debug.log
npm WARN deprecated oracledb@2.1.0: Update to node-oracledb 5

> oracledb@2.1.0 install /__w/appoptics-apm-node/appoptics-apm-node/node_modules/oracledb
> node package/oracledbinstall.js

oracledb Beginning installation
oracledb Verifying installation
oracledb Binary not found
oracledb Continuing installation
oracledb [31mERR![0m NJS-054: Binary build/Release/oracledb.node was not installed from oracledb-v2.1.0-node-v72-linux-x64.gz
oracledb [31mERR![0m EACCES: permission denied, mkdir 'build'
oracledb [31mERR![0m If the error is not network or filesystem related, then review 
oracledb [31mERR![0m the Python 2.7 and compiler prerequisites in the installation instructions and
oracledb [31mERR![0m then install from source code with: npm install oracle/node-oracledb.git#v2.1.0
oracledb [31mERR![0m See https://github.com/oracle/node-oracledb/blob/master/INSTALL.md 

npm WARN optional SKIPPING OPTIONAL DEPENDENCY: fsevents@~2.3.1 (node_modules/chokidar/node_modules/fsevents):
npm WARN notsup SKIPPING OPTIONAL DEPENDENCY: Unsupported platform for fsevents@2.3.2: wanted {"os":"darwin","arch":"any"} (current: {"os":"linux","arch":"x64"})

npm ERR! code ELIFECYCLE
npm ERR! errno 87
npm ERR! oracledb@2.1.0 install: `node package/oracledbinstall.js`
npm ERR! Exit status 87
npm ERR! 
npm ERR! Failed at the oracledb@2.1.0 install script.
npm ERR! This is probably not a problem with npm. There is likely additional logging output above.

npm ERR! A complete log of this run can be found in:
npm ERR!     /github/home/.npm/_logs/2021-11-23T06_33_45_174Z-debug.log
npm WARN deprecated oracledb@2.1.1: Update to node-oracledb 5

> oracledb@2.1.1 install /__w/appoptics-apm-node/appoptics-apm-node/node_modules/oracledb
> node package/oracledbinstall.js

oracledb Beginning installation
oracledb Verifying installation
oracledb Binary not found
oracledb Continuing installation
oracledb [31mERR![0m NJS-054: Binary build/Release/oracledb.node was not installed from oracledb-v2.1.1-node-v72-linux-x64.gz
oracledb [31mERR![0m EACCES: permission denied, mkdir 'build'
oracledb [31mERR![0m If the error is not network or filesystem related, then review 
oracledb [31mERR![0m the Python 2.7 and compiler prerequisites in the installation instructions and
oracledb [31mERR![0m then install from source code with: npm install oracle/node-oracledb.git#v2.1.1
oracledb [31mERR![0m See https://github.com/oracle/node-oracledb/blob/master/INSTALL.md 

npm WARN optional SKIPPING OPTIONAL DEPENDENCY: fsevents@~2.3.1 (node_modules/chokidar/node_modules/fsevents):
npm WARN notsup SKIPPING OPTIONAL DEPENDENCY: Unsupported platform for fsevents@2.3.2: wanted {"os":"darwin","arch":"any"} (current: {"os":"linux","arch":"x64"})

npm ERR! code ELIFECYCLE
npm ERR! errno 87
npm ERR! oracledb@2.1.1 install: `node package/oracledbinstall.js`
npm ERR! Exit status 87
npm ERR! 
npm ERR! Failed at the oracledb@2.1.1 install script.
npm ERR! This is probably not a problem with npm. There is likely additional logging output above.

npm ERR! A complete log of this run can be found in:
npm ERR!     /github/home/.npm/_logs/2021-11-23T06_33_51_387Z-debug.log
npm WARN deprecated oracledb@2.1.2: Update to node-oracledb 5

> oracledb@2.1.2 install /__w/appoptics-apm-node/appoptics-apm-node/node_modules/oracledb
> node package/oracledbinstall.js

oracledb Beginning installation
oracledb Verifying installation
oracledb Binary not found
oracledb Continuing installation
oracledb [31mERR![0m NJS-054: Binary build/Release/oracledb.node was not installed from oracledb-v2.1.2-node-v72-linux-x64.gz
oracledb [31mERR![0m EACCES: permission denied, mkdir 'build'
oracledb [31mERR![0m If the error is not network or filesystem related, then review 
oracledb [31mERR![0m the Python 2.7 and compiler prerequisites in the installation instructions and
oracledb [31mERR![0m then install from source code with: npm install oracle/node-oracledb.git#v2.1.2
oracledb [31mERR![0m See https://github.com/oracle/node-oracledb/blob/master/INSTALL.md 

npm WARN optional SKIPPING OPTIONAL DEPENDENCY: fsevents@~2.3.1 (node_modules/chokidar/node_modules/fsevents):
npm WARN notsup SKIPPING OPTIONAL DEPENDENCY: Unsupported platform for fsevents@2.3.2: wanted {"os":"darwin","arch":"any"} (current: {"os":"linux","arch":"x64"})

npm ERR! code ELIFECYCLE
npm ERR! errno 87
npm ERR! oracledb@2.1.2 install: `node package/oracledbinstall.js`
npm ERR! Exit status 87
npm ERR! 
npm ERR! Failed at the oracledb@2.1.2 install script.
npm ERR! This is probably not a problem with npm. There is likely additional logging output above.

npm ERR! A complete log of this run can be found in:
npm ERR!     /github/home/.npm/_logs/2021-11-23T06_33_56_968Z-debug.log
npm WARN deprecated oracledb@2.2.0: Update to node-oracledb 5

> oracledb@2.2.0 install /__w/appoptics-apm-node/appoptics-apm-node/node_modules/oracledb
> node package/oracledbinstall.js

oracledb Beginning installation
oracledb Verifying installation
oracledb Continuing installation
oracledb [31mERR![0m NJS-054: Binary build/Release/oracledb.node was not installed.
oracledb [31mERR![0m Pre-built binary packages are not available for this version of Node.js (NODE_MODULE_VERSION="72")
oracledb [31mERR![0m Failed to install binary package oracledb-v2.2.0-node-v72-linux-x64.gz
oracledb [31mERR![0m EACCES: permission denied, mkdir 'build'
oracledb [31mERR![0m For help see https://oracle.github.io/node-oracledb/INSTALL.html#troubleshooting

npm WARN optional SKIPPING OPTIONAL DEPENDENCY: fsevents@~2.3.1 (node_modules/chokidar/node_modules/fsevents):
npm WARN notsup SKIPPING OPTIONAL DEPENDENCY: Unsupported platform for fsevents@2.3.2: wanted {"os":"darwin","arch":"any"} (current: {"os":"linux","arch":"x64"})

npm ERR! code ELIFECYCLE
npm ERR! errno 87
npm ERR! oracledb@2.2.0 install: `node package/oracledbinstall.js`
npm ERR! Exit status 87
npm ERR! 
npm ERR! Failed at the oracledb@2.2.0 install script.
npm ERR! This is probably not a problem with npm. There is likely additional logging output above.

npm ERR! A complete log of this run can be found in:
npm ERR!     /github/home/.npm/_logs/2021-11-23T06_34_02_603Z-debug.log
npm WARN deprecated oracledb@2.3.0: Update to node-oracledb 5

> oracledb@2.3.0 install /__w/appoptics-apm-node/appoptics-apm-node/node_modules/oracledb
> node package/oracledbinstall.js

oracledb Beginning installation
oracledb Verifying installation
oracledb Continuing installation
oracledb [31mERR![0m NJS-054: Binary build/Release/oracledb.node was not installed.
oracledb [31mERR![0m Pre-built binary packages are not available for this version of Node.js (NODE_MODULE_VERSION="72")
oracledb [31mERR![0m Failed to install binary package oracledb-v2.3.0-node-v72-linux-x64.gz
oracledb [31mERR![0m EACCES: permission denied, mkdir 'build'
oracledb [31mERR![0m For help see https://oracle.github.io/node-oracledb/INSTALL.html#troubleshooting

npm WARN optional SKIPPING OPTIONAL DEPENDENCY: fsevents@~2.3.1 (node_modules/chokidar/node_modules/fsevents):
npm WARN notsup SKIPPING OPTIONAL DEPENDENCY: Unsupported platform for fsevents@2.3.2: wanted {"os":"darwin","arch":"any"} (current: {"os":"linux","arch":"x64"})

npm ERR! code ELIFECYCLE
npm ERR! errno 87
npm ERR! oracledb@2.3.0 install: `node package/oracledbinstall.js`
npm ERR! Exit status 87
npm ERR! 
npm ERR! Failed at the oracledb@2.3.0 install script.
npm ERR! This is probably not a problem with npm. There is likely additional logging output above.

npm ERR! A complete log of this run can be found in:
npm ERR!     /github/home/.npm/_logs/2021-11-23T06_34_07_614Z-debug.log
npm WARN deprecated oracledb@3.0.0: Update to node-oracledb 5

> oracledb@3.0.0 install /__w/appoptics-apm-node/appoptics-apm-node/node_modules/oracledb
> node package/oracledbinstall.js

oracledb Beginning installation
oracledb Verifying installation
oracledb Continuing installation
oracledb [31mERR![0m NJS-054: Binary build/Release/oracledb.node was not installed.
oracledb [31mERR![0m Pre-built binary packages are not available for this version of Node.js (NODE_MODULE_VERSION="72")
oracledb [31mERR![0m Failed to install binary package oracledb-v3.0.0-node-abi72-linux-x64.gz
oracledb [31mERR![0m EACCES: permission denied, mkdir 'build'
oracledb [31mERR![0m For help see https://oracle.github.io/node-oracledb/INSTALL.html#troubleshooting

npm WARN optional SKIPPING OPTIONAL DEPENDENCY: fsevents@~2.3.1 (node_modules/chokidar/node_modules/fsevents):
npm WARN notsup SKIPPING OPTIONAL DEPENDENCY: Unsupported platform for fsevents@2.3.2: wanted {"os":"darwin","arch":"any"} (current: {"os":"linux","arch":"x64"})

npm ERR! code ELIFECYCLE
npm ERR! errno 87
npm ERR! oracledb@3.0.0 install: `node package/oracledbinstall.js`
npm ERR! Exit status 87
npm ERR! 
npm ERR! Failed at the oracledb@3.0.0 install script.
npm ERR! This is probably not a problem with npm. There is likely additional logging output above.

npm ERR! A complete log of this run can be found in:
npm ERR!     /github/home/.npm/_logs/2021-11-23T06_34_13_092Z-debug.log
npm WARN deprecated oracledb@3.0.1: Update to node-oracledb 5

> oracledb@3.0.1 install /__w/appoptics-apm-node/appoptics-apm-node/node_modules/oracledb
> node package/oracledbinstall.js

oracledb Beginning installation
oracledb [31mERR![0m NJS-054: Binary build/Release/oracledb.node was not installed.
oracledb [31mERR![0m Pre-built binary packages are not available for Node.js v12.22.7 (NODE_MODULE_VERSION="72")
oracledb [31mERR![0m Failed to install binary package oracledb-v3.0.1-node-abi72-linux-x64.gz
oracledb [31mERR![0m EACCES: permission denied, mkdir 'build'
oracledb [31mERR![0m For help see https://oracle.github.io/node-oracledb/INSTALL.html#troubleshooting

npm WARN optional SKIPPING OPTIONAL DEPENDENCY: fsevents@~2.3.1 (node_modules/chokidar/node_modules/fsevents):
npm WARN notsup SKIPPING OPTIONAL DEPENDENCY: Unsupported platform for fsevents@2.3.2: wanted {"os":"darwin","arch":"any"} (current: {"os":"linux","arch":"x64"})

npm ERR! code ELIFECYCLE
npm ERR! errno 87
npm ERR! oracledb@3.0.1 install: `node package/oracledbinstall.js`
npm ERR! Exit status 87
npm ERR! 
npm ERR! Failed at the oracledb@3.0.1 install script.
npm ERR! This is probably not a problem with npm. There is likely additional logging output above.

npm ERR! A complete log of this run can be found in:
npm ERR!     /github/home/.npm/_logs/2021-11-23T06_34_18_571Z-debug.log
npm WARN deprecated oracledb@3.1.0: Update to node-oracledb 5

> oracledb@3.1.0 install /__w/appoptics-apm-node/appoptics-apm-node/node_modules/oracledb
> node package/install.js

oracledb [31mERR![0m NJS-067: a pre-built node-oracledb binary was not found for Node.js v12.22.7 (NODE_MODULE_VERSION=72) on linux x64
oracledb [31mERR![0m Try compiling node-oracledb source code using https://oracle.github.io/node-oracledb/INSTALL.html#github
npm WARN optional SKIPPING OPTIONAL DEPENDENCY: fsevents@~2.3.1 (node_modules/chokidar/node_modules/fsevents):
npm WARN notsup SKIPPING OPTIONAL DEPENDENCY: Unsupported platform for fsevents@2.3.2: wanted {"os":"darwin","arch":"any"} (current: {"os":"linux","arch":"x64"})

npm ERR! code ELIFECYCLE
npm ERR! errno 87
npm ERR! oracledb@3.1.0 install: `node package/install.js`
npm ERR! Exit status 87
npm ERR! 
npm ERR! Failed at the oracledb@3.1.0 install script.
npm ERR! This is probably not a problem with npm. There is likely additional logging output above.

npm ERR! A complete log of this run can be found in:
npm ERR!     /github/home/.npm/_logs/2021-11-23T06_34_24_222Z-debug.log
npm WARN deprecated oracledb@3.1.1: Update to node-oracledb 5

> oracledb@3.1.1 install /__w/appoptics-apm-node/appoptics-apm-node/node_modules/oracledb
> node package/install.js

oracledb [31mERR![0m NJS-067: a pre-built node-oracledb binary was not found for Node.js v12.22.7 (NODE_MODULE_VERSION=72) on linux x64
oracledb [31mERR![0m Try compiling node-oracledb source code using https://oracle.github.io/node-oracledb/INSTALL.html#github
npm WARN optional SKIPPING OPTIONAL DEPENDENCY: fsevents@~2.3.1 (node_modules/chokidar/node_modules/fsevents):
npm WARN notsup SKIPPING OPTIONAL DEPENDENCY: Unsupported platform for fsevents@2.3.2: wanted {"os":"darwin","arch":"any"} (current: {"os":"linux","arch":"x64"})

npm ERR! code ELIFECYCLE
npm ERR! errno 87
npm ERR! oracledb@3.1.1 install: `node package/install.js`
npm ERR! Exit status 87
npm ERR! 
npm ERR! Failed at the oracledb@3.1.1 install script.
npm ERR! This is probably not a problem with npm. There is likely additional logging output above.

npm ERR! A complete log of this run can be found in:
npm ERR!     /github/home/.npm/_logs/2021-11-23T06_34_30_197Z-debug.log
npm WARN deprecated oracledb@3.1.2: Update to node-oracledb 5

> oracledb@3.1.2 install /__w/appoptics-apm-node/appoptics-apm-node/node_modules/oracledb
> node package/install.js

oracledb [31mERR![0m NJS-067: a pre-built node-oracledb binary was not found for Node.js v12.22.7 (NODE_MODULE_VERSION=72) on linux x64
oracledb [31mERR![0m Try compiling node-oracledb source code using https://oracle.github.io/node-oracledb/INSTALL.html#github
npm WARN optional SKIPPING OPTIONAL DEPENDENCY: fsevents@~2.3.1 (node_modules/chokidar/node_modules/fsevents):
npm WARN notsup SKIPPING OPTIONAL DEPENDENCY: Unsupported platform for fsevents@2.3.2: wanted {"os":"darwin","arch":"any"} (current: {"os":"linux","arch":"x64"})

npm ERR! code ELIFECYCLE
npm ERR! errno 87
npm ERR! oracledb@3.1.2 install: `node package/install.js`
npm ERR! Exit status 87
npm ERR! 
npm ERR! Failed at the oracledb@3.1.2 install script.
npm ERR! This is probably not a problem with npm. There is likely additional logging output above.

npm ERR! A complete log of this run can be found in:
npm ERR!     /github/home/.npm/_logs/2021-11-23T06_34_34_959Z-debug.log
npm WARN deprecated oracledb@4.0.0: Update to node-oracledb 5

> oracledb@4.0.0 install /__w/appoptics-apm-node/appoptics-apm-node/node_modules/oracledb
> node package/install.js

oracledb ********************************************************************************
oracledb ** Node-oracledb 4.0.0 installed for Node.js 12.22.7 (linux, x64)
oracledb **
oracledb ** To use node-oracledb:
oracledb ** - Oracle Client libraries (64-bit) must be configured with ldconfig or LD_LIBRARY_PATH
oracledb ** - To get libraries, install an Instant Client Basic or Basic Light package from
oracledb **   https://www.oracle.com/technetwork/topics/linuxx86-64soft-092277.html
oracledb **
oracledb ** Installation instructions: https://oracle.github.io/node-oracledb/INSTALL.html
oracledb ********************************************************************************

npm WARN optional SKIPPING OPTIONAL DEPENDENCY: fsevents@~2.3.1 (node_modules/chokidar/node_modules/fsevents):
npm WARN notsup SKIPPING OPTIONAL DEPENDENCY: Unsupported platform for fsevents@2.3.2: wanted {"os":"darwin","arch":"any"} (current: {"os":"linux","arch":"x64"})

+ oracledb@4.0.0
added 1 package and audited 1085 packages in 4.601s

80 packages are looking for funding
  run `npm fund` for details

found 28 vulnerabilities (13 moderate, 12 high, 3 critical)
  run `npm audit fix` to fix them, or `npm audit` for details
2021-11-23T06:34:40.491Z appoptics:debug read config from /__w/appoptics-apm-node/appoptics-apm-node/appoptics-apm-config
2021-11-23T06:34:40.491Z appoptics:debug guc ignoring APPOPTICS_LOG_SETTINGS
2021-11-23T06:34:40.491Z appoptics:debug serviceKey dIOz...wWK0:ao-node-test
2021-11-23T06:34:40.492Z appoptics:debug using context provider: ace-context
2021-11-23T06:34:40.577Z appoptics:debug apm 10.1.1-prerelease.0, bindings 11.1.0, oboe 10.1.1
2021-11-23T06:34:40.759Z appoptics:patching patched crypto 
2021-11-23T06:34:40.779Z appoptics:patching patched https 
2021-11-23T06:34:40.780Z appoptics:patching patched http 
2021-11-23T06:34:40.824Z appoptics:patching patched oracledb 4.0.0
2021-11-23T06:34:40.827Z appoptics:debug starting runtimeMetrics


  probes.oracledb 4.0.0
    âœ“ UDP might lose a message
2021-11-23T06:34:40.849Z appoptics:debug asking helper to execute test_basic
2021-11-23T06:34:40.849Z appoptics:debug test_basic being executed
2021-11-23T06:34:40.849Z appoptics:debug oracledb wrapping getConnection
2021-11-23T06:34:40.923Z appoptics:debug done with test_basic oracledb.getConnection
2021-11-23T06:34:41.027Z appoptics:debug test_basic query callback invoked
    âœ“ should trace execute calls (188ms)
2021-11-23T06:34:41.039Z appoptics:debug ORACLEDB wrapping createPool
2021-11-23T06:34:41.043Z appoptics:debug oracledb wrapping getConnection
2021-11-23T06:34:41.079Z appoptics:debug connection.execute() seems to be patched
2021-11-23T06:34:41.079Z appoptics:debug connection.commit() seems to be patched
2021-11-23T06:34:41.079Z appoptics:debug connection.rollback() seems to be patched
2021-11-23T06:34:41.079Z appoptics:debug connection.break() seems to be patched
2021-11-23T06:34:41.079Z appoptics:debug connection.release seems to be patched
    âœ“ should trace execute calls in pool (44ms)
2021-11-23T06:34:41.083Z appoptics:debug oracledb wrapping getConnection
2021-11-23T06:34:41.117Z appoptics:debug connection.execute() seems to be patched
2021-11-23T06:34:41.117Z appoptics:debug connection.commit() seems to be patched
2021-11-23T06:34:41.117Z appoptics:debug connection.rollback() seems to be patched
2021-11-23T06:34:41.117Z appoptics:debug connection.break() seems to be patched
2021-11-23T06:34:41.117Z appoptics:debug connection.release seems to be patched
    âœ“ should include correct isAutoCommit value (38ms)


  4 passing (288ms)

npm WARN deprecated oracledb@4.0.1: Update to node-oracledb 5

> oracledb@4.0.1 install /__w/appoptics-apm-node/appoptics-apm-node/node_modules/oracledb
> node package/install.js

oracledb ********************************************************************************
oracledb ** Node-oracledb 4.0.1 installed for Node.js 12.22.7 (linux, x64)
oracledb **
oracledb ** To use node-oracledb:
oracledb ** - Oracle Client libraries (64-bit) must be configured with ldconfig or LD_LIBRARY_PATH
oracledb ** - To get libraries, install an Instant Client Basic or Basic Light package from
oracledb **   https://www.oracle.com/technetwork/topics/linuxx86-64soft-092277.html
oracledb **
oracledb ** Installation instructions: https://oracle.github.io/node-oracledb/INSTALL.html
oracledb ********************************************************************************

npm WARN optional SKIPPING OPTIONAL DEPENDENCY: fsevents@~2.3.1 (node_modules/chokidar/node_modules/fsevents):
npm WARN notsup SKIPPING OPTIONAL DEPENDENCY: Unsupported platform for fsevents@2.3.2: wanted {"os":"darwin","arch":"any"} (current: {"os":"linux","arch":"x64"})

+ oracledb@4.0.1
updated 1 package and audited 1085 packages in 4.215s

80 packages are looking for funding
  run `npm fund` for details

found 28 vulnerabilities (13 moderate, 12 high, 3 critical)
  run `npm audit fix` to fix them, or `npm audit` for details
2021-11-23T06:34:46.236Z appoptics:debug read config from /__w/appoptics-apm-node/appoptics-apm-node/appoptics-apm-config
2021-11-23T06:34:46.237Z appoptics:debug guc ignoring APPOPTICS_LOG_SETTINGS
2021-11-23T06:34:46.237Z appoptics:debug serviceKey dIOz...wWK0:ao-node-test
2021-11-23T06:34:46.238Z appoptics:debug using context provider: ace-context
2021-11-23T06:34:46.296Z appoptics:debug apm 10.1.1-prerelease.0, bindings 11.1.0, oboe 10.1.1
2021-11-23T06:34:46.424Z appoptics:patching patched crypto 
2021-11-23T06:34:46.440Z appoptics:patching patched https 
2021-11-23T06:34:46.440Z appoptics:patching patched http 
2021-11-23T06:34:46.472Z appoptics:patching patched oracledb 4.0.1
2021-11-23T06:34:46.475Z appoptics:debug starting runtimeMetrics


  probes.oracledb 4.0.1
    âœ“ UDP might lose a message
2021-11-23T06:34:46.496Z appoptics:debug asking helper to execute test_basic
2021-11-23T06:34:46.497Z appoptics:debug test_basic being executed
2021-11-23T06:34:46.497Z appoptics:debug oracledb wrapping getConnection
2021-11-23T06:34:46.506Z appoptics:debug done with test_basic oracledb.getConnection
2021-11-23T06:34:46.544Z appoptics:debug test_basic query callback invoked
    âœ“ should trace execute calls (53ms)
2021-11-23T06:34:46.551Z appoptics:debug ORACLEDB wrapping createPool
2021-11-23T06:34:46.553Z appoptics:debug oracledb wrapping getConnection
2021-11-23T06:34:46.596Z appoptics:debug connection.execute() seems to be patched
2021-11-23T06:34:46.596Z appoptics:debug connection.commit() seems to be patched
2021-11-23T06:34:46.596Z appoptics:debug connection.rollback() seems to be patched
2021-11-23T06:34:46.596Z appoptics:debug connection.break() seems to be patched
2021-11-23T06:34:46.596Z appoptics:debug connection.release seems to be patched
    âœ“ should trace execute calls in pool (49ms)
2021-11-23T06:34:46.603Z appoptics:debug oracledb wrapping getConnection
2021-11-23T06:34:46.653Z appoptics:debug connection.execute() seems to be patched
2021-11-23T06:34:46.653Z appoptics:debug connection.commit() seems to be patched
2021-11-23T06:34:46.653Z appoptics:debug connection.rollback() seems to be patched
2021-11-23T06:34:46.653Z appoptics:debug connection.break() seems to be patched
2021-11-23T06:34:46.653Z appoptics:debug connection.release seems to be patched
    âœ“ should include correct isAutoCommit value (57ms)


  4 passing (179ms)

npm WARN deprecated oracledb@4.1.0: Update to node-oracledb 5

> oracledb@4.1.0 install /__w/appoptics-apm-node/appoptics-apm-node/node_modules/oracledb
> node package/install.js

oracledb ********************************************************************************
oracledb ** Node-oracledb 4.1.0 installed for Node.js 12.22.7 (linux, x64)
oracledb **
oracledb ** To use node-oracledb:
oracledb ** - Oracle Client libraries (64-bit) must be configured with ldconfig or LD_LIBRARY_PATH
oracledb ** - To get libraries, install an Instant Client Basic or Basic Light package from
oracledb **   https://www.oracle.com/technetwork/topics/linuxx86-64soft-092277.html
oracledb **
oracledb ** Installation instructions: https://oracle.github.io/node-oracledb/INSTALL.html
oracledb ********************************************************************************

npm WARN optional SKIPPING OPTIONAL DEPENDENCY: fsevents@~2.3.1 (node_modules/chokidar/node_modules/fsevents):
npm WARN notsup SKIPPING OPTIONAL DEPENDENCY: Unsupported platform for fsevents@2.3.2: wanted {"os":"darwin","arch":"any"} (current: {"os":"linux","arch":"x64"})

+ oracledb@4.1.0
updated 1 package and audited 1085 packages in 4.898s

80 packages are looking for funding
  run `npm fund` for details

found 28 vulnerabilities (13 moderate, 12 high, 3 critical)
  run `npm audit fix` to fix them, or `npm audit` for details
2021-11-23T06:34:52.490Z appoptics:debug read config from /__w/appoptics-apm-node/appoptics-apm-node/appoptics-apm-config
2021-11-23T06:34:52.490Z appoptics:debug guc ignoring APPOPTICS_LOG_SETTINGS
2021-11-23T06:34:52.490Z appoptics:debug serviceKey dIOz...wWK0:ao-node-test
2021-11-23T06:34:52.491Z appoptics:debug using context provider: ace-context
2021-11-23T06:34:52.556Z appoptics:debug apm 10.1.1-prerelease.0, bindings 11.1.0, oboe 10.1.1
2021-11-23T06:34:52.685Z appoptics:patching patched crypto 
2021-11-23T06:34:52.702Z appoptics:patching patched https 
2021-11-23T06:34:52.702Z appoptics:patching patched http 
2021-11-23T06:34:52.732Z appoptics:patching patched oracledb 4.1.0
2021-11-23T06:34:52.735Z appoptics:debug starting runtimeMetrics


  probes.oracledb 4.1.0
    âœ“ UDP might lose a message
2021-11-23T06:34:52.757Z appoptics:debug asking helper to execute test_basic
2021-11-23T06:34:52.757Z appoptics:debug test_basic being executed
2021-11-23T06:34:52.757Z appoptics:debug oracledb wrapping getConnection
2021-11-23T06:34:52.766Z appoptics:debug done with test_basic oracledb.getConnection
2021-11-23T06:34:52.804Z appoptics:debug test_basic query callback invoked
    âœ“ should trace execute calls (52ms)
2021-11-23T06:34:52.811Z appoptics:debug ORACLEDB wrapping createPool
2021-11-23T06:34:52.813Z appoptics:debug oracledb wrapping getConnection
2021-11-23T06:34:52.848Z appoptics:debug connection.execute() seems to be patched
2021-11-23T06:34:52.848Z appoptics:debug connection.commit() seems to be patched
2021-11-23T06:34:52.848Z appoptics:debug connection.rollback() seems to be patched
2021-11-23T06:34:52.848Z appoptics:debug connection.break() seems to be patched
2021-11-23T06:34:52.848Z appoptics:debug connection.release seems to be patched
    âœ“ should trace execute calls in pool (39ms)
2021-11-23T06:34:52.851Z appoptics:debug oracledb wrapping getConnection
2021-11-23T06:34:52.885Z appoptics:debug connection.execute() seems to be patched
2021-11-23T06:34:52.886Z appoptics:debug connection.commit() seems to be patched
2021-11-23T06:34:52.886Z appoptics:debug connection.rollback() seems to be patched
2021-11-23T06:34:52.886Z appoptics:debug connection.break() seems to be patched
2021-11-23T06:34:52.886Z appoptics:debug connection.release seems to be patched
    âœ“ should include correct isAutoCommit value (41ms)


  4 passing (150ms)

npm WARN deprecated oracledb@4.2.0: Update to node-oracledb 5

> oracledb@4.2.0 install /__w/appoptics-apm-node/appoptics-apm-node/node_modules/oracledb
> node package/install.js

oracledb ********************************************************************************
oracledb ** Node-oracledb 4.2.0 installed for Node.js 12.22.7 (linux, x64)
oracledb **
oracledb ** To use node-oracledb:
oracledb ** - Oracle Client libraries (64-bit) must be configured with ldconfig or LD_LIBRARY_PATH
oracledb ** - To get libraries, install an Instant Client Basic or Basic Light package from
oracledb **   https://www.oracle.com/database/technologies/instant-client/linux-x86-64-downloads.html
oracledb **
oracledb ** Installation instructions: https://oracle.github.io/node-oracledb/INSTALL.html
oracledb ********************************************************************************

npm WARN optional SKIPPING OPTIONAL DEPENDENCY: fsevents@~2.3.1 (node_modules/chokidar/node_modules/fsevents):
npm WARN notsup SKIPPING OPTIONAL DEPENDENCY: Unsupported platform for fsevents@2.3.2: wanted {"os":"darwin","arch":"any"} (current: {"os":"linux","arch":"x64"})

+ oracledb@4.2.0
updated 1 package and audited 1085 packages in 4.143s

80 packages are looking for funding
  run `npm fund` for details

found 28 vulnerabilities (13 moderate, 12 high, 3 critical)
  run `npm audit fix` to fix them, or `npm audit` for details
2021-11-23T06:34:57.952Z appoptics:debug read config from /__w/appoptics-apm-node/appoptics-apm-node/appoptics-apm-config
2021-11-23T06:34:57.953Z appoptics:debug guc ignoring APPOPTICS_LOG_SETTINGS
2021-11-23T06:34:57.953Z appoptics:debug serviceKey dIOz...wWK0:ao-node-test
2021-11-23T06:34:57.953Z appoptics:debug using context provider: ace-context
2021-11-23T06:34:58.017Z appoptics:debug apm 10.1.1-prerelease.0, bindings 11.1.0, oboe 10.1.1
2021-11-23T06:34:58.142Z appoptics:patching patched crypto 
2021-11-23T06:34:58.160Z appoptics:patching patched https 
2021-11-23T06:34:58.160Z appoptics:patching patched http 
2021-11-23T06:34:58.191Z appoptics:patching patched oracledb 4.2.0
2021-11-23T06:34:58.193Z appoptics:debug starting runtimeMetrics


  probes.oracledb 4.2.0
    âœ“ UDP might lose a message
2021-11-23T06:34:58.214Z appoptics:debug asking helper to execute test_basic
2021-11-23T06:34:58.215Z appoptics:debug test_basic being executed
2021-11-23T06:34:58.215Z appoptics:debug oracledb wrapping getConnection
2021-11-23T06:34:58.223Z appoptics:debug done with test_basic oracledb.getConnection
2021-11-23T06:34:58.261Z appoptics:debug test_basic query callback invoked
    âœ“ should trace execute calls (52ms)
2021-11-23T06:34:58.268Z appoptics:debug ORACLEDB wrapping createPool
2021-11-23T06:34:58.270Z appoptics:debug oracledb wrapping getConnection
2021-11-23T06:34:58.303Z appoptics:debug connection.execute() seems to be patched
2021-11-23T06:34:58.303Z appoptics:debug connection.commit() seems to be patched
2021-11-23T06:34:58.304Z appoptics:debug connection.rollback() seems to be patched
2021-11-23T06:34:58.304Z appoptics:debug connection.break() seems to be patched
2021-11-23T06:34:58.304Z appoptics:debug connection.release seems to be patched
    âœ“ should trace execute calls in pool (38ms)
2021-11-23T06:34:58.307Z appoptics:debug oracledb wrapping getConnection
2021-11-23T06:34:58.340Z appoptics:debug connection.execute() seems to be patched
2021-11-23T06:34:58.340Z appoptics:debug connection.commit() seems to be patched
2021-11-23T06:34:58.340Z appoptics:debug connection.rollback() seems to be patched
2021-11-23T06:34:58.340Z appoptics:debug connection.break() seems to be patched
2021-11-23T06:34:58.340Z appoptics:debug connection.release seems to be patched
    âœ“ should include correct isAutoCommit value (38ms)


  4 passing (149ms)


> oracledb@5.0.0 install /__w/appoptics-apm-node/appoptics-apm-node/node_modules/oracledb
> node package/install.js

oracledb ********************************************************************************
oracledb ** Node-oracledb 5.0.0 installed for Node.js 12.22.7 (linux, x64)
oracledb **
oracledb ** To use node-oracledb:
oracledb ** - Oracle Client libraries (64-bit) must be available.
oracledb ** - Follow the installation instructions:
oracledb **   https://oracle.github.io/node-oracledb/INSTALL.html#linuxinstall
oracledb ********************************************************************************

npm WARN optional SKIPPING OPTIONAL DEPENDENCY: fsevents@~2.3.1 (node_modules/chokidar/node_modules/fsevents):
npm WARN notsup SKIPPING OPTIONAL DEPENDENCY: Unsupported platform for fsevents@2.3.2: wanted {"os":"darwin","arch":"any"} (current: {"os":"linux","arch":"x64"})

+ oracledb@5.0.0
updated 1 package and audited 1085 packages in 4.431s

80 packages are looking for funding
  run `npm fund` for details

found 28 vulnerabilities (13 moderate, 12 high, 3 critical)
  run `npm audit fix` to fix them, or `npm audit` for details
2021-11-23T06:35:03.826Z appoptics:debug read config from /__w/appoptics-apm-node/appoptics-apm-node/appoptics-apm-config
2021-11-23T06:35:03.827Z appoptics:debug guc ignoring APPOPTICS_LOG_SETTINGS
2021-11-23T06:35:03.827Z appoptics:debug serviceKey dIOz...wWK0:ao-node-test
2021-11-23T06:35:03.828Z appoptics:debug using context provider: ace-context
2021-11-23T06:35:03.899Z appoptics:debug apm 10.1.1-prerelease.0, bindings 11.1.0, oboe 10.1.1
2021-11-23T06:35:04.028Z appoptics:patching patched crypto 
2021-11-23T06:35:04.048Z appoptics:patching patched https 
2021-11-23T06:35:04.048Z appoptics:patching patched http 
2021-11-23T06:35:04.078Z appoptics:patching patched oracledb 5.0.0
2021-11-23T06:35:04.081Z appoptics:debug starting runtimeMetrics


  probes.oracledb 5.0.0
    âœ“ UDP might lose a message
2021-11-23T06:35:04.102Z appoptics:debug asking helper to execute test_basic
2021-11-23T06:35:04.103Z appoptics:debug test_basic being executed
2021-11-23T06:35:04.103Z appoptics:debug oracledb wrapping getConnection
2021-11-23T06:35:04.112Z appoptics:debug done with test_basic oracledb.getConnection
2021-11-23T06:35:04.151Z appoptics:debug test_basic query callback invoked
    âœ“ should trace execute calls (53ms)
2021-11-23T06:35:04.157Z appoptics:debug ORACLEDB wrapping createPool
2021-11-23T06:35:04.159Z appoptics:debug oracledb wrapping getConnection
2021-11-23T06:35:04.193Z appoptics:debug connection.execute() seems to be patched
2021-11-23T06:35:04.193Z appoptics:debug connection.commit() seems to be patched
2021-11-23T06:35:04.193Z appoptics:debug connection.rollback() seems to be patched
2021-11-23T06:35:04.193Z appoptics:debug connection.break() seems to be patched
2021-11-23T06:35:04.193Z appoptics:debug connection.release seems to be patched
    âœ“ should trace execute calls in pool (38ms)
2021-11-23T06:35:04.196Z appoptics:debug oracledb wrapping getConnection
2021-11-23T06:35:04.230Z appoptics:debug connection.execute() seems to be patched
2021-11-23T06:35:04.230Z appoptics:debug connection.commit() seems to be patched
2021-11-23T06:35:04.230Z appoptics:debug connection.rollback() seems to be patched
2021-11-23T06:35:04.230Z appoptics:debug connection.break() seems to be patched
2021-11-23T06:35:04.230Z appoptics:debug connection.release seems to be patched
    âœ“ should include correct isAutoCommit value (39ms)


  4 passing (148ms)


> oracledb@5.1.0 install /__w/appoptics-apm-node/appoptics-apm-node/node_modules/oracledb
> node package/install.js

oracledb ********************************************************************************
oracledb ** Node-oracledb 5.1.0 installed for Node.js 12.22.7 (linux, x64)
oracledb **
oracledb ** To use node-oracledb:
oracledb ** - Oracle Client libraries (64-bit) must be available.
oracledb ** - Follow the installation instructions:
oracledb **   https://oracle.github.io/node-oracledb/INSTALL.html#linuxinstall
oracledb ********************************************************************************

npm WARN optional SKIPPING OPTIONAL DEPENDENCY: fsevents@~2.3.1 (node_modules/chokidar/node_modules/fsevents):
npm WARN notsup SKIPPING OPTIONAL DEPENDENCY: Unsupported platform for fsevents@2.3.2: wanted {"os":"darwin","arch":"any"} (current: {"os":"linux","arch":"x64"})

+ oracledb@5.1.0
updated 1 package and audited 1085 packages in 4.361s

80 packages are looking for funding
  run `npm fund` for details

found 28 vulnerabilities (13 moderate, 12 high, 3 critical)
  run `npm audit fix` to fix them, or `npm audit` for details
2021-11-23T06:35:09.488Z appoptics:debug read config from /__w/appoptics-apm-node/appoptics-apm-node/appoptics-apm-config
2021-11-23T06:35:09.488Z appoptics:debug guc ignoring APPOPTICS_LOG_SETTINGS
2021-11-23T06:35:09.488Z appoptics:debug serviceKey dIOz...wWK0:ao-node-test
2021-11-23T06:35:09.489Z appoptics:debug using context provider: ace-context
2021-11-23T06:35:09.553Z appoptics:debug apm 10.1.1-prerelease.0, bindings 11.1.0, oboe 10.1.1
2021-11-23T06:35:09.682Z appoptics:patching patched crypto 
2021-11-23T06:35:09.699Z appoptics:patching patched https 
2021-11-23T06:35:09.699Z appoptics:patching patched http 
2021-11-23T06:35:09.738Z appoptics:patching patched oracledb 5.1.0
2021-11-23T06:35:09.741Z appoptics:debug starting runtimeMetrics


  probes.oracledb 5.1.0
    âœ“ UDP might lose a message
2021-11-23T06:35:09.762Z appoptics:debug asking helper to execute test_basic
2021-11-23T06:35:09.763Z appoptics:debug test_basic being executed
2021-11-23T06:35:09.763Z appoptics:debug oracledb wrapping getConnection
2021-11-23T06:35:09.771Z appoptics:debug done with test_basic oracledb.getConnection
2021-11-23T06:35:09.810Z appoptics:debug test_basic query callback invoked
    âœ“ should trace execute calls (52ms)
2021-11-23T06:35:09.816Z appoptics:debug ORACLEDB wrapping createPool
2021-11-23T06:35:09.819Z appoptics:debug oracledb wrapping getConnection
2021-11-23T06:35:09.852Z appoptics:debug connection.execute() seems to be patched
2021-11-23T06:35:09.852Z appoptics:debug connection.commit() seems to be patched
2021-11-23T06:35:09.852Z appoptics:debug connection.rollback() seems to be patched
2021-11-23T06:35:09.852Z appoptics:debug connection.break() seems to be patched
2021-11-23T06:35:09.852Z appoptics:debug connection.release seems to be patched
    âœ“ should trace execute calls in pool (38ms)
2021-11-23T06:35:09.855Z appoptics:debug oracledb wrapping getConnection
2021-11-23T06:35:09.889Z appoptics:debug connection.execute() seems to be patched
2021-11-23T06:35:09.889Z appoptics:debug connection.commit() seems to be patched
2021-11-23T06:35:09.889Z appoptics:debug connection.rollback() seems to be patched
2021-11-23T06:35:09.889Z appoptics:debug connection.break() seems to be patched
2021-11-23T06:35:09.889Z appoptics:debug connection.release seems to be patched
    âœ“ should include correct isAutoCommit value (38ms)


  4 passing (148ms)


> oracledb@5.2.0 install /__w/appoptics-apm-node/appoptics-apm-node/node_modules/oracledb
> node package/install.js

oracledb ********************************************************************************
oracledb ** Node-oracledb 5.2.0 installed in Node.js 12.22.7 (linux, x64)
oracledb **
oracledb ** To use node-oracledb:
oracledb ** - Oracle Client libraries (64-bit) must be available.
oracledb ** - Follow the installation instructions:
oracledb **   https://oracle.github.io/node-oracledb/INSTALL.html#linuxinstall
oracledb ********************************************************************************

npm WARN optional SKIPPING OPTIONAL DEPENDENCY: fsevents@~2.3.1 (node_modules/chokidar/node_modules/fsevents):
npm WARN notsup SKIPPING OPTIONAL DEPENDENCY: Unsupported platform for fsevents@2.3.2: wanted {"os":"darwin","arch":"any"} (current: {"os":"linux","arch":"x64"})

+ oracledb@5.2.0
updated 1 package and audited 1085 packages in 4.264s

80 packages are looking for funding
  run `npm fund` for details

found 28 vulnerabilities (13 moderate, 12 high, 3 critical)
  run `npm audit fix` to fix them, or `npm audit` for details
2021-11-23T06:35:15.188Z appoptics:debug read config from /__w/appoptics-apm-node/appoptics-apm-node/appoptics-apm-config
2021-11-23T06:35:15.189Z appoptics:debug guc ignoring APPOPTICS_LOG_SETTINGS
2021-11-23T06:35:15.189Z appoptics:debug serviceKey dIOz...wWK0:ao-node-test
2021-11-23T06:35:15.190Z appoptics:debug using context provider: ace-context
2021-11-23T06:35:15.269Z appoptics:debug apm 10.1.1-prerelease.0, bindings 11.1.0, oboe 10.1.1
2021-11-23T06:35:15.424Z appoptics:patching patched crypto 
2021-11-23T06:35:15.442Z appoptics:patching patched https 
2021-11-23T06:35:15.442Z appoptics:patching patched http 
2021-11-23T06:35:15.504Z appoptics:patching patched oracledb 5.2.0
2021-11-23T06:35:15.509Z appoptics:debug starting runtimeMetrics


  probes.oracledb 5.2.0
    âœ“ UDP might lose a message
2021-11-23T06:35:15.546Z appoptics:debug asking helper to execute test_basic
2021-11-23T06:35:15.546Z appoptics:debug test_basic being executed
2021-11-23T06:35:15.546Z appoptics:debug oracledb wrapping getConnection
2021-11-23T06:35:15.562Z appoptics:debug done with test_basic oracledb.getConnection
2021-11-23T06:35:15.609Z appoptics:debug test_basic query callback invoked
    âœ“ should trace execute calls (69ms)
2021-11-23T06:35:15.623Z appoptics:debug ORACLEDB wrapping createPool
2021-11-23T06:35:15.627Z appoptics:debug oracledb wrapping getConnection
2021-11-23T06:35:15.679Z appoptics:debug connection.execute() seems to be patched
2021-11-23T06:35:15.680Z appoptics:debug connection.commit() seems to be patched
2021-11-23T06:35:15.680Z appoptics:debug connection.rollback() seems to be patched
2021-11-23T06:35:15.680Z appoptics:debug connection.break() seems to be patched
2021-11-23T06:35:15.680Z appoptics:debug connection.release seems to be patched
    âœ“ should trace execute calls in pool (59ms)
2021-11-23T06:35:15.683Z appoptics:debug oracledb wrapping getConnection
2021-11-23T06:35:15.732Z appoptics:debug connection.execute() seems to be patched
2021-11-23T06:35:15.732Z appoptics:debug connection.commit() seems to be patched
2021-11-23T06:35:15.732Z appoptics:debug connection.rollback() seems to be patched
2021-11-23T06:35:15.732Z appoptics:debug connection.break() seems to be patched
2021-11-23T06:35:15.733Z appoptics:debug connection.release seems to be patched
    âœ“ should include correct isAutoCommit value (56ms)


  4 passing (218ms)


> oracledb@5.3.0 install /__w/appoptics-apm-node/appoptics-apm-node/node_modules/oracledb
> node package/install.js

oracledb ********************************************************************************
oracledb ** Node-oracledb 5.3.0 installed in Node.js 12.22.7 (linux, x64)
oracledb **
oracledb ** To use node-oracledb:
oracledb ** - Oracle Client libraries (64-bit) must be available.
oracledb ** - Follow the installation instructions:
oracledb **   https://oracle.github.io/node-oracledb/INSTALL.html#linuxinstall
oracledb ********************************************************************************

npm WARN optional SKIPPING OPTIONAL DEPENDENCY: fsevents@~2.3.1 (node_modules/chokidar/node_modules/fsevents):
npm WARN notsup SKIPPING OPTIONAL DEPENDENCY: Unsupported platform for fsevents@2.3.2: wanted {"os":"darwin","arch":"any"} (current: {"os":"linux","arch":"x64"})

+ oracledb@5.3.0
updated 1 package and audited 1085 packages in 4.432s

80 packages are looking for funding
  run `npm fund` for details

found 28 vulnerabilities (13 moderate, 12 high, 3 critical)
  run `npm audit fix` to fix them, or `npm audit` for details
2021-11-23T06:35:21.171Z appoptics:debug read config from /__w/appoptics-apm-node/appoptics-apm-node/appoptics-apm-config
2021-11-23T06:35:21.172Z appoptics:debug guc ignoring APPOPTICS_LOG_SETTINGS
2021-11-23T06:35:21.172Z appoptics:debug serviceKey dIOz...wWK0:ao-node-test
2021-11-23T06:35:21.173Z appoptics:debug using context provider: ace-context
2021-11-23T06:35:21.237Z appoptics:debug apm 10.1.1-prerelease.0, bindings 11.1.0, oboe 10.1.1
2021-11-23T06:35:21.397Z appoptics:patching patched crypto 
2021-11-23T06:35:21.415Z appoptics:patching patched https 
2021-11-23T06:35:21.416Z appoptics:patching patched http 
2021-11-23T06:35:21.447Z appoptics:patching patched oracledb 5.3.0
2021-11-23T06:35:21.450Z appoptics:debug starting runtimeMetrics


  probes.oracledb 5.3.0
    âœ“ UDP might lose a message
2021-11-23T06:35:21.470Z appoptics:debug asking helper to execute test_basic
2021-11-23T06:35:21.471Z appoptics:debug test_basic being executed
2021-11-23T06:35:21.471Z appoptics:debug oracledb wrapping getConnection
2021-11-23T06:35:21.480Z appoptics:debug done with test_basic oracledb.getConnection
2021-11-23T06:35:21.518Z appoptics:debug test_basic query callback invoked
    âœ“ should trace execute calls (52ms)
2021-11-23T06:35:21.524Z appoptics:debug ORACLEDB wrapping createPool
2021-11-23T06:35:21.527Z appoptics:debug oracledb wrapping getConnection
2021-11-23T06:35:21.560Z appoptics:debug connection.execute() seems to be patched
2021-11-23T06:35:21.560Z appoptics:debug connection.commit() seems to be patched
2021-11-23T06:35:21.560Z appoptics:debug connection.rollback() seems to be patched
2021-11-23T06:35:21.560Z appoptics:debug connection.break() seems to be patched
2021-11-23T06:35:21.560Z appoptics:debug connection.release seems to be patched
    âœ“ should trace execute calls in pool (38ms)
2021-11-23T06:35:21.563Z appoptics:debug oracledb wrapping getConnection
2021-11-23T06:35:21.597Z appoptics:debug connection.execute() seems to be patched
2021-11-23T06:35:21.597Z appoptics:debug connection.commit() seems to be patched
2021-11-23T06:35:21.597Z appoptics:debug connection.rollback() seems to be patched
2021-11-23T06:35:21.597Z appoptics:debug connection.break() seems to be patched
2021-11-23T06:35:21.597Z appoptics:debug connection.release seems to be patched
    âœ“ should include correct isAutoCommit value (39ms)


  4 passing (146ms)


> oracledb@5.3.0 install /__w/appoptics-apm-node/appoptics-apm-node/node_modules/oracledb
> node package/install.js

oracledb ********************************************************************************
oracledb ** Node-oracledb 5.3.0 installed in Node.js 12.22.7 (linux, x64)
oracledb **
oracledb ** To use node-oracledb:
oracledb ** - Oracle Client libraries (64-bit) must be available.
oracledb ** - Follow the installation instructions:
oracledb **   https://oracle.github.io/node-oracledb/INSTALL.html#linuxinstall
oracledb ********************************************************************************

npm WARN optional SKIPPING OPTIONAL DEPENDENCY: fsevents@~2.3.1 (node_modules/chokidar/node_modules/fsevents):
npm WARN notsup SKIPPING OPTIONAL DEPENDENCY: Unsupported platform for fsevents@2.3.2: wanted {"os":"darwin","arch":"any"} (current: {"os":"linux","arch":"x64"})

+ oracledb@5.3.0
updated 1 package and audited 1085 packages in 3.829s

80 packages are looking for funding
  run `npm fund` for details

found 28 vulnerabilities (13 moderate, 12 high, 3 critical)
  run `npm audit fix` to fix them, or `npm audit` for details
