npm WARN deprecated oracledb@2.0.14: Update to node-oracledb 5

> oracledb@2.0.14 install /__w/appoptics-apm-node/appoptics-apm-node/node_modules/oracledb
> node package/oracledbinstall.js

oracledb Beginning installation
oracledb Verifying installation
oracledb Binary not found
oracledb Continuing installation
oracledb [31mERR![0m NJS-054: Binary build/Release/oracledb.node was not installed from oracledb-v2.0.14-node-v72-linux-x64.gz
oracledb [31mERR![0m EACCES: permission denied, mkdir 'build'
oracledb [31mERR![0m If the error is not network or filesystem related, then review 
oracledb [31mERR![0m the Python 2.7 and compiler prerequisites in the installation instructions and
oracledb [31mERR![0m then install from source code with: npm install oracle/node-oracledb.git#v2.0.14
oracledb [31mERR![0m See https://github.com/oracle/node-oracledb/blob/master/INSTALL.md 

npm WARN optional SKIPPING OPTIONAL DEPENDENCY: fsevents@~2.3.1 (node_modules/chokidar/node_modules/fsevents):
npm WARN notsup SKIPPING OPTIONAL DEPENDENCY: Unsupported platform for fsevents@2.3.2: wanted {"os":"darwin","arch":"any"} (current: {"os":"linux","arch":"x64"})

npm ERR! code ELIFECYCLE
npm ERR! errno 87
npm ERR! oracledb@2.0.14 install: `node package/oracledbinstall.js`
npm ERR! Exit status 87
npm ERR! 
npm ERR! Failed at the oracledb@2.0.14 install script.
npm ERR! This is probably not a problem with npm. There is likely additional logging output above.

npm ERR! A complete log of this run can be found in:
npm ERR!     /github/home/.npm/_logs/2021-08-24T05_10_09_112Z-debug.log
npm WARN deprecated oracledb@2.0.15: Update to node-oracledb 5

> oracledb@2.0.15 install /__w/appoptics-apm-node/appoptics-apm-node/node_modules/oracledb
> node package/oracledbinstall.js

oracledb Beginning installation
oracledb Verifying installation
oracledb Binary not found
oracledb Continuing installation
oracledb [31mERR![0m NJS-054: Binary build/Release/oracledb.node was not installed from oracledb-v2.0.15-node-v72-linux-x64.gz
oracledb [31mERR![0m EACCES: permission denied, mkdir 'build'
oracledb [31mERR![0m If the error is not network or filesystem related, then review 
oracledb [31mERR![0m the Python 2.7 and compiler prerequisites in the installation instructions and
oracledb [31mERR![0m then install from source code with: npm install oracle/node-oracledb.git#v2.0.15
oracledb [31mERR![0m See https://github.com/oracle/node-oracledb/blob/master/INSTALL.md 

npm WARN optional SKIPPING OPTIONAL DEPENDENCY: fsevents@~2.3.1 (node_modules/chokidar/node_modules/fsevents):
npm WARN notsup SKIPPING OPTIONAL DEPENDENCY: Unsupported platform for fsevents@2.3.2: wanted {"os":"darwin","arch":"any"} (current: {"os":"linux","arch":"x64"})

npm ERR! code ELIFECYCLE
npm ERR! errno 87
npm ERR! oracledb@2.0.15 install: `node package/oracledbinstall.js`
npm ERR! Exit status 87
npm ERR! 
npm ERR! Failed at the oracledb@2.0.15 install script.
npm ERR! This is probably not a problem with npm. There is likely additional logging output above.

npm ERR! A complete log of this run can be found in:
npm ERR!     /github/home/.npm/_logs/2021-08-24T05_10_13_575Z-debug.log
npm WARN deprecated oracledb@2.1.0: Update to node-oracledb 5

> oracledb@2.1.0 install /__w/appoptics-apm-node/appoptics-apm-node/node_modules/oracledb
> node package/oracledbinstall.js

oracledb Beginning installation
oracledb Verifying installation
oracledb Binary not found
oracledb Continuing installation
oracledb [31mERR![0m NJS-054: Binary build/Release/oracledb.node was not installed from oracledb-v2.1.0-node-v72-linux-x64.gz
oracledb [31mERR![0m EACCES: permission denied, mkdir 'build'
oracledb [31mERR![0m If the error is not network or filesystem related, then review 
oracledb [31mERR![0m the Python 2.7 and compiler prerequisites in the installation instructions and
oracledb [31mERR![0m then install from source code with: npm install oracle/node-oracledb.git#v2.1.0
oracledb [31mERR![0m See https://github.com/oracle/node-oracledb/blob/master/INSTALL.md 

npm WARN optional SKIPPING OPTIONAL DEPENDENCY: fsevents@~2.3.1 (node_modules/chokidar/node_modules/fsevents):
npm WARN notsup SKIPPING OPTIONAL DEPENDENCY: Unsupported platform for fsevents@2.3.2: wanted {"os":"darwin","arch":"any"} (current: {"os":"linux","arch":"x64"})

npm ERR! code ELIFECYCLE
npm ERR! errno 87
npm ERR! oracledb@2.1.0 install: `node package/oracledbinstall.js`
npm ERR! Exit status 87
npm ERR! 
npm ERR! Failed at the oracledb@2.1.0 install script.
npm ERR! This is probably not a problem with npm. There is likely additional logging output above.

npm ERR! A complete log of this run can be found in:
npm ERR!     /github/home/.npm/_logs/2021-08-24T05_10_18_774Z-debug.log
npm WARN deprecated oracledb@2.1.1: Update to node-oracledb 5

> oracledb@2.1.1 install /__w/appoptics-apm-node/appoptics-apm-node/node_modules/oracledb
> node package/oracledbinstall.js

oracledb Beginning installation
oracledb Verifying installation
oracledb Binary not found
oracledb Continuing installation
oracledb [31mERR![0m NJS-054: Binary build/Release/oracledb.node was not installed from oracledb-v2.1.1-node-v72-linux-x64.gz
oracledb [31mERR![0m EACCES: permission denied, mkdir 'build'
oracledb [31mERR![0m If the error is not network or filesystem related, then review 
oracledb [31mERR![0m the Python 2.7 and compiler prerequisites in the installation instructions and
oracledb [31mERR![0m then install from source code with: npm install oracle/node-oracledb.git#v2.1.1
oracledb [31mERR![0m See https://github.com/oracle/node-oracledb/blob/master/INSTALL.md 

npm WARN optional SKIPPING OPTIONAL DEPENDENCY: fsevents@~2.3.1 (node_modules/chokidar/node_modules/fsevents):
npm WARN notsup SKIPPING OPTIONAL DEPENDENCY: Unsupported platform for fsevents@2.3.2: wanted {"os":"darwin","arch":"any"} (current: {"os":"linux","arch":"x64"})

npm ERR! code ELIFECYCLE
npm ERR! errno 87
npm ERR! oracledb@2.1.1 install: `node package/oracledbinstall.js`
npm ERR! Exit status 87
npm ERR! 
npm ERR! Failed at the oracledb@2.1.1 install script.
npm ERR! This is probably not a problem with npm. There is likely additional logging output above.

npm ERR! A complete log of this run can be found in:
npm ERR!     /github/home/.npm/_logs/2021-08-24T05_10_22_887Z-debug.log
npm WARN deprecated oracledb@2.1.2: Update to node-oracledb 5

> oracledb@2.1.2 install /__w/appoptics-apm-node/appoptics-apm-node/node_modules/oracledb
> node package/oracledbinstall.js

oracledb Beginning installation
oracledb Verifying installation
oracledb Binary not found
oracledb Continuing installation
oracledb [31mERR![0m NJS-054: Binary build/Release/oracledb.node was not installed from oracledb-v2.1.2-node-v72-linux-x64.gz
oracledb [31mERR![0m EACCES: permission denied, mkdir 'build'
oracledb [31mERR![0m If the error is not network or filesystem related, then review 
oracledb [31mERR![0m the Python 2.7 and compiler prerequisites in the installation instructions and
oracledb [31mERR![0m then install from source code with: npm install oracle/node-oracledb.git#v2.1.2
oracledb [31mERR![0m See https://github.com/oracle/node-oracledb/blob/master/INSTALL.md 

npm WARN optional SKIPPING OPTIONAL DEPENDENCY: fsevents@~2.3.1 (node_modules/chokidar/node_modules/fsevents):
npm WARN notsup SKIPPING OPTIONAL DEPENDENCY: Unsupported platform for fsevents@2.3.2: wanted {"os":"darwin","arch":"any"} (current: {"os":"linux","arch":"x64"})

npm ERR! code ELIFECYCLE
npm ERR! errno 87
npm ERR! oracledb@2.1.2 install: `node package/oracledbinstall.js`
npm ERR! Exit status 87
npm ERR! 
npm ERR! Failed at the oracledb@2.1.2 install script.
npm ERR! This is probably not a problem with npm. There is likely additional logging output above.

npm ERR! A complete log of this run can be found in:
npm ERR!     /github/home/.npm/_logs/2021-08-24T05_10_27_563Z-debug.log
npm WARN deprecated oracledb@2.2.0: Update to node-oracledb 5

> oracledb@2.2.0 install /__w/appoptics-apm-node/appoptics-apm-node/node_modules/oracledb
> node package/oracledbinstall.js

oracledb Beginning installation
oracledb Verifying installation
oracledb Continuing installation
oracledb [31mERR![0m NJS-054: Binary build/Release/oracledb.node was not installed.
oracledb [31mERR![0m Pre-built binary packages are not available for this version of Node.js (NODE_MODULE_VERSION="72")
oracledb [31mERR![0m Failed to install binary package oracledb-v2.2.0-node-v72-linux-x64.gz
oracledb [31mERR![0m EACCES: permission denied, mkdir 'build'
oracledb [31mERR![0m For help see https://oracle.github.io/node-oracledb/INSTALL.html#troubleshooting

npm WARN optional SKIPPING OPTIONAL DEPENDENCY: fsevents@~2.3.1 (node_modules/chokidar/node_modules/fsevents):
npm WARN notsup SKIPPING OPTIONAL DEPENDENCY: Unsupported platform for fsevents@2.3.2: wanted {"os":"darwin","arch":"any"} (current: {"os":"linux","arch":"x64"})

npm ERR! code ELIFECYCLE
npm ERR! errno 87
npm ERR! oracledb@2.2.0 install: `node package/oracledbinstall.js`
npm ERR! Exit status 87
npm ERR! 
npm ERR! Failed at the oracledb@2.2.0 install script.
npm ERR! This is probably not a problem with npm. There is likely additional logging output above.

npm ERR! A complete log of this run can be found in:
npm ERR!     /github/home/.npm/_logs/2021-08-24T05_10_32_493Z-debug.log
npm WARN deprecated oracledb@2.3.0: Update to node-oracledb 5

> oracledb@2.3.0 install /__w/appoptics-apm-node/appoptics-apm-node/node_modules/oracledb
> node package/oracledbinstall.js

oracledb Beginning installation
oracledb Verifying installation
oracledb Continuing installation
oracledb [31mERR![0m NJS-054: Binary build/Release/oracledb.node was not installed.
oracledb [31mERR![0m Pre-built binary packages are not available for this version of Node.js (NODE_MODULE_VERSION="72")
oracledb [31mERR![0m Failed to install binary package oracledb-v2.3.0-node-v72-linux-x64.gz
oracledb [31mERR![0m EACCES: permission denied, mkdir 'build'
oracledb [31mERR![0m For help see https://oracle.github.io/node-oracledb/INSTALL.html#troubleshooting

npm WARN optional SKIPPING OPTIONAL DEPENDENCY: fsevents@~2.3.1 (node_modules/chokidar/node_modules/fsevents):
npm WARN notsup SKIPPING OPTIONAL DEPENDENCY: Unsupported platform for fsevents@2.3.2: wanted {"os":"darwin","arch":"any"} (current: {"os":"linux","arch":"x64"})

npm ERR! code ELIFECYCLE
npm ERR! errno 87
npm ERR! oracledb@2.3.0 install: `node package/oracledbinstall.js`
npm ERR! Exit status 87
npm ERR! 
npm ERR! Failed at the oracledb@2.3.0 install script.
npm ERR! This is probably not a problem with npm. There is likely additional logging output above.

npm ERR! A complete log of this run can be found in:
npm ERR!     /github/home/.npm/_logs/2021-08-24T05_10_36_075Z-debug.log
npm WARN deprecated oracledb@3.0.0: Update to node-oracledb 5

> oracledb@3.0.0 install /__w/appoptics-apm-node/appoptics-apm-node/node_modules/oracledb
> node package/oracledbinstall.js

oracledb Beginning installation
oracledb Verifying installation
oracledb Continuing installation
oracledb [31mERR![0m NJS-054: Binary build/Release/oracledb.node was not installed.
oracledb [31mERR![0m Pre-built binary packages are not available for this version of Node.js (NODE_MODULE_VERSION="72")
oracledb [31mERR![0m Failed to install binary package oracledb-v3.0.0-node-abi72-linux-x64.gz
oracledb [31mERR![0m EACCES: permission denied, mkdir 'build'
oracledb [31mERR![0m For help see https://oracle.github.io/node-oracledb/INSTALL.html#troubleshooting

npm WARN optional SKIPPING OPTIONAL DEPENDENCY: fsevents@~2.3.1 (node_modules/chokidar/node_modules/fsevents):
npm WARN notsup SKIPPING OPTIONAL DEPENDENCY: Unsupported platform for fsevents@2.3.2: wanted {"os":"darwin","arch":"any"} (current: {"os":"linux","arch":"x64"})

npm ERR! code ELIFECYCLE
npm ERR! errno 87
npm ERR! oracledb@3.0.0 install: `node package/oracledbinstall.js`
npm ERR! Exit status 87
npm ERR! 
npm ERR! Failed at the oracledb@3.0.0 install script.
npm ERR! This is probably not a problem with npm. There is likely additional logging output above.

npm ERR! A complete log of this run can be found in:
npm ERR!     /github/home/.npm/_logs/2021-08-24T05_10_41_568Z-debug.log
npm WARN deprecated oracledb@3.0.1: Update to node-oracledb 5

> oracledb@3.0.1 install /__w/appoptics-apm-node/appoptics-apm-node/node_modules/oracledb
> node package/oracledbinstall.js

oracledb Beginning installation
oracledb [31mERR![0m NJS-054: Binary build/Release/oracledb.node was not installed.
oracledb [31mERR![0m Pre-built binary packages are not available for Node.js v12.22.5 (NODE_MODULE_VERSION="72")
oracledb [31mERR![0m Failed to install binary package oracledb-v3.0.1-node-abi72-linux-x64.gz
oracledb [31mERR![0m EACCES: permission denied, mkdir 'build'
oracledb [31mERR![0m For help see https://oracle.github.io/node-oracledb/INSTALL.html#troubleshooting

npm WARN optional SKIPPING OPTIONAL DEPENDENCY: fsevents@~2.3.1 (node_modules/chokidar/node_modules/fsevents):
npm WARN notsup SKIPPING OPTIONAL DEPENDENCY: Unsupported platform for fsevents@2.3.2: wanted {"os":"darwin","arch":"any"} (current: {"os":"linux","arch":"x64"})

npm ERR! code ELIFECYCLE
npm ERR! errno 87
npm ERR! oracledb@3.0.1 install: `node package/oracledbinstall.js`
npm ERR! Exit status 87
npm ERR! 
npm ERR! Failed at the oracledb@3.0.1 install script.
npm ERR! This is probably not a problem with npm. There is likely additional logging output above.

npm ERR! A complete log of this run can be found in:
npm ERR!     /github/home/.npm/_logs/2021-08-24T05_10_46_606Z-debug.log
npm WARN deprecated oracledb@3.1.0: Update to node-oracledb 5

> oracledb@3.1.0 install /__w/appoptics-apm-node/appoptics-apm-node/node_modules/oracledb
> node package/install.js

oracledb [31mERR![0m NJS-067: a pre-built node-oracledb binary was not found for Node.js v12.22.5 (NODE_MODULE_VERSION=72) on linux x64
oracledb [31mERR![0m Try compiling node-oracledb source code using https://oracle.github.io/node-oracledb/INSTALL.html#github
npm WARN optional SKIPPING OPTIONAL DEPENDENCY: fsevents@~2.3.1 (node_modules/chokidar/node_modules/fsevents):
npm WARN notsup SKIPPING OPTIONAL DEPENDENCY: Unsupported platform for fsevents@2.3.2: wanted {"os":"darwin","arch":"any"} (current: {"os":"linux","arch":"x64"})

npm ERR! code ELIFECYCLE
npm ERR! errno 87
npm ERR! oracledb@3.1.0 install: `node package/install.js`
npm ERR! Exit status 87
npm ERR! 
npm ERR! Failed at the oracledb@3.1.0 install script.
npm ERR! This is probably not a problem with npm. There is likely additional logging output above.

npm ERR! A complete log of this run can be found in:
npm ERR!     /github/home/.npm/_logs/2021-08-24T05_10_52_024Z-debug.log
npm WARN deprecated oracledb@3.1.1: Update to node-oracledb 5

> oracledb@3.1.1 install /__w/appoptics-apm-node/appoptics-apm-node/node_modules/oracledb
> node package/install.js

oracledb [31mERR![0m NJS-067: a pre-built node-oracledb binary was not found for Node.js v12.22.5 (NODE_MODULE_VERSION=72) on linux x64
oracledb [31mERR![0m Try compiling node-oracledb source code using https://oracle.github.io/node-oracledb/INSTALL.html#github
npm WARN optional SKIPPING OPTIONAL DEPENDENCY: fsevents@~2.3.1 (node_modules/chokidar/node_modules/fsevents):
npm WARN notsup SKIPPING OPTIONAL DEPENDENCY: Unsupported platform for fsevents@2.3.2: wanted {"os":"darwin","arch":"any"} (current: {"os":"linux","arch":"x64"})

npm ERR! code ELIFECYCLE
npm ERR! errno 87
npm ERR! oracledb@3.1.1 install: `node package/install.js`
npm ERR! Exit status 87
npm ERR! 
npm ERR! Failed at the oracledb@3.1.1 install script.
npm ERR! This is probably not a problem with npm. There is likely additional logging output above.

npm ERR! A complete log of this run can be found in:
npm ERR!     /github/home/.npm/_logs/2021-08-24T05_10_57_000Z-debug.log
npm WARN deprecated oracledb@3.1.2: Update to node-oracledb 5

> oracledb@3.1.2 install /__w/appoptics-apm-node/appoptics-apm-node/node_modules/oracledb
> node package/install.js

oracledb [31mERR![0m NJS-067: a pre-built node-oracledb binary was not found for Node.js v12.22.5 (NODE_MODULE_VERSION=72) on linux x64
oracledb [31mERR![0m Try compiling node-oracledb source code using https://oracle.github.io/node-oracledb/INSTALL.html#github
npm WARN optional SKIPPING OPTIONAL DEPENDENCY: fsevents@~2.3.1 (node_modules/chokidar/node_modules/fsevents):
npm WARN notsup SKIPPING OPTIONAL DEPENDENCY: Unsupported platform for fsevents@2.3.2: wanted {"os":"darwin","arch":"any"} (current: {"os":"linux","arch":"x64"})

npm ERR! code ELIFECYCLE
npm ERR! errno 87
npm ERR! oracledb@3.1.2 install: `node package/install.js`
npm ERR! Exit status 87
npm ERR! 
npm ERR! Failed at the oracledb@3.1.2 install script.
npm ERR! This is probably not a problem with npm. There is likely additional logging output above.

npm ERR! A complete log of this run can be found in:
npm ERR!     /github/home/.npm/_logs/2021-08-24T05_11_00_871Z-debug.log

> oracledb@4.0.0 install /__w/appoptics-apm-node/appoptics-apm-node/node_modules/oracledb
> node package/install.js

oracledb ********************************************************************************
oracledb ** Node-oracledb 4.0.0 installed for Node.js 12.22.5 (linux, x64)
oracledb **
oracledb ** To use node-oracledb:
oracledb ** - Oracle Client libraries (64-bit) must be configured with ldconfig or LD_LIBRARY_PATH
oracledb ** - To get libraries, install an Instant Client Basic or Basic Light package from
oracledb **   https://www.oracle.com/technetwork/topics/linuxx86-64soft-092277.html
oracledb **
oracledb ** Installation instructions: https://oracle.github.io/node-oracledb/INSTALL.html
oracledb ********************************************************************************

npm WARN optional SKIPPING OPTIONAL DEPENDENCY: fsevents@~2.3.1 (node_modules/chokidar/node_modules/fsevents):
npm WARN notsup SKIPPING OPTIONAL DEPENDENCY: Unsupported platform for fsevents@2.3.2: wanted {"os":"darwin","arch":"any"} (current: {"os":"linux","arch":"x64"})

+ oracledb@4.0.0
added 1 package and audited 939 packages in 4.01s

32 packages are looking for funding
  run `npm fund` for details

found 29 vulnerabilities (6 low, 6 moderate, 15 high, 2 critical)
  run `npm audit fix` to fix them, or `npm audit` for details
2021-08-24T05:11:05.708Z appoptics:debug read config from /__w/appoptics-apm-node/appoptics-apm-node/appoptics-apm-config
2021-08-24T05:11:05.709Z appoptics:debug guc ignoring APPOPTICS_LOG_SETTINGS
2021-08-24T05:11:05.709Z appoptics:debug serviceKey dIOz...wWK0:ao-node-test
2021-08-24T05:11:05.710Z appoptics:debug using context provider: ace-context
2021-08-24T05:11:05.773Z appoptics:debug apm 10.0.1, bindings 11.0.0, oboe 10.1.0
2021-08-24T05:11:05.809Z appoptics:patching patched crypto 
2021-08-24T05:11:05.858Z appoptics:patching patched https 
2021-08-24T05:11:05.858Z appoptics:patching patched http 
2021-08-24T05:11:05.890Z appoptics:patching patched oracledb 4.0.0
2021-08-24T05:11:05.893Z appoptics:debug starting runtimeMetrics


  probes.oracledb 4.0.0
    âœ“ UDP might lose a message
2021-08-24T05:11:05.987Z appoptics:debug asking helper to execute test_basic
2021-08-24T05:11:05.987Z appoptics:debug test_basic being executed
2021-08-24T05:11:05.987Z appoptics:debug oracledb wrapping getConnection
2021-08-24T05:11:06.057Z appoptics:debug done with test_basic oracledb.getConnection
2021-08-24T05:11:06.104Z appoptics:debug test_basic query callback invoked
    âœ“ should trace execute calls (123ms)
2021-08-24T05:11:06.112Z appoptics:debug ORACLEDB wrapping createPool
2021-08-24T05:11:06.116Z appoptics:debug oracledb wrapping getConnection
2021-08-24T05:11:06.189Z appoptics:debug connection.execute() seems to be patched
2021-08-24T05:11:06.189Z appoptics:debug connection.commit() seems to be patched
2021-08-24T05:11:06.189Z appoptics:debug connection.rollback() seems to be patched
2021-08-24T05:11:06.189Z appoptics:debug connection.break() seems to be patched
2021-08-24T05:11:06.189Z appoptics:debug connection.release seems to be patched
    âœ“ should trace execute calls in pool (80ms)
2021-08-24T05:11:06.192Z appoptics:debug oracledb wrapping getConnection
2021-08-24T05:11:06.209Z appoptics:debug connection.execute() seems to be patched
2021-08-24T05:11:06.209Z appoptics:debug connection.commit() seems to be patched
2021-08-24T05:11:06.209Z appoptics:debug connection.rollback() seems to be patched
2021-08-24T05:11:06.209Z appoptics:debug connection.break() seems to be patched
2021-08-24T05:11:06.209Z appoptics:debug connection.release seems to be patched
    âœ“ should include correct isAutoCommit value


  4 passing (240ms)


> oracledb@4.0.1 install /__w/appoptics-apm-node/appoptics-apm-node/node_modules/oracledb
> node package/install.js

oracledb ********************************************************************************
oracledb ** Node-oracledb 4.0.1 installed for Node.js 12.22.5 (linux, x64)
oracledb **
oracledb ** To use node-oracledb:
oracledb ** - Oracle Client libraries (64-bit) must be configured with ldconfig or LD_LIBRARY_PATH
oracledb ** - To get libraries, install an Instant Client Basic or Basic Light package from
oracledb **   https://www.oracle.com/technetwork/topics/linuxx86-64soft-092277.html
oracledb **
oracledb ** Installation instructions: https://oracle.github.io/node-oracledb/INSTALL.html
oracledb ********************************************************************************

npm WARN optional SKIPPING OPTIONAL DEPENDENCY: fsevents@~2.3.1 (node_modules/chokidar/node_modules/fsevents):
npm WARN notsup SKIPPING OPTIONAL DEPENDENCY: Unsupported platform for fsevents@2.3.2: wanted {"os":"darwin","arch":"any"} (current: {"os":"linux","arch":"x64"})

+ oracledb@4.0.1
updated 1 package and audited 939 packages in 3.357s

32 packages are looking for funding
  run `npm fund` for details

found 29 vulnerabilities (6 low, 6 moderate, 15 high, 2 critical)
  run `npm audit fix` to fix them, or `npm audit` for details
2021-08-24T05:11:10.372Z appoptics:debug read config from /__w/appoptics-apm-node/appoptics-apm-node/appoptics-apm-config
2021-08-24T05:11:10.372Z appoptics:debug guc ignoring APPOPTICS_LOG_SETTINGS
2021-08-24T05:11:10.372Z appoptics:debug serviceKey dIOz...wWK0:ao-node-test
2021-08-24T05:11:10.373Z appoptics:debug using context provider: ace-context
2021-08-24T05:11:10.426Z appoptics:debug apm 10.0.1, bindings 11.0.0, oboe 10.1.0
2021-08-24T05:11:10.455Z appoptics:patching patched crypto 
2021-08-24T05:11:10.471Z appoptics:patching patched https 
2021-08-24T05:11:10.472Z appoptics:patching patched http 
2021-08-24T05:11:10.509Z appoptics:patching patched oracledb 4.0.1
2021-08-24T05:11:10.511Z appoptics:debug starting runtimeMetrics


  probes.oracledb 4.0.1
    âœ“ UDP might lose a message
2021-08-24T05:11:10.605Z appoptics:debug asking helper to execute test_basic
2021-08-24T05:11:10.605Z appoptics:debug test_basic being executed
2021-08-24T05:11:10.605Z appoptics:debug oracledb wrapping getConnection
2021-08-24T05:11:10.613Z appoptics:debug done with test_basic oracledb.getConnection
2021-08-24T05:11:10.633Z appoptics:debug test_basic query callback invoked
    âœ“ should trace execute calls
2021-08-24T05:11:10.638Z appoptics:debug ORACLEDB wrapping createPool
2021-08-24T05:11:10.640Z appoptics:debug oracledb wrapping getConnection
2021-08-24T05:11:10.659Z appoptics:debug connection.execute() seems to be patched
2021-08-24T05:11:10.659Z appoptics:debug connection.commit() seems to be patched
2021-08-24T05:11:10.659Z appoptics:debug connection.rollback() seems to be patched
2021-08-24T05:11:10.659Z appoptics:debug connection.break() seems to be patched
2021-08-24T05:11:10.659Z appoptics:debug connection.release seems to be patched
    âœ“ should trace execute calls in pool
2021-08-24T05:11:10.662Z appoptics:debug oracledb wrapping getConnection
2021-08-24T05:11:10.679Z appoptics:debug connection.execute() seems to be patched
2021-08-24T05:11:10.680Z appoptics:debug connection.commit() seems to be patched
2021-08-24T05:11:10.680Z appoptics:debug connection.rollback() seems to be patched
2021-08-24T05:11:10.680Z appoptics:debug connection.break() seems to be patched
2021-08-24T05:11:10.680Z appoptics:debug connection.release seems to be patched
    âœ“ should include correct isAutoCommit value


  4 passing (94ms)


> oracledb@4.1.0 install /__w/appoptics-apm-node/appoptics-apm-node/node_modules/oracledb
> node package/install.js

oracledb ********************************************************************************
oracledb ** Node-oracledb 4.1.0 installed for Node.js 12.22.5 (linux, x64)
oracledb **
oracledb ** To use node-oracledb:
oracledb ** - Oracle Client libraries (64-bit) must be configured with ldconfig or LD_LIBRARY_PATH
oracledb ** - To get libraries, install an Instant Client Basic or Basic Light package from
oracledb **   https://www.oracle.com/technetwork/topics/linuxx86-64soft-092277.html
oracledb **
oracledb ** Installation instructions: https://oracle.github.io/node-oracledb/INSTALL.html
oracledb ********************************************************************************

npm WARN optional SKIPPING OPTIONAL DEPENDENCY: fsevents@~2.3.1 (node_modules/chokidar/node_modules/fsevents):
npm WARN notsup SKIPPING OPTIONAL DEPENDENCY: Unsupported platform for fsevents@2.3.2: wanted {"os":"darwin","arch":"any"} (current: {"os":"linux","arch":"x64"})

+ oracledb@4.1.0
updated 1 package and audited 939 packages in 3.49s

32 packages are looking for funding
  run `npm fund` for details

found 29 vulnerabilities (6 low, 6 moderate, 15 high, 2 critical)
  run `npm audit fix` to fix them, or `npm audit` for details
2021-08-24T05:11:15.017Z appoptics:debug read config from /__w/appoptics-apm-node/appoptics-apm-node/appoptics-apm-config
2021-08-24T05:11:15.017Z appoptics:debug guc ignoring APPOPTICS_LOG_SETTINGS
2021-08-24T05:11:15.017Z appoptics:debug serviceKey dIOz...wWK0:ao-node-test
2021-08-24T05:11:15.018Z appoptics:debug using context provider: ace-context
2021-08-24T05:11:15.088Z appoptics:debug apm 10.0.1, bindings 11.0.0, oboe 10.1.0
2021-08-24T05:11:15.125Z appoptics:patching patched crypto 
2021-08-24T05:11:15.153Z appoptics:patching patched https 
2021-08-24T05:11:15.153Z appoptics:patching patched http 
2021-08-24T05:11:15.191Z appoptics:patching patched oracledb 4.1.0
2021-08-24T05:11:15.194Z appoptics:debug starting runtimeMetrics


  probes.oracledb 4.1.0
    âœ“ UDP might lose a message
2021-08-24T05:11:15.307Z appoptics:debug asking helper to execute test_basic
2021-08-24T05:11:15.307Z appoptics:debug test_basic being executed
2021-08-24T05:11:15.307Z appoptics:debug oracledb wrapping getConnection
2021-08-24T05:11:15.321Z appoptics:debug done with test_basic oracledb.getConnection
2021-08-24T05:11:15.342Z appoptics:debug test_basic query callback invoked
    âœ“ should trace execute calls (39ms)
2021-08-24T05:11:15.348Z appoptics:debug ORACLEDB wrapping createPool
2021-08-24T05:11:15.352Z appoptics:debug oracledb wrapping getConnection
2021-08-24T05:11:15.374Z appoptics:debug connection.execute() seems to be patched
2021-08-24T05:11:15.374Z appoptics:debug connection.commit() seems to be patched
2021-08-24T05:11:15.374Z appoptics:debug connection.rollback() seems to be patched
2021-08-24T05:11:15.374Z appoptics:debug connection.break() seems to be patched
2021-08-24T05:11:15.374Z appoptics:debug connection.release seems to be patched
    âœ“ should trace execute calls in pool
2021-08-24T05:11:15.377Z appoptics:debug oracledb wrapping getConnection
2021-08-24T05:11:15.406Z appoptics:debug connection.execute() seems to be patched
2021-08-24T05:11:15.406Z appoptics:debug connection.commit() seems to be patched
2021-08-24T05:11:15.406Z appoptics:debug connection.rollback() seems to be patched
2021-08-24T05:11:15.406Z appoptics:debug connection.break() seems to be patched
2021-08-24T05:11:15.406Z appoptics:debug connection.release seems to be patched
    âœ“ should include correct isAutoCommit value


  4 passing (121ms)


> oracledb@4.2.0 install /__w/appoptics-apm-node/appoptics-apm-node/node_modules/oracledb
> node package/install.js

oracledb ********************************************************************************
oracledb ** Node-oracledb 4.2.0 installed for Node.js 12.22.5 (linux, x64)
oracledb **
oracledb ** To use node-oracledb:
oracledb ** - Oracle Client libraries (64-bit) must be configured with ldconfig or LD_LIBRARY_PATH
oracledb ** - To get libraries, install an Instant Client Basic or Basic Light package from
oracledb **   https://www.oracle.com/database/technologies/instant-client/linux-x86-64-downloads.html
oracledb **
oracledb ** Installation instructions: https://oracle.github.io/node-oracledb/INSTALL.html
oracledb ********************************************************************************

npm WARN optional SKIPPING OPTIONAL DEPENDENCY: fsevents@~2.3.1 (node_modules/chokidar/node_modules/fsevents):
npm WARN notsup SKIPPING OPTIONAL DEPENDENCY: Unsupported platform for fsevents@2.3.2: wanted {"os":"darwin","arch":"any"} (current: {"os":"linux","arch":"x64"})

+ oracledb@4.2.0
updated 1 package and audited 939 packages in 3.697s

32 packages are looking for funding
  run `npm fund` for details

found 29 vulnerabilities (6 low, 6 moderate, 15 high, 2 critical)
  run `npm audit fix` to fix them, or `npm audit` for details
2021-08-24T05:11:20.050Z appoptics:debug read config from /__w/appoptics-apm-node/appoptics-apm-node/appoptics-apm-config
2021-08-24T05:11:20.051Z appoptics:debug guc ignoring APPOPTICS_LOG_SETTINGS
2021-08-24T05:11:20.051Z appoptics:debug serviceKey dIOz...wWK0:ao-node-test
2021-08-24T05:11:20.051Z appoptics:debug using context provider: ace-context
2021-08-24T05:11:20.107Z appoptics:debug apm 10.0.1, bindings 11.0.0, oboe 10.1.0
2021-08-24T05:11:20.136Z appoptics:patching patched crypto 
2021-08-24T05:11:20.151Z appoptics:patching patched https 
2021-08-24T05:11:20.151Z appoptics:patching patched http 
2021-08-24T05:11:20.187Z appoptics:patching patched oracledb 4.2.0
2021-08-24T05:11:20.189Z appoptics:debug starting runtimeMetrics


  probes.oracledb 4.2.0
    âœ“ UDP might lose a message
2021-08-24T05:11:20.283Z appoptics:debug asking helper to execute test_basic
2021-08-24T05:11:20.283Z appoptics:debug test_basic being executed
2021-08-24T05:11:20.283Z appoptics:debug oracledb wrapping getConnection
2021-08-24T05:11:20.291Z appoptics:debug done with test_basic oracledb.getConnection
2021-08-24T05:11:20.312Z appoptics:debug test_basic query callback invoked
    âœ“ should trace execute calls
2021-08-24T05:11:20.318Z appoptics:debug ORACLEDB wrapping createPool
2021-08-24T05:11:20.320Z appoptics:debug oracledb wrapping getConnection
2021-08-24T05:11:20.336Z appoptics:debug connection.execute() seems to be patched
2021-08-24T05:11:20.337Z appoptics:debug connection.commit() seems to be patched
2021-08-24T05:11:20.337Z appoptics:debug connection.rollback() seems to be patched
2021-08-24T05:11:20.337Z appoptics:debug connection.break() seems to be patched
2021-08-24T05:11:20.337Z appoptics:debug connection.release seems to be patched
    âœ“ should trace execute calls in pool
2021-08-24T05:11:20.339Z appoptics:debug oracledb wrapping getConnection
2021-08-24T05:11:20.360Z appoptics:debug connection.execute() seems to be patched
2021-08-24T05:11:20.360Z appoptics:debug connection.commit() seems to be patched
2021-08-24T05:11:20.360Z appoptics:debug connection.rollback() seems to be patched
2021-08-24T05:11:20.360Z appoptics:debug connection.break() seems to be patched
2021-08-24T05:11:20.360Z appoptics:debug connection.release seems to be patched
    âœ“ should include correct isAutoCommit value


  4 passing (96ms)


> oracledb@5.0.0 install /__w/appoptics-apm-node/appoptics-apm-node/node_modules/oracledb
> node package/install.js

oracledb ********************************************************************************
oracledb ** Node-oracledb 5.0.0 installed for Node.js 12.22.5 (linux, x64)
oracledb **
oracledb ** To use node-oracledb:
oracledb ** - Oracle Client libraries (64-bit) must be available.
oracledb ** - Follow the installation instructions:
oracledb **   https://oracle.github.io/node-oracledb/INSTALL.html#linuxinstall
oracledb ********************************************************************************

npm WARN optional SKIPPING OPTIONAL DEPENDENCY: fsevents@~2.3.1 (node_modules/chokidar/node_modules/fsevents):
npm WARN notsup SKIPPING OPTIONAL DEPENDENCY: Unsupported platform for fsevents@2.3.2: wanted {"os":"darwin","arch":"any"} (current: {"os":"linux","arch":"x64"})

+ oracledb@5.0.0
updated 1 package and audited 939 packages in 3.341s

32 packages are looking for funding
  run `npm fund` for details

found 29 vulnerabilities (6 low, 6 moderate, 15 high, 2 critical)
  run `npm audit fix` to fix them, or `npm audit` for details
2021-08-24T05:11:24.524Z appoptics:debug read config from /__w/appoptics-apm-node/appoptics-apm-node/appoptics-apm-config
2021-08-24T05:11:24.524Z appoptics:debug guc ignoring APPOPTICS_LOG_SETTINGS
2021-08-24T05:11:24.524Z appoptics:debug serviceKey dIOz...wWK0:ao-node-test
2021-08-24T05:11:24.525Z appoptics:debug using context provider: ace-context
2021-08-24T05:11:24.580Z appoptics:debug apm 10.0.1, bindings 11.0.0, oboe 10.1.0
2021-08-24T05:11:24.609Z appoptics:patching patched crypto 
2021-08-24T05:11:24.624Z appoptics:patching patched https 
2021-08-24T05:11:24.625Z appoptics:patching patched http 
2021-08-24T05:11:24.660Z appoptics:patching patched oracledb 5.0.0
2021-08-24T05:11:24.662Z appoptics:debug starting runtimeMetrics


  probes.oracledb 5.0.0
    âœ“ UDP might lose a message
2021-08-24T05:11:24.754Z appoptics:debug asking helper to execute test_basic
2021-08-24T05:11:24.755Z appoptics:debug test_basic being executed
2021-08-24T05:11:24.755Z appoptics:debug oracledb wrapping getConnection
2021-08-24T05:11:24.763Z appoptics:debug done with test_basic oracledb.getConnection
2021-08-24T05:11:24.785Z appoptics:debug test_basic query callback invoked
    âœ“ should trace execute calls
2021-08-24T05:11:24.791Z appoptics:debug ORACLEDB wrapping createPool
2021-08-24T05:11:24.793Z appoptics:debug oracledb wrapping getConnection
2021-08-24T05:11:24.809Z appoptics:debug connection.execute() seems to be patched
2021-08-24T05:11:24.809Z appoptics:debug connection.commit() seems to be patched
2021-08-24T05:11:24.809Z appoptics:debug connection.rollback() seems to be patched
2021-08-24T05:11:24.809Z appoptics:debug connection.break() seems to be patched
2021-08-24T05:11:24.809Z appoptics:debug connection.release seems to be patched
    âœ“ should trace execute calls in pool
2021-08-24T05:11:24.812Z appoptics:debug oracledb wrapping getConnection
2021-08-24T05:11:24.828Z appoptics:debug connection.execute() seems to be patched
2021-08-24T05:11:24.828Z appoptics:debug connection.commit() seems to be patched
2021-08-24T05:11:24.828Z appoptics:debug connection.rollback() seems to be patched
2021-08-24T05:11:24.828Z appoptics:debug connection.break() seems to be patched
2021-08-24T05:11:24.828Z appoptics:debug connection.release seems to be patched
    âœ“ should include correct isAutoCommit value


  4 passing (93ms)


> oracledb@5.1.0 install /__w/appoptics-apm-node/appoptics-apm-node/node_modules/oracledb
> node package/install.js

oracledb ********************************************************************************
oracledb ** Node-oracledb 5.1.0 installed for Node.js 12.22.5 (linux, x64)
oracledb **
oracledb ** To use node-oracledb:
oracledb ** - Oracle Client libraries (64-bit) must be available.
oracledb ** - Follow the installation instructions:
oracledb **   https://oracle.github.io/node-oracledb/INSTALL.html#linuxinstall
oracledb ********************************************************************************

npm WARN optional SKIPPING OPTIONAL DEPENDENCY: fsevents@~2.3.1 (node_modules/chokidar/node_modules/fsevents):
npm WARN notsup SKIPPING OPTIONAL DEPENDENCY: Unsupported platform for fsevents@2.3.2: wanted {"os":"darwin","arch":"any"} (current: {"os":"linux","arch":"x64"})

+ oracledb@5.1.0
updated 1 package and audited 939 packages in 3.657s

32 packages are looking for funding
  run `npm fund` for details

found 29 vulnerabilities (6 low, 6 moderate, 15 high, 2 critical)
  run `npm audit fix` to fix them, or `npm audit` for details
2021-08-24T05:11:29.358Z appoptics:debug read config from /__w/appoptics-apm-node/appoptics-apm-node/appoptics-apm-config
2021-08-24T05:11:29.359Z appoptics:debug guc ignoring APPOPTICS_LOG_SETTINGS
2021-08-24T05:11:29.359Z appoptics:debug serviceKey dIOz...wWK0:ao-node-test
2021-08-24T05:11:29.359Z appoptics:debug using context provider: ace-context
2021-08-24T05:11:29.419Z appoptics:debug apm 10.0.1, bindings 11.0.0, oboe 10.1.0
2021-08-24T05:11:29.449Z appoptics:patching patched crypto 
2021-08-24T05:11:29.464Z appoptics:patching patched https 
2021-08-24T05:11:29.465Z appoptics:patching patched http 
2021-08-24T05:11:29.498Z appoptics:patching patched oracledb 5.1.0
2021-08-24T05:11:29.501Z appoptics:debug starting runtimeMetrics


  probes.oracledb 5.1.0
    âœ“ UDP might lose a message
2021-08-24T05:11:29.594Z appoptics:debug asking helper to execute test_basic
2021-08-24T05:11:29.594Z appoptics:debug test_basic being executed
2021-08-24T05:11:29.594Z appoptics:debug oracledb wrapping getConnection
2021-08-24T05:11:29.602Z appoptics:debug done with test_basic oracledb.getConnection
2021-08-24T05:11:29.622Z appoptics:debug test_basic query callback invoked
    âœ“ should trace execute calls
2021-08-24T05:11:29.627Z appoptics:debug ORACLEDB wrapping createPool
2021-08-24T05:11:29.629Z appoptics:debug oracledb wrapping getConnection
2021-08-24T05:11:29.645Z appoptics:debug connection.execute() seems to be patched
2021-08-24T05:11:29.645Z appoptics:debug connection.commit() seems to be patched
2021-08-24T05:11:29.645Z appoptics:debug connection.rollback() seems to be patched
2021-08-24T05:11:29.645Z appoptics:debug connection.break() seems to be patched
2021-08-24T05:11:29.645Z appoptics:debug connection.release seems to be patched
    âœ“ should trace execute calls in pool
2021-08-24T05:11:29.648Z appoptics:debug oracledb wrapping getConnection
2021-08-24T05:11:29.663Z appoptics:debug connection.execute() seems to be patched
2021-08-24T05:11:29.663Z appoptics:debug connection.commit() seems to be patched
2021-08-24T05:11:29.663Z appoptics:debug connection.rollback() seems to be patched
2021-08-24T05:11:29.663Z appoptics:debug connection.break() seems to be patched
2021-08-24T05:11:29.663Z appoptics:debug connection.release seems to be patched
    âœ“ should include correct isAutoCommit value


  4 passing (90ms)


> oracledb@5.2.0 install /__w/appoptics-apm-node/appoptics-apm-node/node_modules/oracledb
> node package/install.js

oracledb ********************************************************************************
oracledb ** Node-oracledb 5.2.0 installed in Node.js 12.22.5 (linux, x64)
oracledb **
oracledb ** To use node-oracledb:
oracledb ** - Oracle Client libraries (64-bit) must be available.
oracledb ** - Follow the installation instructions:
oracledb **   https://oracle.github.io/node-oracledb/INSTALL.html#linuxinstall
oracledb ********************************************************************************

npm WARN optional SKIPPING OPTIONAL DEPENDENCY: fsevents@~2.3.1 (node_modules/chokidar/node_modules/fsevents):
npm WARN notsup SKIPPING OPTIONAL DEPENDENCY: Unsupported platform for fsevents@2.3.2: wanted {"os":"darwin","arch":"any"} (current: {"os":"linux","arch":"x64"})

+ oracledb@5.2.0
updated 1 package and audited 939 packages in 3.177s

32 packages are looking for funding
  run `npm fund` for details

found 29 vulnerabilities (6 low, 6 moderate, 15 high, 2 critical)
  run `npm audit fix` to fix them, or `npm audit` for details
2021-08-24T05:11:33.652Z appoptics:debug read config from /__w/appoptics-apm-node/appoptics-apm-node/appoptics-apm-config
2021-08-24T05:11:33.653Z appoptics:debug guc ignoring APPOPTICS_LOG_SETTINGS
2021-08-24T05:11:33.653Z appoptics:debug serviceKey dIOz...wWK0:ao-node-test
2021-08-24T05:11:33.653Z appoptics:debug using context provider: ace-context
2021-08-24T05:11:33.711Z appoptics:debug apm 10.0.1, bindings 11.0.0, oboe 10.1.0
2021-08-24T05:11:33.740Z appoptics:patching patched crypto 
2021-08-24T05:11:33.756Z appoptics:patching patched https 
2021-08-24T05:11:33.756Z appoptics:patching patched http 
2021-08-24T05:11:33.789Z appoptics:patching patched oracledb 5.2.0
2021-08-24T05:11:33.792Z appoptics:debug starting runtimeMetrics


  probes.oracledb 5.2.0
    âœ“ UDP might lose a message
2021-08-24T05:11:33.886Z appoptics:debug asking helper to execute test_basic
2021-08-24T05:11:33.886Z appoptics:debug test_basic being executed
2021-08-24T05:11:33.886Z appoptics:debug oracledb wrapping getConnection
2021-08-24T05:11:33.894Z appoptics:debug done with test_basic oracledb.getConnection
2021-08-24T05:11:33.934Z appoptics:debug test_basic query callback invoked
    âœ“ should trace execute calls (53ms)
2021-08-24T05:11:33.941Z appoptics:debug ORACLEDB wrapping createPool
2021-08-24T05:11:33.946Z appoptics:debug oracledb wrapping getConnection
2021-08-24T05:11:33.965Z appoptics:debug connection.execute() seems to be patched
2021-08-24T05:11:33.965Z appoptics:debug connection.commit() seems to be patched
2021-08-24T05:11:33.965Z appoptics:debug connection.rollback() seems to be patched
2021-08-24T05:11:33.965Z appoptics:debug connection.break() seems to be patched
2021-08-24T05:11:33.965Z appoptics:debug connection.release seems to be patched
    âœ“ should trace execute calls in pool
2021-08-24T05:11:33.971Z appoptics:debug oracledb wrapping getConnection
2021-08-24T05:11:33.988Z appoptics:debug connection.execute() seems to be patched
2021-08-24T05:11:33.988Z appoptics:debug connection.commit() seems to be patched
2021-08-24T05:11:33.988Z appoptics:debug connection.rollback() seems to be patched
2021-08-24T05:11:33.989Z appoptics:debug connection.break() seems to be patched
2021-08-24T05:11:33.989Z appoptics:debug connection.release seems to be patched
    âœ“ should include correct isAutoCommit value


  4 passing (127ms)


> oracledb@5.2.0 install /__w/appoptics-apm-node/appoptics-apm-node/node_modules/oracledb
> node package/install.js

oracledb ********************************************************************************
oracledb ** Node-oracledb 5.2.0 installed in Node.js 12.22.5 (linux, x64)
oracledb **
oracledb ** To use node-oracledb:
oracledb ** - Oracle Client libraries (64-bit) must be available.
oracledb ** - Follow the installation instructions:
oracledb **   https://oracle.github.io/node-oracledb/INSTALL.html#linuxinstall
oracledb ********************************************************************************

npm WARN optional SKIPPING OPTIONAL DEPENDENCY: fsevents@~2.3.1 (node_modules/chokidar/node_modules/fsevents):
npm WARN notsup SKIPPING OPTIONAL DEPENDENCY: Unsupported platform for fsevents@2.3.2: wanted {"os":"darwin","arch":"any"} (current: {"os":"linux","arch":"x64"})

+ oracledb@5.2.0
updated 1 package and audited 939 packages in 3.18s

32 packages are looking for funding
  run `npm fund` for details

found 29 vulnerabilities (6 low, 6 moderate, 15 high, 2 critical)
  run `npm audit fix` to fix them, or `npm audit` for details
