npm WARN deprecated oracledb@2.0.14: Update to node-oracledb 5

> oracledb@2.0.14 install /__w/appoptics-apm-node/appoptics-apm-node/node_modules/oracledb
> node package/oracledbinstall.js

oracledb Beginning installation
oracledb Verifying installation
oracledb Binary not found
oracledb Continuing installation
oracledb [31mERR![0m NJS-054: Binary build/Release/oracledb.node was not installed from oracledb-v2.0.14-node-v72-linux-x64.gz
oracledb [31mERR![0m EACCES: permission denied, mkdir 'build'
oracledb [31mERR![0m If the error is not network or filesystem related, then review 
oracledb [31mERR![0m the Python 2.7 and compiler prerequisites in the installation instructions and
oracledb [31mERR![0m then install from source code with: npm install oracle/node-oracledb.git#v2.0.14
oracledb [31mERR![0m See https://github.com/oracle/node-oracledb/blob/master/INSTALL.md 

npm WARN optional SKIPPING OPTIONAL DEPENDENCY: fsevents@~2.3.1 (node_modules/chokidar/node_modules/fsevents):
npm WARN notsup SKIPPING OPTIONAL DEPENDENCY: Unsupported platform for fsevents@2.3.2: wanted {"os":"darwin","arch":"any"} (current: {"os":"linux","arch":"x64"})

npm ERR! code ELIFECYCLE
npm ERR! errno 87
npm ERR! oracledb@2.0.14 install: `node package/oracledbinstall.js`
npm ERR! Exit status 87
npm ERR! 
npm ERR! Failed at the oracledb@2.0.14 install script.
npm ERR! This is probably not a problem with npm. There is likely additional logging output above.

npm ERR! A complete log of this run can be found in:
npm ERR!     /github/home/.npm/_logs/2021-08-22T21_59_41_099Z-debug.log
npm WARN deprecated oracledb@2.0.15: Update to node-oracledb 5

> oracledb@2.0.15 install /__w/appoptics-apm-node/appoptics-apm-node/node_modules/oracledb
> node package/oracledbinstall.js

oracledb Beginning installation
oracledb Verifying installation
oracledb Binary not found
oracledb Continuing installation
oracledb [31mERR![0m NJS-054: Binary build/Release/oracledb.node was not installed from oracledb-v2.0.15-node-v72-linux-x64.gz
oracledb [31mERR![0m EACCES: permission denied, mkdir 'build'
oracledb [31mERR![0m If the error is not network or filesystem related, then review 
oracledb [31mERR![0m the Python 2.7 and compiler prerequisites in the installation instructions and
oracledb [31mERR![0m then install from source code with: npm install oracle/node-oracledb.git#v2.0.15
oracledb [31mERR![0m See https://github.com/oracle/node-oracledb/blob/master/INSTALL.md 

npm WARN optional SKIPPING OPTIONAL DEPENDENCY: fsevents@~2.3.1 (node_modules/chokidar/node_modules/fsevents):
npm WARN notsup SKIPPING OPTIONAL DEPENDENCY: Unsupported platform for fsevents@2.3.2: wanted {"os":"darwin","arch":"any"} (current: {"os":"linux","arch":"x64"})

npm ERR! code ELIFECYCLE
npm ERR! errno 87
npm ERR! oracledb@2.0.15 install: `node package/oracledbinstall.js`
npm ERR! Exit status 87
npm ERR! 
npm ERR! Failed at the oracledb@2.0.15 install script.
npm ERR! This is probably not a problem with npm. There is likely additional logging output above.

npm ERR! A complete log of this run can be found in:
npm ERR!     /github/home/.npm/_logs/2021-08-22T21_59_46_746Z-debug.log
npm WARN deprecated oracledb@2.1.0: Update to node-oracledb 5

> oracledb@2.1.0 install /__w/appoptics-apm-node/appoptics-apm-node/node_modules/oracledb
> node package/oracledbinstall.js

oracledb Beginning installation
oracledb Verifying installation
oracledb Binary not found
oracledb Continuing installation
oracledb [31mERR![0m NJS-054: Binary build/Release/oracledb.node was not installed from oracledb-v2.1.0-node-v72-linux-x64.gz
oracledb [31mERR![0m EACCES: permission denied, mkdir 'build'
oracledb [31mERR![0m If the error is not network or filesystem related, then review 
oracledb [31mERR![0m the Python 2.7 and compiler prerequisites in the installation instructions and
oracledb [31mERR![0m then install from source code with: npm install oracle/node-oracledb.git#v2.1.0
oracledb [31mERR![0m See https://github.com/oracle/node-oracledb/blob/master/INSTALL.md 

npm WARN optional SKIPPING OPTIONAL DEPENDENCY: fsevents@~2.3.1 (node_modules/chokidar/node_modules/fsevents):
npm WARN notsup SKIPPING OPTIONAL DEPENDENCY: Unsupported platform for fsevents@2.3.2: wanted {"os":"darwin","arch":"any"} (current: {"os":"linux","arch":"x64"})

npm ERR! code ELIFECYCLE
npm ERR! errno 87
npm ERR! oracledb@2.1.0 install: `node package/oracledbinstall.js`
npm ERR! Exit status 87
npm ERR! 
npm ERR! Failed at the oracledb@2.1.0 install script.
npm ERR! This is probably not a problem with npm. There is likely additional logging output above.

npm ERR! A complete log of this run can be found in:
npm ERR!     /github/home/.npm/_logs/2021-08-22T21_59_51_737Z-debug.log
npm WARN deprecated oracledb@2.1.1: Update to node-oracledb 5

> oracledb@2.1.1 install /__w/appoptics-apm-node/appoptics-apm-node/node_modules/oracledb
> node package/oracledbinstall.js

oracledb Beginning installation
oracledb Verifying installation
oracledb Binary not found
oracledb Continuing installation
oracledb [31mERR![0m NJS-054: Binary build/Release/oracledb.node was not installed from oracledb-v2.1.1-node-v72-linux-x64.gz
oracledb [31mERR![0m EACCES: permission denied, mkdir 'build'
oracledb [31mERR![0m If the error is not network or filesystem related, then review 
oracledb [31mERR![0m the Python 2.7 and compiler prerequisites in the installation instructions and
oracledb [31mERR![0m then install from source code with: npm install oracle/node-oracledb.git#v2.1.1
oracledb [31mERR![0m See https://github.com/oracle/node-oracledb/blob/master/INSTALL.md 

npm WARN optional SKIPPING OPTIONAL DEPENDENCY: fsevents@~2.3.1 (node_modules/chokidar/node_modules/fsevents):
npm WARN notsup SKIPPING OPTIONAL DEPENDENCY: Unsupported platform for fsevents@2.3.2: wanted {"os":"darwin","arch":"any"} (current: {"os":"linux","arch":"x64"})

npm ERR! code ELIFECYCLE
npm ERR! errno 87
npm ERR! oracledb@2.1.1 install: `node package/oracledbinstall.js`
npm ERR! Exit status 87
npm ERR! 
npm ERR! Failed at the oracledb@2.1.1 install script.
npm ERR! This is probably not a problem with npm. There is likely additional logging output above.

npm ERR! A complete log of this run can be found in:
npm ERR!     /github/home/.npm/_logs/2021-08-22T21_59_57_111Z-debug.log
npm WARN deprecated oracledb@2.1.2: Update to node-oracledb 5

> oracledb@2.1.2 install /__w/appoptics-apm-node/appoptics-apm-node/node_modules/oracledb
> node package/oracledbinstall.js

oracledb Beginning installation
oracledb Verifying installation
oracledb Binary not found
oracledb Continuing installation
oracledb [31mERR![0m NJS-054: Binary build/Release/oracledb.node was not installed from oracledb-v2.1.2-node-v72-linux-x64.gz
oracledb [31mERR![0m EACCES: permission denied, mkdir 'build'
oracledb [31mERR![0m If the error is not network or filesystem related, then review 
oracledb [31mERR![0m the Python 2.7 and compiler prerequisites in the installation instructions and
oracledb [31mERR![0m then install from source code with: npm install oracle/node-oracledb.git#v2.1.2
oracledb [31mERR![0m See https://github.com/oracle/node-oracledb/blob/master/INSTALL.md 

npm WARN optional SKIPPING OPTIONAL DEPENDENCY: fsevents@~2.3.1 (node_modules/chokidar/node_modules/fsevents):
npm WARN notsup SKIPPING OPTIONAL DEPENDENCY: Unsupported platform for fsevents@2.3.2: wanted {"os":"darwin","arch":"any"} (current: {"os":"linux","arch":"x64"})

npm ERR! code ELIFECYCLE
npm ERR! errno 87
npm ERR! oracledb@2.1.2 install: `node package/oracledbinstall.js`
npm ERR! Exit status 87
npm ERR! 
npm ERR! Failed at the oracledb@2.1.2 install script.
npm ERR! This is probably not a problem with npm. There is likely additional logging output above.

npm ERR! A complete log of this run can be found in:
npm ERR!     /github/home/.npm/_logs/2021-08-22T22_00_02_071Z-debug.log
npm WARN deprecated oracledb@2.2.0: Update to node-oracledb 5

> oracledb@2.2.0 install /__w/appoptics-apm-node/appoptics-apm-node/node_modules/oracledb
> node package/oracledbinstall.js

oracledb Beginning installation
oracledb Verifying installation
oracledb Continuing installation
oracledb [31mERR![0m NJS-054: Binary build/Release/oracledb.node was not installed.
oracledb [31mERR![0m Pre-built binary packages are not available for this version of Node.js (NODE_MODULE_VERSION="72")
oracledb [31mERR![0m Failed to install binary package oracledb-v2.2.0-node-v72-linux-x64.gz
oracledb [31mERR![0m EACCES: permission denied, mkdir 'build'
oracledb [31mERR![0m For help see https://oracle.github.io/node-oracledb/INSTALL.html#troubleshooting

npm WARN optional SKIPPING OPTIONAL DEPENDENCY: fsevents@~2.3.1 (node_modules/chokidar/node_modules/fsevents):
npm WARN notsup SKIPPING OPTIONAL DEPENDENCY: Unsupported platform for fsevents@2.3.2: wanted {"os":"darwin","arch":"any"} (current: {"os":"linux","arch":"x64"})

npm ERR! code ELIFECYCLE
npm ERR! errno 87
npm ERR! oracledb@2.2.0 install: `node package/oracledbinstall.js`
npm ERR! Exit status 87
npm ERR! 
npm ERR! Failed at the oracledb@2.2.0 install script.
npm ERR! This is probably not a problem with npm. There is likely additional logging output above.

npm ERR! A complete log of this run can be found in:
npm ERR!     /github/home/.npm/_logs/2021-08-22T22_00_07_032Z-debug.log
npm WARN deprecated oracledb@2.3.0: Update to node-oracledb 5

> oracledb@2.3.0 install /__w/appoptics-apm-node/appoptics-apm-node/node_modules/oracledb
> node package/oracledbinstall.js

oracledb Beginning installation
oracledb Verifying installation
oracledb Continuing installation
oracledb [31mERR![0m NJS-054: Binary build/Release/oracledb.node was not installed.
oracledb [31mERR![0m Pre-built binary packages are not available for this version of Node.js (NODE_MODULE_VERSION="72")
oracledb [31mERR![0m Failed to install binary package oracledb-v2.3.0-node-v72-linux-x64.gz
oracledb [31mERR![0m EACCES: permission denied, mkdir 'build'
oracledb [31mERR![0m For help see https://oracle.github.io/node-oracledb/INSTALL.html#troubleshooting

npm WARN optional SKIPPING OPTIONAL DEPENDENCY: fsevents@~2.3.1 (node_modules/chokidar/node_modules/fsevents):
npm WARN notsup SKIPPING OPTIONAL DEPENDENCY: Unsupported platform for fsevents@2.3.2: wanted {"os":"darwin","arch":"any"} (current: {"os":"linux","arch":"x64"})

npm ERR! code ELIFECYCLE
npm ERR! errno 87
npm ERR! oracledb@2.3.0 install: `node package/oracledbinstall.js`
npm ERR! Exit status 87
npm ERR! 
npm ERR! Failed at the oracledb@2.3.0 install script.
npm ERR! This is probably not a problem with npm. There is likely additional logging output above.

npm ERR! A complete log of this run can be found in:
npm ERR!     /github/home/.npm/_logs/2021-08-22T22_00_12_264Z-debug.log
npm WARN deprecated oracledb@3.0.0: Update to node-oracledb 5

> oracledb@3.0.0 install /__w/appoptics-apm-node/appoptics-apm-node/node_modules/oracledb
> node package/oracledbinstall.js

oracledb Beginning installation
oracledb Verifying installation
oracledb Continuing installation
oracledb [31mERR![0m NJS-054: Binary build/Release/oracledb.node was not installed.
oracledb [31mERR![0m Pre-built binary packages are not available for this version of Node.js (NODE_MODULE_VERSION="72")
oracledb [31mERR![0m Failed to install binary package oracledb-v3.0.0-node-abi72-linux-x64.gz
oracledb [31mERR![0m EACCES: permission denied, mkdir 'build'
oracledb [31mERR![0m For help see https://oracle.github.io/node-oracledb/INSTALL.html#troubleshooting

npm WARN optional SKIPPING OPTIONAL DEPENDENCY: fsevents@~2.3.1 (node_modules/chokidar/node_modules/fsevents):
npm WARN notsup SKIPPING OPTIONAL DEPENDENCY: Unsupported platform for fsevents@2.3.2: wanted {"os":"darwin","arch":"any"} (current: {"os":"linux","arch":"x64"})

npm ERR! code ELIFECYCLE
npm ERR! errno 87
npm ERR! oracledb@3.0.0 install: `node package/oracledbinstall.js`
npm ERR! Exit status 87
npm ERR! 
npm ERR! Failed at the oracledb@3.0.0 install script.
npm ERR! This is probably not a problem with npm. There is likely additional logging output above.

npm ERR! A complete log of this run can be found in:
npm ERR!     /github/home/.npm/_logs/2021-08-22T22_00_17_267Z-debug.log
npm WARN deprecated oracledb@3.0.1: Update to node-oracledb 5

> oracledb@3.0.1 install /__w/appoptics-apm-node/appoptics-apm-node/node_modules/oracledb
> node package/oracledbinstall.js

oracledb Beginning installation
oracledb [31mERR![0m NJS-054: Binary build/Release/oracledb.node was not installed.
oracledb [31mERR![0m Pre-built binary packages are not available for Node.js v12.22.5 (NODE_MODULE_VERSION="72")
oracledb [31mERR![0m Failed to install binary package oracledb-v3.0.1-node-abi72-linux-x64.gz
oracledb [31mERR![0m EACCES: permission denied, mkdir 'build'
oracledb [31mERR![0m For help see https://oracle.github.io/node-oracledb/INSTALL.html#troubleshooting

npm WARN optional SKIPPING OPTIONAL DEPENDENCY: fsevents@~2.3.1 (node_modules/chokidar/node_modules/fsevents):
npm WARN notsup SKIPPING OPTIONAL DEPENDENCY: Unsupported platform for fsevents@2.3.2: wanted {"os":"darwin","arch":"any"} (current: {"os":"linux","arch":"x64"})

npm ERR! code ELIFECYCLE
npm ERR! errno 87
npm ERR! oracledb@3.0.1 install: `node package/oracledbinstall.js`
npm ERR! Exit status 87
npm ERR! 
npm ERR! Failed at the oracledb@3.0.1 install script.
npm ERR! This is probably not a problem with npm. There is likely additional logging output above.

npm ERR! A complete log of this run can be found in:
npm ERR!     /github/home/.npm/_logs/2021-08-22T22_00_22_577Z-debug.log
npm WARN deprecated oracledb@3.1.0: Update to node-oracledb 5

> oracledb@3.1.0 install /__w/appoptics-apm-node/appoptics-apm-node/node_modules/oracledb
> node package/install.js

oracledb [31mERR![0m NJS-067: a pre-built node-oracledb binary was not found for Node.js v12.22.5 (NODE_MODULE_VERSION=72) on linux x64
oracledb [31mERR![0m Try compiling node-oracledb source code using https://oracle.github.io/node-oracledb/INSTALL.html#github
npm WARN optional SKIPPING OPTIONAL DEPENDENCY: fsevents@~2.3.1 (node_modules/chokidar/node_modules/fsevents):
npm WARN notsup SKIPPING OPTIONAL DEPENDENCY: Unsupported platform for fsevents@2.3.2: wanted {"os":"darwin","arch":"any"} (current: {"os":"linux","arch":"x64"})

npm ERR! code ELIFECYCLE
npm ERR! errno 87
npm ERR! oracledb@3.1.0 install: `node package/install.js`
npm ERR! Exit status 87
npm ERR! 
npm ERR! Failed at the oracledb@3.1.0 install script.
npm ERR! This is probably not a problem with npm. There is likely additional logging output above.

npm ERR! A complete log of this run can be found in:
npm ERR!     /github/home/.npm/_logs/2021-08-22T22_00_27_818Z-debug.log
npm WARN deprecated oracledb@3.1.1: Update to node-oracledb 5

> oracledb@3.1.1 install /__w/appoptics-apm-node/appoptics-apm-node/node_modules/oracledb
> node package/install.js

oracledb [31mERR![0m NJS-067: a pre-built node-oracledb binary was not found for Node.js v12.22.5 (NODE_MODULE_VERSION=72) on linux x64
oracledb [31mERR![0m Try compiling node-oracledb source code using https://oracle.github.io/node-oracledb/INSTALL.html#github
npm WARN optional SKIPPING OPTIONAL DEPENDENCY: fsevents@~2.3.1 (node_modules/chokidar/node_modules/fsevents):
npm WARN notsup SKIPPING OPTIONAL DEPENDENCY: Unsupported platform for fsevents@2.3.2: wanted {"os":"darwin","arch":"any"} (current: {"os":"linux","arch":"x64"})

npm ERR! code ELIFECYCLE
npm ERR! errno 87
npm ERR! oracledb@3.1.1 install: `node package/install.js`
npm ERR! Exit status 87
npm ERR! 
npm ERR! Failed at the oracledb@3.1.1 install script.
npm ERR! This is probably not a problem with npm. There is likely additional logging output above.

npm ERR! A complete log of this run can be found in:
npm ERR!     /github/home/.npm/_logs/2021-08-22T22_00_33_330Z-debug.log
npm WARN deprecated oracledb@3.1.2: Update to node-oracledb 5

> oracledb@3.1.2 install /__w/appoptics-apm-node/appoptics-apm-node/node_modules/oracledb
> node package/install.js

oracledb [31mERR![0m NJS-067: a pre-built node-oracledb binary was not found for Node.js v12.22.5 (NODE_MODULE_VERSION=72) on linux x64
oracledb [31mERR![0m Try compiling node-oracledb source code using https://oracle.github.io/node-oracledb/INSTALL.html#github
npm WARN optional SKIPPING OPTIONAL DEPENDENCY: fsevents@~2.3.1 (node_modules/chokidar/node_modules/fsevents):
npm WARN notsup SKIPPING OPTIONAL DEPENDENCY: Unsupported platform for fsevents@2.3.2: wanted {"os":"darwin","arch":"any"} (current: {"os":"linux","arch":"x64"})

npm ERR! code ELIFECYCLE
npm ERR! errno 87
npm ERR! oracledb@3.1.2 install: `node package/install.js`
npm ERR! Exit status 87
npm ERR! 
npm ERR! Failed at the oracledb@3.1.2 install script.
npm ERR! This is probably not a problem with npm. There is likely additional logging output above.

npm ERR! A complete log of this run can be found in:
npm ERR!     /github/home/.npm/_logs/2021-08-22T22_00_38_624Z-debug.log

> oracledb@4.0.0 install /__w/appoptics-apm-node/appoptics-apm-node/node_modules/oracledb
> node package/install.js

oracledb ********************************************************************************
oracledb ** Node-oracledb 4.0.0 installed for Node.js 12.22.5 (linux, x64)
oracledb **
oracledb ** To use node-oracledb:
oracledb ** - Oracle Client libraries (64-bit) must be configured with ldconfig or LD_LIBRARY_PATH
oracledb ** - To get libraries, install an Instant Client Basic or Basic Light package from
oracledb **   https://www.oracle.com/technetwork/topics/linuxx86-64soft-092277.html
oracledb **
oracledb ** Installation instructions: https://oracle.github.io/node-oracledb/INSTALL.html
oracledb ********************************************************************************

npm WARN optional SKIPPING OPTIONAL DEPENDENCY: fsevents@~2.3.1 (node_modules/chokidar/node_modules/fsevents):
npm WARN notsup SKIPPING OPTIONAL DEPENDENCY: Unsupported platform for fsevents@2.3.2: wanted {"os":"darwin","arch":"any"} (current: {"os":"linux","arch":"x64"})

+ oracledb@4.0.0
added 1 package and audited 939 packages in 4.238s

32 packages are looking for funding
  run `npm fund` for details

found 29 vulnerabilities (6 low, 6 moderate, 15 high, 2 critical)
  run `npm audit fix` to fix them, or `npm audit` for details
2021-08-22T22:00:43.967Z appoptics:debug read config from /__w/appoptics-apm-node/appoptics-apm-node/appoptics-apm-config
2021-08-22T22:00:43.968Z appoptics:debug guc ignoring APPOPTICS_LOG_SETTINGS
2021-08-22T22:00:43.968Z appoptics:debug serviceKey dIOz...wWK0:ao-node-test
2021-08-22T22:00:43.969Z appoptics:debug using context provider: ace-context
2021-08-22T22:00:44.121Z appoptics:debug apm 10.0.1, bindings 11.0.0, oboe 10.1.0
2021-08-22T22:00:44.215Z appoptics:patching patched crypto 
2021-08-22T22:00:44.242Z appoptics:patching patched https 
2021-08-22T22:00:44.243Z appoptics:patching patched http 
2021-08-22T22:00:44.297Z appoptics:patching patched oracledb 4.0.0
2021-08-22T22:00:44.301Z appoptics:debug starting runtimeMetrics


  probes.oracledb 4.0.0
    âœ“ UDP might lose a message
2021-08-22T22:00:44.447Z appoptics:debug asking helper to execute test_basic
2021-08-22T22:00:44.447Z appoptics:debug test_basic being executed
2021-08-22T22:00:44.448Z appoptics:debug oracledb wrapping getConnection
2021-08-22T22:00:44.563Z appoptics:debug done with test_basic oracledb.getConnection
2021-08-22T22:00:44.627Z appoptics:debug test_basic query callback invoked
    âœ“ should trace execute calls (186ms)
2021-08-22T22:00:44.638Z appoptics:debug ORACLEDB wrapping createPool
2021-08-22T22:00:44.644Z appoptics:debug oracledb wrapping getConnection
2021-08-22T22:00:44.738Z appoptics:debug connection.execute() seems to be patched
2021-08-22T22:00:44.738Z appoptics:debug connection.commit() seems to be patched
2021-08-22T22:00:44.738Z appoptics:debug connection.rollback() seems to be patched
2021-08-22T22:00:44.738Z appoptics:debug connection.break() seems to be patched
2021-08-22T22:00:44.738Z appoptics:debug connection.release seems to be patched
    âœ“ should trace execute calls in pool (105ms)
2021-08-22T22:00:44.742Z appoptics:debug oracledb wrapping getConnection
2021-08-22T22:00:44.769Z appoptics:debug connection.execute() seems to be patched
2021-08-22T22:00:44.769Z appoptics:debug connection.commit() seems to be patched
2021-08-22T22:00:44.769Z appoptics:debug connection.rollback() seems to be patched
2021-08-22T22:00:44.769Z appoptics:debug connection.break() seems to be patched
2021-08-22T22:00:44.769Z appoptics:debug connection.release seems to be patched
    âœ“ should include correct isAutoCommit value


  4 passing (355ms)


> oracledb@4.0.1 install /__w/appoptics-apm-node/appoptics-apm-node/node_modules/oracledb
> node package/install.js

oracledb ********************************************************************************
oracledb ** Node-oracledb 4.0.1 installed for Node.js 12.22.5 (linux, x64)
oracledb **
oracledb ** To use node-oracledb:
oracledb ** - Oracle Client libraries (64-bit) must be configured with ldconfig or LD_LIBRARY_PATH
oracledb ** - To get libraries, install an Instant Client Basic or Basic Light package from
oracledb **   https://www.oracle.com/technetwork/topics/linuxx86-64soft-092277.html
oracledb **
oracledb ** Installation instructions: https://oracle.github.io/node-oracledb/INSTALL.html
oracledb ********************************************************************************

npm WARN optional SKIPPING OPTIONAL DEPENDENCY: fsevents@~2.3.1 (node_modules/chokidar/node_modules/fsevents):
npm WARN notsup SKIPPING OPTIONAL DEPENDENCY: Unsupported platform for fsevents@2.3.2: wanted {"os":"darwin","arch":"any"} (current: {"os":"linux","arch":"x64"})

+ oracledb@4.0.1
updated 1 package and audited 939 packages in 4.805s

32 packages are looking for funding
  run `npm fund` for details

found 29 vulnerabilities (6 low, 6 moderate, 15 high, 2 critical)
  run `npm audit fix` to fix them, or `npm audit` for details
2021-08-22T22:00:50.746Z appoptics:debug read config from /__w/appoptics-apm-node/appoptics-apm-node/appoptics-apm-config
2021-08-22T22:00:50.747Z appoptics:debug guc ignoring APPOPTICS_LOG_SETTINGS
2021-08-22T22:00:50.747Z appoptics:debug serviceKey dIOz...wWK0:ao-node-test
2021-08-22T22:00:50.748Z appoptics:debug using context provider: ace-context
2021-08-22T22:00:50.812Z appoptics:debug apm 10.0.1, bindings 11.0.0, oboe 10.1.0
2021-08-22T22:00:50.845Z appoptics:patching patched crypto 
2021-08-22T22:00:50.863Z appoptics:patching patched https 
2021-08-22T22:00:50.864Z appoptics:patching patched http 
2021-08-22T22:00:50.901Z appoptics:patching patched oracledb 4.0.1
2021-08-22T22:00:50.905Z appoptics:debug starting runtimeMetrics


  probes.oracledb 4.0.1
    âœ“ UDP might lose a message
2021-08-22T22:00:51.021Z appoptics:debug asking helper to execute test_basic
2021-08-22T22:00:51.021Z appoptics:debug test_basic being executed
2021-08-22T22:00:51.021Z appoptics:debug oracledb wrapping getConnection
2021-08-22T22:00:51.028Z appoptics:debug done with test_basic oracledb.getConnection
2021-08-22T22:00:51.049Z appoptics:debug test_basic query callback invoked
    âœ“ should trace execute calls
2021-08-22T22:00:51.056Z appoptics:debug ORACLEDB wrapping createPool
2021-08-22T22:00:51.058Z appoptics:debug oracledb wrapping getConnection
2021-08-22T22:00:51.077Z appoptics:debug connection.execute() seems to be patched
2021-08-22T22:00:51.077Z appoptics:debug connection.commit() seems to be patched
2021-08-22T22:00:51.077Z appoptics:debug connection.rollback() seems to be patched
2021-08-22T22:00:51.077Z appoptics:debug connection.break() seems to be patched
2021-08-22T22:00:51.077Z appoptics:debug connection.release seems to be patched
    âœ“ should trace execute calls in pool
2021-08-22T22:00:51.080Z appoptics:debug oracledb wrapping getConnection
2021-08-22T22:00:51.098Z appoptics:debug connection.execute() seems to be patched
2021-08-22T22:00:51.099Z appoptics:debug connection.commit() seems to be patched
2021-08-22T22:00:51.099Z appoptics:debug connection.rollback() seems to be patched
2021-08-22T22:00:51.099Z appoptics:debug connection.break() seems to be patched
2021-08-22T22:00:51.099Z appoptics:debug connection.release seems to be patched
    âœ“ should include correct isAutoCommit value


  4 passing (100ms)


> oracledb@4.1.0 install /__w/appoptics-apm-node/appoptics-apm-node/node_modules/oracledb
> node package/install.js

oracledb ********************************************************************************
oracledb ** Node-oracledb 4.1.0 installed for Node.js 12.22.5 (linux, x64)
oracledb **
oracledb ** To use node-oracledb:
oracledb ** - Oracle Client libraries (64-bit) must be configured with ldconfig or LD_LIBRARY_PATH
oracledb ** - To get libraries, install an Instant Client Basic or Basic Light package from
oracledb **   https://www.oracle.com/technetwork/topics/linuxx86-64soft-092277.html
oracledb **
oracledb ** Installation instructions: https://oracle.github.io/node-oracledb/INSTALL.html
oracledb ********************************************************************************

npm WARN optional SKIPPING OPTIONAL DEPENDENCY: fsevents@~2.3.1 (node_modules/chokidar/node_modules/fsevents):
npm WARN notsup SKIPPING OPTIONAL DEPENDENCY: Unsupported platform for fsevents@2.3.2: wanted {"os":"darwin","arch":"any"} (current: {"os":"linux","arch":"x64"})

+ oracledb@4.1.0
updated 1 package and audited 939 packages in 4.319s

32 packages are looking for funding
  run `npm fund` for details

found 29 vulnerabilities (6 low, 6 moderate, 15 high, 2 critical)
  run `npm audit fix` to fix them, or `npm audit` for details
2021-08-22T22:00:56.515Z appoptics:debug read config from /__w/appoptics-apm-node/appoptics-apm-node/appoptics-apm-config
2021-08-22T22:00:56.515Z appoptics:debug guc ignoring APPOPTICS_LOG_SETTINGS
2021-08-22T22:00:56.516Z appoptics:debug serviceKey dIOz...wWK0:ao-node-test
2021-08-22T22:00:56.516Z appoptics:debug using context provider: ace-context
2021-08-22T22:00:56.624Z appoptics:debug apm 10.0.1, bindings 11.0.0, oboe 10.1.0
2021-08-22T22:00:56.665Z appoptics:patching patched crypto 
2021-08-22T22:00:56.685Z appoptics:patching patched https 
2021-08-22T22:00:56.685Z appoptics:patching patched http 
2021-08-22T22:00:56.743Z appoptics:patching patched oracledb 4.1.0
2021-08-22T22:00:56.747Z appoptics:debug starting runtimeMetrics


  probes.oracledb 4.1.0
    âœ“ UDP might lose a message
2021-08-22T22:00:56.915Z appoptics:debug asking helper to execute test_basic
2021-08-22T22:00:56.915Z appoptics:debug test_basic being executed
2021-08-22T22:00:56.916Z appoptics:debug oracledb wrapping getConnection
2021-08-22T22:00:56.930Z appoptics:debug done with test_basic oracledb.getConnection
2021-08-22T22:00:56.957Z appoptics:debug test_basic query callback invoked
    âœ“ should trace execute calls (50ms)
2021-08-22T22:00:56.972Z appoptics:debug ORACLEDB wrapping createPool
2021-08-22T22:00:56.975Z appoptics:debug oracledb wrapping getConnection
2021-08-22T22:00:57.000Z appoptics:debug connection.execute() seems to be patched
2021-08-22T22:00:57.000Z appoptics:debug connection.commit() seems to be patched
2021-08-22T22:00:57.000Z appoptics:debug connection.rollback() seems to be patched
2021-08-22T22:00:57.000Z appoptics:debug connection.break() seems to be patched
2021-08-22T22:00:57.000Z appoptics:debug connection.release seems to be patched
    âœ“ should trace execute calls in pool
2021-08-22T22:00:57.004Z appoptics:debug oracledb wrapping getConnection
2021-08-22T22:00:57.031Z appoptics:debug connection.execute() seems to be patched
2021-08-22T22:00:57.032Z appoptics:debug connection.commit() seems to be patched
2021-08-22T22:00:57.032Z appoptics:debug connection.rollback() seems to be patched
2021-08-22T22:00:57.032Z appoptics:debug connection.break() seems to be patched
2021-08-22T22:00:57.032Z appoptics:debug connection.release seems to be patched
    âœ“ should include correct isAutoCommit value (38ms)


  4 passing (143ms)


> oracledb@4.2.0 install /__w/appoptics-apm-node/appoptics-apm-node/node_modules/oracledb
> node package/install.js

oracledb ********************************************************************************
oracledb ** Node-oracledb 4.2.0 installed for Node.js 12.22.5 (linux, x64)
oracledb **
oracledb ** To use node-oracledb:
oracledb ** - Oracle Client libraries (64-bit) must be configured with ldconfig or LD_LIBRARY_PATH
oracledb ** - To get libraries, install an Instant Client Basic or Basic Light package from
oracledb **   https://www.oracle.com/database/technologies/instant-client/linux-x86-64-downloads.html
oracledb **
oracledb ** Installation instructions: https://oracle.github.io/node-oracledb/INSTALL.html
oracledb ********************************************************************************

npm WARN optional SKIPPING OPTIONAL DEPENDENCY: fsevents@~2.3.1 (node_modules/chokidar/node_modules/fsevents):
npm WARN notsup SKIPPING OPTIONAL DEPENDENCY: Unsupported platform for fsevents@2.3.2: wanted {"os":"darwin","arch":"any"} (current: {"os":"linux","arch":"x64"})

+ oracledb@4.2.0
updated 1 package and audited 939 packages in 4.882s

32 packages are looking for funding
  run `npm fund` for details

found 29 vulnerabilities (6 low, 6 moderate, 15 high, 2 critical)
  run `npm audit fix` to fix them, or `npm audit` for details
2021-08-22T22:01:03.227Z appoptics:debug read config from /__w/appoptics-apm-node/appoptics-apm-node/appoptics-apm-config
2021-08-22T22:01:03.227Z appoptics:debug guc ignoring APPOPTICS_LOG_SETTINGS
2021-08-22T22:01:03.227Z appoptics:debug serviceKey dIOz...wWK0:ao-node-test
2021-08-22T22:01:03.228Z appoptics:debug using context provider: ace-context
2021-08-22T22:01:03.300Z appoptics:debug apm 10.0.1, bindings 11.0.0, oboe 10.1.0
2021-08-22T22:01:03.336Z appoptics:patching patched crypto 
2021-08-22T22:01:03.353Z appoptics:patching patched https 
2021-08-22T22:01:03.354Z appoptics:patching patched http 
2021-08-22T22:01:03.392Z appoptics:patching patched oracledb 4.2.0
2021-08-22T22:01:03.395Z appoptics:debug starting runtimeMetrics


  probes.oracledb 4.2.0
    âœ“ UDP might lose a message
2021-08-22T22:01:03.514Z appoptics:debug asking helper to execute test_basic
2021-08-22T22:01:03.514Z appoptics:debug test_basic being executed
2021-08-22T22:01:03.515Z appoptics:debug oracledb wrapping getConnection
2021-08-22T22:01:03.523Z appoptics:debug done with test_basic oracledb.getConnection
2021-08-22T22:01:03.544Z appoptics:debug test_basic query callback invoked
    âœ“ should trace execute calls
2021-08-22T22:01:03.551Z appoptics:debug ORACLEDB wrapping createPool
2021-08-22T22:01:03.553Z appoptics:debug oracledb wrapping getConnection
2021-08-22T22:01:03.572Z appoptics:debug connection.execute() seems to be patched
2021-08-22T22:01:03.572Z appoptics:debug connection.commit() seems to be patched
2021-08-22T22:01:03.572Z appoptics:debug connection.rollback() seems to be patched
2021-08-22T22:01:03.572Z appoptics:debug connection.break() seems to be patched
2021-08-22T22:01:03.572Z appoptics:debug connection.release seems to be patched
    âœ“ should trace execute calls in pool
2021-08-22T22:01:03.576Z appoptics:debug oracledb wrapping getConnection
2021-08-22T22:01:03.592Z appoptics:debug connection.execute() seems to be patched
2021-08-22T22:01:03.592Z appoptics:debug connection.commit() seems to be patched
2021-08-22T22:01:03.592Z appoptics:debug connection.rollback() seems to be patched
2021-08-22T22:01:03.592Z appoptics:debug connection.break() seems to be patched
2021-08-22T22:01:03.592Z appoptics:debug connection.release seems to be patched
    âœ“ should include correct isAutoCommit value


  4 passing (102ms)


> oracledb@5.0.0 install /__w/appoptics-apm-node/appoptics-apm-node/node_modules/oracledb
> node package/install.js

oracledb ********************************************************************************
oracledb ** Node-oracledb 5.0.0 installed for Node.js 12.22.5 (linux, x64)
oracledb **
oracledb ** To use node-oracledb:
oracledb ** - Oracle Client libraries (64-bit) must be available.
oracledb ** - Follow the installation instructions:
oracledb **   https://oracle.github.io/node-oracledb/INSTALL.html#linuxinstall
oracledb ********************************************************************************

npm WARN optional SKIPPING OPTIONAL DEPENDENCY: fsevents@~2.3.1 (node_modules/chokidar/node_modules/fsevents):
npm WARN notsup SKIPPING OPTIONAL DEPENDENCY: Unsupported platform for fsevents@2.3.2: wanted {"os":"darwin","arch":"any"} (current: {"os":"linux","arch":"x64"})

+ oracledb@5.0.0
updated 1 package and audited 939 packages in 4.653s

32 packages are looking for funding
  run `npm fund` for details

found 29 vulnerabilities (6 low, 6 moderate, 15 high, 2 critical)
  run `npm audit fix` to fix them, or `npm audit` for details
2021-08-22T22:01:09.376Z appoptics:debug read config from /__w/appoptics-apm-node/appoptics-apm-node/appoptics-apm-config
2021-08-22T22:01:09.377Z appoptics:debug guc ignoring APPOPTICS_LOG_SETTINGS
2021-08-22T22:01:09.377Z appoptics:debug serviceKey dIOz...wWK0:ao-node-test
2021-08-22T22:01:09.378Z appoptics:debug using context provider: ace-context
2021-08-22T22:01:09.454Z appoptics:debug apm 10.0.1, bindings 11.0.0, oboe 10.1.0
2021-08-22T22:01:09.498Z appoptics:patching patched crypto 
2021-08-22T22:01:09.520Z appoptics:patching patched https 
2021-08-22T22:01:09.525Z appoptics:patching patched http 
2021-08-22T22:01:09.571Z appoptics:patching patched oracledb 5.0.0
2021-08-22T22:01:09.575Z appoptics:debug starting runtimeMetrics


  probes.oracledb 5.0.0
    âœ“ UDP might lose a message
2021-08-22T22:01:09.726Z appoptics:debug asking helper to execute test_basic
2021-08-22T22:01:09.726Z appoptics:debug test_basic being executed
2021-08-22T22:01:09.726Z appoptics:debug oracledb wrapping getConnection
2021-08-22T22:01:09.740Z appoptics:debug done with test_basic oracledb.getConnection
2021-08-22T22:01:09.768Z appoptics:debug test_basic query callback invoked
    âœ“ should trace execute calls (47ms)
2021-08-22T22:01:09.777Z appoptics:debug ORACLEDB wrapping createPool
2021-08-22T22:01:09.780Z appoptics:debug oracledb wrapping getConnection
2021-08-22T22:01:09.801Z appoptics:debug connection.execute() seems to be patched
2021-08-22T22:01:09.801Z appoptics:debug connection.commit() seems to be patched
2021-08-22T22:01:09.801Z appoptics:debug connection.rollback() seems to be patched
2021-08-22T22:01:09.801Z appoptics:debug connection.break() seems to be patched
2021-08-22T22:01:09.801Z appoptics:debug connection.release seems to be patched
    âœ“ should trace execute calls in pool
2021-08-22T22:01:09.812Z appoptics:debug oracledb wrapping getConnection
2021-08-22T22:01:09.840Z appoptics:debug connection.execute() seems to be patched
2021-08-22T22:01:09.840Z appoptics:debug connection.commit() seems to be patched
2021-08-22T22:01:09.840Z appoptics:debug connection.rollback() seems to be patched
2021-08-22T22:01:09.840Z appoptics:debug connection.break() seems to be patched
2021-08-22T22:01:09.840Z appoptics:debug connection.release seems to be patched
    âœ“ should include correct isAutoCommit value (40ms)


  4 passing (144ms)


> oracledb@5.1.0 install /__w/appoptics-apm-node/appoptics-apm-node/node_modules/oracledb
> node package/install.js

oracledb ********************************************************************************
oracledb ** Node-oracledb 5.1.0 installed for Node.js 12.22.5 (linux, x64)
oracledb **
oracledb ** To use node-oracledb:
oracledb ** - Oracle Client libraries (64-bit) must be available.
oracledb ** - Follow the installation instructions:
oracledb **   https://oracle.github.io/node-oracledb/INSTALL.html#linuxinstall
oracledb ********************************************************************************

npm WARN optional SKIPPING OPTIONAL DEPENDENCY: fsevents@~2.3.1 (node_modules/chokidar/node_modules/fsevents):
npm WARN notsup SKIPPING OPTIONAL DEPENDENCY: Unsupported platform for fsevents@2.3.2: wanted {"os":"darwin","arch":"any"} (current: {"os":"linux","arch":"x64"})

+ oracledb@5.1.0
updated 1 package and audited 939 packages in 4.862s

32 packages are looking for funding
  run `npm fund` for details

found 29 vulnerabilities (6 low, 6 moderate, 15 high, 2 critical)
  run `npm audit fix` to fix them, or `npm audit` for details
2021-08-22T22:01:15.962Z appoptics:debug read config from /__w/appoptics-apm-node/appoptics-apm-node/appoptics-apm-config
2021-08-22T22:01:15.962Z appoptics:debug guc ignoring APPOPTICS_LOG_SETTINGS
2021-08-22T22:01:15.963Z appoptics:debug serviceKey dIOz...wWK0:ao-node-test
2021-08-22T22:01:15.963Z appoptics:debug using context provider: ace-context
2021-08-22T22:01:16.038Z appoptics:debug apm 10.0.1, bindings 11.0.0, oboe 10.1.0
2021-08-22T22:01:16.077Z appoptics:patching patched crypto 
2021-08-22T22:01:16.098Z appoptics:patching patched https 
2021-08-22T22:01:16.098Z appoptics:patching patched http 
2021-08-22T22:01:16.140Z appoptics:patching patched oracledb 5.1.0
2021-08-22T22:01:16.143Z appoptics:debug starting runtimeMetrics


  probes.oracledb 5.1.0
    âœ“ UDP might lose a message
2021-08-22T22:01:16.268Z appoptics:debug asking helper to execute test_basic
2021-08-22T22:01:16.268Z appoptics:debug test_basic being executed
2021-08-22T22:01:16.268Z appoptics:debug oracledb wrapping getConnection
2021-08-22T22:01:16.277Z appoptics:debug done with test_basic oracledb.getConnection
2021-08-22T22:01:16.300Z appoptics:debug test_basic query callback invoked
    âœ“ should trace execute calls
2021-08-22T22:01:16.307Z appoptics:debug ORACLEDB wrapping createPool
2021-08-22T22:01:16.309Z appoptics:debug oracledb wrapping getConnection
2021-08-22T22:01:16.327Z appoptics:debug connection.execute() seems to be patched
2021-08-22T22:01:16.328Z appoptics:debug connection.commit() seems to be patched
2021-08-22T22:01:16.328Z appoptics:debug connection.rollback() seems to be patched
2021-08-22T22:01:16.328Z appoptics:debug connection.break() seems to be patched
2021-08-22T22:01:16.328Z appoptics:debug connection.release seems to be patched
    âœ“ should trace execute calls in pool
2021-08-22T22:01:16.331Z appoptics:debug oracledb wrapping getConnection
2021-08-22T22:01:16.350Z appoptics:debug connection.execute() seems to be patched
2021-08-22T22:01:16.350Z appoptics:debug connection.commit() seems to be patched
2021-08-22T22:01:16.350Z appoptics:debug connection.rollback() seems to be patched
2021-08-22T22:01:16.350Z appoptics:debug connection.break() seems to be patched
2021-08-22T22:01:16.350Z appoptics:debug connection.release seems to be patched
    âœ“ should include correct isAutoCommit value


  4 passing (110ms)


> oracledb@5.2.0 install /__w/appoptics-apm-node/appoptics-apm-node/node_modules/oracledb
> node package/install.js

oracledb ********************************************************************************
oracledb ** Node-oracledb 5.2.0 installed in Node.js 12.22.5 (linux, x64)
oracledb **
oracledb ** To use node-oracledb:
oracledb ** - Oracle Client libraries (64-bit) must be available.
oracledb ** - Follow the installation instructions:
oracledb **   https://oracle.github.io/node-oracledb/INSTALL.html#linuxinstall
oracledb ********************************************************************************

npm WARN optional SKIPPING OPTIONAL DEPENDENCY: fsevents@~2.3.1 (node_modules/chokidar/node_modules/fsevents):
npm WARN notsup SKIPPING OPTIONAL DEPENDENCY: Unsupported platform for fsevents@2.3.2: wanted {"os":"darwin","arch":"any"} (current: {"os":"linux","arch":"x64"})

+ oracledb@5.2.0
updated 1 package and audited 939 packages in 4.688s

32 packages are looking for funding
  run `npm fund` for details

found 29 vulnerabilities (6 low, 6 moderate, 15 high, 2 critical)
  run `npm audit fix` to fix them, or `npm audit` for details
2021-08-22T22:01:22.363Z appoptics:debug read config from /__w/appoptics-apm-node/appoptics-apm-node/appoptics-apm-config
2021-08-22T22:01:22.364Z appoptics:debug guc ignoring APPOPTICS_LOG_SETTINGS
2021-08-22T22:01:22.364Z appoptics:debug serviceKey dIOz...wWK0:ao-node-test
2021-08-22T22:01:22.364Z appoptics:debug using context provider: ace-context
2021-08-22T22:01:22.459Z appoptics:debug apm 10.0.1, bindings 11.0.0, oboe 10.1.0
2021-08-22T22:01:22.506Z appoptics:patching patched crypto 
2021-08-22T22:01:22.526Z appoptics:patching patched https 
2021-08-22T22:01:22.526Z appoptics:patching patched http 
2021-08-22T22:01:22.594Z appoptics:patching patched oracledb 5.2.0
2021-08-22T22:01:22.598Z appoptics:debug starting runtimeMetrics


  probes.oracledb 5.2.0
    âœ“ UDP might lose a message
2021-08-22T22:01:22.769Z appoptics:debug asking helper to execute test_basic
2021-08-22T22:01:22.770Z appoptics:debug test_basic being executed
2021-08-22T22:01:22.770Z appoptics:debug oracledb wrapping getConnection
2021-08-22T22:01:22.786Z appoptics:debug done with test_basic oracledb.getConnection
2021-08-22T22:01:22.806Z appoptics:debug test_basic query callback invoked
    âœ“ should trace execute calls (44ms)
2021-08-22T22:01:22.816Z appoptics:debug ORACLEDB wrapping createPool
2021-08-22T22:01:22.819Z appoptics:debug oracledb wrapping getConnection
2021-08-22T22:01:22.839Z appoptics:debug connection.execute() seems to be patched
2021-08-22T22:01:22.839Z appoptics:debug connection.commit() seems to be patched
2021-08-22T22:01:22.839Z appoptics:debug connection.rollback() seems to be patched
2021-08-22T22:01:22.839Z appoptics:debug connection.break() seems to be patched
2021-08-22T22:01:22.839Z appoptics:debug connection.release seems to be patched
    âœ“ should trace execute calls in pool
2021-08-22T22:01:22.844Z appoptics:debug oracledb wrapping getConnection
2021-08-22T22:01:22.865Z appoptics:debug connection.execute() seems to be patched
2021-08-22T22:01:22.865Z appoptics:debug connection.commit() seems to be patched
2021-08-22T22:01:22.865Z appoptics:debug connection.rollback() seems to be patched
2021-08-22T22:01:22.865Z appoptics:debug connection.break() seems to be patched
2021-08-22T22:01:22.865Z appoptics:debug connection.release seems to be patched
    âœ“ should include correct isAutoCommit value


  4 passing (125ms)


> oracledb@5.2.0 install /__w/appoptics-apm-node/appoptics-apm-node/node_modules/oracledb
> node package/install.js

oracledb ********************************************************************************
oracledb ** Node-oracledb 5.2.0 installed in Node.js 12.22.5 (linux, x64)
oracledb **
oracledb ** To use node-oracledb:
oracledb ** - Oracle Client libraries (64-bit) must be available.
oracledb ** - Follow the installation instructions:
oracledb **   https://oracle.github.io/node-oracledb/INSTALL.html#linuxinstall
oracledb ********************************************************************************

npm WARN optional SKIPPING OPTIONAL DEPENDENCY: fsevents@~2.3.1 (node_modules/chokidar/node_modules/fsevents):
npm WARN notsup SKIPPING OPTIONAL DEPENDENCY: Unsupported platform for fsevents@2.3.2: wanted {"os":"darwin","arch":"any"} (current: {"os":"linux","arch":"x64"})

+ oracledb@5.2.0
updated 1 package and audited 939 packages in 4.702s

32 packages are looking for funding
  run `npm fund` for details

found 29 vulnerabilities (6 low, 6 moderate, 15 high, 2 critical)
  run `npm audit fix` to fix them, or `npm audit` for details
