npm WARN deprecated oracledb@2.0.14: Update to node-oracledb 5

> oracledb@2.0.14 install /__w/appoptics-apm-node/appoptics-apm-node/node_modules/oracledb
> node package/oracledbinstall.js

oracledb Beginning installation
oracledb Verifying installation
oracledb Binary not found
oracledb Continuing installation
oracledb [31mERR![0m NJS-054: Binary build/Release/oracledb.node was not installed from oracledb-v2.0.14-node-v72-linux-x64.gz
oracledb [31mERR![0m EACCES: permission denied, mkdir 'build'
oracledb [31mERR![0m If the error is not network or filesystem related, then review 
oracledb [31mERR![0m the Python 2.7 and compiler prerequisites in the installation instructions and
oracledb [31mERR![0m then install from source code with: npm install oracle/node-oracledb.git#v2.0.14
oracledb [31mERR![0m See https://github.com/oracle/node-oracledb/blob/master/INSTALL.md 

npm WARN optional SKIPPING OPTIONAL DEPENDENCY: fsevents@~2.3.1 (node_modules/chokidar/node_modules/fsevents):
npm WARN notsup SKIPPING OPTIONAL DEPENDENCY: Unsupported platform for fsevents@2.3.2: wanted {"os":"darwin","arch":"any"} (current: {"os":"linux","arch":"x64"})

npm ERR! code ELIFECYCLE
npm ERR! errno 87
npm ERR! oracledb@2.0.14 install: `node package/oracledbinstall.js`
npm ERR! Exit status 87
npm ERR! 
npm ERR! Failed at the oracledb@2.0.14 install script.
npm ERR! This is probably not a problem with npm. There is likely additional logging output above.

npm ERR! A complete log of this run can be found in:
npm ERR!     /github/home/.npm/_logs/2021-09-18T00_51_37_547Z-debug.log
npm WARN deprecated oracledb@2.0.15: Update to node-oracledb 5

> oracledb@2.0.15 install /__w/appoptics-apm-node/appoptics-apm-node/node_modules/oracledb
> node package/oracledbinstall.js

oracledb Beginning installation
oracledb Verifying installation
oracledb Binary not found
oracledb Continuing installation
oracledb [31mERR![0m NJS-054: Binary build/Release/oracledb.node was not installed from oracledb-v2.0.15-node-v72-linux-x64.gz
oracledb [31mERR![0m EACCES: permission denied, mkdir 'build'
oracledb [31mERR![0m If the error is not network or filesystem related, then review 
oracledb [31mERR![0m the Python 2.7 and compiler prerequisites in the installation instructions and
oracledb [31mERR![0m then install from source code with: npm install oracle/node-oracledb.git#v2.0.15
oracledb [31mERR![0m See https://github.com/oracle/node-oracledb/blob/master/INSTALL.md 

npm WARN optional SKIPPING OPTIONAL DEPENDENCY: fsevents@~2.3.1 (node_modules/chokidar/node_modules/fsevents):
npm WARN notsup SKIPPING OPTIONAL DEPENDENCY: Unsupported platform for fsevents@2.3.2: wanted {"os":"darwin","arch":"any"} (current: {"os":"linux","arch":"x64"})

npm ERR! code ELIFECYCLE
npm ERR! errno 87
npm ERR! oracledb@2.0.15 install: `node package/oracledbinstall.js`
npm ERR! Exit status 87
npm ERR! 
npm ERR! Failed at the oracledb@2.0.15 install script.
npm ERR! This is probably not a problem with npm. There is likely additional logging output above.

npm ERR! A complete log of this run can be found in:
npm ERR!     /github/home/.npm/_logs/2021-09-18T00_51_45_929Z-debug.log
npm WARN deprecated oracledb@2.1.0: Update to node-oracledb 5

> oracledb@2.1.0 install /__w/appoptics-apm-node/appoptics-apm-node/node_modules/oracledb
> node package/oracledbinstall.js

oracledb Beginning installation
oracledb Verifying installation
oracledb Binary not found
oracledb Continuing installation
oracledb [31mERR![0m NJS-054: Binary build/Release/oracledb.node was not installed from oracledb-v2.1.0-node-v72-linux-x64.gz
oracledb [31mERR![0m EACCES: permission denied, mkdir 'build'
oracledb [31mERR![0m If the error is not network or filesystem related, then review 
oracledb [31mERR![0m the Python 2.7 and compiler prerequisites in the installation instructions and
oracledb [31mERR![0m then install from source code with: npm install oracle/node-oracledb.git#v2.1.0
oracledb [31mERR![0m See https://github.com/oracle/node-oracledb/blob/master/INSTALL.md 

npm WARN optional SKIPPING OPTIONAL DEPENDENCY: fsevents@~2.3.1 (node_modules/chokidar/node_modules/fsevents):
npm WARN notsup SKIPPING OPTIONAL DEPENDENCY: Unsupported platform for fsevents@2.3.2: wanted {"os":"darwin","arch":"any"} (current: {"os":"linux","arch":"x64"})

npm ERR! code ELIFECYCLE
npm ERR! errno 87
npm ERR! oracledb@2.1.0 install: `node package/oracledbinstall.js`
npm ERR! Exit status 87
npm ERR! 
npm ERR! Failed at the oracledb@2.1.0 install script.
npm ERR! This is probably not a problem with npm. There is likely additional logging output above.

npm ERR! A complete log of this run can be found in:
npm ERR!     /github/home/.npm/_logs/2021-09-18T00_51_53_808Z-debug.log
npm WARN deprecated oracledb@2.1.1: Update to node-oracledb 5

> oracledb@2.1.1 install /__w/appoptics-apm-node/appoptics-apm-node/node_modules/oracledb
> node package/oracledbinstall.js

oracledb Beginning installation
oracledb Verifying installation
oracledb Binary not found
oracledb Continuing installation
oracledb [31mERR![0m NJS-054: Binary build/Release/oracledb.node was not installed from oracledb-v2.1.1-node-v72-linux-x64.gz
oracledb [31mERR![0m EACCES: permission denied, mkdir 'build'
oracledb [31mERR![0m If the error is not network or filesystem related, then review 
oracledb [31mERR![0m the Python 2.7 and compiler prerequisites in the installation instructions and
oracledb [31mERR![0m then install from source code with: npm install oracle/node-oracledb.git#v2.1.1
oracledb [31mERR![0m See https://github.com/oracle/node-oracledb/blob/master/INSTALL.md 

npm WARN optional SKIPPING OPTIONAL DEPENDENCY: fsevents@~2.3.1 (node_modules/chokidar/node_modules/fsevents):
npm WARN notsup SKIPPING OPTIONAL DEPENDENCY: Unsupported platform for fsevents@2.3.2: wanted {"os":"darwin","arch":"any"} (current: {"os":"linux","arch":"x64"})

npm ERR! code ELIFECYCLE
npm ERR! errno 87
npm ERR! oracledb@2.1.1 install: `node package/oracledbinstall.js`
npm ERR! Exit status 87
npm ERR! 
npm ERR! Failed at the oracledb@2.1.1 install script.
npm ERR! This is probably not a problem with npm. There is likely additional logging output above.

npm ERR! A complete log of this run can be found in:
npm ERR!     /github/home/.npm/_logs/2021-09-18T00_52_02_056Z-debug.log
npm WARN deprecated oracledb@2.1.2: Update to node-oracledb 5

> oracledb@2.1.2 install /__w/appoptics-apm-node/appoptics-apm-node/node_modules/oracledb
> node package/oracledbinstall.js

oracledb Beginning installation
oracledb Verifying installation
oracledb Binary not found
oracledb Continuing installation
oracledb [31mERR![0m NJS-054: Binary build/Release/oracledb.node was not installed from oracledb-v2.1.2-node-v72-linux-x64.gz
oracledb [31mERR![0m EACCES: permission denied, mkdir 'build'
oracledb [31mERR![0m If the error is not network or filesystem related, then review 
oracledb [31mERR![0m the Python 2.7 and compiler prerequisites in the installation instructions and
oracledb [31mERR![0m then install from source code with: npm install oracle/node-oracledb.git#v2.1.2
oracledb [31mERR![0m See https://github.com/oracle/node-oracledb/blob/master/INSTALL.md 

npm WARN optional SKIPPING OPTIONAL DEPENDENCY: fsevents@~2.3.1 (node_modules/chokidar/node_modules/fsevents):
npm WARN notsup SKIPPING OPTIONAL DEPENDENCY: Unsupported platform for fsevents@2.3.2: wanted {"os":"darwin","arch":"any"} (current: {"os":"linux","arch":"x64"})

npm ERR! code ELIFECYCLE
npm ERR! errno 87
npm ERR! oracledb@2.1.2 install: `node package/oracledbinstall.js`
npm ERR! Exit status 87
npm ERR! 
npm ERR! Failed at the oracledb@2.1.2 install script.
npm ERR! This is probably not a problem with npm. There is likely additional logging output above.

npm ERR! A complete log of this run can be found in:
npm ERR!     /github/home/.npm/_logs/2021-09-18T00_52_09_996Z-debug.log
npm WARN deprecated oracledb@2.2.0: Update to node-oracledb 5

> oracledb@2.2.0 install /__w/appoptics-apm-node/appoptics-apm-node/node_modules/oracledb
> node package/oracledbinstall.js

oracledb Beginning installation
oracledb Verifying installation
oracledb Continuing installation
oracledb [31mERR![0m NJS-054: Binary build/Release/oracledb.node was not installed.
oracledb [31mERR![0m Pre-built binary packages are not available for this version of Node.js (NODE_MODULE_VERSION="72")
oracledb [31mERR![0m Failed to install binary package oracledb-v2.2.0-node-v72-linux-x64.gz
oracledb [31mERR![0m EACCES: permission denied, mkdir 'build'
oracledb [31mERR![0m For help see https://oracle.github.io/node-oracledb/INSTALL.html#troubleshooting

npm WARN optional SKIPPING OPTIONAL DEPENDENCY: fsevents@~2.3.1 (node_modules/chokidar/node_modules/fsevents):
npm WARN notsup SKIPPING OPTIONAL DEPENDENCY: Unsupported platform for fsevents@2.3.2: wanted {"os":"darwin","arch":"any"} (current: {"os":"linux","arch":"x64"})

npm ERR! code ELIFECYCLE
npm ERR! errno 87
npm ERR! oracledb@2.2.0 install: `node package/oracledbinstall.js`
npm ERR! Exit status 87
npm ERR! 
npm ERR! Failed at the oracledb@2.2.0 install script.
npm ERR! This is probably not a problem with npm. There is likely additional logging output above.

npm ERR! A complete log of this run can be found in:
npm ERR!     /github/home/.npm/_logs/2021-09-18T00_52_17_817Z-debug.log
npm WARN deprecated oracledb@2.3.0: Update to node-oracledb 5

> oracledb@2.3.0 install /__w/appoptics-apm-node/appoptics-apm-node/node_modules/oracledb
> node package/oracledbinstall.js

oracledb Beginning installation
oracledb Verifying installation
oracledb Continuing installation
oracledb [31mERR![0m NJS-054: Binary build/Release/oracledb.node was not installed.
oracledb [31mERR![0m Pre-built binary packages are not available for this version of Node.js (NODE_MODULE_VERSION="72")
oracledb [31mERR![0m Failed to install binary package oracledb-v2.3.0-node-v72-linux-x64.gz
oracledb [31mERR![0m EACCES: permission denied, mkdir 'build'
oracledb [31mERR![0m For help see https://oracle.github.io/node-oracledb/INSTALL.html#troubleshooting

npm WARN optional SKIPPING OPTIONAL DEPENDENCY: fsevents@~2.3.1 (node_modules/chokidar/node_modules/fsevents):
npm WARN notsup SKIPPING OPTIONAL DEPENDENCY: Unsupported platform for fsevents@2.3.2: wanted {"os":"darwin","arch":"any"} (current: {"os":"linux","arch":"x64"})

npm ERR! code ELIFECYCLE
npm ERR! errno 87
npm ERR! oracledb@2.3.0 install: `node package/oracledbinstall.js`
npm ERR! Exit status 87
npm ERR! 
npm ERR! Failed at the oracledb@2.3.0 install script.
npm ERR! This is probably not a problem with npm. There is likely additional logging output above.

npm ERR! A complete log of this run can be found in:
npm ERR!     /github/home/.npm/_logs/2021-09-18T00_52_26_009Z-debug.log
npm WARN deprecated oracledb@3.0.0: Update to node-oracledb 5

> oracledb@3.0.0 install /__w/appoptics-apm-node/appoptics-apm-node/node_modules/oracledb
> node package/oracledbinstall.js

oracledb Beginning installation
oracledb Verifying installation
oracledb Continuing installation
oracledb [31mERR![0m NJS-054: Binary build/Release/oracledb.node was not installed.
oracledb [31mERR![0m Pre-built binary packages are not available for this version of Node.js (NODE_MODULE_VERSION="72")
oracledb [31mERR![0m Failed to install binary package oracledb-v3.0.0-node-abi72-linux-x64.gz
oracledb [31mERR![0m EACCES: permission denied, mkdir 'build'
oracledb [31mERR![0m For help see https://oracle.github.io/node-oracledb/INSTALL.html#troubleshooting

npm WARN optional SKIPPING OPTIONAL DEPENDENCY: fsevents@~2.3.1 (node_modules/chokidar/node_modules/fsevents):
npm WARN notsup SKIPPING OPTIONAL DEPENDENCY: Unsupported platform for fsevents@2.3.2: wanted {"os":"darwin","arch":"any"} (current: {"os":"linux","arch":"x64"})

npm ERR! code ELIFECYCLE
npm ERR! errno 87
npm ERR! oracledb@3.0.0 install: `node package/oracledbinstall.js`
npm ERR! Exit status 87
npm ERR! 
npm ERR! Failed at the oracledb@3.0.0 install script.
npm ERR! This is probably not a problem with npm. There is likely additional logging output above.

npm ERR! A complete log of this run can be found in:
npm ERR!     /github/home/.npm/_logs/2021-09-18T00_52_35_087Z-debug.log
npm WARN deprecated oracledb@3.0.1: Update to node-oracledb 5

> oracledb@3.0.1 install /__w/appoptics-apm-node/appoptics-apm-node/node_modules/oracledb
> node package/oracledbinstall.js

oracledb Beginning installation
oracledb [31mERR![0m NJS-054: Binary build/Release/oracledb.node was not installed.
oracledb [31mERR![0m Pre-built binary packages are not available for Node.js v12.22.6 (NODE_MODULE_VERSION="72")
oracledb [31mERR![0m Failed to install binary package oracledb-v3.0.1-node-abi72-linux-x64.gz
oracledb [31mERR![0m EACCES: permission denied, mkdir 'build'
oracledb [31mERR![0m For help see https://oracle.github.io/node-oracledb/INSTALL.html#troubleshooting

npm WARN optional SKIPPING OPTIONAL DEPENDENCY: fsevents@~2.3.1 (node_modules/chokidar/node_modules/fsevents):
npm WARN notsup SKIPPING OPTIONAL DEPENDENCY: Unsupported platform for fsevents@2.3.2: wanted {"os":"darwin","arch":"any"} (current: {"os":"linux","arch":"x64"})

npm ERR! code ELIFECYCLE
npm ERR! errno 87
npm ERR! oracledb@3.0.1 install: `node package/oracledbinstall.js`
npm ERR! Exit status 87
npm ERR! 
npm ERR! Failed at the oracledb@3.0.1 install script.
npm ERR! This is probably not a problem with npm. There is likely additional logging output above.

npm ERR! A complete log of this run can be found in:
npm ERR!     /github/home/.npm/_logs/2021-09-18T00_52_41_734Z-debug.log
npm WARN deprecated oracledb@3.1.0: Update to node-oracledb 5

> oracledb@3.1.0 install /__w/appoptics-apm-node/appoptics-apm-node/node_modules/oracledb
> node package/install.js

oracledb [31mERR![0m NJS-067: a pre-built node-oracledb binary was not found for Node.js v12.22.6 (NODE_MODULE_VERSION=72) on linux x64
oracledb [31mERR![0m Try compiling node-oracledb source code using https://oracle.github.io/node-oracledb/INSTALL.html#github
npm WARN optional SKIPPING OPTIONAL DEPENDENCY: fsevents@~2.3.1 (node_modules/chokidar/node_modules/fsevents):
npm WARN notsup SKIPPING OPTIONAL DEPENDENCY: Unsupported platform for fsevents@2.3.2: wanted {"os":"darwin","arch":"any"} (current: {"os":"linux","arch":"x64"})

npm ERR! code ELIFECYCLE
npm ERR! errno 87
npm ERR! oracledb@3.1.0 install: `node package/install.js`
npm ERR! Exit status 87
npm ERR! 
npm ERR! Failed at the oracledb@3.1.0 install script.
npm ERR! This is probably not a problem with npm. There is likely additional logging output above.

npm ERR! A complete log of this run can be found in:
npm ERR!     /github/home/.npm/_logs/2021-09-18T00_52_50_873Z-debug.log
npm WARN deprecated oracledb@3.1.1: Update to node-oracledb 5

> oracledb@3.1.1 install /__w/appoptics-apm-node/appoptics-apm-node/node_modules/oracledb
> node package/install.js

oracledb [31mERR![0m NJS-067: a pre-built node-oracledb binary was not found for Node.js v12.22.6 (NODE_MODULE_VERSION=72) on linux x64
oracledb [31mERR![0m Try compiling node-oracledb source code using https://oracle.github.io/node-oracledb/INSTALL.html#github
npm WARN optional SKIPPING OPTIONAL DEPENDENCY: fsevents@~2.3.1 (node_modules/chokidar/node_modules/fsevents):
npm WARN notsup SKIPPING OPTIONAL DEPENDENCY: Unsupported platform for fsevents@2.3.2: wanted {"os":"darwin","arch":"any"} (current: {"os":"linux","arch":"x64"})

npm ERR! code ELIFECYCLE
npm ERR! errno 87
npm ERR! oracledb@3.1.1 install: `node package/install.js`
npm ERR! Exit status 87
npm ERR! 
npm ERR! Failed at the oracledb@3.1.1 install script.
npm ERR! This is probably not a problem with npm. There is likely additional logging output above.

npm ERR! A complete log of this run can be found in:
npm ERR!     /github/home/.npm/_logs/2021-09-18T00_52_59_538Z-debug.log
npm WARN deprecated oracledb@3.1.2: Update to node-oracledb 5

> oracledb@3.1.2 install /__w/appoptics-apm-node/appoptics-apm-node/node_modules/oracledb
> node package/install.js

oracledb [31mERR![0m NJS-067: a pre-built node-oracledb binary was not found for Node.js v12.22.6 (NODE_MODULE_VERSION=72) on linux x64
oracledb [31mERR![0m Try compiling node-oracledb source code using https://oracle.github.io/node-oracledb/INSTALL.html#github
npm WARN optional SKIPPING OPTIONAL DEPENDENCY: fsevents@~2.3.1 (node_modules/chokidar/node_modules/fsevents):
npm WARN notsup SKIPPING OPTIONAL DEPENDENCY: Unsupported platform for fsevents@2.3.2: wanted {"os":"darwin","arch":"any"} (current: {"os":"linux","arch":"x64"})

npm ERR! code ELIFECYCLE
npm ERR! errno 87
npm ERR! oracledb@3.1.2 install: `node package/install.js`
npm ERR! Exit status 87
npm ERR! 
npm ERR! Failed at the oracledb@3.1.2 install script.
npm ERR! This is probably not a problem with npm. There is likely additional logging output above.

npm ERR! A complete log of this run can be found in:
npm ERR!     /github/home/.npm/_logs/2021-09-18T00_53_06_903Z-debug.log

> oracledb@4.0.0 install /__w/appoptics-apm-node/appoptics-apm-node/node_modules/oracledb
> node package/install.js

oracledb ********************************************************************************
oracledb ** Node-oracledb 4.0.0 installed for Node.js 12.22.6 (linux, x64)
oracledb **
oracledb ** To use node-oracledb:
oracledb ** - Oracle Client libraries (64-bit) must be configured with ldconfig or LD_LIBRARY_PATH
oracledb ** - To get libraries, install an Instant Client Basic or Basic Light package from
oracledb **   https://www.oracle.com/technetwork/topics/linuxx86-64soft-092277.html
oracledb **
oracledb ** Installation instructions: https://oracle.github.io/node-oracledb/INSTALL.html
oracledb ********************************************************************************

npm WARN optional SKIPPING OPTIONAL DEPENDENCY: fsevents@~2.3.1 (node_modules/chokidar/node_modules/fsevents):
npm WARN notsup SKIPPING OPTIONAL DEPENDENCY: Unsupported platform for fsevents@2.3.2: wanted {"os":"darwin","arch":"any"} (current: {"os":"linux","arch":"x64"})

+ oracledb@4.0.0
added 1 package and audited 1094 packages in 7.424s

72 packages are looking for funding
  run `npm fund` for details

found 23 vulnerabilities (5 low, 4 moderate, 12 high, 2 critical)
  run `npm audit fix` to fix them, or `npm audit` for details
2021-09-18T00:53:15.719Z appoptics:debug read config from /__w/appoptics-apm-node/appoptics-apm-node/appoptics-apm-config
2021-09-18T00:53:15.719Z appoptics:debug guc ignoring APPOPTICS_LOG_SETTINGS
2021-09-18T00:53:15.720Z appoptics:debug serviceKey dIOz...wWK0:ao-node-test
2021-09-18T00:53:15.720Z appoptics:debug using context provider: ace-context
2021-09-18T00:53:15.829Z appoptics:debug apm 10.0.2-prerelease.0, bindings 11.0.1-prerelease.0, oboe 10.1.1
2021-09-18T00:53:15.877Z appoptics:patching patched crypto 
2021-09-18T00:53:15.978Z appoptics:patching patched https 
2021-09-18T00:53:15.978Z appoptics:patching patched http 
2021-09-18T00:53:16.030Z appoptics:patching patched oracledb 4.0.0
2021-09-18T00:53:16.034Z appoptics:debug starting runtimeMetrics


  probes.oracledb 4.0.0
    âœ“ UDP might lose a message
2021-09-18T00:53:16.228Z appoptics:debug asking helper to execute test_basic
2021-09-18T00:53:16.228Z appoptics:debug test_basic being executed
2021-09-18T00:53:16.228Z appoptics:debug oracledb wrapping getConnection
2021-09-18T00:53:16.341Z appoptics:debug done with test_basic oracledb.getConnection
2021-09-18T00:53:16.521Z appoptics:debug test_basic query callback invoked
    âœ“ should trace execute calls (311ms)
2021-09-18T00:53:16.544Z appoptics:debug ORACLEDB wrapping createPool
2021-09-18T00:53:16.549Z appoptics:debug oracledb wrapping getConnection
2021-09-18T00:53:16.607Z appoptics:debug connection.execute() seems to be patched
2021-09-18T00:53:16.607Z appoptics:debug connection.commit() seems to be patched
2021-09-18T00:53:16.607Z appoptics:debug connection.rollback() seems to be patched
2021-09-18T00:53:16.607Z appoptics:debug connection.break() seems to be patched
2021-09-18T00:53:16.607Z appoptics:debug connection.release seems to be patched
    âœ“ should trace execute calls in pool (68ms)
2021-09-18T00:53:16.612Z appoptics:debug oracledb wrapping getConnection
2021-09-18T00:53:16.673Z appoptics:debug connection.execute() seems to be patched
2021-09-18T00:53:16.674Z appoptics:debug connection.commit() seems to be patched
2021-09-18T00:53:16.674Z appoptics:debug connection.rollback() seems to be patched
2021-09-18T00:53:16.674Z appoptics:debug connection.break() seems to be patched
2021-09-18T00:53:16.674Z appoptics:debug connection.release seems to be patched
    âœ“ should include correct isAutoCommit value (69ms)


  4 passing (480ms)


> oracledb@4.0.1 install /__w/appoptics-apm-node/appoptics-apm-node/node_modules/oracledb
> node package/install.js

oracledb ********************************************************************************
oracledb ** Node-oracledb 4.0.1 installed for Node.js 12.22.6 (linux, x64)
oracledb **
oracledb ** To use node-oracledb:
oracledb ** - Oracle Client libraries (64-bit) must be configured with ldconfig or LD_LIBRARY_PATH
oracledb ** - To get libraries, install an Instant Client Basic or Basic Light package from
oracledb **   https://www.oracle.com/technetwork/topics/linuxx86-64soft-092277.html
oracledb **
oracledb ** Installation instructions: https://oracle.github.io/node-oracledb/INSTALL.html
oracledb ********************************************************************************

npm WARN optional SKIPPING OPTIONAL DEPENDENCY: fsevents@~2.3.1 (node_modules/chokidar/node_modules/fsevents):
npm WARN notsup SKIPPING OPTIONAL DEPENDENCY: Unsupported platform for fsevents@2.3.2: wanted {"os":"darwin","arch":"any"} (current: {"os":"linux","arch":"x64"})

+ oracledb@4.0.1
updated 1 package and audited 1094 packages in 6.834s

72 packages are looking for funding
  run `npm fund` for details

found 23 vulnerabilities (5 low, 4 moderate, 12 high, 2 critical)
  run `npm audit fix` to fix them, or `npm audit` for details
2021-09-18T00:53:25.070Z appoptics:debug read config from /__w/appoptics-apm-node/appoptics-apm-node/appoptics-apm-config
2021-09-18T00:53:25.071Z appoptics:debug guc ignoring APPOPTICS_LOG_SETTINGS
2021-09-18T00:53:25.071Z appoptics:debug serviceKey dIOz...wWK0:ao-node-test
2021-09-18T00:53:25.072Z appoptics:debug using context provider: ace-context
2021-09-18T00:53:25.209Z appoptics:debug apm 10.0.2-prerelease.0, bindings 11.0.1-prerelease.0, oboe 10.1.1
2021-09-18T00:53:25.261Z appoptics:patching patched crypto 
2021-09-18T00:53:25.302Z appoptics:patching patched https 
2021-09-18T00:53:25.302Z appoptics:patching patched http 
2021-09-18T00:53:25.344Z appoptics:patching patched oracledb 4.0.1
2021-09-18T00:53:25.348Z appoptics:debug starting runtimeMetrics


  probes.oracledb 4.0.1
    âœ“ UDP might lose a message
2021-09-18T00:53:25.554Z appoptics:debug asking helper to execute test_basic
2021-09-18T00:53:25.555Z appoptics:debug test_basic being executed
2021-09-18T00:53:25.555Z appoptics:debug oracledb wrapping getConnection
2021-09-18T00:53:25.565Z appoptics:debug done with test_basic oracledb.getConnection
2021-09-18T00:53:25.628Z appoptics:debug test_basic query callback invoked
    âœ“ should trace execute calls (80ms)
2021-09-18T00:53:25.637Z appoptics:debug ORACLEDB wrapping createPool
2021-09-18T00:53:25.643Z appoptics:debug oracledb wrapping getConnection
2021-09-18T00:53:25.717Z appoptics:debug connection.execute() seems to be patched
2021-09-18T00:53:25.718Z appoptics:debug connection.commit() seems to be patched
2021-09-18T00:53:25.718Z appoptics:debug connection.rollback() seems to be patched
2021-09-18T00:53:25.718Z appoptics:debug connection.break() seems to be patched
2021-09-18T00:53:25.718Z appoptics:debug connection.release seems to be patched
    âœ“ should trace execute calls in pool (85ms)
2021-09-18T00:53:25.722Z appoptics:debug oracledb wrapping getConnection
2021-09-18T00:53:25.807Z appoptics:debug connection.execute() seems to be patched
2021-09-18T00:53:25.807Z appoptics:debug connection.commit() seems to be patched
2021-09-18T00:53:25.807Z appoptics:debug connection.rollback() seems to be patched
2021-09-18T00:53:25.807Z appoptics:debug connection.break() seems to be patched
2021-09-18T00:53:25.807Z appoptics:debug connection.release seems to be patched
    âœ“ should include correct isAutoCommit value (94ms)


  4 passing (299ms)


> oracledb@4.1.0 install /__w/appoptics-apm-node/appoptics-apm-node/node_modules/oracledb
> node package/install.js

oracledb ********************************************************************************
oracledb ** Node-oracledb 4.1.0 installed for Node.js 12.22.6 (linux, x64)
oracledb **
oracledb ** To use node-oracledb:
oracledb ** - Oracle Client libraries (64-bit) must be configured with ldconfig or LD_LIBRARY_PATH
oracledb ** - To get libraries, install an Instant Client Basic or Basic Light package from
oracledb **   https://www.oracle.com/technetwork/topics/linuxx86-64soft-092277.html
oracledb **
oracledb ** Installation instructions: https://oracle.github.io/node-oracledb/INSTALL.html
oracledb ********************************************************************************

npm WARN optional SKIPPING OPTIONAL DEPENDENCY: fsevents@~2.3.1 (node_modules/chokidar/node_modules/fsevents):
npm WARN notsup SKIPPING OPTIONAL DEPENDENCY: Unsupported platform for fsevents@2.3.2: wanted {"os":"darwin","arch":"any"} (current: {"os":"linux","arch":"x64"})

+ oracledb@4.1.0
updated 1 package and audited 1094 packages in 6.468s

72 packages are looking for funding
  run `npm fund` for details

found 23 vulnerabilities (5 low, 4 moderate, 12 high, 2 critical)
  run `npm audit fix` to fix them, or `npm audit` for details
2021-09-18T00:53:33.794Z appoptics:debug read config from /__w/appoptics-apm-node/appoptics-apm-node/appoptics-apm-config
2021-09-18T00:53:33.794Z appoptics:debug guc ignoring APPOPTICS_LOG_SETTINGS
2021-09-18T00:53:33.794Z appoptics:debug serviceKey dIOz...wWK0:ao-node-test
2021-09-18T00:53:33.795Z appoptics:debug using context provider: ace-context
2021-09-18T00:53:33.875Z appoptics:debug apm 10.0.2-prerelease.0, bindings 11.0.1-prerelease.0, oboe 10.1.1
2021-09-18T00:53:33.916Z appoptics:patching patched crypto 
2021-09-18T00:53:33.936Z appoptics:patching patched https 
2021-09-18T00:53:33.937Z appoptics:patching patched http 
2021-09-18T00:53:33.981Z appoptics:patching patched oracledb 4.1.0
2021-09-18T00:53:33.985Z appoptics:debug starting runtimeMetrics


  probes.oracledb 4.1.0
    âœ“ UDP might lose a message
2021-09-18T00:53:34.154Z appoptics:debug asking helper to execute test_basic
2021-09-18T00:53:34.154Z appoptics:debug test_basic being executed
2021-09-18T00:53:34.154Z appoptics:debug oracledb wrapping getConnection
2021-09-18T00:53:34.164Z appoptics:debug done with test_basic oracledb.getConnection
2021-09-18T00:53:34.213Z appoptics:debug test_basic query callback invoked
    âœ“ should trace execute calls (65ms)
2021-09-18T00:53:34.222Z appoptics:debug ORACLEDB wrapping createPool
2021-09-18T00:53:34.225Z appoptics:debug oracledb wrapping getConnection
2021-09-18T00:53:34.268Z appoptics:debug connection.execute() seems to be patched
2021-09-18T00:53:34.268Z appoptics:debug connection.commit() seems to be patched
2021-09-18T00:53:34.268Z appoptics:debug connection.rollback() seems to be patched
2021-09-18T00:53:34.268Z appoptics:debug connection.break() seems to be patched
2021-09-18T00:53:34.268Z appoptics:debug connection.release seems to be patched
    âœ“ should trace execute calls in pool (51ms)
2021-09-18T00:53:34.273Z appoptics:debug oracledb wrapping getConnection
2021-09-18T00:53:34.320Z appoptics:debug connection.execute() seems to be patched
2021-09-18T00:53:34.320Z appoptics:debug connection.commit() seems to be patched
2021-09-18T00:53:34.320Z appoptics:debug connection.rollback() seems to be patched
2021-09-18T00:53:34.320Z appoptics:debug connection.break() seems to be patched
2021-09-18T00:53:34.320Z appoptics:debug connection.release seems to be patched
    âœ“ should include correct isAutoCommit value (53ms)


  4 passing (194ms)


> oracledb@4.2.0 install /__w/appoptics-apm-node/appoptics-apm-node/node_modules/oracledb
> node package/install.js

oracledb ********************************************************************************
oracledb ** Node-oracledb 4.2.0 installed for Node.js 12.22.6 (linux, x64)
oracledb **
oracledb ** To use node-oracledb:
oracledb ** - Oracle Client libraries (64-bit) must be configured with ldconfig or LD_LIBRARY_PATH
oracledb ** - To get libraries, install an Instant Client Basic or Basic Light package from
oracledb **   https://www.oracle.com/database/technologies/instant-client/linux-x86-64-downloads.html
oracledb **
oracledb ** Installation instructions: https://oracle.github.io/node-oracledb/INSTALL.html
oracledb ********************************************************************************

npm WARN optional SKIPPING OPTIONAL DEPENDENCY: fsevents@~2.3.1 (node_modules/chokidar/node_modules/fsevents):
npm WARN notsup SKIPPING OPTIONAL DEPENDENCY: Unsupported platform for fsevents@2.3.2: wanted {"os":"darwin","arch":"any"} (current: {"os":"linux","arch":"x64"})

+ oracledb@4.2.0
updated 1 package and audited 1094 packages in 6.953s

72 packages are looking for funding
  run `npm fund` for details

found 23 vulnerabilities (5 low, 4 moderate, 12 high, 2 critical)
  run `npm audit fix` to fix them, or `npm audit` for details
2021-09-18T00:53:42.635Z appoptics:debug read config from /__w/appoptics-apm-node/appoptics-apm-node/appoptics-apm-config
2021-09-18T00:53:42.636Z appoptics:debug guc ignoring APPOPTICS_LOG_SETTINGS
2021-09-18T00:53:42.636Z appoptics:debug serviceKey dIOz...wWK0:ao-node-test
2021-09-18T00:53:42.636Z appoptics:debug using context provider: ace-context
2021-09-18T00:53:42.759Z appoptics:debug apm 10.0.2-prerelease.0, bindings 11.0.1-prerelease.0, oboe 10.1.1
2021-09-18T00:53:42.824Z appoptics:patching patched crypto 
2021-09-18T00:53:42.875Z appoptics:patching patched https 
2021-09-18T00:53:42.875Z appoptics:patching patched http 
2021-09-18T00:53:42.922Z appoptics:patching patched oracledb 4.2.0
2021-09-18T00:53:42.927Z appoptics:debug starting runtimeMetrics


  probes.oracledb 4.2.0
    âœ“ UDP might lose a message
2021-09-18T00:53:43.104Z appoptics:debug asking helper to execute test_basic
2021-09-18T00:53:43.104Z appoptics:debug test_basic being executed
2021-09-18T00:53:43.105Z appoptics:debug oracledb wrapping getConnection
2021-09-18T00:53:43.114Z appoptics:debug done with test_basic oracledb.getConnection
2021-09-18T00:53:43.168Z appoptics:debug test_basic query callback invoked
    âœ“ should trace execute calls (70ms)
2021-09-18T00:53:43.177Z appoptics:debug ORACLEDB wrapping createPool
2021-09-18T00:53:43.180Z appoptics:debug oracledb wrapping getConnection
2021-09-18T00:53:43.222Z appoptics:debug connection.execute() seems to be patched
2021-09-18T00:53:43.222Z appoptics:debug connection.commit() seems to be patched
2021-09-18T00:53:43.222Z appoptics:debug connection.rollback() seems to be patched
2021-09-18T00:53:43.222Z appoptics:debug connection.break() seems to be patched
2021-09-18T00:53:43.222Z appoptics:debug connection.release seems to be patched
    âœ“ should trace execute calls in pool (48ms)
2021-09-18T00:53:43.226Z appoptics:debug oracledb wrapping getConnection
2021-09-18T00:53:43.268Z appoptics:debug connection.execute() seems to be patched
2021-09-18T00:53:43.268Z appoptics:debug connection.commit() seems to be patched
2021-09-18T00:53:43.268Z appoptics:debug connection.rollback() seems to be patched
2021-09-18T00:53:43.268Z appoptics:debug connection.break() seems to be patched
2021-09-18T00:53:43.268Z appoptics:debug connection.release seems to be patched
    âœ“ should include correct isAutoCommit value (49ms)


  4 passing (192ms)


> oracledb@5.0.0 install /__w/appoptics-apm-node/appoptics-apm-node/node_modules/oracledb
> node package/install.js

oracledb ********************************************************************************
oracledb ** Node-oracledb 5.0.0 installed for Node.js 12.22.6 (linux, x64)
oracledb **
oracledb ** To use node-oracledb:
oracledb ** - Oracle Client libraries (64-bit) must be available.
oracledb ** - Follow the installation instructions:
oracledb **   https://oracle.github.io/node-oracledb/INSTALL.html#linuxinstall
oracledb ********************************************************************************

npm WARN optional SKIPPING OPTIONAL DEPENDENCY: fsevents@~2.3.1 (node_modules/chokidar/node_modules/fsevents):
npm WARN notsup SKIPPING OPTIONAL DEPENDENCY: Unsupported platform for fsevents@2.3.2: wanted {"os":"darwin","arch":"any"} (current: {"os":"linux","arch":"x64"})

+ oracledb@5.0.0
updated 1 package and audited 1094 packages in 6.09s

72 packages are looking for funding
  run `npm fund` for details

found 23 vulnerabilities (5 low, 4 moderate, 12 high, 2 critical)
  run `npm audit fix` to fix them, or `npm audit` for details
2021-09-18T00:53:50.897Z appoptics:debug read config from /__w/appoptics-apm-node/appoptics-apm-node/appoptics-apm-config
2021-09-18T00:53:50.898Z appoptics:debug guc ignoring APPOPTICS_LOG_SETTINGS
2021-09-18T00:53:50.898Z appoptics:debug serviceKey dIOz...wWK0:ao-node-test
2021-09-18T00:53:50.899Z appoptics:debug using context provider: ace-context
2021-09-18T00:53:51.009Z appoptics:debug apm 10.0.2-prerelease.0, bindings 11.0.1-prerelease.0, oboe 10.1.1
2021-09-18T00:53:51.059Z appoptics:patching patched crypto 
2021-09-18T00:53:51.112Z appoptics:patching patched https 
2021-09-18T00:53:51.113Z appoptics:patching patched http 
2021-09-18T00:53:51.202Z appoptics:patching patched oracledb 5.0.0
2021-09-18T00:53:51.214Z appoptics:debug starting runtimeMetrics


  probes.oracledb 5.0.0
    âœ“ UDP might lose a message
2021-09-18T00:53:51.477Z appoptics:debug asking helper to execute test_basic
2021-09-18T00:53:51.477Z appoptics:debug test_basic being executed
2021-09-18T00:53:51.477Z appoptics:debug oracledb wrapping getConnection
2021-09-18T00:53:51.491Z appoptics:debug done with test_basic oracledb.getConnection
2021-09-18T00:53:51.558Z appoptics:debug test_basic query callback invoked
    âœ“ should trace execute calls (92ms)
2021-09-18T00:53:51.574Z appoptics:debug ORACLEDB wrapping createPool
2021-09-18T00:53:51.577Z appoptics:debug oracledb wrapping getConnection
2021-09-18T00:53:51.639Z appoptics:debug connection.execute() seems to be patched
2021-09-18T00:53:51.639Z appoptics:debug connection.commit() seems to be patched
2021-09-18T00:53:51.639Z appoptics:debug connection.rollback() seems to be patched
2021-09-18T00:53:51.639Z appoptics:debug connection.break() seems to be patched
2021-09-18T00:53:51.639Z appoptics:debug connection.release seems to be patched
    âœ“ should trace execute calls in pool (69ms)
2021-09-18T00:53:51.644Z appoptics:debug oracledb wrapping getConnection
2021-09-18T00:53:51.697Z appoptics:debug connection.execute() seems to be patched
2021-09-18T00:53:51.698Z appoptics:debug connection.commit() seems to be patched
2021-09-18T00:53:51.698Z appoptics:debug connection.rollback() seems to be patched
2021-09-18T00:53:51.698Z appoptics:debug connection.break() seems to be patched
2021-09-18T00:53:51.698Z appoptics:debug connection.release seems to be patched
    âœ“ should include correct isAutoCommit value (63ms)


  4 passing (270ms)


> oracledb@5.1.0 install /__w/appoptics-apm-node/appoptics-apm-node/node_modules/oracledb
> node package/install.js

oracledb ********************************************************************************
oracledb ** Node-oracledb 5.1.0 installed for Node.js 12.22.6 (linux, x64)
oracledb **
oracledb ** To use node-oracledb:
oracledb ** - Oracle Client libraries (64-bit) must be available.
oracledb ** - Follow the installation instructions:
oracledb **   https://oracle.github.io/node-oracledb/INSTALL.html#linuxinstall
oracledb ********************************************************************************

npm WARN optional SKIPPING OPTIONAL DEPENDENCY: fsevents@~2.3.1 (node_modules/chokidar/node_modules/fsevents):
npm WARN notsup SKIPPING OPTIONAL DEPENDENCY: Unsupported platform for fsevents@2.3.2: wanted {"os":"darwin","arch":"any"} (current: {"os":"linux","arch":"x64"})

+ oracledb@5.1.0
updated 1 package and audited 1094 packages in 6.365s

72 packages are looking for funding
  run `npm fund` for details

found 23 vulnerabilities (5 low, 4 moderate, 12 high, 2 critical)
  run `npm audit fix` to fix them, or `npm audit` for details
2021-09-18T00:53:59.583Z appoptics:debug read config from /__w/appoptics-apm-node/appoptics-apm-node/appoptics-apm-config
2021-09-18T00:53:59.584Z appoptics:debug guc ignoring APPOPTICS_LOG_SETTINGS
2021-09-18T00:53:59.584Z appoptics:debug serviceKey dIOz...wWK0:ao-node-test
2021-09-18T00:53:59.585Z appoptics:debug using context provider: ace-context
2021-09-18T00:53:59.678Z appoptics:debug apm 10.0.2-prerelease.0, bindings 11.0.1-prerelease.0, oboe 10.1.1
2021-09-18T00:53:59.733Z appoptics:patching patched crypto 
2021-09-18T00:53:59.760Z appoptics:patching patched https 
2021-09-18T00:53:59.760Z appoptics:patching patched http 
2021-09-18T00:53:59.802Z appoptics:patching patched oracledb 5.1.0
2021-09-18T00:53:59.807Z appoptics:debug starting runtimeMetrics


  probes.oracledb 5.1.0
    âœ“ UDP might lose a message
2021-09-18T00:53:59.983Z appoptics:debug asking helper to execute test_basic
2021-09-18T00:53:59.984Z appoptics:debug test_basic being executed
2021-09-18T00:53:59.984Z appoptics:debug oracledb wrapping getConnection
2021-09-18T00:53:59.994Z appoptics:debug done with test_basic oracledb.getConnection
2021-09-18T00:54:00.053Z appoptics:debug test_basic query callback invoked
    âœ“ should trace execute calls (79ms)
2021-09-18T00:54:00.066Z appoptics:debug ORACLEDB wrapping createPool
2021-09-18T00:54:00.088Z appoptics:debug oracledb wrapping getConnection
2021-09-18T00:54:00.139Z appoptics:debug connection.execute() seems to be patched
2021-09-18T00:54:00.139Z appoptics:debug connection.commit() seems to be patched
2021-09-18T00:54:00.139Z appoptics:debug connection.rollback() seems to be patched
2021-09-18T00:54:00.139Z appoptics:debug connection.break() seems to be patched
2021-09-18T00:54:00.139Z appoptics:debug connection.release seems to be patched
    âœ“ should trace execute calls in pool (78ms)
2021-09-18T00:54:00.145Z appoptics:debug oracledb wrapping getConnection
2021-09-18T00:54:00.192Z appoptics:debug connection.execute() seems to be patched
2021-09-18T00:54:00.193Z appoptics:debug connection.commit() seems to be patched
2021-09-18T00:54:00.193Z appoptics:debug connection.rollback() seems to be patched
2021-09-18T00:54:00.193Z appoptics:debug connection.break() seems to be patched
2021-09-18T00:54:00.193Z appoptics:debug connection.release seems to be patched
    âœ“ should include correct isAutoCommit value (53ms)


  4 passing (235ms)


> oracledb@5.2.0 install /__w/appoptics-apm-node/appoptics-apm-node/node_modules/oracledb
> node package/install.js

oracledb ********************************************************************************
oracledb ** Node-oracledb 5.2.0 installed in Node.js 12.22.6 (linux, x64)
oracledb **
oracledb ** To use node-oracledb:
oracledb ** - Oracle Client libraries (64-bit) must be available.
oracledb ** - Follow the installation instructions:
oracledb **   https://oracle.github.io/node-oracledb/INSTALL.html#linuxinstall
oracledb ********************************************************************************

npm WARN optional SKIPPING OPTIONAL DEPENDENCY: fsevents@~2.3.1 (node_modules/chokidar/node_modules/fsevents):
npm WARN notsup SKIPPING OPTIONAL DEPENDENCY: Unsupported platform for fsevents@2.3.2: wanted {"os":"darwin","arch":"any"} (current: {"os":"linux","arch":"x64"})

+ oracledb@5.2.0
updated 1 package and audited 1094 packages in 7.642s

72 packages are looking for funding
  run `npm fund` for details

found 23 vulnerabilities (5 low, 4 moderate, 12 high, 2 critical)
  run `npm audit fix` to fix them, or `npm audit` for details
2021-09-18T00:54:09.105Z appoptics:debug read config from /__w/appoptics-apm-node/appoptics-apm-node/appoptics-apm-config
2021-09-18T00:54:09.106Z appoptics:debug guc ignoring APPOPTICS_LOG_SETTINGS
2021-09-18T00:54:09.106Z appoptics:debug serviceKey dIOz...wWK0:ao-node-test
2021-09-18T00:54:09.107Z appoptics:debug using context provider: ace-context
2021-09-18T00:54:09.193Z appoptics:debug apm 10.0.2-prerelease.0, bindings 11.0.1-prerelease.0, oboe 10.1.1
2021-09-18T00:54:09.240Z appoptics:patching patched crypto 
2021-09-18T00:54:09.262Z appoptics:patching patched https 
2021-09-18T00:54:09.262Z appoptics:patching patched http 
2021-09-18T00:54:09.317Z appoptics:patching patched oracledb 5.2.0
2021-09-18T00:54:09.321Z appoptics:debug starting runtimeMetrics


  probes.oracledb 5.2.0
    âœ“ UDP might lose a message
2021-09-18T00:54:09.487Z appoptics:debug asking helper to execute test_basic
2021-09-18T00:54:09.488Z appoptics:debug test_basic being executed
2021-09-18T00:54:09.488Z appoptics:debug oracledb wrapping getConnection
2021-09-18T00:54:09.498Z appoptics:debug done with test_basic oracledb.getConnection
2021-09-18T00:54:09.551Z appoptics:debug test_basic query callback invoked
    âœ“ should trace execute calls (70ms)
2021-09-18T00:54:09.562Z appoptics:debug ORACLEDB wrapping createPool
2021-09-18T00:54:09.565Z appoptics:debug oracledb wrapping getConnection
2021-09-18T00:54:09.612Z appoptics:debug connection.execute() seems to be patched
2021-09-18T00:54:09.612Z appoptics:debug connection.commit() seems to be patched
2021-09-18T00:54:09.612Z appoptics:debug connection.rollback() seems to be patched
2021-09-18T00:54:09.612Z appoptics:debug connection.break() seems to be patched
2021-09-18T00:54:09.612Z appoptics:debug connection.release seems to be patched
    âœ“ should trace execute calls in pool (53ms)
2021-09-18T00:54:09.617Z appoptics:debug oracledb wrapping getConnection
2021-09-18T00:54:09.664Z appoptics:debug connection.execute() seems to be patched
2021-09-18T00:54:09.664Z appoptics:debug connection.commit() seems to be patched
2021-09-18T00:54:09.664Z appoptics:debug connection.rollback() seems to be patched
2021-09-18T00:54:09.664Z appoptics:debug connection.break() seems to be patched
2021-09-18T00:54:09.664Z appoptics:debug connection.release seems to be patched
    âœ“ should include correct isAutoCommit value (53ms)


  4 passing (204ms)


> oracledb@5.2.0 install /__w/appoptics-apm-node/appoptics-apm-node/node_modules/oracledb
> node package/install.js

oracledb ********************************************************************************
oracledb ** Node-oracledb 5.2.0 installed in Node.js 12.22.6 (linux, x64)
oracledb **
oracledb ** To use node-oracledb:
oracledb ** - Oracle Client libraries (64-bit) must be available.
oracledb ** - Follow the installation instructions:
oracledb **   https://oracle.github.io/node-oracledb/INSTALL.html#linuxinstall
oracledb ********************************************************************************

npm WARN optional SKIPPING OPTIONAL DEPENDENCY: fsevents@~2.3.1 (node_modules/chokidar/node_modules/fsevents):
npm WARN notsup SKIPPING OPTIONAL DEPENDENCY: Unsupported platform for fsevents@2.3.2: wanted {"os":"darwin","arch":"any"} (current: {"os":"linux","arch":"x64"})

+ oracledb@5.2.0
updated 1 package and audited 1094 packages in 6.869s

72 packages are looking for funding
  run `npm fund` for details

found 23 vulnerabilities (5 low, 4 moderate, 12 high, 2 critical)
  run `npm audit fix` to fix them, or `npm audit` for details
