npm WARN deprecated bcrypt@3.0.6: versions < v5.0.0 do not handle NUL in passwords properly
npm WARN deprecated node-pre-gyp@0.12.0: Please upgrade to @mapbox/node-pre-gyp: the non-scoped node-pre-gyp package is deprecated and only the @mapbox scoped package will recieve updates in the future

> bcrypt@3.0.6 install /__w/appoptics-apm-node/appoptics-apm-node/node_modules/bcrypt
> node-pre-gyp install --fallback-to-build

node-pre-gyp WARN Using request for node-pre-gyp https download 
node-pre-gyp WARN Pre-built binaries not installable for bcrypt@3.0.6 and node@14.19.0 (node-v83 ABI, glibc) (falling back to source compile with node-gyp) 
node-pre-gyp WARN Hit error EACCES: permission denied, mkdir '/__w/appoptics-apm-node/appoptics-apm-node/node_modules/bcrypt/lib' 
gyp ERR! configure error 
gyp ERR! stack Error: EACCES: permission denied, mkdir '/__w/appoptics-apm-node/appoptics-apm-node/node_modules/bcrypt/build'
gyp ERR! System Linux 5.11.0-1028-azure
gyp ERR! command "/__t/node/14.19.0/x64/bin/node" "/__t/node/14.19.0/x64/lib/node_modules/npm/node_modules/node-gyp/bin/node-gyp.js" "configure" "--fallback-to-build" "--module=/__w/appoptics-apm-node/appoptics-apm-node/node_modules/bcrypt/lib/binding/bcrypt_lib.node" "--module_name=bcrypt_lib" "--module_path=/__w/appoptics-apm-node/appoptics-apm-node/node_modules/bcrypt/lib/binding" "--napi_version=8" "--node_abi_napi=napi" "--napi_build_version=0" "--node_napi_label=node-v83"
gyp ERR! cwd /__w/appoptics-apm-node/appoptics-apm-node/node_modules/bcrypt
gyp ERR! node -v v14.19.0
gyp ERR! node-gyp -v v5.1.0
gyp ERR! not ok 
node-pre-gyp ERR! build error 
node-pre-gyp ERR! stack Error: Failed to execute '/__t/node/14.19.0/x64/bin/node /__t/node/14.19.0/x64/lib/node_modules/npm/node_modules/node-gyp/bin/node-gyp.js configure --fallback-to-build --module=/__w/appoptics-apm-node/appoptics-apm-node/node_modules/bcrypt/lib/binding/bcrypt_lib.node --module_name=bcrypt_lib --module_path=/__w/appoptics-apm-node/appoptics-apm-node/node_modules/bcrypt/lib/binding --napi_version=8 --node_abi_napi=napi --napi_build_version=0 --node_napi_label=node-v83' (1)
node-pre-gyp ERR! stack     at ChildProcess.<anonymous> (/__w/appoptics-apm-node/appoptics-apm-node/node_modules/bcrypt/node_modules/node-pre-gyp/lib/util/compile.js:83:29)
node-pre-gyp ERR! stack     at ChildProcess.emit (events.js:400:28)
node-pre-gyp ERR! stack     at maybeClose (internal/child_process.js:1058:16)
node-pre-gyp ERR! stack     at Process.ChildProcess._handle.onexit (internal/child_process.js:293:5)
node-pre-gyp ERR! System Linux 5.11.0-1028-azure
node-pre-gyp ERR! command "/__t/node/14.19.0/x64/bin/node" "/__w/appoptics-apm-node/appoptics-apm-node/node_modules/bcrypt/node_modules/.bin/node-pre-gyp" "install" "--fallback-to-build"
node-pre-gyp ERR! cwd /__w/appoptics-apm-node/appoptics-apm-node/node_modules/bcrypt
node-pre-gyp ERR! node -v v14.19.0
node-pre-gyp ERR! node-pre-gyp -v v0.12.0
node-pre-gyp ERR! not ok 
Failed to execute '/__t/node/14.19.0/x64/bin/node /__t/node/14.19.0/x64/lib/node_modules/npm/node_modules/node-gyp/bin/node-gyp.js configure --fallback-to-build --module=/__w/appoptics-apm-node/appoptics-apm-node/node_modules/bcrypt/lib/binding/bcrypt_lib.node --module_name=bcrypt_lib --module_path=/__w/appoptics-apm-node/appoptics-apm-node/node_modules/bcrypt/lib/binding --napi_version=8 --node_abi_napi=napi --napi_build_version=0 --node_napi_label=node-v83' (1)
npm WARN optional SKIPPING OPTIONAL DEPENDENCY: fsevents@~2.3.1 (node_modules/chokidar/node_modules/fsevents):
npm WARN notsup SKIPPING OPTIONAL DEPENDENCY: Unsupported platform for fsevents@2.3.2: wanted {"os":"darwin","arch":"any"} (current: {"os":"linux","arch":"x64"})

npm ERR! code ELIFECYCLE
npm ERR! errno 1
npm ERR! bcrypt@3.0.6 install: `node-pre-gyp install --fallback-to-build`
npm ERR! Exit status 1
npm ERR! 
npm ERR! Failed at the bcrypt@3.0.6 install script.
npm ERR! This is probably not a problem with npm. There is likely additional logging output above.

npm ERR! A complete log of this run can be found in:
npm ERR!     /github/home/.npm/_logs/2022-02-23T04_38_18_973Z-debug.log
npm WARN deprecated bcrypt@3.0.7: versions < v5.0.0 do not handle NUL in passwords properly
npm WARN deprecated node-pre-gyp@0.13.0: Please upgrade to @mapbox/node-pre-gyp: the non-scoped node-pre-gyp package is deprecated and only the @mapbox scoped package will recieve updates in the future

> bcrypt@3.0.7 install /__w/appoptics-apm-node/appoptics-apm-node/node_modules/bcrypt
> node-pre-gyp install --fallback-to-build

node-pre-gyp WARN Using request for node-pre-gyp https download 
node-pre-gyp WARN Pre-built binaries not installable for bcrypt@3.0.7 and node@14.19.0 (node-v83 ABI, glibc) (falling back to source compile with node-gyp) 
node-pre-gyp WARN Hit error EACCES: permission denied, mkdir '/__w/appoptics-apm-node/appoptics-apm-node/node_modules/bcrypt/lib' 
gyp ERR! configure error 
gyp ERR! stack Error: EACCES: permission denied, mkdir '/__w/appoptics-apm-node/appoptics-apm-node/node_modules/bcrypt/build'
gyp ERR! System Linux 5.11.0-1028-azure
gyp ERR! command "/__t/node/14.19.0/x64/bin/node" "/__t/node/14.19.0/x64/lib/node_modules/npm/node_modules/node-gyp/bin/node-gyp.js" "configure" "--fallback-to-build" "--module=/__w/appoptics-apm-node/appoptics-apm-node/node_modules/bcrypt/lib/binding/bcrypt_lib.node" "--module_name=bcrypt_lib" "--module_path=/__w/appoptics-apm-node/appoptics-apm-node/node_modules/bcrypt/lib/binding" "--napi_version=8" "--node_abi_napi=napi" "--napi_build_version=0" "--node_napi_label=node-v83"
gyp ERR! cwd /__w/appoptics-apm-node/appoptics-apm-node/node_modules/bcrypt
gyp ERR! node -v v14.19.0
gyp ERR! node-gyp -v v5.1.0
gyp ERR! not ok 
node-pre-gyp ERR! build error 
node-pre-gyp ERR! stack Error: Failed to execute '/__t/node/14.19.0/x64/bin/node /__t/node/14.19.0/x64/lib/node_modules/npm/node_modules/node-gyp/bin/node-gyp.js configure --fallback-to-build --module=/__w/appoptics-apm-node/appoptics-apm-node/node_modules/bcrypt/lib/binding/bcrypt_lib.node --module_name=bcrypt_lib --module_path=/__w/appoptics-apm-node/appoptics-apm-node/node_modules/bcrypt/lib/binding --napi_version=8 --node_abi_napi=napi --napi_build_version=0 --node_napi_label=node-v83' (1)
node-pre-gyp ERR! stack     at ChildProcess.<anonymous> (/__w/appoptics-apm-node/appoptics-apm-node/node_modules/bcrypt/node_modules/node-pre-gyp/lib/util/compile.js:83:29)
node-pre-gyp ERR! stack     at ChildProcess.emit (events.js:400:28)
node-pre-gyp ERR! stack     at maybeClose (internal/child_process.js:1058:16)
node-pre-gyp ERR! stack     at Process.ChildProcess._handle.onexit (internal/child_process.js:293:5)
node-pre-gyp ERR! System Linux 5.11.0-1028-azure
node-pre-gyp ERR! command "/__t/node/14.19.0/x64/bin/node" "/__w/appoptics-apm-node/appoptics-apm-node/node_modules/bcrypt/node_modules/.bin/node-pre-gyp" "install" "--fallback-to-build"
node-pre-gyp ERR! cwd /__w/appoptics-apm-node/appoptics-apm-node/node_modules/bcrypt
node-pre-gyp ERR! node -v v14.19.0
node-pre-gyp ERR! node-pre-gyp -v v0.13.0
node-pre-gyp ERR! not ok 
Failed to execute '/__t/node/14.19.0/x64/bin/node /__t/node/14.19.0/x64/lib/node_modules/npm/node_modules/node-gyp/bin/node-gyp.js configure --fallback-to-build --module=/__w/appoptics-apm-node/appoptics-apm-node/node_modules/bcrypt/lib/binding/bcrypt_lib.node --module_name=bcrypt_lib --module_path=/__w/appoptics-apm-node/appoptics-apm-node/node_modules/bcrypt/lib/binding --napi_version=8 --node_abi_napi=napi --napi_build_version=0 --node_napi_label=node-v83' (1)
npm WARN optional SKIPPING OPTIONAL DEPENDENCY: fsevents@~2.3.1 (node_modules/chokidar/node_modules/fsevents):
npm WARN notsup SKIPPING OPTIONAL DEPENDENCY: Unsupported platform for fsevents@2.3.2: wanted {"os":"darwin","arch":"any"} (current: {"os":"linux","arch":"x64"})

npm ERR! code ELIFECYCLE
npm ERR! errno 1
npm ERR! bcrypt@3.0.7 install: `node-pre-gyp install --fallback-to-build`
npm ERR! Exit status 1
npm ERR! 
npm ERR! Failed at the bcrypt@3.0.7 install script.
npm ERR! This is probably not a problem with npm. There is likely additional logging output above.

npm ERR! A complete log of this run can be found in:
npm ERR!     /github/home/.npm/_logs/2022-02-23T04_38_25_949Z-debug.log
npm WARN deprecated bcrypt@3.0.8: versions < v5.0.0 do not handle NUL in passwords properly
npm WARN deprecated node-pre-gyp@0.14.0: Please upgrade to @mapbox/node-pre-gyp: the non-scoped node-pre-gyp package is deprecated and only the @mapbox scoped package will recieve updates in the future

> bcrypt@3.0.8 install /__w/appoptics-apm-node/appoptics-apm-node/node_modules/bcrypt
> node-pre-gyp install --fallback-to-build

node-pre-gyp WARN Using request for node-pre-gyp https download 
node-pre-gyp WARN Pre-built binaries not installable for bcrypt@3.0.8 and node@14.19.0 (node-v83 ABI, glibc) (falling back to source compile with node-gyp) 
node-pre-gyp WARN Hit error EACCES: permission denied, mkdir '/__w/appoptics-apm-node/appoptics-apm-node/node_modules/bcrypt/lib' 
gyp ERR! configure error 
gyp ERR! stack Error: EACCES: permission denied, mkdir '/__w/appoptics-apm-node/appoptics-apm-node/node_modules/bcrypt/build'
gyp ERR! System Linux 5.11.0-1028-azure
gyp ERR! command "/__t/node/14.19.0/x64/bin/node" "/__t/node/14.19.0/x64/lib/node_modules/npm/node_modules/node-gyp/bin/node-gyp.js" "configure" "--fallback-to-build" "--module=/__w/appoptics-apm-node/appoptics-apm-node/node_modules/bcrypt/lib/binding/bcrypt_lib.node" "--module_name=bcrypt_lib" "--module_path=/__w/appoptics-apm-node/appoptics-apm-node/node_modules/bcrypt/lib/binding" "--napi_version=8" "--node_abi_napi=napi" "--napi_build_version=0" "--node_napi_label=node-v83"
gyp ERR! cwd /__w/appoptics-apm-node/appoptics-apm-node/node_modules/bcrypt
gyp ERR! node -v v14.19.0
gyp ERR! node-gyp -v v5.1.0
gyp ERR! not ok 
node-pre-gyp ERR! build error 
node-pre-gyp ERR! stack Error: Failed to execute '/__t/node/14.19.0/x64/bin/node /__t/node/14.19.0/x64/lib/node_modules/npm/node_modules/node-gyp/bin/node-gyp.js configure --fallback-to-build --module=/__w/appoptics-apm-node/appoptics-apm-node/node_modules/bcrypt/lib/binding/bcrypt_lib.node --module_name=bcrypt_lib --module_path=/__w/appoptics-apm-node/appoptics-apm-node/node_modules/bcrypt/lib/binding --napi_version=8 --node_abi_napi=napi --napi_build_version=0 --node_napi_label=node-v83' (1)
node-pre-gyp ERR! stack     at ChildProcess.<anonymous> (/__w/appoptics-apm-node/appoptics-apm-node/node_modules/bcrypt/node_modules/node-pre-gyp/lib/util/compile.js:83:29)
node-pre-gyp ERR! stack     at ChildProcess.emit (events.js:400:28)
node-pre-gyp ERR! stack     at maybeClose (internal/child_process.js:1058:16)
node-pre-gyp ERR! stack     at Process.ChildProcess._handle.onexit (internal/child_process.js:293:5)
node-pre-gyp ERR! System Linux 5.11.0-1028-azure
node-pre-gyp ERR! command "/__t/node/14.19.0/x64/bin/node" "/__w/appoptics-apm-node/appoptics-apm-node/node_modules/bcrypt/node_modules/.bin/node-pre-gyp" "install" "--fallback-to-build"
node-pre-gyp ERR! cwd /__w/appoptics-apm-node/appoptics-apm-node/node_modules/bcrypt
node-pre-gyp ERR! node -v v14.19.0
node-pre-gyp ERR! node-pre-gyp -v v0.14.0
node-pre-gyp ERR! not ok 
Failed to execute '/__t/node/14.19.0/x64/bin/node /__t/node/14.19.0/x64/lib/node_modules/npm/node_modules/node-gyp/bin/node-gyp.js configure --fallback-to-build --module=/__w/appoptics-apm-node/appoptics-apm-node/node_modules/bcrypt/lib/binding/bcrypt_lib.node --module_name=bcrypt_lib --module_path=/__w/appoptics-apm-node/appoptics-apm-node/node_modules/bcrypt/lib/binding --napi_version=8 --node_abi_napi=napi --napi_build_version=0 --node_napi_label=node-v83' (1)
npm WARN optional SKIPPING OPTIONAL DEPENDENCY: fsevents@~2.3.1 (node_modules/chokidar/node_modules/fsevents):
npm WARN notsup SKIPPING OPTIONAL DEPENDENCY: Unsupported platform for fsevents@2.3.2: wanted {"os":"darwin","arch":"any"} (current: {"os":"linux","arch":"x64"})

npm ERR! code ELIFECYCLE
npm ERR! errno 1
npm ERR! bcrypt@3.0.8 install: `node-pre-gyp install --fallback-to-build`
npm ERR! Exit status 1
npm ERR! 
npm ERR! Failed at the bcrypt@3.0.8 install script.
npm ERR! This is probably not a problem with npm. There is likely additional logging output above.

npm ERR! A complete log of this run can be found in:
npm ERR!     /github/home/.npm/_logs/2022-02-23T04_38_33_956Z-debug.log
npm WARN deprecated bcrypt@4.0.0: versions < v5.0.0 do not handle NUL in passwords properly
npm WARN deprecated node-pre-gyp@0.14.0: Please upgrade to @mapbox/node-pre-gyp: the non-scoped node-pre-gyp package is deprecated and only the @mapbox scoped package will recieve updates in the future

> bcrypt@4.0.0 install /__w/appoptics-apm-node/appoptics-apm-node/node_modules/bcrypt
> node-pre-gyp install --fallback-to-build

node-pre-gyp WARN Using request for node-pre-gyp https download 
node-pre-gyp WARN Pre-built binaries not installable for bcrypt@4.0.0 and node@14.19.0 (node-v83 ABI, glibc) (falling back to source compile with node-gyp) 
node-pre-gyp WARN Hit error EACCES: permission denied, mkdir '/__w/appoptics-apm-node/appoptics-apm-node/node_modules/bcrypt/lib' 
gyp ERR! configure error 
gyp ERR! stack Error: EACCES: permission denied, mkdir '/__w/appoptics-apm-node/appoptics-apm-node/node_modules/bcrypt/build'
gyp ERR! System Linux 5.11.0-1028-azure
gyp ERR! command "/__t/node/14.19.0/x64/bin/node" "/__t/node/14.19.0/x64/lib/node_modules/npm/node_modules/node-gyp/bin/node-gyp.js" "configure" "--fallback-to-build" "--module=/__w/appoptics-apm-node/appoptics-apm-node/node_modules/bcrypt/lib/binding/napi-v3/bcrypt_lib.node" "--module_name=bcrypt_lib" "--module_path=/__w/appoptics-apm-node/appoptics-apm-node/node_modules/bcrypt/lib/binding/napi-v3" "--napi_version=8" "--node_abi_napi=napi" "--napi_build_version=3" "--node_napi_label=napi-v3"
gyp ERR! cwd /__w/appoptics-apm-node/appoptics-apm-node/node_modules/bcrypt
gyp ERR! node -v v14.19.0
gyp ERR! node-gyp -v v5.1.0
gyp ERR! not ok 
node-pre-gyp ERR! build error 
node-pre-gyp ERR! stack Error: Failed to execute '/__t/node/14.19.0/x64/bin/node /__t/node/14.19.0/x64/lib/node_modules/npm/node_modules/node-gyp/bin/node-gyp.js configure --fallback-to-build --module=/__w/appoptics-apm-node/appoptics-apm-node/node_modules/bcrypt/lib/binding/napi-v3/bcrypt_lib.node --module_name=bcrypt_lib --module_path=/__w/appoptics-apm-node/appoptics-apm-node/node_modules/bcrypt/lib/binding/napi-v3 --napi_version=8 --node_abi_napi=napi --napi_build_version=3 --node_napi_label=napi-v3' (1)
node-pre-gyp ERR! stack     at ChildProcess.<anonymous> (/__w/appoptics-apm-node/appoptics-apm-node/node_modules/bcrypt/node_modules/node-pre-gyp/lib/util/compile.js:83:29)
node-pre-gyp ERR! stack     at ChildProcess.emit (events.js:400:28)
node-pre-gyp ERR! stack     at maybeClose (internal/child_process.js:1058:16)
node-pre-gyp ERR! stack     at Process.ChildProcess._handle.onexit (internal/child_process.js:293:5)
node-pre-gyp ERR! System Linux 5.11.0-1028-azure
node-pre-gyp ERR! command "/__t/node/14.19.0/x64/bin/node" "/__w/appoptics-apm-node/appoptics-apm-node/node_modules/bcrypt/node_modules/.bin/node-pre-gyp" "install" "--fallback-to-build"
node-pre-gyp ERR! cwd /__w/appoptics-apm-node/appoptics-apm-node/node_modules/bcrypt
node-pre-gyp ERR! node -v v14.19.0
node-pre-gyp ERR! node-pre-gyp -v v0.14.0
node-pre-gyp ERR! not ok 
Failed to execute '/__t/node/14.19.0/x64/bin/node /__t/node/14.19.0/x64/lib/node_modules/npm/node_modules/node-gyp/bin/node-gyp.js configure --fallback-to-build --module=/__w/appoptics-apm-node/appoptics-apm-node/node_modules/bcrypt/lib/binding/napi-v3/bcrypt_lib.node --module_name=bcrypt_lib --module_path=/__w/appoptics-apm-node/appoptics-apm-node/node_modules/bcrypt/lib/binding/napi-v3 --napi_version=8 --node_abi_napi=napi --napi_build_version=3 --node_napi_label=napi-v3' (1)
npm WARN optional SKIPPING OPTIONAL DEPENDENCY: fsevents@~2.3.1 (node_modules/chokidar/node_modules/fsevents):
npm WARN notsup SKIPPING OPTIONAL DEPENDENCY: Unsupported platform for fsevents@2.3.2: wanted {"os":"darwin","arch":"any"} (current: {"os":"linux","arch":"x64"})

npm ERR! code ELIFECYCLE
npm ERR! errno 1
npm ERR! bcrypt@4.0.0 install: `node-pre-gyp install --fallback-to-build`
npm ERR! Exit status 1
npm ERR! 
npm ERR! Failed at the bcrypt@4.0.0 install script.
npm ERR! This is probably not a problem with npm. There is likely additional logging output above.

npm ERR! A complete log of this run can be found in:
npm ERR!     /github/home/.npm/_logs/2022-02-23T04_38_41_390Z-debug.log
npm WARN deprecated bcrypt@4.0.1: versions < v5.0.0 do not handle NUL in passwords properly
npm WARN deprecated node-pre-gyp@0.14.0: Please upgrade to @mapbox/node-pre-gyp: the non-scoped node-pre-gyp package is deprecated and only the @mapbox scoped package will recieve updates in the future

> bcrypt@4.0.1 install /__w/appoptics-apm-node/appoptics-apm-node/node_modules/bcrypt
> node-pre-gyp install --fallback-to-build

node-pre-gyp WARN Using request for node-pre-gyp https download 
node-pre-gyp WARN Pre-built binaries not installable for bcrypt@4.0.1 and node@14.19.0 (node-v83 ABI, glibc) (falling back to source compile with node-gyp) 
node-pre-gyp WARN Hit error EACCES: permission denied, mkdir '/__w/appoptics-apm-node/appoptics-apm-node/node_modules/bcrypt/lib' 
gyp ERR! configure error 
gyp ERR! stack Error: EACCES: permission denied, mkdir '/__w/appoptics-apm-node/appoptics-apm-node/node_modules/bcrypt/build'
gyp ERR! System Linux 5.11.0-1028-azure
gyp ERR! command "/__t/node/14.19.0/x64/bin/node" "/__t/node/14.19.0/x64/lib/node_modules/npm/node_modules/node-gyp/bin/node-gyp.js" "configure" "--fallback-to-build" "--module=/__w/appoptics-apm-node/appoptics-apm-node/node_modules/bcrypt/lib/binding/napi-v3/bcrypt_lib.node" "--module_name=bcrypt_lib" "--module_path=/__w/appoptics-apm-node/appoptics-apm-node/node_modules/bcrypt/lib/binding/napi-v3" "--napi_version=8" "--node_abi_napi=napi" "--napi_build_version=3" "--node_napi_label=napi-v3"
gyp ERR! cwd /__w/appoptics-apm-node/appoptics-apm-node/node_modules/bcrypt
gyp ERR! node -v v14.19.0
gyp ERR! node-gyp -v v5.1.0
gyp ERR! not ok 
node-pre-gyp ERR! build error 
node-pre-gyp ERR! stack Error: Failed to execute '/__t/node/14.19.0/x64/bin/node /__t/node/14.19.0/x64/lib/node_modules/npm/node_modules/node-gyp/bin/node-gyp.js configure --fallback-to-build --module=/__w/appoptics-apm-node/appoptics-apm-node/node_modules/bcrypt/lib/binding/napi-v3/bcrypt_lib.node --module_name=bcrypt_lib --module_path=/__w/appoptics-apm-node/appoptics-apm-node/node_modules/bcrypt/lib/binding/napi-v3 --napi_version=8 --node_abi_napi=napi --napi_build_version=3 --node_napi_label=napi-v3' (1)
node-pre-gyp ERR! stack     at ChildProcess.<anonymous> (/__w/appoptics-apm-node/appoptics-apm-node/node_modules/bcrypt/node_modules/node-pre-gyp/lib/util/compile.js:83:29)
node-pre-gyp ERR! stack     at ChildProcess.emit (events.js:400:28)
node-pre-gyp ERR! stack     at maybeClose (internal/child_process.js:1058:16)
node-pre-gyp ERR! stack     at Process.ChildProcess._handle.onexit (internal/child_process.js:293:5)
node-pre-gyp ERR! System Linux 5.11.0-1028-azure
node-pre-gyp ERR! command "/__t/node/14.19.0/x64/bin/node" "/__w/appoptics-apm-node/appoptics-apm-node/node_modules/bcrypt/node_modules/.bin/node-pre-gyp" "install" "--fallback-to-build"
node-pre-gyp ERR! cwd /__w/appoptics-apm-node/appoptics-apm-node/node_modules/bcrypt
node-pre-gyp ERR! node -v v14.19.0
node-pre-gyp ERR! node-pre-gyp -v v0.14.0
node-pre-gyp ERR! not ok 
Failed to execute '/__t/node/14.19.0/x64/bin/node /__t/node/14.19.0/x64/lib/node_modules/npm/node_modules/node-gyp/bin/node-gyp.js configure --fallback-to-build --module=/__w/appoptics-apm-node/appoptics-apm-node/node_modules/bcrypt/lib/binding/napi-v3/bcrypt_lib.node --module_name=bcrypt_lib --module_path=/__w/appoptics-apm-node/appoptics-apm-node/node_modules/bcrypt/lib/binding/napi-v3 --napi_version=8 --node_abi_napi=napi --napi_build_version=3 --node_napi_label=napi-v3' (1)
npm WARN optional SKIPPING OPTIONAL DEPENDENCY: fsevents@~2.3.1 (node_modules/chokidar/node_modules/fsevents):
npm WARN notsup SKIPPING OPTIONAL DEPENDENCY: Unsupported platform for fsevents@2.3.2: wanted {"os":"darwin","arch":"any"} (current: {"os":"linux","arch":"x64"})

npm ERR! code ELIFECYCLE
npm ERR! errno 1
npm ERR! bcrypt@4.0.1 install: `node-pre-gyp install --fallback-to-build`
npm ERR! Exit status 1
npm ERR! 
npm ERR! Failed at the bcrypt@4.0.1 install script.
npm ERR! This is probably not a problem with npm. There is likely additional logging output above.

npm ERR! A complete log of this run can be found in:
npm ERR!     /github/home/.npm/_logs/2022-02-23T04_38_47_846Z-debug.log
npm WARN deprecated node-pre-gyp@0.15.0: Please upgrade to @mapbox/node-pre-gyp: the non-scoped node-pre-gyp package is deprecated and only the @mapbox scoped package will recieve updates in the future

> bcrypt@5.0.0 install /__w/appoptics-apm-node/appoptics-apm-node/node_modules/bcrypt
> node-pre-gyp install --fallback-to-build

node-pre-gyp WARN Using request for node-pre-gyp https download 
node-pre-gyp WARN Pre-built binaries not installable for bcrypt@5.0.0 and node@14.19.0 (node-v83 ABI, glibc) (falling back to source compile with node-gyp) 
node-pre-gyp WARN Hit error EACCES: permission denied, mkdir '/__w/appoptics-apm-node/appoptics-apm-node/node_modules/bcrypt/lib' 
gyp ERR! configure error 
gyp ERR! stack Error: EACCES: permission denied, mkdir '/__w/appoptics-apm-node/appoptics-apm-node/node_modules/bcrypt/build'
gyp ERR! System Linux 5.11.0-1028-azure
gyp ERR! command "/__t/node/14.19.0/x64/bin/node" "/__t/node/14.19.0/x64/lib/node_modules/npm/node_modules/node-gyp/bin/node-gyp.js" "configure" "--fallback-to-build" "--module=/__w/appoptics-apm-node/appoptics-apm-node/node_modules/bcrypt/lib/binding/napi-v3/bcrypt_lib.node" "--module_name=bcrypt_lib" "--module_path=/__w/appoptics-apm-node/appoptics-apm-node/node_modules/bcrypt/lib/binding/napi-v3" "--napi_version=8" "--node_abi_napi=napi" "--napi_build_version=3" "--node_napi_label=napi-v3"
gyp ERR! cwd /__w/appoptics-apm-node/appoptics-apm-node/node_modules/bcrypt
gyp ERR! node -v v14.19.0
gyp ERR! node-gyp -v v5.1.0
gyp ERR! not ok 
node-pre-gyp ERR! build error 
node-pre-gyp ERR! stack Error: Failed to execute '/__t/node/14.19.0/x64/bin/node /__t/node/14.19.0/x64/lib/node_modules/npm/node_modules/node-gyp/bin/node-gyp.js configure --fallback-to-build --module=/__w/appoptics-apm-node/appoptics-apm-node/node_modules/bcrypt/lib/binding/napi-v3/bcrypt_lib.node --module_name=bcrypt_lib --module_path=/__w/appoptics-apm-node/appoptics-apm-node/node_modules/bcrypt/lib/binding/napi-v3 --napi_version=8 --node_abi_napi=napi --napi_build_version=3 --node_napi_label=napi-v3' (1)
node-pre-gyp ERR! stack     at ChildProcess.<anonymous> (/__w/appoptics-apm-node/appoptics-apm-node/node_modules/bcrypt/node_modules/node-pre-gyp/lib/util/compile.js:83:29)
node-pre-gyp ERR! stack     at ChildProcess.emit (events.js:400:28)
node-pre-gyp ERR! stack     at maybeClose (internal/child_process.js:1058:16)
node-pre-gyp ERR! stack     at Process.ChildProcess._handle.onexit (internal/child_process.js:293:5)
node-pre-gyp ERR! System Linux 5.11.0-1028-azure
node-pre-gyp ERR! command "/__t/node/14.19.0/x64/bin/node" "/__w/appoptics-apm-node/appoptics-apm-node/node_modules/bcrypt/node_modules/.bin/node-pre-gyp" "install" "--fallback-to-build"
node-pre-gyp ERR! cwd /__w/appoptics-apm-node/appoptics-apm-node/node_modules/bcrypt
node-pre-gyp ERR! node -v v14.19.0
node-pre-gyp ERR! node-pre-gyp -v v0.15.0
node-pre-gyp ERR! not ok 
Failed to execute '/__t/node/14.19.0/x64/bin/node /__t/node/14.19.0/x64/lib/node_modules/npm/node_modules/node-gyp/bin/node-gyp.js configure --fallback-to-build --module=/__w/appoptics-apm-node/appoptics-apm-node/node_modules/bcrypt/lib/binding/napi-v3/bcrypt_lib.node --module_name=bcrypt_lib --module_path=/__w/appoptics-apm-node/appoptics-apm-node/node_modules/bcrypt/lib/binding/napi-v3 --napi_version=8 --node_abi_napi=napi --napi_build_version=3 --node_napi_label=napi-v3' (1)
npm WARN optional SKIPPING OPTIONAL DEPENDENCY: fsevents@~2.3.1 (node_modules/chokidar/node_modules/fsevents):
npm WARN notsup SKIPPING OPTIONAL DEPENDENCY: Unsupported platform for fsevents@2.3.2: wanted {"os":"darwin","arch":"any"} (current: {"os":"linux","arch":"x64"})

npm ERR! code ELIFECYCLE
npm ERR! errno 1
npm ERR! bcrypt@5.0.0 install: `node-pre-gyp install --fallback-to-build`
npm ERR! Exit status 1
npm ERR! 
npm ERR! Failed at the bcrypt@5.0.0 install script.
npm ERR! This is probably not a problem with npm. There is likely additional logging output above.

npm ERR! A complete log of this run can be found in:
npm ERR!     /github/home/.npm/_logs/2022-02-23T04_38_56_228Z-debug.log

> bcrypt@5.0.1 install /__w/appoptics-apm-node/appoptics-apm-node/node_modules/bcrypt
> node-pre-gyp install --fallback-to-build

node-pre-gyp WARN Pre-built binaries not installable for bcrypt@5.0.1 and node@14.19.0 (node-v83 ABI, glibc) (falling back to source compile with node-gyp) 
node-pre-gyp WARN Hit error EACCES: permission denied, mkdir '/__w/appoptics-apm-node/appoptics-apm-node/node_modules/bcrypt/lib' 
gyp ERR! configure error 
gyp ERR! stack Error: EACCES: permission denied, mkdir '/__w/appoptics-apm-node/appoptics-apm-node/node_modules/bcrypt/build'
gyp ERR! System Linux 5.11.0-1028-azure
gyp ERR! command "/__t/node/14.19.0/x64/bin/node" "/__t/node/14.19.0/x64/lib/node_modules/npm/node_modules/node-gyp/bin/node-gyp.js" "configure" "--fallback-to-build" "--module=/__w/appoptics-apm-node/appoptics-apm-node/node_modules/bcrypt/lib/binding/napi-v3/bcrypt_lib.node" "--module_name=bcrypt_lib" "--module_path=/__w/appoptics-apm-node/appoptics-apm-node/node_modules/bcrypt/lib/binding/napi-v3" "--napi_version=8" "--node_abi_napi=napi" "--napi_build_version=3" "--node_napi_label=napi-v3"
gyp ERR! cwd /__w/appoptics-apm-node/appoptics-apm-node/node_modules/bcrypt
gyp ERR! node -v v14.19.0
gyp ERR! node-gyp -v v5.1.0
gyp ERR! not ok 
node-pre-gyp ERR! build error 
node-pre-gyp ERR! stack Error: Failed to execute '/__t/node/14.19.0/x64/bin/node /__t/node/14.19.0/x64/lib/node_modules/npm/node_modules/node-gyp/bin/node-gyp.js configure --fallback-to-build --module=/__w/appoptics-apm-node/appoptics-apm-node/node_modules/bcrypt/lib/binding/napi-v3/bcrypt_lib.node --module_name=bcrypt_lib --module_path=/__w/appoptics-apm-node/appoptics-apm-node/node_modules/bcrypt/lib/binding/napi-v3 --napi_version=8 --node_abi_napi=napi --napi_build_version=3 --node_napi_label=napi-v3' (1)
node-pre-gyp ERR! stack     at ChildProcess.<anonymous> (/__w/appoptics-apm-node/appoptics-apm-node/node_modules/@mapbox/node-pre-gyp/lib/util/compile.js:89:23)
node-pre-gyp ERR! stack     at ChildProcess.emit (events.js:400:28)
node-pre-gyp ERR! stack     at maybeClose (internal/child_process.js:1058:16)
node-pre-gyp ERR! stack     at Process.ChildProcess._handle.onexit (internal/child_process.js:293:5)
node-pre-gyp ERR! System Linux 5.11.0-1028-azure
node-pre-gyp ERR! command "/__t/node/14.19.0/x64/bin/node" "/__w/appoptics-apm-node/appoptics-apm-node/node_modules/.bin/node-pre-gyp" "install" "--fallback-to-build"
node-pre-gyp ERR! cwd /__w/appoptics-apm-node/appoptics-apm-node/node_modules/bcrypt
node-pre-gyp ERR! node -v v14.19.0
node-pre-gyp ERR! node-pre-gyp -v v1.0.8
node-pre-gyp ERR! not ok 
Failed to execute '/__t/node/14.19.0/x64/bin/node /__t/node/14.19.0/x64/lib/node_modules/npm/node_modules/node-gyp/bin/node-gyp.js configure --fallback-to-build --module=/__w/appoptics-apm-node/appoptics-apm-node/node_modules/bcrypt/lib/binding/napi-v3/bcrypt_lib.node --module_name=bcrypt_lib --module_path=/__w/appoptics-apm-node/appoptics-apm-node/node_modules/bcrypt/lib/binding/napi-v3 --napi_version=8 --node_abi_napi=napi --napi_build_version=3 --node_napi_label=napi-v3' (1)
npm WARN optional SKIPPING OPTIONAL DEPENDENCY: fsevents@~2.3.1 (node_modules/chokidar/node_modules/fsevents):
npm WARN notsup SKIPPING OPTIONAL DEPENDENCY: Unsupported platform for fsevents@2.3.2: wanted {"os":"darwin","arch":"any"} (current: {"os":"linux","arch":"x64"})

npm ERR! code ELIFECYCLE
npm ERR! errno 1
npm ERR! bcrypt@5.0.1 install: `node-pre-gyp install --fallback-to-build`
npm ERR! Exit status 1
npm ERR! 
npm ERR! Failed at the bcrypt@5.0.1 install script.
npm ERR! This is probably not a problem with npm. There is likely additional logging output above.

npm ERR! A complete log of this run can be found in:
npm ERR!     /github/home/.npm/_logs/2022-02-23T04_39_01_731Z-debug.log

> bcrypt@5.0.1 install /__w/appoptics-apm-node/appoptics-apm-node/node_modules/bcrypt
> node-pre-gyp install --fallback-to-build

node-pre-gyp WARN Pre-built binaries not installable for bcrypt@5.0.1 and node@14.19.0 (node-v83 ABI, glibc) (falling back to source compile with node-gyp) 
node-pre-gyp WARN Hit error EACCES: permission denied, mkdir '/__w/appoptics-apm-node/appoptics-apm-node/node_modules/bcrypt/lib' 
gyp ERR! configure error 
gyp ERR! stack Error: EACCES: permission denied, mkdir '/__w/appoptics-apm-node/appoptics-apm-node/node_modules/bcrypt/build'
gyp ERR! System Linux 5.11.0-1028-azure
gyp ERR! command "/__t/node/14.19.0/x64/bin/node" "/__t/node/14.19.0/x64/lib/node_modules/npm/node_modules/node-gyp/bin/node-gyp.js" "configure" "--fallback-to-build" "--module=/__w/appoptics-apm-node/appoptics-apm-node/node_modules/bcrypt/lib/binding/napi-v3/bcrypt_lib.node" "--module_name=bcrypt_lib" "--module_path=/__w/appoptics-apm-node/appoptics-apm-node/node_modules/bcrypt/lib/binding/napi-v3" "--napi_version=8" "--node_abi_napi=napi" "--napi_build_version=3" "--node_napi_label=napi-v3"
gyp ERR! cwd /__w/appoptics-apm-node/appoptics-apm-node/node_modules/bcrypt
gyp ERR! node -v v14.19.0
gyp ERR! node-gyp -v v5.1.0
gyp ERR! not ok 
node-pre-gyp ERR! build error 
node-pre-gyp ERR! stack Error: Failed to execute '/__t/node/14.19.0/x64/bin/node /__t/node/14.19.0/x64/lib/node_modules/npm/node_modules/node-gyp/bin/node-gyp.js configure --fallback-to-build --module=/__w/appoptics-apm-node/appoptics-apm-node/node_modules/bcrypt/lib/binding/napi-v3/bcrypt_lib.node --module_name=bcrypt_lib --module_path=/__w/appoptics-apm-node/appoptics-apm-node/node_modules/bcrypt/lib/binding/napi-v3 --napi_version=8 --node_abi_napi=napi --napi_build_version=3 --node_napi_label=napi-v3' (1)
node-pre-gyp ERR! stack     at ChildProcess.<anonymous> (/__w/appoptics-apm-node/appoptics-apm-node/node_modules/@mapbox/node-pre-gyp/lib/util/compile.js:89:23)
node-pre-gyp ERR! stack     at ChildProcess.emit (events.js:400:28)
node-pre-gyp ERR! stack     at maybeClose (internal/child_process.js:1058:16)
node-pre-gyp ERR! stack     at Process.ChildProcess._handle.onexit (internal/child_process.js:293:5)
node-pre-gyp ERR! System Linux 5.11.0-1028-azure
node-pre-gyp ERR! command "/__t/node/14.19.0/x64/bin/node" "/__w/appoptics-apm-node/appoptics-apm-node/node_modules/.bin/node-pre-gyp" "install" "--fallback-to-build"
node-pre-gyp ERR! cwd /__w/appoptics-apm-node/appoptics-apm-node/node_modules/bcrypt
node-pre-gyp ERR! node -v v14.19.0
node-pre-gyp ERR! node-pre-gyp -v v1.0.8
node-pre-gyp ERR! not ok 
Failed to execute '/__t/node/14.19.0/x64/bin/node /__t/node/14.19.0/x64/lib/node_modules/npm/node_modules/node-gyp/bin/node-gyp.js configure --fallback-to-build --module=/__w/appoptics-apm-node/appoptics-apm-node/node_modules/bcrypt/lib/binding/napi-v3/bcrypt_lib.node --module_name=bcrypt_lib --module_path=/__w/appoptics-apm-node/appoptics-apm-node/node_modules/bcrypt/lib/binding/napi-v3 --napi_version=8 --node_abi_napi=napi --napi_build_version=3 --node_napi_label=napi-v3' (1)
npm WARN optional SKIPPING OPTIONAL DEPENDENCY: fsevents@~2.3.1 (node_modules/chokidar/node_modules/fsevents):
npm WARN notsup SKIPPING OPTIONAL DEPENDENCY: Unsupported platform for fsevents@2.3.2: wanted {"os":"darwin","arch":"any"} (current: {"os":"linux","arch":"x64"})

npm ERR! code ELIFECYCLE
npm ERR! errno 1
npm ERR! bcrypt@5.0.1 install: `node-pre-gyp install --fallback-to-build`
npm ERR! Exit status 1
npm ERR! 
npm ERR! Failed at the bcrypt@5.0.1 install script.
npm ERR! This is probably not a problem with npm. There is likely additional logging output above.

npm ERR! A complete log of this run can be found in:
npm ERR!     /github/home/.npm/_logs/2022-02-23T04_39_08_214Z-debug.log
