npm WARN deprecated oracledb@2.0.14: Update to node-oracledb 5

> oracledb@2.0.14 install /__w/appoptics-apm-node/appoptics-apm-node/node_modules/oracledb
> node package/oracledbinstall.js

oracledb Beginning installation
oracledb Verifying installation
oracledb Binary not found
oracledb Continuing installation
oracledb [31mERR![0m NJS-054: Binary build/Release/oracledb.node was not installed from oracledb-v2.0.14-node-v83-linux-x64.gz
oracledb [31mERR![0m EACCES: permission denied, mkdir 'build'
oracledb [31mERR![0m If the error is not network or filesystem related, then review 
oracledb [31mERR![0m the Python 2.7 and compiler prerequisites in the installation instructions and
oracledb [31mERR![0m then install from source code with: npm install oracle/node-oracledb.git#v2.0.14
oracledb [31mERR![0m See https://github.com/oracle/node-oracledb/blob/master/INSTALL.md 

npm WARN optional SKIPPING OPTIONAL DEPENDENCY: fsevents@~2.3.1 (node_modules/chokidar/node_modules/fsevents):
npm WARN notsup SKIPPING OPTIONAL DEPENDENCY: Unsupported platform for fsevents@2.3.2: wanted {"os":"darwin","arch":"any"} (current: {"os":"linux","arch":"x64"})

npm ERR! code ELIFECYCLE
npm ERR! errno 87
npm ERR! oracledb@2.0.14 install: `node package/oracledbinstall.js`
npm ERR! Exit status 87
npm ERR! 
npm ERR! Failed at the oracledb@2.0.14 install script.
npm ERR! This is probably not a problem with npm. There is likely additional logging output above.

npm ERR! A complete log of this run can be found in:
npm ERR!     /github/home/.npm/_logs/2021-09-13T19_03_29_513Z-debug.log
npm WARN deprecated oracledb@2.0.15: Update to node-oracledb 5

> oracledb@2.0.15 install /__w/appoptics-apm-node/appoptics-apm-node/node_modules/oracledb
> node package/oracledbinstall.js

oracledb Beginning installation
oracledb Verifying installation
oracledb Binary not found
oracledb Continuing installation
oracledb [31mERR![0m NJS-054: Binary build/Release/oracledb.node was not installed from oracledb-v2.0.15-node-v83-linux-x64.gz
oracledb [31mERR![0m EACCES: permission denied, mkdir 'build'
oracledb [31mERR![0m If the error is not network or filesystem related, then review 
oracledb [31mERR![0m the Python 2.7 and compiler prerequisites in the installation instructions and
oracledb [31mERR![0m then install from source code with: npm install oracle/node-oracledb.git#v2.0.15
oracledb [31mERR![0m See https://github.com/oracle/node-oracledb/blob/master/INSTALL.md 

npm WARN optional SKIPPING OPTIONAL DEPENDENCY: fsevents@~2.3.1 (node_modules/chokidar/node_modules/fsevents):
npm WARN notsup SKIPPING OPTIONAL DEPENDENCY: Unsupported platform for fsevents@2.3.2: wanted {"os":"darwin","arch":"any"} (current: {"os":"linux","arch":"x64"})

npm ERR! code ELIFECYCLE
npm ERR! errno 87
npm ERR! oracledb@2.0.15 install: `node package/oracledbinstall.js`
npm ERR! Exit status 87
npm ERR! 
npm ERR! Failed at the oracledb@2.0.15 install script.
npm ERR! This is probably not a problem with npm. There is likely additional logging output above.

npm ERR! A complete log of this run can be found in:
npm ERR!     /github/home/.npm/_logs/2021-09-13T19_03_36_682Z-debug.log
npm WARN deprecated oracledb@2.1.0: Update to node-oracledb 5

> oracledb@2.1.0 install /__w/appoptics-apm-node/appoptics-apm-node/node_modules/oracledb
> node package/oracledbinstall.js

oracledb Beginning installation
oracledb Verifying installation
oracledb Binary not found
oracledb Continuing installation
oracledb [31mERR![0m NJS-054: Binary build/Release/oracledb.node was not installed from oracledb-v2.1.0-node-v83-linux-x64.gz
oracledb [31mERR![0m EACCES: permission denied, mkdir 'build'
oracledb [31mERR![0m If the error is not network or filesystem related, then review 
oracledb [31mERR![0m the Python 2.7 and compiler prerequisites in the installation instructions and
oracledb [31mERR![0m then install from source code with: npm install oracle/node-oracledb.git#v2.1.0
oracledb [31mERR![0m See https://github.com/oracle/node-oracledb/blob/master/INSTALL.md 

npm WARN optional SKIPPING OPTIONAL DEPENDENCY: fsevents@~2.3.1 (node_modules/chokidar/node_modules/fsevents):
npm WARN notsup SKIPPING OPTIONAL DEPENDENCY: Unsupported platform for fsevents@2.3.2: wanted {"os":"darwin","arch":"any"} (current: {"os":"linux","arch":"x64"})

npm ERR! code ELIFECYCLE
npm ERR! errno 87
npm ERR! oracledb@2.1.0 install: `node package/oracledbinstall.js`
npm ERR! Exit status 87
npm ERR! 
npm ERR! Failed at the oracledb@2.1.0 install script.
npm ERR! This is probably not a problem with npm. There is likely additional logging output above.

npm ERR! A complete log of this run can be found in:
npm ERR!     /github/home/.npm/_logs/2021-09-13T19_03_42_813Z-debug.log
npm WARN deprecated oracledb@2.1.1: Update to node-oracledb 5

> oracledb@2.1.1 install /__w/appoptics-apm-node/appoptics-apm-node/node_modules/oracledb
> node package/oracledbinstall.js

oracledb Beginning installation
oracledb Verifying installation
oracledb Binary not found
oracledb Continuing installation
oracledb [31mERR![0m NJS-054: Binary build/Release/oracledb.node was not installed from oracledb-v2.1.1-node-v83-linux-x64.gz
oracledb [31mERR![0m EACCES: permission denied, mkdir 'build'
oracledb [31mERR![0m If the error is not network or filesystem related, then review 
oracledb [31mERR![0m the Python 2.7 and compiler prerequisites in the installation instructions and
oracledb [31mERR![0m then install from source code with: npm install oracle/node-oracledb.git#v2.1.1
oracledb [31mERR![0m See https://github.com/oracle/node-oracledb/blob/master/INSTALL.md 

npm WARN optional SKIPPING OPTIONAL DEPENDENCY: fsevents@~2.3.1 (node_modules/chokidar/node_modules/fsevents):
npm WARN notsup SKIPPING OPTIONAL DEPENDENCY: Unsupported platform for fsevents@2.3.2: wanted {"os":"darwin","arch":"any"} (current: {"os":"linux","arch":"x64"})

npm ERR! code ELIFECYCLE
npm ERR! errno 87
npm ERR! oracledb@2.1.1 install: `node package/oracledbinstall.js`
npm ERR! Exit status 87
npm ERR! 
npm ERR! Failed at the oracledb@2.1.1 install script.
npm ERR! This is probably not a problem with npm. There is likely additional logging output above.

npm ERR! A complete log of this run can be found in:
npm ERR!     /github/home/.npm/_logs/2021-09-13T19_03_50_580Z-debug.log
npm WARN deprecated oracledb@2.1.2: Update to node-oracledb 5

> oracledb@2.1.2 install /__w/appoptics-apm-node/appoptics-apm-node/node_modules/oracledb
> node package/oracledbinstall.js

oracledb Beginning installation
oracledb Verifying installation
oracledb Binary not found
oracledb Continuing installation
oracledb [31mERR![0m NJS-054: Binary build/Release/oracledb.node was not installed from oracledb-v2.1.2-node-v83-linux-x64.gz
oracledb [31mERR![0m EACCES: permission denied, mkdir 'build'
oracledb [31mERR![0m If the error is not network or filesystem related, then review 
oracledb [31mERR![0m the Python 2.7 and compiler prerequisites in the installation instructions and
oracledb [31mERR![0m then install from source code with: npm install oracle/node-oracledb.git#v2.1.2
oracledb [31mERR![0m See https://github.com/oracle/node-oracledb/blob/master/INSTALL.md 

npm WARN optional SKIPPING OPTIONAL DEPENDENCY: fsevents@~2.3.1 (node_modules/chokidar/node_modules/fsevents):
npm WARN notsup SKIPPING OPTIONAL DEPENDENCY: Unsupported platform for fsevents@2.3.2: wanted {"os":"darwin","arch":"any"} (current: {"os":"linux","arch":"x64"})

npm ERR! code ELIFECYCLE
npm ERR! errno 87
npm ERR! oracledb@2.1.2 install: `node package/oracledbinstall.js`
npm ERR! Exit status 87
npm ERR! 
npm ERR! Failed at the oracledb@2.1.2 install script.
npm ERR! This is probably not a problem with npm. There is likely additional logging output above.

npm ERR! A complete log of this run can be found in:
npm ERR!     /github/home/.npm/_logs/2021-09-13T19_03_56_870Z-debug.log
npm WARN deprecated oracledb@2.2.0: Update to node-oracledb 5

> oracledb@2.2.0 install /__w/appoptics-apm-node/appoptics-apm-node/node_modules/oracledb
> node package/oracledbinstall.js

oracledb Beginning installation
oracledb Verifying installation
oracledb Continuing installation
oracledb [31mERR![0m NJS-054: Binary build/Release/oracledb.node was not installed.
oracledb [31mERR![0m Pre-built binary packages are not available for this version of Node.js (NODE_MODULE_VERSION="83")
oracledb [31mERR![0m Failed to install binary package oracledb-v2.2.0-node-v83-linux-x64.gz
oracledb [31mERR![0m EACCES: permission denied, mkdir 'build'
oracledb [31mERR![0m For help see https://oracle.github.io/node-oracledb/INSTALL.html#troubleshooting

npm WARN optional SKIPPING OPTIONAL DEPENDENCY: fsevents@~2.3.1 (node_modules/chokidar/node_modules/fsevents):
npm WARN notsup SKIPPING OPTIONAL DEPENDENCY: Unsupported platform for fsevents@2.3.2: wanted {"os":"darwin","arch":"any"} (current: {"os":"linux","arch":"x64"})

npm ERR! code ELIFECYCLE
npm ERR! errno 87
npm ERR! oracledb@2.2.0 install: `node package/oracledbinstall.js`
npm ERR! Exit status 87
npm ERR! 
npm ERR! Failed at the oracledb@2.2.0 install script.
npm ERR! This is probably not a problem with npm. There is likely additional logging output above.

npm ERR! A complete log of this run can be found in:
npm ERR!     /github/home/.npm/_logs/2021-09-13T19_04_04_354Z-debug.log
npm WARN deprecated oracledb@2.3.0: Update to node-oracledb 5

> oracledb@2.3.0 install /__w/appoptics-apm-node/appoptics-apm-node/node_modules/oracledb
> node package/oracledbinstall.js

oracledb Beginning installation
oracledb Verifying installation
oracledb Continuing installation
oracledb [31mERR![0m NJS-054: Binary build/Release/oracledb.node was not installed.
oracledb [31mERR![0m Pre-built binary packages are not available for this version of Node.js (NODE_MODULE_VERSION="83")
oracledb [31mERR![0m Failed to install binary package oracledb-v2.3.0-node-v83-linux-x64.gz
oracledb [31mERR![0m EACCES: permission denied, mkdir 'build'
oracledb [31mERR![0m For help see https://oracle.github.io/node-oracledb/INSTALL.html#troubleshooting

npm WARN optional SKIPPING OPTIONAL DEPENDENCY: fsevents@~2.3.1 (node_modules/chokidar/node_modules/fsevents):
npm WARN notsup SKIPPING OPTIONAL DEPENDENCY: Unsupported platform for fsevents@2.3.2: wanted {"os":"darwin","arch":"any"} (current: {"os":"linux","arch":"x64"})

npm ERR! code ELIFECYCLE
npm ERR! errno 87
npm ERR! oracledb@2.3.0 install: `node package/oracledbinstall.js`
npm ERR! Exit status 87
npm ERR! 
npm ERR! Failed at the oracledb@2.3.0 install script.
npm ERR! This is probably not a problem with npm. There is likely additional logging output above.

npm ERR! A complete log of this run can be found in:
npm ERR!     /github/home/.npm/_logs/2021-09-13T19_04_11_075Z-debug.log
npm WARN deprecated oracledb@3.0.0: Update to node-oracledb 5

> oracledb@3.0.0 install /__w/appoptics-apm-node/appoptics-apm-node/node_modules/oracledb
> node package/oracledbinstall.js

oracledb Beginning installation
oracledb Verifying installation
oracledb Continuing installation
oracledb [31mERR![0m NJS-054: Binary build/Release/oracledb.node was not installed.
oracledb [31mERR![0m Pre-built binary packages are not available for this version of Node.js (NODE_MODULE_VERSION="83")
oracledb [31mERR![0m Failed to install binary package oracledb-v3.0.0-node-abi83-linux-x64.gz
oracledb [31mERR![0m EACCES: permission denied, mkdir 'build'
oracledb [31mERR![0m For help see https://oracle.github.io/node-oracledb/INSTALL.html#troubleshooting

npm WARN optional SKIPPING OPTIONAL DEPENDENCY: fsevents@~2.3.1 (node_modules/chokidar/node_modules/fsevents):
npm WARN notsup SKIPPING OPTIONAL DEPENDENCY: Unsupported platform for fsevents@2.3.2: wanted {"os":"darwin","arch":"any"} (current: {"os":"linux","arch":"x64"})

npm ERR! code ELIFECYCLE
npm ERR! errno 87
npm ERR! oracledb@3.0.0 install: `node package/oracledbinstall.js`
npm ERR! Exit status 87
npm ERR! 
npm ERR! Failed at the oracledb@3.0.0 install script.
npm ERR! This is probably not a problem with npm. There is likely additional logging output above.

npm ERR! A complete log of this run can be found in:
npm ERR!     /github/home/.npm/_logs/2021-09-13T19_04_17_719Z-debug.log
npm WARN deprecated oracledb@3.0.1: Update to node-oracledb 5

> oracledb@3.0.1 install /__w/appoptics-apm-node/appoptics-apm-node/node_modules/oracledb
> node package/oracledbinstall.js

oracledb Beginning installation
oracledb [31mERR![0m NJS-054: Binary build/Release/oracledb.node was not installed.
oracledb [31mERR![0m Pre-built binary packages are not available for Node.js v14.17.6 (NODE_MODULE_VERSION="83")
oracledb [31mERR![0m Failed to install binary package oracledb-v3.0.1-node-abi83-linux-x64.gz
oracledb [31mERR![0m EACCES: permission denied, mkdir 'build'
oracledb [31mERR![0m For help see https://oracle.github.io/node-oracledb/INSTALL.html#troubleshooting

npm WARN optional SKIPPING OPTIONAL DEPENDENCY: fsevents@~2.3.1 (node_modules/chokidar/node_modules/fsevents):
npm WARN notsup SKIPPING OPTIONAL DEPENDENCY: Unsupported platform for fsevents@2.3.2: wanted {"os":"darwin","arch":"any"} (current: {"os":"linux","arch":"x64"})

npm ERR! code ELIFECYCLE
npm ERR! errno 87
npm ERR! oracledb@3.0.1 install: `node package/oracledbinstall.js`
npm ERR! Exit status 87
npm ERR! 
npm ERR! Failed at the oracledb@3.0.1 install script.
npm ERR! This is probably not a problem with npm. There is likely additional logging output above.

npm ERR! A complete log of this run can be found in:
npm ERR!     /github/home/.npm/_logs/2021-09-13T19_04_24_797Z-debug.log
npm WARN deprecated oracledb@3.1.0: Update to node-oracledb 5

> oracledb@3.1.0 install /__w/appoptics-apm-node/appoptics-apm-node/node_modules/oracledb
> node package/install.js

oracledb [31mERR![0m NJS-067: a pre-built node-oracledb binary was not found for Node.js v14.17.6 (NODE_MODULE_VERSION=83) on linux x64
oracledb [31mERR![0m Try compiling node-oracledb source code using https://oracle.github.io/node-oracledb/INSTALL.html#github
npm WARN optional SKIPPING OPTIONAL DEPENDENCY: fsevents@~2.3.1 (node_modules/chokidar/node_modules/fsevents):
npm WARN notsup SKIPPING OPTIONAL DEPENDENCY: Unsupported platform for fsevents@2.3.2: wanted {"os":"darwin","arch":"any"} (current: {"os":"linux","arch":"x64"})

npm ERR! code ELIFECYCLE
npm ERR! errno 87
npm ERR! oracledb@3.1.0 install: `node package/install.js`
npm ERR! Exit status 87
npm ERR! 
npm ERR! Failed at the oracledb@3.1.0 install script.
npm ERR! This is probably not a problem with npm. There is likely additional logging output above.

npm ERR! A complete log of this run can be found in:
npm ERR!     /github/home/.npm/_logs/2021-09-13T19_04_31_299Z-debug.log
npm WARN deprecated oracledb@3.1.1: Update to node-oracledb 5

> oracledb@3.1.1 install /__w/appoptics-apm-node/appoptics-apm-node/node_modules/oracledb
> node package/install.js

oracledb [31mERR![0m NJS-067: a pre-built node-oracledb binary was not found for Node.js v14.17.6 (NODE_MODULE_VERSION=83) on linux x64
oracledb [31mERR![0m Try compiling node-oracledb source code using https://oracle.github.io/node-oracledb/INSTALL.html#github
npm WARN optional SKIPPING OPTIONAL DEPENDENCY: fsevents@~2.3.1 (node_modules/chokidar/node_modules/fsevents):
npm WARN notsup SKIPPING OPTIONAL DEPENDENCY: Unsupported platform for fsevents@2.3.2: wanted {"os":"darwin","arch":"any"} (current: {"os":"linux","arch":"x64"})

npm ERR! code ELIFECYCLE
npm ERR! errno 87
npm ERR! oracledb@3.1.1 install: `node package/install.js`
npm ERR! Exit status 87
npm ERR! 
npm ERR! Failed at the oracledb@3.1.1 install script.
npm ERR! This is probably not a problem with npm. There is likely additional logging output above.

npm ERR! A complete log of this run can be found in:
npm ERR!     /github/home/.npm/_logs/2021-09-13T19_04_38_353Z-debug.log
npm WARN deprecated oracledb@3.1.2: Update to node-oracledb 5

> oracledb@3.1.2 install /__w/appoptics-apm-node/appoptics-apm-node/node_modules/oracledb
> node package/install.js

oracledb [31mERR![0m NJS-067: a pre-built node-oracledb binary was not found for Node.js v14.17.6 (NODE_MODULE_VERSION=83) on linux x64
oracledb [31mERR![0m Try compiling node-oracledb source code using https://oracle.github.io/node-oracledb/INSTALL.html#github
npm WARN optional SKIPPING OPTIONAL DEPENDENCY: fsevents@~2.3.1 (node_modules/chokidar/node_modules/fsevents):
npm WARN notsup SKIPPING OPTIONAL DEPENDENCY: Unsupported platform for fsevents@2.3.2: wanted {"os":"darwin","arch":"any"} (current: {"os":"linux","arch":"x64"})

npm ERR! code ELIFECYCLE
npm ERR! errno 87
npm ERR! oracledb@3.1.2 install: `node package/install.js`
npm ERR! Exit status 87
npm ERR! 
npm ERR! Failed at the oracledb@3.1.2 install script.
npm ERR! This is probably not a problem with npm. There is likely additional logging output above.

npm ERR! A complete log of this run can be found in:
npm ERR!     /github/home/.npm/_logs/2021-09-13T19_04_44_767Z-debug.log

> oracledb@4.0.0 install /__w/appoptics-apm-node/appoptics-apm-node/node_modules/oracledb
> node package/install.js

oracledb ********************************************************************************
oracledb ** Node-oracledb 4.0.0 installed for Node.js 14.17.6 (linux, x64)
oracledb **
oracledb ** To use node-oracledb:
oracledb ** - Oracle Client libraries (64-bit) must be configured with ldconfig or LD_LIBRARY_PATH
oracledb ** - To get libraries, install an Instant Client Basic or Basic Light package from
oracledb **   https://www.oracle.com/technetwork/topics/linuxx86-64soft-092277.html
oracledb **
oracledb ** Installation instructions: https://oracle.github.io/node-oracledb/INSTALL.html
oracledb ********************************************************************************

npm WARN optional SKIPPING OPTIONAL DEPENDENCY: fsevents@~2.3.1 (node_modules/chokidar/node_modules/fsevents):
npm WARN notsup SKIPPING OPTIONAL DEPENDENCY: Unsupported platform for fsevents@2.3.2: wanted {"os":"darwin","arch":"any"} (current: {"os":"linux","arch":"x64"})

+ oracledb@4.0.0
added 1 package and audited 1111 packages in 6.173s

72 packages are looking for funding
  run `npm fund` for details

found 24 vulnerabilities (5 low, 4 moderate, 13 high, 2 critical)
  run `npm audit fix` to fix them, or `npm audit` for details
2021-09-13T19:04:52.230Z appoptics:debug read config from /__w/appoptics-apm-node/appoptics-apm-node/appoptics-apm-config
2021-09-13T19:04:52.231Z appoptics:debug guc ignoring APPOPTICS_LOG_SETTINGS
2021-09-13T19:04:52.231Z appoptics:debug serviceKey dIOz...wWK0:ao-node-test
2021-09-13T19:04:52.231Z appoptics:debug using context provider: ace-context
2021-09-13T19:04:52.324Z appoptics:debug apm 10.0.1, bindings 11.0.0, oboe 10.1.0
2021-09-13T19:04:52.380Z appoptics:patching patched crypto 
2021-09-13T19:04:52.454Z appoptics:patching patched https 
2021-09-13T19:04:52.454Z appoptics:patching patched http 
2021-09-13T19:04:52.522Z appoptics:patching patched oracledb 4.0.0
2021-09-13T19:04:52.527Z appoptics:debug starting runtimeMetrics


  probes.oracledb 4.0.0
    âœ“ UDP might lose a message
2021-09-13T19:04:52.708Z appoptics:debug asking helper to execute test_basic
2021-09-13T19:04:52.709Z appoptics:debug test_basic being executed
2021-09-13T19:04:52.709Z appoptics:debug oracledb wrapping getConnection
2021-09-13T19:04:52.813Z appoptics:debug done with test_basic oracledb.getConnection
2021-09-13T19:04:52.950Z appoptics:debug test_basic query callback invoked
    âœ“ should trace execute calls (254ms)
2021-09-13T19:04:52.966Z appoptics:debug ORACLEDB wrapping createPool
2021-09-13T19:04:52.970Z appoptics:debug oracledb wrapping getConnection
2021-09-13T19:04:53.022Z appoptics:debug connection.execute() seems to be patched
2021-09-13T19:04:53.022Z appoptics:debug connection.commit() seems to be patched
2021-09-13T19:04:53.022Z appoptics:debug connection.rollback() seems to be patched
2021-09-13T19:04:53.022Z appoptics:debug connection.break() seems to be patched
2021-09-13T19:04:53.022Z appoptics:debug connection.release seems to be patched
    âœ“ should trace execute calls in pool (60ms)
2021-09-13T19:04:53.026Z appoptics:debug oracledb wrapping getConnection
2021-09-13T19:04:53.075Z appoptics:debug connection.execute() seems to be patched
2021-09-13T19:04:53.075Z appoptics:debug connection.commit() seems to be patched
2021-09-13T19:04:53.075Z appoptics:debug connection.rollback() seems to be patched
2021-09-13T19:04:53.075Z appoptics:debug connection.break() seems to be patched
2021-09-13T19:04:53.075Z appoptics:debug connection.release seems to be patched
    âœ“ should include correct isAutoCommit value (54ms)


  4 passing (391ms)


> oracledb@4.0.1 install /__w/appoptics-apm-node/appoptics-apm-node/node_modules/oracledb
> node package/install.js

oracledb ********************************************************************************
oracledb ** Node-oracledb 4.0.1 installed for Node.js 14.17.6 (linux, x64)
oracledb **
oracledb ** To use node-oracledb:
oracledb ** - Oracle Client libraries (64-bit) must be configured with ldconfig or LD_LIBRARY_PATH
oracledb ** - To get libraries, install an Instant Client Basic or Basic Light package from
oracledb **   https://www.oracle.com/technetwork/topics/linuxx86-64soft-092277.html
oracledb **
oracledb ** Installation instructions: https://oracle.github.io/node-oracledb/INSTALL.html
oracledb ********************************************************************************

npm WARN optional SKIPPING OPTIONAL DEPENDENCY: fsevents@~2.3.1 (node_modules/chokidar/node_modules/fsevents):
npm WARN notsup SKIPPING OPTIONAL DEPENDENCY: Unsupported platform for fsevents@2.3.2: wanted {"os":"darwin","arch":"any"} (current: {"os":"linux","arch":"x64"})

+ oracledb@4.0.1
updated 1 package and audited 1111 packages in 5.734s

72 packages are looking for funding
  run `npm fund` for details

found 24 vulnerabilities (5 low, 4 moderate, 13 high, 2 critical)
  run `npm audit fix` to fix them, or `npm audit` for details
2021-09-13T19:05:00.066Z appoptics:debug read config from /__w/appoptics-apm-node/appoptics-apm-node/appoptics-apm-config
2021-09-13T19:05:00.066Z appoptics:debug guc ignoring APPOPTICS_LOG_SETTINGS
2021-09-13T19:05:00.066Z appoptics:debug serviceKey dIOz...wWK0:ao-node-test
2021-09-13T19:05:00.067Z appoptics:debug using context provider: ace-context
2021-09-13T19:05:00.152Z appoptics:debug apm 10.0.1, bindings 11.0.0, oboe 10.1.0
2021-09-13T19:05:00.208Z appoptics:patching patched crypto 
2021-09-13T19:05:00.251Z appoptics:patching patched https 
2021-09-13T19:05:00.260Z appoptics:patching patched http 
2021-09-13T19:05:00.297Z appoptics:patching patched oracledb 4.0.1
2021-09-13T19:05:00.301Z appoptics:debug starting runtimeMetrics


  probes.oracledb 4.0.1
    âœ“ UDP might lose a message
2021-09-13T19:05:00.482Z appoptics:debug asking helper to execute test_basic
2021-09-13T19:05:00.482Z appoptics:debug test_basic being executed
2021-09-13T19:05:00.482Z appoptics:debug oracledb wrapping getConnection
2021-09-13T19:05:00.493Z appoptics:debug done with test_basic oracledb.getConnection
2021-09-13T19:05:00.536Z appoptics:debug test_basic query callback invoked
    âœ“ should trace execute calls (60ms)
2021-09-13T19:05:00.549Z appoptics:debug ORACLEDB wrapping createPool
2021-09-13T19:05:00.551Z appoptics:debug oracledb wrapping getConnection
2021-09-13T19:05:00.588Z appoptics:debug connection.execute() seems to be patched
2021-09-13T19:05:00.588Z appoptics:debug connection.commit() seems to be patched
2021-09-13T19:05:00.588Z appoptics:debug connection.rollback() seems to be patched
2021-09-13T19:05:00.588Z appoptics:debug connection.break() seems to be patched
2021-09-13T19:05:00.588Z appoptics:debug connection.release seems to be patched
    âœ“ should trace execute calls in pool (43ms)
2021-09-13T19:05:00.592Z appoptics:debug oracledb wrapping getConnection
2021-09-13T19:05:00.638Z appoptics:debug connection.execute() seems to be patched
2021-09-13T19:05:00.638Z appoptics:debug connection.commit() seems to be patched
2021-09-13T19:05:00.638Z appoptics:debug connection.rollback() seems to be patched
2021-09-13T19:05:00.638Z appoptics:debug connection.break() seems to be patched
2021-09-13T19:05:00.638Z appoptics:debug connection.release seems to be patched
    âœ“ should include correct isAutoCommit value (53ms)


  4 passing (185ms)


> oracledb@4.1.0 install /__w/appoptics-apm-node/appoptics-apm-node/node_modules/oracledb
> node package/install.js

oracledb ********************************************************************************
oracledb ** Node-oracledb 4.1.0 installed for Node.js 14.17.6 (linux, x64)
oracledb **
oracledb ** To use node-oracledb:
oracledb ** - Oracle Client libraries (64-bit) must be configured with ldconfig or LD_LIBRARY_PATH
oracledb ** - To get libraries, install an Instant Client Basic or Basic Light package from
oracledb **   https://www.oracle.com/technetwork/topics/linuxx86-64soft-092277.html
oracledb **
oracledb ** Installation instructions: https://oracle.github.io/node-oracledb/INSTALL.html
oracledb ********************************************************************************

npm WARN optional SKIPPING OPTIONAL DEPENDENCY: fsevents@~2.3.1 (node_modules/chokidar/node_modules/fsevents):
npm WARN notsup SKIPPING OPTIONAL DEPENDENCY: Unsupported platform for fsevents@2.3.2: wanted {"os":"darwin","arch":"any"} (current: {"os":"linux","arch":"x64"})

+ oracledb@4.1.0
updated 1 package and audited 1111 packages in 6.422s

72 packages are looking for funding
  run `npm fund` for details

found 24 vulnerabilities (5 low, 4 moderate, 13 high, 2 critical)
  run `npm audit fix` to fix them, or `npm audit` for details
2021-09-13T19:05:08.466Z appoptics:debug read config from /__w/appoptics-apm-node/appoptics-apm-node/appoptics-apm-config
2021-09-13T19:05:08.467Z appoptics:debug guc ignoring APPOPTICS_LOG_SETTINGS
2021-09-13T19:05:08.467Z appoptics:debug serviceKey dIOz...wWK0:ao-node-test
2021-09-13T19:05:08.467Z appoptics:debug using context provider: ace-context
2021-09-13T19:05:08.541Z appoptics:debug apm 10.0.1, bindings 11.0.0, oboe 10.1.0
2021-09-13T19:05:08.596Z appoptics:patching patched crypto 
2021-09-13T19:05:08.621Z appoptics:patching patched https 
2021-09-13T19:05:08.621Z appoptics:patching patched http 
2021-09-13T19:05:08.656Z appoptics:patching patched oracledb 4.1.0
2021-09-13T19:05:08.660Z appoptics:debug starting runtimeMetrics


  probes.oracledb 4.1.0
    âœ“ UDP might lose a message
2021-09-13T19:05:08.848Z appoptics:debug asking helper to execute test_basic
2021-09-13T19:05:08.848Z appoptics:debug test_basic being executed
2021-09-13T19:05:08.848Z appoptics:debug oracledb wrapping getConnection
2021-09-13T19:05:08.858Z appoptics:debug done with test_basic oracledb.getConnection
2021-09-13T19:05:08.901Z appoptics:debug test_basic query callback invoked
    âœ“ should trace execute calls (60ms)
2021-09-13T19:05:08.924Z appoptics:debug ORACLEDB wrapping createPool
2021-09-13T19:05:08.927Z appoptics:debug oracledb wrapping getConnection
2021-09-13T19:05:08.964Z appoptics:debug connection.execute() seems to be patched
2021-09-13T19:05:08.964Z appoptics:debug connection.commit() seems to be patched
2021-09-13T19:05:08.964Z appoptics:debug connection.rollback() seems to be patched
2021-09-13T19:05:08.964Z appoptics:debug connection.break() seems to be patched
2021-09-13T19:05:08.964Z appoptics:debug connection.release seems to be patched
    âœ“ should trace execute calls in pool (45ms)
2021-09-13T19:05:08.968Z appoptics:debug oracledb wrapping getConnection
2021-09-13T19:05:09.005Z appoptics:debug connection.execute() seems to be patched
2021-09-13T19:05:09.005Z appoptics:debug connection.commit() seems to be patched
2021-09-13T19:05:09.005Z appoptics:debug connection.rollback() seems to be patched
2021-09-13T19:05:09.005Z appoptics:debug connection.break() seems to be patched
2021-09-13T19:05:09.005Z appoptics:debug connection.release seems to be patched
    âœ“ should include correct isAutoCommit value (42ms)


  4 passing (187ms)


> oracledb@4.2.0 install /__w/appoptics-apm-node/appoptics-apm-node/node_modules/oracledb
> node package/install.js

oracledb ********************************************************************************
oracledb ** Node-oracledb 4.2.0 installed for Node.js 14.17.6 (linux, x64)
oracledb **
oracledb ** To use node-oracledb:
oracledb ** - Oracle Client libraries (64-bit) must be configured with ldconfig or LD_LIBRARY_PATH
oracledb ** - To get libraries, install an Instant Client Basic or Basic Light package from
oracledb **   https://www.oracle.com/database/technologies/instant-client/linux-x86-64-downloads.html
oracledb **
oracledb ** Installation instructions: https://oracle.github.io/node-oracledb/INSTALL.html
oracledb ********************************************************************************

npm WARN optional SKIPPING OPTIONAL DEPENDENCY: fsevents@~2.3.1 (node_modules/chokidar/node_modules/fsevents):
npm WARN notsup SKIPPING OPTIONAL DEPENDENCY: Unsupported platform for fsevents@2.3.2: wanted {"os":"darwin","arch":"any"} (current: {"os":"linux","arch":"x64"})

+ oracledb@4.2.0
updated 1 package and audited 1111 packages in 6.721s

72 packages are looking for funding
  run `npm fund` for details

found 24 vulnerabilities (5 low, 4 moderate, 13 high, 2 critical)
  run `npm audit fix` to fix them, or `npm audit` for details
2021-09-13T19:05:16.981Z appoptics:debug read config from /__w/appoptics-apm-node/appoptics-apm-node/appoptics-apm-config
2021-09-13T19:05:16.983Z appoptics:debug guc ignoring APPOPTICS_LOG_SETTINGS
2021-09-13T19:05:16.983Z appoptics:debug serviceKey dIOz...wWK0:ao-node-test
2021-09-13T19:05:16.984Z appoptics:debug using context provider: ace-context
2021-09-13T19:05:17.055Z appoptics:debug apm 10.0.1, bindings 11.0.0, oboe 10.1.0
2021-09-13T19:05:17.108Z appoptics:patching patched crypto 
2021-09-13T19:05:17.131Z appoptics:patching patched https 
2021-09-13T19:05:17.132Z appoptics:patching patched http 
2021-09-13T19:05:17.168Z appoptics:patching patched oracledb 4.2.0
2021-09-13T19:05:17.172Z appoptics:debug starting runtimeMetrics


  probes.oracledb 4.2.0
    âœ“ UDP might lose a message
2021-09-13T19:05:17.338Z appoptics:debug asking helper to execute test_basic
2021-09-13T19:05:17.339Z appoptics:debug test_basic being executed
2021-09-13T19:05:17.339Z appoptics:debug oracledb wrapping getConnection
2021-09-13T19:05:17.347Z appoptics:debug done with test_basic oracledb.getConnection
2021-09-13T19:05:17.387Z appoptics:debug test_basic query callback invoked
    âœ“ should trace execute calls (54ms)
2021-09-13T19:05:17.394Z appoptics:debug ORACLEDB wrapping createPool
2021-09-13T19:05:17.397Z appoptics:debug oracledb wrapping getConnection
2021-09-13T19:05:17.433Z appoptics:debug connection.execute() seems to be patched
2021-09-13T19:05:17.433Z appoptics:debug connection.commit() seems to be patched
2021-09-13T19:05:17.433Z appoptics:debug connection.rollback() seems to be patched
2021-09-13T19:05:17.433Z appoptics:debug connection.break() seems to be patched
2021-09-13T19:05:17.433Z appoptics:debug connection.release seems to be patched
    âœ“ should trace execute calls in pool (42ms)
2021-09-13T19:05:17.437Z appoptics:debug oracledb wrapping getConnection
2021-09-13T19:05:17.474Z appoptics:debug connection.execute() seems to be patched
2021-09-13T19:05:17.474Z appoptics:debug connection.commit() seems to be patched
2021-09-13T19:05:17.474Z appoptics:debug connection.rollback() seems to be patched
2021-09-13T19:05:17.474Z appoptics:debug connection.break() seems to be patched
2021-09-13T19:05:17.474Z appoptics:debug connection.release seems to be patched
    âœ“ should include correct isAutoCommit value (42ms)


  4 passing (161ms)


> oracledb@5.0.0 install /__w/appoptics-apm-node/appoptics-apm-node/node_modules/oracledb
> node package/install.js

oracledb ********************************************************************************
oracledb ** Node-oracledb 5.0.0 installed for Node.js 14.17.6 (linux, x64)
oracledb **
oracledb ** To use node-oracledb:
oracledb ** - Oracle Client libraries (64-bit) must be available.
oracledb ** - Follow the installation instructions:
oracledb **   https://oracle.github.io/node-oracledb/INSTALL.html#linuxinstall
oracledb ********************************************************************************

npm WARN optional SKIPPING OPTIONAL DEPENDENCY: fsevents@~2.3.1 (node_modules/chokidar/node_modules/fsevents):
npm WARN notsup SKIPPING OPTIONAL DEPENDENCY: Unsupported platform for fsevents@2.3.2: wanted {"os":"darwin","arch":"any"} (current: {"os":"linux","arch":"x64"})

+ oracledb@5.0.0
updated 1 package and audited 1111 packages in 5.644s

72 packages are looking for funding
  run `npm fund` for details

found 24 vulnerabilities (5 low, 4 moderate, 13 high, 2 critical)
  run `npm audit fix` to fix them, or `npm audit` for details
2021-09-13T19:05:24.339Z appoptics:debug read config from /__w/appoptics-apm-node/appoptics-apm-node/appoptics-apm-config
2021-09-13T19:05:24.340Z appoptics:debug guc ignoring APPOPTICS_LOG_SETTINGS
2021-09-13T19:05:24.340Z appoptics:debug serviceKey dIOz...wWK0:ao-node-test
2021-09-13T19:05:24.340Z appoptics:debug using context provider: ace-context
2021-09-13T19:05:24.412Z appoptics:debug apm 10.0.1, bindings 11.0.0, oboe 10.1.0
2021-09-13T19:05:24.464Z appoptics:patching patched crypto 
2021-09-13T19:05:24.488Z appoptics:patching patched https 
2021-09-13T19:05:24.489Z appoptics:patching patched http 
2021-09-13T19:05:24.526Z appoptics:patching patched oracledb 5.0.0
2021-09-13T19:05:24.530Z appoptics:debug starting runtimeMetrics


  probes.oracledb 5.0.0
    âœ“ UDP might lose a message
2021-09-13T19:05:24.705Z appoptics:debug asking helper to execute test_basic
2021-09-13T19:05:24.705Z appoptics:debug test_basic being executed
2021-09-13T19:05:24.705Z appoptics:debug oracledb wrapping getConnection
2021-09-13T19:05:24.713Z appoptics:debug done with test_basic oracledb.getConnection
2021-09-13T19:05:24.779Z appoptics:debug test_basic query callback invoked
    âœ“ should trace execute calls (78ms)
2021-09-13T19:05:24.789Z appoptics:debug ORACLEDB wrapping createPool
2021-09-13T19:05:24.795Z appoptics:debug oracledb wrapping getConnection
2021-09-13T19:05:24.840Z appoptics:debug connection.execute() seems to be patched
2021-09-13T19:05:24.840Z appoptics:debug connection.commit() seems to be patched
2021-09-13T19:05:24.840Z appoptics:debug connection.rollback() seems to be patched
2021-09-13T19:05:24.840Z appoptics:debug connection.break() seems to be patched
2021-09-13T19:05:24.840Z appoptics:debug connection.release seems to be patched
    âœ“ should trace execute calls in pool (55ms)
2021-09-13T19:05:24.844Z appoptics:debug oracledb wrapping getConnection
2021-09-13T19:05:24.879Z appoptics:debug connection.execute() seems to be patched
2021-09-13T19:05:24.879Z appoptics:debug connection.commit() seems to be patched
2021-09-13T19:05:24.879Z appoptics:debug connection.rollback() seems to be patched
2021-09-13T19:05:24.879Z appoptics:debug connection.break() seems to be patched
2021-09-13T19:05:24.880Z appoptics:debug connection.release seems to be patched
    âœ“ should include correct isAutoCommit value (41ms)


  4 passing (201ms)


> oracledb@5.1.0 install /__w/appoptics-apm-node/appoptics-apm-node/node_modules/oracledb
> node package/install.js

oracledb ********************************************************************************
oracledb ** Node-oracledb 5.1.0 installed for Node.js 14.17.6 (linux, x64)
oracledb **
oracledb ** To use node-oracledb:
oracledb ** - Oracle Client libraries (64-bit) must be available.
oracledb ** - Follow the installation instructions:
oracledb **   https://oracle.github.io/node-oracledb/INSTALL.html#linuxinstall
oracledb ********************************************************************************

npm WARN optional SKIPPING OPTIONAL DEPENDENCY: fsevents@~2.3.1 (node_modules/chokidar/node_modules/fsevents):
npm WARN notsup SKIPPING OPTIONAL DEPENDENCY: Unsupported platform for fsevents@2.3.2: wanted {"os":"darwin","arch":"any"} (current: {"os":"linux","arch":"x64"})

+ oracledb@5.1.0
updated 1 package and audited 1111 packages in 8.638s

72 packages are looking for funding
  run `npm fund` for details

found 24 vulnerabilities (5 low, 4 moderate, 13 high, 2 critical)
  run `npm audit fix` to fix them, or `npm audit` for details
2021-09-13T19:05:34.704Z appoptics:debug read config from /__w/appoptics-apm-node/appoptics-apm-node/appoptics-apm-config
2021-09-13T19:05:34.704Z appoptics:debug guc ignoring APPOPTICS_LOG_SETTINGS
2021-09-13T19:05:34.704Z appoptics:debug serviceKey dIOz...wWK0:ao-node-test
2021-09-13T19:05:34.705Z appoptics:debug using context provider: ace-context
2021-09-13T19:05:34.768Z appoptics:debug apm 10.0.1, bindings 11.0.0, oboe 10.1.0
2021-09-13T19:05:34.818Z appoptics:patching patched crypto 
2021-09-13T19:05:34.843Z appoptics:patching patched https 
2021-09-13T19:05:34.843Z appoptics:patching patched http 
2021-09-13T19:05:34.897Z appoptics:patching patched oracledb 5.1.0
2021-09-13T19:05:34.902Z appoptics:debug starting runtimeMetrics


  probes.oracledb 5.1.0
    âœ“ UDP might lose a message
2021-09-13T19:05:35.079Z appoptics:debug asking helper to execute test_basic
2021-09-13T19:05:35.079Z appoptics:debug test_basic being executed
2021-09-13T19:05:35.079Z appoptics:debug oracledb wrapping getConnection
2021-09-13T19:05:35.088Z appoptics:debug done with test_basic oracledb.getConnection
2021-09-13T19:05:35.136Z appoptics:debug test_basic query callback invoked
    âœ“ should trace execute calls (62ms)
2021-09-13T19:05:35.144Z appoptics:debug ORACLEDB wrapping createPool
2021-09-13T19:05:35.147Z appoptics:debug oracledb wrapping getConnection
2021-09-13T19:05:35.182Z appoptics:debug connection.execute() seems to be patched
2021-09-13T19:05:35.182Z appoptics:debug connection.commit() seems to be patched
2021-09-13T19:05:35.182Z appoptics:debug connection.rollback() seems to be patched
2021-09-13T19:05:35.182Z appoptics:debug connection.break() seems to be patched
2021-09-13T19:05:35.182Z appoptics:debug connection.release seems to be patched
    âœ“ should trace execute calls in pool (41ms)
2021-09-13T19:05:35.186Z appoptics:debug oracledb wrapping getConnection
2021-09-13T19:05:35.223Z appoptics:debug connection.execute() seems to be patched
2021-09-13T19:05:35.223Z appoptics:debug connection.commit() seems to be patched
2021-09-13T19:05:35.223Z appoptics:debug connection.rollback() seems to be patched
2021-09-13T19:05:35.223Z appoptics:debug connection.break() seems to be patched
2021-09-13T19:05:35.223Z appoptics:debug connection.release seems to be patched
    âœ“ should include correct isAutoCommit value (42ms)


  4 passing (177ms)


> oracledb@5.2.0 install /__w/appoptics-apm-node/appoptics-apm-node/node_modules/oracledb
> node package/install.js

oracledb ********************************************************************************
oracledb ** Node-oracledb 5.2.0 installed in Node.js 14.17.6 (linux, x64)
oracledb **
oracledb ** To use node-oracledb:
oracledb ** - Oracle Client libraries (64-bit) must be available.
oracledb ** - Follow the installation instructions:
oracledb **   https://oracle.github.io/node-oracledb/INSTALL.html#linuxinstall
oracledb ********************************************************************************

npm WARN optional SKIPPING OPTIONAL DEPENDENCY: fsevents@~2.3.1 (node_modules/chokidar/node_modules/fsevents):
npm WARN notsup SKIPPING OPTIONAL DEPENDENCY: Unsupported platform for fsevents@2.3.2: wanted {"os":"darwin","arch":"any"} (current: {"os":"linux","arch":"x64"})

+ oracledb@5.2.0
updated 1 package and audited 1111 packages in 6.479s

72 packages are looking for funding
  run `npm fund` for details

found 24 vulnerabilities (5 low, 4 moderate, 13 high, 2 critical)
  run `npm audit fix` to fix them, or `npm audit` for details
2021-09-13T19:05:43.035Z appoptics:debug read config from /__w/appoptics-apm-node/appoptics-apm-node/appoptics-apm-config
2021-09-13T19:05:43.036Z appoptics:debug guc ignoring APPOPTICS_LOG_SETTINGS
2021-09-13T19:05:43.036Z appoptics:debug serviceKey dIOz...wWK0:ao-node-test
2021-09-13T19:05:43.037Z appoptics:debug using context provider: ace-context
2021-09-13T19:05:43.108Z appoptics:debug apm 10.0.1, bindings 11.0.0, oboe 10.1.0
2021-09-13T19:05:43.161Z appoptics:patching patched crypto 
2021-09-13T19:05:43.183Z appoptics:patching patched https 
2021-09-13T19:05:43.183Z appoptics:patching patched http 
2021-09-13T19:05:43.222Z appoptics:patching patched oracledb 5.2.0
2021-09-13T19:05:43.225Z appoptics:debug starting runtimeMetrics


  probes.oracledb 5.2.0
    âœ“ UDP might lose a message
2021-09-13T19:05:43.399Z appoptics:debug asking helper to execute test_basic
2021-09-13T19:05:43.400Z appoptics:debug test_basic being executed
2021-09-13T19:05:43.400Z appoptics:debug oracledb wrapping getConnection
2021-09-13T19:05:43.409Z appoptics:debug done with test_basic oracledb.getConnection
2021-09-13T19:05:43.450Z appoptics:debug test_basic query callback invoked
    âœ“ should trace execute calls (56ms)
2021-09-13T19:05:43.459Z appoptics:debug ORACLEDB wrapping createPool
2021-09-13T19:05:43.462Z appoptics:debug oracledb wrapping getConnection
2021-09-13T19:05:43.498Z appoptics:debug connection.execute() seems to be patched
2021-09-13T19:05:43.498Z appoptics:debug connection.commit() seems to be patched
2021-09-13T19:05:43.498Z appoptics:debug connection.rollback() seems to be patched
2021-09-13T19:05:43.498Z appoptics:debug connection.break() seems to be patched
2021-09-13T19:05:43.498Z appoptics:debug connection.release seems to be patched
    âœ“ should trace execute calls in pool (43ms)
2021-09-13T19:05:43.502Z appoptics:debug oracledb wrapping getConnection
2021-09-13T19:05:43.547Z appoptics:debug connection.execute() seems to be patched
2021-09-13T19:05:43.547Z appoptics:debug connection.commit() seems to be patched
2021-09-13T19:05:43.547Z appoptics:debug connection.rollback() seems to be patched
2021-09-13T19:05:43.547Z appoptics:debug connection.break() seems to be patched
2021-09-13T19:05:43.547Z appoptics:debug connection.release seems to be patched
    âœ“ should include correct isAutoCommit value (53ms)


  4 passing (174ms)


> oracledb@5.2.0 install /__w/appoptics-apm-node/appoptics-apm-node/node_modules/oracledb
> node package/install.js

oracledb ********************************************************************************
oracledb ** Node-oracledb 5.2.0 installed in Node.js 14.17.6 (linux, x64)
oracledb **
oracledb ** To use node-oracledb:
oracledb ** - Oracle Client libraries (64-bit) must be available.
oracledb ** - Follow the installation instructions:
oracledb **   https://oracle.github.io/node-oracledb/INSTALL.html#linuxinstall
oracledb ********************************************************************************

npm WARN optional SKIPPING OPTIONAL DEPENDENCY: fsevents@~2.3.1 (node_modules/chokidar/node_modules/fsevents):
npm WARN notsup SKIPPING OPTIONAL DEPENDENCY: Unsupported platform for fsevents@2.3.2: wanted {"os":"darwin","arch":"any"} (current: {"os":"linux","arch":"x64"})

+ oracledb@5.2.0
updated 1 package and audited 1111 packages in 5.709s

72 packages are looking for funding
  run `npm fund` for details

found 24 vulnerabilities (5 low, 4 moderate, 13 high, 2 critical)
  run `npm audit fix` to fix them, or `npm audit` for details
