npm WARN deprecated oracledb@2.0.14: Update to node-oracledb 5

> oracledb@2.0.14 install /__w/appoptics-apm-node/appoptics-apm-node/node_modules/oracledb
> node package/oracledbinstall.js

oracledb Beginning installation
oracledb Verifying installation
oracledb Binary not found
oracledb Continuing installation
oracledb [31mERR![0m NJS-054: Binary build/Release/oracledb.node was not installed from oracledb-v2.0.14-node-v83-linux-x64.gz
oracledb [31mERR![0m EACCES: permission denied, mkdir 'build'
oracledb [31mERR![0m If the error is not network or filesystem related, then review 
oracledb [31mERR![0m the Python 2.7 and compiler prerequisites in the installation instructions and
oracledb [31mERR![0m then install from source code with: npm install oracle/node-oracledb.git#v2.0.14
oracledb [31mERR![0m See https://github.com/oracle/node-oracledb/blob/master/INSTALL.md 

npm WARN optional SKIPPING OPTIONAL DEPENDENCY: fsevents@~2.3.1 (node_modules/chokidar/node_modules/fsevents):
npm WARN notsup SKIPPING OPTIONAL DEPENDENCY: Unsupported platform for fsevents@2.3.2: wanted {"os":"darwin","arch":"any"} (current: {"os":"linux","arch":"x64"})

npm ERR! code ELIFECYCLE
npm ERR! errno 87
npm ERR! oracledb@2.0.14 install: `node package/oracledbinstall.js`
npm ERR! Exit status 87
npm ERR! 
npm ERR! Failed at the oracledb@2.0.14 install script.
npm ERR! This is probably not a problem with npm. There is likely additional logging output above.

npm ERR! A complete log of this run can be found in:
npm ERR!     /github/home/.npm/_logs/2021-11-23T06_34_07_280Z-debug.log
npm WARN deprecated oracledb@2.0.15: Update to node-oracledb 5

> oracledb@2.0.15 install /__w/appoptics-apm-node/appoptics-apm-node/node_modules/oracledb
> node package/oracledbinstall.js

oracledb Beginning installation
oracledb Verifying installation
oracledb Binary not found
oracledb Continuing installation
oracledb [31mERR![0m NJS-054: Binary build/Release/oracledb.node was not installed from oracledb-v2.0.15-node-v83-linux-x64.gz
oracledb [31mERR![0m EACCES: permission denied, mkdir 'build'
oracledb [31mERR![0m If the error is not network or filesystem related, then review 
oracledb [31mERR![0m the Python 2.7 and compiler prerequisites in the installation instructions and
oracledb [31mERR![0m then install from source code with: npm install oracle/node-oracledb.git#v2.0.15
oracledb [31mERR![0m See https://github.com/oracle/node-oracledb/blob/master/INSTALL.md 

npm WARN optional SKIPPING OPTIONAL DEPENDENCY: fsevents@~2.3.1 (node_modules/chokidar/node_modules/fsevents):
npm WARN notsup SKIPPING OPTIONAL DEPENDENCY: Unsupported platform for fsevents@2.3.2: wanted {"os":"darwin","arch":"any"} (current: {"os":"linux","arch":"x64"})

npm ERR! code ELIFECYCLE
npm ERR! errno 87
npm ERR! oracledb@2.0.15 install: `node package/oracledbinstall.js`
npm ERR! Exit status 87
npm ERR! 
npm ERR! Failed at the oracledb@2.0.15 install script.
npm ERR! This is probably not a problem with npm. There is likely additional logging output above.

npm ERR! A complete log of this run can be found in:
npm ERR!     /github/home/.npm/_logs/2021-11-23T06_34_12_917Z-debug.log
npm WARN deprecated oracledb@2.1.0: Update to node-oracledb 5

> oracledb@2.1.0 install /__w/appoptics-apm-node/appoptics-apm-node/node_modules/oracledb
> node package/oracledbinstall.js

oracledb Beginning installation
oracledb Verifying installation
oracledb Binary not found
oracledb Continuing installation
oracledb [31mERR![0m NJS-054: Binary build/Release/oracledb.node was not installed from oracledb-v2.1.0-node-v83-linux-x64.gz
oracledb [31mERR![0m EACCES: permission denied, mkdir 'build'
oracledb [31mERR![0m If the error is not network or filesystem related, then review 
oracledb [31mERR![0m the Python 2.7 and compiler prerequisites in the installation instructions and
oracledb [31mERR![0m then install from source code with: npm install oracle/node-oracledb.git#v2.1.0
oracledb [31mERR![0m See https://github.com/oracle/node-oracledb/blob/master/INSTALL.md 

npm WARN optional SKIPPING OPTIONAL DEPENDENCY: fsevents@~2.3.1 (node_modules/chokidar/node_modules/fsevents):
npm WARN notsup SKIPPING OPTIONAL DEPENDENCY: Unsupported platform for fsevents@2.3.2: wanted {"os":"darwin","arch":"any"} (current: {"os":"linux","arch":"x64"})

npm ERR! code ELIFECYCLE
npm ERR! errno 87
npm ERR! oracledb@2.1.0 install: `node package/oracledbinstall.js`
npm ERR! Exit status 87
npm ERR! 
npm ERR! Failed at the oracledb@2.1.0 install script.
npm ERR! This is probably not a problem with npm. There is likely additional logging output above.

npm ERR! A complete log of this run can be found in:
npm ERR!     /github/home/.npm/_logs/2021-11-23T06_34_19_003Z-debug.log
npm WARN deprecated oracledb@2.1.1: Update to node-oracledb 5

> oracledb@2.1.1 install /__w/appoptics-apm-node/appoptics-apm-node/node_modules/oracledb
> node package/oracledbinstall.js

oracledb Beginning installation
oracledb Verifying installation
oracledb Binary not found
oracledb Continuing installation
oracledb [31mERR![0m NJS-054: Binary build/Release/oracledb.node was not installed from oracledb-v2.1.1-node-v83-linux-x64.gz
oracledb [31mERR![0m EACCES: permission denied, mkdir 'build'
oracledb [31mERR![0m If the error is not network or filesystem related, then review 
oracledb [31mERR![0m the Python 2.7 and compiler prerequisites in the installation instructions and
oracledb [31mERR![0m then install from source code with: npm install oracle/node-oracledb.git#v2.1.1
oracledb [31mERR![0m See https://github.com/oracle/node-oracledb/blob/master/INSTALL.md 

npm WARN optional SKIPPING OPTIONAL DEPENDENCY: fsevents@~2.3.1 (node_modules/chokidar/node_modules/fsevents):
npm WARN notsup SKIPPING OPTIONAL DEPENDENCY: Unsupported platform for fsevents@2.3.2: wanted {"os":"darwin","arch":"any"} (current: {"os":"linux","arch":"x64"})

npm ERR! code ELIFECYCLE
npm ERR! errno 87
npm ERR! oracledb@2.1.1 install: `node package/oracledbinstall.js`
npm ERR! Exit status 87
npm ERR! 
npm ERR! Failed at the oracledb@2.1.1 install script.
npm ERR! This is probably not a problem with npm. There is likely additional logging output above.

npm ERR! A complete log of this run can be found in:
npm ERR!     /github/home/.npm/_logs/2021-11-23T06_34_24_269Z-debug.log
npm WARN deprecated oracledb@2.1.2: Update to node-oracledb 5

> oracledb@2.1.2 install /__w/appoptics-apm-node/appoptics-apm-node/node_modules/oracledb
> node package/oracledbinstall.js

oracledb Beginning installation
oracledb Verifying installation
oracledb Binary not found
oracledb Continuing installation
oracledb [31mERR![0m NJS-054: Binary build/Release/oracledb.node was not installed from oracledb-v2.1.2-node-v83-linux-x64.gz
oracledb [31mERR![0m EACCES: permission denied, mkdir 'build'
oracledb [31mERR![0m If the error is not network or filesystem related, then review 
oracledb [31mERR![0m the Python 2.7 and compiler prerequisites in the installation instructions and
oracledb [31mERR![0m then install from source code with: npm install oracle/node-oracledb.git#v2.1.2
oracledb [31mERR![0m See https://github.com/oracle/node-oracledb/blob/master/INSTALL.md 

npm WARN optional SKIPPING OPTIONAL DEPENDENCY: fsevents@~2.3.1 (node_modules/chokidar/node_modules/fsevents):
npm WARN notsup SKIPPING OPTIONAL DEPENDENCY: Unsupported platform for fsevents@2.3.2: wanted {"os":"darwin","arch":"any"} (current: {"os":"linux","arch":"x64"})

npm ERR! code ELIFECYCLE
npm ERR! errno 87
npm ERR! oracledb@2.1.2 install: `node package/oracledbinstall.js`
npm ERR! Exit status 87
npm ERR! 
npm ERR! Failed at the oracledb@2.1.2 install script.
npm ERR! This is probably not a problem with npm. There is likely additional logging output above.

npm ERR! A complete log of this run can be found in:
npm ERR!     /github/home/.npm/_logs/2021-11-23T06_34_29_416Z-debug.log
npm WARN deprecated oracledb@2.2.0: Update to node-oracledb 5

> oracledb@2.2.0 install /__w/appoptics-apm-node/appoptics-apm-node/node_modules/oracledb
> node package/oracledbinstall.js

oracledb Beginning installation
oracledb Verifying installation
oracledb Continuing installation
oracledb [31mERR![0m NJS-054: Binary build/Release/oracledb.node was not installed.
oracledb [31mERR![0m Pre-built binary packages are not available for this version of Node.js (NODE_MODULE_VERSION="83")
oracledb [31mERR![0m Failed to install binary package oracledb-v2.2.0-node-v83-linux-x64.gz
oracledb [31mERR![0m EACCES: permission denied, mkdir 'build'
oracledb [31mERR![0m For help see https://oracle.github.io/node-oracledb/INSTALL.html#troubleshooting

npm WARN optional SKIPPING OPTIONAL DEPENDENCY: fsevents@~2.3.1 (node_modules/chokidar/node_modules/fsevents):
npm WARN notsup SKIPPING OPTIONAL DEPENDENCY: Unsupported platform for fsevents@2.3.2: wanted {"os":"darwin","arch":"any"} (current: {"os":"linux","arch":"x64"})

npm ERR! code ELIFECYCLE
npm ERR! errno 87
npm ERR! oracledb@2.2.0 install: `node package/oracledbinstall.js`
npm ERR! Exit status 87
npm ERR! 
npm ERR! Failed at the oracledb@2.2.0 install script.
npm ERR! This is probably not a problem with npm. There is likely additional logging output above.

npm ERR! A complete log of this run can be found in:
npm ERR!     /github/home/.npm/_logs/2021-11-23T06_34_34_476Z-debug.log
npm WARN deprecated oracledb@2.3.0: Update to node-oracledb 5

> oracledb@2.3.0 install /__w/appoptics-apm-node/appoptics-apm-node/node_modules/oracledb
> node package/oracledbinstall.js

oracledb Beginning installation
oracledb Verifying installation
oracledb Continuing installation
oracledb [31mERR![0m NJS-054: Binary build/Release/oracledb.node was not installed.
oracledb [31mERR![0m Pre-built binary packages are not available for this version of Node.js (NODE_MODULE_VERSION="83")
oracledb [31mERR![0m Failed to install binary package oracledb-v2.3.0-node-v83-linux-x64.gz
oracledb [31mERR![0m EACCES: permission denied, mkdir 'build'
oracledb [31mERR![0m For help see https://oracle.github.io/node-oracledb/INSTALL.html#troubleshooting

npm WARN optional SKIPPING OPTIONAL DEPENDENCY: fsevents@~2.3.1 (node_modules/chokidar/node_modules/fsevents):
npm WARN notsup SKIPPING OPTIONAL DEPENDENCY: Unsupported platform for fsevents@2.3.2: wanted {"os":"darwin","arch":"any"} (current: {"os":"linux","arch":"x64"})

npm ERR! code ELIFECYCLE
npm ERR! errno 87
npm ERR! oracledb@2.3.0 install: `node package/oracledbinstall.js`
npm ERR! Exit status 87
npm ERR! 
npm ERR! Failed at the oracledb@2.3.0 install script.
npm ERR! This is probably not a problem with npm. There is likely additional logging output above.

npm ERR! A complete log of this run can be found in:
npm ERR!     /github/home/.npm/_logs/2021-11-23T06_34_39_618Z-debug.log
npm WARN deprecated oracledb@3.0.0: Update to node-oracledb 5

> oracledb@3.0.0 install /__w/appoptics-apm-node/appoptics-apm-node/node_modules/oracledb
> node package/oracledbinstall.js

oracledb Beginning installation
oracledb Verifying installation
oracledb Continuing installation
oracledb [31mERR![0m NJS-054: Binary build/Release/oracledb.node was not installed.
oracledb [31mERR![0m Pre-built binary packages are not available for this version of Node.js (NODE_MODULE_VERSION="83")
oracledb [31mERR![0m Failed to install binary package oracledb-v3.0.0-node-abi83-linux-x64.gz
oracledb [31mERR![0m EACCES: permission denied, mkdir 'build'
oracledb [31mERR![0m For help see https://oracle.github.io/node-oracledb/INSTALL.html#troubleshooting

npm WARN optional SKIPPING OPTIONAL DEPENDENCY: fsevents@~2.3.1 (node_modules/chokidar/node_modules/fsevents):
npm WARN notsup SKIPPING OPTIONAL DEPENDENCY: Unsupported platform for fsevents@2.3.2: wanted {"os":"darwin","arch":"any"} (current: {"os":"linux","arch":"x64"})

npm ERR! code ELIFECYCLE
npm ERR! errno 87
npm ERR! oracledb@3.0.0 install: `node package/oracledbinstall.js`
npm ERR! Exit status 87
npm ERR! 
npm ERR! Failed at the oracledb@3.0.0 install script.
npm ERR! This is probably not a problem with npm. There is likely additional logging output above.

npm ERR! A complete log of this run can be found in:
npm ERR!     /github/home/.npm/_logs/2021-11-23T06_34_45_223Z-debug.log
npm WARN deprecated oracledb@3.0.1: Update to node-oracledb 5

> oracledb@3.0.1 install /__w/appoptics-apm-node/appoptics-apm-node/node_modules/oracledb
> node package/oracledbinstall.js

oracledb Beginning installation
oracledb [31mERR![0m NJS-054: Binary build/Release/oracledb.node was not installed.
oracledb [31mERR![0m Pre-built binary packages are not available for Node.js v14.18.1 (NODE_MODULE_VERSION="83")
oracledb [31mERR![0m Failed to install binary package oracledb-v3.0.1-node-abi83-linux-x64.gz
oracledb [31mERR![0m EACCES: permission denied, mkdir 'build'
oracledb [31mERR![0m For help see https://oracle.github.io/node-oracledb/INSTALL.html#troubleshooting

npm WARN optional SKIPPING OPTIONAL DEPENDENCY: fsevents@~2.3.1 (node_modules/chokidar/node_modules/fsevents):
npm WARN notsup SKIPPING OPTIONAL DEPENDENCY: Unsupported platform for fsevents@2.3.2: wanted {"os":"darwin","arch":"any"} (current: {"os":"linux","arch":"x64"})

npm ERR! code ELIFECYCLE
npm ERR! errno 87
npm ERR! oracledb@3.0.1 install: `node package/oracledbinstall.js`
npm ERR! Exit status 87
npm ERR! 
npm ERR! Failed at the oracledb@3.0.1 install script.
npm ERR! This is probably not a problem with npm. There is likely additional logging output above.

npm ERR! A complete log of this run can be found in:
npm ERR!     /github/home/.npm/_logs/2021-11-23T06_34_50_139Z-debug.log
npm WARN deprecated oracledb@3.1.0: Update to node-oracledb 5

> oracledb@3.1.0 install /__w/appoptics-apm-node/appoptics-apm-node/node_modules/oracledb
> node package/install.js

oracledb [31mERR![0m NJS-067: a pre-built node-oracledb binary was not found for Node.js v14.18.1 (NODE_MODULE_VERSION=83) on linux x64
oracledb [31mERR![0m Try compiling node-oracledb source code using https://oracle.github.io/node-oracledb/INSTALL.html#github
npm WARN optional SKIPPING OPTIONAL DEPENDENCY: fsevents@~2.3.1 (node_modules/chokidar/node_modules/fsevents):
npm WARN notsup SKIPPING OPTIONAL DEPENDENCY: Unsupported platform for fsevents@2.3.2: wanted {"os":"darwin","arch":"any"} (current: {"os":"linux","arch":"x64"})

npm ERR! code ELIFECYCLE
npm ERR! errno 87
npm ERR! oracledb@3.1.0 install: `node package/install.js`
npm ERR! Exit status 87
npm ERR! 
npm ERR! Failed at the oracledb@3.1.0 install script.
npm ERR! This is probably not a problem with npm. There is likely additional logging output above.

npm ERR! A complete log of this run can be found in:
npm ERR!     /github/home/.npm/_logs/2021-11-23T06_34_56_363Z-debug.log
npm WARN deprecated oracledb@3.1.1: Update to node-oracledb 5

> oracledb@3.1.1 install /__w/appoptics-apm-node/appoptics-apm-node/node_modules/oracledb
> node package/install.js

oracledb [31mERR![0m NJS-067: a pre-built node-oracledb binary was not found for Node.js v14.18.1 (NODE_MODULE_VERSION=83) on linux x64
oracledb [31mERR![0m Try compiling node-oracledb source code using https://oracle.github.io/node-oracledb/INSTALL.html#github
npm WARN optional SKIPPING OPTIONAL DEPENDENCY: fsevents@~2.3.1 (node_modules/chokidar/node_modules/fsevents):
npm WARN notsup SKIPPING OPTIONAL DEPENDENCY: Unsupported platform for fsevents@2.3.2: wanted {"os":"darwin","arch":"any"} (current: {"os":"linux","arch":"x64"})

npm ERR! code ELIFECYCLE
npm ERR! errno 87
npm ERR! oracledb@3.1.1 install: `node package/install.js`
npm ERR! Exit status 87
npm ERR! 
npm ERR! Failed at the oracledb@3.1.1 install script.
npm ERR! This is probably not a problem with npm. There is likely additional logging output above.

npm ERR! A complete log of this run can be found in:
npm ERR!     /github/home/.npm/_logs/2021-11-23T06_35_03_464Z-debug.log
npm WARN deprecated oracledb@3.1.2: Update to node-oracledb 5

> oracledb@3.1.2 install /__w/appoptics-apm-node/appoptics-apm-node/node_modules/oracledb
> node package/install.js

oracledb [31mERR![0m NJS-067: a pre-built node-oracledb binary was not found for Node.js v14.18.1 (NODE_MODULE_VERSION=83) on linux x64
oracledb [31mERR![0m Try compiling node-oracledb source code using https://oracle.github.io/node-oracledb/INSTALL.html#github
npm WARN optional SKIPPING OPTIONAL DEPENDENCY: fsevents@~2.3.1 (node_modules/chokidar/node_modules/fsevents):
npm WARN notsup SKIPPING OPTIONAL DEPENDENCY: Unsupported platform for fsevents@2.3.2: wanted {"os":"darwin","arch":"any"} (current: {"os":"linux","arch":"x64"})

npm ERR! code ELIFECYCLE
npm ERR! errno 87
npm ERR! oracledb@3.1.2 install: `node package/install.js`
npm ERR! Exit status 87
npm ERR! 
npm ERR! Failed at the oracledb@3.1.2 install script.
npm ERR! This is probably not a problem with npm. There is likely additional logging output above.

npm ERR! A complete log of this run can be found in:
npm ERR!     /github/home/.npm/_logs/2021-11-23T06_35_08_081Z-debug.log
npm WARN deprecated oracledb@4.0.0: Update to node-oracledb 5

> oracledb@4.0.0 install /__w/appoptics-apm-node/appoptics-apm-node/node_modules/oracledb
> node package/install.js

oracledb ********************************************************************************
oracledb ** Node-oracledb 4.0.0 installed for Node.js 14.18.1 (linux, x64)
oracledb **
oracledb ** To use node-oracledb:
oracledb ** - Oracle Client libraries (64-bit) must be configured with ldconfig or LD_LIBRARY_PATH
oracledb ** - To get libraries, install an Instant Client Basic or Basic Light package from
oracledb **   https://www.oracle.com/technetwork/topics/linuxx86-64soft-092277.html
oracledb **
oracledb ** Installation instructions: https://oracle.github.io/node-oracledb/INSTALL.html
oracledb ********************************************************************************

npm WARN optional SKIPPING OPTIONAL DEPENDENCY: fsevents@~2.3.1 (node_modules/chokidar/node_modules/fsevents):
npm WARN notsup SKIPPING OPTIONAL DEPENDENCY: Unsupported platform for fsevents@2.3.2: wanted {"os":"darwin","arch":"any"} (current: {"os":"linux","arch":"x64"})

+ oracledb@4.0.0
added 1 package and audited 1085 packages in 4.157s

80 packages are looking for funding
  run `npm fund` for details

found 28 vulnerabilities (13 moderate, 12 high, 3 critical)
  run `npm audit fix` to fix them, or `npm audit` for details
2021-11-23T06:35:13.456Z appoptics:debug read config from /__w/appoptics-apm-node/appoptics-apm-node/appoptics-apm-config
2021-11-23T06:35:13.456Z appoptics:debug guc ignoring APPOPTICS_LOG_SETTINGS
2021-11-23T06:35:13.456Z appoptics:debug serviceKey dIOz...wWK0:ao-node-test
2021-11-23T06:35:13.457Z appoptics:debug using context provider: ace-context
2021-11-23T06:35:13.649Z appoptics:debug apm 10.1.1-prerelease.0, bindings 11.1.0, oboe 10.1.1
2021-11-23T06:35:13.975Z appoptics:patching patched crypto 
2021-11-23T06:35:14.064Z appoptics:patching patched https 
2021-11-23T06:35:14.065Z appoptics:patching patched http 
2021-11-23T06:35:14.098Z appoptics:patching patched oracledb 4.0.0
2021-11-23T06:35:14.101Z appoptics:debug starting runtimeMetrics


  probes.oracledb 4.0.0
    âœ“ UDP might lose a message
2021-11-23T06:35:14.125Z appoptics:debug asking helper to execute test_basic
2021-11-23T06:35:14.125Z appoptics:debug test_basic being executed
2021-11-23T06:35:14.125Z appoptics:debug oracledb wrapping getConnection
2021-11-23T06:35:14.223Z appoptics:debug done with test_basic oracledb.getConnection
2021-11-23T06:35:14.342Z appoptics:debug test_basic query callback invoked
    âœ“ should trace execute calls (227ms)
2021-11-23T06:35:14.356Z appoptics:debug ORACLEDB wrapping createPool
2021-11-23T06:35:14.360Z appoptics:debug oracledb wrapping getConnection
2021-11-23T06:35:14.413Z appoptics:debug connection.execute() seems to be patched
2021-11-23T06:35:14.413Z appoptics:debug connection.commit() seems to be patched
2021-11-23T06:35:14.414Z appoptics:debug connection.rollback() seems to be patched
2021-11-23T06:35:14.414Z appoptics:debug connection.break() seems to be patched
2021-11-23T06:35:14.414Z appoptics:debug connection.release seems to be patched
    âœ“ should trace execute calls in pool (61ms)
2021-11-23T06:35:14.417Z appoptics:debug oracledb wrapping getConnection
2021-11-23T06:35:14.468Z appoptics:debug connection.execute() seems to be patched
2021-11-23T06:35:14.468Z appoptics:debug connection.commit() seems to be patched
2021-11-23T06:35:14.468Z appoptics:debug connection.rollback() seems to be patched
2021-11-23T06:35:14.468Z appoptics:debug connection.break() seems to be patched
2021-11-23T06:35:14.468Z appoptics:debug connection.release seems to be patched
    âœ“ should include correct isAutoCommit value (56ms)


  4 passing (370ms)

npm WARN deprecated oracledb@4.0.1: Update to node-oracledb 5

> oracledb@4.0.1 install /__w/appoptics-apm-node/appoptics-apm-node/node_modules/oracledb
> node package/install.js

oracledb ********************************************************************************
oracledb ** Node-oracledb 4.0.1 installed for Node.js 14.18.1 (linux, x64)
oracledb **
oracledb ** To use node-oracledb:
oracledb ** - Oracle Client libraries (64-bit) must be configured with ldconfig or LD_LIBRARY_PATH
oracledb ** - To get libraries, install an Instant Client Basic or Basic Light package from
oracledb **   https://www.oracle.com/technetwork/topics/linuxx86-64soft-092277.html
oracledb **
oracledb ** Installation instructions: https://oracle.github.io/node-oracledb/INSTALL.html
oracledb ********************************************************************************

npm WARN optional SKIPPING OPTIONAL DEPENDENCY: fsevents@~2.3.1 (node_modules/chokidar/node_modules/fsevents):
npm WARN notsup SKIPPING OPTIONAL DEPENDENCY: Unsupported platform for fsevents@2.3.2: wanted {"os":"darwin","arch":"any"} (current: {"os":"linux","arch":"x64"})

+ oracledb@4.0.1
updated 1 package and audited 1085 packages in 4.147s

80 packages are looking for funding
  run `npm fund` for details

found 28 vulnerabilities (13 moderate, 12 high, 3 critical)
  run `npm audit fix` to fix them, or `npm audit` for details
2021-11-23T06:35:19.670Z appoptics:debug read config from /__w/appoptics-apm-node/appoptics-apm-node/appoptics-apm-config
2021-11-23T06:35:19.671Z appoptics:debug guc ignoring APPOPTICS_LOG_SETTINGS
2021-11-23T06:35:19.671Z appoptics:debug serviceKey dIOz...wWK0:ao-node-test
2021-11-23T06:35:19.671Z appoptics:debug using context provider: ace-context
2021-11-23T06:35:19.732Z appoptics:debug apm 10.1.1-prerelease.0, bindings 11.1.0, oboe 10.1.1
2021-11-23T06:35:19.870Z appoptics:patching patched crypto 
2021-11-23T06:35:19.888Z appoptics:patching patched https 
2021-11-23T06:35:19.888Z appoptics:patching patched http 
2021-11-23T06:35:19.919Z appoptics:patching patched oracledb 4.0.1
2021-11-23T06:35:19.922Z appoptics:debug starting runtimeMetrics


  probes.oracledb 4.0.1
    âœ“ UDP might lose a message
2021-11-23T06:35:19.944Z appoptics:debug asking helper to execute test_basic
2021-11-23T06:35:19.944Z appoptics:debug test_basic being executed
2021-11-23T06:35:19.944Z appoptics:debug oracledb wrapping getConnection
2021-11-23T06:35:19.953Z appoptics:debug done with test_basic oracledb.getConnection
2021-11-23T06:35:19.992Z appoptics:debug test_basic query callback invoked
    âœ“ should trace execute calls (52ms)
2021-11-23T06:35:19.998Z appoptics:debug ORACLEDB wrapping createPool
2021-11-23T06:35:20.001Z appoptics:debug oracledb wrapping getConnection
2021-11-23T06:35:20.035Z appoptics:debug connection.execute() seems to be patched
2021-11-23T06:35:20.035Z appoptics:debug connection.commit() seems to be patched
2021-11-23T06:35:20.035Z appoptics:debug connection.rollback() seems to be patched
2021-11-23T06:35:20.035Z appoptics:debug connection.break() seems to be patched
2021-11-23T06:35:20.035Z appoptics:debug connection.release seems to be patched
    âœ“ should trace execute calls in pool (39ms)
2021-11-23T06:35:20.037Z appoptics:debug oracledb wrapping getConnection
2021-11-23T06:35:20.072Z appoptics:debug connection.execute() seems to be patched
2021-11-23T06:35:20.072Z appoptics:debug connection.commit() seems to be patched
2021-11-23T06:35:20.072Z appoptics:debug connection.rollback() seems to be patched
2021-11-23T06:35:20.072Z appoptics:debug connection.break() seems to be patched
2021-11-23T06:35:20.072Z appoptics:debug connection.release seems to be patched
    âœ“ should include correct isAutoCommit value (39ms)


  4 passing (151ms)

npm WARN deprecated oracledb@4.1.0: Update to node-oracledb 5

> oracledb@4.1.0 install /__w/appoptics-apm-node/appoptics-apm-node/node_modules/oracledb
> node package/install.js

oracledb ********************************************************************************
oracledb ** Node-oracledb 4.1.0 installed for Node.js 14.18.1 (linux, x64)
oracledb **
oracledb ** To use node-oracledb:
oracledb ** - Oracle Client libraries (64-bit) must be configured with ldconfig or LD_LIBRARY_PATH
oracledb ** - To get libraries, install an Instant Client Basic or Basic Light package from
oracledb **   https://www.oracle.com/technetwork/topics/linuxx86-64soft-092277.html
oracledb **
oracledb ** Installation instructions: https://oracle.github.io/node-oracledb/INSTALL.html
oracledb ********************************************************************************

npm WARN optional SKIPPING OPTIONAL DEPENDENCY: fsevents@~2.3.1 (node_modules/chokidar/node_modules/fsevents):
npm WARN notsup SKIPPING OPTIONAL DEPENDENCY: Unsupported platform for fsevents@2.3.2: wanted {"os":"darwin","arch":"any"} (current: {"os":"linux","arch":"x64"})

+ oracledb@4.1.0
updated 1 package and audited 1085 packages in 4.109s

80 packages are looking for funding
  run `npm fund` for details

found 28 vulnerabilities (13 moderate, 12 high, 3 critical)
  run `npm audit fix` to fix them, or `npm audit` for details
2021-11-23T06:35:25.133Z appoptics:debug read config from /__w/appoptics-apm-node/appoptics-apm-node/appoptics-apm-config
2021-11-23T06:35:25.134Z appoptics:debug guc ignoring APPOPTICS_LOG_SETTINGS
2021-11-23T06:35:25.134Z appoptics:debug serviceKey dIOz...wWK0:ao-node-test
2021-11-23T06:35:25.134Z appoptics:debug using context provider: ace-context
2021-11-23T06:35:25.196Z appoptics:debug apm 10.1.1-prerelease.0, bindings 11.1.0, oboe 10.1.1
2021-11-23T06:35:25.348Z appoptics:patching patched crypto 
2021-11-23T06:35:25.390Z appoptics:patching patched https 
2021-11-23T06:35:25.390Z appoptics:patching patched http 
2021-11-23T06:35:25.414Z appoptics:patching patched oracledb 4.1.0
2021-11-23T06:35:25.417Z appoptics:debug starting runtimeMetrics


  probes.oracledb 4.1.0
    âœ“ UDP might lose a message
2021-11-23T06:35:25.442Z appoptics:debug asking helper to execute test_basic
2021-11-23T06:35:25.443Z appoptics:debug test_basic being executed
2021-11-23T06:35:25.443Z appoptics:debug oracledb wrapping getConnection
2021-11-23T06:35:25.453Z appoptics:debug done with test_basic oracledb.getConnection
2021-11-23T06:35:25.494Z appoptics:debug test_basic query callback invoked
    âœ“ should trace execute calls (58ms)
2021-11-23T06:35:25.502Z appoptics:debug ORACLEDB wrapping createPool
2021-11-23T06:35:25.508Z appoptics:debug oracledb wrapping getConnection
2021-11-23T06:35:25.543Z appoptics:debug connection.execute() seems to be patched
2021-11-23T06:35:25.543Z appoptics:debug connection.commit() seems to be patched
2021-11-23T06:35:25.543Z appoptics:debug connection.rollback() seems to be patched
2021-11-23T06:35:25.543Z appoptics:debug connection.break() seems to be patched
2021-11-23T06:35:25.543Z appoptics:debug connection.release seems to be patched
    âœ“ should trace execute calls in pool (44ms)
2021-11-23T06:35:25.547Z appoptics:debug oracledb wrapping getConnection
2021-11-23T06:35:25.584Z appoptics:debug connection.execute() seems to be patched
2021-11-23T06:35:25.584Z appoptics:debug connection.commit() seems to be patched
2021-11-23T06:35:25.584Z appoptics:debug connection.rollback() seems to be patched
2021-11-23T06:35:25.584Z appoptics:debug connection.break() seems to be patched
2021-11-23T06:35:25.584Z appoptics:debug connection.release seems to be patched
    âœ“ should include correct isAutoCommit value (43ms)


  4 passing (170ms)

npm WARN deprecated oracledb@4.2.0: Update to node-oracledb 5

> oracledb@4.2.0 install /__w/appoptics-apm-node/appoptics-apm-node/node_modules/oracledb
> node package/install.js

oracledb ********************************************************************************
oracledb ** Node-oracledb 4.2.0 installed for Node.js 14.18.1 (linux, x64)
oracledb **
oracledb ** To use node-oracledb:
oracledb ** - Oracle Client libraries (64-bit) must be configured with ldconfig or LD_LIBRARY_PATH
oracledb ** - To get libraries, install an Instant Client Basic or Basic Light package from
oracledb **   https://www.oracle.com/database/technologies/instant-client/linux-x86-64-downloads.html
oracledb **
oracledb ** Installation instructions: https://oracle.github.io/node-oracledb/INSTALL.html
oracledb ********************************************************************************

npm WARN optional SKIPPING OPTIONAL DEPENDENCY: fsevents@~2.3.1 (node_modules/chokidar/node_modules/fsevents):
npm WARN notsup SKIPPING OPTIONAL DEPENDENCY: Unsupported platform for fsevents@2.3.2: wanted {"os":"darwin","arch":"any"} (current: {"os":"linux","arch":"x64"})

+ oracledb@4.2.0
updated 1 package and audited 1085 packages in 4.533s

80 packages are looking for funding
  run `npm fund` for details

found 28 vulnerabilities (13 moderate, 12 high, 3 critical)
  run `npm audit fix` to fix them, or `npm audit` for details
2021-11-23T06:35:31.171Z appoptics:debug read config from /__w/appoptics-apm-node/appoptics-apm-node/appoptics-apm-config
2021-11-23T06:35:31.172Z appoptics:debug guc ignoring APPOPTICS_LOG_SETTINGS
2021-11-23T06:35:31.172Z appoptics:debug serviceKey dIOz...wWK0:ao-node-test
2021-11-23T06:35:31.174Z appoptics:debug using context provider: ace-context
2021-11-23T06:35:31.232Z appoptics:debug apm 10.1.1-prerelease.0, bindings 11.1.0, oboe 10.1.1
2021-11-23T06:35:31.377Z appoptics:patching patched crypto 
2021-11-23T06:35:31.395Z appoptics:patching patched https 
2021-11-23T06:35:31.396Z appoptics:patching patched http 
2021-11-23T06:35:31.428Z appoptics:patching patched oracledb 4.2.0
2021-11-23T06:35:31.431Z appoptics:debug starting runtimeMetrics


  probes.oracledb 4.2.0
    âœ“ UDP might lose a message
2021-11-23T06:35:31.452Z appoptics:debug asking helper to execute test_basic
2021-11-23T06:35:31.453Z appoptics:debug test_basic being executed
2021-11-23T06:35:31.453Z appoptics:debug oracledb wrapping getConnection
2021-11-23T06:35:31.461Z appoptics:debug done with test_basic oracledb.getConnection
2021-11-23T06:35:31.501Z appoptics:debug test_basic query callback invoked
    âœ“ should trace execute calls (53ms)
2021-11-23T06:35:31.508Z appoptics:debug ORACLEDB wrapping createPool
2021-11-23T06:35:31.510Z appoptics:debug oracledb wrapping getConnection
2021-11-23T06:35:31.543Z appoptics:debug connection.execute() seems to be patched
2021-11-23T06:35:31.543Z appoptics:debug connection.commit() seems to be patched
2021-11-23T06:35:31.543Z appoptics:debug connection.rollback() seems to be patched
2021-11-23T06:35:31.543Z appoptics:debug connection.break() seems to be patched
2021-11-23T06:35:31.543Z appoptics:debug connection.release seems to be patched
    âœ“ should trace execute calls in pool (38ms)
2021-11-23T06:35:31.546Z appoptics:debug oracledb wrapping getConnection
2021-11-23T06:35:31.579Z appoptics:debug connection.execute() seems to be patched
2021-11-23T06:35:31.579Z appoptics:debug connection.commit() seems to be patched
2021-11-23T06:35:31.579Z appoptics:debug connection.rollback() seems to be patched
2021-11-23T06:35:31.579Z appoptics:debug connection.break() seems to be patched
2021-11-23T06:35:31.579Z appoptics:debug connection.release seems to be patched
    âœ“ should include correct isAutoCommit value


  4 passing (150ms)


> oracledb@5.0.0 install /__w/appoptics-apm-node/appoptics-apm-node/node_modules/oracledb
> node package/install.js

oracledb ********************************************************************************
oracledb ** Node-oracledb 5.0.0 installed for Node.js 14.18.1 (linux, x64)
oracledb **
oracledb ** To use node-oracledb:
oracledb ** - Oracle Client libraries (64-bit) must be available.
oracledb ** - Follow the installation instructions:
oracledb **   https://oracle.github.io/node-oracledb/INSTALL.html#linuxinstall
oracledb ********************************************************************************

npm WARN optional SKIPPING OPTIONAL DEPENDENCY: fsevents@~2.3.1 (node_modules/chokidar/node_modules/fsevents):
npm WARN notsup SKIPPING OPTIONAL DEPENDENCY: Unsupported platform for fsevents@2.3.2: wanted {"os":"darwin","arch":"any"} (current: {"os":"linux","arch":"x64"})

+ oracledb@5.0.0
updated 1 package and audited 1085 packages in 4.383s

80 packages are looking for funding
  run `npm fund` for details

found 28 vulnerabilities (13 moderate, 12 high, 3 critical)
  run `npm audit fix` to fix them, or `npm audit` for details
2021-11-23T06:35:36.893Z appoptics:debug read config from /__w/appoptics-apm-node/appoptics-apm-node/appoptics-apm-config
2021-11-23T06:35:36.894Z appoptics:debug guc ignoring APPOPTICS_LOG_SETTINGS
2021-11-23T06:35:36.894Z appoptics:debug serviceKey dIOz...wWK0:ao-node-test
2021-11-23T06:35:36.894Z appoptics:debug using context provider: ace-context
2021-11-23T06:35:36.954Z appoptics:debug apm 10.1.1-prerelease.0, bindings 11.1.0, oboe 10.1.1
2021-11-23T06:35:37.090Z appoptics:patching patched crypto 
2021-11-23T06:35:37.108Z appoptics:patching patched https 
2021-11-23T06:35:37.108Z appoptics:patching patched http 
2021-11-23T06:35:37.139Z appoptics:patching patched oracledb 5.0.0
2021-11-23T06:35:37.142Z appoptics:debug starting runtimeMetrics


  probes.oracledb 5.0.0
    âœ“ UDP might lose a message
2021-11-23T06:35:37.163Z appoptics:debug asking helper to execute test_basic
2021-11-23T06:35:37.163Z appoptics:debug test_basic being executed
2021-11-23T06:35:37.163Z appoptics:debug oracledb wrapping getConnection
2021-11-23T06:35:37.173Z appoptics:debug done with test_basic oracledb.getConnection
2021-11-23T06:35:37.237Z appoptics:debug test_basic query callback invoked
    âœ“ should trace execute calls (82ms)
2021-11-23T06:35:37.249Z appoptics:debug ORACLEDB wrapping createPool
2021-11-23T06:35:37.259Z appoptics:debug oracledb wrapping getConnection
2021-11-23T06:35:37.313Z appoptics:debug connection.execute() seems to be patched
2021-11-23T06:35:37.313Z appoptics:debug connection.commit() seems to be patched
2021-11-23T06:35:37.313Z appoptics:debug connection.rollback() seems to be patched
2021-11-23T06:35:37.313Z appoptics:debug connection.break() seems to be patched
2021-11-23T06:35:37.313Z appoptics:debug connection.release seems to be patched
    âœ“ should trace execute calls in pool (68ms)
2021-11-23T06:35:37.316Z appoptics:debug oracledb wrapping getConnection
2021-11-23T06:35:37.353Z appoptics:debug connection.execute() seems to be patched
2021-11-23T06:35:37.353Z appoptics:debug connection.commit() seems to be patched
2021-11-23T06:35:37.353Z appoptics:debug connection.rollback() seems to be patched
2021-11-23T06:35:37.353Z appoptics:debug connection.break() seems to be patched
2021-11-23T06:35:37.353Z appoptics:debug connection.release seems to be patched
    âœ“ should include correct isAutoCommit value (43ms)


  4 passing (212ms)


> oracledb@5.1.0 install /__w/appoptics-apm-node/appoptics-apm-node/node_modules/oracledb
> node package/install.js

oracledb ********************************************************************************
oracledb ** Node-oracledb 5.1.0 installed for Node.js 14.18.1 (linux, x64)
oracledb **
oracledb ** To use node-oracledb:
oracledb ** - Oracle Client libraries (64-bit) must be available.
oracledb ** - Follow the installation instructions:
oracledb **   https://oracle.github.io/node-oracledb/INSTALL.html#linuxinstall
oracledb ********************************************************************************

npm WARN optional SKIPPING OPTIONAL DEPENDENCY: fsevents@~2.3.1 (node_modules/chokidar/node_modules/fsevents):
npm WARN notsup SKIPPING OPTIONAL DEPENDENCY: Unsupported platform for fsevents@2.3.2: wanted {"os":"darwin","arch":"any"} (current: {"os":"linux","arch":"x64"})

+ oracledb@5.1.0
updated 1 package and audited 1085 packages in 4.699s

80 packages are looking for funding
  run `npm fund` for details

found 28 vulnerabilities (13 moderate, 12 high, 3 critical)
  run `npm audit fix` to fix them, or `npm audit` for details
2021-11-23T06:35:43.028Z appoptics:debug read config from /__w/appoptics-apm-node/appoptics-apm-node/appoptics-apm-config
2021-11-23T06:35:43.029Z appoptics:debug guc ignoring APPOPTICS_LOG_SETTINGS
2021-11-23T06:35:43.029Z appoptics:debug serviceKey dIOz...wWK0:ao-node-test
2021-11-23T06:35:43.030Z appoptics:debug using context provider: ace-context
2021-11-23T06:35:43.088Z appoptics:debug apm 10.1.1-prerelease.0, bindings 11.1.0, oboe 10.1.1
2021-11-23T06:35:43.223Z appoptics:patching patched crypto 
2021-11-23T06:35:43.241Z appoptics:patching patched https 
2021-11-23T06:35:43.243Z appoptics:patching patched http 
2021-11-23T06:35:43.273Z appoptics:patching patched oracledb 5.1.0
2021-11-23T06:35:43.276Z appoptics:debug starting runtimeMetrics


  probes.oracledb 5.1.0
    âœ“ UDP might lose a message
2021-11-23T06:35:43.298Z appoptics:debug asking helper to execute test_basic
2021-11-23T06:35:43.298Z appoptics:debug test_basic being executed
2021-11-23T06:35:43.298Z appoptics:debug oracledb wrapping getConnection
2021-11-23T06:35:43.308Z appoptics:debug done with test_basic oracledb.getConnection
2021-11-23T06:35:43.346Z appoptics:debug test_basic query callback invoked
    âœ“ should trace execute calls (52ms)
2021-11-23T06:35:43.352Z appoptics:debug ORACLEDB wrapping createPool
2021-11-23T06:35:43.354Z appoptics:debug oracledb wrapping getConnection
2021-11-23T06:35:43.387Z appoptics:debug connection.execute() seems to be patched
2021-11-23T06:35:43.387Z appoptics:debug connection.commit() seems to be patched
2021-11-23T06:35:43.387Z appoptics:debug connection.rollback() seems to be patched
2021-11-23T06:35:43.387Z appoptics:debug connection.break() seems to be patched
2021-11-23T06:35:43.387Z appoptics:debug connection.release seems to be patched
    âœ“ should trace execute calls in pool
2021-11-23T06:35:43.390Z appoptics:debug oracledb wrapping getConnection
2021-11-23T06:35:43.423Z appoptics:debug connection.execute() seems to be patched
2021-11-23T06:35:43.423Z appoptics:debug connection.commit() seems to be patched
2021-11-23T06:35:43.423Z appoptics:debug connection.rollback() seems to be patched
2021-11-23T06:35:43.423Z appoptics:debug connection.break() seems to be patched
2021-11-23T06:35:43.423Z appoptics:debug connection.release seems to be patched
    âœ“ should include correct isAutoCommit value (39ms)


  4 passing (150ms)


> oracledb@5.2.0 install /__w/appoptics-apm-node/appoptics-apm-node/node_modules/oracledb
> node package/install.js

oracledb ********************************************************************************
oracledb ** Node-oracledb 5.2.0 installed in Node.js 14.18.1 (linux, x64)
oracledb **
oracledb ** To use node-oracledb:
oracledb ** - Oracle Client libraries (64-bit) must be available.
oracledb ** - Follow the installation instructions:
oracledb **   https://oracle.github.io/node-oracledb/INSTALL.html#linuxinstall
oracledb ********************************************************************************

npm WARN optional SKIPPING OPTIONAL DEPENDENCY: fsevents@~2.3.1 (node_modules/chokidar/node_modules/fsevents):
npm WARN notsup SKIPPING OPTIONAL DEPENDENCY: Unsupported platform for fsevents@2.3.2: wanted {"os":"darwin","arch":"any"} (current: {"os":"linux","arch":"x64"})

+ oracledb@5.2.0
updated 1 package and audited 1085 packages in 4.287s

80 packages are looking for funding
  run `npm fund` for details

found 28 vulnerabilities (13 moderate, 12 high, 3 critical)
  run `npm audit fix` to fix them, or `npm audit` for details
2021-11-23T06:35:48.607Z appoptics:debug read config from /__w/appoptics-apm-node/appoptics-apm-node/appoptics-apm-config
2021-11-23T06:35:48.607Z appoptics:debug guc ignoring APPOPTICS_LOG_SETTINGS
2021-11-23T06:35:48.607Z appoptics:debug serviceKey dIOz...wWK0:ao-node-test
2021-11-23T06:35:48.608Z appoptics:debug using context provider: ace-context
2021-11-23T06:35:48.666Z appoptics:debug apm 10.1.1-prerelease.0, bindings 11.1.0, oboe 10.1.1
2021-11-23T06:35:48.807Z appoptics:patching patched crypto 
2021-11-23T06:35:48.825Z appoptics:patching patched https 
2021-11-23T06:35:48.826Z appoptics:patching patched http 
2021-11-23T06:35:48.856Z appoptics:patching patched oracledb 5.2.0
2021-11-23T06:35:48.859Z appoptics:debug starting runtimeMetrics


  probes.oracledb 5.2.0
    âœ“ UDP might lose a message
2021-11-23T06:35:48.880Z appoptics:debug asking helper to execute test_basic
2021-11-23T06:35:48.880Z appoptics:debug test_basic being executed
2021-11-23T06:35:48.880Z appoptics:debug oracledb wrapping getConnection
2021-11-23T06:35:48.889Z appoptics:debug done with test_basic oracledb.getConnection
2021-11-23T06:35:48.928Z appoptics:debug test_basic query callback invoked
    âœ“ should trace execute calls (52ms)
2021-11-23T06:35:48.934Z appoptics:debug ORACLEDB wrapping createPool
2021-11-23T06:35:48.937Z appoptics:debug oracledb wrapping getConnection
2021-11-23T06:35:48.969Z appoptics:debug connection.execute() seems to be patched
2021-11-23T06:35:48.969Z appoptics:debug connection.commit() seems to be patched
2021-11-23T06:35:48.969Z appoptics:debug connection.rollback() seems to be patched
2021-11-23T06:35:48.969Z appoptics:debug connection.break() seems to be patched
2021-11-23T06:35:48.969Z appoptics:debug connection.release seems to be patched
    âœ“ should trace execute calls in pool
2021-11-23T06:35:48.972Z appoptics:debug oracledb wrapping getConnection
2021-11-23T06:35:49.005Z appoptics:debug connection.execute() seems to be patched
2021-11-23T06:35:49.006Z appoptics:debug connection.commit() seems to be patched
2021-11-23T06:35:49.006Z appoptics:debug connection.rollback() seems to be patched
2021-11-23T06:35:49.006Z appoptics:debug connection.break() seems to be patched
2021-11-23T06:35:49.006Z appoptics:debug connection.release seems to be patched
    âœ“ should include correct isAutoCommit value (38ms)


  4 passing (146ms)


> oracledb@5.3.0 install /__w/appoptics-apm-node/appoptics-apm-node/node_modules/oracledb
> node package/install.js

oracledb ********************************************************************************
oracledb ** Node-oracledb 5.3.0 installed in Node.js 14.18.1 (linux, x64)
oracledb **
oracledb ** To use node-oracledb:
oracledb ** - Oracle Client libraries (64-bit) must be available.
oracledb ** - Follow the installation instructions:
oracledb **   https://oracle.github.io/node-oracledb/INSTALL.html#linuxinstall
oracledb ********************************************************************************

npm WARN optional SKIPPING OPTIONAL DEPENDENCY: fsevents@~2.3.1 (node_modules/chokidar/node_modules/fsevents):
npm WARN notsup SKIPPING OPTIONAL DEPENDENCY: Unsupported platform for fsevents@2.3.2: wanted {"os":"darwin","arch":"any"} (current: {"os":"linux","arch":"x64"})

+ oracledb@5.3.0
updated 1 package and audited 1085 packages in 4.645s

80 packages are looking for funding
  run `npm fund` for details

found 28 vulnerabilities (13 moderate, 12 high, 3 critical)
  run `npm audit fix` to fix them, or `npm audit` for details
2021-11-23T06:35:54.632Z appoptics:debug read config from /__w/appoptics-apm-node/appoptics-apm-node/appoptics-apm-config
2021-11-23T06:35:54.633Z appoptics:debug guc ignoring APPOPTICS_LOG_SETTINGS
2021-11-23T06:35:54.633Z appoptics:debug serviceKey dIOz...wWK0:ao-node-test
2021-11-23T06:35:54.633Z appoptics:debug using context provider: ace-context
2021-11-23T06:35:54.694Z appoptics:debug apm 10.1.1-prerelease.0, bindings 11.1.0, oboe 10.1.1
2021-11-23T06:35:54.836Z appoptics:patching patched crypto 
2021-11-23T06:35:54.854Z appoptics:patching patched https 
2021-11-23T06:35:54.854Z appoptics:patching patched http 
2021-11-23T06:35:54.885Z appoptics:patching patched oracledb 5.3.0
2021-11-23T06:35:54.888Z appoptics:debug starting runtimeMetrics


  probes.oracledb 5.3.0
    âœ“ UDP might lose a message
2021-11-23T06:35:54.909Z appoptics:debug asking helper to execute test_basic
2021-11-23T06:35:54.910Z appoptics:debug test_basic being executed
2021-11-23T06:35:54.910Z appoptics:debug oracledb wrapping getConnection
2021-11-23T06:35:54.918Z appoptics:debug done with test_basic oracledb.getConnection
2021-11-23T06:35:54.956Z appoptics:debug test_basic query callback invoked
    âœ“ should trace execute calls (52ms)
2021-11-23T06:35:54.963Z appoptics:debug ORACLEDB wrapping createPool
2021-11-23T06:35:54.966Z appoptics:debug oracledb wrapping getConnection
2021-11-23T06:35:55.000Z appoptics:debug connection.execute() seems to be patched
2021-11-23T06:35:55.000Z appoptics:debug connection.commit() seems to be patched
2021-11-23T06:35:55.000Z appoptics:debug connection.rollback() seems to be patched
2021-11-23T06:35:55.000Z appoptics:debug connection.break() seems to be patched
2021-11-23T06:35:55.000Z appoptics:debug connection.release seems to be patched
    âœ“ should trace execute calls in pool (39ms)
2021-11-23T06:35:55.003Z appoptics:debug oracledb wrapping getConnection
2021-11-23T06:35:55.035Z appoptics:debug connection.execute() seems to be patched
2021-11-23T06:35:55.035Z appoptics:debug connection.commit() seems to be patched
2021-11-23T06:35:55.035Z appoptics:debug connection.rollback() seems to be patched
2021-11-23T06:35:55.036Z appoptics:debug connection.break() seems to be patched
2021-11-23T06:35:55.036Z appoptics:debug connection.release seems to be patched
    âœ“ should include correct isAutoCommit value


  4 passing (147ms)


> oracledb@5.3.0 install /__w/appoptics-apm-node/appoptics-apm-node/node_modules/oracledb
> node package/install.js

oracledb ********************************************************************************
oracledb ** Node-oracledb 5.3.0 installed in Node.js 14.18.1 (linux, x64)
oracledb **
oracledb ** To use node-oracledb:
oracledb ** - Oracle Client libraries (64-bit) must be available.
oracledb ** - Follow the installation instructions:
oracledb **   https://oracle.github.io/node-oracledb/INSTALL.html#linuxinstall
oracledb ********************************************************************************

npm WARN optional SKIPPING OPTIONAL DEPENDENCY: fsevents@~2.3.1 (node_modules/chokidar/node_modules/fsevents):
npm WARN notsup SKIPPING OPTIONAL DEPENDENCY: Unsupported platform for fsevents@2.3.2: wanted {"os":"darwin","arch":"any"} (current: {"os":"linux","arch":"x64"})

+ oracledb@5.3.0
updated 1 package and audited 1085 packages in 5.351s

80 packages are looking for funding
  run `npm fund` for details

found 28 vulnerabilities (13 moderate, 12 high, 3 critical)
  run `npm audit fix` to fix them, or `npm audit` for details
