npm WARN deprecated oracledb@2.0.14: Update to node-oracledb 5

> oracledb@2.0.14 install /__w/appoptics-apm-node/appoptics-apm-node/node_modules/oracledb
> node package/oracledbinstall.js

oracledb Beginning installation
oracledb Verifying installation
oracledb Binary not found
oracledb Continuing installation
oracledb [31mERR![0m NJS-054: Binary build/Release/oracledb.node was not installed from oracledb-v2.0.14-node-v83-linux-x64.gz
oracledb [31mERR![0m EACCES: permission denied, mkdir 'build'
oracledb [31mERR![0m If the error is not network or filesystem related, then review 
oracledb [31mERR![0m the Python 2.7 and compiler prerequisites in the installation instructions and
oracledb [31mERR![0m then install from source code with: npm install oracle/node-oracledb.git#v2.0.14
oracledb [31mERR![0m See https://github.com/oracle/node-oracledb/blob/master/INSTALL.md 

npm WARN optional SKIPPING OPTIONAL DEPENDENCY: fsevents@~2.3.1 (node_modules/chokidar/node_modules/fsevents):
npm WARN notsup SKIPPING OPTIONAL DEPENDENCY: Unsupported platform for fsevents@2.3.2: wanted {"os":"darwin","arch":"any"} (current: {"os":"linux","arch":"x64"})

npm ERR! code ELIFECYCLE
npm ERR! errno 87
npm ERR! oracledb@2.0.14 install: `node package/oracledbinstall.js`
npm ERR! Exit status 87
npm ERR! 
npm ERR! Failed at the oracledb@2.0.14 install script.
npm ERR! This is probably not a problem with npm. There is likely additional logging output above.

npm ERR! A complete log of this run can be found in:
npm ERR!     /github/home/.npm/_logs/2021-09-18T00_50_19_797Z-debug.log
npm WARN deprecated oracledb@2.0.15: Update to node-oracledb 5

> oracledb@2.0.15 install /__w/appoptics-apm-node/appoptics-apm-node/node_modules/oracledb
> node package/oracledbinstall.js

oracledb Beginning installation
oracledb Verifying installation
oracledb Binary not found
oracledb Continuing installation
oracledb [31mERR![0m NJS-054: Binary build/Release/oracledb.node was not installed from oracledb-v2.0.15-node-v83-linux-x64.gz
oracledb [31mERR![0m EACCES: permission denied, mkdir 'build'
oracledb [31mERR![0m If the error is not network or filesystem related, then review 
oracledb [31mERR![0m the Python 2.7 and compiler prerequisites in the installation instructions and
oracledb [31mERR![0m then install from source code with: npm install oracle/node-oracledb.git#v2.0.15
oracledb [31mERR![0m See https://github.com/oracle/node-oracledb/blob/master/INSTALL.md 

npm WARN optional SKIPPING OPTIONAL DEPENDENCY: fsevents@~2.3.1 (node_modules/chokidar/node_modules/fsevents):
npm WARN notsup SKIPPING OPTIONAL DEPENDENCY: Unsupported platform for fsevents@2.3.2: wanted {"os":"darwin","arch":"any"} (current: {"os":"linux","arch":"x64"})

npm ERR! code ELIFECYCLE
npm ERR! errno 87
npm ERR! oracledb@2.0.15 install: `node package/oracledbinstall.js`
npm ERR! Exit status 87
npm ERR! 
npm ERR! Failed at the oracledb@2.0.15 install script.
npm ERR! This is probably not a problem with npm. There is likely additional logging output above.

npm ERR! A complete log of this run can be found in:
npm ERR!     /github/home/.npm/_logs/2021-09-18T00_50_25_915Z-debug.log
npm WARN deprecated oracledb@2.1.0: Update to node-oracledb 5

> oracledb@2.1.0 install /__w/appoptics-apm-node/appoptics-apm-node/node_modules/oracledb
> node package/oracledbinstall.js

oracledb Beginning installation
oracledb Verifying installation
oracledb Binary not found
oracledb Continuing installation
oracledb [31mERR![0m NJS-054: Binary build/Release/oracledb.node was not installed from oracledb-v2.1.0-node-v83-linux-x64.gz
oracledb [31mERR![0m EACCES: permission denied, mkdir 'build'
oracledb [31mERR![0m If the error is not network or filesystem related, then review 
oracledb [31mERR![0m the Python 2.7 and compiler prerequisites in the installation instructions and
oracledb [31mERR![0m then install from source code with: npm install oracle/node-oracledb.git#v2.1.0
oracledb [31mERR![0m See https://github.com/oracle/node-oracledb/blob/master/INSTALL.md 

npm WARN optional SKIPPING OPTIONAL DEPENDENCY: fsevents@~2.3.1 (node_modules/chokidar/node_modules/fsevents):
npm WARN notsup SKIPPING OPTIONAL DEPENDENCY: Unsupported platform for fsevents@2.3.2: wanted {"os":"darwin","arch":"any"} (current: {"os":"linux","arch":"x64"})

npm ERR! code ELIFECYCLE
npm ERR! errno 87
npm ERR! oracledb@2.1.0 install: `node package/oracledbinstall.js`
npm ERR! Exit status 87
npm ERR! 
npm ERR! Failed at the oracledb@2.1.0 install script.
npm ERR! This is probably not a problem with npm. There is likely additional logging output above.

npm ERR! A complete log of this run can be found in:
npm ERR!     /github/home/.npm/_logs/2021-09-18T00_50_31_625Z-debug.log
npm WARN deprecated oracledb@2.1.1: Update to node-oracledb 5

> oracledb@2.1.1 install /__w/appoptics-apm-node/appoptics-apm-node/node_modules/oracledb
> node package/oracledbinstall.js

oracledb Beginning installation
oracledb Verifying installation
oracledb Binary not found
oracledb Continuing installation
oracledb [31mERR![0m NJS-054: Binary build/Release/oracledb.node was not installed from oracledb-v2.1.1-node-v83-linux-x64.gz
oracledb [31mERR![0m EACCES: permission denied, mkdir 'build'
oracledb [31mERR![0m If the error is not network or filesystem related, then review 
oracledb [31mERR![0m the Python 2.7 and compiler prerequisites in the installation instructions and
oracledb [31mERR![0m then install from source code with: npm install oracle/node-oracledb.git#v2.1.1
oracledb [31mERR![0m See https://github.com/oracle/node-oracledb/blob/master/INSTALL.md 

npm WARN optional SKIPPING OPTIONAL DEPENDENCY: fsevents@~2.3.1 (node_modules/chokidar/node_modules/fsevents):
npm WARN notsup SKIPPING OPTIONAL DEPENDENCY: Unsupported platform for fsevents@2.3.2: wanted {"os":"darwin","arch":"any"} (current: {"os":"linux","arch":"x64"})

npm ERR! code ELIFECYCLE
npm ERR! errno 87
npm ERR! oracledb@2.1.1 install: `node package/oracledbinstall.js`
npm ERR! Exit status 87
npm ERR! 
npm ERR! Failed at the oracledb@2.1.1 install script.
npm ERR! This is probably not a problem with npm. There is likely additional logging output above.

npm ERR! A complete log of this run can be found in:
npm ERR!     /github/home/.npm/_logs/2021-09-18T00_50_39_677Z-debug.log
npm WARN deprecated oracledb@2.1.2: Update to node-oracledb 5

> oracledb@2.1.2 install /__w/appoptics-apm-node/appoptics-apm-node/node_modules/oracledb
> node package/oracledbinstall.js

oracledb Beginning installation
oracledb Verifying installation
oracledb Binary not found
oracledb Continuing installation
oracledb [31mERR![0m NJS-054: Binary build/Release/oracledb.node was not installed from oracledb-v2.1.2-node-v83-linux-x64.gz
oracledb [31mERR![0m EACCES: permission denied, mkdir 'build'
oracledb [31mERR![0m If the error is not network or filesystem related, then review 
oracledb [31mERR![0m the Python 2.7 and compiler prerequisites in the installation instructions and
oracledb [31mERR![0m then install from source code with: npm install oracle/node-oracledb.git#v2.1.2
oracledb [31mERR![0m See https://github.com/oracle/node-oracledb/blob/master/INSTALL.md 

npm WARN optional SKIPPING OPTIONAL DEPENDENCY: fsevents@~2.3.1 (node_modules/chokidar/node_modules/fsevents):
npm WARN notsup SKIPPING OPTIONAL DEPENDENCY: Unsupported platform for fsevents@2.3.2: wanted {"os":"darwin","arch":"any"} (current: {"os":"linux","arch":"x64"})

npm ERR! code ELIFECYCLE
npm ERR! errno 87
npm ERR! oracledb@2.1.2 install: `node package/oracledbinstall.js`
npm ERR! Exit status 87
npm ERR! 
npm ERR! Failed at the oracledb@2.1.2 install script.
npm ERR! This is probably not a problem with npm. There is likely additional logging output above.

npm ERR! A complete log of this run can be found in:
npm ERR!     /github/home/.npm/_logs/2021-09-18T00_50_44_552Z-debug.log
npm WARN deprecated oracledb@2.2.0: Update to node-oracledb 5

> oracledb@2.2.0 install /__w/appoptics-apm-node/appoptics-apm-node/node_modules/oracledb
> node package/oracledbinstall.js

oracledb Beginning installation
oracledb Verifying installation
oracledb Continuing installation
oracledb [31mERR![0m NJS-054: Binary build/Release/oracledb.node was not installed.
oracledb [31mERR![0m Pre-built binary packages are not available for this version of Node.js (NODE_MODULE_VERSION="83")
oracledb [31mERR![0m Failed to install binary package oracledb-v2.2.0-node-v83-linux-x64.gz
oracledb [31mERR![0m EACCES: permission denied, mkdir 'build'
oracledb [31mERR![0m For help see https://oracle.github.io/node-oracledb/INSTALL.html#troubleshooting

npm WARN optional SKIPPING OPTIONAL DEPENDENCY: fsevents@~2.3.1 (node_modules/chokidar/node_modules/fsevents):
npm WARN notsup SKIPPING OPTIONAL DEPENDENCY: Unsupported platform for fsevents@2.3.2: wanted {"os":"darwin","arch":"any"} (current: {"os":"linux","arch":"x64"})

npm ERR! code ELIFECYCLE
npm ERR! errno 87
npm ERR! oracledb@2.2.0 install: `node package/oracledbinstall.js`
npm ERR! Exit status 87
npm ERR! 
npm ERR! Failed at the oracledb@2.2.0 install script.
npm ERR! This is probably not a problem with npm. There is likely additional logging output above.

npm ERR! A complete log of this run can be found in:
npm ERR!     /github/home/.npm/_logs/2021-09-18T00_50_50_594Z-debug.log
npm WARN deprecated oracledb@2.3.0: Update to node-oracledb 5

> oracledb@2.3.0 install /__w/appoptics-apm-node/appoptics-apm-node/node_modules/oracledb
> node package/oracledbinstall.js

oracledb Beginning installation
oracledb Verifying installation
oracledb Continuing installation
oracledb [31mERR![0m NJS-054: Binary build/Release/oracledb.node was not installed.
oracledb [31mERR![0m Pre-built binary packages are not available for this version of Node.js (NODE_MODULE_VERSION="83")
oracledb [31mERR![0m Failed to install binary package oracledb-v2.3.0-node-v83-linux-x64.gz
oracledb [31mERR![0m EACCES: permission denied, mkdir 'build'
oracledb [31mERR![0m For help see https://oracle.github.io/node-oracledb/INSTALL.html#troubleshooting

npm WARN optional SKIPPING OPTIONAL DEPENDENCY: fsevents@~2.3.1 (node_modules/chokidar/node_modules/fsevents):
npm WARN notsup SKIPPING OPTIONAL DEPENDENCY: Unsupported platform for fsevents@2.3.2: wanted {"os":"darwin","arch":"any"} (current: {"os":"linux","arch":"x64"})

npm ERR! code ELIFECYCLE
npm ERR! errno 87
npm ERR! oracledb@2.3.0 install: `node package/oracledbinstall.js`
npm ERR! Exit status 87
npm ERR! 
npm ERR! Failed at the oracledb@2.3.0 install script.
npm ERR! This is probably not a problem with npm. There is likely additional logging output above.

npm ERR! A complete log of this run can be found in:
npm ERR!     /github/home/.npm/_logs/2021-09-18T00_50_55_358Z-debug.log
npm WARN deprecated oracledb@3.0.0: Update to node-oracledb 5

> oracledb@3.0.0 install /__w/appoptics-apm-node/appoptics-apm-node/node_modules/oracledb
> node package/oracledbinstall.js

oracledb Beginning installation
oracledb Verifying installation
oracledb Continuing installation
oracledb [31mERR![0m NJS-054: Binary build/Release/oracledb.node was not installed.
oracledb [31mERR![0m Pre-built binary packages are not available for this version of Node.js (NODE_MODULE_VERSION="83")
oracledb [31mERR![0m Failed to install binary package oracledb-v3.0.0-node-abi83-linux-x64.gz
oracledb [31mERR![0m EACCES: permission denied, mkdir 'build'
oracledb [31mERR![0m For help see https://oracle.github.io/node-oracledb/INSTALL.html#troubleshooting

npm WARN optional SKIPPING OPTIONAL DEPENDENCY: fsevents@~2.3.1 (node_modules/chokidar/node_modules/fsevents):
npm WARN notsup SKIPPING OPTIONAL DEPENDENCY: Unsupported platform for fsevents@2.3.2: wanted {"os":"darwin","arch":"any"} (current: {"os":"linux","arch":"x64"})

npm ERR! code ELIFECYCLE
npm ERR! errno 87
npm ERR! oracledb@3.0.0 install: `node package/oracledbinstall.js`
npm ERR! Exit status 87
npm ERR! 
npm ERR! Failed at the oracledb@3.0.0 install script.
npm ERR! This is probably not a problem with npm. There is likely additional logging output above.

npm ERR! A complete log of this run can be found in:
npm ERR!     /github/home/.npm/_logs/2021-09-18T00_51_00_822Z-debug.log
npm WARN deprecated oracledb@3.0.1: Update to node-oracledb 5

> oracledb@3.0.1 install /__w/appoptics-apm-node/appoptics-apm-node/node_modules/oracledb
> node package/oracledbinstall.js

oracledb Beginning installation
oracledb [31mERR![0m NJS-054: Binary build/Release/oracledb.node was not installed.
oracledb [31mERR![0m Pre-built binary packages are not available for Node.js v14.17.6 (NODE_MODULE_VERSION="83")
oracledb [31mERR![0m Failed to install binary package oracledb-v3.0.1-node-abi83-linux-x64.gz
oracledb [31mERR![0m EACCES: permission denied, mkdir 'build'
oracledb [31mERR![0m For help see https://oracle.github.io/node-oracledb/INSTALL.html#troubleshooting

npm WARN optional SKIPPING OPTIONAL DEPENDENCY: fsevents@~2.3.1 (node_modules/chokidar/node_modules/fsevents):
npm WARN notsup SKIPPING OPTIONAL DEPENDENCY: Unsupported platform for fsevents@2.3.2: wanted {"os":"darwin","arch":"any"} (current: {"os":"linux","arch":"x64"})

npm ERR! code ELIFECYCLE
npm ERR! errno 87
npm ERR! oracledb@3.0.1 install: `node package/oracledbinstall.js`
npm ERR! Exit status 87
npm ERR! 
npm ERR! Failed at the oracledb@3.0.1 install script.
npm ERR! This is probably not a problem with npm. There is likely additional logging output above.

npm ERR! A complete log of this run can be found in:
npm ERR!     /github/home/.npm/_logs/2021-09-18T00_51_05_884Z-debug.log
npm WARN deprecated oracledb@3.1.0: Update to node-oracledb 5

> oracledb@3.1.0 install /__w/appoptics-apm-node/appoptics-apm-node/node_modules/oracledb
> node package/install.js

oracledb [31mERR![0m NJS-067: a pre-built node-oracledb binary was not found for Node.js v14.17.6 (NODE_MODULE_VERSION=83) on linux x64
oracledb [31mERR![0m Try compiling node-oracledb source code using https://oracle.github.io/node-oracledb/INSTALL.html#github
npm WARN optional SKIPPING OPTIONAL DEPENDENCY: fsevents@~2.3.1 (node_modules/chokidar/node_modules/fsevents):
npm WARN notsup SKIPPING OPTIONAL DEPENDENCY: Unsupported platform for fsevents@2.3.2: wanted {"os":"darwin","arch":"any"} (current: {"os":"linux","arch":"x64"})

npm ERR! code ELIFECYCLE
npm ERR! errno 87
npm ERR! oracledb@3.1.0 install: `node package/install.js`
npm ERR! Exit status 87
npm ERR! 
npm ERR! Failed at the oracledb@3.1.0 install script.
npm ERR! This is probably not a problem with npm. There is likely additional logging output above.

npm ERR! A complete log of this run can be found in:
npm ERR!     /github/home/.npm/_logs/2021-09-18T00_51_11_883Z-debug.log
npm WARN deprecated oracledb@3.1.1: Update to node-oracledb 5

> oracledb@3.1.1 install /__w/appoptics-apm-node/appoptics-apm-node/node_modules/oracledb
> node package/install.js

oracledb [31mERR![0m NJS-067: a pre-built node-oracledb binary was not found for Node.js v14.17.6 (NODE_MODULE_VERSION=83) on linux x64
oracledb [31mERR![0m Try compiling node-oracledb source code using https://oracle.github.io/node-oracledb/INSTALL.html#github
npm WARN optional SKIPPING OPTIONAL DEPENDENCY: fsevents@~2.3.1 (node_modules/chokidar/node_modules/fsevents):
npm WARN notsup SKIPPING OPTIONAL DEPENDENCY: Unsupported platform for fsevents@2.3.2: wanted {"os":"darwin","arch":"any"} (current: {"os":"linux","arch":"x64"})

npm ERR! code ELIFECYCLE
npm ERR! errno 87
npm ERR! oracledb@3.1.1 install: `node package/install.js`
npm ERR! Exit status 87
npm ERR! 
npm ERR! Failed at the oracledb@3.1.1 install script.
npm ERR! This is probably not a problem with npm. There is likely additional logging output above.

npm ERR! A complete log of this run can be found in:
npm ERR!     /github/home/.npm/_logs/2021-09-18T00_51_17_592Z-debug.log
npm WARN deprecated oracledb@3.1.2: Update to node-oracledb 5

> oracledb@3.1.2 install /__w/appoptics-apm-node/appoptics-apm-node/node_modules/oracledb
> node package/install.js

oracledb [31mERR![0m NJS-067: a pre-built node-oracledb binary was not found for Node.js v14.17.6 (NODE_MODULE_VERSION=83) on linux x64
oracledb [31mERR![0m Try compiling node-oracledb source code using https://oracle.github.io/node-oracledb/INSTALL.html#github
npm WARN optional SKIPPING OPTIONAL DEPENDENCY: fsevents@~2.3.1 (node_modules/chokidar/node_modules/fsevents):
npm WARN notsup SKIPPING OPTIONAL DEPENDENCY: Unsupported platform for fsevents@2.3.2: wanted {"os":"darwin","arch":"any"} (current: {"os":"linux","arch":"x64"})

npm ERR! code ELIFECYCLE
npm ERR! errno 87
npm ERR! oracledb@3.1.2 install: `node package/install.js`
npm ERR! Exit status 87
npm ERR! 
npm ERR! Failed at the oracledb@3.1.2 install script.
npm ERR! This is probably not a problem with npm. There is likely additional logging output above.

npm ERR! A complete log of this run can be found in:
npm ERR!     /github/home/.npm/_logs/2021-09-18T00_51_23_247Z-debug.log

> oracledb@4.0.0 install /__w/appoptics-apm-node/appoptics-apm-node/node_modules/oracledb
> node package/install.js

oracledb ********************************************************************************
oracledb ** Node-oracledb 4.0.0 installed for Node.js 14.17.6 (linux, x64)
oracledb **
oracledb ** To use node-oracledb:
oracledb ** - Oracle Client libraries (64-bit) must be configured with ldconfig or LD_LIBRARY_PATH
oracledb ** - To get libraries, install an Instant Client Basic or Basic Light package from
oracledb **   https://www.oracle.com/technetwork/topics/linuxx86-64soft-092277.html
oracledb **
oracledb ** Installation instructions: https://oracle.github.io/node-oracledb/INSTALL.html
oracledb ********************************************************************************

npm WARN optional SKIPPING OPTIONAL DEPENDENCY: fsevents@~2.3.1 (node_modules/chokidar/node_modules/fsevents):
npm WARN notsup SKIPPING OPTIONAL DEPENDENCY: Unsupported platform for fsevents@2.3.2: wanted {"os":"darwin","arch":"any"} (current: {"os":"linux","arch":"x64"})

+ oracledb@4.0.0
added 1 package and audited 1094 packages in 5.442s

72 packages are looking for funding
  run `npm fund` for details

found 23 vulnerabilities (5 low, 4 moderate, 12 high, 2 critical)
  run `npm audit fix` to fix them, or `npm audit` for details
2021-09-18T00:51:29.990Z appoptics:debug read config from /__w/appoptics-apm-node/appoptics-apm-node/appoptics-apm-config
2021-09-18T00:51:29.991Z appoptics:debug guc ignoring APPOPTICS_LOG_SETTINGS
2021-09-18T00:51:29.991Z appoptics:debug serviceKey dIOz...wWK0:ao-node-test
2021-09-18T00:51:29.991Z appoptics:debug using context provider: ace-context
2021-09-18T00:51:30.060Z appoptics:debug apm 10.0.2-prerelease.0, bindings 11.0.1-prerelease.0, oboe 10.1.1
2021-09-18T00:51:30.120Z appoptics:patching patched crypto 
2021-09-18T00:51:30.161Z appoptics:patching patched https 
2021-09-18T00:51:30.161Z appoptics:patching patched http 
2021-09-18T00:51:30.216Z appoptics:patching patched oracledb 4.0.0
2021-09-18T00:51:30.221Z appoptics:debug starting runtimeMetrics


  probes.oracledb 4.0.0
    âœ“ UDP might lose a message
2021-09-18T00:51:30.397Z appoptics:debug asking helper to execute test_basic
2021-09-18T00:51:30.397Z appoptics:debug test_basic being executed
2021-09-18T00:51:30.397Z appoptics:debug oracledb wrapping getConnection
2021-09-18T00:51:30.494Z appoptics:debug done with test_basic oracledb.getConnection
2021-09-18T00:51:30.610Z appoptics:debug test_basic query callback invoked
    âœ“ should trace execute calls (220ms)
2021-09-18T00:51:30.621Z appoptics:debug ORACLEDB wrapping createPool
2021-09-18T00:51:30.625Z appoptics:debug oracledb wrapping getConnection
2021-09-18T00:51:30.663Z appoptics:debug connection.execute() seems to be patched
2021-09-18T00:51:30.663Z appoptics:debug connection.commit() seems to be patched
2021-09-18T00:51:30.663Z appoptics:debug connection.rollback() seems to be patched
2021-09-18T00:51:30.663Z appoptics:debug connection.break() seems to be patched
2021-09-18T00:51:30.663Z appoptics:debug connection.release seems to be patched
    âœ“ should trace execute calls in pool (46ms)
2021-09-18T00:51:30.667Z appoptics:debug oracledb wrapping getConnection
2021-09-18T00:51:30.708Z appoptics:debug connection.execute() seems to be patched
2021-09-18T00:51:30.708Z appoptics:debug connection.commit() seems to be patched
2021-09-18T00:51:30.708Z appoptics:debug connection.rollback() seems to be patched
2021-09-18T00:51:30.708Z appoptics:debug connection.break() seems to be patched
2021-09-18T00:51:30.708Z appoptics:debug connection.release seems to be patched
    âœ“ should include correct isAutoCommit value (46ms)


  4 passing (336ms)


> oracledb@4.0.1 install /__w/appoptics-apm-node/appoptics-apm-node/node_modules/oracledb
> node package/install.js

oracledb ********************************************************************************
oracledb ** Node-oracledb 4.0.1 installed for Node.js 14.17.6 (linux, x64)
oracledb **
oracledb ** To use node-oracledb:
oracledb ** - Oracle Client libraries (64-bit) must be configured with ldconfig or LD_LIBRARY_PATH
oracledb ** - To get libraries, install an Instant Client Basic or Basic Light package from
oracledb **   https://www.oracle.com/technetwork/topics/linuxx86-64soft-092277.html
oracledb **
oracledb ** Installation instructions: https://oracle.github.io/node-oracledb/INSTALL.html
oracledb ********************************************************************************

npm WARN optional SKIPPING OPTIONAL DEPENDENCY: fsevents@~2.3.1 (node_modules/chokidar/node_modules/fsevents):
npm WARN notsup SKIPPING OPTIONAL DEPENDENCY: Unsupported platform for fsevents@2.3.2: wanted {"os":"darwin","arch":"any"} (current: {"os":"linux","arch":"x64"})

+ oracledb@4.0.1
updated 1 package and audited 1094 packages in 4.544s

72 packages are looking for funding
  run `npm fund` for details

found 23 vulnerabilities (5 low, 4 moderate, 12 high, 2 critical)
  run `npm audit fix` to fix them, or `npm audit` for details
2021-09-18T00:51:36.358Z appoptics:debug read config from /__w/appoptics-apm-node/appoptics-apm-node/appoptics-apm-config
2021-09-18T00:51:36.359Z appoptics:debug guc ignoring APPOPTICS_LOG_SETTINGS
2021-09-18T00:51:36.359Z appoptics:debug serviceKey dIOz...wWK0:ao-node-test
2021-09-18T00:51:36.360Z appoptics:debug using context provider: ace-context
2021-09-18T00:51:36.424Z appoptics:debug apm 10.0.2-prerelease.0, bindings 11.0.1-prerelease.0, oboe 10.1.1
2021-09-18T00:51:36.482Z appoptics:patching patched crypto 
2021-09-18T00:51:36.525Z appoptics:patching patched https 
2021-09-18T00:51:36.525Z appoptics:patching patched http 
2021-09-18T00:51:36.553Z appoptics:patching patched oracledb 4.0.1
2021-09-18T00:51:36.556Z appoptics:debug starting runtimeMetrics


  probes.oracledb 4.0.1
    âœ“ UDP might lose a message
2021-09-18T00:51:36.706Z appoptics:debug asking helper to execute test_basic
2021-09-18T00:51:36.706Z appoptics:debug test_basic being executed
2021-09-18T00:51:36.706Z appoptics:debug oracledb wrapping getConnection
2021-09-18T00:51:36.716Z appoptics:debug done with test_basic oracledb.getConnection
2021-09-18T00:51:36.764Z appoptics:debug test_basic query callback invoked
    âœ“ should trace execute calls (63ms)
2021-09-18T00:51:36.775Z appoptics:debug ORACLEDB wrapping createPool
2021-09-18T00:51:36.777Z appoptics:debug oracledb wrapping getConnection
2021-09-18T00:51:36.823Z appoptics:debug connection.execute() seems to be patched
2021-09-18T00:51:36.823Z appoptics:debug connection.commit() seems to be patched
2021-09-18T00:51:36.823Z appoptics:debug connection.rollback() seems to be patched
2021-09-18T00:51:36.823Z appoptics:debug connection.break() seems to be patched
2021-09-18T00:51:36.823Z appoptics:debug connection.release seems to be patched
    âœ“ should trace execute calls in pool (51ms)
2021-09-18T00:51:36.827Z appoptics:debug oracledb wrapping getConnection
2021-09-18T00:51:36.874Z appoptics:debug connection.execute() seems to be patched
2021-09-18T00:51:36.874Z appoptics:debug connection.commit() seems to be patched
2021-09-18T00:51:36.874Z appoptics:debug connection.rollback() seems to be patched
2021-09-18T00:51:36.874Z appoptics:debug connection.break() seems to be patched
2021-09-18T00:51:36.874Z appoptics:debug connection.release seems to be patched
    âœ“ should include correct isAutoCommit value (53ms)


  4 passing (191ms)


> oracledb@4.1.0 install /__w/appoptics-apm-node/appoptics-apm-node/node_modules/oracledb
> node package/install.js

oracledb ********************************************************************************
oracledb ** Node-oracledb 4.1.0 installed for Node.js 14.17.6 (linux, x64)
oracledb **
oracledb ** To use node-oracledb:
oracledb ** - Oracle Client libraries (64-bit) must be configured with ldconfig or LD_LIBRARY_PATH
oracledb ** - To get libraries, install an Instant Client Basic or Basic Light package from
oracledb **   https://www.oracle.com/technetwork/topics/linuxx86-64soft-092277.html
oracledb **
oracledb ** Installation instructions: https://oracle.github.io/node-oracledb/INSTALL.html
oracledb ********************************************************************************

npm WARN optional SKIPPING OPTIONAL DEPENDENCY: fsevents@~2.3.1 (node_modules/chokidar/node_modules/fsevents):
npm WARN notsup SKIPPING OPTIONAL DEPENDENCY: Unsupported platform for fsevents@2.3.2: wanted {"os":"darwin","arch":"any"} (current: {"os":"linux","arch":"x64"})

+ oracledb@4.1.0
updated 1 package and audited 1094 packages in 4.894s

72 packages are looking for funding
  run `npm fund` for details

found 23 vulnerabilities (5 low, 4 moderate, 12 high, 2 critical)
  run `npm audit fix` to fix them, or `npm audit` for details
2021-09-18T00:51:42.970Z appoptics:debug read config from /__w/appoptics-apm-node/appoptics-apm-node/appoptics-apm-config
2021-09-18T00:51:42.971Z appoptics:debug guc ignoring APPOPTICS_LOG_SETTINGS
2021-09-18T00:51:42.971Z appoptics:debug serviceKey dIOz...wWK0:ao-node-test
2021-09-18T00:51:42.972Z appoptics:debug using context provider: ace-context
2021-09-18T00:51:43.034Z appoptics:debug apm 10.0.2-prerelease.0, bindings 11.0.1-prerelease.0, oboe 10.1.1
2021-09-18T00:51:43.084Z appoptics:patching patched crypto 
2021-09-18T00:51:43.105Z appoptics:patching patched https 
2021-09-18T00:51:43.106Z appoptics:patching patched http 
2021-09-18T00:51:43.138Z appoptics:patching patched oracledb 4.1.0
2021-09-18T00:51:43.141Z appoptics:debug starting runtimeMetrics


  probes.oracledb 4.1.0
    âœ“ UDP might lose a message
2021-09-18T00:51:43.266Z appoptics:debug asking helper to execute test_basic
2021-09-18T00:51:43.266Z appoptics:debug test_basic being executed
2021-09-18T00:51:43.266Z appoptics:debug oracledb wrapping getConnection
2021-09-18T00:51:43.274Z appoptics:debug done with test_basic oracledb.getConnection
2021-09-18T00:51:43.312Z appoptics:debug test_basic query callback invoked
    âœ“ should trace execute calls (56ms)
2021-09-18T00:51:43.324Z appoptics:debug ORACLEDB wrapping createPool
2021-09-18T00:51:43.327Z appoptics:debug oracledb wrapping getConnection
2021-09-18T00:51:43.364Z appoptics:debug connection.execute() seems to be patched
2021-09-18T00:51:43.364Z appoptics:debug connection.commit() seems to be patched
2021-09-18T00:51:43.364Z appoptics:debug connection.rollback() seems to be patched
2021-09-18T00:51:43.364Z appoptics:debug connection.break() seems to be patched
2021-09-18T00:51:43.364Z appoptics:debug connection.release seems to be patched
    âœ“ should trace execute calls in pool (43ms)
2021-09-18T00:51:43.368Z appoptics:debug oracledb wrapping getConnection
2021-09-18T00:51:43.403Z appoptics:debug connection.execute() seems to be patched
2021-09-18T00:51:43.403Z appoptics:debug connection.commit() seems to be patched
2021-09-18T00:51:43.403Z appoptics:debug connection.rollback() seems to be patched
2021-09-18T00:51:43.403Z appoptics:debug connection.break() seems to be patched
2021-09-18T00:51:43.403Z appoptics:debug connection.release seems to be patched
    âœ“ should include correct isAutoCommit value (39ms)


  4 passing (160ms)


> oracledb@4.2.0 install /__w/appoptics-apm-node/appoptics-apm-node/node_modules/oracledb
> node package/install.js

oracledb ********************************************************************************
oracledb ** Node-oracledb 4.2.0 installed for Node.js 14.17.6 (linux, x64)
oracledb **
oracledb ** To use node-oracledb:
oracledb ** - Oracle Client libraries (64-bit) must be configured with ldconfig or LD_LIBRARY_PATH
oracledb ** - To get libraries, install an Instant Client Basic or Basic Light package from
oracledb **   https://www.oracle.com/database/technologies/instant-client/linux-x86-64-downloads.html
oracledb **
oracledb ** Installation instructions: https://oracle.github.io/node-oracledb/INSTALL.html
oracledb ********************************************************************************

npm WARN optional SKIPPING OPTIONAL DEPENDENCY: fsevents@~2.3.1 (node_modules/chokidar/node_modules/fsevents):
npm WARN notsup SKIPPING OPTIONAL DEPENDENCY: Unsupported platform for fsevents@2.3.2: wanted {"os":"darwin","arch":"any"} (current: {"os":"linux","arch":"x64"})

+ oracledb@4.2.0
updated 1 package and audited 1094 packages in 4.554s

72 packages are looking for funding
  run `npm fund` for details

found 23 vulnerabilities (5 low, 4 moderate, 12 high, 2 critical)
  run `npm audit fix` to fix them, or `npm audit` for details
2021-09-18T00:51:49.103Z appoptics:debug read config from /__w/appoptics-apm-node/appoptics-apm-node/appoptics-apm-config
2021-09-18T00:51:49.104Z appoptics:debug guc ignoring APPOPTICS_LOG_SETTINGS
2021-09-18T00:51:49.104Z appoptics:debug serviceKey dIOz...wWK0:ao-node-test
2021-09-18T00:51:49.105Z appoptics:debug using context provider: ace-context
2021-09-18T00:51:49.167Z appoptics:debug apm 10.0.2-prerelease.0, bindings 11.0.1-prerelease.0, oboe 10.1.1
2021-09-18T00:51:49.222Z appoptics:patching patched crypto 
2021-09-18T00:51:49.258Z appoptics:patching patched https 
2021-09-18T00:51:49.259Z appoptics:patching patched http 
2021-09-18T00:51:49.304Z appoptics:patching patched oracledb 4.2.0
2021-09-18T00:51:49.308Z appoptics:debug starting runtimeMetrics


  probes.oracledb 4.2.0
    âœ“ UDP might lose a message
2021-09-18T00:51:49.524Z appoptics:debug asking helper to execute test_basic
2021-09-18T00:51:49.524Z appoptics:debug test_basic being executed
2021-09-18T00:51:49.524Z appoptics:debug oracledb wrapping getConnection
2021-09-18T00:51:49.541Z appoptics:debug done with test_basic oracledb.getConnection
2021-09-18T00:51:49.603Z appoptics:debug test_basic query callback invoked
    âœ“ should trace execute calls (84ms)
2021-09-18T00:51:49.610Z appoptics:debug ORACLEDB wrapping createPool
2021-09-18T00:51:49.617Z appoptics:debug oracledb wrapping getConnection
2021-09-18T00:51:49.653Z appoptics:debug connection.execute() seems to be patched
2021-09-18T00:51:49.653Z appoptics:debug connection.commit() seems to be patched
2021-09-18T00:51:49.653Z appoptics:debug connection.rollback() seems to be patched
2021-09-18T00:51:49.653Z appoptics:debug connection.break() seems to be patched
2021-09-18T00:51:49.654Z appoptics:debug connection.release seems to be patched
    âœ“ should trace execute calls in pool (46ms)
2021-09-18T00:51:49.657Z appoptics:debug oracledb wrapping getConnection
2021-09-18T00:51:49.697Z appoptics:debug connection.execute() seems to be patched
2021-09-18T00:51:49.697Z appoptics:debug connection.commit() seems to be patched
2021-09-18T00:51:49.697Z appoptics:debug connection.rollback() seems to be patched
2021-09-18T00:51:49.697Z appoptics:debug connection.break() seems to be patched
2021-09-18T00:51:49.697Z appoptics:debug connection.release seems to be patched
    âœ“ should include correct isAutoCommit value (46ms)


  4 passing (221ms)


> oracledb@5.0.0 install /__w/appoptics-apm-node/appoptics-apm-node/node_modules/oracledb
> node package/install.js

oracledb ********************************************************************************
oracledb ** Node-oracledb 5.0.0 installed for Node.js 14.17.6 (linux, x64)
oracledb **
oracledb ** To use node-oracledb:
oracledb ** - Oracle Client libraries (64-bit) must be available.
oracledb ** - Follow the installation instructions:
oracledb **   https://oracle.github.io/node-oracledb/INSTALL.html#linuxinstall
oracledb ********************************************************************************

npm WARN optional SKIPPING OPTIONAL DEPENDENCY: fsevents@~2.3.1 (node_modules/chokidar/node_modules/fsevents):
npm WARN notsup SKIPPING OPTIONAL DEPENDENCY: Unsupported platform for fsevents@2.3.2: wanted {"os":"darwin","arch":"any"} (current: {"os":"linux","arch":"x64"})

+ oracledb@5.0.0
updated 1 package and audited 1094 packages in 4.734s

72 packages are looking for funding
  run `npm fund` for details

found 23 vulnerabilities (5 low, 4 moderate, 12 high, 2 critical)
  run `npm audit fix` to fix them, or `npm audit` for details
2021-09-18T00:51:55.677Z appoptics:debug read config from /__w/appoptics-apm-node/appoptics-apm-node/appoptics-apm-config
2021-09-18T00:51:55.678Z appoptics:debug guc ignoring APPOPTICS_LOG_SETTINGS
2021-09-18T00:51:55.678Z appoptics:debug serviceKey dIOz...wWK0:ao-node-test
2021-09-18T00:51:55.678Z appoptics:debug using context provider: ace-context
2021-09-18T00:51:55.744Z appoptics:debug apm 10.0.2-prerelease.0, bindings 11.0.1-prerelease.0, oboe 10.1.1
2021-09-18T00:51:55.794Z appoptics:patching patched crypto 
2021-09-18T00:51:55.816Z appoptics:patching patched https 
2021-09-18T00:51:55.816Z appoptics:patching patched http 
2021-09-18T00:51:55.849Z appoptics:patching patched oracledb 5.0.0
2021-09-18T00:51:55.852Z appoptics:debug starting runtimeMetrics


  probes.oracledb 5.0.0
    âœ“ UDP might lose a message
2021-09-18T00:51:55.982Z appoptics:debug asking helper to execute test_basic
2021-09-18T00:51:55.983Z appoptics:debug test_basic being executed
2021-09-18T00:51:55.983Z appoptics:debug oracledb wrapping getConnection
2021-09-18T00:51:55.991Z appoptics:debug done with test_basic oracledb.getConnection
2021-09-18T00:51:56.030Z appoptics:debug test_basic query callback invoked
    âœ“ should trace execute calls (53ms)
2021-09-18T00:51:56.037Z appoptics:debug ORACLEDB wrapping createPool
2021-09-18T00:51:56.039Z appoptics:debug oracledb wrapping getConnection
2021-09-18T00:51:56.072Z appoptics:debug connection.execute() seems to be patched
2021-09-18T00:51:56.072Z appoptics:debug connection.commit() seems to be patched
2021-09-18T00:51:56.072Z appoptics:debug connection.rollback() seems to be patched
2021-09-18T00:51:56.072Z appoptics:debug connection.break() seems to be patched
2021-09-18T00:51:56.072Z appoptics:debug connection.release seems to be patched
    âœ“ should trace execute calls in pool (38ms)
2021-09-18T00:51:56.075Z appoptics:debug oracledb wrapping getConnection
2021-09-18T00:51:56.109Z appoptics:debug connection.execute() seems to be patched
2021-09-18T00:51:56.109Z appoptics:debug connection.commit() seems to be patched
2021-09-18T00:51:56.109Z appoptics:debug connection.rollback() seems to be patched
2021-09-18T00:51:56.109Z appoptics:debug connection.break() seems to be patched
2021-09-18T00:51:56.109Z appoptics:debug connection.release seems to be patched
    âœ“ should include correct isAutoCommit value (40ms)


  4 passing (149ms)


> oracledb@5.1.0 install /__w/appoptics-apm-node/appoptics-apm-node/node_modules/oracledb
> node package/install.js

oracledb ********************************************************************************
oracledb ** Node-oracledb 5.1.0 installed for Node.js 14.17.6 (linux, x64)
oracledb **
oracledb ** To use node-oracledb:
oracledb ** - Oracle Client libraries (64-bit) must be available.
oracledb ** - Follow the installation instructions:
oracledb **   https://oracle.github.io/node-oracledb/INSTALL.html#linuxinstall
oracledb ********************************************************************************

npm WARN optional SKIPPING OPTIONAL DEPENDENCY: fsevents@~2.3.1 (node_modules/chokidar/node_modules/fsevents):
npm WARN notsup SKIPPING OPTIONAL DEPENDENCY: Unsupported platform for fsevents@2.3.2: wanted {"os":"darwin","arch":"any"} (current: {"os":"linux","arch":"x64"})

+ oracledb@5.1.0
updated 1 package and audited 1094 packages in 4.721s

72 packages are looking for funding
  run `npm fund` for details

found 23 vulnerabilities (5 low, 4 moderate, 12 high, 2 critical)
  run `npm audit fix` to fix them, or `npm audit` for details
2021-09-18T00:52:01.938Z appoptics:debug read config from /__w/appoptics-apm-node/appoptics-apm-node/appoptics-apm-config
2021-09-18T00:52:01.939Z appoptics:debug guc ignoring APPOPTICS_LOG_SETTINGS
2021-09-18T00:52:01.939Z appoptics:debug serviceKey dIOz...wWK0:ao-node-test
2021-09-18T00:52:01.939Z appoptics:debug using context provider: ace-context
2021-09-18T00:52:02.025Z appoptics:debug apm 10.0.2-prerelease.0, bindings 11.0.1-prerelease.0, oboe 10.1.1
2021-09-18T00:52:02.091Z appoptics:patching patched crypto 
2021-09-18T00:52:02.121Z appoptics:patching patched https 
2021-09-18T00:52:02.121Z appoptics:patching patched http 
2021-09-18T00:52:02.180Z appoptics:patching patched oracledb 5.1.0
2021-09-18T00:52:02.183Z appoptics:debug starting runtimeMetrics


  probes.oracledb 5.1.0
    âœ“ UDP might lose a message
2021-09-18T00:52:02.370Z appoptics:debug asking helper to execute test_basic
2021-09-18T00:52:02.370Z appoptics:debug test_basic being executed
2021-09-18T00:52:02.370Z appoptics:debug oracledb wrapping getConnection
2021-09-18T00:52:02.386Z appoptics:debug done with test_basic oracledb.getConnection
2021-09-18T00:52:02.467Z appoptics:debug test_basic query callback invoked
    âœ“ should trace execute calls (107ms)
2021-09-18T00:52:02.486Z appoptics:debug ORACLEDB wrapping createPool
2021-09-18T00:52:02.490Z appoptics:debug oracledb wrapping getConnection
2021-09-18T00:52:02.548Z appoptics:debug connection.execute() seems to be patched
2021-09-18T00:52:02.548Z appoptics:debug connection.commit() seems to be patched
2021-09-18T00:52:02.549Z appoptics:debug connection.rollback() seems to be patched
2021-09-18T00:52:02.549Z appoptics:debug connection.break() seems to be patched
2021-09-18T00:52:02.549Z appoptics:debug connection.release seems to be patched
    âœ“ should trace execute calls in pool (65ms)
2021-09-18T00:52:02.554Z appoptics:debug oracledb wrapping getConnection
2021-09-18T00:52:02.614Z appoptics:debug connection.execute() seems to be patched
2021-09-18T00:52:02.614Z appoptics:debug connection.commit() seems to be patched
2021-09-18T00:52:02.614Z appoptics:debug connection.rollback() seems to be patched
2021-09-18T00:52:02.614Z appoptics:debug connection.break() seems to be patched
2021-09-18T00:52:02.614Z appoptics:debug connection.release seems to be patched
    âœ“ should include correct isAutoCommit value (67ms)


  4 passing (271ms)


> oracledb@5.2.0 install /__w/appoptics-apm-node/appoptics-apm-node/node_modules/oracledb
> node package/install.js

oracledb ********************************************************************************
oracledb ** Node-oracledb 5.2.0 installed in Node.js 14.17.6 (linux, x64)
oracledb **
oracledb ** To use node-oracledb:
oracledb ** - Oracle Client libraries (64-bit) must be available.
oracledb ** - Follow the installation instructions:
oracledb **   https://oracle.github.io/node-oracledb/INSTALL.html#linuxinstall
oracledb ********************************************************************************

npm WARN optional SKIPPING OPTIONAL DEPENDENCY: fsevents@~2.3.1 (node_modules/chokidar/node_modules/fsevents):
npm WARN notsup SKIPPING OPTIONAL DEPENDENCY: Unsupported platform for fsevents@2.3.2: wanted {"os":"darwin","arch":"any"} (current: {"os":"linux","arch":"x64"})

+ oracledb@5.2.0
updated 1 package and audited 1094 packages in 4.703s

72 packages are looking for funding
  run `npm fund` for details

found 23 vulnerabilities (5 low, 4 moderate, 12 high, 2 critical)
  run `npm audit fix` to fix them, or `npm audit` for details
2021-09-18T00:52:08.535Z appoptics:debug read config from /__w/appoptics-apm-node/appoptics-apm-node/appoptics-apm-config
2021-09-18T00:52:08.535Z appoptics:debug guc ignoring APPOPTICS_LOG_SETTINGS
2021-09-18T00:52:08.535Z appoptics:debug serviceKey dIOz...wWK0:ao-node-test
2021-09-18T00:52:08.536Z appoptics:debug using context provider: ace-context
2021-09-18T00:52:08.600Z appoptics:debug apm 10.0.2-prerelease.0, bindings 11.0.1-prerelease.0, oboe 10.1.1
2021-09-18T00:52:08.650Z appoptics:patching patched crypto 
2021-09-18T00:52:08.672Z appoptics:patching patched https 
2021-09-18T00:52:08.672Z appoptics:patching patched http 
2021-09-18T00:52:08.707Z appoptics:patching patched oracledb 5.2.0
2021-09-18T00:52:08.710Z appoptics:debug starting runtimeMetrics


  probes.oracledb 5.2.0
    âœ“ UDP might lose a message
2021-09-18T00:52:08.845Z appoptics:debug asking helper to execute test_basic
2021-09-18T00:52:08.845Z appoptics:debug test_basic being executed
2021-09-18T00:52:08.845Z appoptics:debug oracledb wrapping getConnection
2021-09-18T00:52:08.854Z appoptics:debug done with test_basic oracledb.getConnection
2021-09-18T00:52:08.893Z appoptics:debug test_basic query callback invoked
    âœ“ should trace execute calls (53ms)
2021-09-18T00:52:08.900Z appoptics:debug ORACLEDB wrapping createPool
2021-09-18T00:52:08.903Z appoptics:debug oracledb wrapping getConnection
2021-09-18T00:52:08.938Z appoptics:debug connection.execute() seems to be patched
2021-09-18T00:52:08.938Z appoptics:debug connection.commit() seems to be patched
2021-09-18T00:52:08.938Z appoptics:debug connection.rollback() seems to be patched
2021-09-18T00:52:08.938Z appoptics:debug connection.break() seems to be patched
2021-09-18T00:52:08.938Z appoptics:debug connection.release seems to be patched
    âœ“ should trace execute calls in pool (40ms)
2021-09-18T00:52:08.941Z appoptics:debug oracledb wrapping getConnection
2021-09-18T00:52:08.977Z appoptics:debug connection.execute() seems to be patched
2021-09-18T00:52:08.977Z appoptics:debug connection.commit() seems to be patched
2021-09-18T00:52:08.977Z appoptics:debug connection.rollback() seems to be patched
2021-09-18T00:52:08.977Z appoptics:debug connection.break() seems to be patched
2021-09-18T00:52:08.977Z appoptics:debug connection.release seems to be patched
    âœ“ should include correct isAutoCommit value (42ms)


  4 passing (155ms)


> oracledb@5.2.0 install /__w/appoptics-apm-node/appoptics-apm-node/node_modules/oracledb
> node package/install.js

oracledb ********************************************************************************
oracledb ** Node-oracledb 5.2.0 installed in Node.js 14.17.6 (linux, x64)
oracledb **
oracledb ** To use node-oracledb:
oracledb ** - Oracle Client libraries (64-bit) must be available.
oracledb ** - Follow the installation instructions:
oracledb **   https://oracle.github.io/node-oracledb/INSTALL.html#linuxinstall
oracledb ********************************************************************************

npm WARN optional SKIPPING OPTIONAL DEPENDENCY: fsevents@~2.3.1 (node_modules/chokidar/node_modules/fsevents):
npm WARN notsup SKIPPING OPTIONAL DEPENDENCY: Unsupported platform for fsevents@2.3.2: wanted {"os":"darwin","arch":"any"} (current: {"os":"linux","arch":"x64"})

+ oracledb@5.2.0
updated 1 package and audited 1094 packages in 4.873s

72 packages are looking for funding
  run `npm fund` for details

found 23 vulnerabilities (5 low, 4 moderate, 12 high, 2 critical)
  run `npm audit fix` to fix them, or `npm audit` for details
