npm WARN deprecated oracledb@2.0.14: Update to node-oracledb 5

> oracledb@2.0.14 install /__w/appoptics-apm-node/appoptics-apm-node/node_modules/oracledb
> node package/oracledbinstall.js

oracledb Beginning installation
oracledb Verifying installation
oracledb Binary not found
oracledb Continuing installation
oracledb [31mERR![0m NJS-054: Binary build/Release/oracledb.node was not installed from oracledb-v2.0.14-node-v83-linux-x64.gz
oracledb [31mERR![0m EACCES: permission denied, mkdir 'build'
oracledb [31mERR![0m If the error is not network or filesystem related, then review 
oracledb [31mERR![0m the Python 2.7 and compiler prerequisites in the installation instructions and
oracledb [31mERR![0m then install from source code with: npm install oracle/node-oracledb.git#v2.0.14
oracledb [31mERR![0m See https://github.com/oracle/node-oracledb/blob/master/INSTALL.md 

npm WARN optional SKIPPING OPTIONAL DEPENDENCY: fsevents@~2.3.1 (node_modules/chokidar/node_modules/fsevents):
npm WARN notsup SKIPPING OPTIONAL DEPENDENCY: Unsupported platform for fsevents@2.3.2: wanted {"os":"darwin","arch":"any"} (current: {"os":"linux","arch":"x64"})

npm ERR! code ELIFECYCLE
npm ERR! errno 87
npm ERR! oracledb@2.0.14 install: `node package/oracledbinstall.js`
npm ERR! Exit status 87
npm ERR! 
npm ERR! Failed at the oracledb@2.0.14 install script.
npm ERR! This is probably not a problem with npm. There is likely additional logging output above.

npm ERR! A complete log of this run can be found in:
npm ERR!     /github/home/.npm/_logs/2021-08-24T05_10_12_662Z-debug.log
npm WARN deprecated oracledb@2.0.15: Update to node-oracledb 5

> oracledb@2.0.15 install /__w/appoptics-apm-node/appoptics-apm-node/node_modules/oracledb
> node package/oracledbinstall.js

oracledb Beginning installation
oracledb Verifying installation
oracledb Binary not found
oracledb Continuing installation
oracledb [31mERR![0m NJS-054: Binary build/Release/oracledb.node was not installed from oracledb-v2.0.15-node-v83-linux-x64.gz
oracledb [31mERR![0m EACCES: permission denied, mkdir 'build'
oracledb [31mERR![0m If the error is not network or filesystem related, then review 
oracledb [31mERR![0m the Python 2.7 and compiler prerequisites in the installation instructions and
oracledb [31mERR![0m then install from source code with: npm install oracle/node-oracledb.git#v2.0.15
oracledb [31mERR![0m See https://github.com/oracle/node-oracledb/blob/master/INSTALL.md 

npm WARN optional SKIPPING OPTIONAL DEPENDENCY: fsevents@~2.3.1 (node_modules/chokidar/node_modules/fsevents):
npm WARN notsup SKIPPING OPTIONAL DEPENDENCY: Unsupported platform for fsevents@2.3.2: wanted {"os":"darwin","arch":"any"} (current: {"os":"linux","arch":"x64"})

npm ERR! code ELIFECYCLE
npm ERR! errno 87
npm ERR! oracledb@2.0.15 install: `node package/oracledbinstall.js`
npm ERR! Exit status 87
npm ERR! 
npm ERR! Failed at the oracledb@2.0.15 install script.
npm ERR! This is probably not a problem with npm. There is likely additional logging output above.

npm ERR! A complete log of this run can be found in:
npm ERR!     /github/home/.npm/_logs/2021-08-24T05_10_17_277Z-debug.log
npm WARN deprecated oracledb@2.1.0: Update to node-oracledb 5

> oracledb@2.1.0 install /__w/appoptics-apm-node/appoptics-apm-node/node_modules/oracledb
> node package/oracledbinstall.js

oracledb Beginning installation
oracledb Verifying installation
oracledb Binary not found
oracledb Continuing installation
oracledb [31mERR![0m NJS-054: Binary build/Release/oracledb.node was not installed from oracledb-v2.1.0-node-v83-linux-x64.gz
oracledb [31mERR![0m EACCES: permission denied, mkdir 'build'
oracledb [31mERR![0m If the error is not network or filesystem related, then review 
oracledb [31mERR![0m the Python 2.7 and compiler prerequisites in the installation instructions and
oracledb [31mERR![0m then install from source code with: npm install oracle/node-oracledb.git#v2.1.0
oracledb [31mERR![0m See https://github.com/oracle/node-oracledb/blob/master/INSTALL.md 

npm WARN optional SKIPPING OPTIONAL DEPENDENCY: fsevents@~2.3.1 (node_modules/chokidar/node_modules/fsevents):
npm WARN notsup SKIPPING OPTIONAL DEPENDENCY: Unsupported platform for fsevents@2.3.2: wanted {"os":"darwin","arch":"any"} (current: {"os":"linux","arch":"x64"})

npm ERR! code ELIFECYCLE
npm ERR! errno 87
npm ERR! oracledb@2.1.0 install: `node package/oracledbinstall.js`
npm ERR! Exit status 87
npm ERR! 
npm ERR! Failed at the oracledb@2.1.0 install script.
npm ERR! This is probably not a problem with npm. There is likely additional logging output above.

npm ERR! A complete log of this run can be found in:
npm ERR!     /github/home/.npm/_logs/2021-08-24T05_10_22_800Z-debug.log
npm WARN deprecated oracledb@2.1.1: Update to node-oracledb 5

> oracledb@2.1.1 install /__w/appoptics-apm-node/appoptics-apm-node/node_modules/oracledb
> node package/oracledbinstall.js

oracledb Beginning installation
oracledb Verifying installation
oracledb Binary not found
oracledb Continuing installation
oracledb [31mERR![0m NJS-054: Binary build/Release/oracledb.node was not installed from oracledb-v2.1.1-node-v83-linux-x64.gz
oracledb [31mERR![0m EACCES: permission denied, mkdir 'build'
oracledb [31mERR![0m If the error is not network or filesystem related, then review 
oracledb [31mERR![0m the Python 2.7 and compiler prerequisites in the installation instructions and
oracledb [31mERR![0m then install from source code with: npm install oracle/node-oracledb.git#v2.1.1
oracledb [31mERR![0m See https://github.com/oracle/node-oracledb/blob/master/INSTALL.md 

npm WARN optional SKIPPING OPTIONAL DEPENDENCY: fsevents@~2.3.1 (node_modules/chokidar/node_modules/fsevents):
npm WARN notsup SKIPPING OPTIONAL DEPENDENCY: Unsupported platform for fsevents@2.3.2: wanted {"os":"darwin","arch":"any"} (current: {"os":"linux","arch":"x64"})

npm ERR! code ELIFECYCLE
npm ERR! errno 87
npm ERR! oracledb@2.1.1 install: `node package/oracledbinstall.js`
npm ERR! Exit status 87
npm ERR! 
npm ERR! Failed at the oracledb@2.1.1 install script.
npm ERR! This is probably not a problem with npm. There is likely additional logging output above.

npm ERR! A complete log of this run can be found in:
npm ERR!     /github/home/.npm/_logs/2021-08-24T05_10_27_104Z-debug.log
npm WARN deprecated oracledb@2.1.2: Update to node-oracledb 5

> oracledb@2.1.2 install /__w/appoptics-apm-node/appoptics-apm-node/node_modules/oracledb
> node package/oracledbinstall.js

oracledb Beginning installation
oracledb Verifying installation
oracledb Binary not found
oracledb Continuing installation
oracledb [31mERR![0m NJS-054: Binary build/Release/oracledb.node was not installed from oracledb-v2.1.2-node-v83-linux-x64.gz
oracledb [31mERR![0m EACCES: permission denied, mkdir 'build'
oracledb [31mERR![0m If the error is not network or filesystem related, then review 
oracledb [31mERR![0m the Python 2.7 and compiler prerequisites in the installation instructions and
oracledb [31mERR![0m then install from source code with: npm install oracle/node-oracledb.git#v2.1.2
oracledb [31mERR![0m See https://github.com/oracle/node-oracledb/blob/master/INSTALL.md 

npm WARN optional SKIPPING OPTIONAL DEPENDENCY: fsevents@~2.3.1 (node_modules/chokidar/node_modules/fsevents):
npm WARN notsup SKIPPING OPTIONAL DEPENDENCY: Unsupported platform for fsevents@2.3.2: wanted {"os":"darwin","arch":"any"} (current: {"os":"linux","arch":"x64"})

npm ERR! code ELIFECYCLE
npm ERR! errno 87
npm ERR! oracledb@2.1.2 install: `node package/oracledbinstall.js`
npm ERR! Exit status 87
npm ERR! 
npm ERR! Failed at the oracledb@2.1.2 install script.
npm ERR! This is probably not a problem with npm. There is likely additional logging output above.

npm ERR! A complete log of this run can be found in:
npm ERR!     /github/home/.npm/_logs/2021-08-24T05_10_31_386Z-debug.log
npm WARN deprecated oracledb@2.2.0: Update to node-oracledb 5

> oracledb@2.2.0 install /__w/appoptics-apm-node/appoptics-apm-node/node_modules/oracledb
> node package/oracledbinstall.js

oracledb Beginning installation
oracledb Verifying installation
oracledb Continuing installation
oracledb [31mERR![0m NJS-054: Binary build/Release/oracledb.node was not installed.
oracledb [31mERR![0m Pre-built binary packages are not available for this version of Node.js (NODE_MODULE_VERSION="83")
oracledb [31mERR![0m Failed to install binary package oracledb-v2.2.0-node-v83-linux-x64.gz
oracledb [31mERR![0m EACCES: permission denied, mkdir 'build'
oracledb [31mERR![0m For help see https://oracle.github.io/node-oracledb/INSTALL.html#troubleshooting

npm WARN optional SKIPPING OPTIONAL DEPENDENCY: fsevents@~2.3.1 (node_modules/chokidar/node_modules/fsevents):
npm WARN notsup SKIPPING OPTIONAL DEPENDENCY: Unsupported platform for fsevents@2.3.2: wanted {"os":"darwin","arch":"any"} (current: {"os":"linux","arch":"x64"})

npm ERR! code ELIFECYCLE
npm ERR! errno 87
npm ERR! oracledb@2.2.0 install: `node package/oracledbinstall.js`
npm ERR! Exit status 87
npm ERR! 
npm ERR! Failed at the oracledb@2.2.0 install script.
npm ERR! This is probably not a problem with npm. There is likely additional logging output above.

npm ERR! A complete log of this run can be found in:
npm ERR!     /github/home/.npm/_logs/2021-08-24T05_10_36_336Z-debug.log
npm WARN deprecated oracledb@2.3.0: Update to node-oracledb 5

> oracledb@2.3.0 install /__w/appoptics-apm-node/appoptics-apm-node/node_modules/oracledb
> node package/oracledbinstall.js

oracledb Beginning installation
oracledb Verifying installation
oracledb Continuing installation
oracledb [31mERR![0m NJS-054: Binary build/Release/oracledb.node was not installed.
oracledb [31mERR![0m Pre-built binary packages are not available for this version of Node.js (NODE_MODULE_VERSION="83")
oracledb [31mERR![0m Failed to install binary package oracledb-v2.3.0-node-v83-linux-x64.gz
oracledb [31mERR![0m EACCES: permission denied, mkdir 'build'
oracledb [31mERR![0m For help see https://oracle.github.io/node-oracledb/INSTALL.html#troubleshooting

npm WARN optional SKIPPING OPTIONAL DEPENDENCY: fsevents@~2.3.1 (node_modules/chokidar/node_modules/fsevents):
npm WARN notsup SKIPPING OPTIONAL DEPENDENCY: Unsupported platform for fsevents@2.3.2: wanted {"os":"darwin","arch":"any"} (current: {"os":"linux","arch":"x64"})

npm ERR! code ELIFECYCLE
npm ERR! errno 87
npm ERR! oracledb@2.3.0 install: `node package/oracledbinstall.js`
npm ERR! Exit status 87
npm ERR! 
npm ERR! Failed at the oracledb@2.3.0 install script.
npm ERR! This is probably not a problem with npm. There is likely additional logging output above.

npm ERR! A complete log of this run can be found in:
npm ERR!     /github/home/.npm/_logs/2021-08-24T05_10_39_822Z-debug.log
npm WARN deprecated oracledb@3.0.0: Update to node-oracledb 5

> oracledb@3.0.0 install /__w/appoptics-apm-node/appoptics-apm-node/node_modules/oracledb
> node package/oracledbinstall.js

oracledb Beginning installation
oracledb Verifying installation
oracledb Continuing installation
oracledb [31mERR![0m NJS-054: Binary build/Release/oracledb.node was not installed.
oracledb [31mERR![0m Pre-built binary packages are not available for this version of Node.js (NODE_MODULE_VERSION="83")
oracledb [31mERR![0m Failed to install binary package oracledb-v3.0.0-node-abi83-linux-x64.gz
oracledb [31mERR![0m EACCES: permission denied, mkdir 'build'
oracledb [31mERR![0m For help see https://oracle.github.io/node-oracledb/INSTALL.html#troubleshooting

npm WARN optional SKIPPING OPTIONAL DEPENDENCY: fsevents@~2.3.1 (node_modules/chokidar/node_modules/fsevents):
npm WARN notsup SKIPPING OPTIONAL DEPENDENCY: Unsupported platform for fsevents@2.3.2: wanted {"os":"darwin","arch":"any"} (current: {"os":"linux","arch":"x64"})

npm ERR! code ELIFECYCLE
npm ERR! errno 87
npm ERR! oracledb@3.0.0 install: `node package/oracledbinstall.js`
npm ERR! Exit status 87
npm ERR! 
npm ERR! Failed at the oracledb@3.0.0 install script.
npm ERR! This is probably not a problem with npm. There is likely additional logging output above.

npm ERR! A complete log of this run can be found in:
npm ERR!     /github/home/.npm/_logs/2021-08-24T05_10_44_444Z-debug.log
npm WARN deprecated oracledb@3.0.1: Update to node-oracledb 5

> oracledb@3.0.1 install /__w/appoptics-apm-node/appoptics-apm-node/node_modules/oracledb
> node package/oracledbinstall.js

oracledb Beginning installation
oracledb [31mERR![0m NJS-054: Binary build/Release/oracledb.node was not installed.
oracledb [31mERR![0m Pre-built binary packages are not available for Node.js v14.17.5 (NODE_MODULE_VERSION="83")
oracledb [31mERR![0m Failed to install binary package oracledb-v3.0.1-node-abi83-linux-x64.gz
oracledb [31mERR![0m EACCES: permission denied, mkdir 'build'
oracledb [31mERR![0m For help see https://oracle.github.io/node-oracledb/INSTALL.html#troubleshooting

npm WARN optional SKIPPING OPTIONAL DEPENDENCY: fsevents@~2.3.1 (node_modules/chokidar/node_modules/fsevents):
npm WARN notsup SKIPPING OPTIONAL DEPENDENCY: Unsupported platform for fsevents@2.3.2: wanted {"os":"darwin","arch":"any"} (current: {"os":"linux","arch":"x64"})

npm ERR! code ELIFECYCLE
npm ERR! errno 87
npm ERR! oracledb@3.0.1 install: `node package/oracledbinstall.js`
npm ERR! Exit status 87
npm ERR! 
npm ERR! Failed at the oracledb@3.0.1 install script.
npm ERR! This is probably not a problem with npm. There is likely additional logging output above.

npm ERR! A complete log of this run can be found in:
npm ERR!     /github/home/.npm/_logs/2021-08-24T05_10_49_277Z-debug.log
npm WARN deprecated oracledb@3.1.0: Update to node-oracledb 5

> oracledb@3.1.0 install /__w/appoptics-apm-node/appoptics-apm-node/node_modules/oracledb
> node package/install.js

oracledb [31mERR![0m NJS-067: a pre-built node-oracledb binary was not found for Node.js v14.17.5 (NODE_MODULE_VERSION=83) on linux x64
oracledb [31mERR![0m Try compiling node-oracledb source code using https://oracle.github.io/node-oracledb/INSTALL.html#github
npm WARN optional SKIPPING OPTIONAL DEPENDENCY: fsevents@~2.3.1 (node_modules/chokidar/node_modules/fsevents):
npm WARN notsup SKIPPING OPTIONAL DEPENDENCY: Unsupported platform for fsevents@2.3.2: wanted {"os":"darwin","arch":"any"} (current: {"os":"linux","arch":"x64"})

npm ERR! code ELIFECYCLE
npm ERR! errno 87
npm ERR! oracledb@3.1.0 install: `node package/install.js`
npm ERR! Exit status 87
npm ERR! 
npm ERR! Failed at the oracledb@3.1.0 install script.
npm ERR! This is probably not a problem with npm. There is likely additional logging output above.

npm ERR! A complete log of this run can be found in:
npm ERR!     /github/home/.npm/_logs/2021-08-24T05_10_52_967Z-debug.log
npm WARN deprecated oracledb@3.1.1: Update to node-oracledb 5

> oracledb@3.1.1 install /__w/appoptics-apm-node/appoptics-apm-node/node_modules/oracledb
> node package/install.js

oracledb [31mERR![0m NJS-067: a pre-built node-oracledb binary was not found for Node.js v14.17.5 (NODE_MODULE_VERSION=83) on linux x64
oracledb [31mERR![0m Try compiling node-oracledb source code using https://oracle.github.io/node-oracledb/INSTALL.html#github
npm WARN optional SKIPPING OPTIONAL DEPENDENCY: fsevents@~2.3.1 (node_modules/chokidar/node_modules/fsevents):
npm WARN notsup SKIPPING OPTIONAL DEPENDENCY: Unsupported platform for fsevents@2.3.2: wanted {"os":"darwin","arch":"any"} (current: {"os":"linux","arch":"x64"})

npm ERR! code ELIFECYCLE
npm ERR! errno 87
npm ERR! oracledb@3.1.1 install: `node package/install.js`
npm ERR! Exit status 87
npm ERR! 
npm ERR! Failed at the oracledb@3.1.1 install script.
npm ERR! This is probably not a problem with npm. There is likely additional logging output above.

npm ERR! A complete log of this run can be found in:
npm ERR!     /github/home/.npm/_logs/2021-08-24T05_10_58_316Z-debug.log
npm WARN deprecated oracledb@3.1.2: Update to node-oracledb 5

> oracledb@3.1.2 install /__w/appoptics-apm-node/appoptics-apm-node/node_modules/oracledb
> node package/install.js

oracledb [31mERR![0m NJS-067: a pre-built node-oracledb binary was not found for Node.js v14.17.5 (NODE_MODULE_VERSION=83) on linux x64
oracledb [31mERR![0m Try compiling node-oracledb source code using https://oracle.github.io/node-oracledb/INSTALL.html#github
npm WARN optional SKIPPING OPTIONAL DEPENDENCY: fsevents@~2.3.1 (node_modules/chokidar/node_modules/fsevents):
npm WARN notsup SKIPPING OPTIONAL DEPENDENCY: Unsupported platform for fsevents@2.3.2: wanted {"os":"darwin","arch":"any"} (current: {"os":"linux","arch":"x64"})

npm ERR! code ELIFECYCLE
npm ERR! errno 87
npm ERR! oracledb@3.1.2 install: `node package/install.js`
npm ERR! Exit status 87
npm ERR! 
npm ERR! Failed at the oracledb@3.1.2 install script.
npm ERR! This is probably not a problem with npm. There is likely additional logging output above.

npm ERR! A complete log of this run can be found in:
npm ERR!     /github/home/.npm/_logs/2021-08-24T05_11_02_065Z-debug.log

> oracledb@4.0.0 install /__w/appoptics-apm-node/appoptics-apm-node/node_modules/oracledb
> node package/install.js

oracledb ********************************************************************************
oracledb ** Node-oracledb 4.0.0 installed for Node.js 14.17.5 (linux, x64)
oracledb **
oracledb ** To use node-oracledb:
oracledb ** - Oracle Client libraries (64-bit) must be configured with ldconfig or LD_LIBRARY_PATH
oracledb ** - To get libraries, install an Instant Client Basic or Basic Light package from
oracledb **   https://www.oracle.com/technetwork/topics/linuxx86-64soft-092277.html
oracledb **
oracledb ** Installation instructions: https://oracle.github.io/node-oracledb/INSTALL.html
oracledb ********************************************************************************

npm WARN optional SKIPPING OPTIONAL DEPENDENCY: fsevents@~2.3.1 (node_modules/chokidar/node_modules/fsevents):
npm WARN notsup SKIPPING OPTIONAL DEPENDENCY: Unsupported platform for fsevents@2.3.2: wanted {"os":"darwin","arch":"any"} (current: {"os":"linux","arch":"x64"})

+ oracledb@4.0.0
added 1 package and audited 939 packages in 3.524s

32 packages are looking for funding
  run `npm fund` for details

found 29 vulnerabilities (6 low, 6 moderate, 15 high, 2 critical)
  run `npm audit fix` to fix them, or `npm audit` for details
2021-08-24T05:11:06.396Z appoptics:debug read config from /__w/appoptics-apm-node/appoptics-apm-node/appoptics-apm-config
2021-08-24T05:11:06.396Z appoptics:debug guc ignoring APPOPTICS_LOG_SETTINGS
2021-08-24T05:11:06.396Z appoptics:debug serviceKey dIOz...wWK0:ao-node-test
2021-08-24T05:11:06.397Z appoptics:debug using context provider: ace-context
2021-08-24T05:11:06.454Z appoptics:debug apm 10.0.1, bindings 11.0.0, oboe 10.1.0
2021-08-24T05:11:06.498Z appoptics:patching patched crypto 
2021-08-24T05:11:06.530Z appoptics:patching patched https 
2021-08-24T05:11:06.530Z appoptics:patching patched http 
2021-08-24T05:11:06.553Z appoptics:patching patched oracledb 4.0.0
2021-08-24T05:11:06.556Z appoptics:debug starting runtimeMetrics


  probes.oracledb 4.0.0
    âœ“ UDP might lose a message
2021-08-24T05:11:06.648Z appoptics:debug asking helper to execute test_basic
2021-08-24T05:11:06.649Z appoptics:debug test_basic being executed
2021-08-24T05:11:06.649Z appoptics:debug oracledb wrapping getConnection
2021-08-24T05:11:06.733Z appoptics:debug done with test_basic oracledb.getConnection
2021-08-24T05:11:06.782Z appoptics:debug test_basic query callback invoked
    âœ“ should trace execute calls (140ms)
2021-08-24T05:11:06.790Z appoptics:debug ORACLEDB wrapping createPool
2021-08-24T05:11:06.794Z appoptics:debug oracledb wrapping getConnection
2021-08-24T05:11:06.865Z appoptics:debug connection.execute() seems to be patched
2021-08-24T05:11:06.865Z appoptics:debug connection.commit() seems to be patched
2021-08-24T05:11:06.865Z appoptics:debug connection.rollback() seems to be patched
2021-08-24T05:11:06.865Z appoptics:debug connection.break() seems to be patched
2021-08-24T05:11:06.865Z appoptics:debug connection.release seems to be patched
    âœ“ should trace execute calls in pool (77ms)
2021-08-24T05:11:06.868Z appoptics:debug oracledb wrapping getConnection
2021-08-24T05:11:06.885Z appoptics:debug connection.execute() seems to be patched
2021-08-24T05:11:06.885Z appoptics:debug connection.commit() seems to be patched
2021-08-24T05:11:06.885Z appoptics:debug connection.rollback() seems to be patched
2021-08-24T05:11:06.885Z appoptics:debug connection.break() seems to be patched
2021-08-24T05:11:06.885Z appoptics:debug connection.release seems to be patched
    âœ“ should include correct isAutoCommit value


  4 passing (256ms)


> oracledb@4.0.1 install /__w/appoptics-apm-node/appoptics-apm-node/node_modules/oracledb
> node package/install.js

oracledb ********************************************************************************
oracledb ** Node-oracledb 4.0.1 installed for Node.js 14.17.5 (linux, x64)
oracledb **
oracledb ** To use node-oracledb:
oracledb ** - Oracle Client libraries (64-bit) must be configured with ldconfig or LD_LIBRARY_PATH
oracledb ** - To get libraries, install an Instant Client Basic or Basic Light package from
oracledb **   https://www.oracle.com/technetwork/topics/linuxx86-64soft-092277.html
oracledb **
oracledb ** Installation instructions: https://oracle.github.io/node-oracledb/INSTALL.html
oracledb ********************************************************************************

npm WARN optional SKIPPING OPTIONAL DEPENDENCY: fsevents@~2.3.1 (node_modules/chokidar/node_modules/fsevents):
npm WARN notsup SKIPPING OPTIONAL DEPENDENCY: Unsupported platform for fsevents@2.3.2: wanted {"os":"darwin","arch":"any"} (current: {"os":"linux","arch":"x64"})

+ oracledb@4.0.1
updated 1 package and audited 939 packages in 3.689s

32 packages are looking for funding
  run `npm fund` for details

found 29 vulnerabilities (6 low, 6 moderate, 15 high, 2 critical)
  run `npm audit fix` to fix them, or `npm audit` for details
2021-08-24T05:11:11.385Z appoptics:debug read config from /__w/appoptics-apm-node/appoptics-apm-node/appoptics-apm-config
2021-08-24T05:11:11.386Z appoptics:debug guc ignoring APPOPTICS_LOG_SETTINGS
2021-08-24T05:11:11.386Z appoptics:debug serviceKey dIOz...wWK0:ao-node-test
2021-08-24T05:11:11.386Z appoptics:debug using context provider: ace-context
2021-08-24T05:11:11.438Z appoptics:debug apm 10.0.1, bindings 11.0.0, oboe 10.1.0
2021-08-24T05:11:11.479Z appoptics:patching patched crypto 
2021-08-24T05:11:11.498Z appoptics:patching patched https 
2021-08-24T05:11:11.498Z appoptics:patching patched http 
2021-08-24T05:11:11.526Z appoptics:patching patched oracledb 4.0.1
2021-08-24T05:11:11.529Z appoptics:debug starting runtimeMetrics


  probes.oracledb 4.0.1
    âœ“ UDP might lose a message
2021-08-24T05:11:11.621Z appoptics:debug asking helper to execute test_basic
2021-08-24T05:11:11.621Z appoptics:debug test_basic being executed
2021-08-24T05:11:11.621Z appoptics:debug oracledb wrapping getConnection
2021-08-24T05:11:11.629Z appoptics:debug done with test_basic oracledb.getConnection
2021-08-24T05:11:11.650Z appoptics:debug test_basic query callback invoked
    âœ“ should trace execute calls
2021-08-24T05:11:11.656Z appoptics:debug ORACLEDB wrapping createPool
2021-08-24T05:11:11.657Z appoptics:debug oracledb wrapping getConnection
2021-08-24T05:11:11.676Z appoptics:debug connection.execute() seems to be patched
2021-08-24T05:11:11.676Z appoptics:debug connection.commit() seems to be patched
2021-08-24T05:11:11.676Z appoptics:debug connection.rollback() seems to be patched
2021-08-24T05:11:11.676Z appoptics:debug connection.break() seems to be patched
2021-08-24T05:11:11.676Z appoptics:debug connection.release seems to be patched
    âœ“ should trace execute calls in pool
2021-08-24T05:11:11.678Z appoptics:debug oracledb wrapping getConnection
2021-08-24T05:11:11.694Z appoptics:debug connection.execute() seems to be patched
2021-08-24T05:11:11.694Z appoptics:debug connection.commit() seems to be patched
2021-08-24T05:11:11.694Z appoptics:debug connection.rollback() seems to be patched
2021-08-24T05:11:11.694Z appoptics:debug connection.break() seems to be patched
2021-08-24T05:11:11.694Z appoptics:debug connection.release seems to be patched
    âœ“ should include correct isAutoCommit value


  4 passing (93ms)


> oracledb@4.1.0 install /__w/appoptics-apm-node/appoptics-apm-node/node_modules/oracledb
> node package/install.js

oracledb ********************************************************************************
oracledb ** Node-oracledb 4.1.0 installed for Node.js 14.17.5 (linux, x64)
oracledb **
oracledb ** To use node-oracledb:
oracledb ** - Oracle Client libraries (64-bit) must be configured with ldconfig or LD_LIBRARY_PATH
oracledb ** - To get libraries, install an Instant Client Basic or Basic Light package from
oracledb **   https://www.oracle.com/technetwork/topics/linuxx86-64soft-092277.html
oracledb **
oracledb ** Installation instructions: https://oracle.github.io/node-oracledb/INSTALL.html
oracledb ********************************************************************************

npm WARN optional SKIPPING OPTIONAL DEPENDENCY: fsevents@~2.3.1 (node_modules/chokidar/node_modules/fsevents):
npm WARN notsup SKIPPING OPTIONAL DEPENDENCY: Unsupported platform for fsevents@2.3.2: wanted {"os":"darwin","arch":"any"} (current: {"os":"linux","arch":"x64"})

+ oracledb@4.1.0
updated 1 package and audited 939 packages in 3.296s

32 packages are looking for funding
  run `npm fund` for details

found 29 vulnerabilities (6 low, 6 moderate, 15 high, 2 critical)
  run `npm audit fix` to fix them, or `npm audit` for details
2021-08-24T05:11:15.879Z appoptics:debug read config from /__w/appoptics-apm-node/appoptics-apm-node/appoptics-apm-config
2021-08-24T05:11:15.879Z appoptics:debug guc ignoring APPOPTICS_LOG_SETTINGS
2021-08-24T05:11:15.879Z appoptics:debug serviceKey dIOz...wWK0:ao-node-test
2021-08-24T05:11:15.880Z appoptics:debug using context provider: ace-context
2021-08-24T05:11:15.948Z appoptics:debug apm 10.0.1, bindings 11.0.0, oboe 10.1.0
2021-08-24T05:11:15.994Z appoptics:patching patched crypto 
2021-08-24T05:11:16.026Z appoptics:patching patched https 
2021-08-24T05:11:16.027Z appoptics:patching patched http 
2021-08-24T05:11:16.064Z appoptics:patching patched oracledb 4.1.0
2021-08-24T05:11:16.067Z appoptics:debug starting runtimeMetrics


  probes.oracledb 4.1.0
    âœ“ UDP might lose a message
2021-08-24T05:11:16.183Z appoptics:debug asking helper to execute test_basic
2021-08-24T05:11:16.183Z appoptics:debug test_basic being executed
2021-08-24T05:11:16.183Z appoptics:debug oracledb wrapping getConnection
2021-08-24T05:11:16.196Z appoptics:debug done with test_basic oracledb.getConnection
2021-08-24T05:11:16.216Z appoptics:debug test_basic query callback invoked
    âœ“ should trace execute calls
2021-08-24T05:11:16.223Z appoptics:debug ORACLEDB wrapping createPool
2021-08-24T05:11:16.224Z appoptics:debug oracledb wrapping getConnection
2021-08-24T05:11:16.241Z appoptics:debug connection.execute() seems to be patched
2021-08-24T05:11:16.241Z appoptics:debug connection.commit() seems to be patched
2021-08-24T05:11:16.241Z appoptics:debug connection.rollback() seems to be patched
2021-08-24T05:11:16.241Z appoptics:debug connection.break() seems to be patched
2021-08-24T05:11:16.241Z appoptics:debug connection.release seems to be patched
    âœ“ should trace execute calls in pool
2021-08-24T05:11:16.244Z appoptics:debug oracledb wrapping getConnection
2021-08-24T05:11:16.262Z appoptics:debug connection.execute() seems to be patched
2021-08-24T05:11:16.262Z appoptics:debug connection.commit() seems to be patched
2021-08-24T05:11:16.262Z appoptics:debug connection.rollback() seems to be patched
2021-08-24T05:11:16.262Z appoptics:debug connection.break() seems to be patched
2021-08-24T05:11:16.262Z appoptics:debug connection.release seems to be patched
    âœ“ should include correct isAutoCommit value


  4 passing (105ms)


> oracledb@4.2.0 install /__w/appoptics-apm-node/appoptics-apm-node/node_modules/oracledb
> node package/install.js

oracledb ********************************************************************************
oracledb ** Node-oracledb 4.2.0 installed for Node.js 14.17.5 (linux, x64)
oracledb **
oracledb ** To use node-oracledb:
oracledb ** - Oracle Client libraries (64-bit) must be configured with ldconfig or LD_LIBRARY_PATH
oracledb ** - To get libraries, install an Instant Client Basic or Basic Light package from
oracledb **   https://www.oracle.com/database/technologies/instant-client/linux-x86-64-downloads.html
oracledb **
oracledb ** Installation instructions: https://oracle.github.io/node-oracledb/INSTALL.html
oracledb ********************************************************************************

npm WARN optional SKIPPING OPTIONAL DEPENDENCY: fsevents@~2.3.1 (node_modules/chokidar/node_modules/fsevents):
npm WARN notsup SKIPPING OPTIONAL DEPENDENCY: Unsupported platform for fsevents@2.3.2: wanted {"os":"darwin","arch":"any"} (current: {"os":"linux","arch":"x64"})

+ oracledb@4.2.0
updated 1 package and audited 939 packages in 3.199s

32 packages are looking for funding
  run `npm fund` for details

found 29 vulnerabilities (6 low, 6 moderate, 15 high, 2 critical)
  run `npm audit fix` to fix them, or `npm audit` for details
2021-08-24T05:11:20.314Z appoptics:debug read config from /__w/appoptics-apm-node/appoptics-apm-node/appoptics-apm-config
2021-08-24T05:11:20.314Z appoptics:debug guc ignoring APPOPTICS_LOG_SETTINGS
2021-08-24T05:11:20.314Z appoptics:debug serviceKey dIOz...wWK0:ao-node-test
2021-08-24T05:11:20.315Z appoptics:debug using context provider: ace-context
2021-08-24T05:11:20.383Z appoptics:debug apm 10.0.1, bindings 11.0.0, oboe 10.1.0
2021-08-24T05:11:20.429Z appoptics:patching patched crypto 
2021-08-24T05:11:20.468Z appoptics:patching patched https 
2021-08-24T05:11:20.468Z appoptics:patching patched http 
2021-08-24T05:11:20.520Z appoptics:patching patched oracledb 4.2.0
2021-08-24T05:11:20.527Z appoptics:debug starting runtimeMetrics


  probes.oracledb 4.2.0
    âœ“ UDP might lose a message
2021-08-24T05:11:20.687Z appoptics:debug asking helper to execute test_basic
2021-08-24T05:11:20.688Z appoptics:debug test_basic being executed
2021-08-24T05:11:20.688Z appoptics:debug oracledb wrapping getConnection
2021-08-24T05:11:20.697Z appoptics:debug done with test_basic oracledb.getConnection
2021-08-24T05:11:20.719Z appoptics:debug test_basic query callback invoked
    âœ“ should trace execute calls
2021-08-24T05:11:20.726Z appoptics:debug ORACLEDB wrapping createPool
2021-08-24T05:11:20.728Z appoptics:debug oracledb wrapping getConnection
2021-08-24T05:11:20.746Z appoptics:debug connection.execute() seems to be patched
2021-08-24T05:11:20.746Z appoptics:debug connection.commit() seems to be patched
2021-08-24T05:11:20.746Z appoptics:debug connection.rollback() seems to be patched
2021-08-24T05:11:20.746Z appoptics:debug connection.break() seems to be patched
2021-08-24T05:11:20.746Z appoptics:debug connection.release seems to be patched
    âœ“ should trace execute calls in pool
2021-08-24T05:11:20.750Z appoptics:debug oracledb wrapping getConnection
2021-08-24T05:11:20.767Z appoptics:debug connection.execute() seems to be patched
2021-08-24T05:11:20.767Z appoptics:debug connection.commit() seems to be patched
2021-08-24T05:11:20.767Z appoptics:debug connection.rollback() seems to be patched
2021-08-24T05:11:20.767Z appoptics:debug connection.break() seems to be patched
2021-08-24T05:11:20.767Z appoptics:debug connection.release seems to be patched
    âœ“ should include correct isAutoCommit value


  4 passing (104ms)


> oracledb@5.0.0 install /__w/appoptics-apm-node/appoptics-apm-node/node_modules/oracledb
> node package/install.js

oracledb ********************************************************************************
oracledb ** Node-oracledb 5.0.0 installed for Node.js 14.17.5 (linux, x64)
oracledb **
oracledb ** To use node-oracledb:
oracledb ** - Oracle Client libraries (64-bit) must be available.
oracledb ** - Follow the installation instructions:
oracledb **   https://oracle.github.io/node-oracledb/INSTALL.html#linuxinstall
oracledb ********************************************************************************

npm WARN optional SKIPPING OPTIONAL DEPENDENCY: fsevents@~2.3.1 (node_modules/chokidar/node_modules/fsevents):
npm WARN notsup SKIPPING OPTIONAL DEPENDENCY: Unsupported platform for fsevents@2.3.2: wanted {"os":"darwin","arch":"any"} (current: {"os":"linux","arch":"x64"})

+ oracledb@5.0.0
updated 1 package and audited 939 packages in 3.536s

32 packages are looking for funding
  run `npm fund` for details

found 29 vulnerabilities (6 low, 6 moderate, 15 high, 2 critical)
  run `npm audit fix` to fix them, or `npm audit` for details
2021-08-24T05:11:25.183Z appoptics:debug read config from /__w/appoptics-apm-node/appoptics-apm-node/appoptics-apm-config
2021-08-24T05:11:25.183Z appoptics:debug guc ignoring APPOPTICS_LOG_SETTINGS
2021-08-24T05:11:25.184Z appoptics:debug serviceKey dIOz...wWK0:ao-node-test
2021-08-24T05:11:25.184Z appoptics:debug using context provider: ace-context
2021-08-24T05:11:25.251Z appoptics:debug apm 10.0.1, bindings 11.0.0, oboe 10.1.0
2021-08-24T05:11:25.291Z appoptics:patching patched crypto 
2021-08-24T05:11:25.310Z appoptics:patching patched https 
2021-08-24T05:11:25.310Z appoptics:patching patched http 
2021-08-24T05:11:25.338Z appoptics:patching patched oracledb 5.0.0
2021-08-24T05:11:25.341Z appoptics:debug starting runtimeMetrics


  probes.oracledb 5.0.0
    âœ“ UDP might lose a message
2021-08-24T05:11:25.434Z appoptics:debug asking helper to execute test_basic
2021-08-24T05:11:25.434Z appoptics:debug test_basic being executed
2021-08-24T05:11:25.434Z appoptics:debug oracledb wrapping getConnection
2021-08-24T05:11:25.442Z appoptics:debug done with test_basic oracledb.getConnection
2021-08-24T05:11:25.462Z appoptics:debug test_basic query callback invoked
    âœ“ should trace execute calls
2021-08-24T05:11:25.468Z appoptics:debug ORACLEDB wrapping createPool
2021-08-24T05:11:25.470Z appoptics:debug oracledb wrapping getConnection
2021-08-24T05:11:25.485Z appoptics:debug connection.execute() seems to be patched
2021-08-24T05:11:25.486Z appoptics:debug connection.commit() seems to be patched
2021-08-24T05:11:25.486Z appoptics:debug connection.rollback() seems to be patched
2021-08-24T05:11:25.486Z appoptics:debug connection.break() seems to be patched
2021-08-24T05:11:25.486Z appoptics:debug connection.release seems to be patched
    âœ“ should trace execute calls in pool
2021-08-24T05:11:25.488Z appoptics:debug oracledb wrapping getConnection
2021-08-24T05:11:25.505Z appoptics:debug connection.execute() seems to be patched
2021-08-24T05:11:25.505Z appoptics:debug connection.commit() seems to be patched
2021-08-24T05:11:25.505Z appoptics:debug connection.rollback() seems to be patched
2021-08-24T05:11:25.505Z appoptics:debug connection.break() seems to be patched
2021-08-24T05:11:25.505Z appoptics:debug connection.release seems to be patched
    âœ“ should include correct isAutoCommit value


  4 passing (91ms)


> oracledb@5.1.0 install /__w/appoptics-apm-node/appoptics-apm-node/node_modules/oracledb
> node package/install.js

oracledb ********************************************************************************
oracledb ** Node-oracledb 5.1.0 installed for Node.js 14.17.5 (linux, x64)
oracledb **
oracledb ** To use node-oracledb:
oracledb ** - Oracle Client libraries (64-bit) must be available.
oracledb ** - Follow the installation instructions:
oracledb **   https://oracle.github.io/node-oracledb/INSTALL.html#linuxinstall
oracledb ********************************************************************************

npm WARN optional SKIPPING OPTIONAL DEPENDENCY: fsevents@~2.3.1 (node_modules/chokidar/node_modules/fsevents):
npm WARN notsup SKIPPING OPTIONAL DEPENDENCY: Unsupported platform for fsevents@2.3.2: wanted {"os":"darwin","arch":"any"} (current: {"os":"linux","arch":"x64"})

+ oracledb@5.1.0
updated 1 package and audited 939 packages in 3.409s

32 packages are looking for funding
  run `npm fund` for details

found 29 vulnerabilities (6 low, 6 moderate, 15 high, 2 critical)
  run `npm audit fix` to fix them, or `npm audit` for details
2021-08-24T05:11:29.722Z appoptics:debug read config from /__w/appoptics-apm-node/appoptics-apm-node/appoptics-apm-config
2021-08-24T05:11:29.723Z appoptics:debug guc ignoring APPOPTICS_LOG_SETTINGS
2021-08-24T05:11:29.723Z appoptics:debug serviceKey dIOz...wWK0:ao-node-test
2021-08-24T05:11:29.723Z appoptics:debug using context provider: ace-context
2021-08-24T05:11:29.780Z appoptics:debug apm 10.0.1, bindings 11.0.0, oboe 10.1.0
2021-08-24T05:11:29.820Z appoptics:patching patched crypto 
2021-08-24T05:11:29.840Z appoptics:patching patched https 
2021-08-24T05:11:29.840Z appoptics:patching patched http 
2021-08-24T05:11:29.867Z appoptics:patching patched oracledb 5.1.0
2021-08-24T05:11:29.870Z appoptics:debug starting runtimeMetrics


  probes.oracledb 5.1.0
    âœ“ UDP might lose a message
2021-08-24T05:11:29.964Z appoptics:debug asking helper to execute test_basic
2021-08-24T05:11:29.964Z appoptics:debug test_basic being executed
2021-08-24T05:11:29.964Z appoptics:debug oracledb wrapping getConnection
2021-08-24T05:11:29.972Z appoptics:debug done with test_basic oracledb.getConnection
2021-08-24T05:11:29.992Z appoptics:debug test_basic query callback invoked
    âœ“ should trace execute calls
2021-08-24T05:11:29.999Z appoptics:debug ORACLEDB wrapping createPool
2021-08-24T05:11:30.001Z appoptics:debug oracledb wrapping getConnection
2021-08-24T05:11:30.017Z appoptics:debug connection.execute() seems to be patched
2021-08-24T05:11:30.017Z appoptics:debug connection.commit() seems to be patched
2021-08-24T05:11:30.017Z appoptics:debug connection.rollback() seems to be patched
2021-08-24T05:11:30.017Z appoptics:debug connection.break() seems to be patched
2021-08-24T05:11:30.017Z appoptics:debug connection.release seems to be patched
    âœ“ should trace execute calls in pool
2021-08-24T05:11:30.019Z appoptics:debug oracledb wrapping getConnection
2021-08-24T05:11:30.035Z appoptics:debug connection.execute() seems to be patched
2021-08-24T05:11:30.035Z appoptics:debug connection.commit() seems to be patched
2021-08-24T05:11:30.035Z appoptics:debug connection.rollback() seems to be patched
2021-08-24T05:11:30.035Z appoptics:debug connection.break() seems to be patched
2021-08-24T05:11:30.035Z appoptics:debug connection.release seems to be patched
    âœ“ should include correct isAutoCommit value


  4 passing (91ms)


> oracledb@5.2.0 install /__w/appoptics-apm-node/appoptics-apm-node/node_modules/oracledb
> node package/install.js

oracledb ********************************************************************************
oracledb ** Node-oracledb 5.2.0 installed in Node.js 14.17.5 (linux, x64)
oracledb **
oracledb ** To use node-oracledb:
oracledb ** - Oracle Client libraries (64-bit) must be available.
oracledb ** - Follow the installation instructions:
oracledb **   https://oracle.github.io/node-oracledb/INSTALL.html#linuxinstall
oracledb ********************************************************************************

npm WARN optional SKIPPING OPTIONAL DEPENDENCY: fsevents@~2.3.1 (node_modules/chokidar/node_modules/fsevents):
npm WARN notsup SKIPPING OPTIONAL DEPENDENCY: Unsupported platform for fsevents@2.3.2: wanted {"os":"darwin","arch":"any"} (current: {"os":"linux","arch":"x64"})

+ oracledb@5.2.0
updated 1 package and audited 939 packages in 3.648s

32 packages are looking for funding
  run `npm fund` for details

found 29 vulnerabilities (6 low, 6 moderate, 15 high, 2 critical)
  run `npm audit fix` to fix them, or `npm audit` for details
2021-08-24T05:11:34.477Z appoptics:debug read config from /__w/appoptics-apm-node/appoptics-apm-node/appoptics-apm-config
2021-08-24T05:11:34.478Z appoptics:debug guc ignoring APPOPTICS_LOG_SETTINGS
2021-08-24T05:11:34.478Z appoptics:debug serviceKey dIOz...wWK0:ao-node-test
2021-08-24T05:11:34.478Z appoptics:debug using context provider: ace-context
2021-08-24T05:11:34.530Z appoptics:debug apm 10.0.1, bindings 11.0.0, oboe 10.1.0
2021-08-24T05:11:34.581Z appoptics:patching patched crypto 
2021-08-24T05:11:34.611Z appoptics:patching patched https 
2021-08-24T05:11:34.611Z appoptics:patching patched http 
2021-08-24T05:11:34.640Z appoptics:patching patched oracledb 5.2.0
2021-08-24T05:11:34.643Z appoptics:debug starting runtimeMetrics


  probes.oracledb 5.2.0
    âœ“ UDP might lose a message
2021-08-24T05:11:34.736Z appoptics:debug asking helper to execute test_basic
2021-08-24T05:11:34.736Z appoptics:debug test_basic being executed
2021-08-24T05:11:34.736Z appoptics:debug oracledb wrapping getConnection
2021-08-24T05:11:34.744Z appoptics:debug done with test_basic oracledb.getConnection
2021-08-24T05:11:34.765Z appoptics:debug test_basic query callback invoked
    âœ“ should trace execute calls
2021-08-24T05:11:34.771Z appoptics:debug ORACLEDB wrapping createPool
2021-08-24T05:11:34.773Z appoptics:debug oracledb wrapping getConnection
2021-08-24T05:11:34.788Z appoptics:debug connection.execute() seems to be patched
2021-08-24T05:11:34.788Z appoptics:debug connection.commit() seems to be patched
2021-08-24T05:11:34.788Z appoptics:debug connection.rollback() seems to be patched
2021-08-24T05:11:34.788Z appoptics:debug connection.break() seems to be patched
2021-08-24T05:11:34.788Z appoptics:debug connection.release seems to be patched
    âœ“ should trace execute calls in pool
2021-08-24T05:11:34.791Z appoptics:debug oracledb wrapping getConnection
2021-08-24T05:11:34.809Z appoptics:debug connection.execute() seems to be patched
2021-08-24T05:11:34.809Z appoptics:debug connection.commit() seems to be patched
2021-08-24T05:11:34.809Z appoptics:debug connection.rollback() seems to be patched
2021-08-24T05:11:34.809Z appoptics:debug connection.break() seems to be patched
2021-08-24T05:11:34.809Z appoptics:debug connection.release seems to be patched
    âœ“ should include correct isAutoCommit value


  4 passing (93ms)


> oracledb@5.2.0 install /__w/appoptics-apm-node/appoptics-apm-node/node_modules/oracledb
> node package/install.js

oracledb ********************************************************************************
oracledb ** Node-oracledb 5.2.0 installed in Node.js 14.17.5 (linux, x64)
oracledb **
oracledb ** To use node-oracledb:
oracledb ** - Oracle Client libraries (64-bit) must be available.
oracledb ** - Follow the installation instructions:
oracledb **   https://oracle.github.io/node-oracledb/INSTALL.html#linuxinstall
oracledb ********************************************************************************

npm WARN optional SKIPPING OPTIONAL DEPENDENCY: fsevents@~2.3.1 (node_modules/chokidar/node_modules/fsevents):
npm WARN notsup SKIPPING OPTIONAL DEPENDENCY: Unsupported platform for fsevents@2.3.2: wanted {"os":"darwin","arch":"any"} (current: {"os":"linux","arch":"x64"})

+ oracledb@5.2.0
updated 1 package and audited 939 packages in 3.318s

32 packages are looking for funding
  run `npm fund` for details

found 29 vulnerabilities (6 low, 6 moderate, 15 high, 2 critical)
  run `npm audit fix` to fix them, or `npm audit` for details
