npm WARN deprecated oracledb@2.0.14: Update to node-oracledb 5

> oracledb@2.0.14 install /__w/appoptics-apm-node/appoptics-apm-node/node_modules/oracledb
> node package/oracledbinstall.js

oracledb Beginning installation
oracledb Verifying installation
oracledb Binary not found
oracledb Continuing installation
oracledb [31mERR![0m NJS-054: Binary build/Release/oracledb.node was not installed from oracledb-v2.0.14-node-v83-linux-x64.gz
oracledb [31mERR![0m EACCES: permission denied, mkdir 'build'
oracledb [31mERR![0m If the error is not network or filesystem related, then review 
oracledb [31mERR![0m the Python 2.7 and compiler prerequisites in the installation instructions and
oracledb [31mERR![0m then install from source code with: npm install oracle/node-oracledb.git#v2.0.14
oracledb [31mERR![0m See https://github.com/oracle/node-oracledb/blob/master/INSTALL.md 

npm WARN optional SKIPPING OPTIONAL DEPENDENCY: fsevents@~2.3.1 (node_modules/chokidar/node_modules/fsevents):
npm WARN notsup SKIPPING OPTIONAL DEPENDENCY: Unsupported platform for fsevents@2.3.2: wanted {"os":"darwin","arch":"any"} (current: {"os":"linux","arch":"x64"})

npm ERR! code ELIFECYCLE
npm ERR! errno 87
npm ERR! oracledb@2.0.14 install: `node package/oracledbinstall.js`
npm ERR! Exit status 87
npm ERR! 
npm ERR! Failed at the oracledb@2.0.14 install script.
npm ERR! This is probably not a problem with npm. There is likely additional logging output above.

npm ERR! A complete log of this run can be found in:
npm ERR!     /github/home/.npm/_logs/2021-09-23T17_18_34_522Z-debug.log
npm WARN deprecated oracledb@2.0.15: Update to node-oracledb 5

> oracledb@2.0.15 install /__w/appoptics-apm-node/appoptics-apm-node/node_modules/oracledb
> node package/oracledbinstall.js

oracledb Beginning installation
oracledb Verifying installation
oracledb Binary not found
oracledb Continuing installation
oracledb [31mERR![0m NJS-054: Binary build/Release/oracledb.node was not installed from oracledb-v2.0.15-node-v83-linux-x64.gz
oracledb [31mERR![0m EACCES: permission denied, mkdir 'build'
oracledb [31mERR![0m If the error is not network or filesystem related, then review 
oracledb [31mERR![0m the Python 2.7 and compiler prerequisites in the installation instructions and
oracledb [31mERR![0m then install from source code with: npm install oracle/node-oracledb.git#v2.0.15
oracledb [31mERR![0m See https://github.com/oracle/node-oracledb/blob/master/INSTALL.md 

npm WARN optional SKIPPING OPTIONAL DEPENDENCY: fsevents@~2.3.1 (node_modules/chokidar/node_modules/fsevents):
npm WARN notsup SKIPPING OPTIONAL DEPENDENCY: Unsupported platform for fsevents@2.3.2: wanted {"os":"darwin","arch":"any"} (current: {"os":"linux","arch":"x64"})

npm ERR! code ELIFECYCLE
npm ERR! errno 87
npm ERR! oracledb@2.0.15 install: `node package/oracledbinstall.js`
npm ERR! Exit status 87
npm ERR! 
npm ERR! Failed at the oracledb@2.0.15 install script.
npm ERR! This is probably not a problem with npm. There is likely additional logging output above.

npm ERR! A complete log of this run can be found in:
npm ERR!     /github/home/.npm/_logs/2021-09-23T17_18_40_845Z-debug.log
npm WARN deprecated oracledb@2.1.0: Update to node-oracledb 5

> oracledb@2.1.0 install /__w/appoptics-apm-node/appoptics-apm-node/node_modules/oracledb
> node package/oracledbinstall.js

oracledb Beginning installation
oracledb Verifying installation
oracledb Binary not found
oracledb Continuing installation
oracledb [31mERR![0m NJS-054: Binary build/Release/oracledb.node was not installed from oracledb-v2.1.0-node-v83-linux-x64.gz
oracledb [31mERR![0m EACCES: permission denied, mkdir 'build'
oracledb [31mERR![0m If the error is not network or filesystem related, then review 
oracledb [31mERR![0m the Python 2.7 and compiler prerequisites in the installation instructions and
oracledb [31mERR![0m then install from source code with: npm install oracle/node-oracledb.git#v2.1.0
oracledb [31mERR![0m See https://github.com/oracle/node-oracledb/blob/master/INSTALL.md 

npm WARN optional SKIPPING OPTIONAL DEPENDENCY: fsevents@~2.3.1 (node_modules/chokidar/node_modules/fsevents):
npm WARN notsup SKIPPING OPTIONAL DEPENDENCY: Unsupported platform for fsevents@2.3.2: wanted {"os":"darwin","arch":"any"} (current: {"os":"linux","arch":"x64"})

npm ERR! code ELIFECYCLE
npm ERR! errno 87
npm ERR! oracledb@2.1.0 install: `node package/oracledbinstall.js`
npm ERR! Exit status 87
npm ERR! 
npm ERR! Failed at the oracledb@2.1.0 install script.
npm ERR! This is probably not a problem with npm. There is likely additional logging output above.

npm ERR! A complete log of this run can be found in:
npm ERR!     /github/home/.npm/_logs/2021-09-23T17_18_48_193Z-debug.log
npm WARN deprecated oracledb@2.1.1: Update to node-oracledb 5

> oracledb@2.1.1 install /__w/appoptics-apm-node/appoptics-apm-node/node_modules/oracledb
> node package/oracledbinstall.js

oracledb Beginning installation
oracledb Verifying installation
oracledb Binary not found
oracledb Continuing installation
oracledb [31mERR![0m NJS-054: Binary build/Release/oracledb.node was not installed from oracledb-v2.1.1-node-v83-linux-x64.gz
oracledb [31mERR![0m EACCES: permission denied, mkdir 'build'
oracledb [31mERR![0m If the error is not network or filesystem related, then review 
oracledb [31mERR![0m the Python 2.7 and compiler prerequisites in the installation instructions and
oracledb [31mERR![0m then install from source code with: npm install oracle/node-oracledb.git#v2.1.1
oracledb [31mERR![0m See https://github.com/oracle/node-oracledb/blob/master/INSTALL.md 

npm WARN optional SKIPPING OPTIONAL DEPENDENCY: fsevents@~2.3.1 (node_modules/chokidar/node_modules/fsevents):
npm WARN notsup SKIPPING OPTIONAL DEPENDENCY: Unsupported platform for fsevents@2.3.2: wanted {"os":"darwin","arch":"any"} (current: {"os":"linux","arch":"x64"})

npm ERR! code ELIFECYCLE
npm ERR! errno 87
npm ERR! oracledb@2.1.1 install: `node package/oracledbinstall.js`
npm ERR! Exit status 87
npm ERR! 
npm ERR! Failed at the oracledb@2.1.1 install script.
npm ERR! This is probably not a problem with npm. There is likely additional logging output above.

npm ERR! A complete log of this run can be found in:
npm ERR!     /github/home/.npm/_logs/2021-09-23T17_18_55_157Z-debug.log
npm WARN deprecated oracledb@2.1.2: Update to node-oracledb 5

> oracledb@2.1.2 install /__w/appoptics-apm-node/appoptics-apm-node/node_modules/oracledb
> node package/oracledbinstall.js

oracledb Beginning installation
oracledb Verifying installation
oracledb Binary not found
oracledb Continuing installation
oracledb [31mERR![0m NJS-054: Binary build/Release/oracledb.node was not installed from oracledb-v2.1.2-node-v83-linux-x64.gz
oracledb [31mERR![0m EACCES: permission denied, mkdir 'build'
oracledb [31mERR![0m If the error is not network or filesystem related, then review 
oracledb [31mERR![0m the Python 2.7 and compiler prerequisites in the installation instructions and
oracledb [31mERR![0m then install from source code with: npm install oracle/node-oracledb.git#v2.1.2
oracledb [31mERR![0m See https://github.com/oracle/node-oracledb/blob/master/INSTALL.md 

npm WARN optional SKIPPING OPTIONAL DEPENDENCY: fsevents@~2.3.1 (node_modules/chokidar/node_modules/fsevents):
npm WARN notsup SKIPPING OPTIONAL DEPENDENCY: Unsupported platform for fsevents@2.3.2: wanted {"os":"darwin","arch":"any"} (current: {"os":"linux","arch":"x64"})

npm ERR! code ELIFECYCLE
npm ERR! errno 87
npm ERR! oracledb@2.1.2 install: `node package/oracledbinstall.js`
npm ERR! Exit status 87
npm ERR! 
npm ERR! Failed at the oracledb@2.1.2 install script.
npm ERR! This is probably not a problem with npm. There is likely additional logging output above.

npm ERR! A complete log of this run can be found in:
npm ERR!     /github/home/.npm/_logs/2021-09-23T17_19_01_915Z-debug.log
npm WARN deprecated oracledb@2.2.0: Update to node-oracledb 5

> oracledb@2.2.0 install /__w/appoptics-apm-node/appoptics-apm-node/node_modules/oracledb
> node package/oracledbinstall.js

oracledb Beginning installation
oracledb Verifying installation
oracledb Continuing installation
oracledb [31mERR![0m NJS-054: Binary build/Release/oracledb.node was not installed.
oracledb [31mERR![0m Pre-built binary packages are not available for this version of Node.js (NODE_MODULE_VERSION="83")
oracledb [31mERR![0m Failed to install binary package oracledb-v2.2.0-node-v83-linux-x64.gz
oracledb [31mERR![0m EACCES: permission denied, mkdir 'build'
oracledb [31mERR![0m For help see https://oracle.github.io/node-oracledb/INSTALL.html#troubleshooting

npm WARN optional SKIPPING OPTIONAL DEPENDENCY: fsevents@~2.3.1 (node_modules/chokidar/node_modules/fsevents):
npm WARN notsup SKIPPING OPTIONAL DEPENDENCY: Unsupported platform for fsevents@2.3.2: wanted {"os":"darwin","arch":"any"} (current: {"os":"linux","arch":"x64"})

npm ERR! code ELIFECYCLE
npm ERR! errno 87
npm ERR! oracledb@2.2.0 install: `node package/oracledbinstall.js`
npm ERR! Exit status 87
npm ERR! 
npm ERR! Failed at the oracledb@2.2.0 install script.
npm ERR! This is probably not a problem with npm. There is likely additional logging output above.

npm ERR! A complete log of this run can be found in:
npm ERR!     /github/home/.npm/_logs/2021-09-23T17_19_09_005Z-debug.log
npm WARN deprecated oracledb@2.3.0: Update to node-oracledb 5

> oracledb@2.3.0 install /__w/appoptics-apm-node/appoptics-apm-node/node_modules/oracledb
> node package/oracledbinstall.js

oracledb Beginning installation
oracledb Verifying installation
oracledb Continuing installation
oracledb [31mERR![0m NJS-054: Binary build/Release/oracledb.node was not installed.
oracledb [31mERR![0m Pre-built binary packages are not available for this version of Node.js (NODE_MODULE_VERSION="83")
oracledb [31mERR![0m Failed to install binary package oracledb-v2.3.0-node-v83-linux-x64.gz
oracledb [31mERR![0m EACCES: permission denied, mkdir 'build'
oracledb [31mERR![0m For help see https://oracle.github.io/node-oracledb/INSTALL.html#troubleshooting

npm WARN optional SKIPPING OPTIONAL DEPENDENCY: fsevents@~2.3.1 (node_modules/chokidar/node_modules/fsevents):
npm WARN notsup SKIPPING OPTIONAL DEPENDENCY: Unsupported platform for fsevents@2.3.2: wanted {"os":"darwin","arch":"any"} (current: {"os":"linux","arch":"x64"})

npm ERR! code ELIFECYCLE
npm ERR! errno 87
npm ERR! oracledb@2.3.0 install: `node package/oracledbinstall.js`
npm ERR! Exit status 87
npm ERR! 
npm ERR! Failed at the oracledb@2.3.0 install script.
npm ERR! This is probably not a problem with npm. There is likely additional logging output above.

npm ERR! A complete log of this run can be found in:
npm ERR!     /github/home/.npm/_logs/2021-09-23T17_19_15_435Z-debug.log
npm WARN deprecated oracledb@3.0.0: Update to node-oracledb 5

> oracledb@3.0.0 install /__w/appoptics-apm-node/appoptics-apm-node/node_modules/oracledb
> node package/oracledbinstall.js

oracledb Beginning installation
oracledb Verifying installation
oracledb Continuing installation
oracledb [31mERR![0m NJS-054: Binary build/Release/oracledb.node was not installed.
oracledb [31mERR![0m Pre-built binary packages are not available for this version of Node.js (NODE_MODULE_VERSION="83")
oracledb [31mERR![0m Failed to install binary package oracledb-v3.0.0-node-abi83-linux-x64.gz
oracledb [31mERR![0m EACCES: permission denied, mkdir 'build'
oracledb [31mERR![0m For help see https://oracle.github.io/node-oracledb/INSTALL.html#troubleshooting

npm WARN optional SKIPPING OPTIONAL DEPENDENCY: fsevents@~2.3.1 (node_modules/chokidar/node_modules/fsevents):
npm WARN notsup SKIPPING OPTIONAL DEPENDENCY: Unsupported platform for fsevents@2.3.2: wanted {"os":"darwin","arch":"any"} (current: {"os":"linux","arch":"x64"})

npm ERR! code ELIFECYCLE
npm ERR! errno 87
npm ERR! oracledb@3.0.0 install: `node package/oracledbinstall.js`
npm ERR! Exit status 87
npm ERR! 
npm ERR! Failed at the oracledb@3.0.0 install script.
npm ERR! This is probably not a problem with npm. There is likely additional logging output above.

npm ERR! A complete log of this run can be found in:
npm ERR!     /github/home/.npm/_logs/2021-09-23T17_19_22_663Z-debug.log
npm WARN deprecated oracledb@3.0.1: Update to node-oracledb 5

> oracledb@3.0.1 install /__w/appoptics-apm-node/appoptics-apm-node/node_modules/oracledb
> node package/oracledbinstall.js

oracledb Beginning installation
oracledb [31mERR![0m NJS-054: Binary build/Release/oracledb.node was not installed.
oracledb [31mERR![0m Pre-built binary packages are not available for Node.js v14.17.6 (NODE_MODULE_VERSION="83")
oracledb [31mERR![0m Failed to install binary package oracledb-v3.0.1-node-abi83-linux-x64.gz
oracledb [31mERR![0m EACCES: permission denied, mkdir 'build'
oracledb [31mERR![0m For help see https://oracle.github.io/node-oracledb/INSTALL.html#troubleshooting

npm WARN optional SKIPPING OPTIONAL DEPENDENCY: fsevents@~2.3.1 (node_modules/chokidar/node_modules/fsevents):
npm WARN notsup SKIPPING OPTIONAL DEPENDENCY: Unsupported platform for fsevents@2.3.2: wanted {"os":"darwin","arch":"any"} (current: {"os":"linux","arch":"x64"})

npm ERR! code ELIFECYCLE
npm ERR! errno 87
npm ERR! oracledb@3.0.1 install: `node package/oracledbinstall.js`
npm ERR! Exit status 87
npm ERR! 
npm ERR! Failed at the oracledb@3.0.1 install script.
npm ERR! This is probably not a problem with npm. There is likely additional logging output above.

npm ERR! A complete log of this run can be found in:
npm ERR!     /github/home/.npm/_logs/2021-09-23T17_19_28_928Z-debug.log
npm WARN deprecated oracledb@3.1.0: Update to node-oracledb 5

> oracledb@3.1.0 install /__w/appoptics-apm-node/appoptics-apm-node/node_modules/oracledb
> node package/install.js

oracledb [31mERR![0m NJS-067: a pre-built node-oracledb binary was not found for Node.js v14.17.6 (NODE_MODULE_VERSION=83) on linux x64
oracledb [31mERR![0m Try compiling node-oracledb source code using https://oracle.github.io/node-oracledb/INSTALL.html#github
npm WARN optional SKIPPING OPTIONAL DEPENDENCY: fsevents@~2.3.1 (node_modules/chokidar/node_modules/fsevents):
npm WARN notsup SKIPPING OPTIONAL DEPENDENCY: Unsupported platform for fsevents@2.3.2: wanted {"os":"darwin","arch":"any"} (current: {"os":"linux","arch":"x64"})

npm ERR! code ELIFECYCLE
npm ERR! errno 87
npm ERR! oracledb@3.1.0 install: `node package/install.js`
npm ERR! Exit status 87
npm ERR! 
npm ERR! Failed at the oracledb@3.1.0 install script.
npm ERR! This is probably not a problem with npm. There is likely additional logging output above.

npm ERR! A complete log of this run can be found in:
npm ERR!     /github/home/.npm/_logs/2021-09-23T17_19_36_478Z-debug.log
npm WARN deprecated oracledb@3.1.1: Update to node-oracledb 5

> oracledb@3.1.1 install /__w/appoptics-apm-node/appoptics-apm-node/node_modules/oracledb
> node package/install.js

oracledb [31mERR![0m NJS-067: a pre-built node-oracledb binary was not found for Node.js v14.17.6 (NODE_MODULE_VERSION=83) on linux x64
oracledb [31mERR![0m Try compiling node-oracledb source code using https://oracle.github.io/node-oracledb/INSTALL.html#github
npm WARN optional SKIPPING OPTIONAL DEPENDENCY: fsevents@~2.3.1 (node_modules/chokidar/node_modules/fsevents):
npm WARN notsup SKIPPING OPTIONAL DEPENDENCY: Unsupported platform for fsevents@2.3.2: wanted {"os":"darwin","arch":"any"} (current: {"os":"linux","arch":"x64"})

npm ERR! code ELIFECYCLE
npm ERR! errno 87
npm ERR! oracledb@3.1.1 install: `node package/install.js`
npm ERR! Exit status 87
npm ERR! 
npm ERR! Failed at the oracledb@3.1.1 install script.
npm ERR! This is probably not a problem with npm. There is likely additional logging output above.

npm ERR! A complete log of this run can be found in:
npm ERR!     /github/home/.npm/_logs/2021-09-23T17_19_42_625Z-debug.log
npm WARN deprecated oracledb@3.1.2: Update to node-oracledb 5

> oracledb@3.1.2 install /__w/appoptics-apm-node/appoptics-apm-node/node_modules/oracledb
> node package/install.js

oracledb [31mERR![0m NJS-067: a pre-built node-oracledb binary was not found for Node.js v14.17.6 (NODE_MODULE_VERSION=83) on linux x64
oracledb [31mERR![0m Try compiling node-oracledb source code using https://oracle.github.io/node-oracledb/INSTALL.html#github
npm WARN optional SKIPPING OPTIONAL DEPENDENCY: fsevents@~2.3.1 (node_modules/chokidar/node_modules/fsevents):
npm WARN notsup SKIPPING OPTIONAL DEPENDENCY: Unsupported platform for fsevents@2.3.2: wanted {"os":"darwin","arch":"any"} (current: {"os":"linux","arch":"x64"})

npm ERR! code ELIFECYCLE
npm ERR! errno 87
npm ERR! oracledb@3.1.2 install: `node package/install.js`
npm ERR! Exit status 87
npm ERR! 
npm ERR! Failed at the oracledb@3.1.2 install script.
npm ERR! This is probably not a problem with npm. There is likely additional logging output above.

npm ERR! A complete log of this run can be found in:
npm ERR!     /github/home/.npm/_logs/2021-09-23T17_19_50_272Z-debug.log

> oracledb@4.0.0 install /__w/appoptics-apm-node/appoptics-apm-node/node_modules/oracledb
> node package/install.js

oracledb ********************************************************************************
oracledb ** Node-oracledb 4.0.0 installed for Node.js 14.17.6 (linux, x64)
oracledb **
oracledb ** To use node-oracledb:
oracledb ** - Oracle Client libraries (64-bit) must be configured with ldconfig or LD_LIBRARY_PATH
oracledb ** - To get libraries, install an Instant Client Basic or Basic Light package from
oracledb **   https://www.oracle.com/technetwork/topics/linuxx86-64soft-092277.html
oracledb **
oracledb ** Installation instructions: https://oracle.github.io/node-oracledb/INSTALL.html
oracledb ********************************************************************************

npm WARN optional SKIPPING OPTIONAL DEPENDENCY: fsevents@~2.3.1 (node_modules/chokidar/node_modules/fsevents):
npm WARN notsup SKIPPING OPTIONAL DEPENDENCY: Unsupported platform for fsevents@2.3.2: wanted {"os":"darwin","arch":"any"} (current: {"os":"linux","arch":"x64"})

+ oracledb@4.0.0
added 1 package and audited 1098 packages in 6.057s

72 packages are looking for funding
  run `npm fund` for details

found 23 vulnerabilities (5 low, 4 moderate, 12 high, 2 critical)
  run `npm audit fix` to fix them, or `npm audit` for details
2021-09-23T17:19:57.610Z appoptics:debug read config from /__w/appoptics-apm-node/appoptics-apm-node/appoptics-apm-config
2021-09-23T17:19:57.612Z appoptics:debug guc ignoring APPOPTICS_LOG_SETTINGS
2021-09-23T17:19:57.612Z appoptics:debug serviceKey dIOz...wWK0:ao-node-test
2021-09-23T17:19:57.613Z appoptics:debug using context provider: ace-context
2021-09-23T17:19:57.699Z appoptics:debug apm 10.1.0, bindings 11.1.0, oboe 10.1.1
2021-09-23T17:19:57.772Z appoptics:patching patched crypto 
2021-09-23T17:19:57.824Z appoptics:patching patched https 
2021-09-23T17:19:57.825Z appoptics:patching patched http 
2021-09-23T17:19:57.866Z appoptics:patching patched oracledb 4.0.0
2021-09-23T17:19:57.871Z appoptics:debug starting runtimeMetrics


  probes.oracledb 4.0.0
    âœ“ UDP might lose a message
2021-09-23T17:19:58.088Z appoptics:debug asking helper to execute test_basic
2021-09-23T17:19:58.089Z appoptics:debug test_basic being executed
2021-09-23T17:19:58.089Z appoptics:debug oracledb wrapping getConnection
2021-09-23T17:19:58.191Z appoptics:debug done with test_basic oracledb.getConnection
2021-09-23T17:19:58.306Z appoptics:debug test_basic query callback invoked
    âœ“ should trace execute calls (231ms)
2021-09-23T17:19:58.324Z appoptics:debug ORACLEDB wrapping createPool
2021-09-23T17:19:58.328Z appoptics:debug oracledb wrapping getConnection
2021-09-23T17:19:58.378Z appoptics:debug connection.execute() seems to be patched
2021-09-23T17:19:58.379Z appoptics:debug connection.commit() seems to be patched
2021-09-23T17:19:58.379Z appoptics:debug connection.rollback() seems to be patched
2021-09-23T17:19:58.379Z appoptics:debug connection.break() seems to be patched
2021-09-23T17:19:58.379Z appoptics:debug connection.release seems to be patched
    âœ“ should trace execute calls in pool (59ms)
2021-09-23T17:19:58.383Z appoptics:debug oracledb wrapping getConnection
2021-09-23T17:19:58.426Z appoptics:debug connection.execute() seems to be patched
2021-09-23T17:19:58.427Z appoptics:debug connection.commit() seems to be patched
2021-09-23T17:19:58.427Z appoptics:debug connection.rollback() seems to be patched
2021-09-23T17:19:58.427Z appoptics:debug connection.break() seems to be patched
2021-09-23T17:19:58.427Z appoptics:debug connection.release seems to be patched
    âœ“ should include correct isAutoCommit value (50ms)


  4 passing (373ms)


> oracledb@4.0.1 install /__w/appoptics-apm-node/appoptics-apm-node/node_modules/oracledb
> node package/install.js

oracledb ********************************************************************************
oracledb ** Node-oracledb 4.0.1 installed for Node.js 14.17.6 (linux, x64)
oracledb **
oracledb ** To use node-oracledb:
oracledb ** - Oracle Client libraries (64-bit) must be configured with ldconfig or LD_LIBRARY_PATH
oracledb ** - To get libraries, install an Instant Client Basic or Basic Light package from
oracledb **   https://www.oracle.com/technetwork/topics/linuxx86-64soft-092277.html
oracledb **
oracledb ** Installation instructions: https://oracle.github.io/node-oracledb/INSTALL.html
oracledb ********************************************************************************

npm WARN optional SKIPPING OPTIONAL DEPENDENCY: fsevents@~2.3.1 (node_modules/chokidar/node_modules/fsevents):
npm WARN notsup SKIPPING OPTIONAL DEPENDENCY: Unsupported platform for fsevents@2.3.2: wanted {"os":"darwin","arch":"any"} (current: {"os":"linux","arch":"x64"})

+ oracledb@4.0.1
updated 1 package and audited 1098 packages in 6.43s

72 packages are looking for funding
  run `npm fund` for details

found 23 vulnerabilities (5 low, 4 moderate, 12 high, 2 critical)
  run `npm audit fix` to fix them, or `npm audit` for details
2021-09-23T17:20:06.229Z appoptics:debug read config from /__w/appoptics-apm-node/appoptics-apm-node/appoptics-apm-config
2021-09-23T17:20:06.230Z appoptics:debug guc ignoring APPOPTICS_LOG_SETTINGS
2021-09-23T17:20:06.230Z appoptics:debug serviceKey dIOz...wWK0:ao-node-test
2021-09-23T17:20:06.231Z appoptics:debug using context provider: ace-context
2021-09-23T17:20:06.317Z appoptics:debug apm 10.1.0, bindings 11.1.0, oboe 10.1.1
2021-09-23T17:20:06.373Z appoptics:patching patched crypto 
2021-09-23T17:20:06.398Z appoptics:patching patched https 
2021-09-23T17:20:06.398Z appoptics:patching patched http 
2021-09-23T17:20:06.440Z appoptics:patching patched oracledb 4.0.1
2021-09-23T17:20:06.444Z appoptics:debug starting runtimeMetrics


  probes.oracledb 4.0.1
    âœ“ UDP might lose a message
2021-09-23T17:20:06.628Z appoptics:debug asking helper to execute test_basic
2021-09-23T17:20:06.629Z appoptics:debug test_basic being executed
2021-09-23T17:20:06.629Z appoptics:debug oracledb wrapping getConnection
2021-09-23T17:20:06.645Z appoptics:debug done with test_basic oracledb.getConnection
2021-09-23T17:20:06.699Z appoptics:debug test_basic query callback invoked
    âœ“ should trace execute calls (76ms)
2021-09-23T17:20:06.721Z appoptics:debug ORACLEDB wrapping createPool
2021-09-23T17:20:06.723Z appoptics:debug oracledb wrapping getConnection
2021-09-23T17:20:06.762Z appoptics:debug connection.execute() seems to be patched
2021-09-23T17:20:06.762Z appoptics:debug connection.commit() seems to be patched
2021-09-23T17:20:06.762Z appoptics:debug connection.rollback() seems to be patched
2021-09-23T17:20:06.762Z appoptics:debug connection.break() seems to be patched
2021-09-23T17:20:06.762Z appoptics:debug connection.release seems to be patched
    âœ“ should trace execute calls in pool (45ms)
2021-09-23T17:20:06.767Z appoptics:debug oracledb wrapping getConnection
2021-09-23T17:20:06.808Z appoptics:debug connection.execute() seems to be patched
2021-09-23T17:20:06.809Z appoptics:debug connection.commit() seems to be patched
2021-09-23T17:20:06.809Z appoptics:debug connection.rollback() seems to be patched
2021-09-23T17:20:06.809Z appoptics:debug connection.break() seems to be patched
2021-09-23T17:20:06.809Z appoptics:debug connection.release seems to be patched
    âœ“ should include correct isAutoCommit value (49ms)


  4 passing (224ms)


> oracledb@4.1.0 install /__w/appoptics-apm-node/appoptics-apm-node/node_modules/oracledb
> node package/install.js

oracledb ********************************************************************************
oracledb ** Node-oracledb 4.1.0 installed for Node.js 14.17.6 (linux, x64)
oracledb **
oracledb ** To use node-oracledb:
oracledb ** - Oracle Client libraries (64-bit) must be configured with ldconfig or LD_LIBRARY_PATH
oracledb ** - To get libraries, install an Instant Client Basic or Basic Light package from
oracledb **   https://www.oracle.com/technetwork/topics/linuxx86-64soft-092277.html
oracledb **
oracledb ** Installation instructions: https://oracle.github.io/node-oracledb/INSTALL.html
oracledb ********************************************************************************

npm WARN optional SKIPPING OPTIONAL DEPENDENCY: fsevents@~2.3.1 (node_modules/chokidar/node_modules/fsevents):
npm WARN notsup SKIPPING OPTIONAL DEPENDENCY: Unsupported platform for fsevents@2.3.2: wanted {"os":"darwin","arch":"any"} (current: {"os":"linux","arch":"x64"})

+ oracledb@4.1.0
updated 1 package and audited 1098 packages in 6.182s

72 packages are looking for funding
  run `npm fund` for details

found 23 vulnerabilities (5 low, 4 moderate, 12 high, 2 critical)
  run `npm audit fix` to fix them, or `npm audit` for details
2021-09-23T17:20:14.423Z appoptics:debug read config from /__w/appoptics-apm-node/appoptics-apm-node/appoptics-apm-config
2021-09-23T17:20:14.423Z appoptics:debug guc ignoring APPOPTICS_LOG_SETTINGS
2021-09-23T17:20:14.423Z appoptics:debug serviceKey dIOz...wWK0:ao-node-test
2021-09-23T17:20:14.424Z appoptics:debug using context provider: ace-context
2021-09-23T17:20:14.489Z appoptics:debug apm 10.1.0, bindings 11.1.0, oboe 10.1.1
2021-09-23T17:20:14.556Z appoptics:patching patched crypto 
2021-09-23T17:20:14.579Z appoptics:patching patched https 
2021-09-23T17:20:14.579Z appoptics:patching patched http 
2021-09-23T17:20:14.626Z appoptics:patching patched oracledb 4.1.0
2021-09-23T17:20:14.630Z appoptics:debug starting runtimeMetrics


  probes.oracledb 4.1.0
    âœ“ UDP might lose a message
2021-09-23T17:20:14.791Z appoptics:debug asking helper to execute test_basic
2021-09-23T17:20:14.791Z appoptics:debug test_basic being executed
2021-09-23T17:20:14.791Z appoptics:debug oracledb wrapping getConnection
2021-09-23T17:20:14.799Z appoptics:debug done with test_basic oracledb.getConnection
2021-09-23T17:20:14.839Z appoptics:debug test_basic query callback invoked
    âœ“ should trace execute calls (54ms)
2021-09-23T17:20:14.856Z appoptics:debug ORACLEDB wrapping createPool
2021-09-23T17:20:14.858Z appoptics:debug oracledb wrapping getConnection
2021-09-23T17:20:14.911Z appoptics:debug connection.execute() seems to be patched
2021-09-23T17:20:14.912Z appoptics:debug connection.commit() seems to be patched
2021-09-23T17:20:14.912Z appoptics:debug connection.rollback() seems to be patched
2021-09-23T17:20:14.912Z appoptics:debug connection.break() seems to be patched
2021-09-23T17:20:14.912Z appoptics:debug connection.release seems to be patched
    âœ“ should trace execute calls in pool (59ms)
2021-09-23T17:20:14.915Z appoptics:debug oracledb wrapping getConnection
2021-09-23T17:20:14.958Z appoptics:debug connection.execute() seems to be patched
2021-09-23T17:20:14.959Z appoptics:debug connection.commit() seems to be patched
2021-09-23T17:20:14.959Z appoptics:debug connection.rollback() seems to be patched
2021-09-23T17:20:14.959Z appoptics:debug connection.break() seems to be patched
2021-09-23T17:20:14.959Z appoptics:debug connection.release seems to be patched
    âœ“ should include correct isAutoCommit value (54ms)


  4 passing (197ms)


> oracledb@4.2.0 install /__w/appoptics-apm-node/appoptics-apm-node/node_modules/oracledb
> node package/install.js

oracledb ********************************************************************************
oracledb ** Node-oracledb 4.2.0 installed for Node.js 14.17.6 (linux, x64)
oracledb **
oracledb ** To use node-oracledb:
oracledb ** - Oracle Client libraries (64-bit) must be configured with ldconfig or LD_LIBRARY_PATH
oracledb ** - To get libraries, install an Instant Client Basic or Basic Light package from
oracledb **   https://www.oracle.com/database/technologies/instant-client/linux-x86-64-downloads.html
oracledb **
oracledb ** Installation instructions: https://oracle.github.io/node-oracledb/INSTALL.html
oracledb ********************************************************************************

npm WARN optional SKIPPING OPTIONAL DEPENDENCY: fsevents@~2.3.1 (node_modules/chokidar/node_modules/fsevents):
npm WARN notsup SKIPPING OPTIONAL DEPENDENCY: Unsupported platform for fsevents@2.3.2: wanted {"os":"darwin","arch":"any"} (current: {"os":"linux","arch":"x64"})

+ oracledb@4.2.0
updated 1 package and audited 1098 packages in 5.894s

72 packages are looking for funding
  run `npm fund` for details

found 23 vulnerabilities (5 low, 4 moderate, 12 high, 2 critical)
  run `npm audit fix` to fix them, or `npm audit` for details
2021-09-23T17:20:22.087Z appoptics:debug read config from /__w/appoptics-apm-node/appoptics-apm-node/appoptics-apm-config
2021-09-23T17:20:22.087Z appoptics:debug guc ignoring APPOPTICS_LOG_SETTINGS
2021-09-23T17:20:22.087Z appoptics:debug serviceKey dIOz...wWK0:ao-node-test
2021-09-23T17:20:22.088Z appoptics:debug using context provider: ace-context
2021-09-23T17:20:22.161Z appoptics:debug apm 10.1.0, bindings 11.1.0, oboe 10.1.1
2021-09-23T17:20:22.218Z appoptics:patching patched crypto 
2021-09-23T17:20:22.246Z appoptics:patching patched https 
2021-09-23T17:20:22.246Z appoptics:patching patched http 
2021-09-23T17:20:22.282Z appoptics:patching patched oracledb 4.2.0
2021-09-23T17:20:22.286Z appoptics:debug starting runtimeMetrics


  probes.oracledb 4.2.0
    âœ“ UDP might lose a message
2021-09-23T17:20:22.451Z appoptics:debug asking helper to execute test_basic
2021-09-23T17:20:22.451Z appoptics:debug test_basic being executed
2021-09-23T17:20:22.451Z appoptics:debug oracledb wrapping getConnection
2021-09-23T17:20:22.459Z appoptics:debug done with test_basic oracledb.getConnection
2021-09-23T17:20:22.502Z appoptics:debug test_basic query callback invoked
    âœ“ should trace execute calls (56ms)
2021-09-23T17:20:22.510Z appoptics:debug ORACLEDB wrapping createPool
2021-09-23T17:20:22.513Z appoptics:debug oracledb wrapping getConnection
2021-09-23T17:20:22.549Z appoptics:debug connection.execute() seems to be patched
2021-09-23T17:20:22.549Z appoptics:debug connection.commit() seems to be patched
2021-09-23T17:20:22.549Z appoptics:debug connection.rollback() seems to be patched
2021-09-23T17:20:22.549Z appoptics:debug connection.break() seems to be patched
2021-09-23T17:20:22.549Z appoptics:debug connection.release seems to be patched
    âœ“ should trace execute calls in pool (43ms)
2021-09-23T17:20:22.553Z appoptics:debug oracledb wrapping getConnection
2021-09-23T17:20:22.587Z appoptics:debug connection.execute() seems to be patched
2021-09-23T17:20:22.587Z appoptics:debug connection.commit() seems to be patched
2021-09-23T17:20:22.587Z appoptics:debug connection.rollback() seems to be patched
2021-09-23T17:20:22.587Z appoptics:debug connection.break() seems to be patched
2021-09-23T17:20:22.587Z appoptics:debug connection.release seems to be patched
    âœ“ should include correct isAutoCommit value (41ms)


  4 passing (160ms)


> oracledb@5.0.0 install /__w/appoptics-apm-node/appoptics-apm-node/node_modules/oracledb
> node package/install.js

oracledb ********************************************************************************
oracledb ** Node-oracledb 5.0.0 installed for Node.js 14.17.6 (linux, x64)
oracledb **
oracledb ** To use node-oracledb:
oracledb ** - Oracle Client libraries (64-bit) must be available.
oracledb ** - Follow the installation instructions:
oracledb **   https://oracle.github.io/node-oracledb/INSTALL.html#linuxinstall
oracledb ********************************************************************************

npm WARN optional SKIPPING OPTIONAL DEPENDENCY: fsevents@~2.3.1 (node_modules/chokidar/node_modules/fsevents):
npm WARN notsup SKIPPING OPTIONAL DEPENDENCY: Unsupported platform for fsevents@2.3.2: wanted {"os":"darwin","arch":"any"} (current: {"os":"linux","arch":"x64"})

+ oracledb@5.0.0
updated 1 package and audited 1098 packages in 6.751s

72 packages are looking for funding
  run `npm fund` for details

found 23 vulnerabilities (5 low, 4 moderate, 12 high, 2 critical)
  run `npm audit fix` to fix them, or `npm audit` for details
2021-09-23T17:20:30.596Z appoptics:debug read config from /__w/appoptics-apm-node/appoptics-apm-node/appoptics-apm-config
2021-09-23T17:20:30.597Z appoptics:debug guc ignoring APPOPTICS_LOG_SETTINGS
2021-09-23T17:20:30.597Z appoptics:debug serviceKey dIOz...wWK0:ao-node-test
2021-09-23T17:20:30.598Z appoptics:debug using context provider: ace-context
2021-09-23T17:20:30.671Z appoptics:debug apm 10.1.0, bindings 11.1.0, oboe 10.1.1
2021-09-23T17:20:30.722Z appoptics:patching patched crypto 
2021-09-23T17:20:30.759Z appoptics:patching patched https 
2021-09-23T17:20:30.759Z appoptics:patching patched http 
2021-09-23T17:20:30.807Z appoptics:patching patched oracledb 5.0.0
2021-09-23T17:20:30.812Z appoptics:debug starting runtimeMetrics


  probes.oracledb 5.0.0
    âœ“ UDP might lose a message
2021-09-23T17:20:31.041Z appoptics:debug asking helper to execute test_basic
2021-09-23T17:20:31.041Z appoptics:debug test_basic being executed
2021-09-23T17:20:31.041Z appoptics:debug oracledb wrapping getConnection
2021-09-23T17:20:31.055Z appoptics:debug done with test_basic oracledb.getConnection
2021-09-23T17:20:31.111Z appoptics:debug test_basic query callback invoked
    âœ“ should trace execute calls (76ms)
2021-09-23T17:20:31.120Z appoptics:debug ORACLEDB wrapping createPool
2021-09-23T17:20:31.122Z appoptics:debug oracledb wrapping getConnection
2021-09-23T17:20:31.162Z appoptics:debug connection.execute() seems to be patched
2021-09-23T17:20:31.163Z appoptics:debug connection.commit() seems to be patched
2021-09-23T17:20:31.163Z appoptics:debug connection.rollback() seems to be patched
2021-09-23T17:20:31.163Z appoptics:debug connection.break() seems to be patched
2021-09-23T17:20:31.163Z appoptics:debug connection.release seems to be patched
    âœ“ should trace execute calls in pool (46ms)
2021-09-23T17:20:31.166Z appoptics:debug oracledb wrapping getConnection
2021-09-23T17:20:31.208Z appoptics:debug connection.execute() seems to be patched
2021-09-23T17:20:31.209Z appoptics:debug connection.commit() seems to be patched
2021-09-23T17:20:31.209Z appoptics:debug connection.rollback() seems to be patched
2021-09-23T17:20:31.209Z appoptics:debug connection.break() seems to be patched
2021-09-23T17:20:31.209Z appoptics:debug connection.release seems to be patched
    âœ“ should include correct isAutoCommit value (49ms)


  4 passing (206ms)


> oracledb@5.1.0 install /__w/appoptics-apm-node/appoptics-apm-node/node_modules/oracledb
> node package/install.js

oracledb ********************************************************************************
oracledb ** Node-oracledb 5.1.0 installed for Node.js 14.17.6 (linux, x64)
oracledb **
oracledb ** To use node-oracledb:
oracledb ** - Oracle Client libraries (64-bit) must be available.
oracledb ** - Follow the installation instructions:
oracledb **   https://oracle.github.io/node-oracledb/INSTALL.html#linuxinstall
oracledb ********************************************************************************

npm WARN optional SKIPPING OPTIONAL DEPENDENCY: fsevents@~2.3.1 (node_modules/chokidar/node_modules/fsevents):
npm WARN notsup SKIPPING OPTIONAL DEPENDENCY: Unsupported platform for fsevents@2.3.2: wanted {"os":"darwin","arch":"any"} (current: {"os":"linux","arch":"x64"})

+ oracledb@5.1.0
updated 1 package and audited 1098 packages in 6.469s

72 packages are looking for funding
  run `npm fund` for details

found 23 vulnerabilities (5 low, 4 moderate, 12 high, 2 critical)
  run `npm audit fix` to fix them, or `npm audit` for details
2021-09-23T17:20:38.883Z appoptics:debug read config from /__w/appoptics-apm-node/appoptics-apm-node/appoptics-apm-config
2021-09-23T17:20:38.884Z appoptics:debug guc ignoring APPOPTICS_LOG_SETTINGS
2021-09-23T17:20:38.884Z appoptics:debug serviceKey dIOz...wWK0:ao-node-test
2021-09-23T17:20:38.885Z appoptics:debug using context provider: ace-context
2021-09-23T17:20:38.952Z appoptics:debug apm 10.1.0, bindings 11.1.0, oboe 10.1.1
2021-09-23T17:20:39.007Z appoptics:patching patched crypto 
2021-09-23T17:20:39.031Z appoptics:patching patched https 
2021-09-23T17:20:39.031Z appoptics:patching patched http 
2021-09-23T17:20:39.070Z appoptics:patching patched oracledb 5.1.0
2021-09-23T17:20:39.073Z appoptics:debug starting runtimeMetrics


  probes.oracledb 5.1.0
    âœ“ UDP might lose a message
2021-09-23T17:20:39.229Z appoptics:debug asking helper to execute test_basic
2021-09-23T17:20:39.229Z appoptics:debug test_basic being executed
2021-09-23T17:20:39.229Z appoptics:debug oracledb wrapping getConnection
2021-09-23T17:20:39.239Z appoptics:debug done with test_basic oracledb.getConnection
2021-09-23T17:20:39.278Z appoptics:debug test_basic query callback invoked
    âœ“ should trace execute calls (54ms)
2021-09-23T17:20:39.285Z appoptics:debug ORACLEDB wrapping createPool
2021-09-23T17:20:39.289Z appoptics:debug oracledb wrapping getConnection
2021-09-23T17:20:39.324Z appoptics:debug connection.execute() seems to be patched
2021-09-23T17:20:39.324Z appoptics:debug connection.commit() seems to be patched
2021-09-23T17:20:39.324Z appoptics:debug connection.rollback() seems to be patched
2021-09-23T17:20:39.324Z appoptics:debug connection.break() seems to be patched
2021-09-23T17:20:39.324Z appoptics:debug connection.release seems to be patched
    âœ“ should trace execute calls in pool (43ms)
2021-09-23T17:20:39.335Z appoptics:debug oracledb wrapping getConnection
2021-09-23T17:20:39.373Z appoptics:debug connection.execute() seems to be patched
2021-09-23T17:20:39.373Z appoptics:debug connection.commit() seems to be patched
2021-09-23T17:20:39.373Z appoptics:debug connection.rollback() seems to be patched
2021-09-23T17:20:39.373Z appoptics:debug connection.break() seems to be patched
2021-09-23T17:20:39.373Z appoptics:debug connection.release seems to be patched
    âœ“ should include correct isAutoCommit value (44ms)


  4 passing (170ms)


> oracledb@5.2.0 install /__w/appoptics-apm-node/appoptics-apm-node/node_modules/oracledb
> node package/install.js

oracledb ********************************************************************************
oracledb ** Node-oracledb 5.2.0 installed in Node.js 14.17.6 (linux, x64)
oracledb **
oracledb ** To use node-oracledb:
oracledb ** - Oracle Client libraries (64-bit) must be available.
oracledb ** - Follow the installation instructions:
oracledb **   https://oracle.github.io/node-oracledb/INSTALL.html#linuxinstall
oracledb ********************************************************************************

npm WARN optional SKIPPING OPTIONAL DEPENDENCY: fsevents@~2.3.1 (node_modules/chokidar/node_modules/fsevents):
npm WARN notsup SKIPPING OPTIONAL DEPENDENCY: Unsupported platform for fsevents@2.3.2: wanted {"os":"darwin","arch":"any"} (current: {"os":"linux","arch":"x64"})

+ oracledb@5.2.0
updated 1 package and audited 1098 packages in 5.784s

72 packages are looking for funding
  run `npm fund` for details

found 23 vulnerabilities (5 low, 4 moderate, 12 high, 2 critical)
  run `npm audit fix` to fix them, or `npm audit` for details
2021-09-23T17:20:46.494Z appoptics:debug read config from /__w/appoptics-apm-node/appoptics-apm-node/appoptics-apm-config
2021-09-23T17:20:46.495Z appoptics:debug guc ignoring APPOPTICS_LOG_SETTINGS
2021-09-23T17:20:46.495Z appoptics:debug serviceKey dIOz...wWK0:ao-node-test
2021-09-23T17:20:46.496Z appoptics:debug using context provider: ace-context
2021-09-23T17:20:46.571Z appoptics:debug apm 10.1.0, bindings 11.1.0, oboe 10.1.1
2021-09-23T17:20:46.620Z appoptics:patching patched crypto 
2021-09-23T17:20:46.644Z appoptics:patching patched https 
2021-09-23T17:20:46.644Z appoptics:patching patched http 
2021-09-23T17:20:46.683Z appoptics:patching patched oracledb 5.2.0
2021-09-23T17:20:46.686Z appoptics:debug starting runtimeMetrics


  probes.oracledb 5.2.0
    âœ“ UDP might lose a message
2021-09-23T17:20:46.892Z appoptics:debug asking helper to execute test_basic
2021-09-23T17:20:46.893Z appoptics:debug test_basic being executed
2021-09-23T17:20:46.893Z appoptics:debug oracledb wrapping getConnection
2021-09-23T17:20:46.902Z appoptics:debug done with test_basic oracledb.getConnection
2021-09-23T17:20:46.950Z appoptics:debug test_basic query callback invoked
    âœ“ should trace execute calls (63ms)
2021-09-23T17:20:46.959Z appoptics:debug ORACLEDB wrapping createPool
2021-09-23T17:20:46.962Z appoptics:debug oracledb wrapping getConnection
2021-09-23T17:20:46.997Z appoptics:debug connection.execute() seems to be patched
2021-09-23T17:20:46.997Z appoptics:debug connection.commit() seems to be patched
2021-09-23T17:20:46.997Z appoptics:debug connection.rollback() seems to be patched
2021-09-23T17:20:46.997Z appoptics:debug connection.break() seems to be patched
2021-09-23T17:20:46.997Z appoptics:debug connection.release seems to be patched
    âœ“ should trace execute calls in pool (41ms)
2021-09-23T17:20:47.001Z appoptics:debug oracledb wrapping getConnection
2021-09-23T17:20:47.037Z appoptics:debug connection.execute() seems to be patched
2021-09-23T17:20:47.037Z appoptics:debug connection.commit() seems to be patched
2021-09-23T17:20:47.037Z appoptics:debug connection.rollback() seems to be patched
2021-09-23T17:20:47.037Z appoptics:debug connection.break() seems to be patched
2021-09-23T17:20:47.037Z appoptics:debug connection.release seems to be patched
    âœ“ should include correct isAutoCommit value (44ms)


  4 passing (173ms)


> oracledb@5.2.0 install /__w/appoptics-apm-node/appoptics-apm-node/node_modules/oracledb
> node package/install.js

oracledb ********************************************************************************
oracledb ** Node-oracledb 5.2.0 installed in Node.js 14.17.6 (linux, x64)
oracledb **
oracledb ** To use node-oracledb:
oracledb ** - Oracle Client libraries (64-bit) must be available.
oracledb ** - Follow the installation instructions:
oracledb **   https://oracle.github.io/node-oracledb/INSTALL.html#linuxinstall
oracledb ********************************************************************************

npm WARN optional SKIPPING OPTIONAL DEPENDENCY: fsevents@~2.3.1 (node_modules/chokidar/node_modules/fsevents):
npm WARN notsup SKIPPING OPTIONAL DEPENDENCY: Unsupported platform for fsevents@2.3.2: wanted {"os":"darwin","arch":"any"} (current: {"os":"linux","arch":"x64"})

+ oracledb@5.2.0
updated 1 package and audited 1098 packages in 6.701s

72 packages are looking for funding
  run `npm fund` for details

found 23 vulnerabilities (5 low, 4 moderate, 12 high, 2 critical)
  run `npm audit fix` to fix them, or `npm audit` for details
