npm WARN deprecated oracledb@2.0.14: Update to node-oracledb 5

> oracledb@2.0.14 install /__w/appoptics-apm-node/appoptics-apm-node/node_modules/oracledb
> node package/oracledbinstall.js

oracledb Beginning installation
oracledb Verifying installation
oracledb Binary not found
oracledb Continuing installation
oracledb [31mERR![0m NJS-054: Binary build/Release/oracledb.node was not installed from oracledb-v2.0.14-node-v83-linux-x64.gz
oracledb [31mERR![0m EACCES: permission denied, mkdir 'build'
oracledb [31mERR![0m If the error is not network or filesystem related, then review 
oracledb [31mERR![0m the Python 2.7 and compiler prerequisites in the installation instructions and
oracledb [31mERR![0m then install from source code with: npm install oracle/node-oracledb.git#v2.0.14
oracledb [31mERR![0m See https://github.com/oracle/node-oracledb/blob/master/INSTALL.md 

npm WARN optional SKIPPING OPTIONAL DEPENDENCY: fsevents@~2.3.1 (node_modules/chokidar/node_modules/fsevents):
npm WARN notsup SKIPPING OPTIONAL DEPENDENCY: Unsupported platform for fsevents@2.3.2: wanted {"os":"darwin","arch":"any"} (current: {"os":"linux","arch":"x64"})

npm ERR! code ELIFECYCLE
npm ERR! errno 87
npm ERR! oracledb@2.0.14 install: `node package/oracledbinstall.js`
npm ERR! Exit status 87
npm ERR! 
npm ERR! Failed at the oracledb@2.0.14 install script.
npm ERR! This is probably not a problem with npm. There is likely additional logging output above.

npm ERR! A complete log of this run can be found in:
npm ERR!     /github/home/.npm/_logs/2021-08-22T21_59_46_071Z-debug.log
npm WARN deprecated oracledb@2.0.15: Update to node-oracledb 5

> oracledb@2.0.15 install /__w/appoptics-apm-node/appoptics-apm-node/node_modules/oracledb
> node package/oracledbinstall.js

oracledb Beginning installation
oracledb Verifying installation
oracledb Binary not found
oracledb Continuing installation
oracledb [31mERR![0m NJS-054: Binary build/Release/oracledb.node was not installed from oracledb-v2.0.15-node-v83-linux-x64.gz
oracledb [31mERR![0m EACCES: permission denied, mkdir 'build'
oracledb [31mERR![0m If the error is not network or filesystem related, then review 
oracledb [31mERR![0m the Python 2.7 and compiler prerequisites in the installation instructions and
oracledb [31mERR![0m then install from source code with: npm install oracle/node-oracledb.git#v2.0.15
oracledb [31mERR![0m See https://github.com/oracle/node-oracledb/blob/master/INSTALL.md 

npm WARN optional SKIPPING OPTIONAL DEPENDENCY: fsevents@~2.3.1 (node_modules/chokidar/node_modules/fsevents):
npm WARN notsup SKIPPING OPTIONAL DEPENDENCY: Unsupported platform for fsevents@2.3.2: wanted {"os":"darwin","arch":"any"} (current: {"os":"linux","arch":"x64"})

npm ERR! code ELIFECYCLE
npm ERR! errno 87
npm ERR! oracledb@2.0.15 install: `node package/oracledbinstall.js`
npm ERR! Exit status 87
npm ERR! 
npm ERR! Failed at the oracledb@2.0.15 install script.
npm ERR! This is probably not a problem with npm. There is likely additional logging output above.

npm ERR! A complete log of this run can be found in:
npm ERR!     /github/home/.npm/_logs/2021-08-22T21_59_51_757Z-debug.log
npm WARN deprecated oracledb@2.1.0: Update to node-oracledb 5

> oracledb@2.1.0 install /__w/appoptics-apm-node/appoptics-apm-node/node_modules/oracledb
> node package/oracledbinstall.js

oracledb Beginning installation
oracledb Verifying installation
oracledb Binary not found
oracledb Continuing installation
oracledb [31mERR![0m NJS-054: Binary build/Release/oracledb.node was not installed from oracledb-v2.1.0-node-v83-linux-x64.gz
oracledb [31mERR![0m EACCES: permission denied, mkdir 'build'
oracledb [31mERR![0m If the error is not network or filesystem related, then review 
oracledb [31mERR![0m the Python 2.7 and compiler prerequisites in the installation instructions and
oracledb [31mERR![0m then install from source code with: npm install oracle/node-oracledb.git#v2.1.0
oracledb [31mERR![0m See https://github.com/oracle/node-oracledb/blob/master/INSTALL.md 

npm WARN optional SKIPPING OPTIONAL DEPENDENCY: fsevents@~2.3.1 (node_modules/chokidar/node_modules/fsevents):
npm WARN notsup SKIPPING OPTIONAL DEPENDENCY: Unsupported platform for fsevents@2.3.2: wanted {"os":"darwin","arch":"any"} (current: {"os":"linux","arch":"x64"})

npm ERR! code ELIFECYCLE
npm ERR! errno 87
npm ERR! oracledb@2.1.0 install: `node package/oracledbinstall.js`
npm ERR! Exit status 87
npm ERR! 
npm ERR! Failed at the oracledb@2.1.0 install script.
npm ERR! This is probably not a problem with npm. There is likely additional logging output above.

npm ERR! A complete log of this run can be found in:
npm ERR!     /github/home/.npm/_logs/2021-08-22T21_59_56_884Z-debug.log
npm WARN deprecated oracledb@2.1.1: Update to node-oracledb 5

> oracledb@2.1.1 install /__w/appoptics-apm-node/appoptics-apm-node/node_modules/oracledb
> node package/oracledbinstall.js

oracledb Beginning installation
oracledb Verifying installation
oracledb Binary not found
oracledb Continuing installation
oracledb [31mERR![0m NJS-054: Binary build/Release/oracledb.node was not installed from oracledb-v2.1.1-node-v83-linux-x64.gz
oracledb [31mERR![0m EACCES: permission denied, mkdir 'build'
oracledb [31mERR![0m If the error is not network or filesystem related, then review 
oracledb [31mERR![0m the Python 2.7 and compiler prerequisites in the installation instructions and
oracledb [31mERR![0m then install from source code with: npm install oracle/node-oracledb.git#v2.1.1
oracledb [31mERR![0m See https://github.com/oracle/node-oracledb/blob/master/INSTALL.md 

npm WARN optional SKIPPING OPTIONAL DEPENDENCY: fsevents@~2.3.1 (node_modules/chokidar/node_modules/fsevents):
npm WARN notsup SKIPPING OPTIONAL DEPENDENCY: Unsupported platform for fsevents@2.3.2: wanted {"os":"darwin","arch":"any"} (current: {"os":"linux","arch":"x64"})

npm ERR! code ELIFECYCLE
npm ERR! errno 87
npm ERR! oracledb@2.1.1 install: `node package/oracledbinstall.js`
npm ERR! Exit status 87
npm ERR! 
npm ERR! Failed at the oracledb@2.1.1 install script.
npm ERR! This is probably not a problem with npm. There is likely additional logging output above.

npm ERR! A complete log of this run can be found in:
npm ERR!     /github/home/.npm/_logs/2021-08-22T22_00_02_286Z-debug.log
npm WARN deprecated oracledb@2.1.2: Update to node-oracledb 5

> oracledb@2.1.2 install /__w/appoptics-apm-node/appoptics-apm-node/node_modules/oracledb
> node package/oracledbinstall.js

oracledb Beginning installation
oracledb Verifying installation
oracledb Binary not found
oracledb Continuing installation
oracledb [31mERR![0m NJS-054: Binary build/Release/oracledb.node was not installed from oracledb-v2.1.2-node-v83-linux-x64.gz
oracledb [31mERR![0m EACCES: permission denied, mkdir 'build'
oracledb [31mERR![0m If the error is not network or filesystem related, then review 
oracledb [31mERR![0m the Python 2.7 and compiler prerequisites in the installation instructions and
oracledb [31mERR![0m then install from source code with: npm install oracle/node-oracledb.git#v2.1.2
oracledb [31mERR![0m See https://github.com/oracle/node-oracledb/blob/master/INSTALL.md 

npm WARN optional SKIPPING OPTIONAL DEPENDENCY: fsevents@~2.3.1 (node_modules/chokidar/node_modules/fsevents):
npm WARN notsup SKIPPING OPTIONAL DEPENDENCY: Unsupported platform for fsevents@2.3.2: wanted {"os":"darwin","arch":"any"} (current: {"os":"linux","arch":"x64"})

npm ERR! code ELIFECYCLE
npm ERR! errno 87
npm ERR! oracledb@2.1.2 install: `node package/oracledbinstall.js`
npm ERR! Exit status 87
npm ERR! 
npm ERR! Failed at the oracledb@2.1.2 install script.
npm ERR! This is probably not a problem with npm. There is likely additional logging output above.

npm ERR! A complete log of this run can be found in:
npm ERR!     /github/home/.npm/_logs/2021-08-22T22_00_07_677Z-debug.log
npm WARN deprecated oracledb@2.2.0: Update to node-oracledb 5

> oracledb@2.2.0 install /__w/appoptics-apm-node/appoptics-apm-node/node_modules/oracledb
> node package/oracledbinstall.js

oracledb Beginning installation
oracledb Verifying installation
oracledb Continuing installation
oracledb [31mERR![0m NJS-054: Binary build/Release/oracledb.node was not installed.
oracledb [31mERR![0m Pre-built binary packages are not available for this version of Node.js (NODE_MODULE_VERSION="83")
oracledb [31mERR![0m Failed to install binary package oracledb-v2.2.0-node-v83-linux-x64.gz
oracledb [31mERR![0m EACCES: permission denied, mkdir 'build'
oracledb [31mERR![0m For help see https://oracle.github.io/node-oracledb/INSTALL.html#troubleshooting

npm WARN optional SKIPPING OPTIONAL DEPENDENCY: fsevents@~2.3.1 (node_modules/chokidar/node_modules/fsevents):
npm WARN notsup SKIPPING OPTIONAL DEPENDENCY: Unsupported platform for fsevents@2.3.2: wanted {"os":"darwin","arch":"any"} (current: {"os":"linux","arch":"x64"})

npm ERR! code ELIFECYCLE
npm ERR! errno 87
npm ERR! oracledb@2.2.0 install: `node package/oracledbinstall.js`
npm ERR! Exit status 87
npm ERR! 
npm ERR! Failed at the oracledb@2.2.0 install script.
npm ERR! This is probably not a problem with npm. There is likely additional logging output above.

npm ERR! A complete log of this run can be found in:
npm ERR!     /github/home/.npm/_logs/2021-08-22T22_00_12_931Z-debug.log
npm WARN deprecated oracledb@2.3.0: Update to node-oracledb 5

> oracledb@2.3.0 install /__w/appoptics-apm-node/appoptics-apm-node/node_modules/oracledb
> node package/oracledbinstall.js

oracledb Beginning installation
oracledb Verifying installation
oracledb Continuing installation
oracledb [31mERR![0m NJS-054: Binary build/Release/oracledb.node was not installed.
oracledb [31mERR![0m Pre-built binary packages are not available for this version of Node.js (NODE_MODULE_VERSION="83")
oracledb [31mERR![0m Failed to install binary package oracledb-v2.3.0-node-v83-linux-x64.gz
oracledb [31mERR![0m EACCES: permission denied, mkdir 'build'
oracledb [31mERR![0m For help see https://oracle.github.io/node-oracledb/INSTALL.html#troubleshooting

npm WARN optional SKIPPING OPTIONAL DEPENDENCY: fsevents@~2.3.1 (node_modules/chokidar/node_modules/fsevents):
npm WARN notsup SKIPPING OPTIONAL DEPENDENCY: Unsupported platform for fsevents@2.3.2: wanted {"os":"darwin","arch":"any"} (current: {"os":"linux","arch":"x64"})

npm ERR! code ELIFECYCLE
npm ERR! errno 87
npm ERR! oracledb@2.3.0 install: `node package/oracledbinstall.js`
npm ERR! Exit status 87
npm ERR! 
npm ERR! Failed at the oracledb@2.3.0 install script.
npm ERR! This is probably not a problem with npm. There is likely additional logging output above.

npm ERR! A complete log of this run can be found in:
npm ERR!     /github/home/.npm/_logs/2021-08-22T22_00_18_896Z-debug.log
npm WARN deprecated oracledb@3.0.0: Update to node-oracledb 5

> oracledb@3.0.0 install /__w/appoptics-apm-node/appoptics-apm-node/node_modules/oracledb
> node package/oracledbinstall.js

oracledb Beginning installation
oracledb Verifying installation
oracledb Continuing installation
oracledb [31mERR![0m NJS-054: Binary build/Release/oracledb.node was not installed.
oracledb [31mERR![0m Pre-built binary packages are not available for this version of Node.js (NODE_MODULE_VERSION="83")
oracledb [31mERR![0m Failed to install binary package oracledb-v3.0.0-node-abi83-linux-x64.gz
oracledb [31mERR![0m EACCES: permission denied, mkdir 'build'
oracledb [31mERR![0m For help see https://oracle.github.io/node-oracledb/INSTALL.html#troubleshooting

npm WARN optional SKIPPING OPTIONAL DEPENDENCY: fsevents@~2.3.1 (node_modules/chokidar/node_modules/fsevents):
npm WARN notsup SKIPPING OPTIONAL DEPENDENCY: Unsupported platform for fsevents@2.3.2: wanted {"os":"darwin","arch":"any"} (current: {"os":"linux","arch":"x64"})

npm ERR! code ELIFECYCLE
npm ERR! errno 87
npm ERR! oracledb@3.0.0 install: `node package/oracledbinstall.js`
npm ERR! Exit status 87
npm ERR! 
npm ERR! Failed at the oracledb@3.0.0 install script.
npm ERR! This is probably not a problem with npm. There is likely additional logging output above.

npm ERR! A complete log of this run can be found in:
npm ERR!     /github/home/.npm/_logs/2021-08-22T22_00_24_008Z-debug.log
npm WARN deprecated oracledb@3.0.1: Update to node-oracledb 5

> oracledb@3.0.1 install /__w/appoptics-apm-node/appoptics-apm-node/node_modules/oracledb
> node package/oracledbinstall.js

oracledb Beginning installation
oracledb [31mERR![0m NJS-054: Binary build/Release/oracledb.node was not installed.
oracledb [31mERR![0m Pre-built binary packages are not available for Node.js v14.17.5 (NODE_MODULE_VERSION="83")
oracledb [31mERR![0m Failed to install binary package oracledb-v3.0.1-node-abi83-linux-x64.gz
oracledb [31mERR![0m EACCES: permission denied, mkdir 'build'
oracledb [31mERR![0m For help see https://oracle.github.io/node-oracledb/INSTALL.html#troubleshooting

npm WARN optional SKIPPING OPTIONAL DEPENDENCY: fsevents@~2.3.1 (node_modules/chokidar/node_modules/fsevents):
npm WARN notsup SKIPPING OPTIONAL DEPENDENCY: Unsupported platform for fsevents@2.3.2: wanted {"os":"darwin","arch":"any"} (current: {"os":"linux","arch":"x64"})

npm ERR! code ELIFECYCLE
npm ERR! errno 87
npm ERR! oracledb@3.0.1 install: `node package/oracledbinstall.js`
npm ERR! Exit status 87
npm ERR! 
npm ERR! Failed at the oracledb@3.0.1 install script.
npm ERR! This is probably not a problem with npm. There is likely additional logging output above.

npm ERR! A complete log of this run can be found in:
npm ERR!     /github/home/.npm/_logs/2021-08-22T22_00_30_044Z-debug.log
npm WARN deprecated oracledb@3.1.0: Update to node-oracledb 5

> oracledb@3.1.0 install /__w/appoptics-apm-node/appoptics-apm-node/node_modules/oracledb
> node package/install.js

oracledb [31mERR![0m NJS-067: a pre-built node-oracledb binary was not found for Node.js v14.17.5 (NODE_MODULE_VERSION=83) on linux x64
oracledb [31mERR![0m Try compiling node-oracledb source code using https://oracle.github.io/node-oracledb/INSTALL.html#github
npm WARN optional SKIPPING OPTIONAL DEPENDENCY: fsevents@~2.3.1 (node_modules/chokidar/node_modules/fsevents):
npm WARN notsup SKIPPING OPTIONAL DEPENDENCY: Unsupported platform for fsevents@2.3.2: wanted {"os":"darwin","arch":"any"} (current: {"os":"linux","arch":"x64"})

npm ERR! code ELIFECYCLE
npm ERR! errno 87
npm ERR! oracledb@3.1.0 install: `node package/install.js`
npm ERR! Exit status 87
npm ERR! 
npm ERR! Failed at the oracledb@3.1.0 install script.
npm ERR! This is probably not a problem with npm. There is likely additional logging output above.

npm ERR! A complete log of this run can be found in:
npm ERR!     /github/home/.npm/_logs/2021-08-22T22_00_35_461Z-debug.log
npm WARN deprecated oracledb@3.1.1: Update to node-oracledb 5

> oracledb@3.1.1 install /__w/appoptics-apm-node/appoptics-apm-node/node_modules/oracledb
> node package/install.js

oracledb [31mERR![0m NJS-067: a pre-built node-oracledb binary was not found for Node.js v14.17.5 (NODE_MODULE_VERSION=83) on linux x64
oracledb [31mERR![0m Try compiling node-oracledb source code using https://oracle.github.io/node-oracledb/INSTALL.html#github
npm WARN optional SKIPPING OPTIONAL DEPENDENCY: fsevents@~2.3.1 (node_modules/chokidar/node_modules/fsevents):
npm WARN notsup SKIPPING OPTIONAL DEPENDENCY: Unsupported platform for fsevents@2.3.2: wanted {"os":"darwin","arch":"any"} (current: {"os":"linux","arch":"x64"})

npm ERR! code ELIFECYCLE
npm ERR! errno 87
npm ERR! oracledb@3.1.1 install: `node package/install.js`
npm ERR! Exit status 87
npm ERR! 
npm ERR! Failed at the oracledb@3.1.1 install script.
npm ERR! This is probably not a problem with npm. There is likely additional logging output above.

npm ERR! A complete log of this run can be found in:
npm ERR!     /github/home/.npm/_logs/2021-08-22T22_00_41_810Z-debug.log
npm WARN deprecated oracledb@3.1.2: Update to node-oracledb 5

> oracledb@3.1.2 install /__w/appoptics-apm-node/appoptics-apm-node/node_modules/oracledb
> node package/install.js

oracledb [31mERR![0m NJS-067: a pre-built node-oracledb binary was not found for Node.js v14.17.5 (NODE_MODULE_VERSION=83) on linux x64
oracledb [31mERR![0m Try compiling node-oracledb source code using https://oracle.github.io/node-oracledb/INSTALL.html#github
npm WARN optional SKIPPING OPTIONAL DEPENDENCY: fsevents@~2.3.1 (node_modules/chokidar/node_modules/fsevents):
npm WARN notsup SKIPPING OPTIONAL DEPENDENCY: Unsupported platform for fsevents@2.3.2: wanted {"os":"darwin","arch":"any"} (current: {"os":"linux","arch":"x64"})

npm ERR! code ELIFECYCLE
npm ERR! errno 87
npm ERR! oracledb@3.1.2 install: `node package/install.js`
npm ERR! Exit status 87
npm ERR! 
npm ERR! Failed at the oracledb@3.1.2 install script.
npm ERR! This is probably not a problem with npm. There is likely additional logging output above.

npm ERR! A complete log of this run can be found in:
npm ERR!     /github/home/.npm/_logs/2021-08-22T22_00_47_032Z-debug.log

> oracledb@4.0.0 install /__w/appoptics-apm-node/appoptics-apm-node/node_modules/oracledb
> node package/install.js

oracledb ********************************************************************************
oracledb ** Node-oracledb 4.0.0 installed for Node.js 14.17.5 (linux, x64)
oracledb **
oracledb ** To use node-oracledb:
oracledb ** - Oracle Client libraries (64-bit) must be configured with ldconfig or LD_LIBRARY_PATH
oracledb ** - To get libraries, install an Instant Client Basic or Basic Light package from
oracledb **   https://www.oracle.com/technetwork/topics/linuxx86-64soft-092277.html
oracledb **
oracledb ** Installation instructions: https://oracle.github.io/node-oracledb/INSTALL.html
oracledb ********************************************************************************

npm WARN optional SKIPPING OPTIONAL DEPENDENCY: fsevents@~2.3.1 (node_modules/chokidar/node_modules/fsevents):
npm WARN notsup SKIPPING OPTIONAL DEPENDENCY: Unsupported platform for fsevents@2.3.2: wanted {"os":"darwin","arch":"any"} (current: {"os":"linux","arch":"x64"})

+ oracledb@4.0.0
added 1 package and audited 939 packages in 4.991s

32 packages are looking for funding
  run `npm fund` for details

found 29 vulnerabilities (6 low, 6 moderate, 15 high, 2 critical)
  run `npm audit fix` to fix them, or `npm audit` for details
2021-08-22T22:00:53.207Z appoptics:debug read config from /__w/appoptics-apm-node/appoptics-apm-node/appoptics-apm-config
2021-08-22T22:00:53.208Z appoptics:debug guc ignoring APPOPTICS_LOG_SETTINGS
2021-08-22T22:00:53.208Z appoptics:debug serviceKey dIOz...wWK0:ao-node-test
2021-08-22T22:00:53.208Z appoptics:debug using context provider: ace-context
2021-08-22T22:00:53.299Z appoptics:debug apm 10.0.1, bindings 11.0.0, oboe 10.1.0
2021-08-22T22:00:53.366Z appoptics:patching patched crypto 
2021-08-22T22:00:53.406Z appoptics:patching patched https 
2021-08-22T22:00:53.406Z appoptics:patching patched http 
2021-08-22T22:00:53.478Z appoptics:patching patched oracledb 4.0.0
2021-08-22T22:00:53.486Z appoptics:debug starting runtimeMetrics


  probes.oracledb 4.0.0
    âœ“ UDP might lose a message
2021-08-22T22:00:53.691Z appoptics:debug asking helper to execute test_basic
2021-08-22T22:00:53.692Z appoptics:debug test_basic being executed
2021-08-22T22:00:53.692Z appoptics:debug oracledb wrapping getConnection
2021-08-22T22:00:53.764Z appoptics:debug done with test_basic oracledb.getConnection
2021-08-22T22:00:53.837Z appoptics:debug test_basic query callback invoked
    âœ“ should trace execute calls (153ms)
2021-08-22T22:00:53.848Z appoptics:debug ORACLEDB wrapping createPool
2021-08-22T22:00:53.852Z appoptics:debug oracledb wrapping getConnection
2021-08-22T22:00:53.935Z appoptics:debug connection.execute() seems to be patched
2021-08-22T22:00:53.935Z appoptics:debug connection.commit() seems to be patched
2021-08-22T22:00:53.935Z appoptics:debug connection.rollback() seems to be patched
2021-08-22T22:00:53.935Z appoptics:debug connection.break() seems to be patched
2021-08-22T22:00:53.935Z appoptics:debug connection.release seems to be patched
    âœ“ should trace execute calls in pool (91ms)
2021-08-22T22:00:53.940Z appoptics:debug oracledb wrapping getConnection
2021-08-22T22:00:53.960Z appoptics:debug connection.execute() seems to be patched
2021-08-22T22:00:53.960Z appoptics:debug connection.commit() seems to be patched
2021-08-22T22:00:53.960Z appoptics:debug connection.rollback() seems to be patched
2021-08-22T22:00:53.960Z appoptics:debug connection.break() seems to be patched
2021-08-22T22:00:53.960Z appoptics:debug connection.release seems to be patched
    âœ“ should include correct isAutoCommit value


  4 passing (294ms)


> oracledb@4.0.1 install /__w/appoptics-apm-node/appoptics-apm-node/node_modules/oracledb
> node package/install.js

oracledb ********************************************************************************
oracledb ** Node-oracledb 4.0.1 installed for Node.js 14.17.5 (linux, x64)
oracledb **
oracledb ** To use node-oracledb:
oracledb ** - Oracle Client libraries (64-bit) must be configured with ldconfig or LD_LIBRARY_PATH
oracledb ** - To get libraries, install an Instant Client Basic or Basic Light package from
oracledb **   https://www.oracle.com/technetwork/topics/linuxx86-64soft-092277.html
oracledb **
oracledb ** Installation instructions: https://oracle.github.io/node-oracledb/INSTALL.html
oracledb ********************************************************************************

npm WARN optional SKIPPING OPTIONAL DEPENDENCY: fsevents@~2.3.1 (node_modules/chokidar/node_modules/fsevents):
npm WARN notsup SKIPPING OPTIONAL DEPENDENCY: Unsupported platform for fsevents@2.3.2: wanted {"os":"darwin","arch":"any"} (current: {"os":"linux","arch":"x64"})

+ oracledb@4.0.1
updated 1 package and audited 939 packages in 4.622s

32 packages are looking for funding
  run `npm fund` for details

found 29 vulnerabilities (6 low, 6 moderate, 15 high, 2 critical)
  run `npm audit fix` to fix them, or `npm audit` for details
2021-08-22T22:00:59.719Z appoptics:debug read config from /__w/appoptics-apm-node/appoptics-apm-node/appoptics-apm-config
2021-08-22T22:00:59.720Z appoptics:debug guc ignoring APPOPTICS_LOG_SETTINGS
2021-08-22T22:00:59.720Z appoptics:debug serviceKey dIOz...wWK0:ao-node-test
2021-08-22T22:00:59.721Z appoptics:debug using context provider: ace-context
2021-08-22T22:00:59.800Z appoptics:debug apm 10.0.1, bindings 11.0.0, oboe 10.1.0
2021-08-22T22:00:59.853Z appoptics:patching patched crypto 
2021-08-22T22:00:59.891Z appoptics:patching patched https 
2021-08-22T22:00:59.891Z appoptics:patching patched http 
2021-08-22T22:00:59.923Z appoptics:patching patched oracledb 4.0.1
2021-08-22T22:00:59.927Z appoptics:debug starting runtimeMetrics


  probes.oracledb 4.0.1
    âœ“ UDP might lose a message
2021-08-22T22:01:00.075Z appoptics:debug asking helper to execute test_basic
2021-08-22T22:01:00.076Z appoptics:debug test_basic being executed
2021-08-22T22:01:00.076Z appoptics:debug oracledb wrapping getConnection
2021-08-22T22:01:00.086Z appoptics:debug done with test_basic oracledb.getConnection
2021-08-22T22:01:00.112Z appoptics:debug test_basic query callback invoked
    âœ“ should trace execute calls (42ms)
2021-08-22T22:01:00.119Z appoptics:debug ORACLEDB wrapping createPool
2021-08-22T22:01:00.122Z appoptics:debug oracledb wrapping getConnection
2021-08-22T22:01:00.144Z appoptics:debug connection.execute() seems to be patched
2021-08-22T22:01:00.144Z appoptics:debug connection.commit() seems to be patched
2021-08-22T22:01:00.144Z appoptics:debug connection.rollback() seems to be patched
2021-08-22T22:01:00.144Z appoptics:debug connection.break() seems to be patched
2021-08-22T22:01:00.144Z appoptics:debug connection.release seems to be patched
    âœ“ should trace execute calls in pool
2021-08-22T22:01:00.147Z appoptics:debug oracledb wrapping getConnection
2021-08-22T22:01:00.165Z appoptics:debug connection.execute() seems to be patched
2021-08-22T22:01:00.165Z appoptics:debug connection.commit() seems to be patched
2021-08-22T22:01:00.165Z appoptics:debug connection.rollback() seems to be patched
2021-08-22T22:01:00.165Z appoptics:debug connection.break() seems to be patched
2021-08-22T22:01:00.165Z appoptics:debug connection.release seems to be patched
    âœ“ should include correct isAutoCommit value


  4 passing (119ms)


> oracledb@4.1.0 install /__w/appoptics-apm-node/appoptics-apm-node/node_modules/oracledb
> node package/install.js

oracledb ********************************************************************************
oracledb ** Node-oracledb 4.1.0 installed for Node.js 14.17.5 (linux, x64)
oracledb **
oracledb ** To use node-oracledb:
oracledb ** - Oracle Client libraries (64-bit) must be configured with ldconfig or LD_LIBRARY_PATH
oracledb ** - To get libraries, install an Instant Client Basic or Basic Light package from
oracledb **   https://www.oracle.com/technetwork/topics/linuxx86-64soft-092277.html
oracledb **
oracledb ** Installation instructions: https://oracle.github.io/node-oracledb/INSTALL.html
oracledb ********************************************************************************

npm WARN optional SKIPPING OPTIONAL DEPENDENCY: fsevents@~2.3.1 (node_modules/chokidar/node_modules/fsevents):
npm WARN notsup SKIPPING OPTIONAL DEPENDENCY: Unsupported platform for fsevents@2.3.2: wanted {"os":"darwin","arch":"any"} (current: {"os":"linux","arch":"x64"})

+ oracledb@4.1.0
updated 1 package and audited 939 packages in 5.511s

32 packages are looking for funding
  run `npm fund` for details

found 29 vulnerabilities (6 low, 6 moderate, 15 high, 2 critical)
  run `npm audit fix` to fix them, or `npm audit` for details
2021-08-22T22:01:06.900Z appoptics:debug read config from /__w/appoptics-apm-node/appoptics-apm-node/appoptics-apm-config
2021-08-22T22:01:06.901Z appoptics:debug guc ignoring APPOPTICS_LOG_SETTINGS
2021-08-22T22:01:06.901Z appoptics:debug serviceKey dIOz...wWK0:ao-node-test
2021-08-22T22:01:06.901Z appoptics:debug using context provider: ace-context
2021-08-22T22:01:06.976Z appoptics:debug apm 10.0.1, bindings 11.0.0, oboe 10.1.0
2021-08-22T22:01:07.031Z appoptics:patching patched crypto 
2021-08-22T22:01:07.060Z appoptics:patching patched https 
2021-08-22T22:01:07.061Z appoptics:patching patched http 
2021-08-22T22:01:07.100Z appoptics:patching patched oracledb 4.1.0
2021-08-22T22:01:07.104Z appoptics:debug starting runtimeMetrics


  probes.oracledb 4.1.0
    âœ“ UDP might lose a message
2021-08-22T22:01:07.244Z appoptics:debug asking helper to execute test_basic
2021-08-22T22:01:07.245Z appoptics:debug test_basic being executed
2021-08-22T22:01:07.245Z appoptics:debug oracledb wrapping getConnection
2021-08-22T22:01:07.254Z appoptics:debug done with test_basic oracledb.getConnection
2021-08-22T22:01:07.279Z appoptics:debug test_basic query callback invoked
    âœ“ should trace execute calls (40ms)
2021-08-22T22:01:07.286Z appoptics:debug ORACLEDB wrapping createPool
2021-08-22T22:01:07.288Z appoptics:debug oracledb wrapping getConnection
2021-08-22T22:01:07.306Z appoptics:debug connection.execute() seems to be patched
2021-08-22T22:01:07.306Z appoptics:debug connection.commit() seems to be patched
2021-08-22T22:01:07.306Z appoptics:debug connection.rollback() seems to be patched
2021-08-22T22:01:07.306Z appoptics:debug connection.break() seems to be patched
2021-08-22T22:01:07.306Z appoptics:debug connection.release seems to be patched
    âœ“ should trace execute calls in pool
2021-08-22T22:01:07.310Z appoptics:debug oracledb wrapping getConnection
2021-08-22T22:01:07.328Z appoptics:debug connection.execute() seems to be patched
2021-08-22T22:01:07.328Z appoptics:debug connection.commit() seems to be patched
2021-08-22T22:01:07.328Z appoptics:debug connection.rollback() seems to be patched
2021-08-22T22:01:07.328Z appoptics:debug connection.break() seems to be patched
2021-08-22T22:01:07.328Z appoptics:debug connection.release seems to be patched
    âœ“ should include correct isAutoCommit value


  4 passing (112ms)


> oracledb@4.2.0 install /__w/appoptics-apm-node/appoptics-apm-node/node_modules/oracledb
> node package/install.js

oracledb ********************************************************************************
oracledb ** Node-oracledb 4.2.0 installed for Node.js 14.17.5 (linux, x64)
oracledb **
oracledb ** To use node-oracledb:
oracledb ** - Oracle Client libraries (64-bit) must be configured with ldconfig or LD_LIBRARY_PATH
oracledb ** - To get libraries, install an Instant Client Basic or Basic Light package from
oracledb **   https://www.oracle.com/database/technologies/instant-client/linux-x86-64-downloads.html
oracledb **
oracledb ** Installation instructions: https://oracle.github.io/node-oracledb/INSTALL.html
oracledb ********************************************************************************

npm WARN optional SKIPPING OPTIONAL DEPENDENCY: fsevents@~2.3.1 (node_modules/chokidar/node_modules/fsevents):
npm WARN notsup SKIPPING OPTIONAL DEPENDENCY: Unsupported platform for fsevents@2.3.2: wanted {"os":"darwin","arch":"any"} (current: {"os":"linux","arch":"x64"})

+ oracledb@4.2.0
updated 1 package and audited 939 packages in 4.813s

32 packages are looking for funding
  run `npm fund` for details

found 29 vulnerabilities (6 low, 6 moderate, 15 high, 2 critical)
  run `npm audit fix` to fix them, or `npm audit` for details
2021-08-22T22:01:13.331Z appoptics:debug read config from /__w/appoptics-apm-node/appoptics-apm-node/appoptics-apm-config
2021-08-22T22:01:13.332Z appoptics:debug guc ignoring APPOPTICS_LOG_SETTINGS
2021-08-22T22:01:13.332Z appoptics:debug serviceKey dIOz...wWK0:ao-node-test
2021-08-22T22:01:13.334Z appoptics:debug using context provider: ace-context
2021-08-22T22:01:13.429Z appoptics:debug apm 10.0.1, bindings 11.0.0, oboe 10.1.0
2021-08-22T22:01:13.490Z appoptics:patching patched crypto 
2021-08-22T22:01:13.543Z appoptics:patching patched https 
2021-08-22T22:01:13.543Z appoptics:patching patched http 
2021-08-22T22:01:13.584Z appoptics:patching patched oracledb 4.2.0
2021-08-22T22:01:13.589Z appoptics:debug starting runtimeMetrics


  probes.oracledb 4.2.0
    âœ“ UDP might lose a message
2021-08-22T22:01:13.748Z appoptics:debug asking helper to execute test_basic
2021-08-22T22:01:13.748Z appoptics:debug test_basic being executed
2021-08-22T22:01:13.748Z appoptics:debug oracledb wrapping getConnection
2021-08-22T22:01:13.761Z appoptics:debug done with test_basic oracledb.getConnection
2021-08-22T22:01:13.783Z appoptics:debug test_basic query callback invoked
    âœ“ should trace execute calls (41ms)
2021-08-22T22:01:13.792Z appoptics:debug ORACLEDB wrapping createPool
2021-08-22T22:01:13.795Z appoptics:debug oracledb wrapping getConnection
2021-08-22T22:01:13.813Z appoptics:debug connection.execute() seems to be patched
2021-08-22T22:01:13.813Z appoptics:debug connection.commit() seems to be patched
2021-08-22T22:01:13.813Z appoptics:debug connection.rollback() seems to be patched
2021-08-22T22:01:13.813Z appoptics:debug connection.break() seems to be patched
2021-08-22T22:01:13.813Z appoptics:debug connection.release seems to be patched
    âœ“ should trace execute calls in pool
2021-08-22T22:01:13.816Z appoptics:debug oracledb wrapping getConnection
2021-08-22T22:01:13.837Z appoptics:debug connection.execute() seems to be patched
2021-08-22T22:01:13.837Z appoptics:debug connection.commit() seems to be patched
2021-08-22T22:01:13.837Z appoptics:debug connection.rollback() seems to be patched
2021-08-22T22:01:13.837Z appoptics:debug connection.break() seems to be patched
2021-08-22T22:01:13.837Z appoptics:debug connection.release seems to be patched
    âœ“ should include correct isAutoCommit value


  4 passing (122ms)


> oracledb@5.0.0 install /__w/appoptics-apm-node/appoptics-apm-node/node_modules/oracledb
> node package/install.js

oracledb ********************************************************************************
oracledb ** Node-oracledb 5.0.0 installed for Node.js 14.17.5 (linux, x64)
oracledb **
oracledb ** To use node-oracledb:
oracledb ** - Oracle Client libraries (64-bit) must be available.
oracledb ** - Follow the installation instructions:
oracledb **   https://oracle.github.io/node-oracledb/INSTALL.html#linuxinstall
oracledb ********************************************************************************

npm WARN optional SKIPPING OPTIONAL DEPENDENCY: fsevents@~2.3.1 (node_modules/chokidar/node_modules/fsevents):
npm WARN notsup SKIPPING OPTIONAL DEPENDENCY: Unsupported platform for fsevents@2.3.2: wanted {"os":"darwin","arch":"any"} (current: {"os":"linux","arch":"x64"})

+ oracledb@5.0.0
updated 1 package and audited 939 packages in 5.187s

32 packages are looking for funding
  run `npm fund` for details

found 29 vulnerabilities (6 low, 6 moderate, 15 high, 2 critical)
  run `npm audit fix` to fix them, or `npm audit` for details
2021-08-22T22:01:20.178Z appoptics:debug read config from /__w/appoptics-apm-node/appoptics-apm-node/appoptics-apm-config
2021-08-22T22:01:20.179Z appoptics:debug guc ignoring APPOPTICS_LOG_SETTINGS
2021-08-22T22:01:20.179Z appoptics:debug serviceKey dIOz...wWK0:ao-node-test
2021-08-22T22:01:20.180Z appoptics:debug using context provider: ace-context
2021-08-22T22:01:20.247Z appoptics:debug apm 10.0.1, bindings 11.0.0, oboe 10.1.0
2021-08-22T22:01:20.297Z appoptics:patching patched crypto 
2021-08-22T22:01:20.321Z appoptics:patching patched https 
2021-08-22T22:01:20.321Z appoptics:patching patched http 
2021-08-22T22:01:20.358Z appoptics:patching patched oracledb 5.0.0
2021-08-22T22:01:20.362Z appoptics:debug starting runtimeMetrics


  probes.oracledb 5.0.0
    âœ“ UDP might lose a message
2021-08-22T22:01:20.493Z appoptics:debug asking helper to execute test_basic
2021-08-22T22:01:20.493Z appoptics:debug test_basic being executed
2021-08-22T22:01:20.493Z appoptics:debug oracledb wrapping getConnection
2021-08-22T22:01:20.503Z appoptics:debug done with test_basic oracledb.getConnection
2021-08-22T22:01:20.528Z appoptics:debug test_basic query callback invoked
    âœ“ should trace execute calls (40ms)
2021-08-22T22:01:20.536Z appoptics:debug ORACLEDB wrapping createPool
2021-08-22T22:01:20.539Z appoptics:debug oracledb wrapping getConnection
2021-08-22T22:01:20.558Z appoptics:debug connection.execute() seems to be patched
2021-08-22T22:01:20.558Z appoptics:debug connection.commit() seems to be patched
2021-08-22T22:01:20.558Z appoptics:debug connection.rollback() seems to be patched
2021-08-22T22:01:20.558Z appoptics:debug connection.break() seems to be patched
2021-08-22T22:01:20.558Z appoptics:debug connection.release seems to be patched
    âœ“ should trace execute calls in pool
2021-08-22T22:01:20.562Z appoptics:debug oracledb wrapping getConnection
2021-08-22T22:01:20.583Z appoptics:debug connection.execute() seems to be patched
2021-08-22T22:01:20.583Z appoptics:debug connection.commit() seems to be patched
2021-08-22T22:01:20.583Z appoptics:debug connection.rollback() seems to be patched
2021-08-22T22:01:20.583Z appoptics:debug connection.break() seems to be patched
2021-08-22T22:01:20.583Z appoptics:debug connection.release seems to be patched
    âœ“ should include correct isAutoCommit value


  4 passing (116ms)


> oracledb@5.1.0 install /__w/appoptics-apm-node/appoptics-apm-node/node_modules/oracledb
> node package/install.js

oracledb ********************************************************************************
oracledb ** Node-oracledb 5.1.0 installed for Node.js 14.17.5 (linux, x64)
oracledb **
oracledb ** To use node-oracledb:
oracledb ** - Oracle Client libraries (64-bit) must be available.
oracledb ** - Follow the installation instructions:
oracledb **   https://oracle.github.io/node-oracledb/INSTALL.html#linuxinstall
oracledb ********************************************************************************

npm WARN optional SKIPPING OPTIONAL DEPENDENCY: fsevents@~2.3.1 (node_modules/chokidar/node_modules/fsevents):
npm WARN notsup SKIPPING OPTIONAL DEPENDENCY: Unsupported platform for fsevents@2.3.2: wanted {"os":"darwin","arch":"any"} (current: {"os":"linux","arch":"x64"})

+ oracledb@5.1.0
updated 1 package and audited 939 packages in 4.689s

32 packages are looking for funding
  run `npm fund` for details

found 29 vulnerabilities (6 low, 6 moderate, 15 high, 2 critical)
  run `npm audit fix` to fix them, or `npm audit` for details
2021-08-22T22:01:26.394Z appoptics:debug read config from /__w/appoptics-apm-node/appoptics-apm-node/appoptics-apm-config
2021-08-22T22:01:26.395Z appoptics:debug guc ignoring APPOPTICS_LOG_SETTINGS
2021-08-22T22:01:26.395Z appoptics:debug serviceKey dIOz...wWK0:ao-node-test
2021-08-22T22:01:26.396Z appoptics:debug using context provider: ace-context
2021-08-22T22:01:26.461Z appoptics:debug apm 10.0.1, bindings 11.0.0, oboe 10.1.0
2021-08-22T22:01:26.513Z appoptics:patching patched crypto 
2021-08-22T22:01:26.535Z appoptics:patching patched https 
2021-08-22T22:01:26.536Z appoptics:patching patched http 
2021-08-22T22:01:26.571Z appoptics:patching patched oracledb 5.1.0
2021-08-22T22:01:26.575Z appoptics:debug starting runtimeMetrics


  probes.oracledb 5.1.0
    âœ“ UDP might lose a message
2021-08-22T22:01:26.715Z appoptics:debug asking helper to execute test_basic
2021-08-22T22:01:26.715Z appoptics:debug test_basic being executed
2021-08-22T22:01:26.716Z appoptics:debug oracledb wrapping getConnection
2021-08-22T22:01:26.724Z appoptics:debug done with test_basic oracledb.getConnection
2021-08-22T22:01:26.746Z appoptics:debug test_basic query callback invoked
    âœ“ should trace execute calls
2021-08-22T22:01:26.756Z appoptics:debug ORACLEDB wrapping createPool
2021-08-22T22:01:26.758Z appoptics:debug oracledb wrapping getConnection
2021-08-22T22:01:26.776Z appoptics:debug connection.execute() seems to be patched
2021-08-22T22:01:26.776Z appoptics:debug connection.commit() seems to be patched
2021-08-22T22:01:26.776Z appoptics:debug connection.rollback() seems to be patched
2021-08-22T22:01:26.776Z appoptics:debug connection.break() seems to be patched
2021-08-22T22:01:26.776Z appoptics:debug connection.release seems to be patched
    âœ“ should trace execute calls in pool
2021-08-22T22:01:26.780Z appoptics:debug oracledb wrapping getConnection
2021-08-22T22:01:26.801Z appoptics:debug connection.execute() seems to be patched
2021-08-22T22:01:26.801Z appoptics:debug connection.commit() seems to be patched
2021-08-22T22:01:26.801Z appoptics:debug connection.rollback() seems to be patched
2021-08-22T22:01:26.801Z appoptics:debug connection.break() seems to be patched
2021-08-22T22:01:26.801Z appoptics:debug connection.release seems to be patched
    âœ“ should include correct isAutoCommit value


  4 passing (116ms)


> oracledb@5.2.0 install /__w/appoptics-apm-node/appoptics-apm-node/node_modules/oracledb
> node package/install.js

oracledb ********************************************************************************
oracledb ** Node-oracledb 5.2.0 installed in Node.js 14.17.5 (linux, x64)
oracledb **
oracledb ** To use node-oracledb:
oracledb ** - Oracle Client libraries (64-bit) must be available.
oracledb ** - Follow the installation instructions:
oracledb **   https://oracle.github.io/node-oracledb/INSTALL.html#linuxinstall
oracledb ********************************************************************************

npm WARN optional SKIPPING OPTIONAL DEPENDENCY: fsevents@~2.3.1 (node_modules/chokidar/node_modules/fsevents):
npm WARN notsup SKIPPING OPTIONAL DEPENDENCY: Unsupported platform for fsevents@2.3.2: wanted {"os":"darwin","arch":"any"} (current: {"os":"linux","arch":"x64"})

+ oracledb@5.2.0
updated 1 package and audited 939 packages in 5.188s

32 packages are looking for funding
  run `npm fund` for details

found 29 vulnerabilities (6 low, 6 moderate, 15 high, 2 critical)
  run `npm audit fix` to fix them, or `npm audit` for details
2021-08-22T22:01:33.083Z appoptics:debug read config from /__w/appoptics-apm-node/appoptics-apm-node/appoptics-apm-config
2021-08-22T22:01:33.084Z appoptics:debug guc ignoring APPOPTICS_LOG_SETTINGS
2021-08-22T22:01:33.084Z appoptics:debug serviceKey dIOz...wWK0:ao-node-test
2021-08-22T22:01:33.085Z appoptics:debug using context provider: ace-context
2021-08-22T22:01:33.153Z appoptics:debug apm 10.0.1, bindings 11.0.0, oboe 10.1.0
2021-08-22T22:01:33.203Z appoptics:patching patched crypto 
2021-08-22T22:01:33.229Z appoptics:patching patched https 
2021-08-22T22:01:33.229Z appoptics:patching patched http 
2021-08-22T22:01:33.265Z appoptics:patching patched oracledb 5.2.0
2021-08-22T22:01:33.268Z appoptics:debug starting runtimeMetrics


  probes.oracledb 5.2.0
    âœ“ UDP might lose a message
2021-08-22T22:01:33.402Z appoptics:debug asking helper to execute test_basic
2021-08-22T22:01:33.402Z appoptics:debug test_basic being executed
2021-08-22T22:01:33.402Z appoptics:debug oracledb wrapping getConnection
2021-08-22T22:01:33.412Z appoptics:debug done with test_basic oracledb.getConnection
2021-08-22T22:01:33.436Z appoptics:debug test_basic query callback invoked
    âœ“ should trace execute calls (39ms)
2021-08-22T22:01:33.444Z appoptics:debug ORACLEDB wrapping createPool
2021-08-22T22:01:33.446Z appoptics:debug oracledb wrapping getConnection
2021-08-22T22:01:33.465Z appoptics:debug connection.execute() seems to be patched
2021-08-22T22:01:33.465Z appoptics:debug connection.commit() seems to be patched
2021-08-22T22:01:33.465Z appoptics:debug connection.rollback() seems to be patched
2021-08-22T22:01:33.465Z appoptics:debug connection.break() seems to be patched
2021-08-22T22:01:33.465Z appoptics:debug connection.release seems to be patched
    âœ“ should trace execute calls in pool
2021-08-22T22:01:33.469Z appoptics:debug oracledb wrapping getConnection
2021-08-22T22:01:33.488Z appoptics:debug connection.execute() seems to be patched
2021-08-22T22:01:33.488Z appoptics:debug connection.commit() seems to be patched
2021-08-22T22:01:33.488Z appoptics:debug connection.rollback() seems to be patched
2021-08-22T22:01:33.488Z appoptics:debug connection.break() seems to be patched
2021-08-22T22:01:33.488Z appoptics:debug connection.release seems to be patched
    âœ“ should include correct isAutoCommit value


  4 passing (114ms)


> oracledb@5.2.0 install /__w/appoptics-apm-node/appoptics-apm-node/node_modules/oracledb
> node package/install.js

oracledb ********************************************************************************
oracledb ** Node-oracledb 5.2.0 installed in Node.js 14.17.5 (linux, x64)
oracledb **
oracledb ** To use node-oracledb:
oracledb ** - Oracle Client libraries (64-bit) must be available.
oracledb ** - Follow the installation instructions:
oracledb **   https://oracle.github.io/node-oracledb/INSTALL.html#linuxinstall
oracledb ********************************************************************************

npm WARN optional SKIPPING OPTIONAL DEPENDENCY: fsevents@~2.3.1 (node_modules/chokidar/node_modules/fsevents):
npm WARN notsup SKIPPING OPTIONAL DEPENDENCY: Unsupported platform for fsevents@2.3.2: wanted {"os":"darwin","arch":"any"} (current: {"os":"linux","arch":"x64"})

+ oracledb@5.2.0
updated 1 package and audited 939 packages in 4.607s

32 packages are looking for funding
  run `npm fund` for details

found 29 vulnerabilities (6 low, 6 moderate, 15 high, 2 critical)
  run `npm audit fix` to fix them, or `npm audit` for details
