npm WARN deprecated @hapi/pinpoint@1.0.2: Moved to 'npm install @sideway/pinpoint'
npm WARN deprecated @hapi/pez@4.1.2: This version has been deprecated and is no longer supported or maintained
npm WARN deprecated @hapi/topo@3.1.6: This version has been deprecated and is no longer supported or maintained
npm WARN deprecated @hapi/nigel@3.1.1: This version has been deprecated and is no longer supported or maintained
npm WARN deprecated @hapi/subtext@6.1.3: This version has been deprecated and is no longer supported or maintained
npm WARN deprecated @hapi/statehood@6.1.2: This version has been deprecated and is no longer supported or maintained
npm WARN deprecated @hapi/somever@2.1.1: This version has been deprecated and is no longer supported or maintained
npm WARN deprecated @hapi/podium@3.4.3: This version has been deprecated and is no longer supported or maintained
npm WARN deprecated @hapi/shot@4.1.2: This version has been deprecated and is no longer supported or maintained
npm WARN deprecated @hapi/cryptiles@4.2.1: This version has been deprecated and is no longer supported or maintained
npm WARN deprecated @hapi/file@1.0.0: This version has been deprecated and is no longer supported or maintained
npm WARN deprecated @hapi/formula@1.2.0: Moved to 'npm install @sideway/formula'
npm WARN deprecated @hapi/teamwork@3.3.1: This version has been deprecated and is no longer supported or maintained
npm WARN deprecated @hapi/bourne@1.3.2: This version has been deprecated and is no longer supported or maintained
npm WARN deprecated @hapi/wreck@15.1.0: This version has been deprecated and is no longer supported or maintained
npm WARN deprecated @hapi/mimos@4.1.1: This version has been deprecated and is no longer supported or maintained
npm WARN deprecated @hapi/content@4.1.1: This version has been deprecated and is no longer supported or maintained
npm WARN deprecated @hapi/iron@5.1.4: This version has been deprecated and is no longer supported or maintained
npm WARN deprecated @hapi/heavy@6.2.2: This version has been deprecated and is no longer supported or maintained
npm WARN deprecated @hapi/catbox-memory@3.2.0: This version has been deprecated and is no longer supported or maintained
npm WARN deprecated @hapi/boom@7.4.11: This version has been deprecated and is no longer supported or maintained
npm WARN deprecated @hapi/vise@3.1.1: This version has been deprecated and is no longer supported or maintained
npm WARN deprecated @hapi/bounce@1.3.2: This version has been deprecated and is no longer supported or maintained
npm WARN deprecated @hapi/call@5.1.3: This version has been deprecated and is no longer supported or maintained
npm WARN deprecated @hapi/hoek@6.2.4: This version has been deprecated in accordance with the hapi support policy (hapi.im/support). Please upgrade to the latest version to get the best features, bug fixes, and security patches. If you are unable to upgrade at this time, paid support is available for older versions (hapi.im/commercial).
npm WARN deprecated @hapi/b64@4.2.1: This version has been deprecated and is no longer supported or maintained
npm WARN deprecated @hapi/catbox@10.2.3: This version has been deprecated and is no longer supported or maintained
npm WARN deprecated @hapi/address@2.1.4: Moved to 'npm install @sideway/address'
npm WARN deprecated @hapi/accept@3.2.4: This version has been deprecated and is no longer supported or maintained
npm WARN deprecated @hapi/ammo@3.1.2: This version has been deprecated and is no longer supported or maintained
npm WARN deprecated @hapi/hoek@8.5.1: This version has been deprecated and is no longer supported or maintained
npm WARN deprecated @hapi/hoek@8.5.1: This version has been deprecated and is no longer supported or maintained
npm WARN deprecated @hapi/hoek@8.5.1: This version has been deprecated and is no longer supported or maintained
npm WARN deprecated @hapi/hoek@8.5.1: This version has been deprecated and is no longer supported or maintained
npm WARN deprecated @hapi/hoek@8.5.1: This version has been deprecated and is no longer supported or maintained
npm WARN deprecated @hapi/hoek@8.5.1: This version has been deprecated and is no longer supported or maintained
npm WARN deprecated @hapi/hoek@8.5.1: This version has been deprecated and is no longer supported or maintained
npm WARN deprecated @hapi/hoek@8.5.1: This version has been deprecated and is no longer supported or maintained
npm WARN deprecated @hapi/hoek@8.5.1: This version has been deprecated and is no longer supported or maintained
npm WARN deprecated @hapi/hoek@8.5.1: This version has been deprecated and is no longer supported or maintained
npm WARN deprecated @hapi/hoek@8.5.1: This version has been deprecated and is no longer supported or maintained
npm WARN deprecated @hapi/hoek@8.5.1: This version has been deprecated and is no longer supported or maintained
npm WARN deprecated @hapi/hoek@8.5.1: This version has been deprecated and is no longer supported or maintained
npm WARN deprecated @hapi/hoek@8.5.1: This version has been deprecated and is no longer supported or maintained
npm WARN deprecated @hapi/hoek@8.5.1: This version has been deprecated and is no longer supported or maintained
npm WARN deprecated @hapi/hoek@8.5.1: This version has been deprecated and is no longer supported or maintained
npm WARN deprecated @hapi/hoek@8.5.1: This version has been deprecated and is no longer supported or maintained
npm WARN deprecated @hapi/hoek@8.5.1: This version has been deprecated and is no longer supported or maintained
npm WARN deprecated @hapi/hoek@8.5.1: This version has been deprecated and is no longer supported or maintained
npm WARN deprecated @hapi/hoek@8.5.1: This version has been deprecated and is no longer supported or maintained
npm WARN deprecated @hapi/hoek@8.5.1: This version has been deprecated and is no longer supported or maintained
npm WARN deprecated @hapi/hapi@17.9.0: This version has been deprecated in accordance with the hapi support policy (hapi.im/support). Please upgrade to the latest version to get the best features, bug fixes, and security patches. If you are unable to upgrade at this time, paid support is available for older versions (hapi.im/commercial).
npm WARN deprecated @hapi/joi@15.1.1: Switch to 'npm install joi'
npm WARN deprecated @hapi/joi@16.1.8: Switch to 'npm install joi'
npm WARN deprecated @hapi/joi@16.1.8: Switch to 'npm install joi'
npm WARN deprecated @hapi/joi@16.1.8: Switch to 'npm install joi'
npm WARN deprecated @hapi/joi@16.1.8: Switch to 'npm install joi'
npm WARN deprecated @hapi/joi@16.1.8: Switch to 'npm install joi'

added 36 packages, changed 28 packages, and audited 963 packages in 7s

86 packages are looking for funding
  run `npm fund` for details

10 vulnerabilities (6 moderate, 4 high)

To address all issues possible (including breaking changes), run:
  npm audit fix --force

Some issues need review, and may require choosing
a different dependency.

Run `npm audit` for details.

up to date, audited 963 packages in 5s

86 packages are looking for funding
  run `npm fund` for details

10 vulnerabilities (6 moderate, 4 high)

To address all issues possible (including breaking changes), run:
  npm audit fix --force

Some issues need review, and may require choosing
a different dependency.

Run `npm audit` for details.
2022-04-25T18:38:24.081Z appoptics:debug read config from /__w/appoptics-apm-node/appoptics-apm-node/appoptics-apm-config
2022-04-25T18:38:24.082Z appoptics:debug guc ignoring APPOPTICS_LOG_SETTINGS
2022-04-25T18:38:24.082Z appoptics:debug serviceKey dIOz...wWK0:node-agent-test
2022-04-25T18:38:24.082Z appoptics:debug using context provider: ace-context
2022-04-25T18:38:24.138Z appoptics:debug apm 10.2.2-ao.0, bindings 11.2.0, oboe 10.2.0
2022-04-25T18:38:24.253Z appoptics:patching patched crypto 
2022-04-25T18:38:24.279Z appoptics:patching patched https 
2022-04-25T18:38:24.280Z appoptics:patching patched http 
2022-04-25T18:38:24.304Z appoptics:patching patched zlib 
2022-04-25T18:38:24.712Z appoptics:patching fs.realpath - adding native method
2022-04-25T18:38:24.712Z appoptics:patching patched fs 
2022-04-25T18:38:24.762Z appoptics:patching hapi - v17 not looking for hapi/lib/plugin
2022-04-25T18:38:24.762Z appoptics:patching patched @hapi/hapi 17.9.0
2022-04-25T18:38:24.825Z appoptics:patching patched @hapi/vision 6.1.0
2022-04-25T18:38:24.828Z appoptics:debug starting runtimeMetrics


  probes.@hapi/hapi 17.9.0 @hapi/vision 6.1.0
    ✓ UDP might lose a message
    1) should forward controller/action data from get request
    2) should forward controller/action data from post request
    3) should forward controller/action data from put request
    4) should forward controller/action data from delete request
    5) should trace render span
    6) should skip vision when disabled
    7) should allow a custom TransactionName
    8) should allow a custom TransactionName with domain prefix
    9) should handle an error in the custom name function
    10) should handle a falsey return by the custom name function


  1 passing (98ms)
  10 failing

  1) probes.@hapi/hapi 17.9.0 @hapi/vision 6.1.0
       should forward controller/action data from get request:

      AssertionError [ERR_ASSERTION]: Plugin @hapi/vision requires hapi version >=18.4.0 but found 17.9.0
      + expected - actual

      -false
      +true
      
      at internals.Server.register (node_modules/@hapi/hapi/lib/server.js:419:22)
      at makeServer (test/probes/hapi/hapi-17-and-above.js:135:22)
      at Context.<anonymous> (test/probes/hapi/hapi-17-and-above.js:162:28)
      at processImmediate (node:internal/timers:466:21)
      at process.callbackTrampoline (node:internal/async_hooks:130:17)

  2) probes.@hapi/hapi 17.9.0 @hapi/vision 6.1.0
       should forward controller/action data from post request:

      AssertionError [ERR_ASSERTION]: Plugin @hapi/vision requires hapi version >=18.4.0 but found 17.9.0
      + expected - actual

      -false
      +true
      
      at internals.Server.register (node_modules/@hapi/hapi/lib/server.js:419:22)
      at makeServer (test/probes/hapi/hapi-17-and-above.js:135:22)
      at Context.<anonymous> (test/probes/hapi/hapi-17-and-above.js:162:28)
      at processImmediate (node:internal/timers:466:21)
      at process.callbackTrampoline (node:internal/async_hooks:130:17)

  3) probes.@hapi/hapi 17.9.0 @hapi/vision 6.1.0
       should forward controller/action data from put request:

      AssertionError [ERR_ASSERTION]: Plugin @hapi/vision requires hapi version >=18.4.0 but found 17.9.0
      + expected - actual

      -false
      +true
      
      at internals.Server.register (node_modules/@hapi/hapi/lib/server.js:419:22)
      at makeServer (test/probes/hapi/hapi-17-and-above.js:135:22)
      at Context.<anonymous> (test/probes/hapi/hapi-17-and-above.js:162:28)
      at processImmediate (node:internal/timers:466:21)
      at process.callbackTrampoline (node:internal/async_hooks:130:17)

  4) probes.@hapi/hapi 17.9.0 @hapi/vision 6.1.0
       should forward controller/action data from delete request:

      AssertionError [ERR_ASSERTION]: Plugin @hapi/vision requires hapi version >=18.4.0 but found 17.9.0
      + expected - actual

      -false
      +true
      
      at internals.Server.register (node_modules/@hapi/hapi/lib/server.js:419:22)
      at makeServer (test/probes/hapi/hapi-17-and-above.js:135:22)
      at Context.<anonymous> (test/probes/hapi/hapi-17-and-above.js:162:28)
      at processImmediate (node:internal/timers:466:21)
      at process.callbackTrampoline (node:internal/async_hooks:130:17)

  5) probes.@hapi/hapi 17.9.0 @hapi/vision 6.1.0
       should trace render span:

      AssertionError [ERR_ASSERTION]: Plugin @hapi/vision requires hapi version >=18.4.0 but found 17.9.0
      + expected - actual

      -false
      +true
      
      at internals.Server.register (node_modules/@hapi/hapi/lib/server.js:419:22)
      at makeServer (test/probes/hapi/hapi-17-and-above.js:135:22)
      at makeViewServer (test/probes/hapi/hapi-17-and-above.js:154:12)
      at Context.renderTest (test/probes/hapi/hapi-17-and-above.js:217:26)
      at processImmediate (node:internal/timers:466:21)
      at process.callbackTrampoline (node:internal/async_hooks:130:17)

  6) probes.@hapi/hapi 17.9.0 @hapi/vision 6.1.0
       should skip vision when disabled:

      AssertionError [ERR_ASSERTION]: Plugin @hapi/vision requires hapi version >=18.4.0 but found 17.9.0
      + expected - actual

      -false
      +true
      
      at internals.Server.register (node_modules/@hapi/hapi/lib/server.js:419:22)
      at makeServer (test/probes/hapi/hapi-17-and-above.js:135:22)
      at makeViewServer (test/probes/hapi/hapi-17-and-above.js:154:12)
      at Context.disabledTest (test/probes/hapi/hapi-17-and-above.js:265:26)
      at processImmediate (node:internal/timers:466:21)
      at process.callbackTrampoline (node:internal/async_hooks:130:17)

  7) probes.@hapi/hapi 17.9.0 @hapi/vision 6.1.0
       should allow a custom TransactionName:

      AssertionError [ERR_ASSERTION]: Plugin @hapi/vision requires hapi version >=18.4.0 but found 17.9.0
      + expected - actual

      -false
      +true
      
      at internals.Server.register (node_modules/@hapi/hapi/lib/server.js:419:22)
      at makeServer (test/probes/hapi/hapi-17-and-above.js:135:22)
      at /__w/appoptics-apm-node/appoptics-apm-node/test/probes/hapi/hapi-17-and-above.js:387:67
      at Context.<anonymous> (test/probes/hapi/hapi-17-and-above.js:337:12)
      at processImmediate (node:internal/timers:466:21)
      at process.callbackTrampoline (node:internal/async_hooks:130:17)

  8) probes.@hapi/hapi 17.9.0 @hapi/vision 6.1.0
       should allow a custom TransactionName with domain prefix:

      AssertionError [ERR_ASSERTION]: Plugin @hapi/vision requires hapi version >=18.4.0 but found 17.9.0
      + expected - actual

      -false
      +true
      
      at internals.Server.register (node_modules/@hapi/hapi/lib/server.js:419:22)
      at makeServer (test/probes/hapi/hapi-17-and-above.js:135:22)
      at /__w/appoptics-apm-node/appoptics-apm-node/test/probes/hapi/hapi-17-and-above.js:387:67
      at Context.<anonymous> (test/probes/hapi/hapi-17-and-above.js:350:44)
      at processImmediate (node:internal/timers:466:21)
      at process.callbackTrampoline (node:internal/async_hooks:130:17)

  9) probes.@hapi/hapi 17.9.0 @hapi/vision 6.1.0
       should handle an error in the custom name function:

      AssertionError [ERR_ASSERTION]: Plugin @hapi/vision requires hapi version >=18.4.0 but found 17.9.0
      + expected - actual

      -false
      +true
      
      at internals.Server.register (node_modules/@hapi/hapi/lib/server.js:419:22)
      at makeServer (test/probes/hapi/hapi-17-and-above.js:135:22)
      at /__w/appoptics-apm-node/appoptics-apm-node/test/probes/hapi/hapi-17-and-above.js:387:67
      at Context.<anonymous> (test/probes/hapi/hapi-17-and-above.js:367:45)
      at processImmediate (node:internal/timers:466:21)
      at process.callbackTrampoline (node:internal/async_hooks:130:17)

  10) probes.@hapi/hapi 17.9.0 @hapi/vision 6.1.0
       should handle a falsey return by the custom name function:

      AssertionError [ERR_ASSERTION]: Plugin @hapi/vision requires hapi version >=18.4.0 but found 17.9.0
      + expected - actual

      -false
      +true
      
      at internals.Server.register (node_modules/@hapi/hapi/lib/server.js:419:22)
      at makeServer (test/probes/hapi/hapi-17-and-above.js:135:22)
      at /__w/appoptics-apm-node/appoptics-apm-node/test/probes/hapi/hapi-17-and-above.js:387:67
      at Context.<anonymous> (test/probes/hapi/hapi-17-and-above.js:374:45)
      at processImmediate (node:internal/timers:466:21)
      at process.callbackTrampoline (node:internal/async_hooks:130:17)



npm WARN deprecated @hapi/hoek@8.5.1: This version has been deprecated and is no longer supported or maintained
npm WARN deprecated @hapi/catbox-memory@4.1.1: This version has been deprecated and is no longer supported or maintained
npm WARN deprecated @hapi/hapi@18.2.0: This version contains severe security issues and defects and should not be used! Please upgrade to the latest version of @hapi/hapi or consider a commercial license (https://github.com/hapijs/hapi/issues/4114)

added 1 package, removed 1 package, changed 2 packages, and audited 963 packages in 5s

86 packages are looking for funding
  run `npm fund` for details

10 vulnerabilities (6 moderate, 4 high)

To address issues that do not require attention, run:
  npm audit fix

To address all issues possible (including breaking changes), run:
  npm audit fix --force

Some issues need review, and may require choosing
a different dependency.

Run `npm audit` for details.
2022-04-25T18:38:30.489Z appoptics:debug read config from /__w/appoptics-apm-node/appoptics-apm-node/appoptics-apm-config
2022-04-25T18:38:30.490Z appoptics:debug guc ignoring APPOPTICS_LOG_SETTINGS
2022-04-25T18:38:30.490Z appoptics:debug serviceKey dIOz...wWK0:node-agent-test
2022-04-25T18:38:30.490Z appoptics:debug using context provider: ace-context
2022-04-25T18:38:30.547Z appoptics:debug apm 10.2.2-ao.0, bindings 11.2.0, oboe 10.2.0
2022-04-25T18:38:30.656Z appoptics:patching patched crypto 
2022-04-25T18:38:30.673Z appoptics:patching patched https 
2022-04-25T18:38:30.673Z appoptics:patching patched http 
2022-04-25T18:38:30.707Z appoptics:patching patched zlib 
2022-04-25T18:38:31.072Z appoptics:patching fs.realpath - adding native method
2022-04-25T18:38:31.072Z appoptics:patching patched fs 
2022-04-25T18:38:31.110Z appoptics:patching hapi - v17 not looking for hapi/lib/plugin
2022-04-25T18:38:31.111Z appoptics:patching patched @hapi/hapi 18.2.0
2022-04-25T18:38:31.157Z appoptics:patching patched @hapi/vision 6.1.0
2022-04-25T18:38:31.160Z appoptics:debug starting runtimeMetrics


  probes.@hapi/hapi 18.2.0 @hapi/vision 6.1.0
    ✓ UDP might lose a message
    1) should forward controller/action data from get request
    2) should forward controller/action data from post request
    3) should forward controller/action data from put request
    4) should forward controller/action data from delete request
    5) should trace render span
    6) should skip vision when disabled
    7) should allow a custom TransactionName
    8) should allow a custom TransactionName with domain prefix
    9) should handle an error in the custom name function
    10) should handle a falsey return by the custom name function


  1 passing (75ms)
  10 failing

  1) probes.@hapi/hapi 18.2.0 @hapi/vision 6.1.0
       should forward controller/action data from get request:

      AssertionError [ERR_ASSERTION]: Plugin @hapi/vision requires hapi version >=18.4.0 but found 18.2.0
      + expected - actual

      -false
      +true
      
      at internals.Server.register (node_modules/@hapi/hapi/lib/server.js:425:22)
      at makeServer (test/probes/hapi/hapi-17-and-above.js:135:22)
      at Context.<anonymous> (test/probes/hapi/hapi-17-and-above.js:162:28)
      at processImmediate (node:internal/timers:466:21)
      at process.callbackTrampoline (node:internal/async_hooks:130:17)

  2) probes.@hapi/hapi 18.2.0 @hapi/vision 6.1.0
       should forward controller/action data from post request:

      AssertionError [ERR_ASSERTION]: Plugin @hapi/vision requires hapi version >=18.4.0 but found 18.2.0
      + expected - actual

      -false
      +true
      
      at internals.Server.register (node_modules/@hapi/hapi/lib/server.js:425:22)
      at makeServer (test/probes/hapi/hapi-17-and-above.js:135:22)
      at Context.<anonymous> (test/probes/hapi/hapi-17-and-above.js:162:28)
      at processImmediate (node:internal/timers:466:21)
      at process.callbackTrampoline (node:internal/async_hooks:130:17)

  3) probes.@hapi/hapi 18.2.0 @hapi/vision 6.1.0
       should forward controller/action data from put request:

      AssertionError [ERR_ASSERTION]: Plugin @hapi/vision requires hapi version >=18.4.0 but found 18.2.0
      + expected - actual

      -false
      +true
      
      at internals.Server.register (node_modules/@hapi/hapi/lib/server.js:425:22)
      at makeServer (test/probes/hapi/hapi-17-and-above.js:135:22)
      at Context.<anonymous> (test/probes/hapi/hapi-17-and-above.js:162:28)
      at processImmediate (node:internal/timers:466:21)
      at process.callbackTrampoline (node:internal/async_hooks:130:17)

  4) probes.@hapi/hapi 18.2.0 @hapi/vision 6.1.0
       should forward controller/action data from delete request:

      AssertionError [ERR_ASSERTION]: Plugin @hapi/vision requires hapi version >=18.4.0 but found 18.2.0
      + expected - actual

      -false
      +true
      
      at internals.Server.register (node_modules/@hapi/hapi/lib/server.js:425:22)
      at makeServer (test/probes/hapi/hapi-17-and-above.js:135:22)
      at Context.<anonymous> (test/probes/hapi/hapi-17-and-above.js:162:28)
      at processImmediate (node:internal/timers:466:21)
      at process.callbackTrampoline (node:internal/async_hooks:130:17)

  5) probes.@hapi/hapi 18.2.0 @hapi/vision 6.1.0
       should trace render span:

      AssertionError [ERR_ASSERTION]: Plugin @hapi/vision requires hapi version >=18.4.0 but found 18.2.0
      + expected - actual

      -false
      +true
      
      at internals.Server.register (node_modules/@hapi/hapi/lib/server.js:425:22)
      at makeServer (test/probes/hapi/hapi-17-and-above.js:135:22)
      at makeViewServer (test/probes/hapi/hapi-17-and-above.js:154:12)
      at Context.renderTest (test/probes/hapi/hapi-17-and-above.js:217:26)
      at processImmediate (node:internal/timers:466:21)
      at process.callbackTrampoline (node:internal/async_hooks:130:17)

  6) probes.@hapi/hapi 18.2.0 @hapi/vision 6.1.0
       should skip vision when disabled:

      AssertionError [ERR_ASSERTION]: Plugin @hapi/vision requires hapi version >=18.4.0 but found 18.2.0
      + expected - actual

      -false
      +true
      
      at internals.Server.register (node_modules/@hapi/hapi/lib/server.js:425:22)
      at makeServer (test/probes/hapi/hapi-17-and-above.js:135:22)
      at makeViewServer (test/probes/hapi/hapi-17-and-above.js:154:12)
      at Context.disabledTest (test/probes/hapi/hapi-17-and-above.js:265:26)
      at processImmediate (node:internal/timers:466:21)
      at process.callbackTrampoline (node:internal/async_hooks:130:17)

  7) probes.@hapi/hapi 18.2.0 @hapi/vision 6.1.0
       should allow a custom TransactionName:

      AssertionError [ERR_ASSERTION]: Plugin @hapi/vision requires hapi version >=18.4.0 but found 18.2.0
      + expected - actual

      -false
      +true
      
      at internals.Server.register (node_modules/@hapi/hapi/lib/server.js:425:22)
      at makeServer (test/probes/hapi/hapi-17-and-above.js:135:22)
      at /__w/appoptics-apm-node/appoptics-apm-node/test/probes/hapi/hapi-17-and-above.js:387:67
      at Context.<anonymous> (test/probes/hapi/hapi-17-and-above.js:337:12)
      at processImmediate (node:internal/timers:466:21)
      at process.callbackTrampoline (node:internal/async_hooks:130:17)

  8) probes.@hapi/hapi 18.2.0 @hapi/vision 6.1.0
       should allow a custom TransactionName with domain prefix:

      AssertionError [ERR_ASSERTION]: Plugin @hapi/vision requires hapi version >=18.4.0 but found 18.2.0
      + expected - actual

      -false
      +true
      
      at internals.Server.register (node_modules/@hapi/hapi/lib/server.js:425:22)
      at makeServer (test/probes/hapi/hapi-17-and-above.js:135:22)
      at /__w/appoptics-apm-node/appoptics-apm-node/test/probes/hapi/hapi-17-and-above.js:387:67
      at Context.<anonymous> (test/probes/hapi/hapi-17-and-above.js:350:44)
      at processImmediate (node:internal/timers:466:21)
      at process.callbackTrampoline (node:internal/async_hooks:130:17)

  9) probes.@hapi/hapi 18.2.0 @hapi/vision 6.1.0
       should handle an error in the custom name function:

      AssertionError [ERR_ASSERTION]: Plugin @hapi/vision requires hapi version >=18.4.0 but found 18.2.0
      + expected - actual

      -false
      +true
      
      at internals.Server.register (node_modules/@hapi/hapi/lib/server.js:425:22)
      at makeServer (test/probes/hapi/hapi-17-and-above.js:135:22)
      at /__w/appoptics-apm-node/appoptics-apm-node/test/probes/hapi/hapi-17-and-above.js:387:67
      at Context.<anonymous> (test/probes/hapi/hapi-17-and-above.js:367:45)
      at processImmediate (node:internal/timers:466:21)
      at process.callbackTrampoline (node:internal/async_hooks:130:17)

  10) probes.@hapi/hapi 18.2.0 @hapi/vision 6.1.0
       should handle a falsey return by the custom name function:

      AssertionError [ERR_ASSERTION]: Plugin @hapi/vision requires hapi version >=18.4.0 but found 18.2.0
      + expected - actual

      -false
      +true
      
      at internals.Server.register (node_modules/@hapi/hapi/lib/server.js:425:22)
      at makeServer (test/probes/hapi/hapi-17-and-above.js:135:22)
      at /__w/appoptics-apm-node/appoptics-apm-node/test/probes/hapi/hapi-17-and-above.js:387:67
      at Context.<anonymous> (test/probes/hapi/hapi-17-and-above.js:374:45)
      at processImmediate (node:internal/timers:466:21)
      at process.callbackTrampoline (node:internal/async_hooks:130:17)



npm WARN deprecated @hapi/hapi@18.3.0: This version contains severe security issues and defects and should not be used! Please upgrade to the latest version of @hapi/hapi or consider a commercial license (https://github.com/hapijs/hapi/issues/4114)

changed 1 package, and audited 963 packages in 6s

86 packages are looking for funding
  run `npm fund` for details

10 vulnerabilities (6 moderate, 4 high)

To address all issues possible (including breaking changes), run:
  npm audit fix --force

Some issues need review, and may require choosing
a different dependency.

Run `npm audit` for details.
2022-04-25T18:38:37.204Z appoptics:debug read config from /__w/appoptics-apm-node/appoptics-apm-node/appoptics-apm-config
2022-04-25T18:38:37.204Z appoptics:debug guc ignoring APPOPTICS_LOG_SETTINGS
2022-04-25T18:38:37.204Z appoptics:debug serviceKey dIOz...wWK0:node-agent-test
2022-04-25T18:38:37.205Z appoptics:debug using context provider: ace-context
2022-04-25T18:38:37.306Z appoptics:debug apm 10.2.2-ao.0, bindings 11.2.0, oboe 10.2.0
2022-04-25T18:38:37.469Z appoptics:patching patched crypto 
2022-04-25T18:38:37.518Z appoptics:patching patched https 
2022-04-25T18:38:37.519Z appoptics:patching patched http 
2022-04-25T18:38:37.569Z appoptics:patching patched zlib 
2022-04-25T18:38:37.968Z appoptics:patching fs.realpath - adding native method
2022-04-25T18:38:37.968Z appoptics:patching patched fs 
2022-04-25T18:38:38.006Z appoptics:patching hapi - v17 not looking for hapi/lib/plugin
2022-04-25T18:38:38.006Z appoptics:patching patched @hapi/hapi 18.3.0
2022-04-25T18:38:38.060Z appoptics:patching patched @hapi/vision 6.1.0
2022-04-25T18:38:38.063Z appoptics:debug starting runtimeMetrics


  probes.@hapi/hapi 18.3.0 @hapi/vision 6.1.0
    ✓ UDP might lose a message
    1) should forward controller/action data from get request
    2) should forward controller/action data from post request
    3) should forward controller/action data from put request
    4) should forward controller/action data from delete request
    5) should trace render span
    6) should skip vision when disabled
    7) should allow a custom TransactionName
    8) should allow a custom TransactionName with domain prefix
    9) should handle an error in the custom name function
    10) should handle a falsey return by the custom name function


  1 passing (90ms)
  10 failing

  1) probes.@hapi/hapi 18.3.0 @hapi/vision 6.1.0
       should forward controller/action data from get request:

      AssertionError [ERR_ASSERTION]: Plugin @hapi/vision requires hapi version >=18.4.0 but found 18.3.0
      + expected - actual

      -false
      +true
      
      at internals.Server.register (node_modules/@hapi/hapi/lib/server.js:425:22)
      at makeServer (test/probes/hapi/hapi-17-and-above.js:135:22)
      at Context.<anonymous> (test/probes/hapi/hapi-17-and-above.js:162:28)
      at processImmediate (node:internal/timers:466:21)
      at process.callbackTrampoline (node:internal/async_hooks:130:17)

  2) probes.@hapi/hapi 18.3.0 @hapi/vision 6.1.0
       should forward controller/action data from post request:

      AssertionError [ERR_ASSERTION]: Plugin @hapi/vision requires hapi version >=18.4.0 but found 18.3.0
      + expected - actual

      -false
      +true
      
      at internals.Server.register (node_modules/@hapi/hapi/lib/server.js:425:22)
      at makeServer (test/probes/hapi/hapi-17-and-above.js:135:22)
      at Context.<anonymous> (test/probes/hapi/hapi-17-and-above.js:162:28)
      at processImmediate (node:internal/timers:466:21)
      at process.callbackTrampoline (node:internal/async_hooks:130:17)

  3) probes.@hapi/hapi 18.3.0 @hapi/vision 6.1.0
       should forward controller/action data from put request:

      AssertionError [ERR_ASSERTION]: Plugin @hapi/vision requires hapi version >=18.4.0 but found 18.3.0
      + expected - actual

      -false
      +true
      
      at internals.Server.register (node_modules/@hapi/hapi/lib/server.js:425:22)
      at makeServer (test/probes/hapi/hapi-17-and-above.js:135:22)
      at Context.<anonymous> (test/probes/hapi/hapi-17-and-above.js:162:28)
      at processImmediate (node:internal/timers:466:21)
      at process.callbackTrampoline (node:internal/async_hooks:130:17)

  4) probes.@hapi/hapi 18.3.0 @hapi/vision 6.1.0
       should forward controller/action data from delete request:

      AssertionError [ERR_ASSERTION]: Plugin @hapi/vision requires hapi version >=18.4.0 but found 18.3.0
      + expected - actual

      -false
      +true
      
      at internals.Server.register (node_modules/@hapi/hapi/lib/server.js:425:22)
      at makeServer (test/probes/hapi/hapi-17-and-above.js:135:22)
      at Context.<anonymous> (test/probes/hapi/hapi-17-and-above.js:162:28)
      at processImmediate (node:internal/timers:466:21)
      at process.callbackTrampoline (node:internal/async_hooks:130:17)

  5) probes.@hapi/hapi 18.3.0 @hapi/vision 6.1.0
       should trace render span:

      AssertionError [ERR_ASSERTION]: Plugin @hapi/vision requires hapi version >=18.4.0 but found 18.3.0
      + expected - actual

      -false
      +true
      
      at internals.Server.register (node_modules/@hapi/hapi/lib/server.js:425:22)
      at makeServer (test/probes/hapi/hapi-17-and-above.js:135:22)
      at makeViewServer (test/probes/hapi/hapi-17-and-above.js:154:12)
      at Context.renderTest (test/probes/hapi/hapi-17-and-above.js:217:26)
      at processImmediate (node:internal/timers:466:21)
      at process.callbackTrampoline (node:internal/async_hooks:130:17)

  6) probes.@hapi/hapi 18.3.0 @hapi/vision 6.1.0
       should skip vision when disabled:

      AssertionError [ERR_ASSERTION]: Plugin @hapi/vision requires hapi version >=18.4.0 but found 18.3.0
      + expected - actual

      -false
      +true
      
      at internals.Server.register (node_modules/@hapi/hapi/lib/server.js:425:22)
      at makeServer (test/probes/hapi/hapi-17-and-above.js:135:22)
      at makeViewServer (test/probes/hapi/hapi-17-and-above.js:154:12)
      at Context.disabledTest (test/probes/hapi/hapi-17-and-above.js:265:26)
      at processImmediate (node:internal/timers:466:21)
      at process.callbackTrampoline (node:internal/async_hooks:130:17)

  7) probes.@hapi/hapi 18.3.0 @hapi/vision 6.1.0
       should allow a custom TransactionName:

      AssertionError [ERR_ASSERTION]: Plugin @hapi/vision requires hapi version >=18.4.0 but found 18.3.0
      + expected - actual

      -false
      +true
      
      at internals.Server.register (node_modules/@hapi/hapi/lib/server.js:425:22)
      at makeServer (test/probes/hapi/hapi-17-and-above.js:135:22)
      at /__w/appoptics-apm-node/appoptics-apm-node/test/probes/hapi/hapi-17-and-above.js:387:67
      at Context.<anonymous> (test/probes/hapi/hapi-17-and-above.js:337:12)
      at processImmediate (node:internal/timers:466:21)
      at process.callbackTrampoline (node:internal/async_hooks:130:17)

  8) probes.@hapi/hapi 18.3.0 @hapi/vision 6.1.0
       should allow a custom TransactionName with domain prefix:

      AssertionError [ERR_ASSERTION]: Plugin @hapi/vision requires hapi version >=18.4.0 but found 18.3.0
      + expected - actual

      -false
      +true
      
      at internals.Server.register (node_modules/@hapi/hapi/lib/server.js:425:22)
      at makeServer (test/probes/hapi/hapi-17-and-above.js:135:22)
      at /__w/appoptics-apm-node/appoptics-apm-node/test/probes/hapi/hapi-17-and-above.js:387:67
      at Context.<anonymous> (test/probes/hapi/hapi-17-and-above.js:350:44)
      at processImmediate (node:internal/timers:466:21)
      at process.callbackTrampoline (node:internal/async_hooks:130:17)

  9) probes.@hapi/hapi 18.3.0 @hapi/vision 6.1.0
       should handle an error in the custom name function:

      AssertionError [ERR_ASSERTION]: Plugin @hapi/vision requires hapi version >=18.4.0 but found 18.3.0
      + expected - actual

      -false
      +true
      
      at internals.Server.register (node_modules/@hapi/hapi/lib/server.js:425:22)
      at makeServer (test/probes/hapi/hapi-17-and-above.js:135:22)
      at /__w/appoptics-apm-node/appoptics-apm-node/test/probes/hapi/hapi-17-and-above.js:387:67
      at Context.<anonymous> (test/probes/hapi/hapi-17-and-above.js:367:45)
      at processImmediate (node:internal/timers:466:21)
      at process.callbackTrampoline (node:internal/async_hooks:130:17)

  10) probes.@hapi/hapi 18.3.0 @hapi/vision 6.1.0
       should handle a falsey return by the custom name function:

      AssertionError [ERR_ASSERTION]: Plugin @hapi/vision requires hapi version >=18.4.0 but found 18.3.0
      + expected - actual

      -false
      +true
      
      at internals.Server.register (node_modules/@hapi/hapi/lib/server.js:425:22)
      at makeServer (test/probes/hapi/hapi-17-and-above.js:135:22)
      at /__w/appoptics-apm-node/appoptics-apm-node/test/probes/hapi/hapi-17-and-above.js:387:67
      at Context.<anonymous> (test/probes/hapi/hapi-17-and-above.js:374:45)
      at processImmediate (node:internal/timers:466:21)
      at process.callbackTrampoline (node:internal/async_hooks:130:17)



npm WARN deprecated @hapi/hapi@18.3.1: This version contains severe security issues and defects and should not be used! Please upgrade to the latest version of @hapi/hapi or consider a commercial license (https://github.com/hapijs/hapi/issues/4114)

changed 1 package, and audited 963 packages in 5s

86 packages are looking for funding
  run `npm fund` for details

10 vulnerabilities (6 moderate, 4 high)

To address issues that do not require attention, run:
  npm audit fix

To address all issues possible (including breaking changes), run:
  npm audit fix --force

Some issues need review, and may require choosing
a different dependency.

Run `npm audit` for details.
2022-04-25T18:38:43.308Z appoptics:debug read config from /__w/appoptics-apm-node/appoptics-apm-node/appoptics-apm-config
2022-04-25T18:38:43.308Z appoptics:debug guc ignoring APPOPTICS_LOG_SETTINGS
2022-04-25T18:38:43.308Z appoptics:debug serviceKey dIOz...wWK0:node-agent-test
2022-04-25T18:38:43.309Z appoptics:debug using context provider: ace-context
2022-04-25T18:38:43.364Z appoptics:debug apm 10.2.2-ao.0, bindings 11.2.0, oboe 10.2.0
2022-04-25T18:38:43.473Z appoptics:patching patched crypto 
2022-04-25T18:38:43.490Z appoptics:patching patched https 
2022-04-25T18:38:43.490Z appoptics:patching patched http 
2022-04-25T18:38:43.523Z appoptics:patching patched zlib 
2022-04-25T18:38:43.875Z appoptics:patching fs.realpath - adding native method
2022-04-25T18:38:43.875Z appoptics:patching patched fs 
2022-04-25T18:38:43.913Z appoptics:patching hapi - v17 not looking for hapi/lib/plugin
2022-04-25T18:38:43.913Z appoptics:patching patched @hapi/hapi 18.3.1
2022-04-25T18:38:43.965Z appoptics:patching patched @hapi/vision 6.1.0
2022-04-25T18:38:43.968Z appoptics:debug starting runtimeMetrics


  probes.@hapi/hapi 18.3.1 @hapi/vision 6.1.0
    ✓ UDP might lose a message
    1) should forward controller/action data from get request
    2) should forward controller/action data from post request
    3) should forward controller/action data from put request
    4) should forward controller/action data from delete request
    5) should trace render span
    6) should skip vision when disabled
    7) should allow a custom TransactionName
    8) should allow a custom TransactionName with domain prefix
    9) should handle an error in the custom name function
    10) should handle a falsey return by the custom name function


  1 passing (73ms)
  10 failing

  1) probes.@hapi/hapi 18.3.1 @hapi/vision 6.1.0
       should forward controller/action data from get request:

      AssertionError [ERR_ASSERTION]: Plugin @hapi/vision requires hapi version >=18.4.0 but found 18.3.1
      + expected - actual

      -false
      +true
      
      at internals.Server.register (node_modules/@hapi/hapi/lib/server.js:425:22)
      at makeServer (test/probes/hapi/hapi-17-and-above.js:135:22)
      at Context.<anonymous> (test/probes/hapi/hapi-17-and-above.js:162:28)
      at processImmediate (node:internal/timers:466:21)
      at process.callbackTrampoline (node:internal/async_hooks:130:17)

  2) probes.@hapi/hapi 18.3.1 @hapi/vision 6.1.0
       should forward controller/action data from post request:

      AssertionError [ERR_ASSERTION]: Plugin @hapi/vision requires hapi version >=18.4.0 but found 18.3.1
      + expected - actual

      -false
      +true
      
      at internals.Server.register (node_modules/@hapi/hapi/lib/server.js:425:22)
      at makeServer (test/probes/hapi/hapi-17-and-above.js:135:22)
      at Context.<anonymous> (test/probes/hapi/hapi-17-and-above.js:162:28)
      at processImmediate (node:internal/timers:466:21)
      at process.callbackTrampoline (node:internal/async_hooks:130:17)

  3) probes.@hapi/hapi 18.3.1 @hapi/vision 6.1.0
       should forward controller/action data from put request:

      AssertionError [ERR_ASSERTION]: Plugin @hapi/vision requires hapi version >=18.4.0 but found 18.3.1
      + expected - actual

      -false
      +true
      
      at internals.Server.register (node_modules/@hapi/hapi/lib/server.js:425:22)
      at makeServer (test/probes/hapi/hapi-17-and-above.js:135:22)
      at Context.<anonymous> (test/probes/hapi/hapi-17-and-above.js:162:28)
      at processImmediate (node:internal/timers:466:21)
      at process.callbackTrampoline (node:internal/async_hooks:130:17)

  4) probes.@hapi/hapi 18.3.1 @hapi/vision 6.1.0
       should forward controller/action data from delete request:

      AssertionError [ERR_ASSERTION]: Plugin @hapi/vision requires hapi version >=18.4.0 but found 18.3.1
      + expected - actual

      -false
      +true
      
      at internals.Server.register (node_modules/@hapi/hapi/lib/server.js:425:22)
      at makeServer (test/probes/hapi/hapi-17-and-above.js:135:22)
      at Context.<anonymous> (test/probes/hapi/hapi-17-and-above.js:162:28)
      at processImmediate (node:internal/timers:466:21)
      at process.callbackTrampoline (node:internal/async_hooks:130:17)

  5) probes.@hapi/hapi 18.3.1 @hapi/vision 6.1.0
       should trace render span:

      AssertionError [ERR_ASSERTION]: Plugin @hapi/vision requires hapi version >=18.4.0 but found 18.3.1
      + expected - actual

      -false
      +true
      
      at internals.Server.register (node_modules/@hapi/hapi/lib/server.js:425:22)
      at makeServer (test/probes/hapi/hapi-17-and-above.js:135:22)
      at makeViewServer (test/probes/hapi/hapi-17-and-above.js:154:12)
      at Context.renderTest (test/probes/hapi/hapi-17-and-above.js:217:26)
      at processImmediate (node:internal/timers:466:21)
      at process.callbackTrampoline (node:internal/async_hooks:130:17)

  6) probes.@hapi/hapi 18.3.1 @hapi/vision 6.1.0
       should skip vision when disabled:

      AssertionError [ERR_ASSERTION]: Plugin @hapi/vision requires hapi version >=18.4.0 but found 18.3.1
      + expected - actual

      -false
      +true
      
      at internals.Server.register (node_modules/@hapi/hapi/lib/server.js:425:22)
      at makeServer (test/probes/hapi/hapi-17-and-above.js:135:22)
      at makeViewServer (test/probes/hapi/hapi-17-and-above.js:154:12)
      at Context.disabledTest (test/probes/hapi/hapi-17-and-above.js:265:26)
      at processImmediate (node:internal/timers:466:21)
      at process.callbackTrampoline (node:internal/async_hooks:130:17)

  7) probes.@hapi/hapi 18.3.1 @hapi/vision 6.1.0
       should allow a custom TransactionName:

      AssertionError [ERR_ASSERTION]: Plugin @hapi/vision requires hapi version >=18.4.0 but found 18.3.1
      + expected - actual

      -false
      +true
      
      at internals.Server.register (node_modules/@hapi/hapi/lib/server.js:425:22)
      at makeServer (test/probes/hapi/hapi-17-and-above.js:135:22)
      at /__w/appoptics-apm-node/appoptics-apm-node/test/probes/hapi/hapi-17-and-above.js:387:67
      at Context.<anonymous> (test/probes/hapi/hapi-17-and-above.js:337:12)
      at processImmediate (node:internal/timers:466:21)
      at process.callbackTrampoline (node:internal/async_hooks:130:17)

  8) probes.@hapi/hapi 18.3.1 @hapi/vision 6.1.0
       should allow a custom TransactionName with domain prefix:

      AssertionError [ERR_ASSERTION]: Plugin @hapi/vision requires hapi version >=18.4.0 but found 18.3.1
      + expected - actual

      -false
      +true
      
      at internals.Server.register (node_modules/@hapi/hapi/lib/server.js:425:22)
      at makeServer (test/probes/hapi/hapi-17-and-above.js:135:22)
      at /__w/appoptics-apm-node/appoptics-apm-node/test/probes/hapi/hapi-17-and-above.js:387:67
      at Context.<anonymous> (test/probes/hapi/hapi-17-and-above.js:350:44)
      at processImmediate (node:internal/timers:466:21)
      at process.callbackTrampoline (node:internal/async_hooks:130:17)

  9) probes.@hapi/hapi 18.3.1 @hapi/vision 6.1.0
       should handle an error in the custom name function:

      AssertionError [ERR_ASSERTION]: Plugin @hapi/vision requires hapi version >=18.4.0 but found 18.3.1
      + expected - actual

      -false
      +true
      
      at internals.Server.register (node_modules/@hapi/hapi/lib/server.js:425:22)
      at makeServer (test/probes/hapi/hapi-17-and-above.js:135:22)
      at /__w/appoptics-apm-node/appoptics-apm-node/test/probes/hapi/hapi-17-and-above.js:387:67
      at Context.<anonymous> (test/probes/hapi/hapi-17-and-above.js:367:45)
      at processImmediate (node:internal/timers:466:21)
      at process.callbackTrampoline (node:internal/async_hooks:130:17)

  10) probes.@hapi/hapi 18.3.1 @hapi/vision 6.1.0
       should handle a falsey return by the custom name function:

      AssertionError [ERR_ASSERTION]: Plugin @hapi/vision requires hapi version >=18.4.0 but found 18.3.1
      + expected - actual

      -false
      +true
      
      at internals.Server.register (node_modules/@hapi/hapi/lib/server.js:425:22)
      at makeServer (test/probes/hapi/hapi-17-and-above.js:135:22)
      at /__w/appoptics-apm-node/appoptics-apm-node/test/probes/hapi/hapi-17-and-above.js:387:67
      at Context.<anonymous> (test/probes/hapi/hapi-17-and-above.js:374:45)
      at processImmediate (node:internal/timers:466:21)
      at process.callbackTrampoline (node:internal/async_hooks:130:17)



npm WARN deprecated @hapi/hoek@8.5.1: This version has been deprecated and is no longer supported or maintained
npm WARN deprecated @hapi/hapi@18.3.2: This version contains severe security issues and defects and should not be used! Please upgrade to the latest version of @hapi/hapi or consider a commercial license (https://github.com/hapijs/hapi/issues/4114)

removed 22 packages, changed 2 packages, and audited 941 packages in 6s

86 packages are looking for funding
  run `npm fund` for details

10 vulnerabilities (6 moderate, 4 high)

To address all issues possible (including breaking changes), run:
  npm audit fix --force

Some issues need review, and may require choosing
a different dependency.

Run `npm audit` for details.
2022-04-25T18:38:49.988Z appoptics:debug read config from /__w/appoptics-apm-node/appoptics-apm-node/appoptics-apm-config
2022-04-25T18:38:49.989Z appoptics:debug guc ignoring APPOPTICS_LOG_SETTINGS
2022-04-25T18:38:49.989Z appoptics:debug serviceKey dIOz...wWK0:node-agent-test
2022-04-25T18:38:49.990Z appoptics:debug using context provider: ace-context
2022-04-25T18:38:50.044Z appoptics:debug apm 10.2.2-ao.0, bindings 11.2.0, oboe 10.2.0
2022-04-25T18:38:50.160Z appoptics:patching patched crypto 
2022-04-25T18:38:50.181Z appoptics:patching patched https 
2022-04-25T18:38:50.182Z appoptics:patching patched http 
2022-04-25T18:38:50.228Z appoptics:patching patched zlib 
2022-04-25T18:38:50.492Z appoptics:patching fs.realpath - adding native method
2022-04-25T18:38:50.493Z appoptics:patching patched fs 
2022-04-25T18:38:50.503Z appoptics:patching hapi - v17 not looking for hapi/lib/plugin
2022-04-25T18:38:50.503Z appoptics:patching patched @hapi/hapi 18.3.2
2022-04-25T18:38:50.556Z appoptics:patching patched @hapi/vision 6.1.0
2022-04-25T18:38:50.559Z appoptics:debug starting runtimeMetrics


  probes.@hapi/hapi 18.3.2 @hapi/vision 6.1.0
    ✓ UDP might lose a message
    1) should forward controller/action data from get request
    2) should forward controller/action data from post request
    3) should forward controller/action data from put request
    4) should forward controller/action data from delete request
    5) should trace render span
    6) should skip vision when disabled
    7) should allow a custom TransactionName
    8) should allow a custom TransactionName with domain prefix
    9) should handle an error in the custom name function
    10) should handle a falsey return by the custom name function


  1 passing (81ms)
  10 failing

  1) probes.@hapi/hapi 18.3.2 @hapi/vision 6.1.0
       should forward controller/action data from get request:
     Error: Plugin @hapi/vision requires hapi version >=18.4.0 but found 18.3.2
      at new module.exports (node_modules/@hapi/hoek/lib/error.js:23:19)
      at Object.module.exports [as assert] (node_modules/@hapi/hoek/lib/assert.js:20:11)
      at internals.Server.register (node_modules/@hapi/hapi/lib/server.js:425:22)
      at makeServer (test/probes/hapi/hapi-17-and-above.js:135:22)
      at Context.<anonymous> (test/probes/hapi/hapi-17-and-above.js:162:28)
      at processImmediate (node:internal/timers:466:21)
      at process.callbackTrampoline (node:internal/async_hooks:130:17)

  2) probes.@hapi/hapi 18.3.2 @hapi/vision 6.1.0
       should forward controller/action data from post request:
     Error: Plugin @hapi/vision requires hapi version >=18.4.0 but found 18.3.2
      at new module.exports (node_modules/@hapi/hoek/lib/error.js:23:19)
      at Object.module.exports [as assert] (node_modules/@hapi/hoek/lib/assert.js:20:11)
      at internals.Server.register (node_modules/@hapi/hapi/lib/server.js:425:22)
      at makeServer (test/probes/hapi/hapi-17-and-above.js:135:22)
      at Context.<anonymous> (test/probes/hapi/hapi-17-and-above.js:162:28)
      at processImmediate (node:internal/timers:466:21)
      at process.callbackTrampoline (node:internal/async_hooks:130:17)

  3) probes.@hapi/hapi 18.3.2 @hapi/vision 6.1.0
       should forward controller/action data from put request:
     Error: Plugin @hapi/vision requires hapi version >=18.4.0 but found 18.3.2
      at new module.exports (node_modules/@hapi/hoek/lib/error.js:23:19)
      at Object.module.exports [as assert] (node_modules/@hapi/hoek/lib/assert.js:20:11)
      at internals.Server.register (node_modules/@hapi/hapi/lib/server.js:425:22)
      at makeServer (test/probes/hapi/hapi-17-and-above.js:135:22)
      at Context.<anonymous> (test/probes/hapi/hapi-17-and-above.js:162:28)
      at processImmediate (node:internal/timers:466:21)
      at process.callbackTrampoline (node:internal/async_hooks:130:17)

  4) probes.@hapi/hapi 18.3.2 @hapi/vision 6.1.0
       should forward controller/action data from delete request:
     Error: Plugin @hapi/vision requires hapi version >=18.4.0 but found 18.3.2
      at new module.exports (node_modules/@hapi/hoek/lib/error.js:23:19)
      at Object.module.exports [as assert] (node_modules/@hapi/hoek/lib/assert.js:20:11)
      at internals.Server.register (node_modules/@hapi/hapi/lib/server.js:425:22)
      at makeServer (test/probes/hapi/hapi-17-and-above.js:135:22)
      at Context.<anonymous> (test/probes/hapi/hapi-17-and-above.js:162:28)
      at processImmediate (node:internal/timers:466:21)
      at process.callbackTrampoline (node:internal/async_hooks:130:17)

  5) probes.@hapi/hapi 18.3.2 @hapi/vision 6.1.0
       should trace render span:
     Error: Plugin @hapi/vision requires hapi version >=18.4.0 but found 18.3.2
      at new module.exports (node_modules/@hapi/hoek/lib/error.js:23:19)
      at Object.module.exports [as assert] (node_modules/@hapi/hoek/lib/assert.js:20:11)
      at internals.Server.register (node_modules/@hapi/hapi/lib/server.js:425:22)
      at makeServer (test/probes/hapi/hapi-17-and-above.js:135:22)
      at makeViewServer (test/probes/hapi/hapi-17-and-above.js:154:12)
      at Context.renderTest (test/probes/hapi/hapi-17-and-above.js:217:26)
      at processImmediate (node:internal/timers:466:21)
      at process.callbackTrampoline (node:internal/async_hooks:130:17)

  6) probes.@hapi/hapi 18.3.2 @hapi/vision 6.1.0
       should skip vision when disabled:
     Error: Plugin @hapi/vision requires hapi version >=18.4.0 but found 18.3.2
      at new module.exports (node_modules/@hapi/hoek/lib/error.js:23:19)
      at Object.module.exports [as assert] (node_modules/@hapi/hoek/lib/assert.js:20:11)
      at internals.Server.register (node_modules/@hapi/hapi/lib/server.js:425:22)
      at makeServer (test/probes/hapi/hapi-17-and-above.js:135:22)
      at makeViewServer (test/probes/hapi/hapi-17-and-above.js:154:12)
      at Context.disabledTest (test/probes/hapi/hapi-17-and-above.js:265:26)
      at processImmediate (node:internal/timers:466:21)
      at process.callbackTrampoline (node:internal/async_hooks:130:17)

  7) probes.@hapi/hapi 18.3.2 @hapi/vision 6.1.0
       should allow a custom TransactionName:
     Error: Plugin @hapi/vision requires hapi version >=18.4.0 but found 18.3.2
      at new module.exports (node_modules/@hapi/hoek/lib/error.js:23:19)
      at Object.module.exports [as assert] (node_modules/@hapi/hoek/lib/assert.js:20:11)
      at internals.Server.register (node_modules/@hapi/hapi/lib/server.js:425:22)
      at makeServer (test/probes/hapi/hapi-17-and-above.js:135:22)
      at /__w/appoptics-apm-node/appoptics-apm-node/test/probes/hapi/hapi-17-and-above.js:387:67
      at Context.<anonymous> (test/probes/hapi/hapi-17-and-above.js:337:12)
      at processImmediate (node:internal/timers:466:21)
      at process.callbackTrampoline (node:internal/async_hooks:130:17)

  8) probes.@hapi/hapi 18.3.2 @hapi/vision 6.1.0
       should allow a custom TransactionName with domain prefix:
     Error: Plugin @hapi/vision requires hapi version >=18.4.0 but found 18.3.2
      at new module.exports (node_modules/@hapi/hoek/lib/error.js:23:19)
      at Object.module.exports [as assert] (node_modules/@hapi/hoek/lib/assert.js:20:11)
      at internals.Server.register (node_modules/@hapi/hapi/lib/server.js:425:22)
      at makeServer (test/probes/hapi/hapi-17-and-above.js:135:22)
      at /__w/appoptics-apm-node/appoptics-apm-node/test/probes/hapi/hapi-17-and-above.js:387:67
      at Context.<anonymous> (test/probes/hapi/hapi-17-and-above.js:350:44)
      at processImmediate (node:internal/timers:466:21)
      at process.callbackTrampoline (node:internal/async_hooks:130:17)

  9) probes.@hapi/hapi 18.3.2 @hapi/vision 6.1.0
       should handle an error in the custom name function:
     Error: Plugin @hapi/vision requires hapi version >=18.4.0 but found 18.3.2
      at new module.exports (node_modules/@hapi/hoek/lib/error.js:23:19)
      at Object.module.exports [as assert] (node_modules/@hapi/hoek/lib/assert.js:20:11)
      at internals.Server.register (node_modules/@hapi/hapi/lib/server.js:425:22)
      at makeServer (test/probes/hapi/hapi-17-and-above.js:135:22)
      at /__w/appoptics-apm-node/appoptics-apm-node/test/probes/hapi/hapi-17-and-above.js:387:67
      at Context.<anonymous> (test/probes/hapi/hapi-17-and-above.js:367:45)
      at processImmediate (node:internal/timers:466:21)
      at process.callbackTrampoline (node:internal/async_hooks:130:17)

  10) probes.@hapi/hapi 18.3.2 @hapi/vision 6.1.0
       should handle a falsey return by the custom name function:
     Error: Plugin @hapi/vision requires hapi version >=18.4.0 but found 18.3.2
      at new module.exports (node_modules/@hapi/hoek/lib/error.js:23:19)
      at Object.module.exports [as assert] (node_modules/@hapi/hoek/lib/assert.js:20:11)
      at internals.Server.register (node_modules/@hapi/hapi/lib/server.js:425:22)
      at makeServer (test/probes/hapi/hapi-17-and-above.js:135:22)
      at /__w/appoptics-apm-node/appoptics-apm-node/test/probes/hapi/hapi-17-and-above.js:387:67
      at Context.<anonymous> (test/probes/hapi/hapi-17-and-above.js:374:45)
      at processImmediate (node:internal/timers:466:21)
      at process.callbackTrampoline (node:internal/async_hooks:130:17)



npm WARN deprecated @hapi/hapi@18.4.0: This version contains severe security issues and defects and should not be used! Please upgrade to the latest version of @hapi/hapi or consider a commercial license (https://github.com/hapijs/hapi/issues/4114)

changed 1 package, and audited 941 packages in 5s

86 packages are looking for funding
  run `npm fund` for details

10 vulnerabilities (6 moderate, 4 high)

To address issues that do not require attention, run:
  npm audit fix

To address all issues possible (including breaking changes), run:
  npm audit fix --force

Some issues need review, and may require choosing
a different dependency.

Run `npm audit` for details.
2022-04-25T18:38:56.198Z appoptics:debug read config from /__w/appoptics-apm-node/appoptics-apm-node/appoptics-apm-config
2022-04-25T18:38:56.199Z appoptics:debug guc ignoring APPOPTICS_LOG_SETTINGS
2022-04-25T18:38:56.199Z appoptics:debug serviceKey dIOz...wWK0:node-agent-test
2022-04-25T18:38:56.200Z appoptics:debug using context provider: ace-context
2022-04-25T18:38:56.260Z appoptics:debug apm 10.2.2-ao.0, bindings 11.2.0, oboe 10.2.0
2022-04-25T18:38:56.378Z appoptics:patching patched crypto 
2022-04-25T18:38:56.396Z appoptics:patching patched https 
2022-04-25T18:38:56.397Z appoptics:patching patched http 
2022-04-25T18:38:56.433Z appoptics:patching patched zlib 
2022-04-25T18:38:56.715Z appoptics:patching fs.realpath - adding native method
2022-04-25T18:38:56.715Z appoptics:patching patched fs 
2022-04-25T18:38:56.726Z appoptics:patching hapi - v17 not looking for hapi/lib/plugin
2022-04-25T18:38:56.726Z appoptics:patching patched @hapi/hapi 18.4.0
2022-04-25T18:38:56.782Z appoptics:patching patched @hapi/vision 6.1.0
2022-04-25T18:38:56.786Z appoptics:debug starting runtimeMetrics


  probes.@hapi/hapi 18.4.0 @hapi/vision 6.1.0
    ✓ UDP might lose a message
    ✓ should forward controller/action data from get request (54ms)
    1) should forward controller/action data from post request
    2) should forward controller/action data from put request
    3) should forward controller/action data from delete request
    ✓ should trace render span
    ✓ should skip vision when disabled
    ✓ should allow a custom TransactionName
    ✓ should allow a custom TransactionName with domain prefix
    ✓ should handle an error in the custom name function
    ✓ should handle a falsey return by the custom name function


  8 passing (6s)
  3 failing

  1) probes.@hapi/hapi 18.4.0 @hapi/vision 6.1.0
       should forward controller/action data from post request:
     Error: Timeout of 2000ms exceeded. For async tests and hooks, ensure "done()" is called; if returning a Promise, ensure it resolves. (/__w/appoptics-apm-node/appoptics-apm-node/test/probes/@hapi-hapi.test.js)
      at listOnTimeout (node:internal/timers:559:17)
      at processTimers (node:internal/timers:502:7)

  2) probes.@hapi/hapi 18.4.0 @hapi/vision 6.1.0
       should forward controller/action data from put request:
     Error: Timeout of 2000ms exceeded. For async tests and hooks, ensure "done()" is called; if returning a Promise, ensure it resolves. (/__w/appoptics-apm-node/appoptics-apm-node/test/probes/@hapi-hapi.test.js)
      at listOnTimeout (node:internal/timers:559:17)
      at processTimers (node:internal/timers:502:7)

  3) probes.@hapi/hapi 18.4.0 @hapi/vision 6.1.0
       should forward controller/action data from delete request:
     Error: Timeout of 2000ms exceeded. For async tests and hooks, ensure "done()" is called; if returning a Promise, ensure it resolves. (/__w/appoptics-apm-node/appoptics-apm-node/test/probes/@hapi-hapi.test.js)
      at listOnTimeout (node:internal/timers:559:17)
      at processTimers (node:internal/timers:502:7)



npm WARN deprecated @hapi/hapi@18.4.1: This version contains severe security issues and defects and should not be used! Please upgrade to the latest version of @hapi/hapi or consider a commercial license (https://github.com/hapijs/hapi/issues/4114)

changed 1 package, and audited 941 packages in 5s

86 packages are looking for funding
  run `npm fund` for details

9 vulnerabilities (6 moderate, 3 high)

To address all issues possible (including breaking changes), run:
  npm audit fix --force

Some issues need review, and may require choosing
a different dependency.

Run `npm audit` for details.
2022-04-25T18:39:08.483Z appoptics:debug read config from /__w/appoptics-apm-node/appoptics-apm-node/appoptics-apm-config
2022-04-25T18:39:08.483Z appoptics:debug guc ignoring APPOPTICS_LOG_SETTINGS
2022-04-25T18:39:08.483Z appoptics:debug serviceKey dIOz...wWK0:node-agent-test
2022-04-25T18:39:08.484Z appoptics:debug using context provider: ace-context
2022-04-25T18:39:08.556Z appoptics:debug apm 10.2.2-ao.0, bindings 11.2.0, oboe 10.2.0
2022-04-25T18:39:08.675Z appoptics:patching patched crypto 
2022-04-25T18:39:08.691Z appoptics:patching patched https 
2022-04-25T18:39:08.691Z appoptics:patching patched http 
2022-04-25T18:39:08.724Z appoptics:patching patched zlib 
2022-04-25T18:39:08.977Z appoptics:patching fs.realpath - adding native method
2022-04-25T18:39:08.978Z appoptics:patching patched fs 
2022-04-25T18:39:08.988Z appoptics:patching hapi - v17 not looking for hapi/lib/plugin
2022-04-25T18:39:08.988Z appoptics:patching patched @hapi/hapi 18.4.1
2022-04-25T18:39:09.041Z appoptics:patching patched @hapi/vision 6.1.0
2022-04-25T18:39:09.044Z appoptics:debug starting runtimeMetrics


  probes.@hapi/hapi 18.4.1 @hapi/vision 6.1.0
    ✓ UDP might lose a message
    ✓ should forward controller/action data from get request (48ms)
    1) should forward controller/action data from post request
    2) should forward controller/action data from put request
    3) should forward controller/action data from delete request
    ✓ should trace render span
    ✓ should skip vision when disabled
    ✓ should allow a custom TransactionName
    ✓ should allow a custom TransactionName with domain prefix
    ✓ should handle an error in the custom name function
    ✓ should handle a falsey return by the custom name function


  8 passing (6s)
  3 failing

  1) probes.@hapi/hapi 18.4.1 @hapi/vision 6.1.0
       should forward controller/action data from post request:
     Error: Timeout of 2000ms exceeded. For async tests and hooks, ensure "done()" is called; if returning a Promise, ensure it resolves. (/__w/appoptics-apm-node/appoptics-apm-node/test/probes/@hapi-hapi.test.js)
      at listOnTimeout (node:internal/timers:559:17)
      at processTimers (node:internal/timers:502:7)

  2) probes.@hapi/hapi 18.4.1 @hapi/vision 6.1.0
       should forward controller/action data from put request:
     Error: Timeout of 2000ms exceeded. For async tests and hooks, ensure "done()" is called; if returning a Promise, ensure it resolves. (/__w/appoptics-apm-node/appoptics-apm-node/test/probes/@hapi-hapi.test.js)
      at listOnTimeout (node:internal/timers:559:17)
      at processTimers (node:internal/timers:502:7)

  3) probes.@hapi/hapi 18.4.1 @hapi/vision 6.1.0
       should forward controller/action data from delete request:
     Error: Timeout of 2000ms exceeded. For async tests and hooks, ensure "done()" is called; if returning a Promise, ensure it resolves. (/__w/appoptics-apm-node/appoptics-apm-node/test/probes/@hapi-hapi.test.js)
      at listOnTimeout (node:internal/timers:559:17)
      at processTimers (node:internal/timers:502:7)



npm WARN deprecated @hapi/hoek@8.5.1: This version has been deprecated and is no longer supported or maintained
npm WARN deprecated @hapi/hoek@8.5.1: This version has been deprecated and is no longer supported or maintained
npm WARN deprecated @hapi/pinpoint@2.0.0: Moved to 'npm install @sideway/pinpoint'
npm WARN deprecated @hapi/boom@8.0.1: This version has been deprecated and is no longer supported or maintained
npm WARN deprecated @hapi/formula@2.0.0: Moved to 'npm install @sideway/formula'
npm WARN deprecated @hapi/teamwork@4.0.0: This version has been deprecated and is no longer supported or maintained
npm WARN deprecated @hapi/address@4.1.0: Moved to 'npm install @sideway/address'
npm WARN deprecated @hapi/hapi@19.0.0: This version contains severe security issues and defects and should not be used! Please upgrade to the latest version of @hapi/hapi or consider a commercial license (https://github.com/hapijs/hapi/issues/4114)
npm WARN deprecated @hapi/joi@17.1.1: Switch to 'npm install joi'
npm WARN deprecated @hapi/ammo@4.0.1: This version has been deprecated
npm WARN deprecated @hapi/call@7.0.1: This version has been deprecated
npm WARN deprecated @hapi/accept@4.0.1: This version has been deprecated

added 4 packages, removed 10 packages, changed 32 packages, and audited 935 packages in 6s

86 packages are looking for funding
  run `npm fund` for details

12 vulnerabilities (6 moderate, 6 high)

To address issues that do not require attention, run:
  npm audit fix

To address all issues possible (including breaking changes), run:
  npm audit fix --force

Some issues need review, and may require choosing
a different dependency.

Run `npm audit` for details.
2022-04-25T18:39:21.689Z appoptics:debug read config from /__w/appoptics-apm-node/appoptics-apm-node/appoptics-apm-config
2022-04-25T18:39:21.689Z appoptics:debug guc ignoring APPOPTICS_LOG_SETTINGS
2022-04-25T18:39:21.689Z appoptics:debug serviceKey dIOz...wWK0:node-agent-test
2022-04-25T18:39:21.690Z appoptics:debug using context provider: ace-context
2022-04-25T18:39:21.752Z appoptics:debug apm 10.2.2-ao.0, bindings 11.2.0, oboe 10.2.0
2022-04-25T18:39:21.889Z appoptics:patching patched crypto 
2022-04-25T18:39:21.908Z appoptics:patching patched https 
2022-04-25T18:39:21.908Z appoptics:patching patched http 
2022-04-25T18:39:21.943Z appoptics:patching patched zlib 
2022-04-25T18:39:22.103Z appoptics:patching fs.realpath - adding native method
2022-04-25T18:39:22.104Z appoptics:patching patched fs 
2022-04-25T18:39:22.116Z appoptics:patching hapi - v17 not looking for hapi/lib/plugin
2022-04-25T18:39:22.116Z appoptics:patching patched @hapi/hapi 19.0.0
2022-04-25T18:39:22.124Z appoptics:patching patched @hapi/vision 6.1.0
2022-04-25T18:39:22.128Z appoptics:debug starting runtimeMetrics


  probes.@hapi/hapi 19.0.0 @hapi/vision 6.1.0
    ✓ UDP might lose a message
    ✓ should forward controller/action data from get request (47ms)
    1) should forward controller/action data from post request
    2) should forward controller/action data from put request
    3) should forward controller/action data from delete request
    ✓ should trace render span
    ✓ should skip vision when disabled
    ✓ should allow a custom TransactionName
    ✓ should allow a custom TransactionName with domain prefix
    ✓ should handle an error in the custom name function
    ✓ should handle a falsey return by the custom name function


  8 passing (6s)
  3 failing

  1) probes.@hapi/hapi 19.0.0 @hapi/vision 6.1.0
       should forward controller/action data from post request:
     Error: Timeout of 2000ms exceeded. For async tests and hooks, ensure "done()" is called; if returning a Promise, ensure it resolves. (/__w/appoptics-apm-node/appoptics-apm-node/test/probes/@hapi-hapi.test.js)
      at listOnTimeout (node:internal/timers:559:17)
      at processTimers (node:internal/timers:502:7)

  2) probes.@hapi/hapi 19.0.0 @hapi/vision 6.1.0
       should forward controller/action data from put request:
     Error: Timeout of 2000ms exceeded. For async tests and hooks, ensure "done()" is called; if returning a Promise, ensure it resolves. (/__w/appoptics-apm-node/appoptics-apm-node/test/probes/@hapi-hapi.test.js)
      at listOnTimeout (node:internal/timers:559:17)
      at processTimers (node:internal/timers:502:7)

  3) probes.@hapi/hapi 19.0.0 @hapi/vision 6.1.0
       should forward controller/action data from delete request:
     Error: Timeout of 2000ms exceeded. For async tests and hooks, ensure "done()" is called; if returning a Promise, ensure it resolves. (/__w/appoptics-apm-node/appoptics-apm-node/test/probes/@hapi-hapi.test.js)
      at listOnTimeout (node:internal/timers:559:17)
      at processTimers (node:internal/timers:502:7)



npm WARN deprecated @hapi/hapi@19.0.1: This version contains severe security issues and defects and should not be used! Please upgrade to the latest version of @hapi/hapi or consider a commercial license (https://github.com/hapijs/hapi/issues/4114)

changed 1 package, and audited 935 packages in 6s

86 packages are looking for funding
  run `npm fund` for details

12 vulnerabilities (6 moderate, 6 high)

To address issues that do not require attention, run:
  npm audit fix

To address all issues possible (including breaking changes), run:
  npm audit fix --force

Some issues need review, and may require choosing
a different dependency.

Run `npm audit` for details.
2022-04-25T18:39:34.475Z appoptics:debug read config from /__w/appoptics-apm-node/appoptics-apm-node/appoptics-apm-config
2022-04-25T18:39:34.476Z appoptics:debug guc ignoring APPOPTICS_LOG_SETTINGS
2022-04-25T18:39:34.476Z appoptics:debug serviceKey dIOz...wWK0:node-agent-test
2022-04-25T18:39:34.476Z appoptics:debug using context provider: ace-context
2022-04-25T18:39:34.542Z appoptics:debug apm 10.2.2-ao.0, bindings 11.2.0, oboe 10.2.0
2022-04-25T18:39:34.673Z appoptics:patching patched crypto 
2022-04-25T18:39:34.715Z appoptics:patching patched https 
2022-04-25T18:39:34.727Z appoptics:patching patched http 
2022-04-25T18:39:34.754Z appoptics:patching patched zlib 
2022-04-25T18:39:34.970Z appoptics:patching fs.realpath - adding native method
2022-04-25T18:39:34.970Z appoptics:patching patched fs 
2022-04-25T18:39:34.978Z appoptics:patching hapi - v17 not looking for hapi/lib/plugin
2022-04-25T18:39:34.978Z appoptics:patching patched @hapi/hapi 19.0.1
2022-04-25T18:39:34.987Z appoptics:patching patched @hapi/vision 6.1.0
2022-04-25T18:39:34.990Z appoptics:debug starting runtimeMetrics


  probes.@hapi/hapi 19.0.1 @hapi/vision 6.1.0
    ✓ UDP might lose a message
    ✓ should forward controller/action data from get request (47ms)
    1) should forward controller/action data from post request
    2) should forward controller/action data from put request
    3) should forward controller/action data from delete request
    ✓ should trace render span
    ✓ should skip vision when disabled
    ✓ should allow a custom TransactionName
    ✓ should allow a custom TransactionName with domain prefix
    ✓ should handle an error in the custom name function
    ✓ should handle a falsey return by the custom name function


  8 passing (6s)
  3 failing

  1) probes.@hapi/hapi 19.0.1 @hapi/vision 6.1.0
       should forward controller/action data from post request:
     Error: Timeout of 2000ms exceeded. For async tests and hooks, ensure "done()" is called; if returning a Promise, ensure it resolves. (/__w/appoptics-apm-node/appoptics-apm-node/test/probes/@hapi-hapi.test.js)
      at listOnTimeout (node:internal/timers:559:17)
      at processTimers (node:internal/timers:502:7)

  2) probes.@hapi/hapi 19.0.1 @hapi/vision 6.1.0
       should forward controller/action data from put request:
     Error: Timeout of 2000ms exceeded. For async tests and hooks, ensure "done()" is called; if returning a Promise, ensure it resolves. (/__w/appoptics-apm-node/appoptics-apm-node/test/probes/@hapi-hapi.test.js)
      at listOnTimeout (node:internal/timers:559:17)
      at processTimers (node:internal/timers:502:7)

  3) probes.@hapi/hapi 19.0.1 @hapi/vision 6.1.0
       should forward controller/action data from delete request:
     Error: Timeout of 2000ms exceeded. For async tests and hooks, ensure "done()" is called; if returning a Promise, ensure it resolves. (/__w/appoptics-apm-node/appoptics-apm-node/test/probes/@hapi-hapi.test.js)
      at listOnTimeout (node:internal/timers:559:17)
      at processTimers (node:internal/timers:502:7)



npm WARN deprecated @hapi/hapi@19.0.2: This version contains severe security issues and defects and should not be used! Please upgrade to the latest version of @hapi/hapi or consider a commercial license (https://github.com/hapijs/hapi/issues/4114)

changed 1 package, and audited 935 packages in 6s

86 packages are looking for funding
  run `npm fund` for details

12 vulnerabilities (6 moderate, 6 high)

To address issues that do not require attention, run:
  npm audit fix

To address all issues possible (including breaking changes), run:
  npm audit fix --force

Some issues need review, and may require choosing
a different dependency.

Run `npm audit` for details.
2022-04-25T18:39:47.337Z appoptics:debug read config from /__w/appoptics-apm-node/appoptics-apm-node/appoptics-apm-config
2022-04-25T18:39:47.337Z appoptics:debug guc ignoring APPOPTICS_LOG_SETTINGS
2022-04-25T18:39:47.337Z appoptics:debug serviceKey dIOz...wWK0:node-agent-test
2022-04-25T18:39:47.338Z appoptics:debug using context provider: ace-context
2022-04-25T18:39:47.398Z appoptics:debug apm 10.2.2-ao.0, bindings 11.2.0, oboe 10.2.0
2022-04-25T18:39:47.513Z appoptics:patching patched crypto 
2022-04-25T18:39:47.531Z appoptics:patching patched https 
2022-04-25T18:39:47.532Z appoptics:patching patched http 
2022-04-25T18:39:47.566Z appoptics:patching patched zlib 
2022-04-25T18:39:47.737Z appoptics:patching fs.realpath - adding native method
2022-04-25T18:39:47.738Z appoptics:patching patched fs 
2022-04-25T18:39:47.751Z appoptics:patching hapi - v17 not looking for hapi/lib/plugin
2022-04-25T18:39:47.751Z appoptics:patching patched @hapi/hapi 19.0.2
2022-04-25T18:39:47.760Z appoptics:patching patched @hapi/vision 6.1.0
2022-04-25T18:39:47.764Z appoptics:debug starting runtimeMetrics


  probes.@hapi/hapi 19.0.2 @hapi/vision 6.1.0
    ✓ UDP might lose a message
    ✓ should forward controller/action data from get request (59ms)
    1) should forward controller/action data from post request
    2) should forward controller/action data from put request
    3) should forward controller/action data from delete request
    ✓ should trace render span
    ✓ should skip vision when disabled
    ✓ should allow a custom TransactionName
    ✓ should allow a custom TransactionName with domain prefix
    ✓ should handle an error in the custom name function
    ✓ should handle a falsey return by the custom name function


  8 passing (6s)
  3 failing

  1) probes.@hapi/hapi 19.0.2 @hapi/vision 6.1.0
       should forward controller/action data from post request:
     Error: Timeout of 2000ms exceeded. For async tests and hooks, ensure "done()" is called; if returning a Promise, ensure it resolves. (/__w/appoptics-apm-node/appoptics-apm-node/test/probes/@hapi-hapi.test.js)
      at listOnTimeout (node:internal/timers:559:17)
      at processTimers (node:internal/timers:502:7)

  2) probes.@hapi/hapi 19.0.2 @hapi/vision 6.1.0
       should forward controller/action data from put request:
     Error: Timeout of 2000ms exceeded. For async tests and hooks, ensure "done()" is called; if returning a Promise, ensure it resolves. (/__w/appoptics-apm-node/appoptics-apm-node/test/probes/@hapi-hapi.test.js)
      at listOnTimeout (node:internal/timers:559:17)
      at processTimers (node:internal/timers:502:7)

  3) probes.@hapi/hapi 19.0.2 @hapi/vision 6.1.0
       should forward controller/action data from delete request:
     Error: Timeout of 2000ms exceeded. For async tests and hooks, ensure "done()" is called; if returning a Promise, ensure it resolves. (/__w/appoptics-apm-node/appoptics-apm-node/test/probes/@hapi-hapi.test.js)
      at listOnTimeout (node:internal/timers:559:17)
      at processTimers (node:internal/timers:502:7)



npm WARN deprecated @hapi/hapi@19.0.3: This version contains severe security issues and defects and should not be used! Please upgrade to the latest version of @hapi/hapi or consider a commercial license (https://github.com/hapijs/hapi/issues/4114)

changed 1 package, and audited 935 packages in 6s

86 packages are looking for funding
  run `npm fund` for details

12 vulnerabilities (6 moderate, 6 high)

To address issues that do not require attention, run:
  npm audit fix

To address all issues possible (including breaking changes), run:
  npm audit fix --force

Some issues need review, and may require choosing
a different dependency.

Run `npm audit` for details.
2022-04-25T18:40:00.151Z appoptics:debug read config from /__w/appoptics-apm-node/appoptics-apm-node/appoptics-apm-config
2022-04-25T18:40:00.152Z appoptics:debug guc ignoring APPOPTICS_LOG_SETTINGS
2022-04-25T18:40:00.152Z appoptics:debug serviceKey dIOz...wWK0:node-agent-test
2022-04-25T18:40:00.153Z appoptics:debug using context provider: ace-context
2022-04-25T18:40:00.261Z appoptics:debug apm 10.2.2-ao.0, bindings 11.2.0, oboe 10.2.0
2022-04-25T18:40:00.400Z appoptics:patching patched crypto 
2022-04-25T18:40:00.419Z appoptics:patching patched https 
2022-04-25T18:40:00.420Z appoptics:patching patched http 
2022-04-25T18:40:00.457Z appoptics:patching patched zlib 
2022-04-25T18:40:00.620Z appoptics:patching fs.realpath - adding native method
2022-04-25T18:40:00.621Z appoptics:patching patched fs 
2022-04-25T18:40:00.629Z appoptics:patching hapi - v17 not looking for hapi/lib/plugin
2022-04-25T18:40:00.629Z appoptics:patching patched @hapi/hapi 19.0.3
2022-04-25T18:40:00.637Z appoptics:patching patched @hapi/vision 6.1.0
2022-04-25T18:40:00.641Z appoptics:debug starting runtimeMetrics


  probes.@hapi/hapi 19.0.3 @hapi/vision 6.1.0
    ✓ UDP might lose a message
    ✓ should forward controller/action data from get request (49ms)
    1) should forward controller/action data from post request
    2) should forward controller/action data from put request
    3) should forward controller/action data from delete request
    ✓ should trace render span
    ✓ should skip vision when disabled
    ✓ should allow a custom TransactionName
    ✓ should allow a custom TransactionName with domain prefix
    ✓ should handle an error in the custom name function
    ✓ should handle a falsey return by the custom name function


  8 passing (6s)
  3 failing

  1) probes.@hapi/hapi 19.0.3 @hapi/vision 6.1.0
       should forward controller/action data from post request:
     Error: Timeout of 2000ms exceeded. For async tests and hooks, ensure "done()" is called; if returning a Promise, ensure it resolves. (/__w/appoptics-apm-node/appoptics-apm-node/test/probes/@hapi-hapi.test.js)
      at listOnTimeout (node:internal/timers:559:17)
      at processTimers (node:internal/timers:502:7)

  2) probes.@hapi/hapi 19.0.3 @hapi/vision 6.1.0
       should forward controller/action data from put request:
     Error: Timeout of 2000ms exceeded. For async tests and hooks, ensure "done()" is called; if returning a Promise, ensure it resolves. (/__w/appoptics-apm-node/appoptics-apm-node/test/probes/@hapi-hapi.test.js)
      at listOnTimeout (node:internal/timers:559:17)
      at processTimers (node:internal/timers:502:7)

  3) probes.@hapi/hapi 19.0.3 @hapi/vision 6.1.0
       should forward controller/action data from delete request:
     Error: Timeout of 2000ms exceeded. For async tests and hooks, ensure "done()" is called; if returning a Promise, ensure it resolves. (/__w/appoptics-apm-node/appoptics-apm-node/test/probes/@hapi-hapi.test.js)
      at listOnTimeout (node:internal/timers:559:17)
      at processTimers (node:internal/timers:502:7)



npm WARN deprecated @hapi/hapi@19.0.4: This version contains severe security issues and defects and should not be used! Please upgrade to the latest version of @hapi/hapi or consider a commercial license (https://github.com/hapijs/hapi/issues/4114)

changed 1 package, and audited 935 packages in 7s

86 packages are looking for funding
  run `npm fund` for details

12 vulnerabilities (6 moderate, 6 high)

To address issues that do not require attention, run:
  npm audit fix

To address all issues possible (including breaking changes), run:
  npm audit fix --force

Some issues need review, and may require choosing
a different dependency.

Run `npm audit` for details.
2022-04-25T18:40:14.091Z appoptics:debug read config from /__w/appoptics-apm-node/appoptics-apm-node/appoptics-apm-config
2022-04-25T18:40:14.092Z appoptics:debug guc ignoring APPOPTICS_LOG_SETTINGS
2022-04-25T18:40:14.092Z appoptics:debug serviceKey dIOz...wWK0:node-agent-test
2022-04-25T18:40:14.093Z appoptics:debug using context provider: ace-context
2022-04-25T18:40:14.155Z appoptics:debug apm 10.2.2-ao.0, bindings 11.2.0, oboe 10.2.0
2022-04-25T18:40:14.276Z appoptics:patching patched crypto 
2022-04-25T18:40:14.295Z appoptics:patching patched https 
2022-04-25T18:40:14.296Z appoptics:patching patched http 
2022-04-25T18:40:14.333Z appoptics:patching patched zlib 
2022-04-25T18:40:14.506Z appoptics:patching fs.realpath - adding native method
2022-04-25T18:40:14.506Z appoptics:patching patched fs 
2022-04-25T18:40:14.520Z appoptics:patching hapi - v17 not looking for hapi/lib/plugin
2022-04-25T18:40:14.520Z appoptics:patching patched @hapi/hapi 19.0.4
2022-04-25T18:40:14.530Z appoptics:patching patched @hapi/vision 6.1.0
2022-04-25T18:40:14.533Z appoptics:debug starting runtimeMetrics


  probes.@hapi/hapi 19.0.4 @hapi/vision 6.1.0
    ✓ UDP might lose a message
    ✓ should forward controller/action data from get request (55ms)
    1) should forward controller/action data from post request
    2) should forward controller/action data from put request
    3) should forward controller/action data from delete request
    ✓ should trace render span
    ✓ should skip vision when disabled
    ✓ should allow a custom TransactionName
    ✓ should allow a custom TransactionName with domain prefix
    ✓ should handle an error in the custom name function
    ✓ should handle a falsey return by the custom name function


  8 passing (6s)
  3 failing

  1) probes.@hapi/hapi 19.0.4 @hapi/vision 6.1.0
       should forward controller/action data from post request:
     Error: Timeout of 2000ms exceeded. For async tests and hooks, ensure "done()" is called; if returning a Promise, ensure it resolves. (/__w/appoptics-apm-node/appoptics-apm-node/test/probes/@hapi-hapi.test.js)
      at listOnTimeout (node:internal/timers:559:17)
      at processTimers (node:internal/timers:502:7)

  2) probes.@hapi/hapi 19.0.4 @hapi/vision 6.1.0
       should forward controller/action data from put request:
     Error: Timeout of 2000ms exceeded. For async tests and hooks, ensure "done()" is called; if returning a Promise, ensure it resolves. (/__w/appoptics-apm-node/appoptics-apm-node/test/probes/@hapi-hapi.test.js)
      at listOnTimeout (node:internal/timers:559:17)
      at processTimers (node:internal/timers:502:7)

  3) probes.@hapi/hapi 19.0.4 @hapi/vision 6.1.0
       should forward controller/action data from delete request:
     Error: Timeout of 2000ms exceeded. For async tests and hooks, ensure "done()" is called; if returning a Promise, ensure it resolves. (/__w/appoptics-apm-node/appoptics-apm-node/test/probes/@hapi-hapi.test.js)
      at listOnTimeout (node:internal/timers:559:17)
      at processTimers (node:internal/timers:502:7)



npm WARN deprecated @hapi/hapi@19.0.5: This version contains severe security issues and defects and should not be used! Please upgrade to the latest version of @hapi/hapi or consider a commercial license (https://github.com/hapijs/hapi/issues/4114)

removed 3 packages, changed 3 packages, and audited 932 packages in 6s

86 packages are looking for funding
  run `npm fund` for details

10 vulnerabilities (6 moderate, 4 high)

To address all issues possible (including breaking changes), run:
  npm audit fix --force

Some issues need review, and may require choosing
a different dependency.

Run `npm audit` for details.
2022-04-25T18:40:27.082Z appoptics:debug read config from /__w/appoptics-apm-node/appoptics-apm-node/appoptics-apm-config
2022-04-25T18:40:27.082Z appoptics:debug guc ignoring APPOPTICS_LOG_SETTINGS
2022-04-25T18:40:27.082Z appoptics:debug serviceKey dIOz...wWK0:node-agent-test
2022-04-25T18:40:27.083Z appoptics:debug using context provider: ace-context
2022-04-25T18:40:27.139Z appoptics:debug apm 10.2.2-ao.0, bindings 11.2.0, oboe 10.2.0
2022-04-25T18:40:27.245Z appoptics:patching patched crypto 
2022-04-25T18:40:27.261Z appoptics:patching patched https 
2022-04-25T18:40:27.261Z appoptics:patching patched http 
2022-04-25T18:40:27.293Z appoptics:patching patched zlib 
2022-04-25T18:40:27.436Z appoptics:patching fs.realpath - adding native method
2022-04-25T18:40:27.436Z appoptics:patching patched fs 
2022-04-25T18:40:27.444Z appoptics:patching hapi - v17 not looking for hapi/lib/plugin
2022-04-25T18:40:27.444Z appoptics:patching patched @hapi/hapi 19.0.5
2022-04-25T18:40:27.457Z appoptics:patching patched @hapi/vision 6.1.0
2022-04-25T18:40:27.460Z appoptics:debug starting runtimeMetrics


  probes.@hapi/hapi 19.0.5 @hapi/vision 6.1.0
    ✓ UDP might lose a message
    ✓ should forward controller/action data from get request (47ms)
    1) should forward controller/action data from post request
    2) should forward controller/action data from put request
    3) should forward controller/action data from delete request
    ✓ should trace render span
    ✓ should skip vision when disabled
    ✓ should allow a custom TransactionName
    ✓ should allow a custom TransactionName with domain prefix
    ✓ should handle an error in the custom name function
    ✓ should handle a falsey return by the custom name function


  8 passing (6s)
  3 failing

  1) probes.@hapi/hapi 19.0.5 @hapi/vision 6.1.0
       should forward controller/action data from post request:
     Error: Timeout of 2000ms exceeded. For async tests and hooks, ensure "done()" is called; if returning a Promise, ensure it resolves. (/__w/appoptics-apm-node/appoptics-apm-node/test/probes/@hapi-hapi.test.js)
      at listOnTimeout (node:internal/timers:559:17)
      at processTimers (node:internal/timers:502:7)

  2) probes.@hapi/hapi 19.0.5 @hapi/vision 6.1.0
       should forward controller/action data from put request:
     Error: Timeout of 2000ms exceeded. For async tests and hooks, ensure "done()" is called; if returning a Promise, ensure it resolves. (/__w/appoptics-apm-node/appoptics-apm-node/test/probes/@hapi-hapi.test.js)
      at listOnTimeout (node:internal/timers:559:17)
      at processTimers (node:internal/timers:502:7)

  3) probes.@hapi/hapi 19.0.5 @hapi/vision 6.1.0
       should forward controller/action data from delete request:
     Error: Timeout of 2000ms exceeded. For async tests and hooks, ensure "done()" is called; if returning a Promise, ensure it resolves. (/__w/appoptics-apm-node/appoptics-apm-node/test/probes/@hapi-hapi.test.js)
      at listOnTimeout (node:internal/timers:559:17)
      at processTimers (node:internal/timers:502:7)



npm WARN deprecated @hapi/hapi@19.1.0: This version contains severe security issues and defects and should not be used! Please upgrade to the latest version of @hapi/hapi or consider a commercial license (https://github.com/hapijs/hapi/issues/4114)

changed 1 package, and audited 932 packages in 5s

86 packages are looking for funding
  run `npm fund` for details

10 vulnerabilities (6 moderate, 4 high)

To address all issues possible (including breaking changes), run:
  npm audit fix --force

Some issues need review, and may require choosing
a different dependency.

Run `npm audit` for details.
2022-04-25T18:40:39.248Z appoptics:debug read config from /__w/appoptics-apm-node/appoptics-apm-node/appoptics-apm-config
2022-04-25T18:40:39.249Z appoptics:debug guc ignoring APPOPTICS_LOG_SETTINGS
2022-04-25T18:40:39.249Z appoptics:debug serviceKey dIOz...wWK0:node-agent-test
2022-04-25T18:40:39.250Z appoptics:debug using context provider: ace-context
2022-04-25T18:40:39.304Z appoptics:debug apm 10.2.2-ao.0, bindings 11.2.0, oboe 10.2.0
2022-04-25T18:40:39.413Z appoptics:patching patched crypto 
2022-04-25T18:40:39.429Z appoptics:patching patched https 
2022-04-25T18:40:39.430Z appoptics:patching patched http 
2022-04-25T18:40:39.467Z appoptics:patching patched zlib 
2022-04-25T18:40:39.613Z appoptics:patching fs.realpath - adding native method
2022-04-25T18:40:39.614Z appoptics:patching patched fs 
2022-04-25T18:40:39.622Z appoptics:patching hapi - v17 not looking for hapi/lib/plugin
2022-04-25T18:40:39.622Z appoptics:patching patched @hapi/hapi 19.1.0
2022-04-25T18:40:39.633Z appoptics:patching patched @hapi/vision 6.1.0
2022-04-25T18:40:39.636Z appoptics:debug starting runtimeMetrics


  probes.@hapi/hapi 19.1.0 @hapi/vision 6.1.0
    ✓ UDP might lose a message
    ✓ should forward controller/action data from get request (47ms)
    1) should forward controller/action data from post request
    2) should forward controller/action data from put request
    3) should forward controller/action data from delete request
    ✓ should trace render span
    ✓ should skip vision when disabled
    ✓ should allow a custom TransactionName
    ✓ should allow a custom TransactionName with domain prefix
    ✓ should handle an error in the custom name function
    ✓ should handle a falsey return by the custom name function


  8 passing (6s)
  3 failing

  1) probes.@hapi/hapi 19.1.0 @hapi/vision 6.1.0
       should forward controller/action data from post request:
     Error: Timeout of 2000ms exceeded. For async tests and hooks, ensure "done()" is called; if returning a Promise, ensure it resolves. (/__w/appoptics-apm-node/appoptics-apm-node/test/probes/@hapi-hapi.test.js)
      at listOnTimeout (node:internal/timers:559:17)
      at processTimers (node:internal/timers:502:7)

  2) probes.@hapi/hapi 19.1.0 @hapi/vision 6.1.0
       should forward controller/action data from put request:
     Error: Timeout of 2000ms exceeded. For async tests and hooks, ensure "done()" is called; if returning a Promise, ensure it resolves. (/__w/appoptics-apm-node/appoptics-apm-node/test/probes/@hapi-hapi.test.js)
      at listOnTimeout (node:internal/timers:559:17)
      at processTimers (node:internal/timers:502:7)

  3) probes.@hapi/hapi 19.1.0 @hapi/vision 6.1.0
       should forward controller/action data from delete request:
     Error: Timeout of 2000ms exceeded. For async tests and hooks, ensure "done()" is called; if returning a Promise, ensure it resolves. (/__w/appoptics-apm-node/appoptics-apm-node/test/probes/@hapi-hapi.test.js)
      at listOnTimeout (node:internal/timers:559:17)
      at processTimers (node:internal/timers:502:7)



npm WARN deprecated @hapi/hapi@19.1.1: This version contains severe security issues and defects and should not be used! Please upgrade to the latest version of @hapi/hapi or consider a commercial license (https://github.com/hapijs/hapi/issues/4114)

changed 2 packages, and audited 932 packages in 6s

86 packages are looking for funding
  run `npm fund` for details

9 vulnerabilities (6 moderate, 3 high)

To address all issues possible (including breaking changes), run:
  npm audit fix --force

Some issues need review, and may require choosing
a different dependency.

Run `npm audit` for details.
2022-04-25T18:40:51.711Z appoptics:debug read config from /__w/appoptics-apm-node/appoptics-apm-node/appoptics-apm-config
2022-04-25T18:40:51.712Z appoptics:debug guc ignoring APPOPTICS_LOG_SETTINGS
2022-04-25T18:40:51.712Z appoptics:debug serviceKey dIOz...wWK0:node-agent-test
2022-04-25T18:40:51.712Z appoptics:debug using context provider: ace-context
2022-04-25T18:40:51.767Z appoptics:debug apm 10.2.2-ao.0, bindings 11.2.0, oboe 10.2.0
2022-04-25T18:40:51.881Z appoptics:patching patched crypto 
2022-04-25T18:40:51.908Z appoptics:patching patched https 
2022-04-25T18:40:51.908Z appoptics:patching patched http 
2022-04-25T18:40:51.950Z appoptics:patching patched zlib 
2022-04-25T18:40:52.100Z appoptics:patching fs.realpath - adding native method
2022-04-25T18:40:52.100Z appoptics:patching patched fs 
2022-04-25T18:40:52.112Z appoptics:patching hapi - v17 not looking for hapi/lib/plugin
2022-04-25T18:40:52.112Z appoptics:patching patched @hapi/hapi 19.1.1
2022-04-25T18:40:52.119Z appoptics:patching patched @hapi/vision 6.1.0
2022-04-25T18:40:52.122Z appoptics:debug starting runtimeMetrics


  probes.@hapi/hapi 19.1.1 @hapi/vision 6.1.0
    ✓ UDP might lose a message
    ✓ should forward controller/action data from get request (48ms)
    1) should forward controller/action data from post request
    2) should forward controller/action data from put request
    3) should forward controller/action data from delete request
    ✓ should trace render span
    ✓ should skip vision when disabled
    ✓ should allow a custom TransactionName
    ✓ should allow a custom TransactionName with domain prefix
    ✓ should handle an error in the custom name function
    ✓ should handle a falsey return by the custom name function


  8 passing (6s)
  3 failing

  1) probes.@hapi/hapi 19.1.1 @hapi/vision 6.1.0
       should forward controller/action data from post request:
     Error: Timeout of 2000ms exceeded. For async tests and hooks, ensure "done()" is called; if returning a Promise, ensure it resolves. (/__w/appoptics-apm-node/appoptics-apm-node/test/probes/@hapi-hapi.test.js)
      at listOnTimeout (node:internal/timers:559:17)
      at processTimers (node:internal/timers:502:7)

  2) probes.@hapi/hapi 19.1.1 @hapi/vision 6.1.0
       should forward controller/action data from put request:
     Error: Timeout of 2000ms exceeded. For async tests and hooks, ensure "done()" is called; if returning a Promise, ensure it resolves. (/__w/appoptics-apm-node/appoptics-apm-node/test/probes/@hapi-hapi.test.js)
      at listOnTimeout (node:internal/timers:559:17)
      at processTimers (node:internal/timers:502:7)

  3) probes.@hapi/hapi 19.1.1 @hapi/vision 6.1.0
       should forward controller/action data from delete request:
     Error: Timeout of 2000ms exceeded. For async tests and hooks, ensure "done()" is called; if returning a Promise, ensure it resolves. (/__w/appoptics-apm-node/appoptics-apm-node/test/probes/@hapi-hapi.test.js)
      at listOnTimeout (node:internal/timers:559:17)
      at processTimers (node:internal/timers:502:7)



npm WARN deprecated @hapi/hapi@19.2.0: This version contains severe security issues and defects and should not be used! Please upgrade to the latest version of @hapi/hapi or consider a commercial license (https://github.com/hapijs/hapi/issues/4114)

changed 1 package, and audited 932 packages in 6s

86 packages are looking for funding
  run `npm fund` for details

9 vulnerabilities (6 moderate, 3 high)

To address all issues possible (including breaking changes), run:
  npm audit fix --force

Some issues need review, and may require choosing
a different dependency.

Run `npm audit` for details.
2022-04-25T18:41:05.089Z appoptics:debug read config from /__w/appoptics-apm-node/appoptics-apm-node/appoptics-apm-config
2022-04-25T18:41:05.090Z appoptics:debug guc ignoring APPOPTICS_LOG_SETTINGS
2022-04-25T18:41:05.090Z appoptics:debug serviceKey dIOz...wWK0:node-agent-test
2022-04-25T18:41:05.090Z appoptics:debug using context provider: ace-context
2022-04-25T18:41:05.163Z appoptics:debug apm 10.2.2-ao.0, bindings 11.2.0, oboe 10.2.0
2022-04-25T18:41:05.347Z appoptics:patching patched crypto 
2022-04-25T18:41:05.381Z appoptics:patching patched https 
2022-04-25T18:41:05.392Z appoptics:patching patched http 
2022-04-25T18:41:05.415Z appoptics:patching patched zlib 
2022-04-25T18:41:05.572Z appoptics:patching fs.realpath - adding native method
2022-04-25T18:41:05.572Z appoptics:patching patched fs 
2022-04-25T18:41:05.585Z appoptics:patching hapi - v17 not looking for hapi/lib/plugin
2022-04-25T18:41:05.585Z appoptics:patching patched @hapi/hapi 19.2.0
2022-04-25T18:41:05.592Z appoptics:patching patched @hapi/vision 6.1.0
2022-04-25T18:41:05.595Z appoptics:debug starting runtimeMetrics


  probes.@hapi/hapi 19.2.0 @hapi/vision 6.1.0
    ✓ UDP might lose a message
    ✓ should forward controller/action data from get request (47ms)
    1) should forward controller/action data from post request
    2) should forward controller/action data from put request
    3) should forward controller/action data from delete request
    ✓ should trace render span
    ✓ should skip vision when disabled
    ✓ should allow a custom TransactionName
    ✓ should allow a custom TransactionName with domain prefix
    ✓ should handle an error in the custom name function
    ✓ should handle a falsey return by the custom name function


  8 passing (6s)
  3 failing

  1) probes.@hapi/hapi 19.2.0 @hapi/vision 6.1.0
       should forward controller/action data from post request:
     Error: Timeout of 2000ms exceeded. For async tests and hooks, ensure "done()" is called; if returning a Promise, ensure it resolves. (/__w/appoptics-apm-node/appoptics-apm-node/test/probes/@hapi-hapi.test.js)
      at listOnTimeout (node:internal/timers:559:17)
      at processTimers (node:internal/timers:502:7)

  2) probes.@hapi/hapi 19.2.0 @hapi/vision 6.1.0
       should forward controller/action data from put request:
     Error: Timeout of 2000ms exceeded. For async tests and hooks, ensure "done()" is called; if returning a Promise, ensure it resolves. (/__w/appoptics-apm-node/appoptics-apm-node/test/probes/@hapi-hapi.test.js)
      at listOnTimeout (node:internal/timers:559:17)
      at processTimers (node:internal/timers:502:7)

  3) probes.@hapi/hapi 19.2.0 @hapi/vision 6.1.0
       should forward controller/action data from delete request:
     Error: Timeout of 2000ms exceeded. For async tests and hooks, ensure "done()" is called; if returning a Promise, ensure it resolves. (/__w/appoptics-apm-node/appoptics-apm-node/test/probes/@hapi-hapi.test.js)
      at listOnTimeout (node:internal/timers:559:17)
      at processTimers (node:internal/timers:502:7)




removed 5 packages, changed 2 packages, and audited 927 packages in 5s

86 packages are looking for funding
  run `npm fund` for details

9 vulnerabilities (6 moderate, 3 high)

To address all issues possible (including breaking changes), run:
  npm audit fix --force

Some issues need review, and may require choosing
a different dependency.

Run `npm audit` for details.
2022-04-25T18:41:17.255Z appoptics:debug read config from /__w/appoptics-apm-node/appoptics-apm-node/appoptics-apm-config
2022-04-25T18:41:17.256Z appoptics:debug guc ignoring APPOPTICS_LOG_SETTINGS
2022-04-25T18:41:17.256Z appoptics:debug serviceKey dIOz...wWK0:node-agent-test
2022-04-25T18:41:17.256Z appoptics:debug using context provider: ace-context
2022-04-25T18:41:17.313Z appoptics:debug apm 10.2.2-ao.0, bindings 11.2.0, oboe 10.2.0
2022-04-25T18:41:17.424Z appoptics:patching patched crypto 
2022-04-25T18:41:17.442Z appoptics:patching patched https 
2022-04-25T18:41:17.443Z appoptics:patching patched http 
2022-04-25T18:41:17.478Z appoptics:patching patched zlib 
2022-04-25T18:41:17.596Z appoptics:patching fs.realpath - adding native method
2022-04-25T18:41:17.597Z appoptics:patching patched fs 
2022-04-25T18:41:17.606Z appoptics:patching hapi - v17 not looking for hapi/lib/plugin
2022-04-25T18:41:17.606Z appoptics:patching patched @hapi/hapi 20.0.0
2022-04-25T18:41:17.612Z appoptics:patching patched @hapi/vision 6.1.0
2022-04-25T18:41:17.616Z appoptics:debug starting runtimeMetrics


  probes.@hapi/hapi 20.0.0 @hapi/vision 6.1.0
    ✓ UDP might lose a message
    ✓ should forward controller/action data from get request (54ms)
    1) should forward controller/action data from post request
    2) should forward controller/action data from put request
    3) should forward controller/action data from delete request
    ✓ should trace render span
    ✓ should skip vision when disabled
    ✓ should allow a custom TransactionName
    ✓ should allow a custom TransactionName with domain prefix
    ✓ should handle an error in the custom name function
    ✓ should handle a falsey return by the custom name function


  8 passing (6s)
  3 failing

  1) probes.@hapi/hapi 20.0.0 @hapi/vision 6.1.0
       should forward controller/action data from post request:
     Error: Timeout of 2000ms exceeded. For async tests and hooks, ensure "done()" is called; if returning a Promise, ensure it resolves. (/__w/appoptics-apm-node/appoptics-apm-node/test/probes/@hapi-hapi.test.js)
      at listOnTimeout (node:internal/timers:559:17)
      at processTimers (node:internal/timers:502:7)

  2) probes.@hapi/hapi 20.0.0 @hapi/vision 6.1.0
       should forward controller/action data from put request:
     Error: Timeout of 2000ms exceeded. For async tests and hooks, ensure "done()" is called; if returning a Promise, ensure it resolves. (/__w/appoptics-apm-node/appoptics-apm-node/test/probes/@hapi-hapi.test.js)
      at listOnTimeout (node:internal/timers:559:17)
      at processTimers (node:internal/timers:502:7)

  3) probes.@hapi/hapi 20.0.0 @hapi/vision 6.1.0
       should forward controller/action data from delete request:
     Error: Timeout of 2000ms exceeded. For async tests and hooks, ensure "done()" is called; if returning a Promise, ensure it resolves. (/__w/appoptics-apm-node/appoptics-apm-node/test/probes/@hapi-hapi.test.js)
      at listOnTimeout (node:internal/timers:559:17)
      at processTimers (node:internal/timers:502:7)




changed 1 package, and audited 927 packages in 5s

86 packages are looking for funding
  run `npm fund` for details

9 vulnerabilities (6 moderate, 3 high)

To address all issues possible (including breaking changes), run:
  npm audit fix --force

Some issues need review, and may require choosing
a different dependency.

Run `npm audit` for details.
2022-04-25T18:41:29.228Z appoptics:debug read config from /__w/appoptics-apm-node/appoptics-apm-node/appoptics-apm-config
2022-04-25T18:41:29.229Z appoptics:debug guc ignoring APPOPTICS_LOG_SETTINGS
2022-04-25T18:41:29.229Z appoptics:debug serviceKey dIOz...wWK0:node-agent-test
2022-04-25T18:41:29.230Z appoptics:debug using context provider: ace-context
2022-04-25T18:41:29.290Z appoptics:debug apm 10.2.2-ao.0, bindings 11.2.0, oboe 10.2.0
2022-04-25T18:41:29.405Z appoptics:patching patched crypto 
2022-04-25T18:41:29.424Z appoptics:patching patched https 
2022-04-25T18:41:29.424Z appoptics:patching patched http 
2022-04-25T18:41:29.460Z appoptics:patching patched zlib 
2022-04-25T18:41:29.612Z appoptics:patching fs.realpath - adding native method
2022-04-25T18:41:29.613Z appoptics:patching patched fs 
2022-04-25T18:41:29.622Z appoptics:patching hapi - v17 not looking for hapi/lib/plugin
2022-04-25T18:41:29.622Z appoptics:patching patched @hapi/hapi 20.0.1
2022-04-25T18:41:29.628Z appoptics:patching patched @hapi/vision 6.1.0
2022-04-25T18:41:29.632Z appoptics:debug starting runtimeMetrics


  probes.@hapi/hapi 20.0.1 @hapi/vision 6.1.0
    ✓ UDP might lose a message
    ✓ should forward controller/action data from get request (48ms)
    1) should forward controller/action data from post request
    2) should forward controller/action data from put request
    3) should forward controller/action data from delete request
    ✓ should trace render span
    ✓ should skip vision when disabled
    ✓ should allow a custom TransactionName
    ✓ should allow a custom TransactionName with domain prefix
    ✓ should handle an error in the custom name function
    ✓ should handle a falsey return by the custom name function


  8 passing (6s)
  3 failing

  1) probes.@hapi/hapi 20.0.1 @hapi/vision 6.1.0
       should forward controller/action data from post request:
     Error: Timeout of 2000ms exceeded. For async tests and hooks, ensure "done()" is called; if returning a Promise, ensure it resolves. (/__w/appoptics-apm-node/appoptics-apm-node/test/probes/@hapi-hapi.test.js)
      at listOnTimeout (node:internal/timers:559:17)
      at processTimers (node:internal/timers:502:7)

  2) probes.@hapi/hapi 20.0.1 @hapi/vision 6.1.0
       should forward controller/action data from put request:
     Error: Timeout of 2000ms exceeded. For async tests and hooks, ensure "done()" is called; if returning a Promise, ensure it resolves. (/__w/appoptics-apm-node/appoptics-apm-node/test/probes/@hapi-hapi.test.js)
      at listOnTimeout (node:internal/timers:559:17)
      at processTimers (node:internal/timers:502:7)

  3) probes.@hapi/hapi 20.0.1 @hapi/vision 6.1.0
       should forward controller/action data from delete request:
     Error: Timeout of 2000ms exceeded. For async tests and hooks, ensure "done()" is called; if returning a Promise, ensure it resolves. (/__w/appoptics-apm-node/appoptics-apm-node/test/probes/@hapi-hapi.test.js)
      at listOnTimeout (node:internal/timers:559:17)
      at processTimers (node:internal/timers:502:7)




changed 1 package, and audited 927 packages in 5s

86 packages are looking for funding
  run `npm fund` for details

9 vulnerabilities (6 moderate, 3 high)

To address all issues possible (including breaking changes), run:
  npm audit fix --force

Some issues need review, and may require choosing
a different dependency.

Run `npm audit` for details.
2022-04-25T18:41:41.371Z appoptics:debug read config from /__w/appoptics-apm-node/appoptics-apm-node/appoptics-apm-config
2022-04-25T18:41:41.372Z appoptics:debug guc ignoring APPOPTICS_LOG_SETTINGS
2022-04-25T18:41:41.372Z appoptics:debug serviceKey dIOz...wWK0:node-agent-test
2022-04-25T18:41:41.373Z appoptics:debug using context provider: ace-context
2022-04-25T18:41:41.433Z appoptics:debug apm 10.2.2-ao.0, bindings 11.2.0, oboe 10.2.0
2022-04-25T18:41:41.558Z appoptics:patching patched crypto 
2022-04-25T18:41:41.574Z appoptics:patching patched https 
2022-04-25T18:41:41.575Z appoptics:patching patched http 
2022-04-25T18:41:41.608Z appoptics:patching patched zlib 
2022-04-25T18:41:41.719Z appoptics:patching fs.realpath - adding native method
2022-04-25T18:41:41.720Z appoptics:patching patched fs 
2022-04-25T18:41:41.729Z appoptics:patching hapi - v17 not looking for hapi/lib/plugin
2022-04-25T18:41:41.729Z appoptics:patching patched @hapi/hapi 20.0.2
2022-04-25T18:41:41.736Z appoptics:patching patched @hapi/vision 6.1.0
2022-04-25T18:41:41.739Z appoptics:debug starting runtimeMetrics


  probes.@hapi/hapi 20.0.2 @hapi/vision 6.1.0
    ✓ UDP might lose a message
    ✓ should forward controller/action data from get request (52ms)
    1) should forward controller/action data from post request
    2) should forward controller/action data from put request
    3) should forward controller/action data from delete request
    ✓ should trace render span
    ✓ should skip vision when disabled
    ✓ should allow a custom TransactionName
    ✓ should allow a custom TransactionName with domain prefix
    ✓ should handle an error in the custom name function
    ✓ should handle a falsey return by the custom name function


  8 passing (6s)
  3 failing

  1) probes.@hapi/hapi 20.0.2 @hapi/vision 6.1.0
       should forward controller/action data from post request:
     Error: Timeout of 2000ms exceeded. For async tests and hooks, ensure "done()" is called; if returning a Promise, ensure it resolves. (/__w/appoptics-apm-node/appoptics-apm-node/test/probes/@hapi-hapi.test.js)
      at listOnTimeout (node:internal/timers:559:17)
      at processTimers (node:internal/timers:502:7)

  2) probes.@hapi/hapi 20.0.2 @hapi/vision 6.1.0
       should forward controller/action data from put request:
     Error: Timeout of 2000ms exceeded. For async tests and hooks, ensure "done()" is called; if returning a Promise, ensure it resolves. (/__w/appoptics-apm-node/appoptics-apm-node/test/probes/@hapi-hapi.test.js)
      at listOnTimeout (node:internal/timers:559:17)
      at processTimers (node:internal/timers:502:7)

  3) probes.@hapi/hapi 20.0.2 @hapi/vision 6.1.0
       should forward controller/action data from delete request:
     Error: Timeout of 2000ms exceeded. For async tests and hooks, ensure "done()" is called; if returning a Promise, ensure it resolves. (/__w/appoptics-apm-node/appoptics-apm-node/test/probes/@hapi-hapi.test.js)
      at listOnTimeout (node:internal/timers:559:17)
      at processTimers (node:internal/timers:502:7)




changed 1 package, and audited 927 packages in 5s

86 packages are looking for funding
  run `npm fund` for details

9 vulnerabilities (6 moderate, 3 high)

To address all issues possible (including breaking changes), run:
  npm audit fix --force

Some issues need review, and may require choosing
a different dependency.

Run `npm audit` for details.
2022-04-25T18:41:53.533Z appoptics:debug read config from /__w/appoptics-apm-node/appoptics-apm-node/appoptics-apm-config
2022-04-25T18:41:53.533Z appoptics:debug guc ignoring APPOPTICS_LOG_SETTINGS
2022-04-25T18:41:53.533Z appoptics:debug serviceKey dIOz...wWK0:node-agent-test
2022-04-25T18:41:53.534Z appoptics:debug using context provider: ace-context
2022-04-25T18:41:53.589Z appoptics:debug apm 10.2.2-ao.0, bindings 11.2.0, oboe 10.2.0
2022-04-25T18:41:53.697Z appoptics:patching patched crypto 
2022-04-25T18:41:53.712Z appoptics:patching patched https 
2022-04-25T18:41:53.713Z appoptics:patching patched http 
2022-04-25T18:41:53.746Z appoptics:patching patched zlib 
2022-04-25T18:41:53.850Z appoptics:patching fs.realpath - adding native method
2022-04-25T18:41:53.851Z appoptics:patching patched fs 
2022-04-25T18:41:53.859Z appoptics:patching hapi - v17 not looking for hapi/lib/plugin
2022-04-25T18:41:53.859Z appoptics:patching patched @hapi/hapi 20.0.3
2022-04-25T18:41:53.865Z appoptics:patching patched @hapi/vision 6.1.0
2022-04-25T18:41:53.868Z appoptics:debug starting runtimeMetrics


  probes.@hapi/hapi 20.0.3 @hapi/vision 6.1.0
    ✓ UDP might lose a message
    ✓ should forward controller/action data from get request (44ms)
    1) should forward controller/action data from post request
    2) should forward controller/action data from put request
    3) should forward controller/action data from delete request
    ✓ should trace render span
    ✓ should skip vision when disabled
    ✓ should allow a custom TransactionName
    ✓ should allow a custom TransactionName with domain prefix
    ✓ should handle an error in the custom name function
    ✓ should handle a falsey return by the custom name function


  8 passing (6s)
  3 failing

  1) probes.@hapi/hapi 20.0.3 @hapi/vision 6.1.0
       should forward controller/action data from post request:
     Error: Timeout of 2000ms exceeded. For async tests and hooks, ensure "done()" is called; if returning a Promise, ensure it resolves. (/__w/appoptics-apm-node/appoptics-apm-node/test/probes/@hapi-hapi.test.js)
      at listOnTimeout (node:internal/timers:559:17)
      at processTimers (node:internal/timers:502:7)

  2) probes.@hapi/hapi 20.0.3 @hapi/vision 6.1.0
       should forward controller/action data from put request:
     Error: Timeout of 2000ms exceeded. For async tests and hooks, ensure "done()" is called; if returning a Promise, ensure it resolves. (/__w/appoptics-apm-node/appoptics-apm-node/test/probes/@hapi-hapi.test.js)
      at listOnTimeout (node:internal/timers:559:17)
      at processTimers (node:internal/timers:502:7)

  3) probes.@hapi/hapi 20.0.3 @hapi/vision 6.1.0
       should forward controller/action data from delete request:
     Error: Timeout of 2000ms exceeded. For async tests and hooks, ensure "done()" is called; if returning a Promise, ensure it resolves. (/__w/appoptics-apm-node/appoptics-apm-node/test/probes/@hapi-hapi.test.js)
      at listOnTimeout (node:internal/timers:559:17)
      at processTimers (node:internal/timers:502:7)




changed 1 package, and audited 927 packages in 5s

86 packages are looking for funding
  run `npm fund` for details

9 vulnerabilities (6 moderate, 3 high)

To address all issues possible (including breaking changes), run:
  npm audit fix --force

Some issues need review, and may require choosing
a different dependency.

Run `npm audit` for details.
2022-04-25T18:42:05.741Z appoptics:debug read config from /__w/appoptics-apm-node/appoptics-apm-node/appoptics-apm-config
2022-04-25T18:42:05.742Z appoptics:debug guc ignoring APPOPTICS_LOG_SETTINGS
2022-04-25T18:42:05.742Z appoptics:debug serviceKey dIOz...wWK0:node-agent-test
2022-04-25T18:42:05.742Z appoptics:debug using context provider: ace-context
2022-04-25T18:42:05.828Z appoptics:debug apm 10.2.2-ao.0, bindings 11.2.0, oboe 10.2.0
2022-04-25T18:42:05.948Z appoptics:patching patched crypto 
2022-04-25T18:42:05.999Z appoptics:patching patched https 
2022-04-25T18:42:05.999Z appoptics:patching patched http 
2022-04-25T18:42:06.024Z appoptics:patching patched zlib 
2022-04-25T18:42:06.141Z appoptics:patching fs.realpath - adding native method
2022-04-25T18:42:06.142Z appoptics:patching patched fs 
2022-04-25T18:42:06.166Z appoptics:patching hapi - v17 not looking for hapi/lib/plugin
2022-04-25T18:42:06.166Z appoptics:patching patched @hapi/hapi 20.1.0
2022-04-25T18:42:06.173Z appoptics:patching patched @hapi/vision 6.1.0
2022-04-25T18:42:06.176Z appoptics:debug starting runtimeMetrics


  probes.@hapi/hapi 20.1.0 @hapi/vision 6.1.0
    ✓ UDP might lose a message
    ✓ should forward controller/action data from get request (47ms)
    1) should forward controller/action data from post request
    2) should forward controller/action data from put request
    3) should forward controller/action data from delete request
    ✓ should trace render span
    ✓ should skip vision when disabled
    ✓ should allow a custom TransactionName
    ✓ should allow a custom TransactionName with domain prefix
    ✓ should handle an error in the custom name function
    ✓ should handle a falsey return by the custom name function


  8 passing (6s)
  3 failing

  1) probes.@hapi/hapi 20.1.0 @hapi/vision 6.1.0
       should forward controller/action data from post request:
     Error: Timeout of 2000ms exceeded. For async tests and hooks, ensure "done()" is called; if returning a Promise, ensure it resolves. (/__w/appoptics-apm-node/appoptics-apm-node/test/probes/@hapi-hapi.test.js)
      at listOnTimeout (node:internal/timers:559:17)
      at processTimers (node:internal/timers:502:7)

  2) probes.@hapi/hapi 20.1.0 @hapi/vision 6.1.0
       should forward controller/action data from put request:
     Error: Timeout of 2000ms exceeded. For async tests and hooks, ensure "done()" is called; if returning a Promise, ensure it resolves. (/__w/appoptics-apm-node/appoptics-apm-node/test/probes/@hapi-hapi.test.js)
      at listOnTimeout (node:internal/timers:559:17)
      at processTimers (node:internal/timers:502:7)

  3) probes.@hapi/hapi 20.1.0 @hapi/vision 6.1.0
       should forward controller/action data from delete request:
     Error: Timeout of 2000ms exceeded. For async tests and hooks, ensure "done()" is called; if returning a Promise, ensure it resolves. (/__w/appoptics-apm-node/appoptics-apm-node/test/probes/@hapi-hapi.test.js)
      at listOnTimeout (node:internal/timers:559:17)
      at processTimers (node:internal/timers:502:7)




changed 1 package, and audited 927 packages in 5s

86 packages are looking for funding
  run `npm fund` for details

9 vulnerabilities (6 moderate, 3 high)

To address all issues possible (including breaking changes), run:
  npm audit fix --force

Some issues need review, and may require choosing
a different dependency.

Run `npm audit` for details.
2022-04-25T18:42:17.796Z appoptics:debug read config from /__w/appoptics-apm-node/appoptics-apm-node/appoptics-apm-config
2022-04-25T18:42:17.796Z appoptics:debug guc ignoring APPOPTICS_LOG_SETTINGS
2022-04-25T18:42:17.796Z appoptics:debug serviceKey dIOz...wWK0:node-agent-test
2022-04-25T18:42:17.797Z appoptics:debug using context provider: ace-context
2022-04-25T18:42:17.872Z appoptics:debug apm 10.2.2-ao.0, bindings 11.2.0, oboe 10.2.0
2022-04-25T18:42:18.010Z appoptics:patching patched crypto 
2022-04-25T18:42:18.050Z appoptics:patching patched https 
2022-04-25T18:42:18.050Z appoptics:patching patched http 
2022-04-25T18:42:18.088Z appoptics:patching patched zlib 
2022-04-25T18:42:18.250Z appoptics:patching fs.realpath - adding native method
2022-04-25T18:42:18.250Z appoptics:patching patched fs 
2022-04-25T18:42:18.260Z appoptics:patching hapi - v17 not looking for hapi/lib/plugin
2022-04-25T18:42:18.260Z appoptics:patching patched @hapi/hapi 20.1.1
2022-04-25T18:42:18.266Z appoptics:patching patched @hapi/vision 6.1.0
2022-04-25T18:42:18.269Z appoptics:debug starting runtimeMetrics


  probes.@hapi/hapi 20.1.1 @hapi/vision 6.1.0
    ✓ UDP might lose a message
    ✓ should forward controller/action data from get request (55ms)
    1) should forward controller/action data from post request
    2) should forward controller/action data from put request
    3) should forward controller/action data from delete request
    ✓ should trace render span
    ✓ should skip vision when disabled
    ✓ should allow a custom TransactionName
    ✓ should allow a custom TransactionName with domain prefix
    ✓ should handle an error in the custom name function
    ✓ should handle a falsey return by the custom name function


  8 passing (6s)
  3 failing

  1) probes.@hapi/hapi 20.1.1 @hapi/vision 6.1.0
       should forward controller/action data from post request:
     Error: Timeout of 2000ms exceeded. For async tests and hooks, ensure "done()" is called; if returning a Promise, ensure it resolves. (/__w/appoptics-apm-node/appoptics-apm-node/test/probes/@hapi-hapi.test.js)
      at listOnTimeout (node:internal/timers:559:17)
      at processTimers (node:internal/timers:502:7)

  2) probes.@hapi/hapi 20.1.1 @hapi/vision 6.1.0
       should forward controller/action data from put request:
     Error: Timeout of 2000ms exceeded. For async tests and hooks, ensure "done()" is called; if returning a Promise, ensure it resolves. (/__w/appoptics-apm-node/appoptics-apm-node/test/probes/@hapi-hapi.test.js)
      at listOnTimeout (node:internal/timers:559:17)
      at processTimers (node:internal/timers:502:7)

  3) probes.@hapi/hapi 20.1.1 @hapi/vision 6.1.0
       should forward controller/action data from delete request:
     Error: Timeout of 2000ms exceeded. For async tests and hooks, ensure "done()" is called; if returning a Promise, ensure it resolves. (/__w/appoptics-apm-node/appoptics-apm-node/test/probes/@hapi-hapi.test.js)
      at listOnTimeout (node:internal/timers:559:17)
      at processTimers (node:internal/timers:502:7)




changed 1 package, and audited 927 packages in 5s

86 packages are looking for funding
  run `npm fund` for details

9 vulnerabilities (6 moderate, 3 high)

To address all issues possible (including breaking changes), run:
  npm audit fix --force

Some issues need review, and may require choosing
a different dependency.

Run `npm audit` for details.
2022-04-25T18:42:29.895Z appoptics:debug read config from /__w/appoptics-apm-node/appoptics-apm-node/appoptics-apm-config
2022-04-25T18:42:29.896Z appoptics:debug guc ignoring APPOPTICS_LOG_SETTINGS
2022-04-25T18:42:29.896Z appoptics:debug serviceKey dIOz...wWK0:node-agent-test
2022-04-25T18:42:29.896Z appoptics:debug using context provider: ace-context
2022-04-25T18:42:29.972Z appoptics:debug apm 10.2.2-ao.0, bindings 11.2.0, oboe 10.2.0
2022-04-25T18:42:30.106Z appoptics:patching patched crypto 
2022-04-25T18:42:30.139Z appoptics:patching patched https 
2022-04-25T18:42:30.139Z appoptics:patching patched http 
2022-04-25T18:42:30.173Z appoptics:patching patched zlib 
2022-04-25T18:42:30.379Z appoptics:patching fs.realpath - adding native method
2022-04-25T18:42:30.379Z appoptics:patching patched fs 
2022-04-25T18:42:30.406Z appoptics:patching hapi - v17 not looking for hapi/lib/plugin
2022-04-25T18:42:30.406Z appoptics:patching patched @hapi/hapi 20.1.2
2022-04-25T18:42:30.417Z appoptics:patching patched @hapi/vision 6.1.0
2022-04-25T18:42:30.423Z appoptics:debug starting runtimeMetrics


  probes.@hapi/hapi 20.1.2 @hapi/vision 6.1.0
    ✓ UDP might lose a message
    ✓ should forward controller/action data from get request (127ms)
    ✓ should forward controller/action data from post request
    ✓ should forward controller/action data from put request
    ✓ should forward controller/action data from delete request
    ✓ should trace render span
    ✓ should skip vision when disabled
    ✓ should allow a custom TransactionName
    ✓ should allow a custom TransactionName with domain prefix
    ✓ should handle an error in the custom name function
    ✓ should handle a falsey return by the custom name function


  11 passing (336ms)


changed 2 packages, and audited 927 packages in 15s

86 packages are looking for funding
  run `npm fund` for details

9 vulnerabilities (6 moderate, 3 high)

To address all issues possible (including breaking changes), run:
  npm audit fix --force

Some issues need review, and may require choosing
a different dependency.

Run `npm audit` for details.
2022-04-25T18:42:45.882Z appoptics:debug read config from /__w/appoptics-apm-node/appoptics-apm-node/appoptics-apm-config
2022-04-25T18:42:45.883Z appoptics:debug guc ignoring APPOPTICS_LOG_SETTINGS
2022-04-25T18:42:45.883Z appoptics:debug serviceKey dIOz...wWK0:node-agent-test
2022-04-25T18:42:45.884Z appoptics:debug using context provider: ace-context
2022-04-25T18:42:45.944Z appoptics:debug apm 10.2.2-ao.0, bindings 11.2.0, oboe 10.2.0
2022-04-25T18:42:46.060Z appoptics:patching patched crypto 
2022-04-25T18:42:46.078Z appoptics:patching patched https 
2022-04-25T18:42:46.078Z appoptics:patching patched http 
2022-04-25T18:42:46.113Z appoptics:patching patched zlib 
2022-04-25T18:42:46.216Z appoptics:patching fs.realpath - adding native method
2022-04-25T18:42:46.216Z appoptics:patching patched fs 
2022-04-25T18:42:46.225Z appoptics:patching hapi - v17 not looking for hapi/lib/plugin
2022-04-25T18:42:46.225Z appoptics:patching patched @hapi/hapi 20.1.3
2022-04-25T18:42:46.237Z appoptics:patching patched @hapi/vision 6.1.0
2022-04-25T18:42:46.241Z appoptics:debug starting runtimeMetrics


  probes.@hapi/hapi 20.1.3 @hapi/vision 6.1.0
    ✓ UDP might lose a message
    ✓ should forward controller/action data from get request (48ms)
    ✓ should forward controller/action data from post request
    ✓ should forward controller/action data from put request
    ✓ should forward controller/action data from delete request
    ✓ should trace render span
    ✓ should skip vision when disabled
    ✓ should allow a custom TransactionName
    ✓ should allow a custom TransactionName with domain prefix
    ✓ should handle an error in the custom name function
    ✓ should handle a falsey return by the custom name function


  11 passing (184ms)


changed 1 package, and audited 927 packages in 5s

86 packages are looking for funding
  run `npm fund` for details

9 vulnerabilities (6 moderate, 3 high)

To address all issues possible (including breaking changes), run:
  npm audit fix --force

Some issues need review, and may require choosing
a different dependency.

Run `npm audit` for details.
2022-04-25T18:42:52.273Z appoptics:debug read config from /__w/appoptics-apm-node/appoptics-apm-node/appoptics-apm-config
2022-04-25T18:42:52.273Z appoptics:debug guc ignoring APPOPTICS_LOG_SETTINGS
2022-04-25T18:42:52.274Z appoptics:debug serviceKey dIOz...wWK0:node-agent-test
2022-04-25T18:42:52.274Z appoptics:debug using context provider: ace-context
2022-04-25T18:42:52.336Z appoptics:debug apm 10.2.2-ao.0, bindings 11.2.0, oboe 10.2.0
2022-04-25T18:42:52.460Z appoptics:patching patched crypto 
2022-04-25T18:42:52.478Z appoptics:patching patched https 
2022-04-25T18:42:52.479Z appoptics:patching patched http 
2022-04-25T18:42:52.514Z appoptics:patching patched zlib 
2022-04-25T18:42:52.616Z appoptics:patching fs.realpath - adding native method
2022-04-25T18:42:52.617Z appoptics:patching patched fs 
2022-04-25T18:42:52.626Z appoptics:patching hapi - v17 not looking for hapi/lib/plugin
2022-04-25T18:42:52.626Z appoptics:patching patched @hapi/hapi 20.1.4
2022-04-25T18:42:52.638Z appoptics:patching patched @hapi/vision 6.1.0
2022-04-25T18:42:52.641Z appoptics:debug starting runtimeMetrics


  probes.@hapi/hapi 20.1.4 @hapi/vision 6.1.0
    ✓ UDP might lose a message
    ✓ should forward controller/action data from get request (50ms)
    ✓ should forward controller/action data from post request
    ✓ should forward controller/action data from put request
    ✓ should forward controller/action data from delete request
    ✓ should trace render span
    ✓ should skip vision when disabled
    ✓ should allow a custom TransactionName
    ✓ should allow a custom TransactionName with domain prefix
    ✓ should handle an error in the custom name function
    ✓ should handle a falsey return by the custom name function


  11 passing (219ms)


changed 1 package, and audited 927 packages in 6s

86 packages are looking for funding
  run `npm fund` for details

9 vulnerabilities (6 moderate, 3 high)

To address all issues possible (including breaking changes), run:
  npm audit fix --force

Some issues need review, and may require choosing
a different dependency.

Run `npm audit` for details.
2022-04-25T18:42:59.244Z appoptics:debug read config from /__w/appoptics-apm-node/appoptics-apm-node/appoptics-apm-config
2022-04-25T18:42:59.244Z appoptics:debug guc ignoring APPOPTICS_LOG_SETTINGS
2022-04-25T18:42:59.244Z appoptics:debug serviceKey dIOz...wWK0:node-agent-test
2022-04-25T18:42:59.245Z appoptics:debug using context provider: ace-context
2022-04-25T18:42:59.306Z appoptics:debug apm 10.2.2-ao.0, bindings 11.2.0, oboe 10.2.0
2022-04-25T18:42:59.424Z appoptics:patching patched crypto 
2022-04-25T18:42:59.449Z appoptics:patching patched https 
2022-04-25T18:42:59.450Z appoptics:patching patched http 
2022-04-25T18:42:59.500Z appoptics:patching patched zlib 
2022-04-25T18:42:59.612Z appoptics:patching fs.realpath - adding native method
2022-04-25T18:42:59.613Z appoptics:patching patched fs 
2022-04-25T18:42:59.622Z appoptics:patching hapi - v17 not looking for hapi/lib/plugin
2022-04-25T18:42:59.622Z appoptics:patching patched @hapi/hapi 20.1.5
2022-04-25T18:42:59.635Z appoptics:patching patched @hapi/vision 6.1.0
2022-04-25T18:42:59.638Z appoptics:debug starting runtimeMetrics


  probes.@hapi/hapi 20.1.5 @hapi/vision 6.1.0
    ✓ UDP might lose a message
    ✓ should forward controller/action data from get request (50ms)
    ✓ should forward controller/action data from post request
    ✓ should forward controller/action data from put request
    ✓ should forward controller/action data from delete request
    ✓ should trace render span
    ✓ should skip vision when disabled
    ✓ should allow a custom TransactionName
    ✓ should allow a custom TransactionName with domain prefix
    ✓ should handle an error in the custom name function
    ✓ should handle a falsey return by the custom name function


  11 passing (184ms)


changed 1 package, and audited 927 packages in 6s

86 packages are looking for funding
  run `npm fund` for details

9 vulnerabilities (6 moderate, 3 high)

To address all issues possible (including breaking changes), run:
  npm audit fix --force

Some issues need review, and may require choosing
a different dependency.

Run `npm audit` for details.
2022-04-25T18:43:06.051Z appoptics:debug read config from /__w/appoptics-apm-node/appoptics-apm-node/appoptics-apm-config
2022-04-25T18:43:06.052Z appoptics:debug guc ignoring APPOPTICS_LOG_SETTINGS
2022-04-25T18:43:06.052Z appoptics:debug serviceKey dIOz...wWK0:node-agent-test
2022-04-25T18:43:06.053Z appoptics:debug using context provider: ace-context
2022-04-25T18:43:06.120Z appoptics:debug apm 10.2.2-ao.0, bindings 11.2.0, oboe 10.2.0
2022-04-25T18:43:06.257Z appoptics:patching patched crypto 
2022-04-25T18:43:06.296Z appoptics:patching patched https 
2022-04-25T18:43:06.297Z appoptics:patching patched http 
2022-04-25T18:43:06.334Z appoptics:patching patched zlib 
2022-04-25T18:43:06.481Z appoptics:patching fs.realpath - adding native method
2022-04-25T18:43:06.481Z appoptics:patching patched fs 
2022-04-25T18:43:06.496Z appoptics:patching hapi - v17 not looking for hapi/lib/plugin
2022-04-25T18:43:06.496Z appoptics:patching patched @hapi/hapi 20.2.0
2022-04-25T18:43:06.504Z appoptics:patching patched @hapi/vision 6.1.0
2022-04-25T18:43:06.508Z appoptics:debug starting runtimeMetrics


  probes.@hapi/hapi 20.2.0 @hapi/vision 6.1.0
    ✓ UDP might lose a message
    ✓ should forward controller/action data from get request (53ms)
    ✓ should forward controller/action data from post request
    ✓ should forward controller/action data from put request
    ✓ should forward controller/action data from delete request
    ✓ should trace render span
    ✓ should skip vision when disabled
    ✓ should allow a custom TransactionName
    ✓ should allow a custom TransactionName with domain prefix
    ✓ should handle an error in the custom name function
    ✓ should handle a falsey return by the custom name function


  11 passing (199ms)


changed 1 package, and audited 927 packages in 5s

86 packages are looking for funding
  run `npm fund` for details

9 vulnerabilities (6 moderate, 3 high)

To address all issues possible (including breaking changes), run:
  npm audit fix --force

Some issues need review, and may require choosing
a different dependency.

Run `npm audit` for details.
2022-04-25T18:43:12.454Z appoptics:debug read config from /__w/appoptics-apm-node/appoptics-apm-node/appoptics-apm-config
2022-04-25T18:43:12.454Z appoptics:debug guc ignoring APPOPTICS_LOG_SETTINGS
2022-04-25T18:43:12.454Z appoptics:debug serviceKey dIOz...wWK0:node-agent-test
2022-04-25T18:43:12.455Z appoptics:debug using context provider: ace-context
2022-04-25T18:43:12.518Z appoptics:debug apm 10.2.2-ao.0, bindings 11.2.0, oboe 10.2.0
2022-04-25T18:43:12.637Z appoptics:patching patched crypto 
2022-04-25T18:43:12.656Z appoptics:patching patched https 
2022-04-25T18:43:12.656Z appoptics:patching patched http 
2022-04-25T18:43:12.692Z appoptics:patching patched zlib 
2022-04-25T18:43:12.794Z appoptics:patching fs.realpath - adding native method
2022-04-25T18:43:12.794Z appoptics:patching patched fs 
2022-04-25T18:43:12.803Z appoptics:patching hapi - v17 not looking for hapi/lib/plugin
2022-04-25T18:43:12.803Z appoptics:patching patched @hapi/hapi 20.2.1
2022-04-25T18:43:12.816Z appoptics:patching patched @hapi/vision 6.1.0
2022-04-25T18:43:12.819Z appoptics:debug starting runtimeMetrics


  probes.@hapi/hapi 20.2.1 @hapi/vision 6.1.0
    ✓ UDP might lose a message
    ✓ should forward controller/action data from get request (50ms)
    ✓ should forward controller/action data from post request
    ✓ should forward controller/action data from put request
    ✓ should forward controller/action data from delete request
    ✓ should trace render span
    ✓ should skip vision when disabled
    ✓ should allow a custom TransactionName
    ✓ should allow a custom TransactionName with domain prefix
    ✓ should handle an error in the custom name function
    ✓ should handle a falsey return by the custom name function


  11 passing (181ms)


changed 1 package, and audited 927 packages in 6s

86 packages are looking for funding
  run `npm fund` for details

9 vulnerabilities (6 moderate, 3 high)

To address all issues possible (including breaking changes), run:
  npm audit fix --force

Some issues need review, and may require choosing
a different dependency.

Run `npm audit` for details.
2022-04-25T18:43:19.035Z appoptics:debug read config from /__w/appoptics-apm-node/appoptics-apm-node/appoptics-apm-config
2022-04-25T18:43:19.036Z appoptics:debug guc ignoring APPOPTICS_LOG_SETTINGS
2022-04-25T18:43:19.036Z appoptics:debug serviceKey dIOz...wWK0:node-agent-test
2022-04-25T18:43:19.036Z appoptics:debug using context provider: ace-context
2022-04-25T18:43:19.109Z appoptics:debug apm 10.2.2-ao.0, bindings 11.2.0, oboe 10.2.0
2022-04-25T18:43:19.263Z appoptics:patching patched crypto 
2022-04-25T18:43:19.306Z appoptics:patching patched https 
2022-04-25T18:43:19.306Z appoptics:patching patched http 
2022-04-25T18:43:19.347Z appoptics:patching patched zlib 
2022-04-25T18:43:19.597Z appoptics:patching fs.realpath - adding native method
2022-04-25T18:43:19.598Z appoptics:patching patched fs 
2022-04-25T18:43:19.639Z appoptics:patching hapi - v17 not looking for hapi/lib/plugin
2022-04-25T18:43:19.639Z appoptics:patching patched @hapi/hapi 20.2.2
2022-04-25T18:43:19.660Z appoptics:patching patched @hapi/vision 6.1.0
2022-04-25T18:43:19.664Z appoptics:debug starting runtimeMetrics


  probes.@hapi/hapi 20.2.2 @hapi/vision 6.1.0
    ✓ UDP might lose a message
    ✓ should forward controller/action data from get request (69ms)
    ✓ should forward controller/action data from post request
    ✓ should forward controller/action data from put request
    ✓ should forward controller/action data from delete request
    ✓ should trace render span
    ✓ should skip vision when disabled
    ✓ should allow a custom TransactionName
    ✓ should allow a custom TransactionName with domain prefix
    ✓ should handle an error in the custom name function
    ✓ should handle a falsey return by the custom name function


  11 passing (223ms)


up to date, audited 927 packages in 5s

86 packages are looking for funding
  run `npm fund` for details

9 vulnerabilities (6 moderate, 3 high)

To address all issues possible (including breaking changes), run:
  npm audit fix --force

Some issues need review, and may require choosing
a different dependency.

Run `npm audit` for details.
