npm WARN deprecated @hapi/pinpoint@1.0.2: Moved to 'npm install @sideway/pinpoint'
npm WARN deprecated @hapi/nigel@3.1.1: This version has been deprecated and is no longer supported or maintained
npm WARN deprecated @hapi/topo@3.1.6: This version has been deprecated and is no longer supported or maintained
npm WARN deprecated @hapi/teamwork@3.3.1: This version has been deprecated and is no longer supported or maintained
npm WARN deprecated @hapi/vise@3.1.1: This version has been deprecated and is no longer supported or maintained
npm WARN deprecated @hapi/podium@3.4.3: This version has been deprecated and is no longer supported or maintained
npm WARN deprecated @hapi/pez@4.1.2: This version has been deprecated and is no longer supported or maintained
npm WARN deprecated @hapi/somever@2.1.1: This version has been deprecated and is no longer supported or maintained
npm WARN deprecated @hapi/iron@5.1.4: This version has been deprecated and is no longer supported or maintained
npm WARN deprecated @hapi/cryptiles@4.2.1: This version has been deprecated and is no longer supported or maintained
npm WARN deprecated @hapi/shot@4.1.2: This version has been deprecated and is no longer supported or maintained
npm WARN deprecated @hapi/formula@1.2.0: Moved to 'npm install @sideway/formula'
npm WARN deprecated @hapi/file@1.0.0: This version has been deprecated and is no longer supported or maintained
npm WARN deprecated @hapi/bourne@1.3.2: This version has been deprecated and is no longer supported or maintained
npm WARN deprecated @hapi/bounce@1.3.2: This version has been deprecated and is no longer supported or maintained
npm WARN deprecated @hapi/boom@7.4.11: This version has been deprecated and is no longer supported or maintained
npm WARN deprecated @hapi/call@5.1.3: This version has been deprecated and is no longer supported or maintained
npm WARN deprecated @hapi/ammo@3.1.2: This version has been deprecated and is no longer supported or maintained
npm WARN deprecated @hapi/b64@4.2.1: This version has been deprecated and is no longer supported or maintained
npm WARN deprecated @hapi/address@2.1.4: Moved to 'npm install @sideway/address'
npm WARN deprecated @hapi/accept@3.2.4: This version has been deprecated and is no longer supported or maintained
npm WARN deprecated @hapi/mimos@4.1.1: This version has been deprecated and is no longer supported or maintained
npm WARN deprecated @hapi/subtext@6.1.3: This version has been deprecated and is no longer supported or maintained
npm WARN deprecated @hapi/heavy@6.2.2: This version has been deprecated and is no longer supported or maintained
npm WARN deprecated @hapi/statehood@6.1.2: This version has been deprecated and is no longer supported or maintained
npm WARN deprecated @hapi/hoek@8.5.1: This version has been deprecated and is no longer supported or maintained
npm WARN deprecated @hapi/catbox-memory@3.2.0: This version has been deprecated and is no longer supported or maintained
npm WARN deprecated @hapi/content@4.1.1: This version has been deprecated and is no longer supported or maintained
npm WARN deprecated @hapi/hoek@8.5.1: This version has been deprecated and is no longer supported or maintained
npm WARN deprecated @hapi/hoek@8.5.1: This version has been deprecated and is no longer supported or maintained
npm WARN deprecated @hapi/hoek@8.5.1: This version has been deprecated and is no longer supported or maintained
npm WARN deprecated @hapi/hoek@8.5.1: This version has been deprecated and is no longer supported or maintained
npm WARN deprecated @hapi/hoek@8.5.1: This version has been deprecated and is no longer supported or maintained
npm WARN deprecated @hapi/hoek@8.5.1: This version has been deprecated and is no longer supported or maintained
npm WARN deprecated @hapi/hoek@6.2.4: This version has been deprecated in accordance with the hapi support policy (hapi.im/support). Please upgrade to the latest version to get the best features, bug fixes, and security patches. If you are unable to upgrade at this time, paid support is available for older versions (hapi.im/commercial).
npm WARN deprecated @hapi/hoek@8.5.1: This version has been deprecated and is no longer supported or maintained
npm WARN deprecated @hapi/hoek@8.5.1: This version has been deprecated and is no longer supported or maintained
npm WARN deprecated @hapi/hoek@8.5.1: This version has been deprecated and is no longer supported or maintained
npm WARN deprecated @hapi/hoek@8.5.1: This version has been deprecated and is no longer supported or maintained
npm WARN deprecated @hapi/hoek@8.5.1: This version has been deprecated and is no longer supported or maintained
npm WARN deprecated @hapi/hoek@8.5.1: This version has been deprecated and is no longer supported or maintained
npm WARN deprecated @hapi/hoek@8.5.1: This version has been deprecated and is no longer supported or maintained
npm WARN deprecated @hapi/wreck@15.1.0: This version has been deprecated and is no longer supported or maintained
npm WARN deprecated @hapi/catbox@10.2.3: This version has been deprecated and is no longer supported or maintained
npm WARN deprecated @hapi/hoek@8.5.1: This version has been deprecated and is no longer supported or maintained
npm WARN deprecated @hapi/hoek@8.5.1: This version has been deprecated and is no longer supported or maintained
npm WARN deprecated @hapi/hoek@8.5.1: This version has been deprecated and is no longer supported or maintained
npm WARN deprecated @hapi/hoek@8.5.1: This version has been deprecated and is no longer supported or maintained
npm WARN deprecated @hapi/hoek@8.5.1: This version has been deprecated and is no longer supported or maintained
npm WARN deprecated @hapi/hoek@8.5.1: This version has been deprecated and is no longer supported or maintained
npm WARN deprecated @hapi/hoek@8.5.1: This version has been deprecated and is no longer supported or maintained
npm WARN deprecated @hapi/joi@15.1.1: Switch to 'npm install joi'
npm WARN deprecated @hapi/hapi@17.9.0: This version has been deprecated in accordance with the hapi support policy (hapi.im/support). Please upgrade to the latest version to get the best features, bug fixes, and security patches. If you are unable to upgrade at this time, paid support is available for older versions (hapi.im/commercial).
npm WARN deprecated @hapi/joi@16.1.8: Switch to 'npm install joi'
npm WARN deprecated @hapi/joi@16.1.8: Switch to 'npm install joi'
npm WARN deprecated @hapi/joi@16.1.8: Switch to 'npm install joi'
npm WARN deprecated @hapi/joi@16.1.8: Switch to 'npm install joi'
npm WARN deprecated @hapi/joi@16.1.8: Switch to 'npm install joi'

added 36 packages, changed 28 packages, and audited 949 packages in 12s

83 packages are looking for funding
  run `npm fund` for details

13 vulnerabilities (9 moderate, 4 high)

To address issues that do not require attention, run:
  npm audit fix

To address all issues possible (including breaking changes), run:
  npm audit fix --force

Some issues need review, and may require choosing
a different dependency.

Run `npm audit` for details.

up to date, audited 949 packages in 9s

83 packages are looking for funding
  run `npm fund` for details

13 vulnerabilities (9 moderate, 4 high)

To address issues that do not require attention, run:
  npm audit fix

To address all issues possible (including breaking changes), run:
  npm audit fix --force

Some issues need review, and may require choosing
a different dependency.

Run `npm audit` for details.
2022-02-23T04:39:34.637Z appoptics:debug read config from /__w/appoptics-apm-node/appoptics-apm-node/appoptics-apm-config
2022-02-23T04:39:34.638Z appoptics:debug guc ignoring APPOPTICS_LOG_SETTINGS
2022-02-23T04:39:34.638Z appoptics:debug serviceKey dIOz...wWK0:ao-node-test
2022-02-23T04:39:34.639Z appoptics:debug using context provider: ace-context
2022-02-23T04:39:34.727Z appoptics:debug apm 10.2.1, bindings 11.2.0, oboe 10.2.0
2022-02-23T04:39:35.038Z appoptics:patching patched crypto 
2022-02-23T04:39:35.070Z appoptics:patching patched https 
2022-02-23T04:39:35.071Z appoptics:patching patched http 
2022-02-23T04:39:35.122Z appoptics:patching patched zlib 
2022-02-23T04:39:35.683Z appoptics:patching fs.realpath - adding native method
2022-02-23T04:39:35.684Z appoptics:patching patched fs 
2022-02-23T04:39:35.750Z appoptics:patching hapi - v17 not looking for hapi/lib/plugin
2022-02-23T04:39:35.750Z appoptics:patching patched @hapi/hapi 17.9.0
2022-02-23T04:39:35.822Z appoptics:patching patched @hapi/vision 6.1.0
2022-02-23T04:39:35.828Z appoptics:debug starting runtimeMetrics


  probes.@hapi/hapi 17.9.0 @hapi/vision 6.1.0
    ✓ UDP might lose a message
    1) should forward controller/action data from get request
    2) should forward controller/action data from post request
    3) should forward controller/action data from put request
    4) should forward controller/action data from delete request
    5) should trace render span
    6) should skip vision when disabled
    7) should allow a custom TransactionName
    8) should allow a custom TransactionName with domain prefix
    9) should handle an error in the custom name function
    10) should handle a falsey return by the custom name function


  1 passing (112ms)
  10 failing

  1) probes.@hapi/hapi 17.9.0 @hapi/vision 6.1.0
       should forward controller/action data from get request:

      AssertionError [ERR_ASSERTION]: Plugin @hapi/vision requires hapi version >=18.4.0 but found 17.9.0
      + expected - actual

      -false
      +true
      
      at internals.Server.register (node_modules/@hapi/hapi/lib/server.js:419:22)
      at makeServer (test/probes/hapi/hapi-17-and-above.js:135:22)
      at Context.<anonymous> (test/probes/hapi/hapi-17-and-above.js:162:28)
      at processImmediate (node:internal/timers:466:21)
      at process.callbackTrampoline (node:internal/async_hooks:130:17)

  2) probes.@hapi/hapi 17.9.0 @hapi/vision 6.1.0
       should forward controller/action data from post request:

      AssertionError [ERR_ASSERTION]: Plugin @hapi/vision requires hapi version >=18.4.0 but found 17.9.0
      + expected - actual

      -false
      +true
      
      at internals.Server.register (node_modules/@hapi/hapi/lib/server.js:419:22)
      at makeServer (test/probes/hapi/hapi-17-and-above.js:135:22)
      at Context.<anonymous> (test/probes/hapi/hapi-17-and-above.js:162:28)
      at processImmediate (node:internal/timers:466:21)
      at process.callbackTrampoline (node:internal/async_hooks:130:17)

  3) probes.@hapi/hapi 17.9.0 @hapi/vision 6.1.0
       should forward controller/action data from put request:

      AssertionError [ERR_ASSERTION]: Plugin @hapi/vision requires hapi version >=18.4.0 but found 17.9.0
      + expected - actual

      -false
      +true
      
      at internals.Server.register (node_modules/@hapi/hapi/lib/server.js:419:22)
      at makeServer (test/probes/hapi/hapi-17-and-above.js:135:22)
      at Context.<anonymous> (test/probes/hapi/hapi-17-and-above.js:162:28)
      at processImmediate (node:internal/timers:466:21)
      at process.callbackTrampoline (node:internal/async_hooks:130:17)

  4) probes.@hapi/hapi 17.9.0 @hapi/vision 6.1.0
       should forward controller/action data from delete request:

      AssertionError [ERR_ASSERTION]: Plugin @hapi/vision requires hapi version >=18.4.0 but found 17.9.0
      + expected - actual

      -false
      +true
      
      at internals.Server.register (node_modules/@hapi/hapi/lib/server.js:419:22)
      at makeServer (test/probes/hapi/hapi-17-and-above.js:135:22)
      at Context.<anonymous> (test/probes/hapi/hapi-17-and-above.js:162:28)
      at processImmediate (node:internal/timers:466:21)
      at process.callbackTrampoline (node:internal/async_hooks:130:17)

  5) probes.@hapi/hapi 17.9.0 @hapi/vision 6.1.0
       should trace render span:

      AssertionError [ERR_ASSERTION]: Plugin @hapi/vision requires hapi version >=18.4.0 but found 17.9.0
      + expected - actual

      -false
      +true
      
      at internals.Server.register (node_modules/@hapi/hapi/lib/server.js:419:22)
      at makeServer (test/probes/hapi/hapi-17-and-above.js:135:22)
      at makeViewServer (test/probes/hapi/hapi-17-and-above.js:154:12)
      at Context.renderTest (test/probes/hapi/hapi-17-and-above.js:217:26)
      at processImmediate (node:internal/timers:466:21)
      at process.callbackTrampoline (node:internal/async_hooks:130:17)

  6) probes.@hapi/hapi 17.9.0 @hapi/vision 6.1.0
       should skip vision when disabled:

      AssertionError [ERR_ASSERTION]: Plugin @hapi/vision requires hapi version >=18.4.0 but found 17.9.0
      + expected - actual

      -false
      +true
      
      at internals.Server.register (node_modules/@hapi/hapi/lib/server.js:419:22)
      at makeServer (test/probes/hapi/hapi-17-and-above.js:135:22)
      at makeViewServer (test/probes/hapi/hapi-17-and-above.js:154:12)
      at Context.disabledTest (test/probes/hapi/hapi-17-and-above.js:265:26)
      at processImmediate (node:internal/timers:466:21)
      at process.callbackTrampoline (node:internal/async_hooks:130:17)

  7) probes.@hapi/hapi 17.9.0 @hapi/vision 6.1.0
       should allow a custom TransactionName:

      AssertionError [ERR_ASSERTION]: Plugin @hapi/vision requires hapi version >=18.4.0 but found 17.9.0
      + expected - actual

      -false
      +true
      
      at internals.Server.register (node_modules/@hapi/hapi/lib/server.js:419:22)
      at makeServer (test/probes/hapi/hapi-17-and-above.js:135:22)
      at /__w/appoptics-apm-node/appoptics-apm-node/test/probes/hapi/hapi-17-and-above.js:387:67
      at Context.<anonymous> (test/probes/hapi/hapi-17-and-above.js:337:12)
      at processImmediate (node:internal/timers:466:21)
      at process.callbackTrampoline (node:internal/async_hooks:130:17)

  8) probes.@hapi/hapi 17.9.0 @hapi/vision 6.1.0
       should allow a custom TransactionName with domain prefix:

      AssertionError [ERR_ASSERTION]: Plugin @hapi/vision requires hapi version >=18.4.0 but found 17.9.0
      + expected - actual

      -false
      +true
      
      at internals.Server.register (node_modules/@hapi/hapi/lib/server.js:419:22)
      at makeServer (test/probes/hapi/hapi-17-and-above.js:135:22)
      at /__w/appoptics-apm-node/appoptics-apm-node/test/probes/hapi/hapi-17-and-above.js:387:67
      at Context.<anonymous> (test/probes/hapi/hapi-17-and-above.js:350:44)
      at processImmediate (node:internal/timers:466:21)
      at process.callbackTrampoline (node:internal/async_hooks:130:17)

  9) probes.@hapi/hapi 17.9.0 @hapi/vision 6.1.0
       should handle an error in the custom name function:

      AssertionError [ERR_ASSERTION]: Plugin @hapi/vision requires hapi version >=18.4.0 but found 17.9.0
      + expected - actual

      -false
      +true
      
      at internals.Server.register (node_modules/@hapi/hapi/lib/server.js:419:22)
      at makeServer (test/probes/hapi/hapi-17-and-above.js:135:22)
      at /__w/appoptics-apm-node/appoptics-apm-node/test/probes/hapi/hapi-17-and-above.js:387:67
      at Context.<anonymous> (test/probes/hapi/hapi-17-and-above.js:367:45)
      at processImmediate (node:internal/timers:466:21)
      at process.callbackTrampoline (node:internal/async_hooks:130:17)

  10) probes.@hapi/hapi 17.9.0 @hapi/vision 6.1.0
       should handle a falsey return by the custom name function:

      AssertionError [ERR_ASSERTION]: Plugin @hapi/vision requires hapi version >=18.4.0 but found 17.9.0
      + expected - actual

      -false
      +true
      
      at internals.Server.register (node_modules/@hapi/hapi/lib/server.js:419:22)
      at makeServer (test/probes/hapi/hapi-17-and-above.js:135:22)
      at /__w/appoptics-apm-node/appoptics-apm-node/test/probes/hapi/hapi-17-and-above.js:387:67
      at Context.<anonymous> (test/probes/hapi/hapi-17-and-above.js:374:45)
      at processImmediate (node:internal/timers:466:21)
      at process.callbackTrampoline (node:internal/async_hooks:130:17)



npm WARN deprecated @hapi/hoek@8.5.1: This version has been deprecated and is no longer supported or maintained
npm WARN deprecated @hapi/catbox-memory@4.1.1: This version has been deprecated and is no longer supported or maintained
npm WARN deprecated @hapi/hapi@18.2.0: This version contains severe security issues and defects and should not be used! Please upgrade to the latest version of @hapi/hapi or consider a commercial license (https://github.com/hapijs/hapi/issues/4114)

added 1 package, removed 1 package, changed 2 packages, and audited 949 packages in 9s

83 packages are looking for funding
  run `npm fund` for details

13 vulnerabilities (9 moderate, 4 high)

To address issues that do not require attention, run:
  npm audit fix

To address all issues possible (including breaking changes), run:
  npm audit fix --force

Some issues need review, and may require choosing
a different dependency.

Run `npm audit` for details.
2022-02-23T04:39:45.747Z appoptics:debug read config from /__w/appoptics-apm-node/appoptics-apm-node/appoptics-apm-config
2022-02-23T04:39:45.748Z appoptics:debug guc ignoring APPOPTICS_LOG_SETTINGS
2022-02-23T04:39:45.748Z appoptics:debug serviceKey dIOz...wWK0:ao-node-test
2022-02-23T04:39:45.749Z appoptics:debug using context provider: ace-context
2022-02-23T04:39:45.830Z appoptics:debug apm 10.2.1, bindings 11.2.0, oboe 10.2.0
2022-02-23T04:39:46.030Z appoptics:patching patched crypto 
2022-02-23T04:39:46.064Z appoptics:patching patched https 
2022-02-23T04:39:46.064Z appoptics:patching patched http 
2022-02-23T04:39:46.109Z appoptics:patching patched zlib 
2022-02-23T04:39:46.691Z appoptics:patching fs.realpath - adding native method
2022-02-23T04:39:46.692Z appoptics:patching patched fs 
2022-02-23T04:39:46.754Z appoptics:patching hapi - v17 not looking for hapi/lib/plugin
2022-02-23T04:39:46.754Z appoptics:patching patched @hapi/hapi 18.2.0
2022-02-23T04:39:46.839Z appoptics:patching patched @hapi/vision 6.1.0
2022-02-23T04:39:46.844Z appoptics:debug starting runtimeMetrics


  probes.@hapi/hapi 18.2.0 @hapi/vision 6.1.0
    ✓ UDP might lose a message
    1) should forward controller/action data from get request
    2) should forward controller/action data from post request
    3) should forward controller/action data from put request
    4) should forward controller/action data from delete request
    5) should trace render span
    6) should skip vision when disabled
    7) should allow a custom TransactionName
    8) should allow a custom TransactionName with domain prefix
    9) should handle an error in the custom name function
    10) should handle a falsey return by the custom name function


  1 passing (122ms)
  10 failing

  1) probes.@hapi/hapi 18.2.0 @hapi/vision 6.1.0
       should forward controller/action data from get request:

      AssertionError [ERR_ASSERTION]: Plugin @hapi/vision requires hapi version >=18.4.0 but found 18.2.0
      + expected - actual

      -false
      +true
      
      at internals.Server.register (node_modules/@hapi/hapi/lib/server.js:425:22)
      at makeServer (test/probes/hapi/hapi-17-and-above.js:135:22)
      at Context.<anonymous> (test/probes/hapi/hapi-17-and-above.js:162:28)
      at processImmediate (node:internal/timers:466:21)
      at process.callbackTrampoline (node:internal/async_hooks:130:17)

  2) probes.@hapi/hapi 18.2.0 @hapi/vision 6.1.0
       should forward controller/action data from post request:

      AssertionError [ERR_ASSERTION]: Plugin @hapi/vision requires hapi version >=18.4.0 but found 18.2.0
      + expected - actual

      -false
      +true
      
      at internals.Server.register (node_modules/@hapi/hapi/lib/server.js:425:22)
      at makeServer (test/probes/hapi/hapi-17-and-above.js:135:22)
      at Context.<anonymous> (test/probes/hapi/hapi-17-and-above.js:162:28)
      at processImmediate (node:internal/timers:466:21)
      at process.callbackTrampoline (node:internal/async_hooks:130:17)

  3) probes.@hapi/hapi 18.2.0 @hapi/vision 6.1.0
       should forward controller/action data from put request:

      AssertionError [ERR_ASSERTION]: Plugin @hapi/vision requires hapi version >=18.4.0 but found 18.2.0
      + expected - actual

      -false
      +true
      
      at internals.Server.register (node_modules/@hapi/hapi/lib/server.js:425:22)
      at makeServer (test/probes/hapi/hapi-17-and-above.js:135:22)
      at Context.<anonymous> (test/probes/hapi/hapi-17-and-above.js:162:28)
      at processImmediate (node:internal/timers:466:21)
      at process.callbackTrampoline (node:internal/async_hooks:130:17)

  4) probes.@hapi/hapi 18.2.0 @hapi/vision 6.1.0
       should forward controller/action data from delete request:

      AssertionError [ERR_ASSERTION]: Plugin @hapi/vision requires hapi version >=18.4.0 but found 18.2.0
      + expected - actual

      -false
      +true
      
      at internals.Server.register (node_modules/@hapi/hapi/lib/server.js:425:22)
      at makeServer (test/probes/hapi/hapi-17-and-above.js:135:22)
      at Context.<anonymous> (test/probes/hapi/hapi-17-and-above.js:162:28)
      at processImmediate (node:internal/timers:466:21)
      at process.callbackTrampoline (node:internal/async_hooks:130:17)

  5) probes.@hapi/hapi 18.2.0 @hapi/vision 6.1.0
       should trace render span:

      AssertionError [ERR_ASSERTION]: Plugin @hapi/vision requires hapi version >=18.4.0 but found 18.2.0
      + expected - actual

      -false
      +true
      
      at internals.Server.register (node_modules/@hapi/hapi/lib/server.js:425:22)
      at makeServer (test/probes/hapi/hapi-17-and-above.js:135:22)
      at makeViewServer (test/probes/hapi/hapi-17-and-above.js:154:12)
      at Context.renderTest (test/probes/hapi/hapi-17-and-above.js:217:26)
      at processImmediate (node:internal/timers:466:21)
      at process.callbackTrampoline (node:internal/async_hooks:130:17)

  6) probes.@hapi/hapi 18.2.0 @hapi/vision 6.1.0
       should skip vision when disabled:

      AssertionError [ERR_ASSERTION]: Plugin @hapi/vision requires hapi version >=18.4.0 but found 18.2.0
      + expected - actual

      -false
      +true
      
      at internals.Server.register (node_modules/@hapi/hapi/lib/server.js:425:22)
      at makeServer (test/probes/hapi/hapi-17-and-above.js:135:22)
      at makeViewServer (test/probes/hapi/hapi-17-and-above.js:154:12)
      at Context.disabledTest (test/probes/hapi/hapi-17-and-above.js:265:26)
      at processImmediate (node:internal/timers:466:21)
      at process.callbackTrampoline (node:internal/async_hooks:130:17)

  7) probes.@hapi/hapi 18.2.0 @hapi/vision 6.1.0
       should allow a custom TransactionName:

      AssertionError [ERR_ASSERTION]: Plugin @hapi/vision requires hapi version >=18.4.0 but found 18.2.0
      + expected - actual

      -false
      +true
      
      at internals.Server.register (node_modules/@hapi/hapi/lib/server.js:425:22)
      at makeServer (test/probes/hapi/hapi-17-and-above.js:135:22)
      at /__w/appoptics-apm-node/appoptics-apm-node/test/probes/hapi/hapi-17-and-above.js:387:67
      at Context.<anonymous> (test/probes/hapi/hapi-17-and-above.js:337:12)
      at processImmediate (node:internal/timers:466:21)
      at process.callbackTrampoline (node:internal/async_hooks:130:17)

  8) probes.@hapi/hapi 18.2.0 @hapi/vision 6.1.0
       should allow a custom TransactionName with domain prefix:

      AssertionError [ERR_ASSERTION]: Plugin @hapi/vision requires hapi version >=18.4.0 but found 18.2.0
      + expected - actual

      -false
      +true
      
      at internals.Server.register (node_modules/@hapi/hapi/lib/server.js:425:22)
      at makeServer (test/probes/hapi/hapi-17-and-above.js:135:22)
      at /__w/appoptics-apm-node/appoptics-apm-node/test/probes/hapi/hapi-17-and-above.js:387:67
      at Context.<anonymous> (test/probes/hapi/hapi-17-and-above.js:350:44)
      at processImmediate (node:internal/timers:466:21)
      at process.callbackTrampoline (node:internal/async_hooks:130:17)

  9) probes.@hapi/hapi 18.2.0 @hapi/vision 6.1.0
       should handle an error in the custom name function:

      AssertionError [ERR_ASSERTION]: Plugin @hapi/vision requires hapi version >=18.4.0 but found 18.2.0
      + expected - actual

      -false
      +true
      
      at internals.Server.register (node_modules/@hapi/hapi/lib/server.js:425:22)
      at makeServer (test/probes/hapi/hapi-17-and-above.js:135:22)
      at /__w/appoptics-apm-node/appoptics-apm-node/test/probes/hapi/hapi-17-and-above.js:387:67
      at Context.<anonymous> (test/probes/hapi/hapi-17-and-above.js:367:45)
      at processImmediate (node:internal/timers:466:21)
      at process.callbackTrampoline (node:internal/async_hooks:130:17)

  10) probes.@hapi/hapi 18.2.0 @hapi/vision 6.1.0
       should handle a falsey return by the custom name function:

      AssertionError [ERR_ASSERTION]: Plugin @hapi/vision requires hapi version >=18.4.0 but found 18.2.0
      + expected - actual

      -false
      +true
      
      at internals.Server.register (node_modules/@hapi/hapi/lib/server.js:425:22)
      at makeServer (test/probes/hapi/hapi-17-and-above.js:135:22)
      at /__w/appoptics-apm-node/appoptics-apm-node/test/probes/hapi/hapi-17-and-above.js:387:67
      at Context.<anonymous> (test/probes/hapi/hapi-17-and-above.js:374:45)
      at processImmediate (node:internal/timers:466:21)
      at process.callbackTrampoline (node:internal/async_hooks:130:17)



npm WARN deprecated @hapi/hapi@18.3.0: This version contains severe security issues and defects and should not be used! Please upgrade to the latest version of @hapi/hapi or consider a commercial license (https://github.com/hapijs/hapi/issues/4114)

changed 1 package, and audited 949 packages in 8s

83 packages are looking for funding
  run `npm fund` for details

13 vulnerabilities (9 moderate, 4 high)

To address issues that do not require attention, run:
  npm audit fix

To address all issues possible (including breaking changes), run:
  npm audit fix --force

Some issues need review, and may require choosing
a different dependency.

Run `npm audit` for details.
2022-02-23T04:39:55.861Z appoptics:debug read config from /__w/appoptics-apm-node/appoptics-apm-node/appoptics-apm-config
2022-02-23T04:39:55.862Z appoptics:debug guc ignoring APPOPTICS_LOG_SETTINGS
2022-02-23T04:39:55.862Z appoptics:debug serviceKey dIOz...wWK0:ao-node-test
2022-02-23T04:39:55.863Z appoptics:debug using context provider: ace-context
2022-02-23T04:39:55.963Z appoptics:debug apm 10.2.1, bindings 11.2.0, oboe 10.2.0
2022-02-23T04:39:56.186Z appoptics:patching patched crypto 
2022-02-23T04:39:56.221Z appoptics:patching patched https 
2022-02-23T04:39:56.221Z appoptics:patching patched http 
2022-02-23T04:39:56.289Z appoptics:patching patched zlib 
2022-02-23T04:39:57.047Z appoptics:patching fs.realpath - adding native method
2022-02-23T04:39:57.047Z appoptics:patching patched fs 
2022-02-23T04:39:57.112Z appoptics:patching hapi - v17 not looking for hapi/lib/plugin
2022-02-23T04:39:57.112Z appoptics:patching patched @hapi/hapi 18.3.0
2022-02-23T04:39:57.202Z appoptics:patching patched @hapi/vision 6.1.0
2022-02-23T04:39:57.214Z appoptics:debug starting runtimeMetrics


  probes.@hapi/hapi 18.3.0 @hapi/vision 6.1.0
    ✓ UDP might lose a message
    1) should forward controller/action data from get request
    2) should forward controller/action data from post request
    3) should forward controller/action data from put request
    4) should forward controller/action data from delete request
    5) should trace render span
    6) should skip vision when disabled
    7) should allow a custom TransactionName
    8) should allow a custom TransactionName with domain prefix
    9) should handle an error in the custom name function
    10) should handle a falsey return by the custom name function


  1 passing (181ms)
  10 failing

  1) probes.@hapi/hapi 18.3.0 @hapi/vision 6.1.0
       should forward controller/action data from get request:

      AssertionError [ERR_ASSERTION]: Plugin @hapi/vision requires hapi version >=18.4.0 but found 18.3.0
      + expected - actual

      -false
      +true
      
      at internals.Server.register (node_modules/@hapi/hapi/lib/server.js:425:22)
      at makeServer (test/probes/hapi/hapi-17-and-above.js:135:22)
      at Context.<anonymous> (test/probes/hapi/hapi-17-and-above.js:162:28)
      at processImmediate (node:internal/timers:466:21)
      at process.callbackTrampoline (node:internal/async_hooks:130:17)

  2) probes.@hapi/hapi 18.3.0 @hapi/vision 6.1.0
       should forward controller/action data from post request:

      AssertionError [ERR_ASSERTION]: Plugin @hapi/vision requires hapi version >=18.4.0 but found 18.3.0
      + expected - actual

      -false
      +true
      
      at internals.Server.register (node_modules/@hapi/hapi/lib/server.js:425:22)
      at makeServer (test/probes/hapi/hapi-17-and-above.js:135:22)
      at Context.<anonymous> (test/probes/hapi/hapi-17-and-above.js:162:28)
      at processImmediate (node:internal/timers:466:21)
      at process.callbackTrampoline (node:internal/async_hooks:130:17)

  3) probes.@hapi/hapi 18.3.0 @hapi/vision 6.1.0
       should forward controller/action data from put request:

      AssertionError [ERR_ASSERTION]: Plugin @hapi/vision requires hapi version >=18.4.0 but found 18.3.0
      + expected - actual

      -false
      +true
      
      at internals.Server.register (node_modules/@hapi/hapi/lib/server.js:425:22)
      at makeServer (test/probes/hapi/hapi-17-and-above.js:135:22)
      at Context.<anonymous> (test/probes/hapi/hapi-17-and-above.js:162:28)
      at processImmediate (node:internal/timers:466:21)
      at process.callbackTrampoline (node:internal/async_hooks:130:17)

  4) probes.@hapi/hapi 18.3.0 @hapi/vision 6.1.0
       should forward controller/action data from delete request:

      AssertionError [ERR_ASSERTION]: Plugin @hapi/vision requires hapi version >=18.4.0 but found 18.3.0
      + expected - actual

      -false
      +true
      
      at internals.Server.register (node_modules/@hapi/hapi/lib/server.js:425:22)
      at makeServer (test/probes/hapi/hapi-17-and-above.js:135:22)
      at Context.<anonymous> (test/probes/hapi/hapi-17-and-above.js:162:28)
      at processImmediate (node:internal/timers:466:21)
      at process.callbackTrampoline (node:internal/async_hooks:130:17)

  5) probes.@hapi/hapi 18.3.0 @hapi/vision 6.1.0
       should trace render span:

      AssertionError [ERR_ASSERTION]: Plugin @hapi/vision requires hapi version >=18.4.0 but found 18.3.0
      + expected - actual

      -false
      +true
      
      at internals.Server.register (node_modules/@hapi/hapi/lib/server.js:425:22)
      at makeServer (test/probes/hapi/hapi-17-and-above.js:135:22)
      at makeViewServer (test/probes/hapi/hapi-17-and-above.js:154:12)
      at Context.renderTest (test/probes/hapi/hapi-17-and-above.js:217:26)
      at processImmediate (node:internal/timers:466:21)
      at process.callbackTrampoline (node:internal/async_hooks:130:17)

  6) probes.@hapi/hapi 18.3.0 @hapi/vision 6.1.0
       should skip vision when disabled:

      AssertionError [ERR_ASSERTION]: Plugin @hapi/vision requires hapi version >=18.4.0 but found 18.3.0
      + expected - actual

      -false
      +true
      
      at internals.Server.register (node_modules/@hapi/hapi/lib/server.js:425:22)
      at makeServer (test/probes/hapi/hapi-17-and-above.js:135:22)
      at makeViewServer (test/probes/hapi/hapi-17-and-above.js:154:12)
      at Context.disabledTest (test/probes/hapi/hapi-17-and-above.js:265:26)
      at processImmediate (node:internal/timers:466:21)
      at process.callbackTrampoline (node:internal/async_hooks:130:17)

  7) probes.@hapi/hapi 18.3.0 @hapi/vision 6.1.0
       should allow a custom TransactionName:

      AssertionError [ERR_ASSERTION]: Plugin @hapi/vision requires hapi version >=18.4.0 but found 18.3.0
      + expected - actual

      -false
      +true
      
      at internals.Server.register (node_modules/@hapi/hapi/lib/server.js:425:22)
      at makeServer (test/probes/hapi/hapi-17-and-above.js:135:22)
      at /__w/appoptics-apm-node/appoptics-apm-node/test/probes/hapi/hapi-17-and-above.js:387:67
      at Context.<anonymous> (test/probes/hapi/hapi-17-and-above.js:337:12)
      at processImmediate (node:internal/timers:466:21)
      at process.callbackTrampoline (node:internal/async_hooks:130:17)

  8) probes.@hapi/hapi 18.3.0 @hapi/vision 6.1.0
       should allow a custom TransactionName with domain prefix:

      AssertionError [ERR_ASSERTION]: Plugin @hapi/vision requires hapi version >=18.4.0 but found 18.3.0
      + expected - actual

      -false
      +true
      
      at internals.Server.register (node_modules/@hapi/hapi/lib/server.js:425:22)
      at makeServer (test/probes/hapi/hapi-17-and-above.js:135:22)
      at /__w/appoptics-apm-node/appoptics-apm-node/test/probes/hapi/hapi-17-and-above.js:387:67
      at Context.<anonymous> (test/probes/hapi/hapi-17-and-above.js:350:44)
      at processImmediate (node:internal/timers:466:21)
      at process.callbackTrampoline (node:internal/async_hooks:130:17)

  9) probes.@hapi/hapi 18.3.0 @hapi/vision 6.1.0
       should handle an error in the custom name function:

      AssertionError [ERR_ASSERTION]: Plugin @hapi/vision requires hapi version >=18.4.0 but found 18.3.0
      + expected - actual

      -false
      +true
      
      at internals.Server.register (node_modules/@hapi/hapi/lib/server.js:425:22)
      at makeServer (test/probes/hapi/hapi-17-and-above.js:135:22)
      at /__w/appoptics-apm-node/appoptics-apm-node/test/probes/hapi/hapi-17-and-above.js:387:67
      at Context.<anonymous> (test/probes/hapi/hapi-17-and-above.js:367:45)
      at processImmediate (node:internal/timers:466:21)
      at process.callbackTrampoline (node:internal/async_hooks:130:17)

  10) probes.@hapi/hapi 18.3.0 @hapi/vision 6.1.0
       should handle a falsey return by the custom name function:

      AssertionError [ERR_ASSERTION]: Plugin @hapi/vision requires hapi version >=18.4.0 but found 18.3.0
      + expected - actual

      -false
      +true
      
      at internals.Server.register (node_modules/@hapi/hapi/lib/server.js:425:22)
      at makeServer (test/probes/hapi/hapi-17-and-above.js:135:22)
      at /__w/appoptics-apm-node/appoptics-apm-node/test/probes/hapi/hapi-17-and-above.js:387:67
      at Context.<anonymous> (test/probes/hapi/hapi-17-and-above.js:374:45)
      at processImmediate (node:internal/timers:466:21)
      at process.callbackTrampoline (node:internal/async_hooks:130:17)



npm WARN deprecated @hapi/hapi@18.3.1: This version contains severe security issues and defects and should not be used! Please upgrade to the latest version of @hapi/hapi or consider a commercial license (https://github.com/hapijs/hapi/issues/4114)

changed 1 package, and audited 949 packages in 8s

83 packages are looking for funding
  run `npm fund` for details

13 vulnerabilities (9 moderate, 4 high)

To address issues that do not require attention, run:
  npm audit fix

To address all issues possible (including breaking changes), run:
  npm audit fix --force

Some issues need review, and may require choosing
a different dependency.

Run `npm audit` for details.
2022-02-23T04:40:05.907Z appoptics:debug read config from /__w/appoptics-apm-node/appoptics-apm-node/appoptics-apm-config
2022-02-23T04:40:05.908Z appoptics:debug guc ignoring APPOPTICS_LOG_SETTINGS
2022-02-23T04:40:05.908Z appoptics:debug serviceKey dIOz...wWK0:ao-node-test
2022-02-23T04:40:05.910Z appoptics:debug using context provider: ace-context
2022-02-23T04:40:05.989Z appoptics:debug apm 10.2.1, bindings 11.2.0, oboe 10.2.0
2022-02-23T04:40:06.182Z appoptics:patching patched crypto 
2022-02-23T04:40:06.206Z appoptics:patching patched https 
2022-02-23T04:40:06.207Z appoptics:patching patched http 
2022-02-23T04:40:06.258Z appoptics:patching patched zlib 
2022-02-23T04:40:06.870Z appoptics:patching fs.realpath - adding native method
2022-02-23T04:40:06.870Z appoptics:patching patched fs 
2022-02-23T04:40:07.011Z appoptics:patching hapi - v17 not looking for hapi/lib/plugin
2022-02-23T04:40:07.011Z appoptics:patching patched @hapi/hapi 18.3.1
2022-02-23T04:40:07.144Z appoptics:patching patched @hapi/vision 6.1.0
2022-02-23T04:40:07.150Z appoptics:debug starting runtimeMetrics


  probes.@hapi/hapi 18.3.1 @hapi/vision 6.1.0
    ✓ UDP might lose a message
    1) should forward controller/action data from get request
    2) should forward controller/action data from post request
    3) should forward controller/action data from put request
    4) should forward controller/action data from delete request
    5) should trace render span
    6) should skip vision when disabled
    7) should allow a custom TransactionName
    8) should allow a custom TransactionName with domain prefix
    9) should handle an error in the custom name function
    10) should handle a falsey return by the custom name function


  1 passing (191ms)
  10 failing

  1) probes.@hapi/hapi 18.3.1 @hapi/vision 6.1.0
       should forward controller/action data from get request:

      AssertionError [ERR_ASSERTION]: Plugin @hapi/vision requires hapi version >=18.4.0 but found 18.3.1
      + expected - actual

      -false
      +true
      
      at internals.Server.register (node_modules/@hapi/hapi/lib/server.js:425:22)
      at makeServer (test/probes/hapi/hapi-17-and-above.js:135:22)
      at Context.<anonymous> (test/probes/hapi/hapi-17-and-above.js:162:28)
      at processImmediate (node:internal/timers:466:21)
      at process.callbackTrampoline (node:internal/async_hooks:130:17)

  2) probes.@hapi/hapi 18.3.1 @hapi/vision 6.1.0
       should forward controller/action data from post request:

      AssertionError [ERR_ASSERTION]: Plugin @hapi/vision requires hapi version >=18.4.0 but found 18.3.1
      + expected - actual

      -false
      +true
      
      at internals.Server.register (node_modules/@hapi/hapi/lib/server.js:425:22)
      at makeServer (test/probes/hapi/hapi-17-and-above.js:135:22)
      at Context.<anonymous> (test/probes/hapi/hapi-17-and-above.js:162:28)
      at processImmediate (node:internal/timers:466:21)
      at process.callbackTrampoline (node:internal/async_hooks:130:17)

  3) probes.@hapi/hapi 18.3.1 @hapi/vision 6.1.0
       should forward controller/action data from put request:

      AssertionError [ERR_ASSERTION]: Plugin @hapi/vision requires hapi version >=18.4.0 but found 18.3.1
      + expected - actual

      -false
      +true
      
      at internals.Server.register (node_modules/@hapi/hapi/lib/server.js:425:22)
      at makeServer (test/probes/hapi/hapi-17-and-above.js:135:22)
      at Context.<anonymous> (test/probes/hapi/hapi-17-and-above.js:162:28)
      at processImmediate (node:internal/timers:466:21)
      at process.callbackTrampoline (node:internal/async_hooks:130:17)

  4) probes.@hapi/hapi 18.3.1 @hapi/vision 6.1.0
       should forward controller/action data from delete request:

      AssertionError [ERR_ASSERTION]: Plugin @hapi/vision requires hapi version >=18.4.0 but found 18.3.1
      + expected - actual

      -false
      +true
      
      at internals.Server.register (node_modules/@hapi/hapi/lib/server.js:425:22)
      at makeServer (test/probes/hapi/hapi-17-and-above.js:135:22)
      at Context.<anonymous> (test/probes/hapi/hapi-17-and-above.js:162:28)
      at processImmediate (node:internal/timers:466:21)
      at process.callbackTrampoline (node:internal/async_hooks:130:17)

  5) probes.@hapi/hapi 18.3.1 @hapi/vision 6.1.0
       should trace render span:

      AssertionError [ERR_ASSERTION]: Plugin @hapi/vision requires hapi version >=18.4.0 but found 18.3.1
      + expected - actual

      -false
      +true
      
      at internals.Server.register (node_modules/@hapi/hapi/lib/server.js:425:22)
      at makeServer (test/probes/hapi/hapi-17-and-above.js:135:22)
      at makeViewServer (test/probes/hapi/hapi-17-and-above.js:154:12)
      at Context.renderTest (test/probes/hapi/hapi-17-and-above.js:217:26)
      at processImmediate (node:internal/timers:466:21)
      at process.callbackTrampoline (node:internal/async_hooks:130:17)

  6) probes.@hapi/hapi 18.3.1 @hapi/vision 6.1.0
       should skip vision when disabled:

      AssertionError [ERR_ASSERTION]: Plugin @hapi/vision requires hapi version >=18.4.0 but found 18.3.1
      + expected - actual

      -false
      +true
      
      at internals.Server.register (node_modules/@hapi/hapi/lib/server.js:425:22)
      at makeServer (test/probes/hapi/hapi-17-and-above.js:135:22)
      at makeViewServer (test/probes/hapi/hapi-17-and-above.js:154:12)
      at Context.disabledTest (test/probes/hapi/hapi-17-and-above.js:265:26)
      at processImmediate (node:internal/timers:466:21)
      at process.callbackTrampoline (node:internal/async_hooks:130:17)

  7) probes.@hapi/hapi 18.3.1 @hapi/vision 6.1.0
       should allow a custom TransactionName:

      AssertionError [ERR_ASSERTION]: Plugin @hapi/vision requires hapi version >=18.4.0 but found 18.3.1
      + expected - actual

      -false
      +true
      
      at internals.Server.register (node_modules/@hapi/hapi/lib/server.js:425:22)
      at makeServer (test/probes/hapi/hapi-17-and-above.js:135:22)
      at /__w/appoptics-apm-node/appoptics-apm-node/test/probes/hapi/hapi-17-and-above.js:387:67
      at Context.<anonymous> (test/probes/hapi/hapi-17-and-above.js:337:12)
      at processImmediate (node:internal/timers:466:21)
      at process.callbackTrampoline (node:internal/async_hooks:130:17)

  8) probes.@hapi/hapi 18.3.1 @hapi/vision 6.1.0
       should allow a custom TransactionName with domain prefix:

      AssertionError [ERR_ASSERTION]: Plugin @hapi/vision requires hapi version >=18.4.0 but found 18.3.1
      + expected - actual

      -false
      +true
      
      at internals.Server.register (node_modules/@hapi/hapi/lib/server.js:425:22)
      at makeServer (test/probes/hapi/hapi-17-and-above.js:135:22)
      at /__w/appoptics-apm-node/appoptics-apm-node/test/probes/hapi/hapi-17-and-above.js:387:67
      at Context.<anonymous> (test/probes/hapi/hapi-17-and-above.js:350:44)
      at processImmediate (node:internal/timers:466:21)
      at process.callbackTrampoline (node:internal/async_hooks:130:17)

  9) probes.@hapi/hapi 18.3.1 @hapi/vision 6.1.0
       should handle an error in the custom name function:

      AssertionError [ERR_ASSERTION]: Plugin @hapi/vision requires hapi version >=18.4.0 but found 18.3.1
      + expected - actual

      -false
      +true
      
      at internals.Server.register (node_modules/@hapi/hapi/lib/server.js:425:22)
      at makeServer (test/probes/hapi/hapi-17-and-above.js:135:22)
      at /__w/appoptics-apm-node/appoptics-apm-node/test/probes/hapi/hapi-17-and-above.js:387:67
      at Context.<anonymous> (test/probes/hapi/hapi-17-and-above.js:367:45)
      at processImmediate (node:internal/timers:466:21)
      at process.callbackTrampoline (node:internal/async_hooks:130:17)

  10) probes.@hapi/hapi 18.3.1 @hapi/vision 6.1.0
       should handle a falsey return by the custom name function:

      AssertionError [ERR_ASSERTION]: Plugin @hapi/vision requires hapi version >=18.4.0 but found 18.3.1
      + expected - actual

      -false
      +true
      
      at internals.Server.register (node_modules/@hapi/hapi/lib/server.js:425:22)
      at makeServer (test/probes/hapi/hapi-17-and-above.js:135:22)
      at /__w/appoptics-apm-node/appoptics-apm-node/test/probes/hapi/hapi-17-and-above.js:387:67
      at Context.<anonymous> (test/probes/hapi/hapi-17-and-above.js:374:45)
      at processImmediate (node:internal/timers:466:21)
      at process.callbackTrampoline (node:internal/async_hooks:130:17)



npm WARN deprecated @hapi/hoek@8.5.1: This version has been deprecated and is no longer supported or maintained
npm WARN deprecated @hapi/hapi@18.3.2: This version contains severe security issues and defects and should not be used! Please upgrade to the latest version of @hapi/hapi or consider a commercial license (https://github.com/hapijs/hapi/issues/4114)

removed 22 packages, changed 2 packages, and audited 927 packages in 8s

83 packages are looking for funding
  run `npm fund` for details

13 vulnerabilities (9 moderate, 4 high)

To address issues that do not require attention, run:
  npm audit fix

To address all issues possible (including breaking changes), run:
  npm audit fix --force

Some issues need review, and may require choosing
a different dependency.

Run `npm audit` for details.
2022-02-23T04:40:16.536Z appoptics:debug read config from /__w/appoptics-apm-node/appoptics-apm-node/appoptics-apm-config
2022-02-23T04:40:16.537Z appoptics:debug guc ignoring APPOPTICS_LOG_SETTINGS
2022-02-23T04:40:16.537Z appoptics:debug serviceKey dIOz...wWK0:ao-node-test
2022-02-23T04:40:16.538Z appoptics:debug using context provider: ace-context
2022-02-23T04:40:16.642Z appoptics:debug apm 10.2.1, bindings 11.2.0, oboe 10.2.0
2022-02-23T04:40:16.847Z appoptics:patching patched crypto 
2022-02-23T04:40:16.874Z appoptics:patching patched https 
2022-02-23T04:40:16.875Z appoptics:patching patched http 
2022-02-23T04:40:16.923Z appoptics:patching patched zlib 
2022-02-23T04:40:17.326Z appoptics:patching fs.realpath - adding native method
2022-02-23T04:40:17.327Z appoptics:patching patched fs 
2022-02-23T04:40:17.343Z appoptics:patching hapi - v17 not looking for hapi/lib/plugin
2022-02-23T04:40:17.343Z appoptics:patching patched @hapi/hapi 18.3.2
2022-02-23T04:40:17.422Z appoptics:patching patched @hapi/vision 6.1.0
2022-02-23T04:40:17.427Z appoptics:debug starting runtimeMetrics


  probes.@hapi/hapi 18.3.2 @hapi/vision 6.1.0
    ✓ UDP might lose a message
    1) should forward controller/action data from get request
    2) should forward controller/action data from post request
    3) should forward controller/action data from put request
    4) should forward controller/action data from delete request
    5) should trace render span
    6) should skip vision when disabled
    7) should allow a custom TransactionName
    8) should allow a custom TransactionName with domain prefix
    9) should handle an error in the custom name function
    10) should handle a falsey return by the custom name function


  1 passing (190ms)
  10 failing

  1) probes.@hapi/hapi 18.3.2 @hapi/vision 6.1.0
       should forward controller/action data from get request:
     Error: Plugin @hapi/vision requires hapi version >=18.4.0 but found 18.3.2
      at new module.exports (node_modules/@hapi/hoek/lib/error.js:23:19)
      at Object.module.exports [as assert] (node_modules/@hapi/hoek/lib/assert.js:20:11)
      at internals.Server.register (node_modules/@hapi/hapi/lib/server.js:425:22)
      at makeServer (test/probes/hapi/hapi-17-and-above.js:135:22)
      at Context.<anonymous> (test/probes/hapi/hapi-17-and-above.js:162:28)
      at processImmediate (node:internal/timers:466:21)
      at process.callbackTrampoline (node:internal/async_hooks:130:17)

  2) probes.@hapi/hapi 18.3.2 @hapi/vision 6.1.0
       should forward controller/action data from post request:
     Error: Plugin @hapi/vision requires hapi version >=18.4.0 but found 18.3.2
      at new module.exports (node_modules/@hapi/hoek/lib/error.js:23:19)
      at Object.module.exports [as assert] (node_modules/@hapi/hoek/lib/assert.js:20:11)
      at internals.Server.register (node_modules/@hapi/hapi/lib/server.js:425:22)
      at makeServer (test/probes/hapi/hapi-17-and-above.js:135:22)
      at Context.<anonymous> (test/probes/hapi/hapi-17-and-above.js:162:28)
      at processImmediate (node:internal/timers:466:21)
      at process.callbackTrampoline (node:internal/async_hooks:130:17)

  3) probes.@hapi/hapi 18.3.2 @hapi/vision 6.1.0
       should forward controller/action data from put request:
     Error: Plugin @hapi/vision requires hapi version >=18.4.0 but found 18.3.2
      at new module.exports (node_modules/@hapi/hoek/lib/error.js:23:19)
      at Object.module.exports [as assert] (node_modules/@hapi/hoek/lib/assert.js:20:11)
      at internals.Server.register (node_modules/@hapi/hapi/lib/server.js:425:22)
      at makeServer (test/probes/hapi/hapi-17-and-above.js:135:22)
      at Context.<anonymous> (test/probes/hapi/hapi-17-and-above.js:162:28)
      at processImmediate (node:internal/timers:466:21)
      at process.callbackTrampoline (node:internal/async_hooks:130:17)

  4) probes.@hapi/hapi 18.3.2 @hapi/vision 6.1.0
       should forward controller/action data from delete request:
     Error: Plugin @hapi/vision requires hapi version >=18.4.0 but found 18.3.2
      at new module.exports (node_modules/@hapi/hoek/lib/error.js:23:19)
      at Object.module.exports [as assert] (node_modules/@hapi/hoek/lib/assert.js:20:11)
      at internals.Server.register (node_modules/@hapi/hapi/lib/server.js:425:22)
      at makeServer (test/probes/hapi/hapi-17-and-above.js:135:22)
      at Context.<anonymous> (test/probes/hapi/hapi-17-and-above.js:162:28)
      at processImmediate (node:internal/timers:466:21)
      at process.callbackTrampoline (node:internal/async_hooks:130:17)

  5) probes.@hapi/hapi 18.3.2 @hapi/vision 6.1.0
       should trace render span:
     Error: Plugin @hapi/vision requires hapi version >=18.4.0 but found 18.3.2
      at new module.exports (node_modules/@hapi/hoek/lib/error.js:23:19)
      at Object.module.exports [as assert] (node_modules/@hapi/hoek/lib/assert.js:20:11)
      at internals.Server.register (node_modules/@hapi/hapi/lib/server.js:425:22)
      at makeServer (test/probes/hapi/hapi-17-and-above.js:135:22)
      at makeViewServer (test/probes/hapi/hapi-17-and-above.js:154:12)
      at Context.renderTest (test/probes/hapi/hapi-17-and-above.js:217:26)
      at processImmediate (node:internal/timers:466:21)
      at process.callbackTrampoline (node:internal/async_hooks:130:17)

  6) probes.@hapi/hapi 18.3.2 @hapi/vision 6.1.0
       should skip vision when disabled:
     Error: Plugin @hapi/vision requires hapi version >=18.4.0 but found 18.3.2
      at new module.exports (node_modules/@hapi/hoek/lib/error.js:23:19)
      at Object.module.exports [as assert] (node_modules/@hapi/hoek/lib/assert.js:20:11)
      at internals.Server.register (node_modules/@hapi/hapi/lib/server.js:425:22)
      at makeServer (test/probes/hapi/hapi-17-and-above.js:135:22)
      at makeViewServer (test/probes/hapi/hapi-17-and-above.js:154:12)
      at Context.disabledTest (test/probes/hapi/hapi-17-and-above.js:265:26)
      at processImmediate (node:internal/timers:466:21)
      at process.callbackTrampoline (node:internal/async_hooks:130:17)

  7) probes.@hapi/hapi 18.3.2 @hapi/vision 6.1.0
       should allow a custom TransactionName:
     Error: Plugin @hapi/vision requires hapi version >=18.4.0 but found 18.3.2
      at new module.exports (node_modules/@hapi/hoek/lib/error.js:23:19)
      at Object.module.exports [as assert] (node_modules/@hapi/hoek/lib/assert.js:20:11)
      at internals.Server.register (node_modules/@hapi/hapi/lib/server.js:425:22)
      at makeServer (test/probes/hapi/hapi-17-and-above.js:135:22)
      at /__w/appoptics-apm-node/appoptics-apm-node/test/probes/hapi/hapi-17-and-above.js:387:67
      at Context.<anonymous> (test/probes/hapi/hapi-17-and-above.js:337:12)
      at processImmediate (node:internal/timers:466:21)
      at process.callbackTrampoline (node:internal/async_hooks:130:17)

  8) probes.@hapi/hapi 18.3.2 @hapi/vision 6.1.0
       should allow a custom TransactionName with domain prefix:
     Error: Plugin @hapi/vision requires hapi version >=18.4.0 but found 18.3.2
      at new module.exports (node_modules/@hapi/hoek/lib/error.js:23:19)
      at Object.module.exports [as assert] (node_modules/@hapi/hoek/lib/assert.js:20:11)
      at internals.Server.register (node_modules/@hapi/hapi/lib/server.js:425:22)
      at makeServer (test/probes/hapi/hapi-17-and-above.js:135:22)
      at /__w/appoptics-apm-node/appoptics-apm-node/test/probes/hapi/hapi-17-and-above.js:387:67
      at Context.<anonymous> (test/probes/hapi/hapi-17-and-above.js:350:44)
      at processImmediate (node:internal/timers:466:21)
      at process.callbackTrampoline (node:internal/async_hooks:130:17)

  9) probes.@hapi/hapi 18.3.2 @hapi/vision 6.1.0
       should handle an error in the custom name function:
     Error: Plugin @hapi/vision requires hapi version >=18.4.0 but found 18.3.2
      at new module.exports (node_modules/@hapi/hoek/lib/error.js:23:19)
      at Object.module.exports [as assert] (node_modules/@hapi/hoek/lib/assert.js:20:11)
      at internals.Server.register (node_modules/@hapi/hapi/lib/server.js:425:22)
      at makeServer (test/probes/hapi/hapi-17-and-above.js:135:22)
      at /__w/appoptics-apm-node/appoptics-apm-node/test/probes/hapi/hapi-17-and-above.js:387:67
      at Context.<anonymous> (test/probes/hapi/hapi-17-and-above.js:367:45)
      at processImmediate (node:internal/timers:466:21)
      at process.callbackTrampoline (node:internal/async_hooks:130:17)

  10) probes.@hapi/hapi 18.3.2 @hapi/vision 6.1.0
       should handle a falsey return by the custom name function:
     Error: Plugin @hapi/vision requires hapi version >=18.4.0 but found 18.3.2
      at new module.exports (node_modules/@hapi/hoek/lib/error.js:23:19)
      at Object.module.exports [as assert] (node_modules/@hapi/hoek/lib/assert.js:20:11)
      at internals.Server.register (node_modules/@hapi/hapi/lib/server.js:425:22)
      at makeServer (test/probes/hapi/hapi-17-and-above.js:135:22)
      at /__w/appoptics-apm-node/appoptics-apm-node/test/probes/hapi/hapi-17-and-above.js:387:67
      at Context.<anonymous> (test/probes/hapi/hapi-17-and-above.js:374:45)
      at processImmediate (node:internal/timers:466:21)
      at process.callbackTrampoline (node:internal/async_hooks:130:17)



npm WARN deprecated @hapi/hapi@18.4.0: This version contains severe security issues and defects and should not be used! Please upgrade to the latest version of @hapi/hapi or consider a commercial license (https://github.com/hapijs/hapi/issues/4114)

changed 1 package, and audited 927 packages in 9s

83 packages are looking for funding
  run `npm fund` for details

13 vulnerabilities (9 moderate, 4 high)

To address issues that do not require attention, run:
  npm audit fix

To address all issues possible (including breaking changes), run:
  npm audit fix --force

Some issues need review, and may require choosing
a different dependency.

Run `npm audit` for details.
2022-02-23T04:40:27.023Z appoptics:debug read config from /__w/appoptics-apm-node/appoptics-apm-node/appoptics-apm-config
2022-02-23T04:40:27.024Z appoptics:debug guc ignoring APPOPTICS_LOG_SETTINGS
2022-02-23T04:40:27.024Z appoptics:debug serviceKey dIOz...wWK0:ao-node-test
2022-02-23T04:40:27.025Z appoptics:debug using context provider: ace-context
2022-02-23T04:40:27.108Z appoptics:debug apm 10.2.1, bindings 11.2.0, oboe 10.2.0
2022-02-23T04:40:27.290Z appoptics:patching patched crypto 
2022-02-23T04:40:27.315Z appoptics:patching patched https 
2022-02-23T04:40:27.315Z appoptics:patching patched http 
2022-02-23T04:40:27.365Z appoptics:patching patched zlib 
2022-02-23T04:40:27.805Z appoptics:patching fs.realpath - adding native method
2022-02-23T04:40:27.805Z appoptics:patching patched fs 
2022-02-23T04:40:27.820Z appoptics:patching hapi - v17 not looking for hapi/lib/plugin
2022-02-23T04:40:27.821Z appoptics:patching patched @hapi/hapi 18.4.0
2022-02-23T04:40:27.900Z appoptics:patching patched @hapi/vision 6.1.0
2022-02-23T04:40:27.905Z appoptics:debug starting runtimeMetrics


  probes.@hapi/hapi 18.4.0 @hapi/vision 6.1.0
    ✓ UDP might lose a message
    ✓ should forward controller/action data from get request (83ms)
    1) should forward controller/action data from post request
    2) should forward controller/action data from put request
    3) should forward controller/action data from delete request
    ✓ should trace render span (55ms)
    ✓ should skip vision when disabled
    ✓ should allow a custom TransactionName (39ms)
    ✓ should allow a custom TransactionName with domain prefix
    ✓ should handle an error in the custom name function
    ✓ should handle a falsey return by the custom name function


  8 passing (6s)
  3 failing

  1) probes.@hapi/hapi 18.4.0 @hapi/vision 6.1.0
       should forward controller/action data from post request:
     Error: Timeout of 2000ms exceeded. For async tests and hooks, ensure "done()" is called; if returning a Promise, ensure it resolves. (/__w/appoptics-apm-node/appoptics-apm-node/test/probes/@hapi-hapi.test.js)
      at listOnTimeout (node:internal/timers:559:17)
      at processTimers (node:internal/timers:502:7)

  2) probes.@hapi/hapi 18.4.0 @hapi/vision 6.1.0
       should forward controller/action data from put request:
     Error: Timeout of 2000ms exceeded. For async tests and hooks, ensure "done()" is called; if returning a Promise, ensure it resolves. (/__w/appoptics-apm-node/appoptics-apm-node/test/probes/@hapi-hapi.test.js)
      at listOnTimeout (node:internal/timers:559:17)
      at processTimers (node:internal/timers:502:7)

  3) probes.@hapi/hapi 18.4.0 @hapi/vision 6.1.0
       should forward controller/action data from delete request:
     Error: Timeout of 2000ms exceeded. For async tests and hooks, ensure "done()" is called; if returning a Promise, ensure it resolves. (/__w/appoptics-apm-node/appoptics-apm-node/test/probes/@hapi-hapi.test.js)
      at listOnTimeout (node:internal/timers:559:17)
      at processTimers (node:internal/timers:502:7)



npm WARN deprecated @hapi/hapi@18.4.1: This version contains severe security issues and defects and should not be used! Please upgrade to the latest version of @hapi/hapi or consider a commercial license (https://github.com/hapijs/hapi/issues/4114)

changed 1 package, and audited 927 packages in 8s

83 packages are looking for funding
  run `npm fund` for details

12 vulnerabilities (9 moderate, 3 high)

To address issues that do not require attention, run:
  npm audit fix

To address all issues possible (including breaking changes), run:
  npm audit fix --force

Some issues need review, and may require choosing
a different dependency.

Run `npm audit` for details.
2022-02-23T04:40:42.805Z appoptics:debug read config from /__w/appoptics-apm-node/appoptics-apm-node/appoptics-apm-config
2022-02-23T04:40:42.806Z appoptics:debug guc ignoring APPOPTICS_LOG_SETTINGS
2022-02-23T04:40:42.806Z appoptics:debug serviceKey dIOz...wWK0:ao-node-test
2022-02-23T04:40:42.807Z appoptics:debug using context provider: ace-context
2022-02-23T04:40:42.886Z appoptics:debug apm 10.2.1, bindings 11.2.0, oboe 10.2.0
2022-02-23T04:40:43.071Z appoptics:patching patched crypto 
2022-02-23T04:40:43.098Z appoptics:patching patched https 
2022-02-23T04:40:43.099Z appoptics:patching patched http 
2022-02-23T04:40:43.148Z appoptics:patching patched zlib 
2022-02-23T04:40:43.542Z appoptics:patching fs.realpath - adding native method
2022-02-23T04:40:43.543Z appoptics:patching patched fs 
2022-02-23T04:40:43.558Z appoptics:patching hapi - v17 not looking for hapi/lib/plugin
2022-02-23T04:40:43.558Z appoptics:patching patched @hapi/hapi 18.4.1
2022-02-23T04:40:43.640Z appoptics:patching patched @hapi/vision 6.1.0
2022-02-23T04:40:43.645Z appoptics:debug starting runtimeMetrics


  probes.@hapi/hapi 18.4.1 @hapi/vision 6.1.0
    ✓ UDP might lose a message
    ✓ should forward controller/action data from get request (74ms)
    1) should forward controller/action data from post request
    2) should forward controller/action data from put request
    3) should forward controller/action data from delete request
    ✓ should trace render span (38ms)
    ✓ should skip vision when disabled
    ✓ should allow a custom TransactionName (44ms)
    ✓ should allow a custom TransactionName with domain prefix
    ✓ should handle an error in the custom name function
    ✓ should handle a falsey return by the custom name function


  8 passing (6s)
  3 failing

  1) probes.@hapi/hapi 18.4.1 @hapi/vision 6.1.0
       should forward controller/action data from post request:
     Error: Timeout of 2000ms exceeded. For async tests and hooks, ensure "done()" is called; if returning a Promise, ensure it resolves. (/__w/appoptics-apm-node/appoptics-apm-node/test/probes/@hapi-hapi.test.js)
      at listOnTimeout (node:internal/timers:559:17)
      at processTimers (node:internal/timers:502:7)

  2) probes.@hapi/hapi 18.4.1 @hapi/vision 6.1.0
       should forward controller/action data from put request:
     Error: Timeout of 2000ms exceeded. For async tests and hooks, ensure "done()" is called; if returning a Promise, ensure it resolves. (/__w/appoptics-apm-node/appoptics-apm-node/test/probes/@hapi-hapi.test.js)
      at listOnTimeout (node:internal/timers:559:17)
      at processTimers (node:internal/timers:502:7)

  3) probes.@hapi/hapi 18.4.1 @hapi/vision 6.1.0
       should forward controller/action data from delete request:
     Error: Timeout of 2000ms exceeded. For async tests and hooks, ensure "done()" is called; if returning a Promise, ensure it resolves. (/__w/appoptics-apm-node/appoptics-apm-node/test/probes/@hapi-hapi.test.js)
      at listOnTimeout (node:internal/timers:559:17)
      at processTimers (node:internal/timers:502:7)



npm WARN deprecated @hapi/pinpoint@2.0.0: Moved to 'npm install @sideway/pinpoint'
npm WARN deprecated @hapi/hoek@8.5.1: This version has been deprecated and is no longer supported or maintained
npm WARN deprecated @hapi/hoek@8.5.1: This version has been deprecated and is no longer supported or maintained
npm WARN deprecated @hapi/formula@2.0.0: Moved to 'npm install @sideway/formula'
npm WARN deprecated @hapi/ammo@4.0.1: This version has been deprecated
npm WARN deprecated @hapi/address@4.1.0: Moved to 'npm install @sideway/address'
npm WARN deprecated @hapi/accept@4.0.1: This version has been deprecated
npm WARN deprecated @hapi/boom@8.0.1: This version has been deprecated and is no longer supported or maintained
npm WARN deprecated @hapi/teamwork@4.0.0: This version has been deprecated and is no longer supported or maintained
npm WARN deprecated @hapi/hapi@19.0.0: This version contains severe security issues and defects and should not be used! Please upgrade to the latest version of @hapi/hapi or consider a commercial license (https://github.com/hapijs/hapi/issues/4114)
npm WARN deprecated @hapi/call@7.0.1: This version has been deprecated
npm WARN deprecated @hapi/joi@17.1.1: Switch to 'npm install joi'

added 4 packages, removed 10 packages, changed 32 packages, and audited 921 packages in 9s

83 packages are looking for funding
  run `npm fund` for details

15 vulnerabilities (9 moderate, 6 high)

To address issues that do not require attention, run:
  npm audit fix

To address all issues possible (including breaking changes), run:
  npm audit fix --force

Some issues need review, and may require choosing
a different dependency.

Run `npm audit` for details.
2022-02-23T04:40:59.686Z appoptics:debug read config from /__w/appoptics-apm-node/appoptics-apm-node/appoptics-apm-config
2022-02-23T04:40:59.687Z appoptics:debug guc ignoring APPOPTICS_LOG_SETTINGS
2022-02-23T04:40:59.687Z appoptics:debug serviceKey dIOz...wWK0:ao-node-test
2022-02-23T04:40:59.688Z appoptics:debug using context provider: ace-context
2022-02-23T04:40:59.789Z appoptics:debug apm 10.2.1, bindings 11.2.0, oboe 10.2.0
2022-02-23T04:41:00.019Z appoptics:patching patched crypto 
2022-02-23T04:41:00.110Z appoptics:patching patched https 
2022-02-23T04:41:00.111Z appoptics:patching patched http 
2022-02-23T04:41:00.269Z appoptics:patching patched zlib 
2022-02-23T04:41:00.781Z appoptics:patching fs.realpath - adding native method
2022-02-23T04:41:00.782Z appoptics:patching patched fs 
2022-02-23T04:41:00.796Z appoptics:patching hapi - v17 not looking for hapi/lib/plugin
2022-02-23T04:41:00.796Z appoptics:patching patched @hapi/hapi 19.0.0
2022-02-23T04:41:00.810Z appoptics:patching patched @hapi/vision 6.1.0
2022-02-23T04:41:00.814Z appoptics:debug starting runtimeMetrics


  probes.@hapi/hapi 19.0.0 @hapi/vision 6.1.0
    ✓ UDP might lose a message
    ✓ should forward controller/action data from get request (91ms)
    1) should forward controller/action data from post request
    2) should forward controller/action data from put request
    3) should forward controller/action data from delete request
    ✓ should trace render span
    ✓ should skip vision when disabled
    ✓ should allow a custom TransactionName
    ✓ should allow a custom TransactionName with domain prefix
    ✓ should handle an error in the custom name function
    ✓ should handle a falsey return by the custom name function


  8 passing (6s)
  3 failing

  1) probes.@hapi/hapi 19.0.0 @hapi/vision 6.1.0
       should forward controller/action data from post request:
     Error: Timeout of 2000ms exceeded. For async tests and hooks, ensure "done()" is called; if returning a Promise, ensure it resolves. (/__w/appoptics-apm-node/appoptics-apm-node/test/probes/@hapi-hapi.test.js)
      at listOnTimeout (node:internal/timers:559:17)
      at processTimers (node:internal/timers:502:7)

  2) probes.@hapi/hapi 19.0.0 @hapi/vision 6.1.0
       should forward controller/action data from put request:
     Error: Timeout of 2000ms exceeded. For async tests and hooks, ensure "done()" is called; if returning a Promise, ensure it resolves. (/__w/appoptics-apm-node/appoptics-apm-node/test/probes/@hapi-hapi.test.js)
      at listOnTimeout (node:internal/timers:559:17)
      at processTimers (node:internal/timers:502:7)

  3) probes.@hapi/hapi 19.0.0 @hapi/vision 6.1.0
       should forward controller/action data from delete request:
     Error: Timeout of 2000ms exceeded. For async tests and hooks, ensure "done()" is called; if returning a Promise, ensure it resolves. (/__w/appoptics-apm-node/appoptics-apm-node/test/probes/@hapi-hapi.test.js)
      at listOnTimeout (node:internal/timers:559:17)
      at processTimers (node:internal/timers:502:7)



npm WARN deprecated @hapi/hapi@19.0.1: This version contains severe security issues and defects and should not be used! Please upgrade to the latest version of @hapi/hapi or consider a commercial license (https://github.com/hapijs/hapi/issues/4114)

changed 1 package, and audited 921 packages in 9s

83 packages are looking for funding
  run `npm fund` for details

15 vulnerabilities (9 moderate, 6 high)

To address issues that do not require attention, run:
  npm audit fix

To address all issues possible (including breaking changes), run:
  npm audit fix --force

Some issues need review, and may require choosing
a different dependency.

Run `npm audit` for details.
2022-02-23T04:41:16.403Z appoptics:debug read config from /__w/appoptics-apm-node/appoptics-apm-node/appoptics-apm-config
2022-02-23T04:41:16.404Z appoptics:debug guc ignoring APPOPTICS_LOG_SETTINGS
2022-02-23T04:41:16.404Z appoptics:debug serviceKey dIOz...wWK0:ao-node-test
2022-02-23T04:41:16.405Z appoptics:debug using context provider: ace-context
2022-02-23T04:41:16.487Z appoptics:debug apm 10.2.1, bindings 11.2.0, oboe 10.2.0
2022-02-23T04:41:16.672Z appoptics:patching patched crypto 
2022-02-23T04:41:16.699Z appoptics:patching patched https 
2022-02-23T04:41:16.700Z appoptics:patching patched http 
2022-02-23T04:41:16.750Z appoptics:patching patched zlib 
2022-02-23T04:41:17.024Z appoptics:patching fs.realpath - adding native method
2022-02-23T04:41:17.024Z appoptics:patching patched fs 
2022-02-23T04:41:17.036Z appoptics:patching hapi - v17 not looking for hapi/lib/plugin
2022-02-23T04:41:17.036Z appoptics:patching patched @hapi/hapi 19.0.1
2022-02-23T04:41:17.056Z appoptics:patching patched @hapi/vision 6.1.0
2022-02-23T04:41:17.061Z appoptics:debug starting runtimeMetrics


  probes.@hapi/hapi 19.0.1 @hapi/vision 6.1.0
    ✓ UDP might lose a message
    ✓ should forward controller/action data from get request (76ms)
    1) should forward controller/action data from post request
    2) should forward controller/action data from put request
    3) should forward controller/action data from delete request
    ✓ should trace render span
    ✓ should skip vision when disabled
    ✓ should allow a custom TransactionName
    ✓ should allow a custom TransactionName with domain prefix
    ✓ should handle an error in the custom name function
    ✓ should handle a falsey return by the custom name function


  8 passing (6s)
  3 failing

  1) probes.@hapi/hapi 19.0.1 @hapi/vision 6.1.0
       should forward controller/action data from post request:
     Error: Timeout of 2000ms exceeded. For async tests and hooks, ensure "done()" is called; if returning a Promise, ensure it resolves. (/__w/appoptics-apm-node/appoptics-apm-node/test/probes/@hapi-hapi.test.js)
      at listOnTimeout (node:internal/timers:559:17)
      at processTimers (node:internal/timers:502:7)

  2) probes.@hapi/hapi 19.0.1 @hapi/vision 6.1.0
       should forward controller/action data from put request:
     Error: Timeout of 2000ms exceeded. For async tests and hooks, ensure "done()" is called; if returning a Promise, ensure it resolves. (/__w/appoptics-apm-node/appoptics-apm-node/test/probes/@hapi-hapi.test.js)
      at listOnTimeout (node:internal/timers:559:17)
      at processTimers (node:internal/timers:502:7)

  3) probes.@hapi/hapi 19.0.1 @hapi/vision 6.1.0
       should forward controller/action data from delete request:
     Error: Timeout of 2000ms exceeded. For async tests and hooks, ensure "done()" is called; if returning a Promise, ensure it resolves. (/__w/appoptics-apm-node/appoptics-apm-node/test/probes/@hapi-hapi.test.js)
      at listOnTimeout (node:internal/timers:559:17)
      at processTimers (node:internal/timers:502:7)



npm WARN deprecated @hapi/hapi@19.0.2: This version contains severe security issues and defects and should not be used! Please upgrade to the latest version of @hapi/hapi or consider a commercial license (https://github.com/hapijs/hapi/issues/4114)

changed 1 package, and audited 921 packages in 9s

83 packages are looking for funding
  run `npm fund` for details

15 vulnerabilities (9 moderate, 6 high)

To address issues that do not require attention, run:
  npm audit fix

To address all issues possible (including breaking changes), run:
  npm audit fix --force

Some issues need review, and may require choosing
a different dependency.

Run `npm audit` for details.
2022-02-23T04:41:33.116Z appoptics:debug read config from /__w/appoptics-apm-node/appoptics-apm-node/appoptics-apm-config
2022-02-23T04:41:33.117Z appoptics:debug guc ignoring APPOPTICS_LOG_SETTINGS
2022-02-23T04:41:33.117Z appoptics:debug serviceKey dIOz...wWK0:ao-node-test
2022-02-23T04:41:33.118Z appoptics:debug using context provider: ace-context
2022-02-23T04:41:33.202Z appoptics:debug apm 10.2.1, bindings 11.2.0, oboe 10.2.0
2022-02-23T04:41:33.391Z appoptics:patching patched crypto 
2022-02-23T04:41:33.416Z appoptics:patching patched https 
2022-02-23T04:41:33.417Z appoptics:patching patched http 
2022-02-23T04:41:33.468Z appoptics:patching patched zlib 
2022-02-23T04:41:33.716Z appoptics:patching fs.realpath - adding native method
2022-02-23T04:41:33.716Z appoptics:patching patched fs 
2022-02-23T04:41:33.735Z appoptics:patching hapi - v17 not looking for hapi/lib/plugin
2022-02-23T04:41:33.735Z appoptics:patching patched @hapi/hapi 19.0.2
2022-02-23T04:41:33.751Z appoptics:patching patched @hapi/vision 6.1.0
2022-02-23T04:41:33.756Z appoptics:debug starting runtimeMetrics


  probes.@hapi/hapi 19.0.2 @hapi/vision 6.1.0
    ✓ UDP might lose a message
    ✓ should forward controller/action data from get request (83ms)
    1) should forward controller/action data from post request
    2) should forward controller/action data from put request
    3) should forward controller/action data from delete request
    ✓ should trace render span
    ✓ should skip vision when disabled
    ✓ should allow a custom TransactionName
    ✓ should allow a custom TransactionName with domain prefix
    ✓ should handle an error in the custom name function
    ✓ should handle a falsey return by the custom name function


  8 passing (6s)
  3 failing

  1) probes.@hapi/hapi 19.0.2 @hapi/vision 6.1.0
       should forward controller/action data from post request:
     Error: Timeout of 2000ms exceeded. For async tests and hooks, ensure "done()" is called; if returning a Promise, ensure it resolves. (/__w/appoptics-apm-node/appoptics-apm-node/test/probes/@hapi-hapi.test.js)
      at listOnTimeout (node:internal/timers:559:17)
      at processTimers (node:internal/timers:502:7)

  2) probes.@hapi/hapi 19.0.2 @hapi/vision 6.1.0
       should forward controller/action data from put request:
     Error: Timeout of 2000ms exceeded. For async tests and hooks, ensure "done()" is called; if returning a Promise, ensure it resolves. (/__w/appoptics-apm-node/appoptics-apm-node/test/probes/@hapi-hapi.test.js)
      at listOnTimeout (node:internal/timers:559:17)
      at processTimers (node:internal/timers:502:7)

  3) probes.@hapi/hapi 19.0.2 @hapi/vision 6.1.0
       should forward controller/action data from delete request:
     Error: Timeout of 2000ms exceeded. For async tests and hooks, ensure "done()" is called; if returning a Promise, ensure it resolves. (/__w/appoptics-apm-node/appoptics-apm-node/test/probes/@hapi-hapi.test.js)
      at listOnTimeout (node:internal/timers:559:17)
      at processTimers (node:internal/timers:502:7)



npm WARN deprecated @hapi/hapi@19.0.3: This version contains severe security issues and defects and should not be used! Please upgrade to the latest version of @hapi/hapi or consider a commercial license (https://github.com/hapijs/hapi/issues/4114)

changed 1 package, and audited 921 packages in 8s

83 packages are looking for funding
  run `npm fund` for details

15 vulnerabilities (9 moderate, 6 high)

To address issues that do not require attention, run:
  npm audit fix

To address all issues possible (including breaking changes), run:
  npm audit fix --force

Some issues need review, and may require choosing
a different dependency.

Run `npm audit` for details.
2022-02-23T04:41:48.321Z appoptics:debug read config from /__w/appoptics-apm-node/appoptics-apm-node/appoptics-apm-config
2022-02-23T04:41:48.322Z appoptics:debug guc ignoring APPOPTICS_LOG_SETTINGS
2022-02-23T04:41:48.322Z appoptics:debug serviceKey dIOz...wWK0:ao-node-test
2022-02-23T04:41:48.323Z appoptics:debug using context provider: ace-context
2022-02-23T04:41:48.458Z appoptics:debug apm 10.2.1, bindings 11.2.0, oboe 10.2.0
2022-02-23T04:41:48.729Z appoptics:patching patched crypto 
2022-02-23T04:41:48.781Z appoptics:patching patched https 
2022-02-23T04:41:48.782Z appoptics:patching patched http 
2022-02-23T04:41:48.839Z appoptics:patching patched zlib 
2022-02-23T04:41:49.206Z appoptics:patching fs.realpath - adding native method
2022-02-23T04:41:49.207Z appoptics:patching patched fs 
2022-02-23T04:41:49.221Z appoptics:patching hapi - v17 not looking for hapi/lib/plugin
2022-02-23T04:41:49.221Z appoptics:patching patched @hapi/hapi 19.0.3
2022-02-23T04:41:49.251Z appoptics:patching patched @hapi/vision 6.1.0
2022-02-23T04:41:49.260Z appoptics:debug starting runtimeMetrics


  probes.@hapi/hapi 19.0.3 @hapi/vision 6.1.0
    ✓ UDP might lose a message
    ✓ should forward controller/action data from get request (79ms)
    1) should forward controller/action data from post request
    2) should forward controller/action data from put request
    3) should forward controller/action data from delete request
    ✓ should trace render span
    ✓ should skip vision when disabled
    ✓ should allow a custom TransactionName
    ✓ should allow a custom TransactionName with domain prefix
    ✓ should handle an error in the custom name function
    ✓ should handle a falsey return by the custom name function


  8 passing (6s)
  3 failing

  1) probes.@hapi/hapi 19.0.3 @hapi/vision 6.1.0
       should forward controller/action data from post request:
     Error: Timeout of 2000ms exceeded. For async tests and hooks, ensure "done()" is called; if returning a Promise, ensure it resolves. (/__w/appoptics-apm-node/appoptics-apm-node/test/probes/@hapi-hapi.test.js)
      at listOnTimeout (node:internal/timers:559:17)
      at processTimers (node:internal/timers:502:7)

  2) probes.@hapi/hapi 19.0.3 @hapi/vision 6.1.0
       should forward controller/action data from put request:
     Error: Timeout of 2000ms exceeded. For async tests and hooks, ensure "done()" is called; if returning a Promise, ensure it resolves. (/__w/appoptics-apm-node/appoptics-apm-node/test/probes/@hapi-hapi.test.js)
      at listOnTimeout (node:internal/timers:559:17)
      at processTimers (node:internal/timers:502:7)

  3) probes.@hapi/hapi 19.0.3 @hapi/vision 6.1.0
       should forward controller/action data from delete request:
     Error: Timeout of 2000ms exceeded. For async tests and hooks, ensure "done()" is called; if returning a Promise, ensure it resolves. (/__w/appoptics-apm-node/appoptics-apm-node/test/probes/@hapi-hapi.test.js)
      at listOnTimeout (node:internal/timers:559:17)
      at processTimers (node:internal/timers:502:7)



npm WARN deprecated @hapi/hapi@19.0.4: This version contains severe security issues and defects and should not be used! Please upgrade to the latest version of @hapi/hapi or consider a commercial license (https://github.com/hapijs/hapi/issues/4114)

changed 1 package, and audited 921 packages in 9s

83 packages are looking for funding
  run `npm fund` for details

15 vulnerabilities (9 moderate, 6 high)

To address issues that do not require attention, run:
  npm audit fix

To address all issues possible (including breaking changes), run:
  npm audit fix --force

Some issues need review, and may require choosing
a different dependency.

Run `npm audit` for details.
2022-02-23T04:42:05.470Z appoptics:debug read config from /__w/appoptics-apm-node/appoptics-apm-node/appoptics-apm-config
2022-02-23T04:42:05.471Z appoptics:debug guc ignoring APPOPTICS_LOG_SETTINGS
2022-02-23T04:42:05.472Z appoptics:debug serviceKey dIOz...wWK0:ao-node-test
2022-02-23T04:42:05.473Z appoptics:debug using context provider: ace-context
2022-02-23T04:42:05.557Z appoptics:debug apm 10.2.1, bindings 11.2.0, oboe 10.2.0
2022-02-23T04:42:05.751Z appoptics:patching patched crypto 
2022-02-23T04:42:05.776Z appoptics:patching patched https 
2022-02-23T04:42:05.777Z appoptics:patching patched http 
2022-02-23T04:42:05.830Z appoptics:patching patched zlib 
2022-02-23T04:42:06.077Z appoptics:patching fs.realpath - adding native method
2022-02-23T04:42:06.077Z appoptics:patching patched fs 
2022-02-23T04:42:06.096Z appoptics:patching hapi - v17 not looking for hapi/lib/plugin
2022-02-23T04:42:06.096Z appoptics:patching patched @hapi/hapi 19.0.4
2022-02-23T04:42:06.113Z appoptics:patching patched @hapi/vision 6.1.0
2022-02-23T04:42:06.118Z appoptics:debug starting runtimeMetrics


  probes.@hapi/hapi 19.0.4 @hapi/vision 6.1.0
    ✓ UDP might lose a message
    ✓ should forward controller/action data from get request (80ms)
    1) should forward controller/action data from post request
    2) should forward controller/action data from put request
    3) should forward controller/action data from delete request
    ✓ should trace render span
    ✓ should skip vision when disabled
    ✓ should allow a custom TransactionName
    ✓ should allow a custom TransactionName with domain prefix
    ✓ should handle an error in the custom name function
    ✓ should handle a falsey return by the custom name function


  8 passing (6s)
  3 failing

  1) probes.@hapi/hapi 19.0.4 @hapi/vision 6.1.0
       should forward controller/action data from post request:
     Error: Timeout of 2000ms exceeded. For async tests and hooks, ensure "done()" is called; if returning a Promise, ensure it resolves. (/__w/appoptics-apm-node/appoptics-apm-node/test/probes/@hapi-hapi.test.js)
      at listOnTimeout (node:internal/timers:559:17)
      at processTimers (node:internal/timers:502:7)

  2) probes.@hapi/hapi 19.0.4 @hapi/vision 6.1.0
       should forward controller/action data from put request:
     Error: Timeout of 2000ms exceeded. For async tests and hooks, ensure "done()" is called; if returning a Promise, ensure it resolves. (/__w/appoptics-apm-node/appoptics-apm-node/test/probes/@hapi-hapi.test.js)
      at listOnTimeout (node:internal/timers:559:17)
      at processTimers (node:internal/timers:502:7)

  3) probes.@hapi/hapi 19.0.4 @hapi/vision 6.1.0
       should forward controller/action data from delete request:
     Error: Timeout of 2000ms exceeded. For async tests and hooks, ensure "done()" is called; if returning a Promise, ensure it resolves. (/__w/appoptics-apm-node/appoptics-apm-node/test/probes/@hapi-hapi.test.js)
      at listOnTimeout (node:internal/timers:559:17)
      at processTimers (node:internal/timers:502:7)



npm WARN deprecated @hapi/hapi@19.0.5: This version contains severe security issues and defects and should not be used! Please upgrade to the latest version of @hapi/hapi or consider a commercial license (https://github.com/hapijs/hapi/issues/4114)

removed 3 packages, changed 3 packages, and audited 918 packages in 9s

83 packages are looking for funding
  run `npm fund` for details

13 vulnerabilities (9 moderate, 4 high)

To address issues that do not require attention, run:
  npm audit fix

To address all issues possible (including breaking changes), run:
  npm audit fix --force

Some issues need review, and may require choosing
a different dependency.

Run `npm audit` for details.
2022-02-23T04:42:21.698Z appoptics:debug read config from /__w/appoptics-apm-node/appoptics-apm-node/appoptics-apm-config
2022-02-23T04:42:21.699Z appoptics:debug guc ignoring APPOPTICS_LOG_SETTINGS
2022-02-23T04:42:21.699Z appoptics:debug serviceKey dIOz...wWK0:ao-node-test
2022-02-23T04:42:21.700Z appoptics:debug using context provider: ace-context
2022-02-23T04:42:21.803Z appoptics:debug apm 10.2.1, bindings 11.2.0, oboe 10.2.0
2022-02-23T04:42:22.006Z appoptics:patching patched crypto 
2022-02-23T04:42:22.033Z appoptics:patching patched https 
2022-02-23T04:42:22.034Z appoptics:patching patched http 
2022-02-23T04:42:22.081Z appoptics:patching patched zlib 
2022-02-23T04:42:22.305Z appoptics:patching fs.realpath - adding native method
2022-02-23T04:42:22.305Z appoptics:patching patched fs 
2022-02-23T04:42:22.318Z appoptics:patching hapi - v17 not looking for hapi/lib/plugin
2022-02-23T04:42:22.318Z appoptics:patching patched @hapi/hapi 19.0.5
2022-02-23T04:42:22.338Z appoptics:patching patched @hapi/vision 6.1.0
2022-02-23T04:42:22.343Z appoptics:debug starting runtimeMetrics


  probes.@hapi/hapi 19.0.5 @hapi/vision 6.1.0
    ✓ UDP might lose a message
    ✓ should forward controller/action data from get request (80ms)
    1) should forward controller/action data from post request
    2) should forward controller/action data from put request
    3) should forward controller/action data from delete request
    ✓ should trace render span
    ✓ should skip vision when disabled
    ✓ should allow a custom TransactionName
    ✓ should allow a custom TransactionName with domain prefix
    ✓ should handle an error in the custom name function
    ✓ should handle a falsey return by the custom name function


  8 passing (6s)
  3 failing

  1) probes.@hapi/hapi 19.0.5 @hapi/vision 6.1.0
       should forward controller/action data from post request:
     Error: Timeout of 2000ms exceeded. For async tests and hooks, ensure "done()" is called; if returning a Promise, ensure it resolves. (/__w/appoptics-apm-node/appoptics-apm-node/test/probes/@hapi-hapi.test.js)
      at listOnTimeout (node:internal/timers:559:17)
      at processTimers (node:internal/timers:502:7)

  2) probes.@hapi/hapi 19.0.5 @hapi/vision 6.1.0
       should forward controller/action data from put request:
     Error: Timeout of 2000ms exceeded. For async tests and hooks, ensure "done()" is called; if returning a Promise, ensure it resolves. (/__w/appoptics-apm-node/appoptics-apm-node/test/probes/@hapi-hapi.test.js)
      at listOnTimeout (node:internal/timers:559:17)
      at processTimers (node:internal/timers:502:7)

  3) probes.@hapi/hapi 19.0.5 @hapi/vision 6.1.0
       should forward controller/action data from delete request:
     Error: Timeout of 2000ms exceeded. For async tests and hooks, ensure "done()" is called; if returning a Promise, ensure it resolves. (/__w/appoptics-apm-node/appoptics-apm-node/test/probes/@hapi-hapi.test.js)
      at listOnTimeout (node:internal/timers:559:17)
      at processTimers (node:internal/timers:502:7)



npm WARN deprecated @hapi/hapi@19.1.0: This version contains severe security issues and defects and should not be used! Please upgrade to the latest version of @hapi/hapi or consider a commercial license (https://github.com/hapijs/hapi/issues/4114)

changed 1 package, and audited 918 packages in 8s

83 packages are looking for funding
  run `npm fund` for details

13 vulnerabilities (9 moderate, 4 high)

To address issues that do not require attention, run:
  npm audit fix

To address all issues possible (including breaking changes), run:
  npm audit fix --force

Some issues need review, and may require choosing
a different dependency.

Run `npm audit` for details.
2022-02-23T04:42:37.361Z appoptics:debug read config from /__w/appoptics-apm-node/appoptics-apm-node/appoptics-apm-config
2022-02-23T04:42:37.362Z appoptics:debug guc ignoring APPOPTICS_LOG_SETTINGS
2022-02-23T04:42:37.362Z appoptics:debug serviceKey dIOz...wWK0:ao-node-test
2022-02-23T04:42:37.363Z appoptics:debug using context provider: ace-context
2022-02-23T04:42:37.445Z appoptics:debug apm 10.2.1, bindings 11.2.0, oboe 10.2.0
2022-02-23T04:42:37.633Z appoptics:patching patched crypto 
2022-02-23T04:42:37.657Z appoptics:patching patched https 
2022-02-23T04:42:37.658Z appoptics:patching patched http 
2022-02-23T04:42:37.706Z appoptics:patching patched zlib 
2022-02-23T04:42:37.986Z appoptics:patching fs.realpath - adding native method
2022-02-23T04:42:37.987Z appoptics:patching patched fs 
2022-02-23T04:42:37.999Z appoptics:patching hapi - v17 not looking for hapi/lib/plugin
2022-02-23T04:42:38.001Z appoptics:patching patched @hapi/hapi 19.1.0
2022-02-23T04:42:38.021Z appoptics:patching patched @hapi/vision 6.1.0
2022-02-23T04:42:38.026Z appoptics:debug starting runtimeMetrics


  probes.@hapi/hapi 19.1.0 @hapi/vision 6.1.0
    ✓ UDP might lose a message
    ✓ should forward controller/action data from get request (87ms)
    1) should forward controller/action data from post request
    2) should forward controller/action data from put request
    3) should forward controller/action data from delete request
    ✓ should trace render span
    ✓ should skip vision when disabled
    ✓ should allow a custom TransactionName
    ✓ should allow a custom TransactionName with domain prefix
    ✓ should handle an error in the custom name function
    ✓ should handle a falsey return by the custom name function


  8 passing (6s)
  3 failing

  1) probes.@hapi/hapi 19.1.0 @hapi/vision 6.1.0
       should forward controller/action data from post request:
     Error: Timeout of 2000ms exceeded. For async tests and hooks, ensure "done()" is called; if returning a Promise, ensure it resolves. (/__w/appoptics-apm-node/appoptics-apm-node/test/probes/@hapi-hapi.test.js)
      at listOnTimeout (node:internal/timers:559:17)
      at processTimers (node:internal/timers:502:7)

  2) probes.@hapi/hapi 19.1.0 @hapi/vision 6.1.0
       should forward controller/action data from put request:
     Error: Timeout of 2000ms exceeded. For async tests and hooks, ensure "done()" is called; if returning a Promise, ensure it resolves. (/__w/appoptics-apm-node/appoptics-apm-node/test/probes/@hapi-hapi.test.js)
      at listOnTimeout (node:internal/timers:559:17)
      at processTimers (node:internal/timers:502:7)

  3) probes.@hapi/hapi 19.1.0 @hapi/vision 6.1.0
       should forward controller/action data from delete request:
     Error: Timeout of 2000ms exceeded. For async tests and hooks, ensure "done()" is called; if returning a Promise, ensure it resolves. (/__w/appoptics-apm-node/appoptics-apm-node/test/probes/@hapi-hapi.test.js)
      at listOnTimeout (node:internal/timers:559:17)
      at processTimers (node:internal/timers:502:7)



npm WARN deprecated @hapi/hapi@19.1.1: This version contains severe security issues and defects and should not be used! Please upgrade to the latest version of @hapi/hapi or consider a commercial license (https://github.com/hapijs/hapi/issues/4114)

changed 2 packages, and audited 918 packages in 8s

83 packages are looking for funding
  run `npm fund` for details

12 vulnerabilities (9 moderate, 3 high)

To address issues that do not require attention, run:
  npm audit fix

To address all issues possible (including breaking changes), run:
  npm audit fix --force

Some issues need review, and may require choosing
a different dependency.

Run `npm audit` for details.
2022-02-23T04:42:53.014Z appoptics:debug read config from /__w/appoptics-apm-node/appoptics-apm-node/appoptics-apm-config
2022-02-23T04:42:53.016Z appoptics:debug guc ignoring APPOPTICS_LOG_SETTINGS
2022-02-23T04:42:53.016Z appoptics:debug serviceKey dIOz...wWK0:ao-node-test
2022-02-23T04:42:53.017Z appoptics:debug using context provider: ace-context
2022-02-23T04:42:53.109Z appoptics:debug apm 10.2.1, bindings 11.2.0, oboe 10.2.0
2022-02-23T04:42:53.326Z appoptics:patching patched crypto 
2022-02-23T04:42:53.378Z appoptics:patching patched https 
2022-02-23T04:42:53.379Z appoptics:patching patched http 
2022-02-23T04:42:53.436Z appoptics:patching patched zlib 
2022-02-23T04:42:54.185Z appoptics:patching fs.realpath - adding native method
2022-02-23T04:42:54.185Z appoptics:patching patched fs 
2022-02-23T04:42:54.223Z appoptics:patching hapi - v17 not looking for hapi/lib/plugin
2022-02-23T04:42:54.224Z appoptics:patching patched @hapi/hapi 19.1.1
2022-02-23T04:42:54.242Z appoptics:patching patched @hapi/vision 6.1.0
2022-02-23T04:42:54.252Z appoptics:debug starting runtimeMetrics


  probes.@hapi/hapi 19.1.1 @hapi/vision 6.1.0
    ✓ UDP might lose a message
    ✓ should forward controller/action data from get request (116ms)
    1) should forward controller/action data from post request
    2) should forward controller/action data from put request
    3) should forward controller/action data from delete request
    ✓ should trace render span
    ✓ should skip vision when disabled
    ✓ should allow a custom TransactionName
    ✓ should allow a custom TransactionName with domain prefix
    ✓ should handle an error in the custom name function
    ✓ should handle a falsey return by the custom name function


  8 passing (6s)
  3 failing

  1) probes.@hapi/hapi 19.1.1 @hapi/vision 6.1.0
       should forward controller/action data from post request:
     Error: Timeout of 2000ms exceeded. For async tests and hooks, ensure "done()" is called; if returning a Promise, ensure it resolves. (/__w/appoptics-apm-node/appoptics-apm-node/test/probes/@hapi-hapi.test.js)
      at listOnTimeout (node:internal/timers:559:17)
      at processTimers (node:internal/timers:502:7)

  2) probes.@hapi/hapi 19.1.1 @hapi/vision 6.1.0
       should forward controller/action data from put request:
     Error: Timeout of 2000ms exceeded. For async tests and hooks, ensure "done()" is called; if returning a Promise, ensure it resolves. (/__w/appoptics-apm-node/appoptics-apm-node/test/probes/@hapi-hapi.test.js)
      at listOnTimeout (node:internal/timers:559:17)
      at processTimers (node:internal/timers:502:7)

  3) probes.@hapi/hapi 19.1.1 @hapi/vision 6.1.0
       should forward controller/action data from delete request:
     Error: Timeout of 2000ms exceeded. For async tests and hooks, ensure "done()" is called; if returning a Promise, ensure it resolves. (/__w/appoptics-apm-node/appoptics-apm-node/test/probes/@hapi-hapi.test.js)
      at listOnTimeout (node:internal/timers:559:17)
      at processTimers (node:internal/timers:502:7)



npm WARN deprecated @hapi/hapi@19.2.0: This version contains severe security issues and defects and should not be used! Please upgrade to the latest version of @hapi/hapi or consider a commercial license (https://github.com/hapijs/hapi/issues/4114)

changed 1 package, and audited 918 packages in 9s

83 packages are looking for funding
  run `npm fund` for details

12 vulnerabilities (9 moderate, 3 high)

To address issues that do not require attention, run:
  npm audit fix

To address all issues possible (including breaking changes), run:
  npm audit fix --force

Some issues need review, and may require choosing
a different dependency.

Run `npm audit` for details.
2022-02-23T04:43:09.880Z appoptics:debug read config from /__w/appoptics-apm-node/appoptics-apm-node/appoptics-apm-config
2022-02-23T04:43:09.881Z appoptics:debug guc ignoring APPOPTICS_LOG_SETTINGS
2022-02-23T04:43:09.881Z appoptics:debug serviceKey dIOz...wWK0:ao-node-test
2022-02-23T04:43:09.882Z appoptics:debug using context provider: ace-context
2022-02-23T04:43:09.967Z appoptics:debug apm 10.2.1, bindings 11.2.0, oboe 10.2.0
2022-02-23T04:43:10.163Z appoptics:patching patched crypto 
2022-02-23T04:43:10.205Z appoptics:patching patched https 
2022-02-23T04:43:10.206Z appoptics:patching patched http 
2022-02-23T04:43:10.242Z appoptics:patching patched zlib 
2022-02-23T04:43:10.526Z appoptics:patching fs.realpath - adding native method
2022-02-23T04:43:10.527Z appoptics:patching patched fs 
2022-02-23T04:43:10.546Z appoptics:patching hapi - v17 not looking for hapi/lib/plugin
2022-02-23T04:43:10.546Z appoptics:patching patched @hapi/hapi 19.2.0
2022-02-23T04:43:10.557Z appoptics:patching patched @hapi/vision 6.1.0
2022-02-23T04:43:10.564Z appoptics:debug starting runtimeMetrics


  probes.@hapi/hapi 19.2.0 @hapi/vision 6.1.0
    ✓ UDP might lose a message
    ✓ should forward controller/action data from get request (78ms)
    1) should forward controller/action data from post request
    2) should forward controller/action data from put request
    3) should forward controller/action data from delete request
    ✓ should trace render span
    ✓ should skip vision when disabled
    ✓ should allow a custom TransactionName
    ✓ should allow a custom TransactionName with domain prefix
    ✓ should handle an error in the custom name function
    ✓ should handle a falsey return by the custom name function


  8 passing (6s)
  3 failing

  1) probes.@hapi/hapi 19.2.0 @hapi/vision 6.1.0
       should forward controller/action data from post request:
     Error: Timeout of 2000ms exceeded. For async tests and hooks, ensure "done()" is called; if returning a Promise, ensure it resolves. (/__w/appoptics-apm-node/appoptics-apm-node/test/probes/@hapi-hapi.test.js)
      at listOnTimeout (node:internal/timers:559:17)
      at processTimers (node:internal/timers:502:7)

  2) probes.@hapi/hapi 19.2.0 @hapi/vision 6.1.0
       should forward controller/action data from put request:
     Error: Timeout of 2000ms exceeded. For async tests and hooks, ensure "done()" is called; if returning a Promise, ensure it resolves. (/__w/appoptics-apm-node/appoptics-apm-node/test/probes/@hapi-hapi.test.js)
      at listOnTimeout (node:internal/timers:559:17)
      at processTimers (node:internal/timers:502:7)

  3) probes.@hapi/hapi 19.2.0 @hapi/vision 6.1.0
       should forward controller/action data from delete request:
     Error: Timeout of 2000ms exceeded. For async tests and hooks, ensure "done()" is called; if returning a Promise, ensure it resolves. (/__w/appoptics-apm-node/appoptics-apm-node/test/probes/@hapi-hapi.test.js)
      at listOnTimeout (node:internal/timers:559:17)
      at processTimers (node:internal/timers:502:7)




removed 5 packages, changed 2 packages, and audited 913 packages in 17s

83 packages are looking for funding
  run `npm fund` for details

12 vulnerabilities (9 moderate, 3 high)

To address issues that do not require attention, run:
  npm audit fix

To address all issues possible (including breaking changes), run:
  npm audit fix --force

Some issues need review, and may require choosing
a different dependency.

Run `npm audit` for details.
2022-02-23T04:43:34.468Z appoptics:debug read config from /__w/appoptics-apm-node/appoptics-apm-node/appoptics-apm-config
2022-02-23T04:43:34.469Z appoptics:debug guc ignoring APPOPTICS_LOG_SETTINGS
2022-02-23T04:43:34.469Z appoptics:debug serviceKey dIOz...wWK0:ao-node-test
2022-02-23T04:43:34.470Z appoptics:debug using context provider: ace-context
2022-02-23T04:43:34.556Z appoptics:debug apm 10.2.1, bindings 11.2.0, oboe 10.2.0
2022-02-23T04:43:34.824Z appoptics:patching patched crypto 
2022-02-23T04:43:34.883Z appoptics:patching patched https 
2022-02-23T04:43:34.884Z appoptics:patching patched http 
2022-02-23T04:43:34.928Z appoptics:patching patched zlib 
2022-02-23T04:43:35.099Z appoptics:patching fs.realpath - adding native method
2022-02-23T04:43:35.099Z appoptics:patching patched fs 
2022-02-23T04:43:35.112Z appoptics:patching hapi - v17 not looking for hapi/lib/plugin
2022-02-23T04:43:35.112Z appoptics:patching patched @hapi/hapi 20.0.0
2022-02-23T04:43:35.121Z appoptics:patching patched @hapi/vision 6.1.0
2022-02-23T04:43:35.126Z appoptics:debug starting runtimeMetrics


  probes.@hapi/hapi 20.0.0 @hapi/vision 6.1.0
    ✓ UDP might lose a message
    ✓ should forward controller/action data from get request (79ms)
    1) should forward controller/action data from post request
    2) should forward controller/action data from put request
    3) should forward controller/action data from delete request
    ✓ should trace render span
    ✓ should skip vision when disabled
    ✓ should allow a custom TransactionName
    ✓ should allow a custom TransactionName with domain prefix
    ✓ should handle an error in the custom name function
    ✓ should handle a falsey return by the custom name function


  8 passing (6s)
  3 failing

  1) probes.@hapi/hapi 20.0.0 @hapi/vision 6.1.0
       should forward controller/action data from post request:
     Error: Timeout of 2000ms exceeded. For async tests and hooks, ensure "done()" is called; if returning a Promise, ensure it resolves. (/__w/appoptics-apm-node/appoptics-apm-node/test/probes/@hapi-hapi.test.js)
      at listOnTimeout (node:internal/timers:559:17)
      at processTimers (node:internal/timers:502:7)

  2) probes.@hapi/hapi 20.0.0 @hapi/vision 6.1.0
       should forward controller/action data from put request:
     Error: Timeout of 2000ms exceeded. For async tests and hooks, ensure "done()" is called; if returning a Promise, ensure it resolves. (/__w/appoptics-apm-node/appoptics-apm-node/test/probes/@hapi-hapi.test.js)
      at listOnTimeout (node:internal/timers:559:17)
      at processTimers (node:internal/timers:502:7)

  3) probes.@hapi/hapi 20.0.0 @hapi/vision 6.1.0
       should forward controller/action data from delete request:
     Error: Timeout of 2000ms exceeded. For async tests and hooks, ensure "done()" is called; if returning a Promise, ensure it resolves. (/__w/appoptics-apm-node/appoptics-apm-node/test/probes/@hapi-hapi.test.js)
      at listOnTimeout (node:internal/timers:559:17)
      at processTimers (node:internal/timers:502:7)




changed 1 package, and audited 913 packages in 9s

83 packages are looking for funding
  run `npm fund` for details

12 vulnerabilities (9 moderate, 3 high)

To address issues that do not require attention, run:
  npm audit fix

To address all issues possible (including breaking changes), run:
  npm audit fix --force

Some issues need review, and may require choosing
a different dependency.

Run `npm audit` for details.
2022-02-23T04:43:51.349Z appoptics:debug read config from /__w/appoptics-apm-node/appoptics-apm-node/appoptics-apm-config
2022-02-23T04:43:51.350Z appoptics:debug guc ignoring APPOPTICS_LOG_SETTINGS
2022-02-23T04:43:51.350Z appoptics:debug serviceKey dIOz...wWK0:ao-node-test
2022-02-23T04:43:51.351Z appoptics:debug using context provider: ace-context
2022-02-23T04:43:51.434Z appoptics:debug apm 10.2.1, bindings 11.2.0, oboe 10.2.0
2022-02-23T04:43:51.638Z appoptics:patching patched crypto 
2022-02-23T04:43:51.663Z appoptics:patching patched https 
2022-02-23T04:43:51.663Z appoptics:patching patched http 
2022-02-23T04:43:51.715Z appoptics:patching patched zlib 
2022-02-23T04:43:51.882Z appoptics:patching fs.realpath - adding native method
2022-02-23T04:43:51.882Z appoptics:patching patched fs 
2022-02-23T04:43:51.895Z appoptics:patching hapi - v17 not looking for hapi/lib/plugin
2022-02-23T04:43:51.895Z appoptics:patching patched @hapi/hapi 20.0.1
2022-02-23T04:43:51.905Z appoptics:patching patched @hapi/vision 6.1.0
2022-02-23T04:43:51.910Z appoptics:debug starting runtimeMetrics


  probes.@hapi/hapi 20.0.1 @hapi/vision 6.1.0
    ✓ UDP might lose a message
    ✓ should forward controller/action data from get request (77ms)
    1) should forward controller/action data from post request
    2) should forward controller/action data from put request
    3) should forward controller/action data from delete request
    ✓ should trace render span
    ✓ should skip vision when disabled
    ✓ should allow a custom TransactionName
    ✓ should allow a custom TransactionName with domain prefix
    ✓ should handle an error in the custom name function
    ✓ should handle a falsey return by the custom name function


  8 passing (6s)
  3 failing

  1) probes.@hapi/hapi 20.0.1 @hapi/vision 6.1.0
       should forward controller/action data from post request:
     Error: Timeout of 2000ms exceeded. For async tests and hooks, ensure "done()" is called; if returning a Promise, ensure it resolves. (/__w/appoptics-apm-node/appoptics-apm-node/test/probes/@hapi-hapi.test.js)
      at listOnTimeout (node:internal/timers:559:17)
      at processTimers (node:internal/timers:502:7)

  2) probes.@hapi/hapi 20.0.1 @hapi/vision 6.1.0
       should forward controller/action data from put request:
     Error: Timeout of 2000ms exceeded. For async tests and hooks, ensure "done()" is called; if returning a Promise, ensure it resolves. (/__w/appoptics-apm-node/appoptics-apm-node/test/probes/@hapi-hapi.test.js)
      at listOnTimeout (node:internal/timers:559:17)
      at processTimers (node:internal/timers:502:7)

  3) probes.@hapi/hapi 20.0.1 @hapi/vision 6.1.0
       should forward controller/action data from delete request:
     Error: Timeout of 2000ms exceeded. For async tests and hooks, ensure "done()" is called; if returning a Promise, ensure it resolves. (/__w/appoptics-apm-node/appoptics-apm-node/test/probes/@hapi-hapi.test.js)
      at listOnTimeout (node:internal/timers:559:17)
      at processTimers (node:internal/timers:502:7)




changed 1 package, and audited 913 packages in 8s

83 packages are looking for funding
  run `npm fund` for details

12 vulnerabilities (9 moderate, 3 high)

To address issues that do not require attention, run:
  npm audit fix

To address all issues possible (including breaking changes), run:
  npm audit fix --force

Some issues need review, and may require choosing
a different dependency.

Run `npm audit` for details.
2022-02-23T04:44:06.337Z appoptics:debug read config from /__w/appoptics-apm-node/appoptics-apm-node/appoptics-apm-config
2022-02-23T04:44:06.338Z appoptics:debug guc ignoring APPOPTICS_LOG_SETTINGS
2022-02-23T04:44:06.338Z appoptics:debug serviceKey dIOz...wWK0:ao-node-test
2022-02-23T04:44:06.339Z appoptics:debug using context provider: ace-context
2022-02-23T04:44:06.434Z appoptics:debug apm 10.2.1, bindings 11.2.0, oboe 10.2.0
2022-02-23T04:44:06.643Z appoptics:patching patched crypto 
2022-02-23T04:44:06.695Z appoptics:patching patched https 
2022-02-23T04:44:06.695Z appoptics:patching patched http 
2022-02-23T04:44:06.744Z appoptics:patching patched zlib 
2022-02-23T04:44:06.976Z appoptics:patching fs.realpath - adding native method
2022-02-23T04:44:06.977Z appoptics:patching patched fs 
2022-02-23T04:44:06.989Z appoptics:patching hapi - v17 not looking for hapi/lib/plugin
2022-02-23T04:44:06.989Z appoptics:patching patched @hapi/hapi 20.0.2
2022-02-23T04:44:06.999Z appoptics:patching patched @hapi/vision 6.1.0
2022-02-23T04:44:07.004Z appoptics:debug starting runtimeMetrics


  probes.@hapi/hapi 20.0.2 @hapi/vision 6.1.0
    ✓ UDP might lose a message
    ✓ should forward controller/action data from get request (88ms)
    1) should forward controller/action data from post request
    2) should forward controller/action data from put request
    3) should forward controller/action data from delete request
    ✓ should trace render span
    ✓ should skip vision when disabled
    ✓ should allow a custom TransactionName
    ✓ should allow a custom TransactionName with domain prefix
    ✓ should handle an error in the custom name function
    ✓ should handle a falsey return by the custom name function


  8 passing (6s)
  3 failing

  1) probes.@hapi/hapi 20.0.2 @hapi/vision 6.1.0
       should forward controller/action data from post request:
     Error: Timeout of 2000ms exceeded. For async tests and hooks, ensure "done()" is called; if returning a Promise, ensure it resolves. (/__w/appoptics-apm-node/appoptics-apm-node/test/probes/@hapi-hapi.test.js)
      at listOnTimeout (node:internal/timers:559:17)
      at processTimers (node:internal/timers:502:7)

  2) probes.@hapi/hapi 20.0.2 @hapi/vision 6.1.0
       should forward controller/action data from put request:
     Error: Timeout of 2000ms exceeded. For async tests and hooks, ensure "done()" is called; if returning a Promise, ensure it resolves. (/__w/appoptics-apm-node/appoptics-apm-node/test/probes/@hapi-hapi.test.js)
      at listOnTimeout (node:internal/timers:559:17)
      at processTimers (node:internal/timers:502:7)

  3) probes.@hapi/hapi 20.0.2 @hapi/vision 6.1.0
       should forward controller/action data from delete request:
     Error: Timeout of 2000ms exceeded. For async tests and hooks, ensure "done()" is called; if returning a Promise, ensure it resolves. (/__w/appoptics-apm-node/appoptics-apm-node/test/probes/@hapi-hapi.test.js)
      at listOnTimeout (node:internal/timers:559:17)
      at processTimers (node:internal/timers:502:7)




changed 1 package, and audited 913 packages in 9s

83 packages are looking for funding
  run `npm fund` for details

12 vulnerabilities (9 moderate, 3 high)

To address issues that do not require attention, run:
  npm audit fix

To address all issues possible (including breaking changes), run:
  npm audit fix --force

Some issues need review, and may require choosing
a different dependency.

Run `npm audit` for details.
2022-02-23T04:44:22.572Z appoptics:debug read config from /__w/appoptics-apm-node/appoptics-apm-node/appoptics-apm-config
2022-02-23T04:44:22.573Z appoptics:debug guc ignoring APPOPTICS_LOG_SETTINGS
2022-02-23T04:44:22.573Z appoptics:debug serviceKey dIOz...wWK0:ao-node-test
2022-02-23T04:44:22.574Z appoptics:debug using context provider: ace-context
2022-02-23T04:44:22.673Z appoptics:debug apm 10.2.1, bindings 11.2.0, oboe 10.2.0
2022-02-23T04:44:22.866Z appoptics:patching patched crypto 
2022-02-23T04:44:22.890Z appoptics:patching patched https 
2022-02-23T04:44:22.891Z appoptics:patching patched http 
2022-02-23T04:44:22.944Z appoptics:patching patched zlib 
2022-02-23T04:44:23.129Z appoptics:patching fs.realpath - adding native method
2022-02-23T04:44:23.129Z appoptics:patching patched fs 
2022-02-23T04:44:23.143Z appoptics:patching hapi - v17 not looking for hapi/lib/plugin
2022-02-23T04:44:23.144Z appoptics:patching patched @hapi/hapi 20.0.3
2022-02-23T04:44:23.153Z appoptics:patching patched @hapi/vision 6.1.0
2022-02-23T04:44:23.158Z appoptics:debug starting runtimeMetrics


  probes.@hapi/hapi 20.0.3 @hapi/vision 6.1.0
    ✓ UDP might lose a message
    ✓ should forward controller/action data from get request (79ms)
    1) should forward controller/action data from post request
    2) should forward controller/action data from put request
    3) should forward controller/action data from delete request
    ✓ should trace render span
    ✓ should skip vision when disabled
    ✓ should allow a custom TransactionName
    ✓ should allow a custom TransactionName with domain prefix
    ✓ should handle an error in the custom name function
    ✓ should handle a falsey return by the custom name function


  8 passing (6s)
  3 failing

  1) probes.@hapi/hapi 20.0.3 @hapi/vision 6.1.0
       should forward controller/action data from post request:
     Error: Timeout of 2000ms exceeded. For async tests and hooks, ensure "done()" is called; if returning a Promise, ensure it resolves. (/__w/appoptics-apm-node/appoptics-apm-node/test/probes/@hapi-hapi.test.js)
      at listOnTimeout (node:internal/timers:559:17)
      at processTimers (node:internal/timers:502:7)

  2) probes.@hapi/hapi 20.0.3 @hapi/vision 6.1.0
       should forward controller/action data from put request:
     Error: Timeout of 2000ms exceeded. For async tests and hooks, ensure "done()" is called; if returning a Promise, ensure it resolves. (/__w/appoptics-apm-node/appoptics-apm-node/test/probes/@hapi-hapi.test.js)
      at listOnTimeout (node:internal/timers:559:17)
      at processTimers (node:internal/timers:502:7)

  3) probes.@hapi/hapi 20.0.3 @hapi/vision 6.1.0
       should forward controller/action data from delete request:
     Error: Timeout of 2000ms exceeded. For async tests and hooks, ensure "done()" is called; if returning a Promise, ensure it resolves. (/__w/appoptics-apm-node/appoptics-apm-node/test/probes/@hapi-hapi.test.js)
      at listOnTimeout (node:internal/timers:559:17)
      at processTimers (node:internal/timers:502:7)




changed 1 package, and audited 913 packages in 9s

83 packages are looking for funding
  run `npm fund` for details

12 vulnerabilities (9 moderate, 3 high)

To address issues that do not require attention, run:
  npm audit fix

To address all issues possible (including breaking changes), run:
  npm audit fix --force

Some issues need review, and may require choosing
a different dependency.

Run `npm audit` for details.
2022-02-23T04:44:38.615Z appoptics:debug read config from /__w/appoptics-apm-node/appoptics-apm-node/appoptics-apm-config
2022-02-23T04:44:38.616Z appoptics:debug guc ignoring APPOPTICS_LOG_SETTINGS
2022-02-23T04:44:38.616Z appoptics:debug serviceKey dIOz...wWK0:ao-node-test
2022-02-23T04:44:38.617Z appoptics:debug using context provider: ace-context
2022-02-23T04:44:38.700Z appoptics:debug apm 10.2.1, bindings 11.2.0, oboe 10.2.0
2022-02-23T04:44:38.895Z appoptics:patching patched crypto 
2022-02-23T04:44:38.935Z appoptics:patching patched https 
2022-02-23T04:44:38.936Z appoptics:patching patched http 
2022-02-23T04:44:38.989Z appoptics:patching patched zlib 
2022-02-23T04:44:39.196Z appoptics:patching fs.realpath - adding native method
2022-02-23T04:44:39.197Z appoptics:patching patched fs 
2022-02-23T04:44:39.210Z appoptics:patching hapi - v17 not looking for hapi/lib/plugin
2022-02-23T04:44:39.210Z appoptics:patching patched @hapi/hapi 20.1.0
2022-02-23T04:44:39.219Z appoptics:patching patched @hapi/vision 6.1.0
2022-02-23T04:44:39.224Z appoptics:debug starting runtimeMetrics


  probes.@hapi/hapi 20.1.0 @hapi/vision 6.1.0
    ✓ UDP might lose a message
    ✓ should forward controller/action data from get request (82ms)
    1) should forward controller/action data from post request
    2) should forward controller/action data from put request
    3) should forward controller/action data from delete request
    ✓ should trace render span
    ✓ should skip vision when disabled
    ✓ should allow a custom TransactionName
    ✓ should allow a custom TransactionName with domain prefix
    ✓ should handle an error in the custom name function
    ✓ should handle a falsey return by the custom name function


  8 passing (6s)
  3 failing

  1) probes.@hapi/hapi 20.1.0 @hapi/vision 6.1.0
       should forward controller/action data from post request:
     Error: Timeout of 2000ms exceeded. For async tests and hooks, ensure "done()" is called; if returning a Promise, ensure it resolves. (/__w/appoptics-apm-node/appoptics-apm-node/test/probes/@hapi-hapi.test.js)
      at listOnTimeout (node:internal/timers:559:17)
      at processTimers (node:internal/timers:502:7)

  2) probes.@hapi/hapi 20.1.0 @hapi/vision 6.1.0
       should forward controller/action data from put request:
     Error: Timeout of 2000ms exceeded. For async tests and hooks, ensure "done()" is called; if returning a Promise, ensure it resolves. (/__w/appoptics-apm-node/appoptics-apm-node/test/probes/@hapi-hapi.test.js)
      at listOnTimeout (node:internal/timers:559:17)
      at processTimers (node:internal/timers:502:7)

  3) probes.@hapi/hapi 20.1.0 @hapi/vision 6.1.0
       should forward controller/action data from delete request:
     Error: Timeout of 2000ms exceeded. For async tests and hooks, ensure "done()" is called; if returning a Promise, ensure it resolves. (/__w/appoptics-apm-node/appoptics-apm-node/test/probes/@hapi-hapi.test.js)
      at listOnTimeout (node:internal/timers:559:17)
      at processTimers (node:internal/timers:502:7)




changed 1 package, and audited 913 packages in 9s

83 packages are looking for funding
  run `npm fund` for details

12 vulnerabilities (9 moderate, 3 high)

To address issues that do not require attention, run:
  npm audit fix

To address all issues possible (including breaking changes), run:
  npm audit fix --force

Some issues need review, and may require choosing
a different dependency.

Run `npm audit` for details.
2022-02-23T04:44:54.926Z appoptics:debug read config from /__w/appoptics-apm-node/appoptics-apm-node/appoptics-apm-config
2022-02-23T04:44:54.927Z appoptics:debug guc ignoring APPOPTICS_LOG_SETTINGS
2022-02-23T04:44:54.927Z appoptics:debug serviceKey dIOz...wWK0:ao-node-test
2022-02-23T04:44:54.928Z appoptics:debug using context provider: ace-context
2022-02-23T04:44:55.028Z appoptics:debug apm 10.2.1, bindings 11.2.0, oboe 10.2.0
2022-02-23T04:44:55.223Z appoptics:patching patched crypto 
2022-02-23T04:44:55.250Z appoptics:patching patched https 
2022-02-23T04:44:55.250Z appoptics:patching patched http 
2022-02-23T04:44:55.297Z appoptics:patching patched zlib 
2022-02-23T04:44:55.462Z appoptics:patching fs.realpath - adding native method
2022-02-23T04:44:55.462Z appoptics:patching patched fs 
2022-02-23T04:44:55.475Z appoptics:patching hapi - v17 not looking for hapi/lib/plugin
2022-02-23T04:44:55.475Z appoptics:patching patched @hapi/hapi 20.1.1
2022-02-23T04:44:55.485Z appoptics:patching patched @hapi/vision 6.1.0
2022-02-23T04:44:55.490Z appoptics:debug starting runtimeMetrics


  probes.@hapi/hapi 20.1.1 @hapi/vision 6.1.0
    ✓ UDP might lose a message
    ✓ should forward controller/action data from get request (73ms)
    1) should forward controller/action data from post request
    2) should forward controller/action data from put request
    3) should forward controller/action data from delete request
    ✓ should trace render span
    ✓ should skip vision when disabled
    ✓ should allow a custom TransactionName
    ✓ should allow a custom TransactionName with domain prefix
    ✓ should handle an error in the custom name function
    ✓ should handle a falsey return by the custom name function


  8 passing (6s)
  3 failing

  1) probes.@hapi/hapi 20.1.1 @hapi/vision 6.1.0
       should forward controller/action data from post request:
     Error: Timeout of 2000ms exceeded. For async tests and hooks, ensure "done()" is called; if returning a Promise, ensure it resolves. (/__w/appoptics-apm-node/appoptics-apm-node/test/probes/@hapi-hapi.test.js)
      at listOnTimeout (node:internal/timers:559:17)
      at processTimers (node:internal/timers:502:7)

  2) probes.@hapi/hapi 20.1.1 @hapi/vision 6.1.0
       should forward controller/action data from put request:
     Error: Timeout of 2000ms exceeded. For async tests and hooks, ensure "done()" is called; if returning a Promise, ensure it resolves. (/__w/appoptics-apm-node/appoptics-apm-node/test/probes/@hapi-hapi.test.js)
      at listOnTimeout (node:internal/timers:559:17)
      at processTimers (node:internal/timers:502:7)

  3) probes.@hapi/hapi 20.1.1 @hapi/vision 6.1.0
       should forward controller/action data from delete request:
     Error: Timeout of 2000ms exceeded. For async tests and hooks, ensure "done()" is called; if returning a Promise, ensure it resolves. (/__w/appoptics-apm-node/appoptics-apm-node/test/probes/@hapi-hapi.test.js)
      at listOnTimeout (node:internal/timers:559:17)
      at processTimers (node:internal/timers:502:7)




changed 1 package, and audited 913 packages in 8s

83 packages are looking for funding
  run `npm fund` for details

12 vulnerabilities (9 moderate, 3 high)

To address issues that do not require attention, run:
  npm audit fix

To address all issues possible (including breaking changes), run:
  npm audit fix --force

Some issues need review, and may require choosing
a different dependency.

Run `npm audit` for details.
2022-02-23T04:45:09.866Z appoptics:debug read config from /__w/appoptics-apm-node/appoptics-apm-node/appoptics-apm-config
2022-02-23T04:45:09.867Z appoptics:debug guc ignoring APPOPTICS_LOG_SETTINGS
2022-02-23T04:45:09.867Z appoptics:debug serviceKey dIOz...wWK0:ao-node-test
2022-02-23T04:45:09.868Z appoptics:debug using context provider: ace-context
2022-02-23T04:45:09.953Z appoptics:debug apm 10.2.1, bindings 11.2.0, oboe 10.2.0
2022-02-23T04:45:10.183Z appoptics:patching patched crypto 
2022-02-23T04:45:10.207Z appoptics:patching patched https 
2022-02-23T04:45:10.208Z appoptics:patching patched http 
2022-02-23T04:45:10.268Z appoptics:patching patched zlib 
2022-02-23T04:45:10.501Z appoptics:patching fs.realpath - adding native method
2022-02-23T04:45:10.502Z appoptics:patching patched fs 
2022-02-23T04:45:10.527Z appoptics:patching hapi - v17 not looking for hapi/lib/plugin
2022-02-23T04:45:10.527Z appoptics:patching patched @hapi/hapi 20.1.2
2022-02-23T04:45:10.537Z appoptics:patching patched @hapi/vision 6.1.0
2022-02-23T04:45:10.542Z appoptics:debug starting runtimeMetrics


  probes.@hapi/hapi 20.1.2 @hapi/vision 6.1.0
    ✓ UDP might lose a message
    ✓ should forward controller/action data from get request (89ms)
    ✓ should forward controller/action data from post request
    ✓ should forward controller/action data from put request
    ✓ should forward controller/action data from delete request
    ✓ should trace render span
    ✓ should skip vision when disabled
    ✓ should allow a custom TransactionName
    ✓ should allow a custom TransactionName with domain prefix
    ✓ should handle an error in the custom name function
    ✓ should handle a falsey return by the custom name function


  11 passing (319ms)


changed 2 packages, and audited 913 packages in 9s

83 packages are looking for funding
  run `npm fund` for details

12 vulnerabilities (9 moderate, 3 high)

To address issues that do not require attention, run:
  npm audit fix

To address all issues possible (including breaking changes), run:
  npm audit fix --force

Some issues need review, and may require choosing
a different dependency.

Run `npm audit` for details.
2022-02-23T04:45:20.391Z appoptics:debug read config from /__w/appoptics-apm-node/appoptics-apm-node/appoptics-apm-config
2022-02-23T04:45:20.392Z appoptics:debug guc ignoring APPOPTICS_LOG_SETTINGS
2022-02-23T04:45:20.392Z appoptics:debug serviceKey dIOz...wWK0:ao-node-test
2022-02-23T04:45:20.393Z appoptics:debug using context provider: ace-context
2022-02-23T04:45:20.476Z appoptics:debug apm 10.2.1, bindings 11.2.0, oboe 10.2.0
2022-02-23T04:45:20.664Z appoptics:patching patched crypto 
2022-02-23T04:45:20.693Z appoptics:patching patched https 
2022-02-23T04:45:20.694Z appoptics:patching patched http 
2022-02-23T04:45:20.741Z appoptics:patching patched zlib 
2022-02-23T04:45:20.884Z appoptics:patching fs.realpath - adding native method
2022-02-23T04:45:20.884Z appoptics:patching patched fs 
2022-02-23T04:45:20.896Z appoptics:patching hapi - v17 not looking for hapi/lib/plugin
2022-02-23T04:45:20.897Z appoptics:patching patched @hapi/hapi 20.1.3
2022-02-23T04:45:20.911Z appoptics:patching patched @hapi/vision 6.1.0
2022-02-23T04:45:20.917Z appoptics:debug starting runtimeMetrics


  probes.@hapi/hapi 20.1.3 @hapi/vision 6.1.0
    ✓ UDP might lose a message
    ✓ should forward controller/action data from get request (92ms)
    ✓ should forward controller/action data from post request
    ✓ should forward controller/action data from put request
    ✓ should forward controller/action data from delete request
    ✓ should trace render span
    ✓ should skip vision when disabled
    ✓ should allow a custom TransactionName
    ✓ should allow a custom TransactionName with domain prefix
    ✓ should handle an error in the custom name function
    ✓ should handle a falsey return by the custom name function


  11 passing (294ms)


changed 1 package, and audited 913 packages in 9s

83 packages are looking for funding
  run `npm fund` for details

12 vulnerabilities (9 moderate, 3 high)

To address issues that do not require attention, run:
  npm audit fix

To address all issues possible (including breaking changes), run:
  npm audit fix --force

Some issues need review, and may require choosing
a different dependency.

Run `npm audit` for details.
2022-02-23T04:45:30.836Z appoptics:debug read config from /__w/appoptics-apm-node/appoptics-apm-node/appoptics-apm-config
2022-02-23T04:45:30.837Z appoptics:debug guc ignoring APPOPTICS_LOG_SETTINGS
2022-02-23T04:45:30.837Z appoptics:debug serviceKey dIOz...wWK0:ao-node-test
2022-02-23T04:45:30.838Z appoptics:debug using context provider: ace-context
2022-02-23T04:45:30.920Z appoptics:debug apm 10.2.1, bindings 11.2.0, oboe 10.2.0
2022-02-23T04:45:31.123Z appoptics:patching patched crypto 
2022-02-23T04:45:31.168Z appoptics:patching patched https 
2022-02-23T04:45:31.168Z appoptics:patching patched http 
2022-02-23T04:45:31.245Z appoptics:patching patched zlib 
2022-02-23T04:45:31.395Z appoptics:patching fs.realpath - adding native method
2022-02-23T04:45:31.395Z appoptics:patching patched fs 
2022-02-23T04:45:31.409Z appoptics:patching hapi - v17 not looking for hapi/lib/plugin
2022-02-23T04:45:31.409Z appoptics:patching patched @hapi/hapi 20.1.4
2022-02-23T04:45:31.426Z appoptics:patching patched @hapi/vision 6.1.0
2022-02-23T04:45:31.431Z appoptics:debug starting runtimeMetrics


  probes.@hapi/hapi 20.1.4 @hapi/vision 6.1.0
    ✓ UDP might lose a message
    ✓ should forward controller/action data from get request (70ms)
    ✓ should forward controller/action data from post request
    ✓ should forward controller/action data from put request
    ✓ should forward controller/action data from delete request
    ✓ should trace render span
    ✓ should skip vision when disabled
    ✓ should allow a custom TransactionName
    ✓ should allow a custom TransactionName with domain prefix
    ✓ should handle an error in the custom name function
    ✓ should handle a falsey return by the custom name function


  11 passing (282ms)


changed 1 package, and audited 913 packages in 9s

83 packages are looking for funding
  run `npm fund` for details

12 vulnerabilities (9 moderate, 3 high)

To address issues that do not require attention, run:
  npm audit fix

To address all issues possible (including breaking changes), run:
  npm audit fix --force

Some issues need review, and may require choosing
a different dependency.

Run `npm audit` for details.
2022-02-23T04:45:40.957Z appoptics:debug read config from /__w/appoptics-apm-node/appoptics-apm-node/appoptics-apm-config
2022-02-23T04:45:40.958Z appoptics:debug guc ignoring APPOPTICS_LOG_SETTINGS
2022-02-23T04:45:40.958Z appoptics:debug serviceKey dIOz...wWK0:ao-node-test
2022-02-23T04:45:40.959Z appoptics:debug using context provider: ace-context
2022-02-23T04:45:41.038Z appoptics:debug apm 10.2.1, bindings 11.2.0, oboe 10.2.0
2022-02-23T04:45:41.229Z appoptics:patching patched crypto 
2022-02-23T04:45:41.278Z appoptics:patching patched https 
2022-02-23T04:45:41.279Z appoptics:patching patched http 
2022-02-23T04:45:41.329Z appoptics:patching patched zlib 
2022-02-23T04:45:41.488Z appoptics:patching fs.realpath - adding native method
2022-02-23T04:45:41.489Z appoptics:patching patched fs 
2022-02-23T04:45:41.502Z appoptics:patching hapi - v17 not looking for hapi/lib/plugin
2022-02-23T04:45:41.502Z appoptics:patching patched @hapi/hapi 20.1.5
2022-02-23T04:45:41.519Z appoptics:patching patched @hapi/vision 6.1.0
2022-02-23T04:45:41.524Z appoptics:debug starting runtimeMetrics


  probes.@hapi/hapi 20.1.5 @hapi/vision 6.1.0
    ✓ UDP might lose a message
    ✓ should forward controller/action data from get request (71ms)
    ✓ should forward controller/action data from post request
    ✓ should forward controller/action data from put request
    ✓ should forward controller/action data from delete request
    ✓ should trace render span (46ms)
    ✓ should skip vision when disabled
    ✓ should allow a custom TransactionName
    ✓ should allow a custom TransactionName with domain prefix
    ✓ should handle an error in the custom name function
    ✓ should handle a falsey return by the custom name function


  11 passing (288ms)


changed 1 package, and audited 913 packages in 8s

83 packages are looking for funding
  run `npm fund` for details

12 vulnerabilities (9 moderate, 3 high)

To address issues that do not require attention, run:
  npm audit fix

To address all issues possible (including breaking changes), run:
  npm audit fix --force

Some issues need review, and may require choosing
a different dependency.

Run `npm audit` for details.
2022-02-23T04:45:50.101Z appoptics:debug read config from /__w/appoptics-apm-node/appoptics-apm-node/appoptics-apm-config
2022-02-23T04:45:50.102Z appoptics:debug guc ignoring APPOPTICS_LOG_SETTINGS
2022-02-23T04:45:50.103Z appoptics:debug serviceKey dIOz...wWK0:ao-node-test
2022-02-23T04:45:50.103Z appoptics:debug using context provider: ace-context
2022-02-23T04:45:50.217Z appoptics:debug apm 10.2.1, bindings 11.2.0, oboe 10.2.0
2022-02-23T04:45:50.433Z appoptics:patching patched crypto 
2022-02-23T04:45:50.526Z appoptics:patching patched https 
2022-02-23T04:45:50.526Z appoptics:patching patched http 
2022-02-23T04:45:50.596Z appoptics:patching patched zlib 
2022-02-23T04:45:50.750Z appoptics:patching fs.realpath - adding native method
2022-02-23T04:45:50.751Z appoptics:patching patched fs 
2022-02-23T04:45:50.792Z appoptics:patching hapi - v17 not looking for hapi/lib/plugin
2022-02-23T04:45:50.793Z appoptics:patching patched @hapi/hapi 20.2.0
2022-02-23T04:45:50.806Z appoptics:patching patched @hapi/vision 6.1.0
2022-02-23T04:45:50.812Z appoptics:debug starting runtimeMetrics


  probes.@hapi/hapi 20.2.0 @hapi/vision 6.1.0
    ✓ UDP might lose a message
    ✓ should forward controller/action data from get request (80ms)
    ✓ should forward controller/action data from post request
    ✓ should forward controller/action data from put request
    ✓ should forward controller/action data from delete request
    ✓ should trace render span (43ms)
    ✓ should skip vision when disabled
    ✓ should allow a custom TransactionName
    ✓ should allow a custom TransactionName with domain prefix
    ✓ should handle an error in the custom name function
    ✓ should handle a falsey return by the custom name function


  11 passing (325ms)


changed 1 package, and audited 913 packages in 8s

83 packages are looking for funding
  run `npm fund` for details

12 vulnerabilities (9 moderate, 3 high)

To address issues that do not require attention, run:
  npm audit fix

To address all issues possible (including breaking changes), run:
  npm audit fix --force

Some issues need review, and may require choosing
a different dependency.

Run `npm audit` for details.
2022-02-23T04:46:00.154Z appoptics:debug read config from /__w/appoptics-apm-node/appoptics-apm-node/appoptics-apm-config
2022-02-23T04:46:00.155Z appoptics:debug guc ignoring APPOPTICS_LOG_SETTINGS
2022-02-23T04:46:00.155Z appoptics:debug serviceKey dIOz...wWK0:ao-node-test
2022-02-23T04:46:00.156Z appoptics:debug using context provider: ace-context
2022-02-23T04:46:00.239Z appoptics:debug apm 10.2.1, bindings 11.2.0, oboe 10.2.0
2022-02-23T04:46:00.434Z appoptics:patching patched crypto 
2022-02-23T04:46:00.477Z appoptics:patching patched https 
2022-02-23T04:46:00.477Z appoptics:patching patched http 
2022-02-23T04:46:00.522Z appoptics:patching patched zlib 
2022-02-23T04:46:00.709Z appoptics:patching fs.realpath - adding native method
2022-02-23T04:46:00.710Z appoptics:patching patched fs 
2022-02-23T04:46:00.723Z appoptics:patching hapi - v17 not looking for hapi/lib/plugin
2022-02-23T04:46:00.723Z appoptics:patching patched @hapi/hapi 20.2.1
2022-02-23T04:46:00.739Z appoptics:patching patched @hapi/vision 6.1.0
2022-02-23T04:46:00.744Z appoptics:debug starting runtimeMetrics


  probes.@hapi/hapi 20.2.1 @hapi/vision 6.1.0
    ✓ UDP might lose a message
    ✓ should forward controller/action data from get request (77ms)
    ✓ should forward controller/action data from post request
    ✓ should forward controller/action data from put request
    ✓ should forward controller/action data from delete request
    ✓ should trace render span
    ✓ should skip vision when disabled
    ✓ should allow a custom TransactionName
    ✓ should allow a custom TransactionName with domain prefix
    ✓ should handle an error in the custom name function
    ✓ should handle a falsey return by the custom name function


  11 passing (267ms)


up to date, audited 913 packages in 9s

83 packages are looking for funding
  run `npm fund` for details

12 vulnerabilities (9 moderate, 3 high)

To address issues that do not require attention, run:
  npm audit fix

To address all issues possible (including breaking changes), run:
  npm audit fix --force

Some issues need review, and may require choosing
a different dependency.

Run `npm audit` for details.
