npm WARN deprecated @hapi/pinpoint@1.0.2: Moved to 'npm install @sideway/pinpoint'
npm WARN deprecated @hapi/pez@4.1.2: This version has been deprecated and is no longer supported or maintained
npm WARN deprecated @hapi/topo@3.1.6: This version has been deprecated and is no longer supported or maintained
npm WARN deprecated @hapi/nigel@3.1.1: This version has been deprecated and is no longer supported or maintained
npm WARN deprecated @hapi/podium@3.4.3: This version has been deprecated and is no longer supported or maintained
npm WARN deprecated @hapi/vise@3.1.1: This version has been deprecated and is no longer supported or maintained
npm WARN deprecated @hapi/subtext@6.1.3: This version has been deprecated and is no longer supported or maintained
npm WARN deprecated @hapi/somever@2.1.1: This version has been deprecated and is no longer supported or maintained
npm WARN deprecated @hapi/shot@4.1.2: This version has been deprecated and is no longer supported or maintained
npm WARN deprecated @hapi/teamwork@3.3.1: This version has been deprecated and is no longer supported or maintained
npm WARN deprecated @hapi/content@4.1.1: This version has been deprecated and is no longer supported or maintained
npm WARN deprecated @hapi/heavy@6.2.2: This version has been deprecated and is no longer supported or maintained
npm WARN deprecated @hapi/cryptiles@4.2.1: This version has been deprecated and is no longer supported or maintained
npm WARN deprecated @hapi/wreck@15.1.0: This version has been deprecated and is no longer supported or maintained
npm WARN deprecated @hapi/iron@5.1.4: This version has been deprecated and is no longer supported or maintained
npm WARN deprecated @hapi/mimos@4.1.1: This version has been deprecated and is no longer supported or maintained
npm WARN deprecated @hapi/statehood@6.1.2: This version has been deprecated and is no longer supported or maintained
npm WARN deprecated @hapi/bourne@1.3.2: This version has been deprecated and is no longer supported or maintained
npm WARN deprecated @hapi/formula@1.2.0: Moved to 'npm install @sideway/formula'
npm WARN deprecated @hapi/call@5.1.3: This version has been deprecated and is no longer supported or maintained
npm WARN deprecated @hapi/address@2.1.4: Moved to 'npm install @sideway/address'
npm WARN deprecated @hapi/b64@4.2.1: This version has been deprecated and is no longer supported or maintained
npm WARN deprecated @hapi/bounce@1.3.2: This version has been deprecated and is no longer supported or maintained
npm WARN deprecated @hapi/hoek@6.2.4: This version has been deprecated in accordance with the hapi support policy (hapi.im/support). Please upgrade to the latest version to get the best features, bug fixes, and security patches. If you are unable to upgrade at this time, paid support is available for older versions (hapi.im/commercial).
npm WARN deprecated @hapi/catbox@10.2.3: This version has been deprecated and is no longer supported or maintained
npm WARN deprecated @hapi/ammo@3.1.2: This version has been deprecated and is no longer supported or maintained
npm WARN deprecated @hapi/accept@3.2.4: This version has been deprecated and is no longer supported or maintained
npm WARN deprecated @hapi/boom@7.4.11: This version has been deprecated and is no longer supported or maintained
npm WARN deprecated @hapi/file@1.0.0: This version has been deprecated and is no longer supported or maintained
npm WARN deprecated @hapi/catbox-memory@3.2.0: This version has been deprecated and is no longer supported or maintained
npm WARN deprecated @hapi/hoek@8.5.1: This version has been deprecated and is no longer supported or maintained
npm WARN deprecated @hapi/hoek@8.5.1: This version has been deprecated and is no longer supported or maintained
npm WARN deprecated @hapi/hoek@8.5.1: This version has been deprecated and is no longer supported or maintained
npm WARN deprecated @hapi/hoek@8.5.1: This version has been deprecated and is no longer supported or maintained
npm WARN deprecated @hapi/hoek@8.5.1: This version has been deprecated and is no longer supported or maintained
npm WARN deprecated @hapi/hoek@8.5.1: This version has been deprecated and is no longer supported or maintained
npm WARN deprecated @hapi/hoek@8.5.1: This version has been deprecated and is no longer supported or maintained
npm WARN deprecated @hapi/hoek@8.5.1: This version has been deprecated and is no longer supported or maintained
npm WARN deprecated @hapi/hoek@8.5.1: This version has been deprecated and is no longer supported or maintained
npm WARN deprecated @hapi/hoek@8.5.1: This version has been deprecated and is no longer supported or maintained
npm WARN deprecated @hapi/hoek@8.5.1: This version has been deprecated and is no longer supported or maintained
npm WARN deprecated @hapi/hoek@8.5.1: This version has been deprecated and is no longer supported or maintained
npm WARN deprecated @hapi/hoek@8.5.1: This version has been deprecated and is no longer supported or maintained
npm WARN deprecated @hapi/hoek@8.5.1: This version has been deprecated and is no longer supported or maintained
npm WARN deprecated @hapi/hoek@8.5.1: This version has been deprecated and is no longer supported or maintained
npm WARN deprecated @hapi/hoek@8.5.1: This version has been deprecated and is no longer supported or maintained
npm WARN deprecated @hapi/hoek@8.5.1: This version has been deprecated and is no longer supported or maintained
npm WARN deprecated @hapi/hoek@8.5.1: This version has been deprecated and is no longer supported or maintained
npm WARN deprecated @hapi/hoek@8.5.1: This version has been deprecated and is no longer supported or maintained
npm WARN deprecated @hapi/hoek@8.5.1: This version has been deprecated and is no longer supported or maintained
npm WARN deprecated @hapi/hoek@8.5.1: This version has been deprecated and is no longer supported or maintained
npm WARN deprecated @hapi/hapi@17.9.0: This version has been deprecated in accordance with the hapi support policy (hapi.im/support). Please upgrade to the latest version to get the best features, bug fixes, and security patches. If you are unable to upgrade at this time, paid support is available for older versions (hapi.im/commercial).
npm WARN deprecated @hapi/joi@15.1.1: Switch to 'npm install joi'
npm WARN deprecated @hapi/joi@16.1.8: Switch to 'npm install joi'
npm WARN deprecated @hapi/joi@16.1.8: Switch to 'npm install joi'
npm WARN deprecated @hapi/joi@16.1.8: Switch to 'npm install joi'
npm WARN deprecated @hapi/joi@16.1.8: Switch to 'npm install joi'
npm WARN deprecated @hapi/joi@16.1.8: Switch to 'npm install joi'

added 36 packages, changed 28 packages, and audited 963 packages in 10s

86 packages are looking for funding
  run `npm fund` for details

10 vulnerabilities (6 moderate, 4 high)

To address all issues possible (including breaking changes), run:
  npm audit fix --force

Some issues need review, and may require choosing
a different dependency.

Run `npm audit` for details.

up to date, audited 963 packages in 7s

86 packages are looking for funding
  run `npm fund` for details

10 vulnerabilities (6 moderate, 4 high)

To address all issues possible (including breaking changes), run:
  npm audit fix --force

Some issues need review, and may require choosing
a different dependency.

Run `npm audit` for details.
2022-04-21T16:16:29.504Z appoptics:debug read config from /__w/appoptics-apm-node/appoptics-apm-node/appoptics-apm-config
2022-04-21T16:16:29.504Z appoptics:debug guc ignoring APPOPTICS_LOG_SETTINGS
2022-04-21T16:16:29.504Z appoptics:debug serviceKey dIOz...wWK0:node-agent-test
2022-04-21T16:16:29.505Z appoptics:debug using context provider: ace-context
2022-04-21T16:16:29.568Z appoptics:debug apm 10.2.2-ao.0, bindings 11.2.0, oboe 10.2.0
2022-04-21T16:16:29.694Z appoptics:patching patched crypto 
2022-04-21T16:16:29.714Z appoptics:patching patched https 
2022-04-21T16:16:29.715Z appoptics:patching patched http 
2022-04-21T16:16:29.751Z appoptics:patching patched zlib 
2022-04-21T16:16:30.144Z appoptics:patching fs.realpath - adding native method
2022-04-21T16:16:30.144Z appoptics:patching patched fs 
2022-04-21T16:16:30.191Z appoptics:patching hapi - v17 not looking for hapi/lib/plugin
2022-04-21T16:16:30.191Z appoptics:patching patched @hapi/hapi 17.9.0
2022-04-21T16:16:30.244Z appoptics:patching patched @hapi/vision 6.1.0
2022-04-21T16:16:30.248Z appoptics:debug starting runtimeMetrics


  probes.@hapi/hapi 17.9.0 @hapi/vision 6.1.0
    ✓ UDP might lose a message
    1) should forward controller/action data from get request
    2) should forward controller/action data from post request
    3) should forward controller/action data from put request
    4) should forward controller/action data from delete request
    5) should trace render span
    6) should skip vision when disabled
    7) should allow a custom TransactionName
    8) should allow a custom TransactionName with domain prefix
    9) should handle an error in the custom name function
    10) should handle a falsey return by the custom name function


  1 passing (79ms)
  10 failing

  1) probes.@hapi/hapi 17.9.0 @hapi/vision 6.1.0
       should forward controller/action data from get request:

      AssertionError [ERR_ASSERTION]: Plugin @hapi/vision requires hapi version >=18.4.0 but found 17.9.0
      + expected - actual

      -false
      +true
      
      at internals.Server.register (node_modules/@hapi/hapi/lib/server.js:419:22)
      at makeServer (test/probes/hapi/hapi-17-and-above.js:135:22)
      at Context.<anonymous> (test/probes/hapi/hapi-17-and-above.js:162:28)
      at processImmediate (node:internal/timers:466:21)
      at process.callbackTrampoline (node:internal/async_hooks:130:17)

  2) probes.@hapi/hapi 17.9.0 @hapi/vision 6.1.0
       should forward controller/action data from post request:

      AssertionError [ERR_ASSERTION]: Plugin @hapi/vision requires hapi version >=18.4.0 but found 17.9.0
      + expected - actual

      -false
      +true
      
      at internals.Server.register (node_modules/@hapi/hapi/lib/server.js:419:22)
      at makeServer (test/probes/hapi/hapi-17-and-above.js:135:22)
      at Context.<anonymous> (test/probes/hapi/hapi-17-and-above.js:162:28)
      at processImmediate (node:internal/timers:466:21)
      at process.callbackTrampoline (node:internal/async_hooks:130:17)

  3) probes.@hapi/hapi 17.9.0 @hapi/vision 6.1.0
       should forward controller/action data from put request:

      AssertionError [ERR_ASSERTION]: Plugin @hapi/vision requires hapi version >=18.4.0 but found 17.9.0
      + expected - actual

      -false
      +true
      
      at internals.Server.register (node_modules/@hapi/hapi/lib/server.js:419:22)
      at makeServer (test/probes/hapi/hapi-17-and-above.js:135:22)
      at Context.<anonymous> (test/probes/hapi/hapi-17-and-above.js:162:28)
      at processImmediate (node:internal/timers:466:21)
      at process.callbackTrampoline (node:internal/async_hooks:130:17)

  4) probes.@hapi/hapi 17.9.0 @hapi/vision 6.1.0
       should forward controller/action data from delete request:

      AssertionError [ERR_ASSERTION]: Plugin @hapi/vision requires hapi version >=18.4.0 but found 17.9.0
      + expected - actual

      -false
      +true
      
      at internals.Server.register (node_modules/@hapi/hapi/lib/server.js:419:22)
      at makeServer (test/probes/hapi/hapi-17-and-above.js:135:22)
      at Context.<anonymous> (test/probes/hapi/hapi-17-and-above.js:162:28)
      at processImmediate (node:internal/timers:466:21)
      at process.callbackTrampoline (node:internal/async_hooks:130:17)

  5) probes.@hapi/hapi 17.9.0 @hapi/vision 6.1.0
       should trace render span:

      AssertionError [ERR_ASSERTION]: Plugin @hapi/vision requires hapi version >=18.4.0 but found 17.9.0
      + expected - actual

      -false
      +true
      
      at internals.Server.register (node_modules/@hapi/hapi/lib/server.js:419:22)
      at makeServer (test/probes/hapi/hapi-17-and-above.js:135:22)
      at makeViewServer (test/probes/hapi/hapi-17-and-above.js:154:12)
      at Context.renderTest (test/probes/hapi/hapi-17-and-above.js:217:26)
      at processImmediate (node:internal/timers:466:21)
      at process.callbackTrampoline (node:internal/async_hooks:130:17)

  6) probes.@hapi/hapi 17.9.0 @hapi/vision 6.1.0
       should skip vision when disabled:

      AssertionError [ERR_ASSERTION]: Plugin @hapi/vision requires hapi version >=18.4.0 but found 17.9.0
      + expected - actual

      -false
      +true
      
      at internals.Server.register (node_modules/@hapi/hapi/lib/server.js:419:22)
      at makeServer (test/probes/hapi/hapi-17-and-above.js:135:22)
      at makeViewServer (test/probes/hapi/hapi-17-and-above.js:154:12)
      at Context.disabledTest (test/probes/hapi/hapi-17-and-above.js:265:26)
      at processImmediate (node:internal/timers:466:21)
      at process.callbackTrampoline (node:internal/async_hooks:130:17)

  7) probes.@hapi/hapi 17.9.0 @hapi/vision 6.1.0
       should allow a custom TransactionName:

      AssertionError [ERR_ASSERTION]: Plugin @hapi/vision requires hapi version >=18.4.0 but found 17.9.0
      + expected - actual

      -false
      +true
      
      at internals.Server.register (node_modules/@hapi/hapi/lib/server.js:419:22)
      at makeServer (test/probes/hapi/hapi-17-and-above.js:135:22)
      at /__w/appoptics-apm-node/appoptics-apm-node/test/probes/hapi/hapi-17-and-above.js:387:67
      at Context.<anonymous> (test/probes/hapi/hapi-17-and-above.js:337:12)
      at processImmediate (node:internal/timers:466:21)
      at process.callbackTrampoline (node:internal/async_hooks:130:17)

  8) probes.@hapi/hapi 17.9.0 @hapi/vision 6.1.0
       should allow a custom TransactionName with domain prefix:

      AssertionError [ERR_ASSERTION]: Plugin @hapi/vision requires hapi version >=18.4.0 but found 17.9.0
      + expected - actual

      -false
      +true
      
      at internals.Server.register (node_modules/@hapi/hapi/lib/server.js:419:22)
      at makeServer (test/probes/hapi/hapi-17-and-above.js:135:22)
      at /__w/appoptics-apm-node/appoptics-apm-node/test/probes/hapi/hapi-17-and-above.js:387:67
      at Context.<anonymous> (test/probes/hapi/hapi-17-and-above.js:350:44)
      at processImmediate (node:internal/timers:466:21)
      at process.callbackTrampoline (node:internal/async_hooks:130:17)

  9) probes.@hapi/hapi 17.9.0 @hapi/vision 6.1.0
       should handle an error in the custom name function:

      AssertionError [ERR_ASSERTION]: Plugin @hapi/vision requires hapi version >=18.4.0 but found 17.9.0
      + expected - actual

      -false
      +true
      
      at internals.Server.register (node_modules/@hapi/hapi/lib/server.js:419:22)
      at makeServer (test/probes/hapi/hapi-17-and-above.js:135:22)
      at /__w/appoptics-apm-node/appoptics-apm-node/test/probes/hapi/hapi-17-and-above.js:387:67
      at Context.<anonymous> (test/probes/hapi/hapi-17-and-above.js:367:45)
      at processImmediate (node:internal/timers:466:21)
      at process.callbackTrampoline (node:internal/async_hooks:130:17)

  10) probes.@hapi/hapi 17.9.0 @hapi/vision 6.1.0
       should handle a falsey return by the custom name function:

      AssertionError [ERR_ASSERTION]: Plugin @hapi/vision requires hapi version >=18.4.0 but found 17.9.0
      + expected - actual

      -false
      +true
      
      at internals.Server.register (node_modules/@hapi/hapi/lib/server.js:419:22)
      at makeServer (test/probes/hapi/hapi-17-and-above.js:135:22)
      at /__w/appoptics-apm-node/appoptics-apm-node/test/probes/hapi/hapi-17-and-above.js:387:67
      at Context.<anonymous> (test/probes/hapi/hapi-17-and-above.js:374:45)
      at processImmediate (node:internal/timers:466:21)
      at process.callbackTrampoline (node:internal/async_hooks:130:17)



npm WARN deprecated @hapi/hoek@8.5.1: This version has been deprecated and is no longer supported or maintained
npm WARN deprecated @hapi/catbox-memory@4.1.1: This version has been deprecated and is no longer supported or maintained
npm WARN deprecated @hapi/hapi@18.2.0: This version contains severe security issues and defects and should not be used! Please upgrade to the latest version of @hapi/hapi or consider a commercial license (https://github.com/hapijs/hapi/issues/4114)

added 1 package, removed 1 package, changed 2 packages, and audited 963 packages in 6s

86 packages are looking for funding
  run `npm fund` for details

10 vulnerabilities (6 moderate, 4 high)

To address all issues possible (including breaking changes), run:
  npm audit fix --force

Some issues need review, and may require choosing
a different dependency.

Run `npm audit` for details.
2022-04-21T16:16:36.804Z appoptics:debug read config from /__w/appoptics-apm-node/appoptics-apm-node/appoptics-apm-config
2022-04-21T16:16:36.805Z appoptics:debug guc ignoring APPOPTICS_LOG_SETTINGS
2022-04-21T16:16:36.805Z appoptics:debug serviceKey dIOz...wWK0:node-agent-test
2022-04-21T16:16:36.806Z appoptics:debug using context provider: ace-context
2022-04-21T16:16:36.867Z appoptics:debug apm 10.2.2-ao.0, bindings 11.2.0, oboe 10.2.0
2022-04-21T16:16:36.987Z appoptics:patching patched crypto 
2022-04-21T16:16:37.006Z appoptics:patching patched https 
2022-04-21T16:16:37.007Z appoptics:patching patched http 
2022-04-21T16:16:37.060Z appoptics:patching patched zlib 
2022-04-21T16:16:37.512Z appoptics:patching fs.realpath - adding native method
2022-04-21T16:16:37.512Z appoptics:patching patched fs 
2022-04-21T16:16:37.570Z appoptics:patching hapi - v17 not looking for hapi/lib/plugin
2022-04-21T16:16:37.570Z appoptics:patching patched @hapi/hapi 18.2.0
2022-04-21T16:16:37.622Z appoptics:patching patched @hapi/vision 6.1.0
2022-04-21T16:16:37.625Z appoptics:debug starting runtimeMetrics


  probes.@hapi/hapi 18.2.0 @hapi/vision 6.1.0
    ✓ UDP might lose a message
    1) should forward controller/action data from get request
    2) should forward controller/action data from post request
    3) should forward controller/action data from put request
    4) should forward controller/action data from delete request
    5) should trace render span
    6) should skip vision when disabled
    7) should allow a custom TransactionName
    8) should allow a custom TransactionName with domain prefix
    9) should handle an error in the custom name function
    10) should handle a falsey return by the custom name function


  1 passing (114ms)
  10 failing

  1) probes.@hapi/hapi 18.2.0 @hapi/vision 6.1.0
       should forward controller/action data from get request:

      AssertionError [ERR_ASSERTION]: Plugin @hapi/vision requires hapi version >=18.4.0 but found 18.2.0
      + expected - actual

      -false
      +true
      
      at internals.Server.register (node_modules/@hapi/hapi/lib/server.js:425:22)
      at makeServer (test/probes/hapi/hapi-17-and-above.js:135:22)
      at Context.<anonymous> (test/probes/hapi/hapi-17-and-above.js:162:28)
      at processImmediate (node:internal/timers:466:21)
      at process.callbackTrampoline (node:internal/async_hooks:130:17)

  2) probes.@hapi/hapi 18.2.0 @hapi/vision 6.1.0
       should forward controller/action data from post request:

      AssertionError [ERR_ASSERTION]: Plugin @hapi/vision requires hapi version >=18.4.0 but found 18.2.0
      + expected - actual

      -false
      +true
      
      at internals.Server.register (node_modules/@hapi/hapi/lib/server.js:425:22)
      at makeServer (test/probes/hapi/hapi-17-and-above.js:135:22)
      at Context.<anonymous> (test/probes/hapi/hapi-17-and-above.js:162:28)
      at processImmediate (node:internal/timers:466:21)
      at process.callbackTrampoline (node:internal/async_hooks:130:17)

  3) probes.@hapi/hapi 18.2.0 @hapi/vision 6.1.0
       should forward controller/action data from put request:

      AssertionError [ERR_ASSERTION]: Plugin @hapi/vision requires hapi version >=18.4.0 but found 18.2.0
      + expected - actual

      -false
      +true
      
      at internals.Server.register (node_modules/@hapi/hapi/lib/server.js:425:22)
      at makeServer (test/probes/hapi/hapi-17-and-above.js:135:22)
      at Context.<anonymous> (test/probes/hapi/hapi-17-and-above.js:162:28)
      at processImmediate (node:internal/timers:466:21)
      at process.callbackTrampoline (node:internal/async_hooks:130:17)

  4) probes.@hapi/hapi 18.2.0 @hapi/vision 6.1.0
       should forward controller/action data from delete request:

      AssertionError [ERR_ASSERTION]: Plugin @hapi/vision requires hapi version >=18.4.0 but found 18.2.0
      + expected - actual

      -false
      +true
      
      at internals.Server.register (node_modules/@hapi/hapi/lib/server.js:425:22)
      at makeServer (test/probes/hapi/hapi-17-and-above.js:135:22)
      at Context.<anonymous> (test/probes/hapi/hapi-17-and-above.js:162:28)
      at processImmediate (node:internal/timers:466:21)
      at process.callbackTrampoline (node:internal/async_hooks:130:17)

  5) probes.@hapi/hapi 18.2.0 @hapi/vision 6.1.0
       should trace render span:

      AssertionError [ERR_ASSERTION]: Plugin @hapi/vision requires hapi version >=18.4.0 but found 18.2.0
      + expected - actual

      -false
      +true
      
      at internals.Server.register (node_modules/@hapi/hapi/lib/server.js:425:22)
      at makeServer (test/probes/hapi/hapi-17-and-above.js:135:22)
      at makeViewServer (test/probes/hapi/hapi-17-and-above.js:154:12)
      at Context.renderTest (test/probes/hapi/hapi-17-and-above.js:217:26)
      at processImmediate (node:internal/timers:466:21)
      at process.callbackTrampoline (node:internal/async_hooks:130:17)

  6) probes.@hapi/hapi 18.2.0 @hapi/vision 6.1.0
       should skip vision when disabled:

      AssertionError [ERR_ASSERTION]: Plugin @hapi/vision requires hapi version >=18.4.0 but found 18.2.0
      + expected - actual

      -false
      +true
      
      at internals.Server.register (node_modules/@hapi/hapi/lib/server.js:425:22)
      at makeServer (test/probes/hapi/hapi-17-and-above.js:135:22)
      at makeViewServer (test/probes/hapi/hapi-17-and-above.js:154:12)
      at Context.disabledTest (test/probes/hapi/hapi-17-and-above.js:265:26)
      at processImmediate (node:internal/timers:466:21)
      at process.callbackTrampoline (node:internal/async_hooks:130:17)

  7) probes.@hapi/hapi 18.2.0 @hapi/vision 6.1.0
       should allow a custom TransactionName:

      AssertionError [ERR_ASSERTION]: Plugin @hapi/vision requires hapi version >=18.4.0 but found 18.2.0
      + expected - actual

      -false
      +true
      
      at internals.Server.register (node_modules/@hapi/hapi/lib/server.js:425:22)
      at makeServer (test/probes/hapi/hapi-17-and-above.js:135:22)
      at /__w/appoptics-apm-node/appoptics-apm-node/test/probes/hapi/hapi-17-and-above.js:387:67
      at Context.<anonymous> (test/probes/hapi/hapi-17-and-above.js:337:12)
      at processImmediate (node:internal/timers:466:21)
      at process.callbackTrampoline (node:internal/async_hooks:130:17)

  8) probes.@hapi/hapi 18.2.0 @hapi/vision 6.1.0
       should allow a custom TransactionName with domain prefix:

      AssertionError [ERR_ASSERTION]: Plugin @hapi/vision requires hapi version >=18.4.0 but found 18.2.0
      + expected - actual

      -false
      +true
      
      at internals.Server.register (node_modules/@hapi/hapi/lib/server.js:425:22)
      at makeServer (test/probes/hapi/hapi-17-and-above.js:135:22)
      at /__w/appoptics-apm-node/appoptics-apm-node/test/probes/hapi/hapi-17-and-above.js:387:67
      at Context.<anonymous> (test/probes/hapi/hapi-17-and-above.js:350:44)
      at processImmediate (node:internal/timers:466:21)
      at process.callbackTrampoline (node:internal/async_hooks:130:17)

  9) probes.@hapi/hapi 18.2.0 @hapi/vision 6.1.0
       should handle an error in the custom name function:

      AssertionError [ERR_ASSERTION]: Plugin @hapi/vision requires hapi version >=18.4.0 but found 18.2.0
      + expected - actual

      -false
      +true
      
      at internals.Server.register (node_modules/@hapi/hapi/lib/server.js:425:22)
      at makeServer (test/probes/hapi/hapi-17-and-above.js:135:22)
      at /__w/appoptics-apm-node/appoptics-apm-node/test/probes/hapi/hapi-17-and-above.js:387:67
      at Context.<anonymous> (test/probes/hapi/hapi-17-and-above.js:367:45)
      at processImmediate (node:internal/timers:466:21)
      at process.callbackTrampoline (node:internal/async_hooks:130:17)

  10) probes.@hapi/hapi 18.2.0 @hapi/vision 6.1.0
       should handle a falsey return by the custom name function:

      AssertionError [ERR_ASSERTION]: Plugin @hapi/vision requires hapi version >=18.4.0 but found 18.2.0
      + expected - actual

      -false
      +true
      
      at internals.Server.register (node_modules/@hapi/hapi/lib/server.js:425:22)
      at makeServer (test/probes/hapi/hapi-17-and-above.js:135:22)
      at /__w/appoptics-apm-node/appoptics-apm-node/test/probes/hapi/hapi-17-and-above.js:387:67
      at Context.<anonymous> (test/probes/hapi/hapi-17-and-above.js:374:45)
      at processImmediate (node:internal/timers:466:21)
      at process.callbackTrampoline (node:internal/async_hooks:130:17)



npm WARN deprecated @hapi/hapi@18.3.0: This version contains severe security issues and defects and should not be used! Please upgrade to the latest version of @hapi/hapi or consider a commercial license (https://github.com/hapijs/hapi/issues/4114)

changed 1 package, and audited 963 packages in 6s

86 packages are looking for funding
  run `npm fund` for details

10 vulnerabilities (6 moderate, 4 high)

To address all issues possible (including breaking changes), run:
  npm audit fix --force

Some issues need review, and may require choosing
a different dependency.

Run `npm audit` for details.
2022-04-21T16:16:44.424Z appoptics:debug read config from /__w/appoptics-apm-node/appoptics-apm-node/appoptics-apm-config
2022-04-21T16:16:44.425Z appoptics:debug guc ignoring APPOPTICS_LOG_SETTINGS
2022-04-21T16:16:44.425Z appoptics:debug serviceKey dIOz...wWK0:node-agent-test
2022-04-21T16:16:44.426Z appoptics:debug using context provider: ace-context
2022-04-21T16:16:44.488Z appoptics:debug apm 10.2.2-ao.0, bindings 11.2.0, oboe 10.2.0
2022-04-21T16:16:44.609Z appoptics:patching patched crypto 
2022-04-21T16:16:44.627Z appoptics:patching patched https 
2022-04-21T16:16:44.627Z appoptics:patching patched http 
2022-04-21T16:16:44.665Z appoptics:patching patched zlib 
2022-04-21T16:16:45.050Z appoptics:patching fs.realpath - adding native method
2022-04-21T16:16:45.050Z appoptics:patching patched fs 
2022-04-21T16:16:45.092Z appoptics:patching hapi - v17 not looking for hapi/lib/plugin
2022-04-21T16:16:45.092Z appoptics:patching patched @hapi/hapi 18.3.0
2022-04-21T16:16:45.143Z appoptics:patching patched @hapi/vision 6.1.0
2022-04-21T16:16:45.146Z appoptics:debug starting runtimeMetrics


  probes.@hapi/hapi 18.3.0 @hapi/vision 6.1.0
    ✓ UDP might lose a message
    1) should forward controller/action data from get request
    2) should forward controller/action data from post request
    3) should forward controller/action data from put request
    4) should forward controller/action data from delete request
    5) should trace render span
    6) should skip vision when disabled
    7) should allow a custom TransactionName
    8) should allow a custom TransactionName with domain prefix
    9) should handle an error in the custom name function
    10) should handle a falsey return by the custom name function


  1 passing (81ms)
  10 failing

  1) probes.@hapi/hapi 18.3.0 @hapi/vision 6.1.0
       should forward controller/action data from get request:

      AssertionError [ERR_ASSERTION]: Plugin @hapi/vision requires hapi version >=18.4.0 but found 18.3.0
      + expected - actual

      -false
      +true
      
      at internals.Server.register (node_modules/@hapi/hapi/lib/server.js:425:22)
      at makeServer (test/probes/hapi/hapi-17-and-above.js:135:22)
      at Context.<anonymous> (test/probes/hapi/hapi-17-and-above.js:162:28)
      at processImmediate (node:internal/timers:466:21)
      at process.callbackTrampoline (node:internal/async_hooks:130:17)

  2) probes.@hapi/hapi 18.3.0 @hapi/vision 6.1.0
       should forward controller/action data from post request:

      AssertionError [ERR_ASSERTION]: Plugin @hapi/vision requires hapi version >=18.4.0 but found 18.3.0
      + expected - actual

      -false
      +true
      
      at internals.Server.register (node_modules/@hapi/hapi/lib/server.js:425:22)
      at makeServer (test/probes/hapi/hapi-17-and-above.js:135:22)
      at Context.<anonymous> (test/probes/hapi/hapi-17-and-above.js:162:28)
      at processImmediate (node:internal/timers:466:21)
      at process.callbackTrampoline (node:internal/async_hooks:130:17)

  3) probes.@hapi/hapi 18.3.0 @hapi/vision 6.1.0
       should forward controller/action data from put request:

      AssertionError [ERR_ASSERTION]: Plugin @hapi/vision requires hapi version >=18.4.0 but found 18.3.0
      + expected - actual

      -false
      +true
      
      at internals.Server.register (node_modules/@hapi/hapi/lib/server.js:425:22)
      at makeServer (test/probes/hapi/hapi-17-and-above.js:135:22)
      at Context.<anonymous> (test/probes/hapi/hapi-17-and-above.js:162:28)
      at processImmediate (node:internal/timers:466:21)
      at process.callbackTrampoline (node:internal/async_hooks:130:17)

  4) probes.@hapi/hapi 18.3.0 @hapi/vision 6.1.0
       should forward controller/action data from delete request:

      AssertionError [ERR_ASSERTION]: Plugin @hapi/vision requires hapi version >=18.4.0 but found 18.3.0
      + expected - actual

      -false
      +true
      
      at internals.Server.register (node_modules/@hapi/hapi/lib/server.js:425:22)
      at makeServer (test/probes/hapi/hapi-17-and-above.js:135:22)
      at Context.<anonymous> (test/probes/hapi/hapi-17-and-above.js:162:28)
      at processImmediate (node:internal/timers:466:21)
      at process.callbackTrampoline (node:internal/async_hooks:130:17)

  5) probes.@hapi/hapi 18.3.0 @hapi/vision 6.1.0
       should trace render span:

      AssertionError [ERR_ASSERTION]: Plugin @hapi/vision requires hapi version >=18.4.0 but found 18.3.0
      + expected - actual

      -false
      +true
      
      at internals.Server.register (node_modules/@hapi/hapi/lib/server.js:425:22)
      at makeServer (test/probes/hapi/hapi-17-and-above.js:135:22)
      at makeViewServer (test/probes/hapi/hapi-17-and-above.js:154:12)
      at Context.renderTest (test/probes/hapi/hapi-17-and-above.js:217:26)
      at processImmediate (node:internal/timers:466:21)
      at process.callbackTrampoline (node:internal/async_hooks:130:17)

  6) probes.@hapi/hapi 18.3.0 @hapi/vision 6.1.0
       should skip vision when disabled:

      AssertionError [ERR_ASSERTION]: Plugin @hapi/vision requires hapi version >=18.4.0 but found 18.3.0
      + expected - actual

      -false
      +true
      
      at internals.Server.register (node_modules/@hapi/hapi/lib/server.js:425:22)
      at makeServer (test/probes/hapi/hapi-17-and-above.js:135:22)
      at makeViewServer (test/probes/hapi/hapi-17-and-above.js:154:12)
      at Context.disabledTest (test/probes/hapi/hapi-17-and-above.js:265:26)
      at processImmediate (node:internal/timers:466:21)
      at process.callbackTrampoline (node:internal/async_hooks:130:17)

  7) probes.@hapi/hapi 18.3.0 @hapi/vision 6.1.0
       should allow a custom TransactionName:

      AssertionError [ERR_ASSERTION]: Plugin @hapi/vision requires hapi version >=18.4.0 but found 18.3.0
      + expected - actual

      -false
      +true
      
      at internals.Server.register (node_modules/@hapi/hapi/lib/server.js:425:22)
      at makeServer (test/probes/hapi/hapi-17-and-above.js:135:22)
      at /__w/appoptics-apm-node/appoptics-apm-node/test/probes/hapi/hapi-17-and-above.js:387:67
      at Context.<anonymous> (test/probes/hapi/hapi-17-and-above.js:337:12)
      at processImmediate (node:internal/timers:466:21)
      at process.callbackTrampoline (node:internal/async_hooks:130:17)

  8) probes.@hapi/hapi 18.3.0 @hapi/vision 6.1.0
       should allow a custom TransactionName with domain prefix:

      AssertionError [ERR_ASSERTION]: Plugin @hapi/vision requires hapi version >=18.4.0 but found 18.3.0
      + expected - actual

      -false
      +true
      
      at internals.Server.register (node_modules/@hapi/hapi/lib/server.js:425:22)
      at makeServer (test/probes/hapi/hapi-17-and-above.js:135:22)
      at /__w/appoptics-apm-node/appoptics-apm-node/test/probes/hapi/hapi-17-and-above.js:387:67
      at Context.<anonymous> (test/probes/hapi/hapi-17-and-above.js:350:44)
      at processImmediate (node:internal/timers:466:21)
      at process.callbackTrampoline (node:internal/async_hooks:130:17)

  9) probes.@hapi/hapi 18.3.0 @hapi/vision 6.1.0
       should handle an error in the custom name function:

      AssertionError [ERR_ASSERTION]: Plugin @hapi/vision requires hapi version >=18.4.0 but found 18.3.0
      + expected - actual

      -false
      +true
      
      at internals.Server.register (node_modules/@hapi/hapi/lib/server.js:425:22)
      at makeServer (test/probes/hapi/hapi-17-and-above.js:135:22)
      at /__w/appoptics-apm-node/appoptics-apm-node/test/probes/hapi/hapi-17-and-above.js:387:67
      at Context.<anonymous> (test/probes/hapi/hapi-17-and-above.js:367:45)
      at processImmediate (node:internal/timers:466:21)
      at process.callbackTrampoline (node:internal/async_hooks:130:17)

  10) probes.@hapi/hapi 18.3.0 @hapi/vision 6.1.0
       should handle a falsey return by the custom name function:

      AssertionError [ERR_ASSERTION]: Plugin @hapi/vision requires hapi version >=18.4.0 but found 18.3.0
      + expected - actual

      -false
      +true
      
      at internals.Server.register (node_modules/@hapi/hapi/lib/server.js:425:22)
      at makeServer (test/probes/hapi/hapi-17-and-above.js:135:22)
      at /__w/appoptics-apm-node/appoptics-apm-node/test/probes/hapi/hapi-17-and-above.js:387:67
      at Context.<anonymous> (test/probes/hapi/hapi-17-and-above.js:374:45)
      at processImmediate (node:internal/timers:466:21)
      at process.callbackTrampoline (node:internal/async_hooks:130:17)



npm WARN deprecated @hapi/hapi@18.3.1: This version contains severe security issues and defects and should not be used! Please upgrade to the latest version of @hapi/hapi or consider a commercial license (https://github.com/hapijs/hapi/issues/4114)

changed 1 package, and audited 963 packages in 6s

86 packages are looking for funding
  run `npm fund` for details

10 vulnerabilities (6 moderate, 4 high)

To address issues that do not require attention, run:
  npm audit fix

To address all issues possible (including breaking changes), run:
  npm audit fix --force

Some issues need review, and may require choosing
a different dependency.

Run `npm audit` for details.
2022-04-21T16:16:51.539Z appoptics:debug read config from /__w/appoptics-apm-node/appoptics-apm-node/appoptics-apm-config
2022-04-21T16:16:51.540Z appoptics:debug guc ignoring APPOPTICS_LOG_SETTINGS
2022-04-21T16:16:51.540Z appoptics:debug serviceKey dIOz...wWK0:node-agent-test
2022-04-21T16:16:51.554Z appoptics:debug using context provider: ace-context
2022-04-21T16:16:51.623Z appoptics:debug apm 10.2.2-ao.0, bindings 11.2.0, oboe 10.2.0
2022-04-21T16:16:51.749Z appoptics:patching patched crypto 
2022-04-21T16:16:51.786Z appoptics:patching patched https 
2022-04-21T16:16:51.787Z appoptics:patching patched http 
2022-04-21T16:16:51.826Z appoptics:patching patched zlib 
2022-04-21T16:16:52.323Z appoptics:patching fs.realpath - adding native method
2022-04-21T16:16:52.323Z appoptics:patching patched fs 
2022-04-21T16:16:52.385Z appoptics:patching hapi - v17 not looking for hapi/lib/plugin
2022-04-21T16:16:52.385Z appoptics:patching patched @hapi/hapi 18.3.1
2022-04-21T16:16:52.465Z appoptics:patching patched @hapi/vision 6.1.0
2022-04-21T16:16:52.468Z appoptics:debug starting runtimeMetrics


  probes.@hapi/hapi 18.3.1 @hapi/vision 6.1.0
    ✓ UDP might lose a message
    1) should forward controller/action data from get request
    2) should forward controller/action data from post request
    3) should forward controller/action data from put request
    4) should forward controller/action data from delete request
    5) should trace render span
    6) should skip vision when disabled
    7) should allow a custom TransactionName
    8) should allow a custom TransactionName with domain prefix
    9) should handle an error in the custom name function
    10) should handle a falsey return by the custom name function


  1 passing (123ms)
  10 failing

  1) probes.@hapi/hapi 18.3.1 @hapi/vision 6.1.0
       should forward controller/action data from get request:

      AssertionError [ERR_ASSERTION]: Plugin @hapi/vision requires hapi version >=18.4.0 but found 18.3.1
      + expected - actual

      -false
      +true
      
      at internals.Server.register (node_modules/@hapi/hapi/lib/server.js:425:22)
      at makeServer (test/probes/hapi/hapi-17-and-above.js:135:22)
      at Context.<anonymous> (test/probes/hapi/hapi-17-and-above.js:162:28)
      at processImmediate (node:internal/timers:466:21)
      at process.callbackTrampoline (node:internal/async_hooks:130:17)

  2) probes.@hapi/hapi 18.3.1 @hapi/vision 6.1.0
       should forward controller/action data from post request:

      AssertionError [ERR_ASSERTION]: Plugin @hapi/vision requires hapi version >=18.4.0 but found 18.3.1
      + expected - actual

      -false
      +true
      
      at internals.Server.register (node_modules/@hapi/hapi/lib/server.js:425:22)
      at makeServer (test/probes/hapi/hapi-17-and-above.js:135:22)
      at Context.<anonymous> (test/probes/hapi/hapi-17-and-above.js:162:28)
      at processImmediate (node:internal/timers:466:21)
      at process.callbackTrampoline (node:internal/async_hooks:130:17)

  3) probes.@hapi/hapi 18.3.1 @hapi/vision 6.1.0
       should forward controller/action data from put request:

      AssertionError [ERR_ASSERTION]: Plugin @hapi/vision requires hapi version >=18.4.0 but found 18.3.1
      + expected - actual

      -false
      +true
      
      at internals.Server.register (node_modules/@hapi/hapi/lib/server.js:425:22)
      at makeServer (test/probes/hapi/hapi-17-and-above.js:135:22)
      at Context.<anonymous> (test/probes/hapi/hapi-17-and-above.js:162:28)
      at processImmediate (node:internal/timers:466:21)
      at process.callbackTrampoline (node:internal/async_hooks:130:17)

  4) probes.@hapi/hapi 18.3.1 @hapi/vision 6.1.0
       should forward controller/action data from delete request:

      AssertionError [ERR_ASSERTION]: Plugin @hapi/vision requires hapi version >=18.4.0 but found 18.3.1
      + expected - actual

      -false
      +true
      
      at internals.Server.register (node_modules/@hapi/hapi/lib/server.js:425:22)
      at makeServer (test/probes/hapi/hapi-17-and-above.js:135:22)
      at Context.<anonymous> (test/probes/hapi/hapi-17-and-above.js:162:28)
      at processImmediate (node:internal/timers:466:21)
      at process.callbackTrampoline (node:internal/async_hooks:130:17)

  5) probes.@hapi/hapi 18.3.1 @hapi/vision 6.1.0
       should trace render span:

      AssertionError [ERR_ASSERTION]: Plugin @hapi/vision requires hapi version >=18.4.0 but found 18.3.1
      + expected - actual

      -false
      +true
      
      at internals.Server.register (node_modules/@hapi/hapi/lib/server.js:425:22)
      at makeServer (test/probes/hapi/hapi-17-and-above.js:135:22)
      at makeViewServer (test/probes/hapi/hapi-17-and-above.js:154:12)
      at Context.renderTest (test/probes/hapi/hapi-17-and-above.js:217:26)
      at processImmediate (node:internal/timers:466:21)
      at process.callbackTrampoline (node:internal/async_hooks:130:17)

  6) probes.@hapi/hapi 18.3.1 @hapi/vision 6.1.0
       should skip vision when disabled:

      AssertionError [ERR_ASSERTION]: Plugin @hapi/vision requires hapi version >=18.4.0 but found 18.3.1
      + expected - actual

      -false
      +true
      
      at internals.Server.register (node_modules/@hapi/hapi/lib/server.js:425:22)
      at makeServer (test/probes/hapi/hapi-17-and-above.js:135:22)
      at makeViewServer (test/probes/hapi/hapi-17-and-above.js:154:12)
      at Context.disabledTest (test/probes/hapi/hapi-17-and-above.js:265:26)
      at processImmediate (node:internal/timers:466:21)
      at process.callbackTrampoline (node:internal/async_hooks:130:17)

  7) probes.@hapi/hapi 18.3.1 @hapi/vision 6.1.0
       should allow a custom TransactionName:

      AssertionError [ERR_ASSERTION]: Plugin @hapi/vision requires hapi version >=18.4.0 but found 18.3.1
      + expected - actual

      -false
      +true
      
      at internals.Server.register (node_modules/@hapi/hapi/lib/server.js:425:22)
      at makeServer (test/probes/hapi/hapi-17-and-above.js:135:22)
      at /__w/appoptics-apm-node/appoptics-apm-node/test/probes/hapi/hapi-17-and-above.js:387:67
      at Context.<anonymous> (test/probes/hapi/hapi-17-and-above.js:337:12)
      at processImmediate (node:internal/timers:466:21)
      at process.callbackTrampoline (node:internal/async_hooks:130:17)

  8) probes.@hapi/hapi 18.3.1 @hapi/vision 6.1.0
       should allow a custom TransactionName with domain prefix:

      AssertionError [ERR_ASSERTION]: Plugin @hapi/vision requires hapi version >=18.4.0 but found 18.3.1
      + expected - actual

      -false
      +true
      
      at internals.Server.register (node_modules/@hapi/hapi/lib/server.js:425:22)
      at makeServer (test/probes/hapi/hapi-17-and-above.js:135:22)
      at /__w/appoptics-apm-node/appoptics-apm-node/test/probes/hapi/hapi-17-and-above.js:387:67
      at Context.<anonymous> (test/probes/hapi/hapi-17-and-above.js:350:44)
      at processImmediate (node:internal/timers:466:21)
      at process.callbackTrampoline (node:internal/async_hooks:130:17)

  9) probes.@hapi/hapi 18.3.1 @hapi/vision 6.1.0
       should handle an error in the custom name function:

      AssertionError [ERR_ASSERTION]: Plugin @hapi/vision requires hapi version >=18.4.0 but found 18.3.1
      + expected - actual

      -false
      +true
      
      at internals.Server.register (node_modules/@hapi/hapi/lib/server.js:425:22)
      at makeServer (test/probes/hapi/hapi-17-and-above.js:135:22)
      at /__w/appoptics-apm-node/appoptics-apm-node/test/probes/hapi/hapi-17-and-above.js:387:67
      at Context.<anonymous> (test/probes/hapi/hapi-17-and-above.js:367:45)
      at processImmediate (node:internal/timers:466:21)
      at process.callbackTrampoline (node:internal/async_hooks:130:17)

  10) probes.@hapi/hapi 18.3.1 @hapi/vision 6.1.0
       should handle a falsey return by the custom name function:

      AssertionError [ERR_ASSERTION]: Plugin @hapi/vision requires hapi version >=18.4.0 but found 18.3.1
      + expected - actual

      -false
      +true
      
      at internals.Server.register (node_modules/@hapi/hapi/lib/server.js:425:22)
      at makeServer (test/probes/hapi/hapi-17-and-above.js:135:22)
      at /__w/appoptics-apm-node/appoptics-apm-node/test/probes/hapi/hapi-17-and-above.js:387:67
      at Context.<anonymous> (test/probes/hapi/hapi-17-and-above.js:374:45)
      at processImmediate (node:internal/timers:466:21)
      at process.callbackTrampoline (node:internal/async_hooks:130:17)



npm WARN deprecated @hapi/hoek@8.5.1: This version has been deprecated and is no longer supported or maintained
npm WARN deprecated @hapi/hapi@18.3.2: This version contains severe security issues and defects and should not be used! Please upgrade to the latest version of @hapi/hapi or consider a commercial license (https://github.com/hapijs/hapi/issues/4114)

removed 22 packages, changed 2 packages, and audited 941 packages in 6s

86 packages are looking for funding
  run `npm fund` for details

10 vulnerabilities (6 moderate, 4 high)

To address all issues possible (including breaking changes), run:
  npm audit fix --force

Some issues need review, and may require choosing
a different dependency.

Run `npm audit` for details.
2022-04-21T16:16:58.599Z appoptics:debug read config from /__w/appoptics-apm-node/appoptics-apm-node/appoptics-apm-config
2022-04-21T16:16:58.600Z appoptics:debug guc ignoring APPOPTICS_LOG_SETTINGS
2022-04-21T16:16:58.600Z appoptics:debug serviceKey dIOz...wWK0:node-agent-test
2022-04-21T16:16:58.601Z appoptics:debug using context provider: ace-context
2022-04-21T16:16:58.675Z appoptics:debug apm 10.2.2-ao.0, bindings 11.2.0, oboe 10.2.0
2022-04-21T16:16:58.807Z appoptics:patching patched crypto 
2022-04-21T16:16:58.824Z appoptics:patching patched https 
2022-04-21T16:16:58.825Z appoptics:patching patched http 
2022-04-21T16:16:58.861Z appoptics:patching patched zlib 
2022-04-21T16:16:59.250Z appoptics:patching fs.realpath - adding native method
2022-04-21T16:16:59.250Z appoptics:patching patched fs 
2022-04-21T16:16:59.269Z appoptics:patching hapi - v17 not looking for hapi/lib/plugin
2022-04-21T16:16:59.269Z appoptics:patching patched @hapi/hapi 18.3.2
2022-04-21T16:16:59.330Z appoptics:patching patched @hapi/vision 6.1.0
2022-04-21T16:16:59.335Z appoptics:debug starting runtimeMetrics


  probes.@hapi/hapi 18.3.2 @hapi/vision 6.1.0
    ✓ UDP might lose a message
    1) should forward controller/action data from get request
    2) should forward controller/action data from post request
    3) should forward controller/action data from put request
    4) should forward controller/action data from delete request
    5) should trace render span
    6) should skip vision when disabled
    7) should allow a custom TransactionName
    8) should allow a custom TransactionName with domain prefix
    9) should handle an error in the custom name function
    10) should handle a falsey return by the custom name function


  1 passing (113ms)
  10 failing

  1) probes.@hapi/hapi 18.3.2 @hapi/vision 6.1.0
       should forward controller/action data from get request:
     Error: Plugin @hapi/vision requires hapi version >=18.4.0 but found 18.3.2
      at new module.exports (node_modules/@hapi/hoek/lib/error.js:23:19)
      at Object.module.exports [as assert] (node_modules/@hapi/hoek/lib/assert.js:20:11)
      at internals.Server.register (node_modules/@hapi/hapi/lib/server.js:425:22)
      at makeServer (test/probes/hapi/hapi-17-and-above.js:135:22)
      at Context.<anonymous> (test/probes/hapi/hapi-17-and-above.js:162:28)
      at processImmediate (node:internal/timers:466:21)
      at process.callbackTrampoline (node:internal/async_hooks:130:17)

  2) probes.@hapi/hapi 18.3.2 @hapi/vision 6.1.0
       should forward controller/action data from post request:
     Error: Plugin @hapi/vision requires hapi version >=18.4.0 but found 18.3.2
      at new module.exports (node_modules/@hapi/hoek/lib/error.js:23:19)
      at Object.module.exports [as assert] (node_modules/@hapi/hoek/lib/assert.js:20:11)
      at internals.Server.register (node_modules/@hapi/hapi/lib/server.js:425:22)
      at makeServer (test/probes/hapi/hapi-17-and-above.js:135:22)
      at Context.<anonymous> (test/probes/hapi/hapi-17-and-above.js:162:28)
      at processImmediate (node:internal/timers:466:21)
      at process.callbackTrampoline (node:internal/async_hooks:130:17)

  3) probes.@hapi/hapi 18.3.2 @hapi/vision 6.1.0
       should forward controller/action data from put request:
     Error: Plugin @hapi/vision requires hapi version >=18.4.0 but found 18.3.2
      at new module.exports (node_modules/@hapi/hoek/lib/error.js:23:19)
      at Object.module.exports [as assert] (node_modules/@hapi/hoek/lib/assert.js:20:11)
      at internals.Server.register (node_modules/@hapi/hapi/lib/server.js:425:22)
      at makeServer (test/probes/hapi/hapi-17-and-above.js:135:22)
      at Context.<anonymous> (test/probes/hapi/hapi-17-and-above.js:162:28)
      at processImmediate (node:internal/timers:466:21)
      at process.callbackTrampoline (node:internal/async_hooks:130:17)

  4) probes.@hapi/hapi 18.3.2 @hapi/vision 6.1.0
       should forward controller/action data from delete request:
     Error: Plugin @hapi/vision requires hapi version >=18.4.0 but found 18.3.2
      at new module.exports (node_modules/@hapi/hoek/lib/error.js:23:19)
      at Object.module.exports [as assert] (node_modules/@hapi/hoek/lib/assert.js:20:11)
      at internals.Server.register (node_modules/@hapi/hapi/lib/server.js:425:22)
      at makeServer (test/probes/hapi/hapi-17-and-above.js:135:22)
      at Context.<anonymous> (test/probes/hapi/hapi-17-and-above.js:162:28)
      at processImmediate (node:internal/timers:466:21)
      at process.callbackTrampoline (node:internal/async_hooks:130:17)

  5) probes.@hapi/hapi 18.3.2 @hapi/vision 6.1.0
       should trace render span:
     Error: Plugin @hapi/vision requires hapi version >=18.4.0 but found 18.3.2
      at new module.exports (node_modules/@hapi/hoek/lib/error.js:23:19)
      at Object.module.exports [as assert] (node_modules/@hapi/hoek/lib/assert.js:20:11)
      at internals.Server.register (node_modules/@hapi/hapi/lib/server.js:425:22)
      at makeServer (test/probes/hapi/hapi-17-and-above.js:135:22)
      at makeViewServer (test/probes/hapi/hapi-17-and-above.js:154:12)
      at Context.renderTest (test/probes/hapi/hapi-17-and-above.js:217:26)
      at processImmediate (node:internal/timers:466:21)
      at process.callbackTrampoline (node:internal/async_hooks:130:17)

  6) probes.@hapi/hapi 18.3.2 @hapi/vision 6.1.0
       should skip vision when disabled:
     Error: Plugin @hapi/vision requires hapi version >=18.4.0 but found 18.3.2
      at new module.exports (node_modules/@hapi/hoek/lib/error.js:23:19)
      at Object.module.exports [as assert] (node_modules/@hapi/hoek/lib/assert.js:20:11)
      at internals.Server.register (node_modules/@hapi/hapi/lib/server.js:425:22)
      at makeServer (test/probes/hapi/hapi-17-and-above.js:135:22)
      at makeViewServer (test/probes/hapi/hapi-17-and-above.js:154:12)
      at Context.disabledTest (test/probes/hapi/hapi-17-and-above.js:265:26)
      at processImmediate (node:internal/timers:466:21)
      at process.callbackTrampoline (node:internal/async_hooks:130:17)

  7) probes.@hapi/hapi 18.3.2 @hapi/vision 6.1.0
       should allow a custom TransactionName:
     Error: Plugin @hapi/vision requires hapi version >=18.4.0 but found 18.3.2
      at new module.exports (node_modules/@hapi/hoek/lib/error.js:23:19)
      at Object.module.exports [as assert] (node_modules/@hapi/hoek/lib/assert.js:20:11)
      at internals.Server.register (node_modules/@hapi/hapi/lib/server.js:425:22)
      at makeServer (test/probes/hapi/hapi-17-and-above.js:135:22)
      at /__w/appoptics-apm-node/appoptics-apm-node/test/probes/hapi/hapi-17-and-above.js:387:67
      at Context.<anonymous> (test/probes/hapi/hapi-17-and-above.js:337:12)
      at processImmediate (node:internal/timers:466:21)
      at process.callbackTrampoline (node:internal/async_hooks:130:17)

  8) probes.@hapi/hapi 18.3.2 @hapi/vision 6.1.0
       should allow a custom TransactionName with domain prefix:
     Error: Plugin @hapi/vision requires hapi version >=18.4.0 but found 18.3.2
      at new module.exports (node_modules/@hapi/hoek/lib/error.js:23:19)
      at Object.module.exports [as assert] (node_modules/@hapi/hoek/lib/assert.js:20:11)
      at internals.Server.register (node_modules/@hapi/hapi/lib/server.js:425:22)
      at makeServer (test/probes/hapi/hapi-17-and-above.js:135:22)
      at /__w/appoptics-apm-node/appoptics-apm-node/test/probes/hapi/hapi-17-and-above.js:387:67
      at Context.<anonymous> (test/probes/hapi/hapi-17-and-above.js:350:44)
      at processImmediate (node:internal/timers:466:21)
      at process.callbackTrampoline (node:internal/async_hooks:130:17)

  9) probes.@hapi/hapi 18.3.2 @hapi/vision 6.1.0
       should handle an error in the custom name function:
     Error: Plugin @hapi/vision requires hapi version >=18.4.0 but found 18.3.2
      at new module.exports (node_modules/@hapi/hoek/lib/error.js:23:19)
      at Object.module.exports [as assert] (node_modules/@hapi/hoek/lib/assert.js:20:11)
      at internals.Server.register (node_modules/@hapi/hapi/lib/server.js:425:22)
      at makeServer (test/probes/hapi/hapi-17-and-above.js:135:22)
      at /__w/appoptics-apm-node/appoptics-apm-node/test/probes/hapi/hapi-17-and-above.js:387:67
      at Context.<anonymous> (test/probes/hapi/hapi-17-and-above.js:367:45)
      at processImmediate (node:internal/timers:466:21)
      at process.callbackTrampoline (node:internal/async_hooks:130:17)

  10) probes.@hapi/hapi 18.3.2 @hapi/vision 6.1.0
       should handle a falsey return by the custom name function:
     Error: Plugin @hapi/vision requires hapi version >=18.4.0 but found 18.3.2
      at new module.exports (node_modules/@hapi/hoek/lib/error.js:23:19)
      at Object.module.exports [as assert] (node_modules/@hapi/hoek/lib/assert.js:20:11)
      at internals.Server.register (node_modules/@hapi/hapi/lib/server.js:425:22)
      at makeServer (test/probes/hapi/hapi-17-and-above.js:135:22)
      at /__w/appoptics-apm-node/appoptics-apm-node/test/probes/hapi/hapi-17-and-above.js:387:67
      at Context.<anonymous> (test/probes/hapi/hapi-17-and-above.js:374:45)
      at processImmediate (node:internal/timers:466:21)
      at process.callbackTrampoline (node:internal/async_hooks:130:17)



npm WARN deprecated @hapi/hapi@18.4.0: This version contains severe security issues and defects and should not be used! Please upgrade to the latest version of @hapi/hapi or consider a commercial license (https://github.com/hapijs/hapi/issues/4114)

changed 1 package, and audited 941 packages in 6s

86 packages are looking for funding
  run `npm fund` for details

10 vulnerabilities (6 moderate, 4 high)

To address issues that do not require attention, run:
  npm audit fix

To address all issues possible (including breaking changes), run:
  npm audit fix --force

Some issues need review, and may require choosing
a different dependency.

Run `npm audit` for details.
2022-04-21T16:17:06.002Z appoptics:debug read config from /__w/appoptics-apm-node/appoptics-apm-node/appoptics-apm-config
2022-04-21T16:17:06.003Z appoptics:debug guc ignoring APPOPTICS_LOG_SETTINGS
2022-04-21T16:17:06.003Z appoptics:debug serviceKey dIOz...wWK0:node-agent-test
2022-04-21T16:17:06.003Z appoptics:debug using context provider: ace-context
2022-04-21T16:17:06.066Z appoptics:debug apm 10.2.2-ao.0, bindings 11.2.0, oboe 10.2.0
2022-04-21T16:17:06.186Z appoptics:patching patched crypto 
2022-04-21T16:17:06.205Z appoptics:patching patched https 
2022-04-21T16:17:06.205Z appoptics:patching patched http 
2022-04-21T16:17:06.264Z appoptics:patching patched zlib 
2022-04-21T16:17:06.572Z appoptics:patching fs.realpath - adding native method
2022-04-21T16:17:06.572Z appoptics:patching patched fs 
2022-04-21T16:17:06.584Z appoptics:patching hapi - v17 not looking for hapi/lib/plugin
2022-04-21T16:17:06.584Z appoptics:patching patched @hapi/hapi 18.4.0
2022-04-21T16:17:06.644Z appoptics:patching patched @hapi/vision 6.1.0
2022-04-21T16:17:06.648Z appoptics:debug starting runtimeMetrics


  probes.@hapi/hapi 18.4.0 @hapi/vision 6.1.0
    ✓ UDP might lose a message
    ✓ should forward controller/action data from get request (55ms)
    1) should forward controller/action data from post request
    2) should forward controller/action data from put request
    3) should forward controller/action data from delete request
    ✓ should trace render span
    ✓ should skip vision when disabled
    ✓ should allow a custom TransactionName
    ✓ should allow a custom TransactionName with domain prefix
    ✓ should handle an error in the custom name function
    ✓ should handle a falsey return by the custom name function


  8 passing (6s)
  3 failing

  1) probes.@hapi/hapi 18.4.0 @hapi/vision 6.1.0
       should forward controller/action data from post request:
     Error: Timeout of 2000ms exceeded. For async tests and hooks, ensure "done()" is called; if returning a Promise, ensure it resolves. (/__w/appoptics-apm-node/appoptics-apm-node/test/probes/@hapi-hapi.test.js)
      at listOnTimeout (node:internal/timers:559:17)
      at processTimers (node:internal/timers:502:7)

  2) probes.@hapi/hapi 18.4.0 @hapi/vision 6.1.0
       should forward controller/action data from put request:
     Error: Timeout of 2000ms exceeded. For async tests and hooks, ensure "done()" is called; if returning a Promise, ensure it resolves. (/__w/appoptics-apm-node/appoptics-apm-node/test/probes/@hapi-hapi.test.js)
      at listOnTimeout (node:internal/timers:559:17)
      at processTimers (node:internal/timers:502:7)

  3) probes.@hapi/hapi 18.4.0 @hapi/vision 6.1.0
       should forward controller/action data from delete request:
     Error: Timeout of 2000ms exceeded. For async tests and hooks, ensure "done()" is called; if returning a Promise, ensure it resolves. (/__w/appoptics-apm-node/appoptics-apm-node/test/probes/@hapi-hapi.test.js)
      at listOnTimeout (node:internal/timers:559:17)
      at processTimers (node:internal/timers:502:7)



npm WARN deprecated @hapi/hapi@18.4.1: This version contains severe security issues and defects and should not be used! Please upgrade to the latest version of @hapi/hapi or consider a commercial license (https://github.com/hapijs/hapi/issues/4114)

changed 1 package, and audited 941 packages in 7s

86 packages are looking for funding
  run `npm fund` for details

9 vulnerabilities (6 moderate, 3 high)

To address all issues possible (including breaking changes), run:
  npm audit fix --force

Some issues need review, and may require choosing
a different dependency.

Run `npm audit` for details.
2022-04-21T16:17:20.176Z appoptics:debug read config from /__w/appoptics-apm-node/appoptics-apm-node/appoptics-apm-config
2022-04-21T16:17:20.177Z appoptics:debug guc ignoring APPOPTICS_LOG_SETTINGS
2022-04-21T16:17:20.177Z appoptics:debug serviceKey dIOz...wWK0:node-agent-test
2022-04-21T16:17:20.178Z appoptics:debug using context provider: ace-context
2022-04-21T16:17:20.241Z appoptics:debug apm 10.2.2-ao.0, bindings 11.2.0, oboe 10.2.0
2022-04-21T16:17:20.365Z appoptics:patching patched crypto 
2022-04-21T16:17:20.383Z appoptics:patching patched https 
2022-04-21T16:17:20.384Z appoptics:patching patched http 
2022-04-21T16:17:20.422Z appoptics:patching patched zlib 
2022-04-21T16:17:20.818Z appoptics:patching fs.realpath - adding native method
2022-04-21T16:17:20.818Z appoptics:patching patched fs 
2022-04-21T16:17:20.836Z appoptics:patching hapi - v17 not looking for hapi/lib/plugin
2022-04-21T16:17:20.836Z appoptics:patching patched @hapi/hapi 18.4.1
2022-04-21T16:17:20.904Z appoptics:patching patched @hapi/vision 6.1.0
2022-04-21T16:17:20.908Z appoptics:debug starting runtimeMetrics


  probes.@hapi/hapi 18.4.1 @hapi/vision 6.1.0
    ✓ UDP might lose a message
    ✓ should forward controller/action data from get request (81ms)
    1) should forward controller/action data from post request
    2) should forward controller/action data from put request
    3) should forward controller/action data from delete request
    ✓ should trace render span
    ✓ should skip vision when disabled
    ✓ should allow a custom TransactionName
    ✓ should allow a custom TransactionName with domain prefix
    ✓ should handle an error in the custom name function
    ✓ should handle a falsey return by the custom name function


  8 passing (6s)
  3 failing

  1) probes.@hapi/hapi 18.4.1 @hapi/vision 6.1.0
       should forward controller/action data from post request:
     Error: Timeout of 2000ms exceeded. For async tests and hooks, ensure "done()" is called; if returning a Promise, ensure it resolves. (/__w/appoptics-apm-node/appoptics-apm-node/test/probes/@hapi-hapi.test.js)
      at listOnTimeout (node:internal/timers:559:17)
      at processTimers (node:internal/timers:502:7)

  2) probes.@hapi/hapi 18.4.1 @hapi/vision 6.1.0
       should forward controller/action data from put request:
     Error: Timeout of 2000ms exceeded. For async tests and hooks, ensure "done()" is called; if returning a Promise, ensure it resolves. (/__w/appoptics-apm-node/appoptics-apm-node/test/probes/@hapi-hapi.test.js)
      at listOnTimeout (node:internal/timers:559:17)
      at processTimers (node:internal/timers:502:7)

  3) probes.@hapi/hapi 18.4.1 @hapi/vision 6.1.0
       should forward controller/action data from delete request:
     Error: Timeout of 2000ms exceeded. For async tests and hooks, ensure "done()" is called; if returning a Promise, ensure it resolves. (/__w/appoptics-apm-node/appoptics-apm-node/test/probes/@hapi-hapi.test.js)
      at listOnTimeout (node:internal/timers:559:17)
      at processTimers (node:internal/timers:502:7)



npm WARN deprecated @hapi/hoek@8.5.1: This version has been deprecated and is no longer supported or maintained
npm WARN deprecated @hapi/hoek@8.5.1: This version has been deprecated and is no longer supported or maintained
npm WARN deprecated @hapi/pinpoint@2.0.0: Moved to 'npm install @sideway/pinpoint'
npm WARN deprecated @hapi/boom@8.0.1: This version has been deprecated and is no longer supported or maintained
npm WARN deprecated @hapi/formula@2.0.0: Moved to 'npm install @sideway/formula'
npm WARN deprecated @hapi/address@4.1.0: Moved to 'npm install @sideway/address'
npm WARN deprecated @hapi/ammo@4.0.1: This version has been deprecated
npm WARN deprecated @hapi/call@7.0.1: This version has been deprecated
npm WARN deprecated @hapi/accept@4.0.1: This version has been deprecated
npm WARN deprecated @hapi/joi@17.1.1: Switch to 'npm install joi'
npm WARN deprecated @hapi/hapi@19.0.0: This version contains severe security issues and defects and should not be used! Please upgrade to the latest version of @hapi/hapi or consider a commercial license (https://github.com/hapijs/hapi/issues/4114)
npm WARN deprecated @hapi/teamwork@4.0.0: This version has been deprecated and is no longer supported or maintained

added 4 packages, removed 10 packages, changed 32 packages, and audited 935 packages in 7s

86 packages are looking for funding
  run `npm fund` for details

12 vulnerabilities (6 moderate, 6 high)

To address issues that do not require attention, run:
  npm audit fix

To address all issues possible (including breaking changes), run:
  npm audit fix --force

Some issues need review, and may require choosing
a different dependency.

Run `npm audit` for details.
2022-04-21T16:17:34.273Z appoptics:debug read config from /__w/appoptics-apm-node/appoptics-apm-node/appoptics-apm-config
2022-04-21T16:17:34.273Z appoptics:debug guc ignoring APPOPTICS_LOG_SETTINGS
2022-04-21T16:17:34.274Z appoptics:debug serviceKey dIOz...wWK0:node-agent-test
2022-04-21T16:17:34.274Z appoptics:debug using context provider: ace-context
2022-04-21T16:17:34.336Z appoptics:debug apm 10.2.2-ao.0, bindings 11.2.0, oboe 10.2.0
2022-04-21T16:17:34.457Z appoptics:patching patched crypto 
2022-04-21T16:17:34.475Z appoptics:patching patched https 
2022-04-21T16:17:34.476Z appoptics:patching patched http 
2022-04-21T16:17:34.511Z appoptics:patching patched zlib 
2022-04-21T16:17:34.690Z appoptics:patching fs.realpath - adding native method
2022-04-21T16:17:34.691Z appoptics:patching patched fs 
2022-04-21T16:17:34.704Z appoptics:patching hapi - v17 not looking for hapi/lib/plugin
2022-04-21T16:17:34.704Z appoptics:patching patched @hapi/hapi 19.0.0
2022-04-21T16:17:34.714Z appoptics:patching patched @hapi/vision 6.1.0
2022-04-21T16:17:34.718Z appoptics:debug starting runtimeMetrics


  probes.@hapi/hapi 19.0.0 @hapi/vision 6.1.0
    ✓ UDP might lose a message
    ✓ should forward controller/action data from get request (53ms)
    1) should forward controller/action data from post request
    2) should forward controller/action data from put request
    3) should forward controller/action data from delete request
    ✓ should trace render span
    ✓ should skip vision when disabled
    ✓ should allow a custom TransactionName
    ✓ should allow a custom TransactionName with domain prefix
    ✓ should handle an error in the custom name function
    ✓ should handle a falsey return by the custom name function


  8 passing (6s)
  3 failing

  1) probes.@hapi/hapi 19.0.0 @hapi/vision 6.1.0
       should forward controller/action data from post request:
     Error: Timeout of 2000ms exceeded. For async tests and hooks, ensure "done()" is called; if returning a Promise, ensure it resolves. (/__w/appoptics-apm-node/appoptics-apm-node/test/probes/@hapi-hapi.test.js)
      at listOnTimeout (node:internal/timers:559:17)
      at processTimers (node:internal/timers:502:7)

  2) probes.@hapi/hapi 19.0.0 @hapi/vision 6.1.0
       should forward controller/action data from put request:
     Error: Timeout of 2000ms exceeded. For async tests and hooks, ensure "done()" is called; if returning a Promise, ensure it resolves. (/__w/appoptics-apm-node/appoptics-apm-node/test/probes/@hapi-hapi.test.js)
      at listOnTimeout (node:internal/timers:559:17)
      at processTimers (node:internal/timers:502:7)

  3) probes.@hapi/hapi 19.0.0 @hapi/vision 6.1.0
       should forward controller/action data from delete request:
     Error: Timeout of 2000ms exceeded. For async tests and hooks, ensure "done()" is called; if returning a Promise, ensure it resolves. (/__w/appoptics-apm-node/appoptics-apm-node/test/probes/@hapi-hapi.test.js)
      at listOnTimeout (node:internal/timers:559:17)
      at processTimers (node:internal/timers:502:7)



npm WARN deprecated @hapi/hapi@19.0.1: This version contains severe security issues and defects and should not be used! Please upgrade to the latest version of @hapi/hapi or consider a commercial license (https://github.com/hapijs/hapi/issues/4114)

changed 1 package, and audited 935 packages in 6s

86 packages are looking for funding
  run `npm fund` for details

12 vulnerabilities (6 moderate, 6 high)

To address issues that do not require attention, run:
  npm audit fix

To address all issues possible (including breaking changes), run:
  npm audit fix --force

Some issues need review, and may require choosing
a different dependency.

Run `npm audit` for details.
2022-04-21T16:17:47.362Z appoptics:debug read config from /__w/appoptics-apm-node/appoptics-apm-node/appoptics-apm-config
2022-04-21T16:17:47.363Z appoptics:debug guc ignoring APPOPTICS_LOG_SETTINGS
2022-04-21T16:17:47.363Z appoptics:debug serviceKey dIOz...wWK0:node-agent-test
2022-04-21T16:17:47.364Z appoptics:debug using context provider: ace-context
2022-04-21T16:17:47.427Z appoptics:debug apm 10.2.2-ao.0, bindings 11.2.0, oboe 10.2.0
2022-04-21T16:17:47.549Z appoptics:patching patched crypto 
2022-04-21T16:17:47.568Z appoptics:patching patched https 
2022-04-21T16:17:47.569Z appoptics:patching patched http 
2022-04-21T16:17:47.607Z appoptics:patching patched zlib 
2022-04-21T16:17:47.782Z appoptics:patching fs.realpath - adding native method
2022-04-21T16:17:47.783Z appoptics:patching patched fs 
2022-04-21T16:17:47.797Z appoptics:patching hapi - v17 not looking for hapi/lib/plugin
2022-04-21T16:17:47.797Z appoptics:patching patched @hapi/hapi 19.0.1
2022-04-21T16:17:47.806Z appoptics:patching patched @hapi/vision 6.1.0
2022-04-21T16:17:47.810Z appoptics:debug starting runtimeMetrics


  probes.@hapi/hapi 19.0.1 @hapi/vision 6.1.0
    ✓ UDP might lose a message
    ✓ should forward controller/action data from get request (54ms)
    1) should forward controller/action data from post request
    2) should forward controller/action data from put request
    3) should forward controller/action data from delete request
    ✓ should trace render span
    ✓ should skip vision when disabled
    ✓ should allow a custom TransactionName
    ✓ should allow a custom TransactionName with domain prefix
    ✓ should handle an error in the custom name function
    ✓ should handle a falsey return by the custom name function


  8 passing (6s)
  3 failing

  1) probes.@hapi/hapi 19.0.1 @hapi/vision 6.1.0
       should forward controller/action data from post request:
     Error: Timeout of 2000ms exceeded. For async tests and hooks, ensure "done()" is called; if returning a Promise, ensure it resolves. (/__w/appoptics-apm-node/appoptics-apm-node/test/probes/@hapi-hapi.test.js)
      at listOnTimeout (node:internal/timers:559:17)
      at processTimers (node:internal/timers:502:7)

  2) probes.@hapi/hapi 19.0.1 @hapi/vision 6.1.0
       should forward controller/action data from put request:
     Error: Timeout of 2000ms exceeded. For async tests and hooks, ensure "done()" is called; if returning a Promise, ensure it resolves. (/__w/appoptics-apm-node/appoptics-apm-node/test/probes/@hapi-hapi.test.js)
      at listOnTimeout (node:internal/timers:559:17)
      at processTimers (node:internal/timers:502:7)

  3) probes.@hapi/hapi 19.0.1 @hapi/vision 6.1.0
       should forward controller/action data from delete request:
     Error: Timeout of 2000ms exceeded. For async tests and hooks, ensure "done()" is called; if returning a Promise, ensure it resolves. (/__w/appoptics-apm-node/appoptics-apm-node/test/probes/@hapi-hapi.test.js)
      at listOnTimeout (node:internal/timers:559:17)
      at processTimers (node:internal/timers:502:7)



npm WARN deprecated @hapi/hapi@19.0.2: This version contains severe security issues and defects and should not be used! Please upgrade to the latest version of @hapi/hapi or consider a commercial license (https://github.com/hapijs/hapi/issues/4114)

changed 1 package, and audited 935 packages in 6s

86 packages are looking for funding
  run `npm fund` for details

12 vulnerabilities (6 moderate, 6 high)

To address issues that do not require attention, run:
  npm audit fix

To address all issues possible (including breaking changes), run:
  npm audit fix --force

Some issues need review, and may require choosing
a different dependency.

Run `npm audit` for details.
2022-04-21T16:18:00.644Z appoptics:debug read config from /__w/appoptics-apm-node/appoptics-apm-node/appoptics-apm-config
2022-04-21T16:18:00.645Z appoptics:debug guc ignoring APPOPTICS_LOG_SETTINGS
2022-04-21T16:18:00.645Z appoptics:debug serviceKey dIOz...wWK0:node-agent-test
2022-04-21T16:18:00.646Z appoptics:debug using context provider: ace-context
2022-04-21T16:18:00.709Z appoptics:debug apm 10.2.2-ao.0, bindings 11.2.0, oboe 10.2.0
2022-04-21T16:18:00.833Z appoptics:patching patched crypto 
2022-04-21T16:18:00.852Z appoptics:patching patched https 
2022-04-21T16:18:00.853Z appoptics:patching patched http 
2022-04-21T16:18:00.889Z appoptics:patching patched zlib 
2022-04-21T16:18:01.064Z appoptics:patching fs.realpath - adding native method
2022-04-21T16:18:01.064Z appoptics:patching patched fs 
2022-04-21T16:18:01.078Z appoptics:patching hapi - v17 not looking for hapi/lib/plugin
2022-04-21T16:18:01.078Z appoptics:patching patched @hapi/hapi 19.0.2
2022-04-21T16:18:01.088Z appoptics:patching patched @hapi/vision 6.1.0
2022-04-21T16:18:01.092Z appoptics:debug starting runtimeMetrics


  probes.@hapi/hapi 19.0.2 @hapi/vision 6.1.0
    ✓ UDP might lose a message
    ✓ should forward controller/action data from get request (54ms)
    1) should forward controller/action data from post request
    2) should forward controller/action data from put request
    3) should forward controller/action data from delete request
    ✓ should trace render span
    ✓ should skip vision when disabled
    ✓ should allow a custom TransactionName
    ✓ should allow a custom TransactionName with domain prefix
    ✓ should handle an error in the custom name function
    ✓ should handle a falsey return by the custom name function


  8 passing (6s)
  3 failing

  1) probes.@hapi/hapi 19.0.2 @hapi/vision 6.1.0
       should forward controller/action data from post request:
     Error: Timeout of 2000ms exceeded. For async tests and hooks, ensure "done()" is called; if returning a Promise, ensure it resolves. (/__w/appoptics-apm-node/appoptics-apm-node/test/probes/@hapi-hapi.test.js)
      at listOnTimeout (node:internal/timers:559:17)
      at processTimers (node:internal/timers:502:7)

  2) probes.@hapi/hapi 19.0.2 @hapi/vision 6.1.0
       should forward controller/action data from put request:
     Error: Timeout of 2000ms exceeded. For async tests and hooks, ensure "done()" is called; if returning a Promise, ensure it resolves. (/__w/appoptics-apm-node/appoptics-apm-node/test/probes/@hapi-hapi.test.js)
      at listOnTimeout (node:internal/timers:559:17)
      at processTimers (node:internal/timers:502:7)

  3) probes.@hapi/hapi 19.0.2 @hapi/vision 6.1.0
       should forward controller/action data from delete request:
     Error: Timeout of 2000ms exceeded. For async tests and hooks, ensure "done()" is called; if returning a Promise, ensure it resolves. (/__w/appoptics-apm-node/appoptics-apm-node/test/probes/@hapi-hapi.test.js)
      at listOnTimeout (node:internal/timers:559:17)
      at processTimers (node:internal/timers:502:7)



npm WARN deprecated @hapi/hapi@19.0.3: This version contains severe security issues and defects and should not be used! Please upgrade to the latest version of @hapi/hapi or consider a commercial license (https://github.com/hapijs/hapi/issues/4114)

changed 1 package, and audited 935 packages in 6s

86 packages are looking for funding
  run `npm fund` for details

12 vulnerabilities (6 moderate, 6 high)

To address issues that do not require attention, run:
  npm audit fix

To address all issues possible (including breaking changes), run:
  npm audit fix --force

Some issues need review, and may require choosing
a different dependency.

Run `npm audit` for details.
2022-04-21T16:18:13.550Z appoptics:debug read config from /__w/appoptics-apm-node/appoptics-apm-node/appoptics-apm-config
2022-04-21T16:18:13.551Z appoptics:debug guc ignoring APPOPTICS_LOG_SETTINGS
2022-04-21T16:18:13.551Z appoptics:debug serviceKey dIOz...wWK0:node-agent-test
2022-04-21T16:18:13.552Z appoptics:debug using context provider: ace-context
2022-04-21T16:18:13.683Z appoptics:debug apm 10.2.2-ao.0, bindings 11.2.0, oboe 10.2.0
2022-04-21T16:18:13.882Z appoptics:patching patched crypto 
2022-04-21T16:18:13.930Z appoptics:patching patched https 
2022-04-21T16:18:13.931Z appoptics:patching patched http 
2022-04-21T16:18:13.999Z appoptics:patching patched zlib 
2022-04-21T16:18:14.406Z appoptics:patching fs.realpath - adding native method
2022-04-21T16:18:14.406Z appoptics:patching patched fs 
2022-04-21T16:18:14.426Z appoptics:patching hapi - v17 not looking for hapi/lib/plugin
2022-04-21T16:18:14.426Z appoptics:patching patched @hapi/hapi 19.0.3
2022-04-21T16:18:14.445Z appoptics:patching patched @hapi/vision 6.1.0
2022-04-21T16:18:14.451Z appoptics:debug starting runtimeMetrics


  probes.@hapi/hapi 19.0.3 @hapi/vision 6.1.0
    ✓ UDP might lose a message
    ✓ should forward controller/action data from get request (58ms)
    1) should forward controller/action data from post request
    2) should forward controller/action data from put request
    3) should forward controller/action data from delete request
    ✓ should trace render span
    ✓ should skip vision when disabled
    ✓ should allow a custom TransactionName
    ✓ should allow a custom TransactionName with domain prefix
    ✓ should handle an error in the custom name function
    ✓ should handle a falsey return by the custom name function


  8 passing (6s)
  3 failing

  1) probes.@hapi/hapi 19.0.3 @hapi/vision 6.1.0
       should forward controller/action data from post request:
     Error: Timeout of 2000ms exceeded. For async tests and hooks, ensure "done()" is called; if returning a Promise, ensure it resolves. (/__w/appoptics-apm-node/appoptics-apm-node/test/probes/@hapi-hapi.test.js)
      at listOnTimeout (node:internal/timers:559:17)
      at processTimers (node:internal/timers:502:7)

  2) probes.@hapi/hapi 19.0.3 @hapi/vision 6.1.0
       should forward controller/action data from put request:
     Error: Timeout of 2000ms exceeded. For async tests and hooks, ensure "done()" is called; if returning a Promise, ensure it resolves. (/__w/appoptics-apm-node/appoptics-apm-node/test/probes/@hapi-hapi.test.js)
      at listOnTimeout (node:internal/timers:559:17)
      at processTimers (node:internal/timers:502:7)

  3) probes.@hapi/hapi 19.0.3 @hapi/vision 6.1.0
       should forward controller/action data from delete request:
     Error: Timeout of 2000ms exceeded. For async tests and hooks, ensure "done()" is called; if returning a Promise, ensure it resolves. (/__w/appoptics-apm-node/appoptics-apm-node/test/probes/@hapi-hapi.test.js)
      at listOnTimeout (node:internal/timers:559:17)
      at processTimers (node:internal/timers:502:7)



npm WARN deprecated @hapi/hapi@19.0.4: This version contains severe security issues and defects and should not be used! Please upgrade to the latest version of @hapi/hapi or consider a commercial license (https://github.com/hapijs/hapi/issues/4114)

changed 1 package, and audited 935 packages in 6s

86 packages are looking for funding
  run `npm fund` for details

12 vulnerabilities (6 moderate, 6 high)

To address issues that do not require attention, run:
  npm audit fix

To address all issues possible (including breaking changes), run:
  npm audit fix --force

Some issues need review, and may require choosing
a different dependency.

Run `npm audit` for details.
2022-04-21T16:18:27.691Z appoptics:debug read config from /__w/appoptics-apm-node/appoptics-apm-node/appoptics-apm-config
2022-04-21T16:18:27.691Z appoptics:debug guc ignoring APPOPTICS_LOG_SETTINGS
2022-04-21T16:18:27.691Z appoptics:debug serviceKey dIOz...wWK0:node-agent-test
2022-04-21T16:18:27.692Z appoptics:debug using context provider: ace-context
2022-04-21T16:18:27.779Z appoptics:debug apm 10.2.2-ao.0, bindings 11.2.0, oboe 10.2.0
2022-04-21T16:18:27.941Z appoptics:patching patched crypto 
2022-04-21T16:18:27.974Z appoptics:patching patched https 
2022-04-21T16:18:27.975Z appoptics:patching patched http 
2022-04-21T16:18:28.031Z appoptics:patching patched zlib 
2022-04-21T16:18:28.312Z appoptics:patching fs.realpath - adding native method
2022-04-21T16:18:28.313Z appoptics:patching patched fs 
2022-04-21T16:18:28.325Z appoptics:patching hapi - v17 not looking for hapi/lib/plugin
2022-04-21T16:18:28.325Z appoptics:patching patched @hapi/hapi 19.0.4
2022-04-21T16:18:28.346Z appoptics:patching patched @hapi/vision 6.1.0
2022-04-21T16:18:28.351Z appoptics:debug starting runtimeMetrics


  probes.@hapi/hapi 19.0.4 @hapi/vision 6.1.0
    ✓ UDP might lose a message
    ✓ should forward controller/action data from get request (67ms)
    1) should forward controller/action data from post request
    2) should forward controller/action data from put request
    3) should forward controller/action data from delete request
    ✓ should trace render span
    ✓ should skip vision when disabled
    ✓ should allow a custom TransactionName
    ✓ should allow a custom TransactionName with domain prefix
    ✓ should handle an error in the custom name function
    ✓ should handle a falsey return by the custom name function


  8 passing (6s)
  3 failing

  1) probes.@hapi/hapi 19.0.4 @hapi/vision 6.1.0
       should forward controller/action data from post request:
     Error: Timeout of 2000ms exceeded. For async tests and hooks, ensure "done()" is called; if returning a Promise, ensure it resolves. (/__w/appoptics-apm-node/appoptics-apm-node/test/probes/@hapi-hapi.test.js)
      at listOnTimeout (node:internal/timers:559:17)
      at processTimers (node:internal/timers:502:7)

  2) probes.@hapi/hapi 19.0.4 @hapi/vision 6.1.0
       should forward controller/action data from put request:
     Error: Timeout of 2000ms exceeded. For async tests and hooks, ensure "done()" is called; if returning a Promise, ensure it resolves. (/__w/appoptics-apm-node/appoptics-apm-node/test/probes/@hapi-hapi.test.js)
      at listOnTimeout (node:internal/timers:559:17)
      at processTimers (node:internal/timers:502:7)

  3) probes.@hapi/hapi 19.0.4 @hapi/vision 6.1.0
       should forward controller/action data from delete request:
     Error: Timeout of 2000ms exceeded. For async tests and hooks, ensure "done()" is called; if returning a Promise, ensure it resolves. (/__w/appoptics-apm-node/appoptics-apm-node/test/probes/@hapi-hapi.test.js)
      at listOnTimeout (node:internal/timers:559:17)
      at processTimers (node:internal/timers:502:7)



npm WARN deprecated @hapi/hapi@19.0.5: This version contains severe security issues and defects and should not be used! Please upgrade to the latest version of @hapi/hapi or consider a commercial license (https://github.com/hapijs/hapi/issues/4114)

removed 3 packages, changed 3 packages, and audited 932 packages in 8s

86 packages are looking for funding
  run `npm fund` for details

10 vulnerabilities (6 moderate, 4 high)

To address all issues possible (including breaking changes), run:
  npm audit fix --force

Some issues need review, and may require choosing
a different dependency.

Run `npm audit` for details.
2022-04-21T16:18:43.181Z appoptics:debug read config from /__w/appoptics-apm-node/appoptics-apm-node/appoptics-apm-config
2022-04-21T16:18:43.182Z appoptics:debug guc ignoring APPOPTICS_LOG_SETTINGS
2022-04-21T16:18:43.182Z appoptics:debug serviceKey dIOz...wWK0:node-agent-test
2022-04-21T16:18:43.183Z appoptics:debug using context provider: ace-context
2022-04-21T16:18:43.245Z appoptics:debug apm 10.2.2-ao.0, bindings 11.2.0, oboe 10.2.0
2022-04-21T16:18:43.368Z appoptics:patching patched crypto 
2022-04-21T16:18:43.399Z appoptics:patching patched https 
2022-04-21T16:18:43.400Z appoptics:patching patched http 
2022-04-21T16:18:43.434Z appoptics:patching patched zlib 
2022-04-21T16:18:43.602Z appoptics:patching fs.realpath - adding native method
2022-04-21T16:18:43.602Z appoptics:patching patched fs 
2022-04-21T16:18:43.616Z appoptics:patching hapi - v17 not looking for hapi/lib/plugin
2022-04-21T16:18:43.616Z appoptics:patching patched @hapi/hapi 19.0.5
2022-04-21T16:18:43.626Z appoptics:patching patched @hapi/vision 6.1.0
2022-04-21T16:18:43.630Z appoptics:debug starting runtimeMetrics


  probes.@hapi/hapi 19.0.5 @hapi/vision 6.1.0
    ✓ UDP might lose a message
    ✓ should forward controller/action data from get request (54ms)
    1) should forward controller/action data from post request
    2) should forward controller/action data from put request
    3) should forward controller/action data from delete request
    ✓ should trace render span
    ✓ should skip vision when disabled
    ✓ should allow a custom TransactionName
    ✓ should allow a custom TransactionName with domain prefix
    ✓ should handle an error in the custom name function
    ✓ should handle a falsey return by the custom name function


  8 passing (6s)
  3 failing

  1) probes.@hapi/hapi 19.0.5 @hapi/vision 6.1.0
       should forward controller/action data from post request:
     Error: Timeout of 2000ms exceeded. For async tests and hooks, ensure "done()" is called; if returning a Promise, ensure it resolves. (/__w/appoptics-apm-node/appoptics-apm-node/test/probes/@hapi-hapi.test.js)
      at listOnTimeout (node:internal/timers:559:17)
      at processTimers (node:internal/timers:502:7)

  2) probes.@hapi/hapi 19.0.5 @hapi/vision 6.1.0
       should forward controller/action data from put request:
     Error: Timeout of 2000ms exceeded. For async tests and hooks, ensure "done()" is called; if returning a Promise, ensure it resolves. (/__w/appoptics-apm-node/appoptics-apm-node/test/probes/@hapi-hapi.test.js)
      at listOnTimeout (node:internal/timers:559:17)
      at processTimers (node:internal/timers:502:7)

  3) probes.@hapi/hapi 19.0.5 @hapi/vision 6.1.0
       should forward controller/action data from delete request:
     Error: Timeout of 2000ms exceeded. For async tests and hooks, ensure "done()" is called; if returning a Promise, ensure it resolves. (/__w/appoptics-apm-node/appoptics-apm-node/test/probes/@hapi-hapi.test.js)
      at listOnTimeout (node:internal/timers:559:17)
      at processTimers (node:internal/timers:502:7)



npm WARN deprecated @hapi/hapi@19.1.0: This version contains severe security issues and defects and should not be used! Please upgrade to the latest version of @hapi/hapi or consider a commercial license (https://github.com/hapijs/hapi/issues/4114)

changed 1 package, and audited 932 packages in 7s

86 packages are looking for funding
  run `npm fund` for details

10 vulnerabilities (6 moderate, 4 high)

To address all issues possible (including breaking changes), run:
  npm audit fix --force

Some issues need review, and may require choosing
a different dependency.

Run `npm audit` for details.
2022-04-21T16:18:56.931Z appoptics:debug read config from /__w/appoptics-apm-node/appoptics-apm-node/appoptics-apm-config
2022-04-21T16:18:56.932Z appoptics:debug guc ignoring APPOPTICS_LOG_SETTINGS
2022-04-21T16:18:56.932Z appoptics:debug serviceKey dIOz...wWK0:node-agent-test
2022-04-21T16:18:56.932Z appoptics:debug using context provider: ace-context
2022-04-21T16:18:56.994Z appoptics:debug apm 10.2.2-ao.0, bindings 11.2.0, oboe 10.2.0
2022-04-21T16:18:57.118Z appoptics:patching patched crypto 
2022-04-21T16:18:57.136Z appoptics:patching patched https 
2022-04-21T16:18:57.136Z appoptics:patching patched http 
2022-04-21T16:18:57.173Z appoptics:patching patched zlib 
2022-04-21T16:18:57.374Z appoptics:patching fs.realpath - adding native method
2022-04-21T16:18:57.374Z appoptics:patching patched fs 
2022-04-21T16:18:57.383Z appoptics:patching hapi - v17 not looking for hapi/lib/plugin
2022-04-21T16:18:57.383Z appoptics:patching patched @hapi/hapi 19.1.0
2022-04-21T16:18:57.400Z appoptics:patching patched @hapi/vision 6.1.0
2022-04-21T16:18:57.405Z appoptics:debug starting runtimeMetrics


  probes.@hapi/hapi 19.1.0 @hapi/vision 6.1.0
    ✓ UDP might lose a message
    ✓ should forward controller/action data from get request (54ms)
    1) should forward controller/action data from post request
    2) should forward controller/action data from put request
    3) should forward controller/action data from delete request
    ✓ should trace render span
    ✓ should skip vision when disabled
    ✓ should allow a custom TransactionName
    ✓ should allow a custom TransactionName with domain prefix
    ✓ should handle an error in the custom name function
    ✓ should handle a falsey return by the custom name function


  8 passing (6s)
  3 failing

  1) probes.@hapi/hapi 19.1.0 @hapi/vision 6.1.0
       should forward controller/action data from post request:
     Error: Timeout of 2000ms exceeded. For async tests and hooks, ensure "done()" is called; if returning a Promise, ensure it resolves. (/__w/appoptics-apm-node/appoptics-apm-node/test/probes/@hapi-hapi.test.js)
      at listOnTimeout (node:internal/timers:559:17)
      at processTimers (node:internal/timers:502:7)

  2) probes.@hapi/hapi 19.1.0 @hapi/vision 6.1.0
       should forward controller/action data from put request:
     Error: Timeout of 2000ms exceeded. For async tests and hooks, ensure "done()" is called; if returning a Promise, ensure it resolves. (/__w/appoptics-apm-node/appoptics-apm-node/test/probes/@hapi-hapi.test.js)
      at listOnTimeout (node:internal/timers:559:17)
      at processTimers (node:internal/timers:502:7)

  3) probes.@hapi/hapi 19.1.0 @hapi/vision 6.1.0
       should forward controller/action data from delete request:
     Error: Timeout of 2000ms exceeded. For async tests and hooks, ensure "done()" is called; if returning a Promise, ensure it resolves. (/__w/appoptics-apm-node/appoptics-apm-node/test/probes/@hapi-hapi.test.js)
      at listOnTimeout (node:internal/timers:559:17)
      at processTimers (node:internal/timers:502:7)



npm WARN deprecated @hapi/hapi@19.1.1: This version contains severe security issues and defects and should not be used! Please upgrade to the latest version of @hapi/hapi or consider a commercial license (https://github.com/hapijs/hapi/issues/4114)

changed 2 packages, and audited 932 packages in 6s

86 packages are looking for funding
  run `npm fund` for details

9 vulnerabilities (6 moderate, 3 high)

To address all issues possible (including breaking changes), run:
  npm audit fix --force

Some issues need review, and may require choosing
a different dependency.

Run `npm audit` for details.
2022-04-21T16:19:10.417Z appoptics:debug read config from /__w/appoptics-apm-node/appoptics-apm-node/appoptics-apm-config
2022-04-21T16:19:10.417Z appoptics:debug guc ignoring APPOPTICS_LOG_SETTINGS
2022-04-21T16:19:10.417Z appoptics:debug serviceKey dIOz...wWK0:node-agent-test
2022-04-21T16:19:10.418Z appoptics:debug using context provider: ace-context
2022-04-21T16:19:10.481Z appoptics:debug apm 10.2.2-ao.0, bindings 11.2.0, oboe 10.2.0
2022-04-21T16:19:10.604Z appoptics:patching patched crypto 
2022-04-21T16:19:10.623Z appoptics:patching patched https 
2022-04-21T16:19:10.623Z appoptics:patching patched http 
2022-04-21T16:19:10.660Z appoptics:patching patched zlib 
2022-04-21T16:19:10.890Z appoptics:patching fs.realpath - adding native method
2022-04-21T16:19:10.891Z appoptics:patching patched fs 
2022-04-21T16:19:10.900Z appoptics:patching hapi - v17 not looking for hapi/lib/plugin
2022-04-21T16:19:10.900Z appoptics:patching patched @hapi/hapi 19.1.1
2022-04-21T16:19:10.924Z appoptics:patching patched @hapi/vision 6.1.0
2022-04-21T16:19:10.928Z appoptics:debug starting runtimeMetrics


  probes.@hapi/hapi 19.1.1 @hapi/vision 6.1.0
    ✓ UDP might lose a message
    ✓ should forward controller/action data from get request (59ms)
    1) should forward controller/action data from post request
    2) should forward controller/action data from put request
    3) should forward controller/action data from delete request
    ✓ should trace render span
    ✓ should skip vision when disabled
    ✓ should allow a custom TransactionName
    ✓ should allow a custom TransactionName with domain prefix
    ✓ should handle an error in the custom name function
    ✓ should handle a falsey return by the custom name function


  8 passing (6s)
  3 failing

  1) probes.@hapi/hapi 19.1.1 @hapi/vision 6.1.0
       should forward controller/action data from post request:
     Error: Timeout of 2000ms exceeded. For async tests and hooks, ensure "done()" is called; if returning a Promise, ensure it resolves. (/__w/appoptics-apm-node/appoptics-apm-node/test/probes/@hapi-hapi.test.js)
      at listOnTimeout (node:internal/timers:559:17)
      at processTimers (node:internal/timers:502:7)

  2) probes.@hapi/hapi 19.1.1 @hapi/vision 6.1.0
       should forward controller/action data from put request:
     Error: Timeout of 2000ms exceeded. For async tests and hooks, ensure "done()" is called; if returning a Promise, ensure it resolves. (/__w/appoptics-apm-node/appoptics-apm-node/test/probes/@hapi-hapi.test.js)
      at listOnTimeout (node:internal/timers:559:17)
      at processTimers (node:internal/timers:502:7)

  3) probes.@hapi/hapi 19.1.1 @hapi/vision 6.1.0
       should forward controller/action data from delete request:
     Error: Timeout of 2000ms exceeded. For async tests and hooks, ensure "done()" is called; if returning a Promise, ensure it resolves. (/__w/appoptics-apm-node/appoptics-apm-node/test/probes/@hapi-hapi.test.js)
      at listOnTimeout (node:internal/timers:559:17)
      at processTimers (node:internal/timers:502:7)



npm WARN deprecated @hapi/hapi@19.2.0: This version contains severe security issues and defects and should not be used! Please upgrade to the latest version of @hapi/hapi or consider a commercial license (https://github.com/hapijs/hapi/issues/4114)

changed 1 package, and audited 932 packages in 6s

86 packages are looking for funding
  run `npm fund` for details

9 vulnerabilities (6 moderate, 3 high)

To address all issues possible (including breaking changes), run:
  npm audit fix --force

Some issues need review, and may require choosing
a different dependency.

Run `npm audit` for details.
2022-04-21T16:19:23.458Z appoptics:debug read config from /__w/appoptics-apm-node/appoptics-apm-node/appoptics-apm-config
2022-04-21T16:19:23.459Z appoptics:debug guc ignoring APPOPTICS_LOG_SETTINGS
2022-04-21T16:19:23.459Z appoptics:debug serviceKey dIOz...wWK0:node-agent-test
2022-04-21T16:19:23.460Z appoptics:debug using context provider: ace-context
2022-04-21T16:19:23.522Z appoptics:debug apm 10.2.2-ao.0, bindings 11.2.0, oboe 10.2.0
2022-04-21T16:19:23.642Z appoptics:patching patched crypto 
2022-04-21T16:19:23.661Z appoptics:patching patched https 
2022-04-21T16:19:23.661Z appoptics:patching patched http 
2022-04-21T16:19:23.700Z appoptics:patching patched zlib 
2022-04-21T16:19:23.863Z appoptics:patching fs.realpath - adding native method
2022-04-21T16:19:23.863Z appoptics:patching patched fs 
2022-04-21T16:19:23.872Z appoptics:patching hapi - v17 not looking for hapi/lib/plugin
2022-04-21T16:19:23.872Z appoptics:patching patched @hapi/hapi 19.2.0
2022-04-21T16:19:23.883Z appoptics:patching patched @hapi/vision 6.1.0
2022-04-21T16:19:23.887Z appoptics:debug starting runtimeMetrics


  probes.@hapi/hapi 19.2.0 @hapi/vision 6.1.0
    ✓ UDP might lose a message
    ✓ should forward controller/action data from get request (52ms)
    1) should forward controller/action data from post request
    2) should forward controller/action data from put request
    3) should forward controller/action data from delete request
    ✓ should trace render span
    ✓ should skip vision when disabled
    ✓ should allow a custom TransactionName
    ✓ should allow a custom TransactionName with domain prefix
    ✓ should handle an error in the custom name function
    ✓ should handle a falsey return by the custom name function


  8 passing (6s)
  3 failing

  1) probes.@hapi/hapi 19.2.0 @hapi/vision 6.1.0
       should forward controller/action data from post request:
     Error: Timeout of 2000ms exceeded. For async tests and hooks, ensure "done()" is called; if returning a Promise, ensure it resolves. (/__w/appoptics-apm-node/appoptics-apm-node/test/probes/@hapi-hapi.test.js)
      at listOnTimeout (node:internal/timers:559:17)
      at processTimers (node:internal/timers:502:7)

  2) probes.@hapi/hapi 19.2.0 @hapi/vision 6.1.0
       should forward controller/action data from put request:
     Error: Timeout of 2000ms exceeded. For async tests and hooks, ensure "done()" is called; if returning a Promise, ensure it resolves. (/__w/appoptics-apm-node/appoptics-apm-node/test/probes/@hapi-hapi.test.js)
      at listOnTimeout (node:internal/timers:559:17)
      at processTimers (node:internal/timers:502:7)

  3) probes.@hapi/hapi 19.2.0 @hapi/vision 6.1.0
       should forward controller/action data from delete request:
     Error: Timeout of 2000ms exceeded. For async tests and hooks, ensure "done()" is called; if returning a Promise, ensure it resolves. (/__w/appoptics-apm-node/appoptics-apm-node/test/probes/@hapi-hapi.test.js)
      at listOnTimeout (node:internal/timers:559:17)
      at processTimers (node:internal/timers:502:7)




removed 5 packages, changed 2 packages, and audited 927 packages in 6s

86 packages are looking for funding
  run `npm fund` for details

9 vulnerabilities (6 moderate, 3 high)

To address all issues possible (including breaking changes), run:
  npm audit fix --force

Some issues need review, and may require choosing
a different dependency.

Run `npm audit` for details.
2022-04-21T16:19:36.261Z appoptics:debug read config from /__w/appoptics-apm-node/appoptics-apm-node/appoptics-apm-config
2022-04-21T16:19:36.261Z appoptics:debug guc ignoring APPOPTICS_LOG_SETTINGS
2022-04-21T16:19:36.261Z appoptics:debug serviceKey dIOz...wWK0:node-agent-test
2022-04-21T16:19:36.262Z appoptics:debug using context provider: ace-context
2022-04-21T16:19:36.324Z appoptics:debug apm 10.2.2-ao.0, bindings 11.2.0, oboe 10.2.0
2022-04-21T16:19:36.443Z appoptics:patching patched crypto 
2022-04-21T16:19:36.461Z appoptics:patching patched https 
2022-04-21T16:19:36.461Z appoptics:patching patched http 
2022-04-21T16:19:36.497Z appoptics:patching patched zlib 
2022-04-21T16:19:36.616Z appoptics:patching fs.realpath - adding native method
2022-04-21T16:19:36.616Z appoptics:patching patched fs 
2022-04-21T16:19:36.625Z appoptics:patching hapi - v17 not looking for hapi/lib/plugin
2022-04-21T16:19:36.625Z appoptics:patching patched @hapi/hapi 20.0.0
2022-04-21T16:19:36.632Z appoptics:patching patched @hapi/vision 6.1.0
2022-04-21T16:19:36.636Z appoptics:debug starting runtimeMetrics


  probes.@hapi/hapi 20.0.0 @hapi/vision 6.1.0
    ✓ UDP might lose a message
    ✓ should forward controller/action data from get request (56ms)
    1) should forward controller/action data from post request
    2) should forward controller/action data from put request
    3) should forward controller/action data from delete request
    ✓ should trace render span
    ✓ should skip vision when disabled
    ✓ should allow a custom TransactionName
    ✓ should allow a custom TransactionName with domain prefix
    ✓ should handle an error in the custom name function
    ✓ should handle a falsey return by the custom name function


  8 passing (6s)
  3 failing

  1) probes.@hapi/hapi 20.0.0 @hapi/vision 6.1.0
       should forward controller/action data from post request:
     Error: Timeout of 2000ms exceeded. For async tests and hooks, ensure "done()" is called; if returning a Promise, ensure it resolves. (/__w/appoptics-apm-node/appoptics-apm-node/test/probes/@hapi-hapi.test.js)
      at listOnTimeout (node:internal/timers:559:17)
      at processTimers (node:internal/timers:502:7)

  2) probes.@hapi/hapi 20.0.0 @hapi/vision 6.1.0
       should forward controller/action data from put request:
     Error: Timeout of 2000ms exceeded. For async tests and hooks, ensure "done()" is called; if returning a Promise, ensure it resolves. (/__w/appoptics-apm-node/appoptics-apm-node/test/probes/@hapi-hapi.test.js)
      at listOnTimeout (node:internal/timers:559:17)
      at processTimers (node:internal/timers:502:7)

  3) probes.@hapi/hapi 20.0.0 @hapi/vision 6.1.0
       should forward controller/action data from delete request:
     Error: Timeout of 2000ms exceeded. For async tests and hooks, ensure "done()" is called; if returning a Promise, ensure it resolves. (/__w/appoptics-apm-node/appoptics-apm-node/test/probes/@hapi-hapi.test.js)
      at listOnTimeout (node:internal/timers:559:17)
      at processTimers (node:internal/timers:502:7)




changed 1 package, and audited 927 packages in 5s

86 packages are looking for funding
  run `npm fund` for details

9 vulnerabilities (6 moderate, 3 high)

To address all issues possible (including breaking changes), run:
  npm audit fix --force

Some issues need review, and may require choosing
a different dependency.

Run `npm audit` for details.
2022-04-21T16:19:48.545Z appoptics:debug read config from /__w/appoptics-apm-node/appoptics-apm-node/appoptics-apm-config
2022-04-21T16:19:48.545Z appoptics:debug guc ignoring APPOPTICS_LOG_SETTINGS
2022-04-21T16:19:48.545Z appoptics:debug serviceKey dIOz...wWK0:node-agent-test
2022-04-21T16:19:48.546Z appoptics:debug using context provider: ace-context
2022-04-21T16:19:48.607Z appoptics:debug apm 10.2.2-ao.0, bindings 11.2.0, oboe 10.2.0
2022-04-21T16:19:48.741Z appoptics:patching patched crypto 
2022-04-21T16:19:48.788Z appoptics:patching patched https 
2022-04-21T16:19:48.789Z appoptics:patching patched http 
2022-04-21T16:19:48.831Z appoptics:patching patched zlib 
2022-04-21T16:19:49.014Z appoptics:patching fs.realpath - adding native method
2022-04-21T16:19:49.015Z appoptics:patching patched fs 
2022-04-21T16:19:49.025Z appoptics:patching hapi - v17 not looking for hapi/lib/plugin
2022-04-21T16:19:49.025Z appoptics:patching patched @hapi/hapi 20.0.1
2022-04-21T16:19:49.034Z appoptics:patching patched @hapi/vision 6.1.0
2022-04-21T16:19:49.037Z appoptics:debug starting runtimeMetrics


  probes.@hapi/hapi 20.0.1 @hapi/vision 6.1.0
    ✓ UDP might lose a message
    ✓ should forward controller/action data from get request (58ms)
    1) should forward controller/action data from post request
    2) should forward controller/action data from put request
    3) should forward controller/action data from delete request
    ✓ should trace render span
    ✓ should skip vision when disabled
    ✓ should allow a custom TransactionName
    ✓ should allow a custom TransactionName with domain prefix
    ✓ should handle an error in the custom name function
    ✓ should handle a falsey return by the custom name function


  8 passing (6s)
  3 failing

  1) probes.@hapi/hapi 20.0.1 @hapi/vision 6.1.0
       should forward controller/action data from post request:
     Error: Timeout of 2000ms exceeded. For async tests and hooks, ensure "done()" is called; if returning a Promise, ensure it resolves. (/__w/appoptics-apm-node/appoptics-apm-node/test/probes/@hapi-hapi.test.js)
      at listOnTimeout (node:internal/timers:559:17)
      at processTimers (node:internal/timers:502:7)

  2) probes.@hapi/hapi 20.0.1 @hapi/vision 6.1.0
       should forward controller/action data from put request:
     Error: Timeout of 2000ms exceeded. For async tests and hooks, ensure "done()" is called; if returning a Promise, ensure it resolves. (/__w/appoptics-apm-node/appoptics-apm-node/test/probes/@hapi-hapi.test.js)
      at listOnTimeout (node:internal/timers:559:17)
      at processTimers (node:internal/timers:502:7)

  3) probes.@hapi/hapi 20.0.1 @hapi/vision 6.1.0
       should forward controller/action data from delete request:
     Error: Timeout of 2000ms exceeded. For async tests and hooks, ensure "done()" is called; if returning a Promise, ensure it resolves. (/__w/appoptics-apm-node/appoptics-apm-node/test/probes/@hapi-hapi.test.js)
      at listOnTimeout (node:internal/timers:559:17)
      at processTimers (node:internal/timers:502:7)




changed 1 package, and audited 927 packages in 5s

86 packages are looking for funding
  run `npm fund` for details

9 vulnerabilities (6 moderate, 3 high)

To address all issues possible (including breaking changes), run:
  npm audit fix --force

Some issues need review, and may require choosing
a different dependency.

Run `npm audit` for details.
2022-04-21T16:20:01.181Z appoptics:debug read config from /__w/appoptics-apm-node/appoptics-apm-node/appoptics-apm-config
2022-04-21T16:20:01.182Z appoptics:debug guc ignoring APPOPTICS_LOG_SETTINGS
2022-04-21T16:20:01.182Z appoptics:debug serviceKey dIOz...wWK0:node-agent-test
2022-04-21T16:20:01.183Z appoptics:debug using context provider: ace-context
2022-04-21T16:20:01.301Z appoptics:debug apm 10.2.2-ao.0, bindings 11.2.0, oboe 10.2.0
2022-04-21T16:20:01.459Z appoptics:patching patched crypto 
2022-04-21T16:20:01.499Z appoptics:patching patched https 
2022-04-21T16:20:01.500Z appoptics:patching patched http 
2022-04-21T16:20:01.539Z appoptics:patching patched zlib 
2022-04-21T16:20:01.703Z appoptics:patching fs.realpath - adding native method
2022-04-21T16:20:01.703Z appoptics:patching patched fs 
2022-04-21T16:20:01.749Z appoptics:patching hapi - v17 not looking for hapi/lib/plugin
2022-04-21T16:20:01.749Z appoptics:patching patched @hapi/hapi 20.0.2
2022-04-21T16:20:01.766Z appoptics:patching patched @hapi/vision 6.1.0
2022-04-21T16:20:01.771Z appoptics:debug starting runtimeMetrics


  probes.@hapi/hapi 20.0.2 @hapi/vision 6.1.0
    ✓ UDP might lose a message
    ✓ should forward controller/action data from get request (102ms)
    1) should forward controller/action data from post request
    2) should forward controller/action data from put request
    3) should forward controller/action data from delete request
    ✓ should trace render span
    ✓ should skip vision when disabled
    ✓ should allow a custom TransactionName
    ✓ should allow a custom TransactionName with domain prefix
    ✓ should handle an error in the custom name function
    ✓ should handle a falsey return by the custom name function


  8 passing (6s)
  3 failing

  1) probes.@hapi/hapi 20.0.2 @hapi/vision 6.1.0
       should forward controller/action data from post request:
     Error: Timeout of 2000ms exceeded. For async tests and hooks, ensure "done()" is called; if returning a Promise, ensure it resolves. (/__w/appoptics-apm-node/appoptics-apm-node/test/probes/@hapi-hapi.test.js)
      at listOnTimeout (node:internal/timers:559:17)
      at processTimers (node:internal/timers:502:7)

  2) probes.@hapi/hapi 20.0.2 @hapi/vision 6.1.0
       should forward controller/action data from put request:
     Error: Timeout of 2000ms exceeded. For async tests and hooks, ensure "done()" is called; if returning a Promise, ensure it resolves. (/__w/appoptics-apm-node/appoptics-apm-node/test/probes/@hapi-hapi.test.js)
      at listOnTimeout (node:internal/timers:559:17)
      at processTimers (node:internal/timers:502:7)

  3) probes.@hapi/hapi 20.0.2 @hapi/vision 6.1.0
       should forward controller/action data from delete request:
     Error: Timeout of 2000ms exceeded. For async tests and hooks, ensure "done()" is called; if returning a Promise, ensure it resolves. (/__w/appoptics-apm-node/appoptics-apm-node/test/probes/@hapi-hapi.test.js)
      at listOnTimeout (node:internal/timers:559:17)
      at processTimers (node:internal/timers:502:7)




changed 1 package, and audited 927 packages in 6s

86 packages are looking for funding
  run `npm fund` for details

9 vulnerabilities (6 moderate, 3 high)

To address all issues possible (including breaking changes), run:
  npm audit fix --force

Some issues need review, and may require choosing
a different dependency.

Run `npm audit` for details.
2022-04-21T16:20:14.880Z appoptics:debug read config from /__w/appoptics-apm-node/appoptics-apm-node/appoptics-apm-config
2022-04-21T16:20:14.881Z appoptics:debug guc ignoring APPOPTICS_LOG_SETTINGS
2022-04-21T16:20:14.881Z appoptics:debug serviceKey dIOz...wWK0:node-agent-test
2022-04-21T16:20:14.882Z appoptics:debug using context provider: ace-context
2022-04-21T16:20:14.944Z appoptics:debug apm 10.2.2-ao.0, bindings 11.2.0, oboe 10.2.0
2022-04-21T16:20:15.068Z appoptics:patching patched crypto 
2022-04-21T16:20:15.088Z appoptics:patching patched https 
2022-04-21T16:20:15.088Z appoptics:patching patched http 
2022-04-21T16:20:15.132Z appoptics:patching patched zlib 
2022-04-21T16:20:15.282Z appoptics:patching fs.realpath - adding native method
2022-04-21T16:20:15.283Z appoptics:patching patched fs 
2022-04-21T16:20:15.292Z appoptics:patching hapi - v17 not looking for hapi/lib/plugin
2022-04-21T16:20:15.292Z appoptics:patching patched @hapi/hapi 20.0.3
2022-04-21T16:20:15.299Z appoptics:patching patched @hapi/vision 6.1.0
2022-04-21T16:20:15.302Z appoptics:debug starting runtimeMetrics


  probes.@hapi/hapi 20.0.3 @hapi/vision 6.1.0
    ✓ UDP might lose a message
    ✓ should forward controller/action data from get request (54ms)
    1) should forward controller/action data from post request
    2) should forward controller/action data from put request
    3) should forward controller/action data from delete request
    ✓ should trace render span
    ✓ should skip vision when disabled
    ✓ should allow a custom TransactionName
    ✓ should allow a custom TransactionName with domain prefix
    ✓ should handle an error in the custom name function
    ✓ should handle a falsey return by the custom name function


  8 passing (6s)
  3 failing

  1) probes.@hapi/hapi 20.0.3 @hapi/vision 6.1.0
       should forward controller/action data from post request:
     Error: Timeout of 2000ms exceeded. For async tests and hooks, ensure "done()" is called; if returning a Promise, ensure it resolves. (/__w/appoptics-apm-node/appoptics-apm-node/test/probes/@hapi-hapi.test.js)
      at listOnTimeout (node:internal/timers:559:17)
      at processTimers (node:internal/timers:502:7)

  2) probes.@hapi/hapi 20.0.3 @hapi/vision 6.1.0
       should forward controller/action data from put request:
     Error: Timeout of 2000ms exceeded. For async tests and hooks, ensure "done()" is called; if returning a Promise, ensure it resolves. (/__w/appoptics-apm-node/appoptics-apm-node/test/probes/@hapi-hapi.test.js)
      at listOnTimeout (node:internal/timers:559:17)
      at processTimers (node:internal/timers:502:7)

  3) probes.@hapi/hapi 20.0.3 @hapi/vision 6.1.0
       should forward controller/action data from delete request:
     Error: Timeout of 2000ms exceeded. For async tests and hooks, ensure "done()" is called; if returning a Promise, ensure it resolves. (/__w/appoptics-apm-node/appoptics-apm-node/test/probes/@hapi-hapi.test.js)
      at listOnTimeout (node:internal/timers:559:17)
      at processTimers (node:internal/timers:502:7)




changed 1 package, and audited 927 packages in 6s

86 packages are looking for funding
  run `npm fund` for details

9 vulnerabilities (6 moderate, 3 high)

To address all issues possible (including breaking changes), run:
  npm audit fix --force

Some issues need review, and may require choosing
a different dependency.

Run `npm audit` for details.
2022-04-21T16:20:28.355Z appoptics:debug read config from /__w/appoptics-apm-node/appoptics-apm-node/appoptics-apm-config
2022-04-21T16:20:28.355Z appoptics:debug guc ignoring APPOPTICS_LOG_SETTINGS
2022-04-21T16:20:28.355Z appoptics:debug serviceKey dIOz...wWK0:node-agent-test
2022-04-21T16:20:28.356Z appoptics:debug using context provider: ace-context
2022-04-21T16:20:28.417Z appoptics:debug apm 10.2.2-ao.0, bindings 11.2.0, oboe 10.2.0
2022-04-21T16:20:28.545Z appoptics:patching patched crypto 
2022-04-21T16:20:28.588Z appoptics:patching patched https 
2022-04-21T16:20:28.588Z appoptics:patching patched http 
2022-04-21T16:20:28.627Z appoptics:patching patched zlib 
2022-04-21T16:20:28.746Z appoptics:patching fs.realpath - adding native method
2022-04-21T16:20:28.746Z appoptics:patching patched fs 
2022-04-21T16:20:28.755Z appoptics:patching hapi - v17 not looking for hapi/lib/plugin
2022-04-21T16:20:28.755Z appoptics:patching patched @hapi/hapi 20.1.0
2022-04-21T16:20:28.762Z appoptics:patching patched @hapi/vision 6.1.0
2022-04-21T16:20:28.765Z appoptics:debug starting runtimeMetrics


  probes.@hapi/hapi 20.1.0 @hapi/vision 6.1.0
    ✓ UDP might lose a message
    ✓ should forward controller/action data from get request (53ms)
    1) should forward controller/action data from post request
    2) should forward controller/action data from put request
    3) should forward controller/action data from delete request
    ✓ should trace render span
    ✓ should skip vision when disabled
    ✓ should allow a custom TransactionName
    ✓ should allow a custom TransactionName with domain prefix
    ✓ should handle an error in the custom name function
    ✓ should handle a falsey return by the custom name function


  8 passing (6s)
  3 failing

  1) probes.@hapi/hapi 20.1.0 @hapi/vision 6.1.0
       should forward controller/action data from post request:
     Error: Timeout of 2000ms exceeded. For async tests and hooks, ensure "done()" is called; if returning a Promise, ensure it resolves. (/__w/appoptics-apm-node/appoptics-apm-node/test/probes/@hapi-hapi.test.js)
      at listOnTimeout (node:internal/timers:559:17)
      at processTimers (node:internal/timers:502:7)

  2) probes.@hapi/hapi 20.1.0 @hapi/vision 6.1.0
       should forward controller/action data from put request:
     Error: Timeout of 2000ms exceeded. For async tests and hooks, ensure "done()" is called; if returning a Promise, ensure it resolves. (/__w/appoptics-apm-node/appoptics-apm-node/test/probes/@hapi-hapi.test.js)
      at listOnTimeout (node:internal/timers:559:17)
      at processTimers (node:internal/timers:502:7)

  3) probes.@hapi/hapi 20.1.0 @hapi/vision 6.1.0
       should forward controller/action data from delete request:
     Error: Timeout of 2000ms exceeded. For async tests and hooks, ensure "done()" is called; if returning a Promise, ensure it resolves. (/__w/appoptics-apm-node/appoptics-apm-node/test/probes/@hapi-hapi.test.js)
      at listOnTimeout (node:internal/timers:559:17)
      at processTimers (node:internal/timers:502:7)




changed 1 package, and audited 927 packages in 12s

86 packages are looking for funding
  run `npm fund` for details

9 vulnerabilities (6 moderate, 3 high)

To address all issues possible (including breaking changes), run:
  npm audit fix --force

Some issues need review, and may require choosing
a different dependency.

Run `npm audit` for details.
2022-04-21T16:20:47.891Z appoptics:debug read config from /__w/appoptics-apm-node/appoptics-apm-node/appoptics-apm-config
2022-04-21T16:20:47.892Z appoptics:debug guc ignoring APPOPTICS_LOG_SETTINGS
2022-04-21T16:20:47.892Z appoptics:debug serviceKey dIOz...wWK0:node-agent-test
2022-04-21T16:20:47.893Z appoptics:debug using context provider: ace-context
2022-04-21T16:20:47.953Z appoptics:debug apm 10.2.2-ao.0, bindings 11.2.0, oboe 10.2.0
2022-04-21T16:20:48.075Z appoptics:patching patched crypto 
2022-04-21T16:20:48.094Z appoptics:patching patched https 
2022-04-21T16:20:48.095Z appoptics:patching patched http 
2022-04-21T16:20:48.128Z appoptics:patching patched zlib 
2022-04-21T16:20:48.245Z appoptics:patching fs.realpath - adding native method
2022-04-21T16:20:48.245Z appoptics:patching patched fs 
2022-04-21T16:20:48.254Z appoptics:patching hapi - v17 not looking for hapi/lib/plugin
2022-04-21T16:20:48.254Z appoptics:patching patched @hapi/hapi 20.1.1
2022-04-21T16:20:48.261Z appoptics:patching patched @hapi/vision 6.1.0
2022-04-21T16:20:48.265Z appoptics:debug starting runtimeMetrics


  probes.@hapi/hapi 20.1.1 @hapi/vision 6.1.0
    ✓ UDP might lose a message
    ✓ should forward controller/action data from get request (54ms)
    1) should forward controller/action data from post request
    2) should forward controller/action data from put request
    3) should forward controller/action data from delete request
    ✓ should trace render span
    ✓ should skip vision when disabled
    ✓ should allow a custom TransactionName
    ✓ should allow a custom TransactionName with domain prefix
    ✓ should handle an error in the custom name function
    ✓ should handle a falsey return by the custom name function


  8 passing (6s)
  3 failing

  1) probes.@hapi/hapi 20.1.1 @hapi/vision 6.1.0
       should forward controller/action data from post request:
     Error: Timeout of 2000ms exceeded. For async tests and hooks, ensure "done()" is called; if returning a Promise, ensure it resolves. (/__w/appoptics-apm-node/appoptics-apm-node/test/probes/@hapi-hapi.test.js)
      at listOnTimeout (node:internal/timers:559:17)
      at processTimers (node:internal/timers:502:7)

  2) probes.@hapi/hapi 20.1.1 @hapi/vision 6.1.0
       should forward controller/action data from put request:
     Error: Timeout of 2000ms exceeded. For async tests and hooks, ensure "done()" is called; if returning a Promise, ensure it resolves. (/__w/appoptics-apm-node/appoptics-apm-node/test/probes/@hapi-hapi.test.js)
      at listOnTimeout (node:internal/timers:559:17)
      at processTimers (node:internal/timers:502:7)

  3) probes.@hapi/hapi 20.1.1 @hapi/vision 6.1.0
       should forward controller/action data from delete request:
     Error: Timeout of 2000ms exceeded. For async tests and hooks, ensure "done()" is called; if returning a Promise, ensure it resolves. (/__w/appoptics-apm-node/appoptics-apm-node/test/probes/@hapi-hapi.test.js)
      at listOnTimeout (node:internal/timers:559:17)
      at processTimers (node:internal/timers:502:7)




changed 1 package, and audited 927 packages in 6s

86 packages are looking for funding
  run `npm fund` for details

9 vulnerabilities (6 moderate, 3 high)

To address all issues possible (including breaking changes), run:
  npm audit fix --force

Some issues need review, and may require choosing
a different dependency.

Run `npm audit` for details.
2022-04-21T16:21:00.841Z appoptics:debug read config from /__w/appoptics-apm-node/appoptics-apm-node/appoptics-apm-config
2022-04-21T16:21:00.841Z appoptics:debug guc ignoring APPOPTICS_LOG_SETTINGS
2022-04-21T16:21:00.841Z appoptics:debug serviceKey dIOz...wWK0:node-agent-test
2022-04-21T16:21:00.842Z appoptics:debug using context provider: ace-context
2022-04-21T16:21:00.916Z appoptics:debug apm 10.2.2-ao.0, bindings 11.2.0, oboe 10.2.0
2022-04-21T16:21:01.097Z appoptics:patching patched crypto 
2022-04-21T16:21:01.182Z appoptics:patching patched https 
2022-04-21T16:21:01.183Z appoptics:patching patched http 
2022-04-21T16:21:01.228Z appoptics:patching patched zlib 
2022-04-21T16:21:01.406Z appoptics:patching fs.realpath - adding native method
2022-04-21T16:21:01.406Z appoptics:patching patched fs 
2022-04-21T16:21:01.431Z appoptics:patching hapi - v17 not looking for hapi/lib/plugin
2022-04-21T16:21:01.431Z appoptics:patching patched @hapi/hapi 20.1.2
2022-04-21T16:21:01.459Z appoptics:patching patched @hapi/vision 6.1.0
2022-04-21T16:21:01.471Z appoptics:debug starting runtimeMetrics


  probes.@hapi/hapi 20.1.2 @hapi/vision 6.1.0
    ✓ UDP might lose a message
    ✓ should forward controller/action data from get request (86ms)
    ✓ should forward controller/action data from post request
    ✓ should forward controller/action data from put request
    ✓ should forward controller/action data from delete request
    ✓ should trace render span
    ✓ should skip vision when disabled
    ✓ should allow a custom TransactionName
    ✓ should allow a custom TransactionName with domain prefix
    ✓ should handle an error in the custom name function
    ✓ should handle a falsey return by the custom name function


  11 passing (271ms)


changed 2 packages, and audited 927 packages in 5s

86 packages are looking for funding
  run `npm fund` for details

9 vulnerabilities (6 moderate, 3 high)

To address all issues possible (including breaking changes), run:
  npm audit fix --force

Some issues need review, and may require choosing
a different dependency.

Run `npm audit` for details.
2022-04-21T16:21:07.410Z appoptics:debug read config from /__w/appoptics-apm-node/appoptics-apm-node/appoptics-apm-config
2022-04-21T16:21:07.410Z appoptics:debug guc ignoring APPOPTICS_LOG_SETTINGS
2022-04-21T16:21:07.410Z appoptics:debug serviceKey dIOz...wWK0:node-agent-test
2022-04-21T16:21:07.411Z appoptics:debug using context provider: ace-context
2022-04-21T16:21:07.473Z appoptics:debug apm 10.2.2-ao.0, bindings 11.2.0, oboe 10.2.0
2022-04-21T16:21:07.596Z appoptics:patching patched crypto 
2022-04-21T16:21:07.615Z appoptics:patching patched https 
2022-04-21T16:21:07.616Z appoptics:patching patched http 
2022-04-21T16:21:07.650Z appoptics:patching patched zlib 
2022-04-21T16:21:07.755Z appoptics:patching fs.realpath - adding native method
2022-04-21T16:21:07.755Z appoptics:patching patched fs 
2022-04-21T16:21:07.764Z appoptics:patching hapi - v17 not looking for hapi/lib/plugin
2022-04-21T16:21:07.764Z appoptics:patching patched @hapi/hapi 20.1.3
2022-04-21T16:21:07.777Z appoptics:patching patched @hapi/vision 6.1.0
2022-04-21T16:21:07.780Z appoptics:debug starting runtimeMetrics


  probes.@hapi/hapi 20.1.3 @hapi/vision 6.1.0
    ✓ UDP might lose a message
    ✓ should forward controller/action data from get request (51ms)
    ✓ should forward controller/action data from post request
    ✓ should forward controller/action data from put request
    ✓ should forward controller/action data from delete request
    ✓ should trace render span
    ✓ should skip vision when disabled
    ✓ should allow a custom TransactionName
    ✓ should allow a custom TransactionName with domain prefix
    ✓ should handle an error in the custom name function
    ✓ should handle a falsey return by the custom name function


  11 passing (185ms)


changed 1 package, and audited 927 packages in 6s

86 packages are looking for funding
  run `npm fund` for details

9 vulnerabilities (6 moderate, 3 high)

To address all issues possible (including breaking changes), run:
  npm audit fix --force

Some issues need review, and may require choosing
a different dependency.

Run `npm audit` for details.
2022-04-21T16:21:14.618Z appoptics:debug read config from /__w/appoptics-apm-node/appoptics-apm-node/appoptics-apm-config
2022-04-21T16:21:14.619Z appoptics:debug guc ignoring APPOPTICS_LOG_SETTINGS
2022-04-21T16:21:14.619Z appoptics:debug serviceKey dIOz...wWK0:node-agent-test
2022-04-21T16:21:14.620Z appoptics:debug using context provider: ace-context
2022-04-21T16:21:14.682Z appoptics:debug apm 10.2.2-ao.0, bindings 11.2.0, oboe 10.2.0
2022-04-21T16:21:14.802Z appoptics:patching patched crypto 
2022-04-21T16:21:14.820Z appoptics:patching patched https 
2022-04-21T16:21:14.820Z appoptics:patching patched http 
2022-04-21T16:21:14.856Z appoptics:patching patched zlib 
2022-04-21T16:21:14.958Z appoptics:patching fs.realpath - adding native method
2022-04-21T16:21:14.958Z appoptics:patching patched fs 
2022-04-21T16:21:14.967Z appoptics:patching hapi - v17 not looking for hapi/lib/plugin
2022-04-21T16:21:14.967Z appoptics:patching patched @hapi/hapi 20.1.4
2022-04-21T16:21:14.974Z appoptics:patching patched @hapi/vision 6.1.0
2022-04-21T16:21:14.982Z appoptics:debug starting runtimeMetrics


  probes.@hapi/hapi 20.1.4 @hapi/vision 6.1.0
    ✓ UDP might lose a message
    ✓ should forward controller/action data from get request (49ms)
    ✓ should forward controller/action data from post request
    ✓ should forward controller/action data from put request
    ✓ should forward controller/action data from delete request
    ✓ should trace render span
    ✓ should skip vision when disabled
    ✓ should allow a custom TransactionName
    ✓ should allow a custom TransactionName with domain prefix
    ✓ should handle an error in the custom name function
    ✓ should handle a falsey return by the custom name function


  11 passing (183ms)


changed 1 package, and audited 927 packages in 5s

86 packages are looking for funding
  run `npm fund` for details

9 vulnerabilities (6 moderate, 3 high)

To address all issues possible (including breaking changes), run:
  npm audit fix --force

Some issues need review, and may require choosing
a different dependency.

Run `npm audit` for details.
2022-04-21T16:21:21.006Z appoptics:debug read config from /__w/appoptics-apm-node/appoptics-apm-node/appoptics-apm-config
2022-04-21T16:21:21.007Z appoptics:debug guc ignoring APPOPTICS_LOG_SETTINGS
2022-04-21T16:21:21.007Z appoptics:debug serviceKey dIOz...wWK0:node-agent-test
2022-04-21T16:21:21.008Z appoptics:debug using context provider: ace-context
2022-04-21T16:21:21.069Z appoptics:debug apm 10.2.2-ao.0, bindings 11.2.0, oboe 10.2.0
2022-04-21T16:21:21.189Z appoptics:patching patched crypto 
2022-04-21T16:21:21.207Z appoptics:patching patched https 
2022-04-21T16:21:21.208Z appoptics:patching patched http 
2022-04-21T16:21:21.244Z appoptics:patching patched zlib 
2022-04-21T16:21:21.380Z appoptics:patching fs.realpath - adding native method
2022-04-21T16:21:21.380Z appoptics:patching patched fs 
2022-04-21T16:21:21.389Z appoptics:patching hapi - v17 not looking for hapi/lib/plugin
2022-04-21T16:21:21.389Z appoptics:patching patched @hapi/hapi 20.1.5
2022-04-21T16:21:21.397Z appoptics:patching patched @hapi/vision 6.1.0
2022-04-21T16:21:21.400Z appoptics:debug starting runtimeMetrics


  probes.@hapi/hapi 20.1.5 @hapi/vision 6.1.0
    ✓ UDP might lose a message
    ✓ should forward controller/action data from get request (50ms)
    ✓ should forward controller/action data from post request
    ✓ should forward controller/action data from put request
    ✓ should forward controller/action data from delete request
    ✓ should trace render span
    ✓ should skip vision when disabled
    ✓ should allow a custom TransactionName
    ✓ should allow a custom TransactionName with domain prefix
    ✓ should handle an error in the custom name function
    ✓ should handle a falsey return by the custom name function


  11 passing (188ms)


changed 1 package, and audited 927 packages in 6s

86 packages are looking for funding
  run `npm fund` for details

9 vulnerabilities (6 moderate, 3 high)

To address all issues possible (including breaking changes), run:
  npm audit fix --force

Some issues need review, and may require choosing
a different dependency.

Run `npm audit` for details.
2022-04-21T16:21:27.927Z appoptics:debug read config from /__w/appoptics-apm-node/appoptics-apm-node/appoptics-apm-config
2022-04-21T16:21:27.928Z appoptics:debug guc ignoring APPOPTICS_LOG_SETTINGS
2022-04-21T16:21:27.928Z appoptics:debug serviceKey dIOz...wWK0:node-agent-test
2022-04-21T16:21:27.929Z appoptics:debug using context provider: ace-context
2022-04-21T16:21:27.990Z appoptics:debug apm 10.2.2-ao.0, bindings 11.2.0, oboe 10.2.0
2022-04-21T16:21:28.109Z appoptics:patching patched crypto 
2022-04-21T16:21:28.127Z appoptics:patching patched https 
2022-04-21T16:21:28.128Z appoptics:patching patched http 
2022-04-21T16:21:28.165Z appoptics:patching patched zlib 
2022-04-21T16:21:28.268Z appoptics:patching fs.realpath - adding native method
2022-04-21T16:21:28.269Z appoptics:patching patched fs 
2022-04-21T16:21:28.278Z appoptics:patching hapi - v17 not looking for hapi/lib/plugin
2022-04-21T16:21:28.278Z appoptics:patching patched @hapi/hapi 20.2.0
2022-04-21T16:21:28.292Z appoptics:patching patched @hapi/vision 6.1.0
2022-04-21T16:21:28.295Z appoptics:debug starting runtimeMetrics


  probes.@hapi/hapi 20.2.0 @hapi/vision 6.1.0
    ✓ UDP might lose a message
    ✓ should forward controller/action data from get request (49ms)
    ✓ should forward controller/action data from post request
    ✓ should forward controller/action data from put request
    ✓ should forward controller/action data from delete request
    ✓ should trace render span
    ✓ should skip vision when disabled
    ✓ should allow a custom TransactionName
    ✓ should allow a custom TransactionName with domain prefix
    ✓ should handle an error in the custom name function
    ✓ should handle a falsey return by the custom name function


  11 passing (184ms)


changed 1 package, and audited 927 packages in 6s

86 packages are looking for funding
  run `npm fund` for details

9 vulnerabilities (6 moderate, 3 high)

To address all issues possible (including breaking changes), run:
  npm audit fix --force

Some issues need review, and may require choosing
a different dependency.

Run `npm audit` for details.
2022-04-21T16:21:34.545Z appoptics:debug read config from /__w/appoptics-apm-node/appoptics-apm-node/appoptics-apm-config
2022-04-21T16:21:34.546Z appoptics:debug guc ignoring APPOPTICS_LOG_SETTINGS
2022-04-21T16:21:34.546Z appoptics:debug serviceKey dIOz...wWK0:node-agent-test
2022-04-21T16:21:34.547Z appoptics:debug using context provider: ace-context
2022-04-21T16:21:34.607Z appoptics:debug apm 10.2.2-ao.0, bindings 11.2.0, oboe 10.2.0
2022-04-21T16:21:34.730Z appoptics:patching patched crypto 
2022-04-21T16:21:34.748Z appoptics:patching patched https 
2022-04-21T16:21:34.749Z appoptics:patching patched http 
2022-04-21T16:21:34.785Z appoptics:patching patched zlib 
2022-04-21T16:21:34.887Z appoptics:patching fs.realpath - adding native method
2022-04-21T16:21:34.887Z appoptics:patching patched fs 
2022-04-21T16:21:34.896Z appoptics:patching hapi - v17 not looking for hapi/lib/plugin
2022-04-21T16:21:34.896Z appoptics:patching patched @hapi/hapi 20.2.1
2022-04-21T16:21:34.904Z appoptics:patching patched @hapi/vision 6.1.0
2022-04-21T16:21:34.912Z appoptics:debug starting runtimeMetrics


  probes.@hapi/hapi 20.2.1 @hapi/vision 6.1.0
    ✓ UDP might lose a message
    ✓ should forward controller/action data from get request (50ms)
    ✓ should forward controller/action data from post request
    ✓ should forward controller/action data from put request
    ✓ should forward controller/action data from delete request
    ✓ should trace render span
    ✓ should skip vision when disabled
    ✓ should allow a custom TransactionName
    ✓ should allow a custom TransactionName with domain prefix
    ✓ should handle an error in the custom name function
    ✓ should handle a falsey return by the custom name function


  11 passing (183ms)


changed 1 package, and audited 927 packages in 6s

86 packages are looking for funding
  run `npm fund` for details

9 vulnerabilities (6 moderate, 3 high)

To address all issues possible (including breaking changes), run:
  npm audit fix --force

Some issues need review, and may require choosing
a different dependency.

Run `npm audit` for details.
2022-04-21T16:21:41.283Z appoptics:debug read config from /__w/appoptics-apm-node/appoptics-apm-node/appoptics-apm-config
2022-04-21T16:21:41.283Z appoptics:debug guc ignoring APPOPTICS_LOG_SETTINGS
2022-04-21T16:21:41.283Z appoptics:debug serviceKey dIOz...wWK0:node-agent-test
2022-04-21T16:21:41.284Z appoptics:debug using context provider: ace-context
2022-04-21T16:21:41.351Z appoptics:debug apm 10.2.2-ao.0, bindings 11.2.0, oboe 10.2.0
2022-04-21T16:21:41.494Z appoptics:patching patched crypto 
2022-04-21T16:21:41.522Z appoptics:patching patched https 
2022-04-21T16:21:41.522Z appoptics:patching patched http 
2022-04-21T16:21:41.587Z appoptics:patching patched zlib 
2022-04-21T16:21:41.716Z appoptics:patching fs.realpath - adding native method
2022-04-21T16:21:41.716Z appoptics:patching patched fs 
2022-04-21T16:21:41.735Z appoptics:patching hapi - v17 not looking for hapi/lib/plugin
2022-04-21T16:21:41.735Z appoptics:patching patched @hapi/hapi 20.2.2
2022-04-21T16:21:41.749Z appoptics:patching patched @hapi/vision 6.1.0
2022-04-21T16:21:41.752Z appoptics:debug starting runtimeMetrics


  probes.@hapi/hapi 20.2.2 @hapi/vision 6.1.0
    ✓ UDP might lose a message
    ✓ should forward controller/action data from get request (48ms)
    ✓ should forward controller/action data from post request
    ✓ should forward controller/action data from put request
    ✓ should forward controller/action data from delete request
    ✓ should trace render span
    ✓ should skip vision when disabled
    ✓ should allow a custom TransactionName
    ✓ should allow a custom TransactionName with domain prefix
    ✓ should handle an error in the custom name function
    ✓ should handle a falsey return by the custom name function


  11 passing (184ms)


up to date, audited 927 packages in 5s

86 packages are looking for funding
  run `npm fund` for details

9 vulnerabilities (6 moderate, 3 high)

To address all issues possible (including breaking changes), run:
  npm audit fix --force

Some issues need review, and may require choosing
a different dependency.

Run `npm audit` for details.
