npm WARN deprecated oracledb@2.0.14: Update to node-oracledb 5
npm ERR! code 87
npm ERR! path /__w/appoptics-apm-node/appoptics-apm-node/node_modules/oracledb
npm ERR! command failed
npm ERR! command sh -c node package/oracledbinstall.js
npm ERR! oracledb Beginning installation
npm ERR! oracledb Verifying installation
npm ERR! oracledb Binary not found
npm ERR! oracledb Continuing installation
npm ERR! oracledb [31mERR![0m NJS-054: Binary build/Release/oracledb.node was not installed from oracledb-v2.0.14-node-v93-linux-x64.gz
npm ERR! oracledb [31mERR![0m Error: HTTPS request for https://github.com/oracle/node-oracledb/releases/download/v2.0.14/oracledb-v2.0.14-node-v93-linux-x64.gz failed with code 404
npm ERR! oracledb [31mERR![0m If the error is not network or filesystem related, then review 
npm ERR! oracledb [31mERR![0m the Python 2.7 and compiler prerequisites in the installation instructions and
npm ERR! oracledb [31mERR![0m then install from source code with: npm install oracle/node-oracledb.git#v2.0.14
npm ERR! oracledb [31mERR![0m See https://github.com/oracle/node-oracledb/blob/master/INSTALL.md

npm ERR! A complete log of this run can be found in:
npm ERR!     /github/home/.npm/_logs/2021-09-13T19_03_23_828Z-debug.log
npm WARN deprecated uuid@3.3.2: Please upgrade  to version 7 or higher.  Older versions may use Math.random() in certain circumstances, which is known to be problematic.  See https://v8.dev/blog/math-random for details.
npm WARN deprecated oracledb@2.0.15: Update to node-oracledb 5
npm WARN cleanup Failed to remove some directories [
npm WARN cleanup   [
npm WARN cleanup     undefined,
npm WARN cleanup     AssertionError [ERR_ASSERTION]: rimraf: missing path
npm WARN cleanup         at rimraf (/__t/node/16.9.1/x64/lib/node_modules/npm/node_modules/rimraf/rimraf.js:54:3)
npm WARN cleanup         at node:internal/util:363:7
npm WARN cleanup         at new Promise (<anonymous>)
npm WARN cleanup         at rimraf (node:internal/util:349:12)
npm WARN cleanup         at /__t/node/16.9.1/x64/lib/node_modules/npm/node_modules/@npmcli/arborist/lib/arborist/reify.js:487:20
npm WARN cleanup         at Array.map (<anonymous>)
npm WARN cleanup         at Arborist.[rollbackCreateSparseTree] (/__t/node/16.9.1/x64/lib/node_modules/npm/node_modules/@npmcli/arborist/lib/arborist/reify.js:487:8)
npm WARN cleanup         at /__t/node/16.9.1/x64/lib/node_modules/npm/node_modules/@npmcli/arborist/lib/arborist/reify.js:1004:50
npm WARN cleanup         at processTicksAndRejections (node:internal/process/task_queues:96:5)
npm WARN cleanup         at async Arborist.[reifyPackages] (/__t/node/16.9.1/x64/lib/node_modules/npm/node_modules/@npmcli/arborist/lib/arborist/reify.js:226:11) {
npm WARN cleanup       generatedMessage: false,
npm WARN cleanup       code: 'ERR_ASSERTION',
npm WARN cleanup       actual: undefined,
npm WARN cleanup       expected: true,
npm WARN cleanup       operator: '=='
npm WARN cleanup     }
npm WARN cleanup   ]
npm WARN cleanup ]
npm ERR! code 87
npm ERR! path /__w/appoptics-apm-node/appoptics-apm-node/node_modules/oracledb
npm ERR! command failed
npm ERR! command sh -c node package/oracledbinstall.js
npm ERR! oracledb Beginning installation
npm ERR! oracledb Verifying installation
npm ERR! oracledb Binary not found
npm ERR! oracledb Continuing installation
npm ERR! oracledb [31mERR![0m NJS-054: Binary build/Release/oracledb.node was not installed from oracledb-v2.0.15-node-v93-linux-x64.gz
npm ERR! oracledb [31mERR![0m Error: HTTPS request for https://github.com/oracle/node-oracledb/releases/download/v2.0.15/oracledb-v2.0.15-node-v93-linux-x64.gz failed with code 404
npm ERR! oracledb [31mERR![0m If the error is not network or filesystem related, then review 
npm ERR! oracledb [31mERR![0m the Python 2.7 and compiler prerequisites in the installation instructions and
npm ERR! oracledb [31mERR![0m then install from source code with: npm install oracle/node-oracledb.git#v2.0.15
npm ERR! oracledb [31mERR![0m See https://github.com/oracle/node-oracledb/blob/master/INSTALL.md

npm ERR! A complete log of this run can be found in:
npm ERR!     /github/home/.npm/_logs/2021-09-13T19_03_33_096Z-debug.log
npm WARN deprecated uuid@3.3.2: Please upgrade  to version 7 or higher.  Older versions may use Math.random() in certain circumstances, which is known to be problematic.  See https://v8.dev/blog/math-random for details.
npm WARN deprecated oracledb@2.1.0: Update to node-oracledb 5
npm WARN cleanup Failed to remove some directories [
npm WARN cleanup   [
npm WARN cleanup     undefined,
npm WARN cleanup     AssertionError [ERR_ASSERTION]: rimraf: missing path
npm WARN cleanup         at rimraf (/__t/node/16.9.1/x64/lib/node_modules/npm/node_modules/rimraf/rimraf.js:54:3)
npm WARN cleanup         at node:internal/util:363:7
npm WARN cleanup         at new Promise (<anonymous>)
npm WARN cleanup         at rimraf (node:internal/util:349:12)
npm WARN cleanup         at /__t/node/16.9.1/x64/lib/node_modules/npm/node_modules/@npmcli/arborist/lib/arborist/reify.js:487:20
npm WARN cleanup         at Array.map (<anonymous>)
npm WARN cleanup         at Arborist.[rollbackCreateSparseTree] (/__t/node/16.9.1/x64/lib/node_modules/npm/node_modules/@npmcli/arborist/lib/arborist/reify.js:487:8)
npm WARN cleanup         at /__t/node/16.9.1/x64/lib/node_modules/npm/node_modules/@npmcli/arborist/lib/arborist/reify.js:1004:50
npm WARN cleanup         at processTicksAndRejections (node:internal/process/task_queues:96:5)
npm WARN cleanup         at async Arborist.[reifyPackages] (/__t/node/16.9.1/x64/lib/node_modules/npm/node_modules/@npmcli/arborist/lib/arborist/reify.js:226:11) {
npm WARN cleanup       generatedMessage: false,
npm WARN cleanup       code: 'ERR_ASSERTION',
npm WARN cleanup       actual: undefined,
npm WARN cleanup       expected: true,
npm WARN cleanup       operator: '=='
npm WARN cleanup     }
npm WARN cleanup   ]
npm WARN cleanup ]
npm ERR! code 87
npm ERR! path /__w/appoptics-apm-node/appoptics-apm-node/node_modules/oracledb
npm ERR! command failed
npm ERR! command sh -c node package/oracledbinstall.js
npm ERR! oracledb Beginning installation
npm ERR! oracledb Verifying installation
npm ERR! oracledb Binary not found
npm ERR! oracledb Continuing installation
npm ERR! oracledb [31mERR![0m NJS-054: Binary build/Release/oracledb.node was not installed from oracledb-v2.1.0-node-v93-linux-x64.gz
npm ERR! oracledb [31mERR![0m Error: HTTPS request for https://github.com/oracle/node-oracledb/releases/download/v2.1.0/oracledb-v2.1.0-node-v93-linux-x64.gz failed with code 404
npm ERR! oracledb [31mERR![0m If the error is not network or filesystem related, then review 
npm ERR! oracledb [31mERR![0m the Python 2.7 and compiler prerequisites in the installation instructions and
npm ERR! oracledb [31mERR![0m then install from source code with: npm install oracle/node-oracledb.git#v2.1.0
npm ERR! oracledb [31mERR![0m See https://github.com/oracle/node-oracledb/blob/master/INSTALL.md

npm ERR! A complete log of this run can be found in:
npm ERR!     /github/home/.npm/_logs/2021-09-13T19_03_41_207Z-debug.log
npm WARN deprecated uuid@3.3.2: Please upgrade  to version 7 or higher.  Older versions may use Math.random() in certain circumstances, which is known to be problematic.  See https://v8.dev/blog/math-random for details.
npm WARN deprecated oracledb@2.1.1: Update to node-oracledb 5
npm WARN cleanup Failed to remove some directories [
npm WARN cleanup   [
npm WARN cleanup     undefined,
npm WARN cleanup     AssertionError [ERR_ASSERTION]: rimraf: missing path
npm WARN cleanup         at rimraf (/__t/node/16.9.1/x64/lib/node_modules/npm/node_modules/rimraf/rimraf.js:54:3)
npm WARN cleanup         at node:internal/util:363:7
npm WARN cleanup         at new Promise (<anonymous>)
npm WARN cleanup         at rimraf (node:internal/util:349:12)
npm WARN cleanup         at /__t/node/16.9.1/x64/lib/node_modules/npm/node_modules/@npmcli/arborist/lib/arborist/reify.js:487:20
npm WARN cleanup         at Array.map (<anonymous>)
npm WARN cleanup         at Arborist.[rollbackCreateSparseTree] (/__t/node/16.9.1/x64/lib/node_modules/npm/node_modules/@npmcli/arborist/lib/arborist/reify.js:487:8)
npm WARN cleanup         at /__t/node/16.9.1/x64/lib/node_modules/npm/node_modules/@npmcli/arborist/lib/arborist/reify.js:1004:50
npm WARN cleanup         at processTicksAndRejections (node:internal/process/task_queues:96:5)
npm WARN cleanup         at async Arborist.[reifyPackages] (/__t/node/16.9.1/x64/lib/node_modules/npm/node_modules/@npmcli/arborist/lib/arborist/reify.js:226:11) {
npm WARN cleanup       generatedMessage: false,
npm WARN cleanup       code: 'ERR_ASSERTION',
npm WARN cleanup       actual: undefined,
npm WARN cleanup       expected: true,
npm WARN cleanup       operator: '=='
npm WARN cleanup     }
npm WARN cleanup   ]
npm WARN cleanup ]
npm ERR! code 87
npm ERR! path /__w/appoptics-apm-node/appoptics-apm-node/node_modules/oracledb
npm ERR! command failed
npm ERR! command sh -c node package/oracledbinstall.js
npm ERR! oracledb Beginning installation
npm ERR! oracledb Verifying installation
npm ERR! oracledb Binary not found
npm ERR! oracledb Continuing installation
npm ERR! oracledb [31mERR![0m NJS-054: Binary build/Release/oracledb.node was not installed from oracledb-v2.1.1-node-v93-linux-x64.gz
npm ERR! oracledb [31mERR![0m Error: HTTPS request for https://github.com/oracle/node-oracledb/releases/download/v2.1.1/oracledb-v2.1.1-node-v93-linux-x64.gz failed with code 404
npm ERR! oracledb [31mERR![0m If the error is not network or filesystem related, then review 
npm ERR! oracledb [31mERR![0m the Python 2.7 and compiler prerequisites in the installation instructions and
npm ERR! oracledb [31mERR![0m then install from source code with: npm install oracle/node-oracledb.git#v2.1.1
npm ERR! oracledb [31mERR![0m See https://github.com/oracle/node-oracledb/blob/master/INSTALL.md

npm ERR! A complete log of this run can be found in:
npm ERR!     /github/home/.npm/_logs/2021-09-13T19_03_50_250Z-debug.log
npm WARN deprecated uuid@3.3.2: Please upgrade  to version 7 or higher.  Older versions may use Math.random() in certain circumstances, which is known to be problematic.  See https://v8.dev/blog/math-random for details.
npm WARN deprecated oracledb@2.1.2: Update to node-oracledb 5
npm WARN cleanup Failed to remove some directories [
npm WARN cleanup   [
npm WARN cleanup     undefined,
npm WARN cleanup     AssertionError [ERR_ASSERTION]: rimraf: missing path
npm WARN cleanup         at rimraf (/__t/node/16.9.1/x64/lib/node_modules/npm/node_modules/rimraf/rimraf.js:54:3)
npm WARN cleanup         at node:internal/util:363:7
npm WARN cleanup         at new Promise (<anonymous>)
npm WARN cleanup         at rimraf (node:internal/util:349:12)
npm WARN cleanup         at /__t/node/16.9.1/x64/lib/node_modules/npm/node_modules/@npmcli/arborist/lib/arborist/reify.js:487:20
npm WARN cleanup         at Array.map (<anonymous>)
npm WARN cleanup         at Arborist.[rollbackCreateSparseTree] (/__t/node/16.9.1/x64/lib/node_modules/npm/node_modules/@npmcli/arborist/lib/arborist/reify.js:487:8)
npm WARN cleanup         at /__t/node/16.9.1/x64/lib/node_modules/npm/node_modules/@npmcli/arborist/lib/arborist/reify.js:1004:50
npm WARN cleanup         at processTicksAndRejections (node:internal/process/task_queues:96:5)
npm WARN cleanup         at async Arborist.[reifyPackages] (/__t/node/16.9.1/x64/lib/node_modules/npm/node_modules/@npmcli/arborist/lib/arborist/reify.js:226:11) {
npm WARN cleanup       generatedMessage: false,
npm WARN cleanup       code: 'ERR_ASSERTION',
npm WARN cleanup       actual: undefined,
npm WARN cleanup       expected: true,
npm WARN cleanup       operator: '=='
npm WARN cleanup     }
npm WARN cleanup   ]
npm WARN cleanup ]
npm ERR! code 87
npm ERR! path /__w/appoptics-apm-node/appoptics-apm-node/node_modules/oracledb
npm ERR! command failed
npm ERR! command sh -c node package/oracledbinstall.js
npm ERR! oracledb Beginning installation
npm ERR! oracledb Verifying installation
npm ERR! oracledb Binary not found
npm ERR! oracledb Continuing installation
npm ERR! oracledb [31mERR![0m NJS-054: Binary build/Release/oracledb.node was not installed from oracledb-v2.1.2-node-v93-linux-x64.gz
npm ERR! oracledb [31mERR![0m Error: HTTPS request for https://github.com/oracle/node-oracledb/releases/download/v2.1.2/oracledb-v2.1.2-node-v93-linux-x64.gz failed with code 404
npm ERR! oracledb [31mERR![0m If the error is not network or filesystem related, then review 
npm ERR! oracledb [31mERR![0m the Python 2.7 and compiler prerequisites in the installation instructions and
npm ERR! oracledb [31mERR![0m then install from source code with: npm install oracle/node-oracledb.git#v2.1.2
npm ERR! oracledb [31mERR![0m See https://github.com/oracle/node-oracledb/blob/master/INSTALL.md

npm ERR! A complete log of this run can be found in:
npm ERR!     /github/home/.npm/_logs/2021-09-13T19_03_59_397Z-debug.log
npm WARN deprecated uuid@3.3.2: Please upgrade  to version 7 or higher.  Older versions may use Math.random() in certain circumstances, which is known to be problematic.  See https://v8.dev/blog/math-random for details.
npm WARN deprecated oracledb@2.2.0: Update to node-oracledb 5
npm WARN cleanup Failed to remove some directories [
npm WARN cleanup   [
npm WARN cleanup     undefined,
npm WARN cleanup     AssertionError [ERR_ASSERTION]: rimraf: missing path
npm WARN cleanup         at rimraf (/__t/node/16.9.1/x64/lib/node_modules/npm/node_modules/rimraf/rimraf.js:54:3)
npm WARN cleanup         at node:internal/util:363:7
npm WARN cleanup         at new Promise (<anonymous>)
npm WARN cleanup         at rimraf (node:internal/util:349:12)
npm WARN cleanup         at /__t/node/16.9.1/x64/lib/node_modules/npm/node_modules/@npmcli/arborist/lib/arborist/reify.js:487:20
npm WARN cleanup         at Array.map (<anonymous>)
npm WARN cleanup         at Arborist.[rollbackCreateSparseTree] (/__t/node/16.9.1/x64/lib/node_modules/npm/node_modules/@npmcli/arborist/lib/arborist/reify.js:487:8)
npm WARN cleanup         at /__t/node/16.9.1/x64/lib/node_modules/npm/node_modules/@npmcli/arborist/lib/arborist/reify.js:1004:50
npm WARN cleanup         at processTicksAndRejections (node:internal/process/task_queues:96:5)
npm WARN cleanup         at async Arborist.[reifyPackages] (/__t/node/16.9.1/x64/lib/node_modules/npm/node_modules/@npmcli/arborist/lib/arborist/reify.js:226:11) {
npm WARN cleanup       generatedMessage: false,
npm WARN cleanup       code: 'ERR_ASSERTION',
npm WARN cleanup       actual: undefined,
npm WARN cleanup       expected: true,
npm WARN cleanup       operator: '=='
npm WARN cleanup     }
npm WARN cleanup   ]
npm WARN cleanup ]
npm ERR! code 87
npm ERR! path /__w/appoptics-apm-node/appoptics-apm-node/node_modules/oracledb
npm ERR! command failed
npm ERR! command sh -c node package/oracledbinstall.js
npm ERR! oracledb Beginning installation
npm ERR! oracledb Verifying installation
npm ERR! oracledb Continuing installation
npm ERR! oracledb [31mERR![0m NJS-054: Binary build/Release/oracledb.node was not installed.
npm ERR! oracledb [31mERR![0m Pre-built binary packages are not available for this version of Node.js (NODE_MODULE_VERSION="93")
npm ERR! oracledb [31mERR![0m Failed to install binary package oracledb-v2.2.0-node-v93-linux-x64.gz
npm ERR! oracledb [31mERR![0m Error: HTTPS request for https://github.com/oracle/node-oracledb/releases/download/v2.2.0/oracledb-v2.2.0-node-v93-linux-x64.gz failed with code 404
npm ERR! oracledb [31mERR![0m For help see https://oracle.github.io/node-oracledb/INSTALL.html#troubleshooting

npm ERR! A complete log of this run can be found in:
npm ERR!     /github/home/.npm/_logs/2021-09-13T19_04_07_544Z-debug.log
npm WARN deprecated uuid@3.3.2: Please upgrade  to version 7 or higher.  Older versions may use Math.random() in certain circumstances, which is known to be problematic.  See https://v8.dev/blog/math-random for details.
npm WARN deprecated oracledb@2.3.0: Update to node-oracledb 5
npm WARN cleanup Failed to remove some directories [
npm WARN cleanup   [
npm WARN cleanup     undefined,
npm WARN cleanup     AssertionError [ERR_ASSERTION]: rimraf: missing path
npm WARN cleanup         at rimraf (/__t/node/16.9.1/x64/lib/node_modules/npm/node_modules/rimraf/rimraf.js:54:3)
npm WARN cleanup         at node:internal/util:363:7
npm WARN cleanup         at new Promise (<anonymous>)
npm WARN cleanup         at rimraf (node:internal/util:349:12)
npm WARN cleanup         at /__t/node/16.9.1/x64/lib/node_modules/npm/node_modules/@npmcli/arborist/lib/arborist/reify.js:487:20
npm WARN cleanup         at Array.map (<anonymous>)
npm WARN cleanup         at Arborist.[rollbackCreateSparseTree] (/__t/node/16.9.1/x64/lib/node_modules/npm/node_modules/@npmcli/arborist/lib/arborist/reify.js:487:8)
npm WARN cleanup         at /__t/node/16.9.1/x64/lib/node_modules/npm/node_modules/@npmcli/arborist/lib/arborist/reify.js:1004:50
npm WARN cleanup         at processTicksAndRejections (node:internal/process/task_queues:96:5)
npm WARN cleanup         at async Arborist.[reifyPackages] (/__t/node/16.9.1/x64/lib/node_modules/npm/node_modules/@npmcli/arborist/lib/arborist/reify.js:226:11) {
npm WARN cleanup       generatedMessage: false,
npm WARN cleanup       code: 'ERR_ASSERTION',
npm WARN cleanup       actual: undefined,
npm WARN cleanup       expected: true,
npm WARN cleanup       operator: '=='
npm WARN cleanup     }
npm WARN cleanup   ]
npm WARN cleanup ]
npm ERR! code 87
npm ERR! path /__w/appoptics-apm-node/appoptics-apm-node/node_modules/oracledb
npm ERR! command failed
npm ERR! command sh -c node package/oracledbinstall.js
npm ERR! oracledb Beginning installation
npm ERR! oracledb Verifying installation
npm ERR! oracledb Continuing installation
npm ERR! oracledb [31mERR![0m NJS-054: Binary build/Release/oracledb.node was not installed.
npm ERR! oracledb [31mERR![0m Pre-built binary packages are not available for this version of Node.js (NODE_MODULE_VERSION="93")
npm ERR! oracledb [31mERR![0m Failed to install binary package oracledb-v2.3.0-node-v93-linux-x64.gz
npm ERR! oracledb [31mERR![0m Error: HTTPS request for https://github.com/oracle/node-oracledb/releases/download/v2.3.0/oracledb-v2.3.0-node-v93-linux-x64.gz failed with code 404
npm ERR! oracledb [31mERR![0m For help see https://oracle.github.io/node-oracledb/INSTALL.html#troubleshooting

npm ERR! A complete log of this run can be found in:
npm ERR!     /github/home/.npm/_logs/2021-09-13T19_04_16_913Z-debug.log
npm WARN deprecated uuid@3.3.2: Please upgrade  to version 7 or higher.  Older versions may use Math.random() in certain circumstances, which is known to be problematic.  See https://v8.dev/blog/math-random for details.
npm WARN deprecated oracledb@3.0.0: Update to node-oracledb 5
npm WARN cleanup Failed to remove some directories [
npm WARN cleanup   [
npm WARN cleanup     undefined,
npm WARN cleanup     AssertionError [ERR_ASSERTION]: rimraf: missing path
npm WARN cleanup         at rimraf (/__t/node/16.9.1/x64/lib/node_modules/npm/node_modules/rimraf/rimraf.js:54:3)
npm WARN cleanup         at node:internal/util:363:7
npm WARN cleanup         at new Promise (<anonymous>)
npm WARN cleanup         at rimraf (node:internal/util:349:12)
npm WARN cleanup         at /__t/node/16.9.1/x64/lib/node_modules/npm/node_modules/@npmcli/arborist/lib/arborist/reify.js:487:20
npm WARN cleanup         at Array.map (<anonymous>)
npm WARN cleanup         at Arborist.[rollbackCreateSparseTree] (/__t/node/16.9.1/x64/lib/node_modules/npm/node_modules/@npmcli/arborist/lib/arborist/reify.js:487:8)
npm WARN cleanup         at /__t/node/16.9.1/x64/lib/node_modules/npm/node_modules/@npmcli/arborist/lib/arborist/reify.js:1004:50
npm WARN cleanup         at processTicksAndRejections (node:internal/process/task_queues:96:5)
npm WARN cleanup         at async Arborist.[reifyPackages] (/__t/node/16.9.1/x64/lib/node_modules/npm/node_modules/@npmcli/arborist/lib/arborist/reify.js:226:11) {
npm WARN cleanup       generatedMessage: false,
npm WARN cleanup       code: 'ERR_ASSERTION',
npm WARN cleanup       actual: undefined,
npm WARN cleanup       expected: true,
npm WARN cleanup       operator: '=='
npm WARN cleanup     }
npm WARN cleanup   ]
npm WARN cleanup ]
npm ERR! code 87
npm ERR! path /__w/appoptics-apm-node/appoptics-apm-node/node_modules/oracledb
npm ERR! command failed
npm ERR! command sh -c node package/oracledbinstall.js
npm ERR! oracledb Beginning installation
npm ERR! oracledb Verifying installation
npm ERR! oracledb Continuing installation
npm ERR! oracledb [31mERR![0m NJS-054: Binary build/Release/oracledb.node was not installed.
npm ERR! oracledb [31mERR![0m Pre-built binary packages are not available for this version of Node.js (NODE_MODULE_VERSION="93")
npm ERR! oracledb [31mERR![0m Failed to install binary package oracledb-v3.0.0-node-abi93-linux-x64.gz
npm ERR! oracledb [31mERR![0m Error: HTTPS request for https://github.com/oracle/node-oracledb/releases/download/v3.0.0/oracledb-v3.0.0-node-abi93-linux-x64.gz failed with code 404
npm ERR! oracledb [31mERR![0m For help see https://oracle.github.io/node-oracledb/INSTALL.html#troubleshooting

npm ERR! A complete log of this run can be found in:
npm ERR!     /github/home/.npm/_logs/2021-09-13T19_04_26_704Z-debug.log
npm WARN deprecated uuid@3.3.2: Please upgrade  to version 7 or higher.  Older versions may use Math.random() in certain circumstances, which is known to be problematic.  See https://v8.dev/blog/math-random for details.
npm WARN deprecated oracledb@3.0.1: Update to node-oracledb 5
npm WARN cleanup Failed to remove some directories [
npm WARN cleanup   [
npm WARN cleanup     undefined,
npm WARN cleanup     AssertionError [ERR_ASSERTION]: rimraf: missing path
npm WARN cleanup         at rimraf (/__t/node/16.9.1/x64/lib/node_modules/npm/node_modules/rimraf/rimraf.js:54:3)
npm WARN cleanup         at node:internal/util:363:7
npm WARN cleanup         at new Promise (<anonymous>)
npm WARN cleanup         at rimraf (node:internal/util:349:12)
npm WARN cleanup         at /__t/node/16.9.1/x64/lib/node_modules/npm/node_modules/@npmcli/arborist/lib/arborist/reify.js:487:20
npm WARN cleanup         at Array.map (<anonymous>)
npm WARN cleanup         at Arborist.[rollbackCreateSparseTree] (/__t/node/16.9.1/x64/lib/node_modules/npm/node_modules/@npmcli/arborist/lib/arborist/reify.js:487:8)
npm WARN cleanup         at /__t/node/16.9.1/x64/lib/node_modules/npm/node_modules/@npmcli/arborist/lib/arborist/reify.js:1004:50
npm WARN cleanup         at processTicksAndRejections (node:internal/process/task_queues:96:5)
npm WARN cleanup         at async Arborist.[reifyPackages] (/__t/node/16.9.1/x64/lib/node_modules/npm/node_modules/@npmcli/arborist/lib/arborist/reify.js:226:11) {
npm WARN cleanup       generatedMessage: false,
npm WARN cleanup       code: 'ERR_ASSERTION',
npm WARN cleanup       actual: undefined,
npm WARN cleanup       expected: true,
npm WARN cleanup       operator: '=='
npm WARN cleanup     }
npm WARN cleanup   ]
npm WARN cleanup ]
npm ERR! code 87
npm ERR! path /__w/appoptics-apm-node/appoptics-apm-node/node_modules/oracledb
npm ERR! command failed
npm ERR! command sh -c node package/oracledbinstall.js
npm ERR! oracledb Beginning installation
npm ERR! oracledb [31mERR![0m NJS-054: Binary build/Release/oracledb.node was not installed.
npm ERR! oracledb [31mERR![0m Pre-built binary packages are not available for Node.js v16.9.1 (NODE_MODULE_VERSION="93")
npm ERR! oracledb [31mERR![0m Failed to install binary package oracledb-v3.0.1-node-abi93-linux-x64.gz
npm ERR! oracledb [31mERR![0m Error: HTTPS request for https://github.com/oracle/node-oracledb/releases/download/v3.0.1/oracledb-v3.0.1-node-abi93-linux-x64.gz failed with code 404
npm ERR! oracledb [31mERR![0m For help see https://oracle.github.io/node-oracledb/INSTALL.html#troubleshooting

npm ERR! A complete log of this run can be found in:
npm ERR!     /github/home/.npm/_logs/2021-09-13T19_04_36_396Z-debug.log
npm WARN deprecated uuid@3.3.2: Please upgrade  to version 7 or higher.  Older versions may use Math.random() in certain circumstances, which is known to be problematic.  See https://v8.dev/blog/math-random for details.
npm WARN deprecated oracledb@3.1.0: Update to node-oracledb 5
npm WARN cleanup Failed to remove some directories [
npm WARN cleanup   [
npm WARN cleanup     undefined,
npm WARN cleanup     AssertionError [ERR_ASSERTION]: rimraf: missing path
npm WARN cleanup         at rimraf (/__t/node/16.9.1/x64/lib/node_modules/npm/node_modules/rimraf/rimraf.js:54:3)
npm WARN cleanup         at node:internal/util:363:7
npm WARN cleanup         at new Promise (<anonymous>)
npm WARN cleanup         at rimraf (node:internal/util:349:12)
npm WARN cleanup         at /__t/node/16.9.1/x64/lib/node_modules/npm/node_modules/@npmcli/arborist/lib/arborist/reify.js:487:20
npm WARN cleanup         at Array.map (<anonymous>)
npm WARN cleanup         at Arborist.[rollbackCreateSparseTree] (/__t/node/16.9.1/x64/lib/node_modules/npm/node_modules/@npmcli/arborist/lib/arborist/reify.js:487:8)
npm WARN cleanup         at /__t/node/16.9.1/x64/lib/node_modules/npm/node_modules/@npmcli/arborist/lib/arborist/reify.js:1004:50
npm WARN cleanup         at processTicksAndRejections (node:internal/process/task_queues:96:5)
npm WARN cleanup         at async Arborist.[reifyPackages] (/__t/node/16.9.1/x64/lib/node_modules/npm/node_modules/@npmcli/arborist/lib/arborist/reify.js:226:11) {
npm WARN cleanup       generatedMessage: false,
npm WARN cleanup       code: 'ERR_ASSERTION',
npm WARN cleanup       actual: undefined,
npm WARN cleanup       expected: true,
npm WARN cleanup       operator: '=='
npm WARN cleanup     }
npm WARN cleanup   ]
npm WARN cleanup ]
npm ERR! code 87
npm ERR! path /__w/appoptics-apm-node/appoptics-apm-node/node_modules/oracledb
npm ERR! command failed
npm ERR! command sh -c node package/install.js
npm ERR! oracledb [31mERR![0m NJS-067: a pre-built node-oracledb binary was not found for Node.js v16.9.1 (NODE_MODULE_VERSION=93) on linux x64
npm ERR! oracledb [31mERR![0m Try compiling node-oracledb source code using https://oracle.github.io/node-oracledb/INSTALL.html#github

npm ERR! A complete log of this run can be found in:
npm ERR!     /github/home/.npm/_logs/2021-09-13T19_04_44_668Z-debug.log
npm WARN deprecated uuid@3.3.2: Please upgrade  to version 7 or higher.  Older versions may use Math.random() in certain circumstances, which is known to be problematic.  See https://v8.dev/blog/math-random for details.
npm WARN deprecated oracledb@3.1.1: Update to node-oracledb 5
npm WARN cleanup Failed to remove some directories [
npm WARN cleanup   [
npm WARN cleanup     undefined,
npm WARN cleanup     AssertionError [ERR_ASSERTION]: rimraf: missing path
npm WARN cleanup         at rimraf (/__t/node/16.9.1/x64/lib/node_modules/npm/node_modules/rimraf/rimraf.js:54:3)
npm WARN cleanup         at node:internal/util:363:7
npm WARN cleanup         at new Promise (<anonymous>)
npm WARN cleanup         at rimraf (node:internal/util:349:12)
npm WARN cleanup         at /__t/node/16.9.1/x64/lib/node_modules/npm/node_modules/@npmcli/arborist/lib/arborist/reify.js:487:20
npm WARN cleanup         at Array.map (<anonymous>)
npm WARN cleanup         at Arborist.[rollbackCreateSparseTree] (/__t/node/16.9.1/x64/lib/node_modules/npm/node_modules/@npmcli/arborist/lib/arborist/reify.js:487:8)
npm WARN cleanup         at /__t/node/16.9.1/x64/lib/node_modules/npm/node_modules/@npmcli/arborist/lib/arborist/reify.js:1004:50
npm WARN cleanup         at processTicksAndRejections (node:internal/process/task_queues:96:5)
npm WARN cleanup         at async Arborist.[reifyPackages] (/__t/node/16.9.1/x64/lib/node_modules/npm/node_modules/@npmcli/arborist/lib/arborist/reify.js:226:11) {
npm WARN cleanup       generatedMessage: false,
npm WARN cleanup       code: 'ERR_ASSERTION',
npm WARN cleanup       actual: undefined,
npm WARN cleanup       expected: true,
npm WARN cleanup       operator: '=='
npm WARN cleanup     }
npm WARN cleanup   ]
npm WARN cleanup ]
npm ERR! code 87
npm ERR! path /__w/appoptics-apm-node/appoptics-apm-node/node_modules/oracledb
npm ERR! command failed
npm ERR! command sh -c node package/install.js
npm ERR! oracledb [31mERR![0m NJS-067: a pre-built node-oracledb binary was not found for Node.js v16.9.1 (NODE_MODULE_VERSION=93) on linux x64
npm ERR! oracledb [31mERR![0m Try compiling node-oracledb source code using https://oracle.github.io/node-oracledb/INSTALL.html#github

npm ERR! A complete log of this run can be found in:
npm ERR!     /github/home/.npm/_logs/2021-09-13T19_04_53_642Z-debug.log
npm WARN deprecated uuid@3.3.2: Please upgrade  to version 7 or higher.  Older versions may use Math.random() in certain circumstances, which is known to be problematic.  See https://v8.dev/blog/math-random for details.
npm WARN deprecated oracledb@3.1.2: Update to node-oracledb 5
npm WARN cleanup Failed to remove some directories [
npm WARN cleanup   [
npm WARN cleanup     undefined,
npm WARN cleanup     AssertionError [ERR_ASSERTION]: rimraf: missing path
npm WARN cleanup         at rimraf (/__t/node/16.9.1/x64/lib/node_modules/npm/node_modules/rimraf/rimraf.js:54:3)
npm WARN cleanup         at node:internal/util:363:7
npm WARN cleanup         at new Promise (<anonymous>)
npm WARN cleanup         at rimraf (node:internal/util:349:12)
npm WARN cleanup         at /__t/node/16.9.1/x64/lib/node_modules/npm/node_modules/@npmcli/arborist/lib/arborist/reify.js:487:20
npm WARN cleanup         at Array.map (<anonymous>)
npm WARN cleanup         at Arborist.[rollbackCreateSparseTree] (/__t/node/16.9.1/x64/lib/node_modules/npm/node_modules/@npmcli/arborist/lib/arborist/reify.js:487:8)
npm WARN cleanup         at /__t/node/16.9.1/x64/lib/node_modules/npm/node_modules/@npmcli/arborist/lib/arborist/reify.js:1004:50
npm WARN cleanup         at processTicksAndRejections (node:internal/process/task_queues:96:5)
npm WARN cleanup         at async Arborist.[reifyPackages] (/__t/node/16.9.1/x64/lib/node_modules/npm/node_modules/@npmcli/arborist/lib/arborist/reify.js:226:11) {
npm WARN cleanup       generatedMessage: false,
npm WARN cleanup       code: 'ERR_ASSERTION',
npm WARN cleanup       actual: undefined,
npm WARN cleanup       expected: true,
npm WARN cleanup       operator: '=='
npm WARN cleanup     }
npm WARN cleanup   ]
npm WARN cleanup ]
npm ERR! code 87
npm ERR! path /__w/appoptics-apm-node/appoptics-apm-node/node_modules/oracledb
npm ERR! command failed
npm ERR! command sh -c node package/install.js
npm ERR! oracledb [31mERR![0m NJS-067: a pre-built node-oracledb binary was not found for Node.js v16.9.1 (NODE_MODULE_VERSION=93) on linux x64
npm ERR! oracledb [31mERR![0m Try compiling node-oracledb source code using https://oracle.github.io/node-oracledb/INSTALL.html#github

npm ERR! A complete log of this run can be found in:
npm ERR!     /github/home/.npm/_logs/2021-09-13T19_05_02_239Z-debug.log
npm WARN deprecated uuid@3.3.2: Please upgrade  to version 7 or higher.  Older versions may use Math.random() in certain circumstances, which is known to be problematic.  See https://v8.dev/blog/math-random for details.

changed 137 packages, and audited 1109 packages in 9s

72 packages are looking for funding
  run `npm fund` for details

18 vulnerabilities (6 low, 3 moderate, 8 high, 1 critical)

To address issues that do not require attention, run:
  npm audit fix

To address all issues possible (including breaking changes), run:
  npm audit fix --force

Some issues need review, and may require choosing
a different dependency.

Run `npm audit` for details.
2021-09-13T19:05:11.438Z appoptics:debug read config from /__w/appoptics-apm-node/appoptics-apm-node/appoptics-apm-config
2021-09-13T19:05:11.438Z appoptics:debug guc ignoring APPOPTICS_LOG_SETTINGS
2021-09-13T19:05:11.438Z appoptics:debug serviceKey dIOz...wWK0:ao-node-test
2021-09-13T19:05:11.439Z appoptics:debug using context provider: ace-context
2021-09-13T19:05:11.501Z appoptics:debug apm 10.0.1, bindings 11.0.0, oboe 10.1.0
2021-09-13T19:05:11.547Z appoptics:patching patched crypto 
2021-09-13T19:05:11.570Z appoptics:patching patched https 
2021-09-13T19:05:11.571Z appoptics:patching patched http 
2021-09-13T19:05:11.601Z appoptics:patching patched oracledb 4.0.0
2021-09-13T19:05:11.604Z appoptics:debug starting runtimeMetrics


  probes.oracledb 4.0.0
    âœ“ UDP might lose a message
2021-09-13T19:05:11.741Z appoptics:debug asking helper to execute test_basic
2021-09-13T19:05:11.742Z appoptics:debug test_basic being executed
2021-09-13T19:05:11.742Z appoptics:debug oracledb wrapping getConnection
2021-09-13T19:05:11.799Z appoptics:debug done with test_basic oracledb.getConnection
2021-09-13T19:05:11.908Z appoptics:debug test_basic query callback invoked
    âœ“ should trace execute calls (177ms)
2021-09-13T19:05:11.921Z appoptics:debug ORACLEDB wrapping createPool
2021-09-13T19:05:11.925Z appoptics:debug oracledb wrapping getConnection
2021-09-13T19:05:11.966Z appoptics:debug connection.execute() seems to be patched
2021-09-13T19:05:11.966Z appoptics:debug connection.commit() seems to be patched
2021-09-13T19:05:11.966Z appoptics:debug connection.rollback() seems to be patched
2021-09-13T19:05:11.966Z appoptics:debug connection.break() seems to be patched
2021-09-13T19:05:11.966Z appoptics:debug connection.release seems to be patched
    âœ“ should trace execute calls in pool (48ms)
2021-09-13T19:05:11.970Z appoptics:debug oracledb wrapping getConnection
2021-09-13T19:05:12.008Z appoptics:debug connection.execute() seems to be patched
2021-09-13T19:05:12.008Z appoptics:debug connection.commit() seems to be patched
2021-09-13T19:05:12.008Z appoptics:debug connection.rollback() seems to be patched
2021-09-13T19:05:12.008Z appoptics:debug connection.break() seems to be patched
2021-09-13T19:05:12.008Z appoptics:debug connection.release seems to be patched
    âœ“ should include correct isAutoCommit value (43ms)


  4 passing (288ms)


changed 1 package, and audited 1109 packages in 6s

72 packages are looking for funding
  run `npm fund` for details

18 vulnerabilities (6 low, 3 moderate, 8 high, 1 critical)

To address issues that do not require attention, run:
  npm audit fix

To address all issues possible (including breaking changes), run:
  npm audit fix --force

Some issues need review, and may require choosing
a different dependency.

Run `npm audit` for details.
2021-09-13T19:05:18.324Z appoptics:debug read config from /__w/appoptics-apm-node/appoptics-apm-node/appoptics-apm-config
2021-09-13T19:05:18.325Z appoptics:debug guc ignoring APPOPTICS_LOG_SETTINGS
2021-09-13T19:05:18.325Z appoptics:debug serviceKey dIOz...wWK0:ao-node-test
2021-09-13T19:05:18.326Z appoptics:debug using context provider: ace-context
2021-09-13T19:05:18.387Z appoptics:debug apm 10.0.1, bindings 11.0.0, oboe 10.1.0
2021-09-13T19:05:18.429Z appoptics:patching patched crypto 
2021-09-13T19:05:18.452Z appoptics:patching patched https 
2021-09-13T19:05:18.453Z appoptics:patching patched http 
2021-09-13T19:05:18.483Z appoptics:patching patched oracledb 4.0.1
2021-09-13T19:05:18.486Z appoptics:debug starting runtimeMetrics


  probes.oracledb 4.0.1
    âœ“ UDP might lose a message
2021-09-13T19:05:18.627Z appoptics:debug asking helper to execute test_basic
2021-09-13T19:05:18.627Z appoptics:debug test_basic being executed
2021-09-13T19:05:18.627Z appoptics:debug oracledb wrapping getConnection
2021-09-13T19:05:18.636Z appoptics:debug done with test_basic oracledb.getConnection
2021-09-13T19:05:18.679Z appoptics:debug test_basic query callback invoked
    âœ“ should trace execute calls (57ms)
2021-09-13T19:05:18.687Z appoptics:debug ORACLEDB wrapping createPool
2021-09-13T19:05:18.689Z appoptics:debug oracledb wrapping getConnection
2021-09-13T19:05:18.726Z appoptics:debug connection.execute() seems to be patched
2021-09-13T19:05:18.726Z appoptics:debug connection.commit() seems to be patched
2021-09-13T19:05:18.726Z appoptics:debug connection.rollback() seems to be patched
2021-09-13T19:05:18.726Z appoptics:debug connection.break() seems to be patched
2021-09-13T19:05:18.726Z appoptics:debug connection.release seems to be patched
    âœ“ should trace execute calls in pool (43ms)
2021-09-13T19:05:18.729Z appoptics:debug oracledb wrapping getConnection
2021-09-13T19:05:18.765Z appoptics:debug connection.execute() seems to be patched
2021-09-13T19:05:18.765Z appoptics:debug connection.commit() seems to be patched
2021-09-13T19:05:18.765Z appoptics:debug connection.rollback() seems to be patched
2021-09-13T19:05:18.765Z appoptics:debug connection.break() seems to be patched
2021-09-13T19:05:18.765Z appoptics:debug connection.release seems to be patched
    âœ“ should include correct isAutoCommit value (47ms)


  4 passing (170ms)


changed 1 package, and audited 1109 packages in 6s

72 packages are looking for funding
  run `npm fund` for details

18 vulnerabilities (6 low, 3 moderate, 8 high, 1 critical)

To address issues that do not require attention, run:
  npm audit fix

To address all issues possible (including breaking changes), run:
  npm audit fix --force

Some issues need review, and may require choosing
a different dependency.

Run `npm audit` for details.
2021-09-13T19:05:25.627Z appoptics:debug read config from /__w/appoptics-apm-node/appoptics-apm-node/appoptics-apm-config
2021-09-13T19:05:25.628Z appoptics:debug guc ignoring APPOPTICS_LOG_SETTINGS
2021-09-13T19:05:25.628Z appoptics:debug serviceKey dIOz...wWK0:ao-node-test
2021-09-13T19:05:25.629Z appoptics:debug using context provider: ace-context
2021-09-13T19:05:25.700Z appoptics:debug apm 10.0.1, bindings 11.0.0, oboe 10.1.0
2021-09-13T19:05:25.743Z appoptics:patching patched crypto 
2021-09-13T19:05:25.768Z appoptics:patching patched https 
2021-09-13T19:05:25.768Z appoptics:patching patched http 
2021-09-13T19:05:25.799Z appoptics:patching patched oracledb 4.1.0
2021-09-13T19:05:25.802Z appoptics:debug starting runtimeMetrics


  probes.oracledb 4.1.0
    âœ“ UDP might lose a message
2021-09-13T19:05:25.964Z appoptics:debug asking helper to execute test_basic
2021-09-13T19:05:25.965Z appoptics:debug test_basic being executed
2021-09-13T19:05:25.965Z appoptics:debug oracledb wrapping getConnection
2021-09-13T19:05:25.977Z appoptics:debug done with test_basic oracledb.getConnection
2021-09-13T19:05:26.018Z appoptics:debug test_basic query callback invoked
    âœ“ should trace execute calls (58ms)
2021-09-13T19:05:26.025Z appoptics:debug ORACLEDB wrapping createPool
2021-09-13T19:05:26.028Z appoptics:debug oracledb wrapping getConnection
2021-09-13T19:05:26.091Z appoptics:debug connection.execute() seems to be patched
2021-09-13T19:05:26.091Z appoptics:debug connection.commit() seems to be patched
2021-09-13T19:05:26.091Z appoptics:debug connection.rollback() seems to be patched
2021-09-13T19:05:26.091Z appoptics:debug connection.break() seems to be patched
2021-09-13T19:05:26.091Z appoptics:debug connection.release seems to be patched
    âœ“ should trace execute calls in pool (70ms)
2021-09-13T19:05:26.098Z appoptics:debug oracledb wrapping getConnection
2021-09-13T19:05:26.153Z appoptics:debug connection.execute() seems to be patched
2021-09-13T19:05:26.153Z appoptics:debug connection.commit() seems to be patched
2021-09-13T19:05:26.153Z appoptics:debug connection.rollback() seems to be patched
2021-09-13T19:05:26.153Z appoptics:debug connection.break() seems to be patched
2021-09-13T19:05:26.153Z appoptics:debug connection.release seems to be patched
    âœ“ should include correct isAutoCommit value (61ms)


  4 passing (217ms)


changed 1 package, and audited 1109 packages in 6s

72 packages are looking for funding
  run `npm fund` for details

18 vulnerabilities (6 low, 3 moderate, 8 high, 1 critical)

To address issues that do not require attention, run:
  npm audit fix

To address all issues possible (including breaking changes), run:
  npm audit fix --force

Some issues need review, and may require choosing
a different dependency.

Run `npm audit` for details.
2021-09-13T19:05:32.377Z appoptics:debug read config from /__w/appoptics-apm-node/appoptics-apm-node/appoptics-apm-config
2021-09-13T19:05:32.377Z appoptics:debug guc ignoring APPOPTICS_LOG_SETTINGS
2021-09-13T19:05:32.378Z appoptics:debug serviceKey dIOz...wWK0:ao-node-test
2021-09-13T19:05:32.378Z appoptics:debug using context provider: ace-context
2021-09-13T19:05:32.439Z appoptics:debug apm 10.0.1, bindings 11.0.0, oboe 10.1.0
2021-09-13T19:05:32.490Z appoptics:patching patched crypto 
2021-09-13T19:05:32.517Z appoptics:patching patched https 
2021-09-13T19:05:32.518Z appoptics:patching patched http 
2021-09-13T19:05:32.552Z appoptics:patching patched oracledb 4.2.0
2021-09-13T19:05:32.555Z appoptics:debug starting runtimeMetrics


  probes.oracledb 4.2.0
    âœ“ UDP might lose a message
2021-09-13T19:05:32.692Z appoptics:debug asking helper to execute test_basic
2021-09-13T19:05:32.692Z appoptics:debug test_basic being executed
2021-09-13T19:05:32.692Z appoptics:debug oracledb wrapping getConnection
2021-09-13T19:05:32.701Z appoptics:debug done with test_basic oracledb.getConnection
2021-09-13T19:05:32.739Z appoptics:debug test_basic query callback invoked
    âœ“ should trace execute calls (52ms)
2021-09-13T19:05:32.747Z appoptics:debug ORACLEDB wrapping createPool
2021-09-13T19:05:32.749Z appoptics:debug oracledb wrapping getConnection
2021-09-13T19:05:32.784Z appoptics:debug connection.execute() seems to be patched
2021-09-13T19:05:32.784Z appoptics:debug connection.commit() seems to be patched
2021-09-13T19:05:32.784Z appoptics:debug connection.rollback() seems to be patched
2021-09-13T19:05:32.784Z appoptics:debug connection.break() seems to be patched
2021-09-13T19:05:32.784Z appoptics:debug connection.release seems to be patched
    âœ“ should trace execute calls in pool (40ms)
2021-09-13T19:05:32.787Z appoptics:debug oracledb wrapping getConnection
2021-09-13T19:05:32.823Z appoptics:debug connection.execute() seems to be patched
2021-09-13T19:05:32.823Z appoptics:debug connection.commit() seems to be patched
2021-09-13T19:05:32.823Z appoptics:debug connection.rollback() seems to be patched
2021-09-13T19:05:32.823Z appoptics:debug connection.break() seems to be patched
2021-09-13T19:05:32.823Z appoptics:debug connection.release seems to be patched
    âœ“ should include correct isAutoCommit value (41ms)


  4 passing (153ms)


changed 1 package, and audited 1109 packages in 6s

72 packages are looking for funding
  run `npm fund` for details

18 vulnerabilities (6 low, 3 moderate, 8 high, 1 critical)

To address issues that do not require attention, run:
  npm audit fix

To address all issues possible (including breaking changes), run:
  npm audit fix --force

Some issues need review, and may require choosing
a different dependency.

Run `npm audit` for details.
2021-09-13T19:05:39.698Z appoptics:debug read config from /__w/appoptics-apm-node/appoptics-apm-node/appoptics-apm-config
2021-09-13T19:05:39.699Z appoptics:debug guc ignoring APPOPTICS_LOG_SETTINGS
2021-09-13T19:05:39.699Z appoptics:debug serviceKey dIOz...wWK0:ao-node-test
2021-09-13T19:05:39.700Z appoptics:debug using context provider: ace-context
2021-09-13T19:05:39.762Z appoptics:debug apm 10.0.1, bindings 11.0.0, oboe 10.1.0
2021-09-13T19:05:39.806Z appoptics:patching patched crypto 
2021-09-13T19:05:39.828Z appoptics:patching patched https 
2021-09-13T19:05:39.828Z appoptics:patching patched http 
2021-09-13T19:05:39.858Z appoptics:patching patched oracledb 5.0.0
2021-09-13T19:05:39.861Z appoptics:debug starting runtimeMetrics


  probes.oracledb 5.0.0
    âœ“ UDP might lose a message
2021-09-13T19:05:39.996Z appoptics:debug asking helper to execute test_basic
2021-09-13T19:05:39.996Z appoptics:debug test_basic being executed
2021-09-13T19:05:39.996Z appoptics:debug oracledb wrapping getConnection
2021-09-13T19:05:40.005Z appoptics:debug done with test_basic oracledb.getConnection
2021-09-13T19:05:40.045Z appoptics:debug test_basic query callback invoked
    âœ“ should trace execute calls (53ms)
2021-09-13T19:05:40.052Z appoptics:debug ORACLEDB wrapping createPool
2021-09-13T19:05:40.055Z appoptics:debug oracledb wrapping getConnection
2021-09-13T19:05:40.090Z appoptics:debug connection.execute() seems to be patched
2021-09-13T19:05:40.090Z appoptics:debug connection.commit() seems to be patched
2021-09-13T19:05:40.090Z appoptics:debug connection.rollback() seems to be patched
2021-09-13T19:05:40.090Z appoptics:debug connection.break() seems to be patched
2021-09-13T19:05:40.090Z appoptics:debug connection.release seems to be patched
    âœ“ should trace execute calls in pool (40ms)
2021-09-13T19:05:40.093Z appoptics:debug oracledb wrapping getConnection
2021-09-13T19:05:40.129Z appoptics:debug connection.execute() seems to be patched
2021-09-13T19:05:40.129Z appoptics:debug connection.commit() seems to be patched
2021-09-13T19:05:40.129Z appoptics:debug connection.rollback() seems to be patched
2021-09-13T19:05:40.129Z appoptics:debug connection.break() seems to be patched
2021-09-13T19:05:40.129Z appoptics:debug connection.release seems to be patched
    âœ“ should include correct isAutoCommit value (41ms)


  4 passing (155ms)


changed 1 package, and audited 1109 packages in 6s

72 packages are looking for funding
  run `npm fund` for details

18 vulnerabilities (6 low, 3 moderate, 8 high, 1 critical)

To address issues that do not require attention, run:
  npm audit fix

To address all issues possible (including breaking changes), run:
  npm audit fix --force

Some issues need review, and may require choosing
a different dependency.

Run `npm audit` for details.
2021-09-13T19:05:46.755Z appoptics:debug read config from /__w/appoptics-apm-node/appoptics-apm-node/appoptics-apm-config
2021-09-13T19:05:46.756Z appoptics:debug guc ignoring APPOPTICS_LOG_SETTINGS
2021-09-13T19:05:46.756Z appoptics:debug serviceKey dIOz...wWK0:ao-node-test
2021-09-13T19:05:46.757Z appoptics:debug using context provider: ace-context
2021-09-13T19:05:46.829Z appoptics:debug apm 10.0.1, bindings 11.0.0, oboe 10.1.0
2021-09-13T19:05:46.874Z appoptics:patching patched crypto 
2021-09-13T19:05:46.899Z appoptics:patching patched https 
2021-09-13T19:05:46.899Z appoptics:patching patched http 
2021-09-13T19:05:46.937Z appoptics:patching patched oracledb 5.1.0
2021-09-13T19:05:46.940Z appoptics:debug starting runtimeMetrics


  probes.oracledb 5.1.0
    âœ“ UDP might lose a message
2021-09-13T19:05:47.164Z appoptics:debug asking helper to execute test_basic
2021-09-13T19:05:47.164Z appoptics:debug test_basic being executed
2021-09-13T19:05:47.164Z appoptics:debug oracledb wrapping getConnection
2021-09-13T19:05:47.178Z appoptics:debug done with test_basic oracledb.getConnection
2021-09-13T19:05:47.232Z appoptics:debug test_basic query callback invoked
    âœ“ should trace execute calls (74ms)
2021-09-13T19:05:47.250Z appoptics:debug ORACLEDB wrapping createPool
2021-09-13T19:05:47.254Z appoptics:debug oracledb wrapping getConnection
2021-09-13T19:05:47.314Z appoptics:debug connection.execute() seems to be patched
2021-09-13T19:05:47.314Z appoptics:debug connection.commit() seems to be patched
2021-09-13T19:05:47.314Z appoptics:debug connection.rollback() seems to be patched
2021-09-13T19:05:47.314Z appoptics:debug connection.break() seems to be patched
2021-09-13T19:05:47.314Z appoptics:debug connection.release seems to be patched
    âœ“ should trace execute calls in pool (68ms)
2021-09-13T19:05:47.319Z appoptics:debug oracledb wrapping getConnection
2021-09-13T19:05:47.382Z appoptics:debug connection.execute() seems to be patched
2021-09-13T19:05:47.382Z appoptics:debug connection.commit() seems to be patched
2021-09-13T19:05:47.382Z appoptics:debug connection.rollback() seems to be patched
2021-09-13T19:05:47.382Z appoptics:debug connection.break() seems to be patched
2021-09-13T19:05:47.382Z appoptics:debug connection.release seems to be patched
    âœ“ should include correct isAutoCommit value (73ms)


  4 passing (254ms)


changed 1 package, and audited 1109 packages in 6s

72 packages are looking for funding
  run `npm fund` for details

18 vulnerabilities (6 low, 3 moderate, 8 high, 1 critical)

To address issues that do not require attention, run:
  npm audit fix

To address all issues possible (including breaking changes), run:
  npm audit fix --force

Some issues need review, and may require choosing
a different dependency.

Run `npm audit` for details.
2021-09-13T19:05:53.960Z appoptics:debug read config from /__w/appoptics-apm-node/appoptics-apm-node/appoptics-apm-config
2021-09-13T19:05:53.961Z appoptics:debug guc ignoring APPOPTICS_LOG_SETTINGS
2021-09-13T19:05:53.961Z appoptics:debug serviceKey dIOz...wWK0:ao-node-test
2021-09-13T19:05:53.962Z appoptics:debug using context provider: ace-context
2021-09-13T19:05:54.048Z appoptics:debug apm 10.0.1, bindings 11.0.0, oboe 10.1.0
2021-09-13T19:05:54.094Z appoptics:patching patched crypto 
2021-09-13T19:05:54.120Z appoptics:patching patched https 
2021-09-13T19:05:54.120Z appoptics:patching patched http 
2021-09-13T19:05:54.158Z appoptics:patching patched oracledb 5.2.0
2021-09-13T19:05:54.161Z appoptics:debug starting runtimeMetrics


  probes.oracledb 5.2.0
    âœ“ UDP might lose a message
2021-09-13T19:05:54.293Z appoptics:debug asking helper to execute test_basic
2021-09-13T19:05:54.293Z appoptics:debug test_basic being executed
2021-09-13T19:05:54.293Z appoptics:debug oracledb wrapping getConnection
2021-09-13T19:05:54.302Z appoptics:debug done with test_basic oracledb.getConnection
2021-09-13T19:05:54.342Z appoptics:debug test_basic query callback invoked
    âœ“ should trace execute calls (54ms)
2021-09-13T19:05:54.349Z appoptics:debug ORACLEDB wrapping createPool
2021-09-13T19:05:54.352Z appoptics:debug oracledb wrapping getConnection
2021-09-13T19:05:54.386Z appoptics:debug connection.execute() seems to be patched
2021-09-13T19:05:54.386Z appoptics:debug connection.commit() seems to be patched
2021-09-13T19:05:54.386Z appoptics:debug connection.rollback() seems to be patched
2021-09-13T19:05:54.386Z appoptics:debug connection.break() seems to be patched
2021-09-13T19:05:54.386Z appoptics:debug connection.release seems to be patched
    âœ“ should trace execute calls in pool (40ms)
2021-09-13T19:05:54.390Z appoptics:debug oracledb wrapping getConnection
2021-09-13T19:05:54.425Z appoptics:debug connection.execute() seems to be patched
2021-09-13T19:05:54.425Z appoptics:debug connection.commit() seems to be patched
2021-09-13T19:05:54.425Z appoptics:debug connection.rollback() seems to be patched
2021-09-13T19:05:54.425Z appoptics:debug connection.break() seems to be patched
2021-09-13T19:05:54.425Z appoptics:debug connection.release seems to be patched
    âœ“ should include correct isAutoCommit value (41ms)


  4 passing (154ms)


up to date, audited 1109 packages in 7s

72 packages are looking for funding
  run `npm fund` for details

18 vulnerabilities (6 low, 3 moderate, 8 high, 1 critical)

To address issues that do not require attention, run:
  npm audit fix

To address all issues possible (including breaking changes), run:
  npm audit fix --force

Some issues need review, and may require choosing
a different dependency.

Run `npm audit` for details.
