npm WARN deprecated oracledb@2.0.14: Update to node-oracledb 5
npm ERR! code 87
npm ERR! path /__w/appoptics-apm-node/appoptics-apm-node/node_modules/oracledb
npm ERR! command failed
npm ERR! command sh -c node package/oracledbinstall.js
npm ERR! oracledb Beginning installation
npm ERR! oracledb Verifying installation
npm ERR! oracledb Binary not found
npm ERR! oracledb Continuing installation
npm ERR! oracledb [31mERR![0m NJS-054: Binary build/Release/oracledb.node was not installed from oracledb-v2.0.14-node-v93-linux-x64.gz
npm ERR! oracledb [31mERR![0m Error: HTTPS request for https://github.com/oracle/node-oracledb/releases/download/v2.0.14/oracledb-v2.0.14-node-v93-linux-x64.gz failed with code 404
npm ERR! oracledb [31mERR![0m If the error is not network or filesystem related, then review 
npm ERR! oracledb [31mERR![0m the Python 2.7 and compiler prerequisites in the installation instructions and
npm ERR! oracledb [31mERR![0m then install from source code with: npm install oracle/node-oracledb.git#v2.0.14
npm ERR! oracledb [31mERR![0m See https://github.com/oracle/node-oracledb/blob/master/INSTALL.md

npm ERR! A complete log of this run can be found in:
npm ERR!     /github/home/.npm/_logs/2021-09-18T00_51_17_177Z-debug.log
npm WARN deprecated oracledb@2.0.15: Update to node-oracledb 5
npm WARN cleanup Failed to remove some directories [
npm WARN cleanup   [
npm WARN cleanup     undefined,
npm WARN cleanup     AssertionError [ERR_ASSERTION]: rimraf: missing path
npm WARN cleanup         at rimraf (/__t/node/16.9.1/x64/lib/node_modules/npm/node_modules/rimraf/rimraf.js:54:3)
npm WARN cleanup         at node:internal/util:363:7
npm WARN cleanup         at new Promise (<anonymous>)
npm WARN cleanup         at rimraf (node:internal/util:349:12)
npm WARN cleanup         at /__t/node/16.9.1/x64/lib/node_modules/npm/node_modules/@npmcli/arborist/lib/arborist/reify.js:487:20
npm WARN cleanup         at Array.map (<anonymous>)
npm WARN cleanup         at Arborist.[rollbackCreateSparseTree] (/__t/node/16.9.1/x64/lib/node_modules/npm/node_modules/@npmcli/arborist/lib/arborist/reify.js:487:8)
npm WARN cleanup         at /__t/node/16.9.1/x64/lib/node_modules/npm/node_modules/@npmcli/arborist/lib/arborist/reify.js:1004:50
npm WARN cleanup         at processTicksAndRejections (node:internal/process/task_queues:96:5)
npm WARN cleanup         at async Arborist.[reifyPackages] (/__t/node/16.9.1/x64/lib/node_modules/npm/node_modules/@npmcli/arborist/lib/arborist/reify.js:226:11) {
npm WARN cleanup       generatedMessage: false,
npm WARN cleanup       code: 'ERR_ASSERTION',
npm WARN cleanup       actual: undefined,
npm WARN cleanup       expected: true,
npm WARN cleanup       operator: '=='
npm WARN cleanup     }
npm WARN cleanup   ]
npm WARN cleanup ]
npm ERR! code 87
npm ERR! path /__w/appoptics-apm-node/appoptics-apm-node/node_modules/oracledb
npm ERR! command failed
npm ERR! command sh -c node package/oracledbinstall.js
npm ERR! oracledb Beginning installation
npm ERR! oracledb Verifying installation
npm ERR! oracledb Binary not found
npm ERR! oracledb Continuing installation
npm ERR! oracledb [31mERR![0m NJS-054: Binary build/Release/oracledb.node was not installed from oracledb-v2.0.15-node-v93-linux-x64.gz
npm ERR! oracledb [31mERR![0m Error: HTTPS request for https://github.com/oracle/node-oracledb/releases/download/v2.0.15/oracledb-v2.0.15-node-v93-linux-x64.gz failed with code 404
npm ERR! oracledb [31mERR![0m If the error is not network or filesystem related, then review 
npm ERR! oracledb [31mERR![0m the Python 2.7 and compiler prerequisites in the installation instructions and
npm ERR! oracledb [31mERR![0m then install from source code with: npm install oracle/node-oracledb.git#v2.0.15
npm ERR! oracledb [31mERR![0m See https://github.com/oracle/node-oracledb/blob/master/INSTALL.md

npm ERR! A complete log of this run can be found in:
npm ERR!     /github/home/.npm/_logs/2021-09-18T00_51_26_539Z-debug.log
npm WARN deprecated oracledb@2.1.0: Update to node-oracledb 5
npm WARN cleanup Failed to remove some directories [
npm WARN cleanup   [
npm WARN cleanup     undefined,
npm WARN cleanup     AssertionError [ERR_ASSERTION]: rimraf: missing path
npm WARN cleanup         at rimraf (/__t/node/16.9.1/x64/lib/node_modules/npm/node_modules/rimraf/rimraf.js:54:3)
npm WARN cleanup         at node:internal/util:363:7
npm WARN cleanup         at new Promise (<anonymous>)
npm WARN cleanup         at rimraf (node:internal/util:349:12)
npm WARN cleanup         at /__t/node/16.9.1/x64/lib/node_modules/npm/node_modules/@npmcli/arborist/lib/arborist/reify.js:487:20
npm WARN cleanup         at Array.map (<anonymous>)
npm WARN cleanup         at Arborist.[rollbackCreateSparseTree] (/__t/node/16.9.1/x64/lib/node_modules/npm/node_modules/@npmcli/arborist/lib/arborist/reify.js:487:8)
npm WARN cleanup         at /__t/node/16.9.1/x64/lib/node_modules/npm/node_modules/@npmcli/arborist/lib/arborist/reify.js:1004:50
npm WARN cleanup         at processTicksAndRejections (node:internal/process/task_queues:96:5)
npm WARN cleanup         at async Arborist.[reifyPackages] (/__t/node/16.9.1/x64/lib/node_modules/npm/node_modules/@npmcli/arborist/lib/arborist/reify.js:226:11) {
npm WARN cleanup       generatedMessage: false,
npm WARN cleanup       code: 'ERR_ASSERTION',
npm WARN cleanup       actual: undefined,
npm WARN cleanup       expected: true,
npm WARN cleanup       operator: '=='
npm WARN cleanup     }
npm WARN cleanup   ]
npm WARN cleanup ]
npm ERR! code 87
npm ERR! path /__w/appoptics-apm-node/appoptics-apm-node/node_modules/oracledb
npm ERR! command failed
npm ERR! command sh -c node package/oracledbinstall.js
npm ERR! oracledb Beginning installation
npm ERR! oracledb Verifying installation
npm ERR! oracledb Binary not found
npm ERR! oracledb Continuing installation
npm ERR! oracledb [31mERR![0m NJS-054: Binary build/Release/oracledb.node was not installed from oracledb-v2.1.0-node-v93-linux-x64.gz
npm ERR! oracledb [31mERR![0m Error: HTTPS request for https://github.com/oracle/node-oracledb/releases/download/v2.1.0/oracledb-v2.1.0-node-v93-linux-x64.gz failed with code 404
npm ERR! oracledb [31mERR![0m If the error is not network or filesystem related, then review 
npm ERR! oracledb [31mERR![0m the Python 2.7 and compiler prerequisites in the installation instructions and
npm ERR! oracledb [31mERR![0m then install from source code with: npm install oracle/node-oracledb.git#v2.1.0
npm ERR! oracledb [31mERR![0m See https://github.com/oracle/node-oracledb/blob/master/INSTALL.md

npm ERR! A complete log of this run can be found in:
npm ERR!     /github/home/.npm/_logs/2021-09-18T00_51_35_966Z-debug.log
npm WARN deprecated oracledb@2.1.1: Update to node-oracledb 5
npm WARN cleanup Failed to remove some directories [
npm WARN cleanup   [
npm WARN cleanup     undefined,
npm WARN cleanup     AssertionError [ERR_ASSERTION]: rimraf: missing path
npm WARN cleanup         at rimraf (/__t/node/16.9.1/x64/lib/node_modules/npm/node_modules/rimraf/rimraf.js:54:3)
npm WARN cleanup         at node:internal/util:363:7
npm WARN cleanup         at new Promise (<anonymous>)
npm WARN cleanup         at rimraf (node:internal/util:349:12)
npm WARN cleanup         at /__t/node/16.9.1/x64/lib/node_modules/npm/node_modules/@npmcli/arborist/lib/arborist/reify.js:487:20
npm WARN cleanup         at Array.map (<anonymous>)
npm WARN cleanup         at Arborist.[rollbackCreateSparseTree] (/__t/node/16.9.1/x64/lib/node_modules/npm/node_modules/@npmcli/arborist/lib/arborist/reify.js:487:8)
npm WARN cleanup         at /__t/node/16.9.1/x64/lib/node_modules/npm/node_modules/@npmcli/arborist/lib/arborist/reify.js:1004:50
npm WARN cleanup         at processTicksAndRejections (node:internal/process/task_queues:96:5)
npm WARN cleanup         at async Arborist.[reifyPackages] (/__t/node/16.9.1/x64/lib/node_modules/npm/node_modules/@npmcli/arborist/lib/arborist/reify.js:226:11) {
npm WARN cleanup       generatedMessage: false,
npm WARN cleanup       code: 'ERR_ASSERTION',
npm WARN cleanup       actual: undefined,
npm WARN cleanup       expected: true,
npm WARN cleanup       operator: '=='
npm WARN cleanup     }
npm WARN cleanup   ]
npm WARN cleanup ]
npm ERR! code 87
npm ERR! path /__w/appoptics-apm-node/appoptics-apm-node/node_modules/oracledb
npm ERR! command failed
npm ERR! command sh -c node package/oracledbinstall.js
npm ERR! oracledb Beginning installation
npm ERR! oracledb Verifying installation
npm ERR! oracledb Binary not found
npm ERR! oracledb Continuing installation
npm ERR! oracledb [31mERR![0m NJS-054: Binary build/Release/oracledb.node was not installed from oracledb-v2.1.1-node-v93-linux-x64.gz
npm ERR! oracledb [31mERR![0m Error: HTTPS request for https://github.com/oracle/node-oracledb/releases/download/v2.1.1/oracledb-v2.1.1-node-v93-linux-x64.gz failed with code 404
npm ERR! oracledb [31mERR![0m If the error is not network or filesystem related, then review 
npm ERR! oracledb [31mERR![0m the Python 2.7 and compiler prerequisites in the installation instructions and
npm ERR! oracledb [31mERR![0m then install from source code with: npm install oracle/node-oracledb.git#v2.1.1
npm ERR! oracledb [31mERR![0m See https://github.com/oracle/node-oracledb/blob/master/INSTALL.md

npm ERR! A complete log of this run can be found in:
npm ERR!     /github/home/.npm/_logs/2021-09-18T00_51_45_236Z-debug.log
npm WARN deprecated oracledb@2.1.2: Update to node-oracledb 5
npm WARN cleanup Failed to remove some directories [
npm WARN cleanup   [
npm WARN cleanup     undefined,
npm WARN cleanup     AssertionError [ERR_ASSERTION]: rimraf: missing path
npm WARN cleanup         at rimraf (/__t/node/16.9.1/x64/lib/node_modules/npm/node_modules/rimraf/rimraf.js:54:3)
npm WARN cleanup         at node:internal/util:363:7
npm WARN cleanup         at new Promise (<anonymous>)
npm WARN cleanup         at rimraf (node:internal/util:349:12)
npm WARN cleanup         at /__t/node/16.9.1/x64/lib/node_modules/npm/node_modules/@npmcli/arborist/lib/arborist/reify.js:487:20
npm WARN cleanup         at Array.map (<anonymous>)
npm WARN cleanup         at Arborist.[rollbackCreateSparseTree] (/__t/node/16.9.1/x64/lib/node_modules/npm/node_modules/@npmcli/arborist/lib/arborist/reify.js:487:8)
npm WARN cleanup         at /__t/node/16.9.1/x64/lib/node_modules/npm/node_modules/@npmcli/arborist/lib/arborist/reify.js:1004:50
npm WARN cleanup         at processTicksAndRejections (node:internal/process/task_queues:96:5)
npm WARN cleanup         at async Arborist.[reifyPackages] (/__t/node/16.9.1/x64/lib/node_modules/npm/node_modules/@npmcli/arborist/lib/arborist/reify.js:226:11) {
npm WARN cleanup       generatedMessage: false,
npm WARN cleanup       code: 'ERR_ASSERTION',
npm WARN cleanup       actual: undefined,
npm WARN cleanup       expected: true,
npm WARN cleanup       operator: '=='
npm WARN cleanup     }
npm WARN cleanup   ]
npm WARN cleanup ]
npm ERR! code 87
npm ERR! path /__w/appoptics-apm-node/appoptics-apm-node/node_modules/oracledb
npm ERR! command failed
npm ERR! command sh -c node package/oracledbinstall.js
npm ERR! oracledb Beginning installation
npm ERR! oracledb Verifying installation
npm ERR! oracledb Binary not found
npm ERR! oracledb Continuing installation
npm ERR! oracledb [31mERR![0m NJS-054: Binary build/Release/oracledb.node was not installed from oracledb-v2.1.2-node-v93-linux-x64.gz
npm ERR! oracledb [31mERR![0m Error: HTTPS request for https://github.com/oracle/node-oracledb/releases/download/v2.1.2/oracledb-v2.1.2-node-v93-linux-x64.gz failed with code 404
npm ERR! oracledb [31mERR![0m If the error is not network or filesystem related, then review 
npm ERR! oracledb [31mERR![0m the Python 2.7 and compiler prerequisites in the installation instructions and
npm ERR! oracledb [31mERR![0m then install from source code with: npm install oracle/node-oracledb.git#v2.1.2
npm ERR! oracledb [31mERR![0m See https://github.com/oracle/node-oracledb/blob/master/INSTALL.md

npm ERR! A complete log of this run can be found in:
npm ERR!     /github/home/.npm/_logs/2021-09-18T00_51_54_859Z-debug.log
npm WARN deprecated oracledb@2.2.0: Update to node-oracledb 5
npm WARN cleanup Failed to remove some directories [
npm WARN cleanup   [
npm WARN cleanup     undefined,
npm WARN cleanup     AssertionError [ERR_ASSERTION]: rimraf: missing path
npm WARN cleanup         at rimraf (/__t/node/16.9.1/x64/lib/node_modules/npm/node_modules/rimraf/rimraf.js:54:3)
npm WARN cleanup         at node:internal/util:363:7
npm WARN cleanup         at new Promise (<anonymous>)
npm WARN cleanup         at rimraf (node:internal/util:349:12)
npm WARN cleanup         at /__t/node/16.9.1/x64/lib/node_modules/npm/node_modules/@npmcli/arborist/lib/arborist/reify.js:487:20
npm WARN cleanup         at Array.map (<anonymous>)
npm WARN cleanup         at Arborist.[rollbackCreateSparseTree] (/__t/node/16.9.1/x64/lib/node_modules/npm/node_modules/@npmcli/arborist/lib/arborist/reify.js:487:8)
npm WARN cleanup         at /__t/node/16.9.1/x64/lib/node_modules/npm/node_modules/@npmcli/arborist/lib/arborist/reify.js:1004:50
npm WARN cleanup         at processTicksAndRejections (node:internal/process/task_queues:96:5)
npm WARN cleanup         at async Arborist.[reifyPackages] (/__t/node/16.9.1/x64/lib/node_modules/npm/node_modules/@npmcli/arborist/lib/arborist/reify.js:226:11) {
npm WARN cleanup       generatedMessage: false,
npm WARN cleanup       code: 'ERR_ASSERTION',
npm WARN cleanup       actual: undefined,
npm WARN cleanup       expected: true,
npm WARN cleanup       operator: '=='
npm WARN cleanup     }
npm WARN cleanup   ]
npm WARN cleanup ]
npm ERR! code 87
npm ERR! path /__w/appoptics-apm-node/appoptics-apm-node/node_modules/oracledb
npm ERR! command failed
npm ERR! command sh -c node package/oracledbinstall.js
npm ERR! oracledb Beginning installation
npm ERR! oracledb Verifying installation
npm ERR! oracledb Continuing installation
npm ERR! oracledb [31mERR![0m NJS-054: Binary build/Release/oracledb.node was not installed.
npm ERR! oracledb [31mERR![0m Pre-built binary packages are not available for this version of Node.js (NODE_MODULE_VERSION="93")
npm ERR! oracledb [31mERR![0m Failed to install binary package oracledb-v2.2.0-node-v93-linux-x64.gz
npm ERR! oracledb [31mERR![0m Error: HTTPS request for https://github.com/oracle/node-oracledb/releases/download/v2.2.0/oracledb-v2.2.0-node-v93-linux-x64.gz failed with code 404
npm ERR! oracledb [31mERR![0m For help see https://oracle.github.io/node-oracledb/INSTALL.html#troubleshooting

npm ERR! A complete log of this run can be found in:
npm ERR!     /github/home/.npm/_logs/2021-09-18T00_52_03_715Z-debug.log
npm WARN deprecated oracledb@2.3.0: Update to node-oracledb 5
npm WARN cleanup Failed to remove some directories [
npm WARN cleanup   [
npm WARN cleanup     undefined,
npm WARN cleanup     AssertionError [ERR_ASSERTION]: rimraf: missing path
npm WARN cleanup         at rimraf (/__t/node/16.9.1/x64/lib/node_modules/npm/node_modules/rimraf/rimraf.js:54:3)
npm WARN cleanup         at node:internal/util:363:7
npm WARN cleanup         at new Promise (<anonymous>)
npm WARN cleanup         at rimraf (node:internal/util:349:12)
npm WARN cleanup         at /__t/node/16.9.1/x64/lib/node_modules/npm/node_modules/@npmcli/arborist/lib/arborist/reify.js:487:20
npm WARN cleanup         at Array.map (<anonymous>)
npm WARN cleanup         at Arborist.[rollbackCreateSparseTree] (/__t/node/16.9.1/x64/lib/node_modules/npm/node_modules/@npmcli/arborist/lib/arborist/reify.js:487:8)
npm WARN cleanup         at /__t/node/16.9.1/x64/lib/node_modules/npm/node_modules/@npmcli/arborist/lib/arborist/reify.js:1004:50
npm WARN cleanup         at processTicksAndRejections (node:internal/process/task_queues:96:5)
npm WARN cleanup         at async Arborist.[reifyPackages] (/__t/node/16.9.1/x64/lib/node_modules/npm/node_modules/@npmcli/arborist/lib/arborist/reify.js:226:11) {
npm WARN cleanup       generatedMessage: false,
npm WARN cleanup       code: 'ERR_ASSERTION',
npm WARN cleanup       actual: undefined,
npm WARN cleanup       expected: true,
npm WARN cleanup       operator: '=='
npm WARN cleanup     }
npm WARN cleanup   ]
npm WARN cleanup ]
npm ERR! code 87
npm ERR! path /__w/appoptics-apm-node/appoptics-apm-node/node_modules/oracledb
npm ERR! command failed
npm ERR! command sh -c node package/oracledbinstall.js
npm ERR! oracledb Beginning installation
npm ERR! oracledb Verifying installation
npm ERR! oracledb Continuing installation
npm ERR! oracledb [31mERR![0m NJS-054: Binary build/Release/oracledb.node was not installed.
npm ERR! oracledb [31mERR![0m Pre-built binary packages are not available for this version of Node.js (NODE_MODULE_VERSION="93")
npm ERR! oracledb [31mERR![0m Failed to install binary package oracledb-v2.3.0-node-v93-linux-x64.gz
npm ERR! oracledb [31mERR![0m Error: HTTPS request for https://github.com/oracle/node-oracledb/releases/download/v2.3.0/oracledb-v2.3.0-node-v93-linux-x64.gz failed with code 404
npm ERR! oracledb [31mERR![0m For help see https://oracle.github.io/node-oracledb/INSTALL.html#troubleshooting

npm ERR! A complete log of this run can be found in:
npm ERR!     /github/home/.npm/_logs/2021-09-18T00_52_13_512Z-debug.log
npm WARN deprecated oracledb@3.0.0: Update to node-oracledb 5
npm WARN cleanup Failed to remove some directories [
npm WARN cleanup   [
npm WARN cleanup     undefined,
npm WARN cleanup     AssertionError [ERR_ASSERTION]: rimraf: missing path
npm WARN cleanup         at rimraf (/__t/node/16.9.1/x64/lib/node_modules/npm/node_modules/rimraf/rimraf.js:54:3)
npm WARN cleanup         at node:internal/util:363:7
npm WARN cleanup         at new Promise (<anonymous>)
npm WARN cleanup         at rimraf (node:internal/util:349:12)
npm WARN cleanup         at /__t/node/16.9.1/x64/lib/node_modules/npm/node_modules/@npmcli/arborist/lib/arborist/reify.js:487:20
npm WARN cleanup         at Array.map (<anonymous>)
npm WARN cleanup         at Arborist.[rollbackCreateSparseTree] (/__t/node/16.9.1/x64/lib/node_modules/npm/node_modules/@npmcli/arborist/lib/arborist/reify.js:487:8)
npm WARN cleanup         at /__t/node/16.9.1/x64/lib/node_modules/npm/node_modules/@npmcli/arborist/lib/arborist/reify.js:1004:50
npm WARN cleanup         at processTicksAndRejections (node:internal/process/task_queues:96:5)
npm WARN cleanup         at async Arborist.[reifyPackages] (/__t/node/16.9.1/x64/lib/node_modules/npm/node_modules/@npmcli/arborist/lib/arborist/reify.js:226:11) {
npm WARN cleanup       generatedMessage: false,
npm WARN cleanup       code: 'ERR_ASSERTION',
npm WARN cleanup       actual: undefined,
npm WARN cleanup       expected: true,
npm WARN cleanup       operator: '=='
npm WARN cleanup     }
npm WARN cleanup   ]
npm WARN cleanup ]
npm ERR! code 87
npm ERR! path /__w/appoptics-apm-node/appoptics-apm-node/node_modules/oracledb
npm ERR! command failed
npm ERR! command sh -c node package/oracledbinstall.js
npm ERR! oracledb Beginning installation
npm ERR! oracledb Verifying installation
npm ERR! oracledb Continuing installation
npm ERR! oracledb [31mERR![0m NJS-054: Binary build/Release/oracledb.node was not installed.
npm ERR! oracledb [31mERR![0m Pre-built binary packages are not available for this version of Node.js (NODE_MODULE_VERSION="93")
npm ERR! oracledb [31mERR![0m Failed to install binary package oracledb-v3.0.0-node-abi93-linux-x64.gz
npm ERR! oracledb [31mERR![0m Error: HTTPS request for https://github.com/oracle/node-oracledb/releases/download/v3.0.0/oracledb-v3.0.0-node-abi93-linux-x64.gz failed with code 404
npm ERR! oracledb [31mERR![0m For help see https://oracle.github.io/node-oracledb/INSTALL.html#troubleshooting

npm ERR! A complete log of this run can be found in:
npm ERR!     /github/home/.npm/_logs/2021-09-18T00_52_23_948Z-debug.log
npm WARN deprecated oracledb@3.0.1: Update to node-oracledb 5
npm WARN cleanup Failed to remove some directories [
npm WARN cleanup   [
npm WARN cleanup     undefined,
npm WARN cleanup     AssertionError [ERR_ASSERTION]: rimraf: missing path
npm WARN cleanup         at rimraf (/__t/node/16.9.1/x64/lib/node_modules/npm/node_modules/rimraf/rimraf.js:54:3)
npm WARN cleanup         at node:internal/util:363:7
npm WARN cleanup         at new Promise (<anonymous>)
npm WARN cleanup         at rimraf (node:internal/util:349:12)
npm WARN cleanup         at /__t/node/16.9.1/x64/lib/node_modules/npm/node_modules/@npmcli/arborist/lib/arborist/reify.js:487:20
npm WARN cleanup         at Array.map (<anonymous>)
npm WARN cleanup         at Arborist.[rollbackCreateSparseTree] (/__t/node/16.9.1/x64/lib/node_modules/npm/node_modules/@npmcli/arborist/lib/arborist/reify.js:487:8)
npm WARN cleanup         at /__t/node/16.9.1/x64/lib/node_modules/npm/node_modules/@npmcli/arborist/lib/arborist/reify.js:1004:50
npm WARN cleanup         at processTicksAndRejections (node:internal/process/task_queues:96:5)
npm WARN cleanup         at async Arborist.[reifyPackages] (/__t/node/16.9.1/x64/lib/node_modules/npm/node_modules/@npmcli/arborist/lib/arborist/reify.js:226:11) {
npm WARN cleanup       generatedMessage: false,
npm WARN cleanup       code: 'ERR_ASSERTION',
npm WARN cleanup       actual: undefined,
npm WARN cleanup       expected: true,
npm WARN cleanup       operator: '=='
npm WARN cleanup     }
npm WARN cleanup   ]
npm WARN cleanup ]
npm ERR! code 87
npm ERR! path /__w/appoptics-apm-node/appoptics-apm-node/node_modules/oracledb
npm ERR! command failed
npm ERR! command sh -c node package/oracledbinstall.js
npm ERR! oracledb Beginning installation
npm ERR! oracledb [31mERR![0m NJS-054: Binary build/Release/oracledb.node was not installed.
npm ERR! oracledb [31mERR![0m Pre-built binary packages are not available for Node.js v16.9.1 (NODE_MODULE_VERSION="93")
npm ERR! oracledb [31mERR![0m Failed to install binary package oracledb-v3.0.1-node-abi93-linux-x64.gz
npm ERR! oracledb [31mERR![0m Error: HTTPS request for https://github.com/oracle/node-oracledb/releases/download/v3.0.1/oracledb-v3.0.1-node-abi93-linux-x64.gz failed with code 404
npm ERR! oracledb [31mERR![0m For help see https://oracle.github.io/node-oracledb/INSTALL.html#troubleshooting

npm ERR! A complete log of this run can be found in:
npm ERR!     /github/home/.npm/_logs/2021-09-18T00_52_34_474Z-debug.log
npm WARN deprecated oracledb@3.1.0: Update to node-oracledb 5
npm WARN cleanup Failed to remove some directories [
npm WARN cleanup   [
npm WARN cleanup     undefined,
npm WARN cleanup     AssertionError [ERR_ASSERTION]: rimraf: missing path
npm WARN cleanup         at rimraf (/__t/node/16.9.1/x64/lib/node_modules/npm/node_modules/rimraf/rimraf.js:54:3)
npm WARN cleanup         at node:internal/util:363:7
npm WARN cleanup         at new Promise (<anonymous>)
npm WARN cleanup         at rimraf (node:internal/util:349:12)
npm WARN cleanup         at /__t/node/16.9.1/x64/lib/node_modules/npm/node_modules/@npmcli/arborist/lib/arborist/reify.js:487:20
npm WARN cleanup         at Array.map (<anonymous>)
npm WARN cleanup         at Arborist.[rollbackCreateSparseTree] (/__t/node/16.9.1/x64/lib/node_modules/npm/node_modules/@npmcli/arborist/lib/arborist/reify.js:487:8)
npm WARN cleanup         at /__t/node/16.9.1/x64/lib/node_modules/npm/node_modules/@npmcli/arborist/lib/arborist/reify.js:1004:50
npm WARN cleanup         at processTicksAndRejections (node:internal/process/task_queues:96:5)
npm WARN cleanup         at async Arborist.[reifyPackages] (/__t/node/16.9.1/x64/lib/node_modules/npm/node_modules/@npmcli/arborist/lib/arborist/reify.js:226:11) {
npm WARN cleanup       generatedMessage: false,
npm WARN cleanup       code: 'ERR_ASSERTION',
npm WARN cleanup       actual: undefined,
npm WARN cleanup       expected: true,
npm WARN cleanup       operator: '=='
npm WARN cleanup     }
npm WARN cleanup   ]
npm WARN cleanup ]
npm ERR! code 87
npm ERR! path /__w/appoptics-apm-node/appoptics-apm-node/node_modules/oracledb
npm ERR! command failed
npm ERR! command sh -c node package/install.js
npm ERR! oracledb [31mERR![0m NJS-067: a pre-built node-oracledb binary was not found for Node.js v16.9.1 (NODE_MODULE_VERSION=93) on linux x64
npm ERR! oracledb [31mERR![0m Try compiling node-oracledb source code using https://oracle.github.io/node-oracledb/INSTALL.html#github

npm ERR! A complete log of this run can be found in:
npm ERR!     /github/home/.npm/_logs/2021-09-18T00_52_43_585Z-debug.log
npm WARN deprecated oracledb@3.1.1: Update to node-oracledb 5
npm WARN cleanup Failed to remove some directories [
npm WARN cleanup   [
npm WARN cleanup     undefined,
npm WARN cleanup     AssertionError [ERR_ASSERTION]: rimraf: missing path
npm WARN cleanup         at rimraf (/__t/node/16.9.1/x64/lib/node_modules/npm/node_modules/rimraf/rimraf.js:54:3)
npm WARN cleanup         at node:internal/util:363:7
npm WARN cleanup         at new Promise (<anonymous>)
npm WARN cleanup         at rimraf (node:internal/util:349:12)
npm WARN cleanup         at /__t/node/16.9.1/x64/lib/node_modules/npm/node_modules/@npmcli/arborist/lib/arborist/reify.js:487:20
npm WARN cleanup         at Array.map (<anonymous>)
npm WARN cleanup         at Arborist.[rollbackCreateSparseTree] (/__t/node/16.9.1/x64/lib/node_modules/npm/node_modules/@npmcli/arborist/lib/arborist/reify.js:487:8)
npm WARN cleanup         at /__t/node/16.9.1/x64/lib/node_modules/npm/node_modules/@npmcli/arborist/lib/arborist/reify.js:1004:50
npm WARN cleanup         at processTicksAndRejections (node:internal/process/task_queues:96:5)
npm WARN cleanup         at async Arborist.[reifyPackages] (/__t/node/16.9.1/x64/lib/node_modules/npm/node_modules/@npmcli/arborist/lib/arborist/reify.js:226:11) {
npm WARN cleanup       generatedMessage: false,
npm WARN cleanup       code: 'ERR_ASSERTION',
npm WARN cleanup       actual: undefined,
npm WARN cleanup       expected: true,
npm WARN cleanup       operator: '=='
npm WARN cleanup     }
npm WARN cleanup   ]
npm WARN cleanup ]
npm ERR! code 87
npm ERR! path /__w/appoptics-apm-node/appoptics-apm-node/node_modules/oracledb
npm ERR! command failed
npm ERR! command sh -c node package/install.js
npm ERR! oracledb [31mERR![0m NJS-067: a pre-built node-oracledb binary was not found for Node.js v16.9.1 (NODE_MODULE_VERSION=93) on linux x64
npm ERR! oracledb [31mERR![0m Try compiling node-oracledb source code using https://oracle.github.io/node-oracledb/INSTALL.html#github

npm ERR! A complete log of this run can be found in:
npm ERR!     /github/home/.npm/_logs/2021-09-18T00_52_52_584Z-debug.log
npm WARN deprecated oracledb@3.1.2: Update to node-oracledb 5
npm WARN cleanup Failed to remove some directories [
npm WARN cleanup   [
npm WARN cleanup     undefined,
npm WARN cleanup     AssertionError [ERR_ASSERTION]: rimraf: missing path
npm WARN cleanup         at rimraf (/__t/node/16.9.1/x64/lib/node_modules/npm/node_modules/rimraf/rimraf.js:54:3)
npm WARN cleanup         at node:internal/util:363:7
npm WARN cleanup         at new Promise (<anonymous>)
npm WARN cleanup         at rimraf (node:internal/util:349:12)
npm WARN cleanup         at /__t/node/16.9.1/x64/lib/node_modules/npm/node_modules/@npmcli/arborist/lib/arborist/reify.js:487:20
npm WARN cleanup         at Array.map (<anonymous>)
npm WARN cleanup         at Arborist.[rollbackCreateSparseTree] (/__t/node/16.9.1/x64/lib/node_modules/npm/node_modules/@npmcli/arborist/lib/arborist/reify.js:487:8)
npm WARN cleanup         at /__t/node/16.9.1/x64/lib/node_modules/npm/node_modules/@npmcli/arborist/lib/arborist/reify.js:1004:50
npm WARN cleanup         at processTicksAndRejections (node:internal/process/task_queues:96:5)
npm WARN cleanup         at async Arborist.[reifyPackages] (/__t/node/16.9.1/x64/lib/node_modules/npm/node_modules/@npmcli/arborist/lib/arborist/reify.js:226:11) {
npm WARN cleanup       generatedMessage: false,
npm WARN cleanup       code: 'ERR_ASSERTION',
npm WARN cleanup       actual: undefined,
npm WARN cleanup       expected: true,
npm WARN cleanup       operator: '=='
npm WARN cleanup     }
npm WARN cleanup   ]
npm WARN cleanup ]
npm ERR! code 87
npm ERR! path /__w/appoptics-apm-node/appoptics-apm-node/node_modules/oracledb
npm ERR! command failed
npm ERR! command sh -c node package/install.js
npm ERR! oracledb [31mERR![0m NJS-067: a pre-built node-oracledb binary was not found for Node.js v16.9.1 (NODE_MODULE_VERSION=93) on linux x64
npm ERR! oracledb [31mERR![0m Try compiling node-oracledb source code using https://oracle.github.io/node-oracledb/INSTALL.html#github

npm ERR! A complete log of this run can be found in:
npm ERR!     /github/home/.npm/_logs/2021-09-18T00_53_02_196Z-debug.log

changed 132 packages, and audited 1098 packages in 10s

72 packages are looking for funding
  run `npm fund` for details

18 vulnerabilities (6 low, 6 moderate, 5 high, 1 critical)

To address issues that do not require attention, run:
  npm audit fix

To address all issues possible (including breaking changes), run:
  npm audit fix --force

Some issues need review, and may require choosing
a different dependency.

Run `npm audit` for details.
2021-09-18T00:53:12.213Z appoptics:debug read config from /__w/appoptics-apm-node/appoptics-apm-node/appoptics-apm-config
2021-09-18T00:53:12.214Z appoptics:debug guc ignoring APPOPTICS_LOG_SETTINGS
2021-09-18T00:53:12.214Z appoptics:debug serviceKey dIOz...wWK0:ao-node-test
2021-09-18T00:53:12.215Z appoptics:debug using context provider: ace-context
2021-09-18T00:53:12.296Z appoptics:debug apm 10.0.2-prerelease.0, bindings 11.0.1-prerelease.0, oboe 10.1.1
2021-09-18T00:53:12.355Z appoptics:patching patched crypto 
2021-09-18T00:53:12.387Z appoptics:patching patched https 
2021-09-18T00:53:12.388Z appoptics:patching patched http 
2021-09-18T00:53:12.428Z appoptics:patching patched oracledb 4.0.0
2021-09-18T00:53:12.432Z appoptics:debug starting runtimeMetrics


  probes.oracledb 4.0.0
    âœ“ UDP might lose a message
2021-09-18T00:53:12.610Z appoptics:debug asking helper to execute test_basic
2021-09-18T00:53:12.611Z appoptics:debug test_basic being executed
2021-09-18T00:53:12.611Z appoptics:debug oracledb wrapping getConnection
2021-09-18T00:53:12.737Z appoptics:debug done with test_basic oracledb.getConnection
2021-09-18T00:53:12.858Z appoptics:debug test_basic query callback invoked
    âœ“ should trace execute calls (259ms)
2021-09-18T00:53:12.872Z appoptics:debug ORACLEDB wrapping createPool
2021-09-18T00:53:12.876Z appoptics:debug oracledb wrapping getConnection
2021-09-18T00:53:12.916Z appoptics:debug connection.execute() seems to be patched
2021-09-18T00:53:12.916Z appoptics:debug connection.commit() seems to be patched
2021-09-18T00:53:12.916Z appoptics:debug connection.rollback() seems to be patched
2021-09-18T00:53:12.916Z appoptics:debug connection.break() seems to be patched
2021-09-18T00:53:12.916Z appoptics:debug connection.release seems to be patched
    âœ“ should trace execute calls in pool (47ms)
2021-09-18T00:53:12.920Z appoptics:debug oracledb wrapping getConnection
2021-09-18T00:53:12.957Z appoptics:debug connection.execute() seems to be patched
2021-09-18T00:53:12.957Z appoptics:debug connection.commit() seems to be patched
2021-09-18T00:53:12.957Z appoptics:debug connection.rollback() seems to be patched
2021-09-18T00:53:12.957Z appoptics:debug connection.break() seems to be patched
2021-09-18T00:53:12.957Z appoptics:debug connection.release seems to be patched
    âœ“ should include correct isAutoCommit value (45ms)


  4 passing (375ms)


changed 1 package, and audited 1098 packages in 7s

72 packages are looking for funding
  run `npm fund` for details

18 vulnerabilities (6 low, 6 moderate, 5 high, 1 critical)

To address issues that do not require attention, run:
  npm audit fix

To address all issues possible (including breaking changes), run:
  npm audit fix --force

Some issues need review, and may require choosing
a different dependency.

Run `npm audit` for details.
2021-09-18T00:53:20.729Z appoptics:debug read config from /__w/appoptics-apm-node/appoptics-apm-node/appoptics-apm-config
2021-09-18T00:53:20.730Z appoptics:debug guc ignoring APPOPTICS_LOG_SETTINGS
2021-09-18T00:53:20.730Z appoptics:debug serviceKey dIOz...wWK0:ao-node-test
2021-09-18T00:53:20.731Z appoptics:debug using context provider: ace-context
2021-09-18T00:53:20.805Z appoptics:debug apm 10.0.2-prerelease.0, bindings 11.0.1-prerelease.0, oboe 10.1.1
2021-09-18T00:53:20.857Z appoptics:patching patched crypto 
2021-09-18T00:53:20.882Z appoptics:patching patched https 
2021-09-18T00:53:20.883Z appoptics:patching patched http 
2021-09-18T00:53:20.921Z appoptics:patching patched oracledb 4.0.1
2021-09-18T00:53:20.926Z appoptics:debug starting runtimeMetrics


  probes.oracledb 4.0.1
    âœ“ UDP might lose a message
2021-09-18T00:53:21.127Z appoptics:debug asking helper to execute test_basic
2021-09-18T00:53:21.127Z appoptics:debug test_basic being executed
2021-09-18T00:53:21.127Z appoptics:debug oracledb wrapping getConnection
2021-09-18T00:53:21.143Z appoptics:debug done with test_basic oracledb.getConnection
2021-09-18T00:53:21.179Z appoptics:debug test_basic query callback invoked
    âœ“ should trace execute calls (58ms)
2021-09-18T00:53:21.192Z appoptics:debug ORACLEDB wrapping createPool
2021-09-18T00:53:21.195Z appoptics:debug oracledb wrapping getConnection
2021-09-18T00:53:21.237Z appoptics:debug connection.execute() seems to be patched
2021-09-18T00:53:21.237Z appoptics:debug connection.commit() seems to be patched
2021-09-18T00:53:21.237Z appoptics:debug connection.rollback() seems to be patched
2021-09-18T00:53:21.237Z appoptics:debug connection.break() seems to be patched
2021-09-18T00:53:21.237Z appoptics:debug connection.release seems to be patched
    âœ“ should trace execute calls in pool (49ms)
2021-09-18T00:53:21.241Z appoptics:debug oracledb wrapping getConnection
2021-09-18T00:53:21.283Z appoptics:debug connection.execute() seems to be patched
2021-09-18T00:53:21.283Z appoptics:debug connection.commit() seems to be patched
2021-09-18T00:53:21.283Z appoptics:debug connection.rollback() seems to be patched
2021-09-18T00:53:21.283Z appoptics:debug connection.break() seems to be patched
2021-09-18T00:53:21.283Z appoptics:debug connection.release seems to be patched
    âœ“ should include correct isAutoCommit value (48ms)


  4 passing (187ms)


changed 1 package, and audited 1098 packages in 8s

72 packages are looking for funding
  run `npm fund` for details

18 vulnerabilities (6 low, 6 moderate, 5 high, 1 critical)

To address issues that do not require attention, run:
  npm audit fix

To address all issues possible (including breaking changes), run:
  npm audit fix --force

Some issues need review, and may require choosing
a different dependency.

Run `npm audit` for details.
2021-09-18T00:53:29.663Z appoptics:debug read config from /__w/appoptics-apm-node/appoptics-apm-node/appoptics-apm-config
2021-09-18T00:53:29.664Z appoptics:debug guc ignoring APPOPTICS_LOG_SETTINGS
2021-09-18T00:53:29.664Z appoptics:debug serviceKey dIOz...wWK0:ao-node-test
2021-09-18T00:53:29.664Z appoptics:debug using context provider: ace-context
2021-09-18T00:53:29.738Z appoptics:debug apm 10.0.2-prerelease.0, bindings 11.0.1-prerelease.0, oboe 10.1.1
2021-09-18T00:53:29.790Z appoptics:patching patched crypto 
2021-09-18T00:53:29.815Z appoptics:patching patched https 
2021-09-18T00:53:29.816Z appoptics:patching patched http 
2021-09-18T00:53:29.853Z appoptics:patching patched oracledb 4.1.0
2021-09-18T00:53:29.858Z appoptics:debug starting runtimeMetrics


  probes.oracledb 4.1.0
    âœ“ UDP might lose a message
2021-09-18T00:53:30.165Z appoptics:debug asking helper to execute test_basic
2021-09-18T00:53:30.175Z appoptics:debug test_basic being executed
2021-09-18T00:53:30.175Z appoptics:debug oracledb wrapping getConnection
2021-09-18T00:53:30.221Z appoptics:debug done with test_basic oracledb.getConnection
2021-09-18T00:53:30.258Z appoptics:debug test_basic query callback invoked
    âœ“ should trace execute calls (99ms)
2021-09-18T00:53:30.271Z appoptics:debug ORACLEDB wrapping createPool
2021-09-18T00:53:30.273Z appoptics:debug oracledb wrapping getConnection
2021-09-18T00:53:30.324Z appoptics:debug connection.execute() seems to be patched
2021-09-18T00:53:30.324Z appoptics:debug connection.commit() seems to be patched
2021-09-18T00:53:30.324Z appoptics:debug connection.rollback() seems to be patched
2021-09-18T00:53:30.324Z appoptics:debug connection.break() seems to be patched
2021-09-18T00:53:30.324Z appoptics:debug connection.release seems to be patched
    âœ“ should trace execute calls in pool (56ms)
2021-09-18T00:53:30.327Z appoptics:debug oracledb wrapping getConnection
2021-09-18T00:53:30.365Z appoptics:debug connection.execute() seems to be patched
2021-09-18T00:53:30.366Z appoptics:debug connection.commit() seems to be patched
2021-09-18T00:53:30.366Z appoptics:debug connection.rollback() seems to be patched
2021-09-18T00:53:30.366Z appoptics:debug connection.break() seems to be patched
2021-09-18T00:53:30.366Z appoptics:debug connection.release seems to be patched
    âœ“ should include correct isAutoCommit value (45ms)


  4 passing (262ms)


changed 1 package, and audited 1098 packages in 8s

72 packages are looking for funding
  run `npm fund` for details

18 vulnerabilities (6 low, 6 moderate, 5 high, 1 critical)

To address issues that do not require attention, run:
  npm audit fix

To address all issues possible (including breaking changes), run:
  npm audit fix --force

Some issues need review, and may require choosing
a different dependency.

Run `npm audit` for details.
2021-09-18T00:53:38.742Z appoptics:debug read config from /__w/appoptics-apm-node/appoptics-apm-node/appoptics-apm-config
2021-09-18T00:53:38.744Z appoptics:debug guc ignoring APPOPTICS_LOG_SETTINGS
2021-09-18T00:53:38.744Z appoptics:debug serviceKey dIOz...wWK0:ao-node-test
2021-09-18T00:53:38.745Z appoptics:debug using context provider: ace-context
2021-09-18T00:53:38.856Z appoptics:debug apm 10.0.2-prerelease.0, bindings 11.0.1-prerelease.0, oboe 10.1.1
2021-09-18T00:53:38.914Z appoptics:patching patched crypto 
2021-09-18T00:53:38.960Z appoptics:patching patched https 
2021-09-18T00:53:38.960Z appoptics:patching patched http 
2021-09-18T00:53:39.015Z appoptics:patching patched oracledb 4.2.0
2021-09-18T00:53:39.019Z appoptics:debug starting runtimeMetrics


  probes.oracledb 4.2.0
    âœ“ UDP might lose a message
2021-09-18T00:53:39.271Z appoptics:debug asking helper to execute test_basic
2021-09-18T00:53:39.271Z appoptics:debug test_basic being executed
2021-09-18T00:53:39.271Z appoptics:debug oracledb wrapping getConnection
2021-09-18T00:53:39.282Z appoptics:debug done with test_basic oracledb.getConnection
2021-09-18T00:53:39.330Z appoptics:debug test_basic query callback invoked
    âœ“ should trace execute calls (65ms)
2021-09-18T00:53:39.339Z appoptics:debug ORACLEDB wrapping createPool
2021-09-18T00:53:39.342Z appoptics:debug oracledb wrapping getConnection
2021-09-18T00:53:39.380Z appoptics:debug connection.execute() seems to be patched
2021-09-18T00:53:39.380Z appoptics:debug connection.commit() seems to be patched
2021-09-18T00:53:39.380Z appoptics:debug connection.rollback() seems to be patched
2021-09-18T00:53:39.380Z appoptics:debug connection.break() seems to be patched
2021-09-18T00:53:39.380Z appoptics:debug connection.release seems to be patched
    âœ“ should trace execute calls in pool (44ms)
2021-09-18T00:53:39.384Z appoptics:debug oracledb wrapping getConnection
2021-09-18T00:53:39.422Z appoptics:debug connection.execute() seems to be patched
2021-09-18T00:53:39.423Z appoptics:debug connection.commit() seems to be patched
2021-09-18T00:53:39.423Z appoptics:debug connection.rollback() seems to be patched
2021-09-18T00:53:39.423Z appoptics:debug connection.break() seems to be patched
2021-09-18T00:53:39.423Z appoptics:debug connection.release seems to be patched
    âœ“ should include correct isAutoCommit value (45ms)


  4 passing (179ms)


changed 1 package, and audited 1098 packages in 7s

72 packages are looking for funding
  run `npm fund` for details

18 vulnerabilities (6 low, 6 moderate, 5 high, 1 critical)

To address issues that do not require attention, run:
  npm audit fix

To address all issues possible (including breaking changes), run:
  npm audit fix --force

Some issues need review, and may require choosing
a different dependency.

Run `npm audit` for details.
2021-09-18T00:53:47.156Z appoptics:debug read config from /__w/appoptics-apm-node/appoptics-apm-node/appoptics-apm-config
2021-09-18T00:53:47.157Z appoptics:debug guc ignoring APPOPTICS_LOG_SETTINGS
2021-09-18T00:53:47.157Z appoptics:debug serviceKey dIOz...wWK0:ao-node-test
2021-09-18T00:53:47.158Z appoptics:debug using context provider: ace-context
2021-09-18T00:53:47.248Z appoptics:debug apm 10.0.2-prerelease.0, bindings 11.0.1-prerelease.0, oboe 10.1.1
2021-09-18T00:53:47.306Z appoptics:patching patched crypto 
2021-09-18T00:53:47.335Z appoptics:patching patched https 
2021-09-18T00:53:47.336Z appoptics:patching patched http 
2021-09-18T00:53:47.380Z appoptics:patching patched oracledb 5.0.0
2021-09-18T00:53:47.397Z appoptics:debug starting runtimeMetrics


  probes.oracledb 5.0.0
    âœ“ UDP might lose a message
2021-09-18T00:53:47.609Z appoptics:debug asking helper to execute test_basic
2021-09-18T00:53:47.609Z appoptics:debug test_basic being executed
2021-09-18T00:53:47.609Z appoptics:debug oracledb wrapping getConnection
2021-09-18T00:53:47.624Z appoptics:debug done with test_basic oracledb.getConnection
2021-09-18T00:53:47.672Z appoptics:debug test_basic query callback invoked
    âœ“ should trace execute calls (71ms)
2021-09-18T00:53:47.684Z appoptics:debug ORACLEDB wrapping createPool
2021-09-18T00:53:47.688Z appoptics:debug oracledb wrapping getConnection
2021-09-18T00:53:47.750Z appoptics:debug connection.execute() seems to be patched
2021-09-18T00:53:47.750Z appoptics:debug connection.commit() seems to be patched
2021-09-18T00:53:47.750Z appoptics:debug connection.rollback() seems to be patched
2021-09-18T00:53:47.750Z appoptics:debug connection.break() seems to be patched
2021-09-18T00:53:47.750Z appoptics:debug connection.release seems to be patched
    âœ“ should trace execute calls in pool (70ms)
2021-09-18T00:53:47.755Z appoptics:debug oracledb wrapping getConnection
2021-09-18T00:53:47.795Z appoptics:debug connection.execute() seems to be patched
2021-09-18T00:53:47.795Z appoptics:debug connection.commit() seems to be patched
2021-09-18T00:53:47.795Z appoptics:debug connection.rollback() seems to be patched
2021-09-18T00:53:47.795Z appoptics:debug connection.break() seems to be patched
2021-09-18T00:53:47.795Z appoptics:debug connection.release seems to be patched
    âœ“ should include correct isAutoCommit value (53ms)


  4 passing (227ms)


changed 1 package, and audited 1098 packages in 8s

72 packages are looking for funding
  run `npm fund` for details

18 vulnerabilities (6 low, 6 moderate, 5 high, 1 critical)

To address issues that do not require attention, run:
  npm audit fix

To address all issues possible (including breaking changes), run:
  npm audit fix --force

Some issues need review, and may require choosing
a different dependency.

Run `npm audit` for details.
2021-09-18T00:53:55.984Z appoptics:debug read config from /__w/appoptics-apm-node/appoptics-apm-node/appoptics-apm-config
2021-09-18T00:53:55.985Z appoptics:debug guc ignoring APPOPTICS_LOG_SETTINGS
2021-09-18T00:53:55.985Z appoptics:debug serviceKey dIOz...wWK0:ao-node-test
2021-09-18T00:53:55.986Z appoptics:debug using context provider: ace-context
2021-09-18T00:53:56.070Z appoptics:debug apm 10.0.2-prerelease.0, bindings 11.0.1-prerelease.0, oboe 10.1.1
2021-09-18T00:53:56.120Z appoptics:patching patched crypto 
2021-09-18T00:53:56.146Z appoptics:patching patched https 
2021-09-18T00:53:56.147Z appoptics:patching patched http 
2021-09-18T00:53:56.186Z appoptics:patching patched oracledb 5.1.0
2021-09-18T00:53:56.190Z appoptics:debug starting runtimeMetrics


  probes.oracledb 5.1.0
    âœ“ UDP might lose a message
2021-09-18T00:53:56.364Z appoptics:debug asking helper to execute test_basic
2021-09-18T00:53:56.365Z appoptics:debug test_basic being executed
2021-09-18T00:53:56.365Z appoptics:debug oracledb wrapping getConnection
2021-09-18T00:53:56.374Z appoptics:debug done with test_basic oracledb.getConnection
2021-09-18T00:53:56.414Z appoptics:debug test_basic query callback invoked
    âœ“ should trace execute calls (56ms)
2021-09-18T00:53:56.422Z appoptics:debug ORACLEDB wrapping createPool
2021-09-18T00:53:56.425Z appoptics:debug oracledb wrapping getConnection
2021-09-18T00:53:56.462Z appoptics:debug connection.execute() seems to be patched
2021-09-18T00:53:56.462Z appoptics:debug connection.commit() seems to be patched
2021-09-18T00:53:56.462Z appoptics:debug connection.rollback() seems to be patched
2021-09-18T00:53:56.462Z appoptics:debug connection.break() seems to be patched
2021-09-18T00:53:56.462Z appoptics:debug connection.release seems to be patched
    âœ“ should trace execute calls in pool (46ms)
2021-09-18T00:53:56.469Z appoptics:debug oracledb wrapping getConnection
2021-09-18T00:53:56.506Z appoptics:debug connection.execute() seems to be patched
2021-09-18T00:53:56.506Z appoptics:debug connection.commit() seems to be patched
2021-09-18T00:53:56.506Z appoptics:debug connection.rollback() seems to be patched
2021-09-18T00:53:56.506Z appoptics:debug connection.break() seems to be patched
2021-09-18T00:53:56.506Z appoptics:debug connection.release seems to be patched
    âœ“ should include correct isAutoCommit value (43ms)


  4 passing (167ms)


changed 1 package, and audited 1098 packages in 9s

72 packages are looking for funding
  run `npm fund` for details

18 vulnerabilities (6 low, 6 moderate, 5 high, 1 critical)

To address issues that do not require attention, run:
  npm audit fix

To address all issues possible (including breaking changes), run:
  npm audit fix --force

Some issues need review, and may require choosing
a different dependency.

Run `npm audit` for details.
2021-09-18T00:54:05.544Z appoptics:debug read config from /__w/appoptics-apm-node/appoptics-apm-node/appoptics-apm-config
2021-09-18T00:54:05.545Z appoptics:debug guc ignoring APPOPTICS_LOG_SETTINGS
2021-09-18T00:54:05.545Z appoptics:debug serviceKey dIOz...wWK0:ao-node-test
2021-09-18T00:54:05.546Z appoptics:debug using context provider: ace-context
2021-09-18T00:54:05.626Z appoptics:debug apm 10.0.2-prerelease.0, bindings 11.0.1-prerelease.0, oboe 10.1.1
2021-09-18T00:54:05.679Z appoptics:patching patched crypto 
2021-09-18T00:54:05.705Z appoptics:patching patched https 
2021-09-18T00:54:05.706Z appoptics:patching patched http 
2021-09-18T00:54:05.742Z appoptics:patching patched oracledb 5.2.0
2021-09-18T00:54:05.752Z appoptics:debug starting runtimeMetrics


  probes.oracledb 5.2.0
    âœ“ UDP might lose a message
2021-09-18T00:54:05.940Z appoptics:debug asking helper to execute test_basic
2021-09-18T00:54:05.940Z appoptics:debug test_basic being executed
2021-09-18T00:54:05.940Z appoptics:debug oracledb wrapping getConnection
2021-09-18T00:54:05.950Z appoptics:debug done with test_basic oracledb.getConnection
2021-09-18T00:54:05.995Z appoptics:debug test_basic query callback invoked
    âœ“ should trace execute calls (62ms)
2021-09-18T00:54:06.004Z appoptics:debug ORACLEDB wrapping createPool
2021-09-18T00:54:06.007Z appoptics:debug oracledb wrapping getConnection
2021-09-18T00:54:06.073Z appoptics:debug connection.execute() seems to be patched
2021-09-18T00:54:06.073Z appoptics:debug connection.commit() seems to be patched
2021-09-18T00:54:06.073Z appoptics:debug connection.rollback() seems to be patched
2021-09-18T00:54:06.073Z appoptics:debug connection.break() seems to be patched
2021-09-18T00:54:06.073Z appoptics:debug connection.release seems to be patched
    âœ“ should trace execute calls in pool (73ms)
2021-09-18T00:54:06.078Z appoptics:debug oracledb wrapping getConnection
2021-09-18T00:54:06.123Z appoptics:debug connection.execute() seems to be patched
2021-09-18T00:54:06.123Z appoptics:debug connection.commit() seems to be patched
2021-09-18T00:54:06.123Z appoptics:debug connection.rollback() seems to be patched
2021-09-18T00:54:06.123Z appoptics:debug connection.break() seems to be patched
2021-09-18T00:54:06.123Z appoptics:debug connection.release seems to be patched
    âœ“ should include correct isAutoCommit value (53ms)


  4 passing (214ms)


up to date, audited 1098 packages in 8s

72 packages are looking for funding
  run `npm fund` for details

18 vulnerabilities (6 low, 6 moderate, 5 high, 1 critical)

To address issues that do not require attention, run:
  npm audit fix

To address all issues possible (including breaking changes), run:
  npm audit fix --force

Some issues need review, and may require choosing
a different dependency.

Run `npm audit` for details.
