npm WARN deprecated oracledb@2.0.14: Update to node-oracledb 5
npm ERR! code 87
npm ERR! path /__w/appoptics-apm-node/appoptics-apm-node/node_modules/oracledb
npm ERR! command failed
npm ERR! command sh -c node package/oracledbinstall.js
npm ERR! oracledb Beginning installation
npm ERR! oracledb Verifying installation
npm ERR! oracledb Binary not found
npm ERR! oracledb Continuing installation
npm ERR! oracledb [31mERR![0m NJS-054: Binary build/Release/oracledb.node was not installed from oracledb-v2.0.14-node-v93-linux-x64.gz
npm ERR! oracledb [31mERR![0m Error: HTTPS request for https://github.com/oracle/node-oracledb/releases/download/v2.0.14/oracledb-v2.0.14-node-v93-linux-x64.gz failed with code 404
npm ERR! oracledb [31mERR![0m If the error is not network or filesystem related, then review 
npm ERR! oracledb [31mERR![0m the Python 2.7 and compiler prerequisites in the installation instructions and
npm ERR! oracledb [31mERR![0m then install from source code with: npm install oracle/node-oracledb.git#v2.0.14
npm ERR! oracledb [31mERR![0m See https://github.com/oracle/node-oracledb/blob/master/INSTALL.md

npm ERR! A complete log of this run can be found in:
npm ERR!     /github/home/.npm/_logs/2021-09-23T17_18_57_575Z-debug.log
npm WARN deprecated oracledb@2.0.15: Update to node-oracledb 5
npm WARN cleanup Failed to remove some directories [
npm WARN cleanup   [
npm WARN cleanup     undefined,
npm WARN cleanup     AssertionError [ERR_ASSERTION]: rimraf: missing path
npm WARN cleanup         at rimraf (/__t/node/16.10.0/x64/lib/node_modules/npm/node_modules/rimraf/rimraf.js:54:3)
npm WARN cleanup         at node:internal/util:363:7
npm WARN cleanup         at new Promise (<anonymous>)
npm WARN cleanup         at rimraf (node:internal/util:349:12)
npm WARN cleanup         at /__t/node/16.10.0/x64/lib/node_modules/npm/node_modules/@npmcli/arborist/lib/arborist/reify.js:507:20
npm WARN cleanup         at Array.map (<anonymous>)
npm WARN cleanup         at Arborist.[rollbackCreateSparseTree] (/__t/node/16.10.0/x64/lib/node_modules/npm/node_modules/@npmcli/arborist/lib/arborist/reify.js:507:8)
npm WARN cleanup         at /__t/node/16.10.0/x64/lib/node_modules/npm/node_modules/@npmcli/arborist/lib/arborist/reify.js:1049:50
npm WARN cleanup         at async Arborist.[reifyPackages] (/__t/node/16.10.0/x64/lib/node_modules/npm/node_modules/@npmcli/arborist/lib/arborist/reify.js:229:11)
npm WARN cleanup         at async Arborist.reify (/__t/node/16.10.0/x64/lib/node_modules/npm/node_modules/@npmcli/arborist/lib/arborist/reify.js:149:5) {
npm WARN cleanup       generatedMessage: false,
npm WARN cleanup       code: 'ERR_ASSERTION',
npm WARN cleanup       actual: undefined,
npm WARN cleanup       expected: true,
npm WARN cleanup       operator: '=='
npm WARN cleanup     }
npm WARN cleanup   ]
npm WARN cleanup ]
npm ERR! code 87
npm ERR! path /__w/appoptics-apm-node/appoptics-apm-node/node_modules/oracledb
npm ERR! command failed
npm ERR! command sh -c node package/oracledbinstall.js
npm ERR! oracledb Beginning installation
npm ERR! oracledb Verifying installation
npm ERR! oracledb Binary not found
npm ERR! oracledb Continuing installation
npm ERR! oracledb [31mERR![0m NJS-054: Binary build/Release/oracledb.node was not installed from oracledb-v2.0.15-node-v93-linux-x64.gz
npm ERR! oracledb [31mERR![0m Error: HTTPS request for https://github.com/oracle/node-oracledb/releases/download/v2.0.15/oracledb-v2.0.15-node-v93-linux-x64.gz failed with code 404
npm ERR! oracledb [31mERR![0m If the error is not network or filesystem related, then review 
npm ERR! oracledb [31mERR![0m the Python 2.7 and compiler prerequisites in the installation instructions and
npm ERR! oracledb [31mERR![0m then install from source code with: npm install oracle/node-oracledb.git#v2.0.15
npm ERR! oracledb [31mERR![0m See https://github.com/oracle/node-oracledb/blob/master/INSTALL.md

npm ERR! A complete log of this run can be found in:
npm ERR!     /github/home/.npm/_logs/2021-09-23T17_19_06_922Z-debug.log
npm WARN deprecated oracledb@2.1.0: Update to node-oracledb 5
npm WARN cleanup Failed to remove some directories [
npm WARN cleanup   [
npm WARN cleanup     undefined,
npm WARN cleanup     AssertionError [ERR_ASSERTION]: rimraf: missing path
npm WARN cleanup         at rimraf (/__t/node/16.10.0/x64/lib/node_modules/npm/node_modules/rimraf/rimraf.js:54:3)
npm WARN cleanup         at node:internal/util:363:7
npm WARN cleanup         at new Promise (<anonymous>)
npm WARN cleanup         at rimraf (node:internal/util:349:12)
npm WARN cleanup         at /__t/node/16.10.0/x64/lib/node_modules/npm/node_modules/@npmcli/arborist/lib/arborist/reify.js:507:20
npm WARN cleanup         at Array.map (<anonymous>)
npm WARN cleanup         at Arborist.[rollbackCreateSparseTree] (/__t/node/16.10.0/x64/lib/node_modules/npm/node_modules/@npmcli/arborist/lib/arborist/reify.js:507:8)
npm WARN cleanup         at /__t/node/16.10.0/x64/lib/node_modules/npm/node_modules/@npmcli/arborist/lib/arborist/reify.js:1049:50
npm WARN cleanup         at processTicksAndRejections (node:internal/process/task_queues:96:5)
npm WARN cleanup         at async Arborist.[reifyPackages] (/__t/node/16.10.0/x64/lib/node_modules/npm/node_modules/@npmcli/arborist/lib/arborist/reify.js:229:11) {
npm WARN cleanup       generatedMessage: false,
npm WARN cleanup       code: 'ERR_ASSERTION',
npm WARN cleanup       actual: undefined,
npm WARN cleanup       expected: true,
npm WARN cleanup       operator: '=='
npm WARN cleanup     }
npm WARN cleanup   ]
npm WARN cleanup ]
npm ERR! code 87
npm ERR! path /__w/appoptics-apm-node/appoptics-apm-node/node_modules/oracledb
npm ERR! command failed
npm ERR! command sh -c node package/oracledbinstall.js
npm ERR! oracledb Beginning installation
npm ERR! oracledb Verifying installation
npm ERR! oracledb Binary not found
npm ERR! oracledb Continuing installation
npm ERR! oracledb [31mERR![0m NJS-054: Binary build/Release/oracledb.node was not installed from oracledb-v2.1.0-node-v93-linux-x64.gz
npm ERR! oracledb [31mERR![0m Error: HTTPS request for https://github.com/oracle/node-oracledb/releases/download/v2.1.0/oracledb-v2.1.0-node-v93-linux-x64.gz failed with code 404
npm ERR! oracledb [31mERR![0m If the error is not network or filesystem related, then review 
npm ERR! oracledb [31mERR![0m the Python 2.7 and compiler prerequisites in the installation instructions and
npm ERR! oracledb [31mERR![0m then install from source code with: npm install oracle/node-oracledb.git#v2.1.0
npm ERR! oracledb [31mERR![0m See https://github.com/oracle/node-oracledb/blob/master/INSTALL.md

npm ERR! A complete log of this run can be found in:
npm ERR!     /github/home/.npm/_logs/2021-09-23T17_19_15_769Z-debug.log
npm WARN deprecated oracledb@2.1.1: Update to node-oracledb 5
npm WARN cleanup Failed to remove some directories [
npm WARN cleanup   [
npm WARN cleanup     undefined,
npm WARN cleanup     AssertionError [ERR_ASSERTION]: rimraf: missing path
npm WARN cleanup         at rimraf (/__t/node/16.10.0/x64/lib/node_modules/npm/node_modules/rimraf/rimraf.js:54:3)
npm WARN cleanup         at node:internal/util:363:7
npm WARN cleanup         at new Promise (<anonymous>)
npm WARN cleanup         at rimraf (node:internal/util:349:12)
npm WARN cleanup         at /__t/node/16.10.0/x64/lib/node_modules/npm/node_modules/@npmcli/arborist/lib/arborist/reify.js:507:20
npm WARN cleanup         at Array.map (<anonymous>)
npm WARN cleanup         at Arborist.[rollbackCreateSparseTree] (/__t/node/16.10.0/x64/lib/node_modules/npm/node_modules/@npmcli/arborist/lib/arborist/reify.js:507:8)
npm WARN cleanup         at /__t/node/16.10.0/x64/lib/node_modules/npm/node_modules/@npmcli/arborist/lib/arborist/reify.js:1049:50
npm WARN cleanup         at processTicksAndRejections (node:internal/process/task_queues:96:5)
npm WARN cleanup         at async Arborist.[reifyPackages] (/__t/node/16.10.0/x64/lib/node_modules/npm/node_modules/@npmcli/arborist/lib/arborist/reify.js:229:11) {
npm WARN cleanup       generatedMessage: false,
npm WARN cleanup       code: 'ERR_ASSERTION',
npm WARN cleanup       actual: undefined,
npm WARN cleanup       expected: true,
npm WARN cleanup       operator: '=='
npm WARN cleanup     }
npm WARN cleanup   ]
npm WARN cleanup ]
npm ERR! code 87
npm ERR! path /__w/appoptics-apm-node/appoptics-apm-node/node_modules/oracledb
npm ERR! command failed
npm ERR! command sh -c node package/oracledbinstall.js
npm ERR! oracledb Beginning installation
npm ERR! oracledb Verifying installation
npm ERR! oracledb Binary not found
npm ERR! oracledb Continuing installation
npm ERR! oracledb [31mERR![0m NJS-054: Binary build/Release/oracledb.node was not installed from oracledb-v2.1.1-node-v93-linux-x64.gz
npm ERR! oracledb [31mERR![0m Error: HTTPS request for https://github.com/oracle/node-oracledb/releases/download/v2.1.1/oracledb-v2.1.1-node-v93-linux-x64.gz failed with code 404
npm ERR! oracledb [31mERR![0m If the error is not network or filesystem related, then review 
npm ERR! oracledb [31mERR![0m the Python 2.7 and compiler prerequisites in the installation instructions and
npm ERR! oracledb [31mERR![0m then install from source code with: npm install oracle/node-oracledb.git#v2.1.1
npm ERR! oracledb [31mERR![0m See https://github.com/oracle/node-oracledb/blob/master/INSTALL.md

npm ERR! A complete log of this run can be found in:
npm ERR!     /github/home/.npm/_logs/2021-09-23T17_19_23_701Z-debug.log
npm WARN deprecated oracledb@2.1.2: Update to node-oracledb 5
npm WARN cleanup Failed to remove some directories [
npm WARN cleanup   [
npm WARN cleanup     undefined,
npm WARN cleanup     AssertionError [ERR_ASSERTION]: rimraf: missing path
npm WARN cleanup         at rimraf (/__t/node/16.10.0/x64/lib/node_modules/npm/node_modules/rimraf/rimraf.js:54:3)
npm WARN cleanup         at node:internal/util:363:7
npm WARN cleanup         at new Promise (<anonymous>)
npm WARN cleanup         at rimraf (node:internal/util:349:12)
npm WARN cleanup         at /__t/node/16.10.0/x64/lib/node_modules/npm/node_modules/@npmcli/arborist/lib/arborist/reify.js:507:20
npm WARN cleanup         at Array.map (<anonymous>)
npm WARN cleanup         at Arborist.[rollbackCreateSparseTree] (/__t/node/16.10.0/x64/lib/node_modules/npm/node_modules/@npmcli/arborist/lib/arborist/reify.js:507:8)
npm WARN cleanup         at /__t/node/16.10.0/x64/lib/node_modules/npm/node_modules/@npmcli/arborist/lib/arborist/reify.js:1049:50
npm WARN cleanup         at processTicksAndRejections (node:internal/process/task_queues:96:5)
npm WARN cleanup         at async Arborist.[reifyPackages] (/__t/node/16.10.0/x64/lib/node_modules/npm/node_modules/@npmcli/arborist/lib/arborist/reify.js:229:11) {
npm WARN cleanup       generatedMessage: false,
npm WARN cleanup       code: 'ERR_ASSERTION',
npm WARN cleanup       actual: undefined,
npm WARN cleanup       expected: true,
npm WARN cleanup       operator: '=='
npm WARN cleanup     }
npm WARN cleanup   ]
npm WARN cleanup ]
npm ERR! code 87
npm ERR! path /__w/appoptics-apm-node/appoptics-apm-node/node_modules/oracledb
npm ERR! command failed
npm ERR! command sh -c node package/oracledbinstall.js
npm ERR! oracledb Beginning installation
npm ERR! oracledb Verifying installation
npm ERR! oracledb Binary not found
npm ERR! oracledb Continuing installation
npm ERR! oracledb [31mERR![0m NJS-054: Binary build/Release/oracledb.node was not installed from oracledb-v2.1.2-node-v93-linux-x64.gz
npm ERR! oracledb [31mERR![0m Error: HTTPS request for https://github.com/oracle/node-oracledb/releases/download/v2.1.2/oracledb-v2.1.2-node-v93-linux-x64.gz failed with code 404
npm ERR! oracledb [31mERR![0m If the error is not network or filesystem related, then review 
npm ERR! oracledb [31mERR![0m the Python 2.7 and compiler prerequisites in the installation instructions and
npm ERR! oracledb [31mERR![0m then install from source code with: npm install oracle/node-oracledb.git#v2.1.2
npm ERR! oracledb [31mERR![0m See https://github.com/oracle/node-oracledb/blob/master/INSTALL.md

npm ERR! A complete log of this run can be found in:
npm ERR!     /github/home/.npm/_logs/2021-09-23T17_19_32_043Z-debug.log
npm WARN deprecated oracledb@2.2.0: Update to node-oracledb 5
npm WARN cleanup Failed to remove some directories [
npm WARN cleanup   [
npm WARN cleanup     undefined,
npm WARN cleanup     AssertionError [ERR_ASSERTION]: rimraf: missing path
npm WARN cleanup         at rimraf (/__t/node/16.10.0/x64/lib/node_modules/npm/node_modules/rimraf/rimraf.js:54:3)
npm WARN cleanup         at node:internal/util:363:7
npm WARN cleanup         at new Promise (<anonymous>)
npm WARN cleanup         at rimraf (node:internal/util:349:12)
npm WARN cleanup         at /__t/node/16.10.0/x64/lib/node_modules/npm/node_modules/@npmcli/arborist/lib/arborist/reify.js:507:20
npm WARN cleanup         at Array.map (<anonymous>)
npm WARN cleanup         at Arborist.[rollbackCreateSparseTree] (/__t/node/16.10.0/x64/lib/node_modules/npm/node_modules/@npmcli/arborist/lib/arborist/reify.js:507:8)
npm WARN cleanup         at /__t/node/16.10.0/x64/lib/node_modules/npm/node_modules/@npmcli/arborist/lib/arborist/reify.js:1049:50
npm WARN cleanup         at processTicksAndRejections (node:internal/process/task_queues:96:5)
npm WARN cleanup         at async Arborist.[reifyPackages] (/__t/node/16.10.0/x64/lib/node_modules/npm/node_modules/@npmcli/arborist/lib/arborist/reify.js:229:11) {
npm WARN cleanup       generatedMessage: false,
npm WARN cleanup       code: 'ERR_ASSERTION',
npm WARN cleanup       actual: undefined,
npm WARN cleanup       expected: true,
npm WARN cleanup       operator: '=='
npm WARN cleanup     }
npm WARN cleanup   ]
npm WARN cleanup ]
npm ERR! code 87
npm ERR! path /__w/appoptics-apm-node/appoptics-apm-node/node_modules/oracledb
npm ERR! command failed
npm ERR! command sh -c node package/oracledbinstall.js
npm ERR! oracledb Beginning installation
npm ERR! oracledb Verifying installation
npm ERR! oracledb Continuing installation
npm ERR! oracledb [31mERR![0m NJS-054: Binary build/Release/oracledb.node was not installed.
npm ERR! oracledb [31mERR![0m Pre-built binary packages are not available for this version of Node.js (NODE_MODULE_VERSION="93")
npm ERR! oracledb [31mERR![0m Failed to install binary package oracledb-v2.2.0-node-v93-linux-x64.gz
npm ERR! oracledb [31mERR![0m Error: HTTPS request for https://github.com/oracle/node-oracledb/releases/download/v2.2.0/oracledb-v2.2.0-node-v93-linux-x64.gz failed with code 404
npm ERR! oracledb [31mERR![0m For help see https://oracle.github.io/node-oracledb/INSTALL.html#troubleshooting

npm ERR! A complete log of this run can be found in:
npm ERR!     /github/home/.npm/_logs/2021-09-23T17_19_40_295Z-debug.log
npm WARN deprecated oracledb@2.3.0: Update to node-oracledb 5
npm WARN cleanup Failed to remove some directories [
npm WARN cleanup   [
npm WARN cleanup     undefined,
npm WARN cleanup     AssertionError [ERR_ASSERTION]: rimraf: missing path
npm WARN cleanup         at rimraf (/__t/node/16.10.0/x64/lib/node_modules/npm/node_modules/rimraf/rimraf.js:54:3)
npm WARN cleanup         at node:internal/util:363:7
npm WARN cleanup         at new Promise (<anonymous>)
npm WARN cleanup         at rimraf (node:internal/util:349:12)
npm WARN cleanup         at /__t/node/16.10.0/x64/lib/node_modules/npm/node_modules/@npmcli/arborist/lib/arborist/reify.js:507:20
npm WARN cleanup         at Array.map (<anonymous>)
npm WARN cleanup         at Arborist.[rollbackCreateSparseTree] (/__t/node/16.10.0/x64/lib/node_modules/npm/node_modules/@npmcli/arborist/lib/arborist/reify.js:507:8)
npm WARN cleanup         at /__t/node/16.10.0/x64/lib/node_modules/npm/node_modules/@npmcli/arborist/lib/arborist/reify.js:1049:50
npm WARN cleanup         at processTicksAndRejections (node:internal/process/task_queues:96:5)
npm WARN cleanup         at async Arborist.[reifyPackages] (/__t/node/16.10.0/x64/lib/node_modules/npm/node_modules/@npmcli/arborist/lib/arborist/reify.js:229:11) {
npm WARN cleanup       generatedMessage: false,
npm WARN cleanup       code: 'ERR_ASSERTION',
npm WARN cleanup       actual: undefined,
npm WARN cleanup       expected: true,
npm WARN cleanup       operator: '=='
npm WARN cleanup     }
npm WARN cleanup   ]
npm WARN cleanup ]
npm ERR! code 87
npm ERR! path /__w/appoptics-apm-node/appoptics-apm-node/node_modules/oracledb
npm ERR! command failed
npm ERR! command sh -c node package/oracledbinstall.js
npm ERR! oracledb Beginning installation
npm ERR! oracledb Verifying installation
npm ERR! oracledb Continuing installation
npm ERR! oracledb [31mERR![0m NJS-054: Binary build/Release/oracledb.node was not installed.
npm ERR! oracledb [31mERR![0m Pre-built binary packages are not available for this version of Node.js (NODE_MODULE_VERSION="93")
npm ERR! oracledb [31mERR![0m Failed to install binary package oracledb-v2.3.0-node-v93-linux-x64.gz
npm ERR! oracledb [31mERR![0m Error: HTTPS request for https://github.com/oracle/node-oracledb/releases/download/v2.3.0/oracledb-v2.3.0-node-v93-linux-x64.gz failed with code 404
npm ERR! oracledb [31mERR![0m For help see https://oracle.github.io/node-oracledb/INSTALL.html#troubleshooting

npm ERR! A complete log of this run can be found in:
npm ERR!     /github/home/.npm/_logs/2021-09-23T17_19_48_330Z-debug.log
npm WARN deprecated oracledb@3.0.0: Update to node-oracledb 5
npm WARN cleanup Failed to remove some directories [
npm WARN cleanup   [
npm WARN cleanup     undefined,
npm WARN cleanup     AssertionError [ERR_ASSERTION]: rimraf: missing path
npm WARN cleanup         at rimraf (/__t/node/16.10.0/x64/lib/node_modules/npm/node_modules/rimraf/rimraf.js:54:3)
npm WARN cleanup         at node:internal/util:363:7
npm WARN cleanup         at new Promise (<anonymous>)
npm WARN cleanup         at rimraf (node:internal/util:349:12)
npm WARN cleanup         at /__t/node/16.10.0/x64/lib/node_modules/npm/node_modules/@npmcli/arborist/lib/arborist/reify.js:507:20
npm WARN cleanup         at Array.map (<anonymous>)
npm WARN cleanup         at Arborist.[rollbackCreateSparseTree] (/__t/node/16.10.0/x64/lib/node_modules/npm/node_modules/@npmcli/arborist/lib/arborist/reify.js:507:8)
npm WARN cleanup         at /__t/node/16.10.0/x64/lib/node_modules/npm/node_modules/@npmcli/arborist/lib/arborist/reify.js:1049:50
npm WARN cleanup         at processTicksAndRejections (node:internal/process/task_queues:96:5)
npm WARN cleanup         at async Arborist.[reifyPackages] (/__t/node/16.10.0/x64/lib/node_modules/npm/node_modules/@npmcli/arborist/lib/arborist/reify.js:229:11) {
npm WARN cleanup       generatedMessage: false,
npm WARN cleanup       code: 'ERR_ASSERTION',
npm WARN cleanup       actual: undefined,
npm WARN cleanup       expected: true,
npm WARN cleanup       operator: '=='
npm WARN cleanup     }
npm WARN cleanup   ]
npm WARN cleanup ]
npm ERR! code 87
npm ERR! path /__w/appoptics-apm-node/appoptics-apm-node/node_modules/oracledb
npm ERR! command failed
npm ERR! command sh -c node package/oracledbinstall.js
npm ERR! oracledb Beginning installation
npm ERR! oracledb Verifying installation
npm ERR! oracledb Continuing installation
npm ERR! oracledb [31mERR![0m NJS-054: Binary build/Release/oracledb.node was not installed.
npm ERR! oracledb [31mERR![0m Pre-built binary packages are not available for this version of Node.js (NODE_MODULE_VERSION="93")
npm ERR! oracledb [31mERR![0m Failed to install binary package oracledb-v3.0.0-node-abi93-linux-x64.gz
npm ERR! oracledb [31mERR![0m Error: HTTPS request for https://github.com/oracle/node-oracledb/releases/download/v3.0.0/oracledb-v3.0.0-node-abi93-linux-x64.gz failed with code 404
npm ERR! oracledb [31mERR![0m For help see https://oracle.github.io/node-oracledb/INSTALL.html#troubleshooting

npm ERR! A complete log of this run can be found in:
npm ERR!     /github/home/.npm/_logs/2021-09-23T17_19_58_070Z-debug.log
npm WARN deprecated oracledb@3.0.1: Update to node-oracledb 5
npm WARN cleanup Failed to remove some directories [
npm WARN cleanup   [
npm WARN cleanup     undefined,
npm WARN cleanup     AssertionError [ERR_ASSERTION]: rimraf: missing path
npm WARN cleanup         at rimraf (/__t/node/16.10.0/x64/lib/node_modules/npm/node_modules/rimraf/rimraf.js:54:3)
npm WARN cleanup         at node:internal/util:363:7
npm WARN cleanup         at new Promise (<anonymous>)
npm WARN cleanup         at rimraf (node:internal/util:349:12)
npm WARN cleanup         at /__t/node/16.10.0/x64/lib/node_modules/npm/node_modules/@npmcli/arborist/lib/arborist/reify.js:507:20
npm WARN cleanup         at Array.map (<anonymous>)
npm WARN cleanup         at Arborist.[rollbackCreateSparseTree] (/__t/node/16.10.0/x64/lib/node_modules/npm/node_modules/@npmcli/arborist/lib/arborist/reify.js:507:8)
npm WARN cleanup         at /__t/node/16.10.0/x64/lib/node_modules/npm/node_modules/@npmcli/arborist/lib/arborist/reify.js:1049:50
npm WARN cleanup         at processTicksAndRejections (node:internal/process/task_queues:96:5)
npm WARN cleanup         at async Arborist.[reifyPackages] (/__t/node/16.10.0/x64/lib/node_modules/npm/node_modules/@npmcli/arborist/lib/arborist/reify.js:229:11) {
npm WARN cleanup       generatedMessage: false,
npm WARN cleanup       code: 'ERR_ASSERTION',
npm WARN cleanup       actual: undefined,
npm WARN cleanup       expected: true,
npm WARN cleanup       operator: '=='
npm WARN cleanup     }
npm WARN cleanup   ]
npm WARN cleanup ]
npm ERR! code 87
npm ERR! path /__w/appoptics-apm-node/appoptics-apm-node/node_modules/oracledb
npm ERR! command failed
npm ERR! command sh -c node package/oracledbinstall.js
npm ERR! oracledb Beginning installation
npm ERR! oracledb [31mERR![0m NJS-054: Binary build/Release/oracledb.node was not installed.
npm ERR! oracledb [31mERR![0m Pre-built binary packages are not available for Node.js v16.10.0 (NODE_MODULE_VERSION="93")
npm ERR! oracledb [31mERR![0m Failed to install binary package oracledb-v3.0.1-node-abi93-linux-x64.gz
npm ERR! oracledb [31mERR![0m Error: HTTPS request for https://github.com/oracle/node-oracledb/releases/download/v3.0.1/oracledb-v3.0.1-node-abi93-linux-x64.gz failed with code 404
npm ERR! oracledb [31mERR![0m For help see https://oracle.github.io/node-oracledb/INSTALL.html#troubleshooting

npm ERR! A complete log of this run can be found in:
npm ERR!     /github/home/.npm/_logs/2021-09-23T17_20_07_716Z-debug.log
npm WARN deprecated oracledb@3.1.0: Update to node-oracledb 5
npm WARN cleanup Failed to remove some directories [
npm WARN cleanup   [
npm WARN cleanup     undefined,
npm WARN cleanup     AssertionError [ERR_ASSERTION]: rimraf: missing path
npm WARN cleanup         at rimraf (/__t/node/16.10.0/x64/lib/node_modules/npm/node_modules/rimraf/rimraf.js:54:3)
npm WARN cleanup         at node:internal/util:363:7
npm WARN cleanup         at new Promise (<anonymous>)
npm WARN cleanup         at rimraf (node:internal/util:349:12)
npm WARN cleanup         at /__t/node/16.10.0/x64/lib/node_modules/npm/node_modules/@npmcli/arborist/lib/arborist/reify.js:507:20
npm WARN cleanup         at Array.map (<anonymous>)
npm WARN cleanup         at Arborist.[rollbackCreateSparseTree] (/__t/node/16.10.0/x64/lib/node_modules/npm/node_modules/@npmcli/arborist/lib/arborist/reify.js:507:8)
npm WARN cleanup         at /__t/node/16.10.0/x64/lib/node_modules/npm/node_modules/@npmcli/arborist/lib/arborist/reify.js:1049:50
npm WARN cleanup         at processTicksAndRejections (node:internal/process/task_queues:96:5)
npm WARN cleanup         at async Arborist.[reifyPackages] (/__t/node/16.10.0/x64/lib/node_modules/npm/node_modules/@npmcli/arborist/lib/arborist/reify.js:229:11) {
npm WARN cleanup       generatedMessage: false,
npm WARN cleanup       code: 'ERR_ASSERTION',
npm WARN cleanup       actual: undefined,
npm WARN cleanup       expected: true,
npm WARN cleanup       operator: '=='
npm WARN cleanup     }
npm WARN cleanup   ]
npm WARN cleanup ]
npm ERR! code 87
npm ERR! path /__w/appoptics-apm-node/appoptics-apm-node/node_modules/oracledb
npm ERR! command failed
npm ERR! command sh -c node package/install.js
npm ERR! oracledb [31mERR![0m NJS-067: a pre-built node-oracledb binary was not found for Node.js v16.10.0 (NODE_MODULE_VERSION=93) on linux x64
npm ERR! oracledb [31mERR![0m Try compiling node-oracledb source code using https://oracle.github.io/node-oracledb/INSTALL.html#github

npm ERR! A complete log of this run can be found in:
npm ERR!     /github/home/.npm/_logs/2021-09-23T17_20_16_684Z-debug.log
npm WARN deprecated oracledb@3.1.1: Update to node-oracledb 5
npm WARN cleanup Failed to remove some directories [
npm WARN cleanup   [
npm WARN cleanup     undefined,
npm WARN cleanup     AssertionError [ERR_ASSERTION]: rimraf: missing path
npm WARN cleanup         at rimraf (/__t/node/16.10.0/x64/lib/node_modules/npm/node_modules/rimraf/rimraf.js:54:3)
npm WARN cleanup         at node:internal/util:363:7
npm WARN cleanup         at new Promise (<anonymous>)
npm WARN cleanup         at rimraf (node:internal/util:349:12)
npm WARN cleanup         at /__t/node/16.10.0/x64/lib/node_modules/npm/node_modules/@npmcli/arborist/lib/arborist/reify.js:507:20
npm WARN cleanup         at Array.map (<anonymous>)
npm WARN cleanup         at Arborist.[rollbackCreateSparseTree] (/__t/node/16.10.0/x64/lib/node_modules/npm/node_modules/@npmcli/arborist/lib/arborist/reify.js:507:8)
npm WARN cleanup         at /__t/node/16.10.0/x64/lib/node_modules/npm/node_modules/@npmcli/arborist/lib/arborist/reify.js:1049:50
npm WARN cleanup         at processTicksAndRejections (node:internal/process/task_queues:96:5)
npm WARN cleanup         at async Arborist.[reifyPackages] (/__t/node/16.10.0/x64/lib/node_modules/npm/node_modules/@npmcli/arborist/lib/arborist/reify.js:229:11) {
npm WARN cleanup       generatedMessage: false,
npm WARN cleanup       code: 'ERR_ASSERTION',
npm WARN cleanup       actual: undefined,
npm WARN cleanup       expected: true,
npm WARN cleanup       operator: '=='
npm WARN cleanup     }
npm WARN cleanup   ]
npm WARN cleanup ]
npm ERR! code 87
npm ERR! path /__w/appoptics-apm-node/appoptics-apm-node/node_modules/oracledb
npm ERR! command failed
npm ERR! command sh -c node package/install.js
npm ERR! oracledb [31mERR![0m NJS-067: a pre-built node-oracledb binary was not found for Node.js v16.10.0 (NODE_MODULE_VERSION=93) on linux x64
npm ERR! oracledb [31mERR![0m Try compiling node-oracledb source code using https://oracle.github.io/node-oracledb/INSTALL.html#github

npm ERR! A complete log of this run can be found in:
npm ERR!     /github/home/.npm/_logs/2021-09-23T17_20_24_205Z-debug.log
npm WARN deprecated oracledb@3.1.2: Update to node-oracledb 5
npm WARN cleanup Failed to remove some directories [
npm WARN cleanup   [
npm WARN cleanup     undefined,
npm WARN cleanup     AssertionError [ERR_ASSERTION]: rimraf: missing path
npm WARN cleanup         at rimraf (/__t/node/16.10.0/x64/lib/node_modules/npm/node_modules/rimraf/rimraf.js:54:3)
npm WARN cleanup         at node:internal/util:363:7
npm WARN cleanup         at new Promise (<anonymous>)
npm WARN cleanup         at rimraf (node:internal/util:349:12)
npm WARN cleanup         at /__t/node/16.10.0/x64/lib/node_modules/npm/node_modules/@npmcli/arborist/lib/arborist/reify.js:507:20
npm WARN cleanup         at Array.map (<anonymous>)
npm WARN cleanup         at Arborist.[rollbackCreateSparseTree] (/__t/node/16.10.0/x64/lib/node_modules/npm/node_modules/@npmcli/arborist/lib/arborist/reify.js:507:8)
npm WARN cleanup         at /__t/node/16.10.0/x64/lib/node_modules/npm/node_modules/@npmcli/arborist/lib/arborist/reify.js:1049:50
npm WARN cleanup         at processTicksAndRejections (node:internal/process/task_queues:96:5)
npm WARN cleanup         at async Arborist.[reifyPackages] (/__t/node/16.10.0/x64/lib/node_modules/npm/node_modules/@npmcli/arborist/lib/arborist/reify.js:229:11) {
npm WARN cleanup       generatedMessage: false,
npm WARN cleanup       code: 'ERR_ASSERTION',
npm WARN cleanup       actual: undefined,
npm WARN cleanup       expected: true,
npm WARN cleanup       operator: '=='
npm WARN cleanup     }
npm WARN cleanup   ]
npm WARN cleanup ]
npm ERR! code 87
npm ERR! path /__w/appoptics-apm-node/appoptics-apm-node/node_modules/oracledb
npm ERR! command failed
npm ERR! command sh -c node package/install.js
npm ERR! oracledb [31mERR![0m NJS-067: a pre-built node-oracledb binary was not found for Node.js v16.10.0 (NODE_MODULE_VERSION=93) on linux x64
npm ERR! oracledb [31mERR![0m Try compiling node-oracledb source code using https://oracle.github.io/node-oracledb/INSTALL.html#github

npm ERR! A complete log of this run can be found in:
npm ERR!     /github/home/.npm/_logs/2021-09-23T17_20_33_028Z-debug.log

changed 136 packages, and audited 1102 packages in 9s

72 packages are looking for funding
  run `npm fund` for details

18 vulnerabilities (6 low, 6 moderate, 5 high, 1 critical)

To address issues that do not require attention, run:
  npm audit fix

To address all issues possible (including breaking changes), run:
  npm audit fix --force

Some issues need review, and may require choosing
a different dependency.

Run `npm audit` for details.
2021-09-23T17:20:42.040Z appoptics:debug read config from /__w/appoptics-apm-node/appoptics-apm-node/appoptics-apm-config
2021-09-23T17:20:42.040Z appoptics:debug guc ignoring APPOPTICS_LOG_SETTINGS
2021-09-23T17:20:42.040Z appoptics:debug serviceKey dIOz...wWK0:ao-node-test
2021-09-23T17:20:42.041Z appoptics:debug using context provider: ace-context
2021-09-23T17:20:42.111Z appoptics:debug apm 10.1.0, bindings 11.1.0, oboe 10.1.1
2021-09-23T17:20:42.162Z appoptics:patching patched crypto 
2021-09-23T17:20:42.191Z appoptics:patching patched https 
2021-09-23T17:20:42.192Z appoptics:patching patched http 
2021-09-23T17:20:42.227Z appoptics:patching patched oracledb 4.0.0
2021-09-23T17:20:42.230Z appoptics:debug starting runtimeMetrics


  probes.oracledb 4.0.0
    âœ“ UDP might lose a message
2021-09-23T17:20:42.382Z appoptics:debug asking helper to execute test_basic
2021-09-23T17:20:42.382Z appoptics:debug test_basic being executed
2021-09-23T17:20:42.382Z appoptics:debug oracledb wrapping getConnection
2021-09-23T17:20:42.460Z appoptics:debug done with test_basic oracledb.getConnection
2021-09-23T17:20:42.566Z appoptics:debug test_basic query callback invoked
    âœ“ should trace execute calls (194ms)
2021-09-23T17:20:42.579Z appoptics:debug ORACLEDB wrapping createPool
2021-09-23T17:20:42.583Z appoptics:debug oracledb wrapping getConnection
2021-09-23T17:20:42.621Z appoptics:debug connection.execute() seems to be patched
2021-09-23T17:20:42.622Z appoptics:debug connection.commit() seems to be patched
2021-09-23T17:20:42.622Z appoptics:debug connection.rollback() seems to be patched
2021-09-23T17:20:42.622Z appoptics:debug connection.break() seems to be patched
2021-09-23T17:20:42.622Z appoptics:debug connection.release seems to be patched
    âœ“ should trace execute calls in pool (47ms)
2021-09-23T17:20:42.626Z appoptics:debug oracledb wrapping getConnection
2021-09-23T17:20:42.669Z appoptics:debug connection.execute() seems to be patched
2021-09-23T17:20:42.669Z appoptics:debug connection.commit() seems to be patched
2021-09-23T17:20:42.670Z appoptics:debug connection.rollback() seems to be patched
2021-09-23T17:20:42.670Z appoptics:debug connection.break() seems to be patched
2021-09-23T17:20:42.670Z appoptics:debug connection.release seems to be patched
    âœ“ should include correct isAutoCommit value (50ms)


  4 passing (313ms)


changed 1 package, and audited 1102 packages in 6s

72 packages are looking for funding
  run `npm fund` for details

18 vulnerabilities (6 low, 6 moderate, 5 high, 1 critical)

To address issues that do not require attention, run:
  npm audit fix

To address all issues possible (including breaking changes), run:
  npm audit fix --force

Some issues need review, and may require choosing
a different dependency.

Run `npm audit` for details.
2021-09-23T17:20:49.495Z appoptics:debug read config from /__w/appoptics-apm-node/appoptics-apm-node/appoptics-apm-config
2021-09-23T17:20:49.495Z appoptics:debug guc ignoring APPOPTICS_LOG_SETTINGS
2021-09-23T17:20:49.495Z appoptics:debug serviceKey dIOz...wWK0:ao-node-test
2021-09-23T17:20:49.496Z appoptics:debug using context provider: ace-context
2021-09-23T17:20:49.565Z appoptics:debug apm 10.1.0, bindings 11.1.0, oboe 10.1.1
2021-09-23T17:20:49.614Z appoptics:patching patched crypto 
2021-09-23T17:20:49.639Z appoptics:patching patched https 
2021-09-23T17:20:49.639Z appoptics:patching patched http 
2021-09-23T17:20:49.673Z appoptics:patching patched oracledb 4.0.1
2021-09-23T17:20:49.677Z appoptics:debug starting runtimeMetrics


  probes.oracledb 4.0.1
    âœ“ UDP might lose a message
2021-09-23T17:20:49.840Z appoptics:debug asking helper to execute test_basic
2021-09-23T17:20:49.841Z appoptics:debug test_basic being executed
2021-09-23T17:20:49.841Z appoptics:debug oracledb wrapping getConnection
2021-09-23T17:20:49.850Z appoptics:debug done with test_basic oracledb.getConnection
2021-09-23T17:20:49.907Z appoptics:debug test_basic query callback invoked
    âœ“ should trace execute calls (78ms)
2021-09-23T17:20:49.921Z appoptics:debug ORACLEDB wrapping createPool
2021-09-23T17:20:49.924Z appoptics:debug oracledb wrapping getConnection
2021-09-23T17:20:49.967Z appoptics:debug connection.execute() seems to be patched
2021-09-23T17:20:49.967Z appoptics:debug connection.commit() seems to be patched
2021-09-23T17:20:49.967Z appoptics:debug connection.rollback() seems to be patched
2021-09-23T17:20:49.967Z appoptics:debug connection.break() seems to be patched
2021-09-23T17:20:49.967Z appoptics:debug connection.release seems to be patched
    âœ“ should trace execute calls in pool (49ms)
2021-09-23T17:20:49.971Z appoptics:debug oracledb wrapping getConnection
2021-09-23T17:20:50.034Z appoptics:debug connection.execute() seems to be patched
2021-09-23T17:20:50.035Z appoptics:debug connection.commit() seems to be patched
2021-09-23T17:20:50.035Z appoptics:debug connection.rollback() seems to be patched
2021-09-23T17:20:50.035Z appoptics:debug connection.break() seems to be patched
2021-09-23T17:20:50.035Z appoptics:debug connection.release seems to be patched
    âœ“ should include correct isAutoCommit value (70ms)


  4 passing (224ms)


changed 1 package, and audited 1102 packages in 7s

72 packages are looking for funding
  run `npm fund` for details

18 vulnerabilities (6 low, 6 moderate, 5 high, 1 critical)

To address issues that do not require attention, run:
  npm audit fix

To address all issues possible (including breaking changes), run:
  npm audit fix --force

Some issues need review, and may require choosing
a different dependency.

Run `npm audit` for details.
2021-09-23T17:20:57.723Z appoptics:debug read config from /__w/appoptics-apm-node/appoptics-apm-node/appoptics-apm-config
2021-09-23T17:20:57.724Z appoptics:debug guc ignoring APPOPTICS_LOG_SETTINGS
2021-09-23T17:20:57.724Z appoptics:debug serviceKey dIOz...wWK0:ao-node-test
2021-09-23T17:20:57.725Z appoptics:debug using context provider: ace-context
2021-09-23T17:20:57.794Z appoptics:debug apm 10.1.0, bindings 11.1.0, oboe 10.1.1
2021-09-23T17:20:57.842Z appoptics:patching patched crypto 
2021-09-23T17:20:57.866Z appoptics:patching patched https 
2021-09-23T17:20:57.866Z appoptics:patching patched http 
2021-09-23T17:20:57.899Z appoptics:patching patched oracledb 4.1.0
2021-09-23T17:20:57.903Z appoptics:debug starting runtimeMetrics


  probes.oracledb 4.1.0
    âœ“ UDP might lose a message
2021-09-23T17:20:58.051Z appoptics:debug asking helper to execute test_basic
2021-09-23T17:20:58.052Z appoptics:debug test_basic being executed
2021-09-23T17:20:58.052Z appoptics:debug oracledb wrapping getConnection
2021-09-23T17:20:58.061Z appoptics:debug done with test_basic oracledb.getConnection
2021-09-23T17:20:58.101Z appoptics:debug test_basic query callback invoked
    âœ“ should trace execute calls (55ms)
2021-09-23T17:20:58.108Z appoptics:debug ORACLEDB wrapping createPool
2021-09-23T17:20:58.111Z appoptics:debug oracledb wrapping getConnection
2021-09-23T17:20:58.147Z appoptics:debug connection.execute() seems to be patched
2021-09-23T17:20:58.147Z appoptics:debug connection.commit() seems to be patched
2021-09-23T17:20:58.147Z appoptics:debug connection.rollback() seems to be patched
2021-09-23T17:20:58.147Z appoptics:debug connection.break() seems to be patched
2021-09-23T17:20:58.147Z appoptics:debug connection.release seems to be patched
    âœ“ should trace execute calls in pool (41ms)
2021-09-23T17:20:58.150Z appoptics:debug oracledb wrapping getConnection
2021-09-23T17:20:58.187Z appoptics:debug connection.execute() seems to be patched
2021-09-23T17:20:58.187Z appoptics:debug connection.commit() seems to be patched
2021-09-23T17:20:58.187Z appoptics:debug connection.rollback() seems to be patched
2021-09-23T17:20:58.187Z appoptics:debug connection.break() seems to be patched
2021-09-23T17:20:58.187Z appoptics:debug connection.release seems to be patched
    âœ“ should include correct isAutoCommit value (42ms)


  4 passing (161ms)


changed 1 package, and audited 1102 packages in 7s

72 packages are looking for funding
  run `npm fund` for details

18 vulnerabilities (6 low, 6 moderate, 5 high, 1 critical)

To address issues that do not require attention, run:
  npm audit fix

To address all issues possible (including breaking changes), run:
  npm audit fix --force

Some issues need review, and may require choosing
a different dependency.

Run `npm audit` for details.
2021-09-23T17:21:05.274Z appoptics:debug read config from /__w/appoptics-apm-node/appoptics-apm-node/appoptics-apm-config
2021-09-23T17:21:05.275Z appoptics:debug guc ignoring APPOPTICS_LOG_SETTINGS
2021-09-23T17:21:05.275Z appoptics:debug serviceKey dIOz...wWK0:ao-node-test
2021-09-23T17:21:05.276Z appoptics:debug using context provider: ace-context
2021-09-23T17:21:05.378Z appoptics:debug apm 10.1.0, bindings 11.1.0, oboe 10.1.1
2021-09-23T17:21:05.462Z appoptics:patching patched crypto 
2021-09-23T17:21:05.506Z appoptics:patching patched https 
2021-09-23T17:21:05.507Z appoptics:patching patched http 
2021-09-23T17:21:05.569Z appoptics:patching patched oracledb 4.2.0
2021-09-23T17:21:05.574Z appoptics:debug starting runtimeMetrics


  probes.oracledb 4.2.0
    âœ“ UDP might lose a message
2021-09-23T17:21:05.809Z appoptics:debug asking helper to execute test_basic
2021-09-23T17:21:05.809Z appoptics:debug test_basic being executed
2021-09-23T17:21:05.809Z appoptics:debug oracledb wrapping getConnection
2021-09-23T17:21:05.833Z appoptics:debug done with test_basic oracledb.getConnection
2021-09-23T17:21:05.891Z appoptics:debug test_basic query callback invoked
    âœ“ should trace execute calls (89ms)
2021-09-23T17:21:05.902Z appoptics:debug ORACLEDB wrapping createPool
2021-09-23T17:21:05.906Z appoptics:debug oracledb wrapping getConnection
2021-09-23T17:21:05.971Z appoptics:debug connection.execute() seems to be patched
2021-09-23T17:21:05.971Z appoptics:debug connection.commit() seems to be patched
2021-09-23T17:21:05.971Z appoptics:debug connection.rollback() seems to be patched
2021-09-23T17:21:05.971Z appoptics:debug connection.break() seems to be patched
2021-09-23T17:21:05.971Z appoptics:debug connection.release seems to be patched
    âœ“ should trace execute calls in pool (84ms)
2021-09-23T17:21:05.986Z appoptics:debug oracledb wrapping getConnection
2021-09-23T17:21:06.044Z appoptics:debug connection.execute() seems to be patched
2021-09-23T17:21:06.044Z appoptics:debug connection.commit() seems to be patched
2021-09-23T17:21:06.044Z appoptics:debug connection.rollback() seems to be patched
2021-09-23T17:21:06.044Z appoptics:debug connection.break() seems to be patched
2021-09-23T17:21:06.044Z appoptics:debug connection.release seems to be patched
    âœ“ should include correct isAutoCommit value (65ms)


  4 passing (268ms)


changed 1 package, and audited 1102 packages in 7s

72 packages are looking for funding
  run `npm fund` for details

18 vulnerabilities (6 low, 6 moderate, 5 high, 1 critical)

To address issues that do not require attention, run:
  npm audit fix

To address all issues possible (including breaking changes), run:
  npm audit fix --force

Some issues need review, and may require choosing
a different dependency.

Run `npm audit` for details.
2021-09-23T17:21:13.183Z appoptics:debug read config from /__w/appoptics-apm-node/appoptics-apm-node/appoptics-apm-config
2021-09-23T17:21:13.183Z appoptics:debug guc ignoring APPOPTICS_LOG_SETTINGS
2021-09-23T17:21:13.183Z appoptics:debug serviceKey dIOz...wWK0:ao-node-test
2021-09-23T17:21:13.184Z appoptics:debug using context provider: ace-context
2021-09-23T17:21:13.252Z appoptics:debug apm 10.1.0, bindings 11.1.0, oboe 10.1.1
2021-09-23T17:21:13.301Z appoptics:patching patched crypto 
2021-09-23T17:21:13.326Z appoptics:patching patched https 
2021-09-23T17:21:13.326Z appoptics:patching patched http 
2021-09-23T17:21:13.360Z appoptics:patching patched oracledb 5.0.0
2021-09-23T17:21:13.370Z appoptics:debug starting runtimeMetrics


  probes.oracledb 5.0.0
    âœ“ UDP might lose a message
2021-09-23T17:21:13.582Z appoptics:debug asking helper to execute test_basic
2021-09-23T17:21:13.583Z appoptics:debug test_basic being executed
2021-09-23T17:21:13.583Z appoptics:debug oracledb wrapping getConnection
2021-09-23T17:21:13.592Z appoptics:debug done with test_basic oracledb.getConnection
2021-09-23T17:21:13.633Z appoptics:debug test_basic query callback invoked
    âœ“ should trace execute calls (56ms)
2021-09-23T17:21:13.640Z appoptics:debug ORACLEDB wrapping createPool
2021-09-23T17:21:13.643Z appoptics:debug oracledb wrapping getConnection
2021-09-23T17:21:13.680Z appoptics:debug connection.execute() seems to be patched
2021-09-23T17:21:13.680Z appoptics:debug connection.commit() seems to be patched
2021-09-23T17:21:13.680Z appoptics:debug connection.rollback() seems to be patched
2021-09-23T17:21:13.680Z appoptics:debug connection.break() seems to be patched
2021-09-23T17:21:13.680Z appoptics:debug connection.release seems to be patched
    âœ“ should trace execute calls in pool (42ms)
2021-09-23T17:21:13.683Z appoptics:debug oracledb wrapping getConnection
2021-09-23T17:21:13.719Z appoptics:debug connection.execute() seems to be patched
2021-09-23T17:21:13.719Z appoptics:debug connection.commit() seems to be patched
2021-09-23T17:21:13.719Z appoptics:debug connection.rollback() seems to be patched
2021-09-23T17:21:13.720Z appoptics:debug connection.break() seems to be patched
2021-09-23T17:21:13.720Z appoptics:debug connection.release seems to be patched
    âœ“ should include correct isAutoCommit value (43ms)


  4 passing (174ms)


changed 1 package, and audited 1102 packages in 7s

72 packages are looking for funding
  run `npm fund` for details

18 vulnerabilities (6 low, 6 moderate, 5 high, 1 critical)

To address issues that do not require attention, run:
  npm audit fix

To address all issues possible (including breaking changes), run:
  npm audit fix --force

Some issues need review, and may require choosing
a different dependency.

Run `npm audit` for details.
2021-09-23T17:21:21.122Z appoptics:debug read config from /__w/appoptics-apm-node/appoptics-apm-node/appoptics-apm-config
2021-09-23T17:21:21.123Z appoptics:debug guc ignoring APPOPTICS_LOG_SETTINGS
2021-09-23T17:21:21.123Z appoptics:debug serviceKey dIOz...wWK0:ao-node-test
2021-09-23T17:21:21.124Z appoptics:debug using context provider: ace-context
2021-09-23T17:21:21.194Z appoptics:debug apm 10.1.0, bindings 11.1.0, oboe 10.1.1
2021-09-23T17:21:21.244Z appoptics:patching patched crypto 
2021-09-23T17:21:21.268Z appoptics:patching patched https 
2021-09-23T17:21:21.269Z appoptics:patching patched http 
2021-09-23T17:21:21.308Z appoptics:patching patched oracledb 5.1.0
2021-09-23T17:21:21.314Z appoptics:debug starting runtimeMetrics


  probes.oracledb 5.1.0
    âœ“ UDP might lose a message
2021-09-23T17:21:21.460Z appoptics:debug asking helper to execute test_basic
2021-09-23T17:21:21.460Z appoptics:debug test_basic being executed
2021-09-23T17:21:21.460Z appoptics:debug oracledb wrapping getConnection
2021-09-23T17:21:21.471Z appoptics:debug done with test_basic oracledb.getConnection
2021-09-23T17:21:21.513Z appoptics:debug test_basic query callback invoked
    âœ“ should trace execute calls (57ms)
2021-09-23T17:21:21.520Z appoptics:debug ORACLEDB wrapping createPool
2021-09-23T17:21:21.522Z appoptics:debug oracledb wrapping getConnection
2021-09-23T17:21:21.559Z appoptics:debug connection.execute() seems to be patched
2021-09-23T17:21:21.559Z appoptics:debug connection.commit() seems to be patched
2021-09-23T17:21:21.559Z appoptics:debug connection.rollback() seems to be patched
2021-09-23T17:21:21.559Z appoptics:debug connection.break() seems to be patched
2021-09-23T17:21:21.559Z appoptics:debug connection.release seems to be patched
    âœ“ should trace execute calls in pool (41ms)
2021-09-23T17:21:21.562Z appoptics:debug oracledb wrapping getConnection
2021-09-23T17:21:21.599Z appoptics:debug connection.execute() seems to be patched
2021-09-23T17:21:21.600Z appoptics:debug connection.commit() seems to be patched
2021-09-23T17:21:21.600Z appoptics:debug connection.rollback() seems to be patched
2021-09-23T17:21:21.600Z appoptics:debug connection.break() seems to be patched
2021-09-23T17:21:21.600Z appoptics:debug connection.release seems to be patched
    âœ“ should include correct isAutoCommit value (43ms)


  4 passing (163ms)


changed 1 package, and audited 1102 packages in 7s

72 packages are looking for funding
  run `npm fund` for details

18 vulnerabilities (6 low, 6 moderate, 5 high, 1 critical)

To address issues that do not require attention, run:
  npm audit fix

To address all issues possible (including breaking changes), run:
  npm audit fix --force

Some issues need review, and may require choosing
a different dependency.

Run `npm audit` for details.
2021-09-23T17:21:28.738Z appoptics:debug read config from /__w/appoptics-apm-node/appoptics-apm-node/appoptics-apm-config
2021-09-23T17:21:28.738Z appoptics:debug guc ignoring APPOPTICS_LOG_SETTINGS
2021-09-23T17:21:28.738Z appoptics:debug serviceKey dIOz...wWK0:ao-node-test
2021-09-23T17:21:28.739Z appoptics:debug using context provider: ace-context
2021-09-23T17:21:28.808Z appoptics:debug apm 10.1.0, bindings 11.1.0, oboe 10.1.1
2021-09-23T17:21:28.857Z appoptics:patching patched crypto 
2021-09-23T17:21:28.881Z appoptics:patching patched https 
2021-09-23T17:21:28.882Z appoptics:patching patched http 
2021-09-23T17:21:28.919Z appoptics:patching patched oracledb 5.2.0
2021-09-23T17:21:28.925Z appoptics:debug starting runtimeMetrics


  probes.oracledb 5.2.0
    âœ“ UDP might lose a message
2021-09-23T17:21:29.071Z appoptics:debug asking helper to execute test_basic
2021-09-23T17:21:29.072Z appoptics:debug test_basic being executed
2021-09-23T17:21:29.072Z appoptics:debug oracledb wrapping getConnection
2021-09-23T17:21:29.081Z appoptics:debug done with test_basic oracledb.getConnection
2021-09-23T17:21:29.123Z appoptics:debug test_basic query callback invoked
    âœ“ should trace execute calls (58ms)
2021-09-23T17:21:29.131Z appoptics:debug ORACLEDB wrapping createPool
2021-09-23T17:21:29.134Z appoptics:debug oracledb wrapping getConnection
2021-09-23T17:21:29.171Z appoptics:debug connection.execute() seems to be patched
2021-09-23T17:21:29.171Z appoptics:debug connection.commit() seems to be patched
2021-09-23T17:21:29.171Z appoptics:debug connection.rollback() seems to be patched
2021-09-23T17:21:29.171Z appoptics:debug connection.break() seems to be patched
2021-09-23T17:21:29.172Z appoptics:debug connection.release seems to be patched
    âœ“ should trace execute calls in pool (43ms)
2021-09-23T17:21:29.175Z appoptics:debug oracledb wrapping getConnection
2021-09-23T17:21:29.216Z appoptics:debug connection.execute() seems to be patched
2021-09-23T17:21:29.216Z appoptics:debug connection.commit() seems to be patched
2021-09-23T17:21:29.216Z appoptics:debug connection.rollback() seems to be patched
2021-09-23T17:21:29.216Z appoptics:debug connection.break() seems to be patched
2021-09-23T17:21:29.216Z appoptics:debug connection.release seems to be patched
    âœ“ should include correct isAutoCommit value (48ms)


  4 passing (170ms)


up to date, audited 1102 packages in 7s

72 packages are looking for funding
  run `npm fund` for details

18 vulnerabilities (6 low, 6 moderate, 5 high, 1 critical)

To address issues that do not require attention, run:
  npm audit fix

To address all issues possible (including breaking changes), run:
  npm audit fix --force

Some issues need review, and may require choosing
a different dependency.

Run `npm audit` for details.
