npm WARN old lockfile 
npm WARN old lockfile The package-lock.json file was created with an old version of npm,
npm WARN old lockfile so supplemental metadata must be fetched from the registry.
npm WARN old lockfile 
npm WARN old lockfile This is a one-time fix-up, please be patient...
npm WARN old lockfile 
npm WARN deprecated oracledb@2.0.14: Update to node-oracledb 5
npm ERR! code 87
npm ERR! path /__w/appoptics-apm-node/appoptics-apm-node/node_modules/oracledb
npm ERR! command failed
npm ERR! command sh -c node package/oracledbinstall.js
npm ERR! oracledb Beginning installation
npm ERR! oracledb Verifying installation
npm ERR! oracledb Binary not found
npm ERR! oracledb Continuing installation
npm ERR! oracledb [31mERR![0m NJS-054: Binary build/Release/oracledb.node was not installed from oracledb-v2.0.14-node-v93-linux-x64.gz
npm ERR! oracledb [31mERR![0m Error: HTTPS request for https://github.com/oracle/node-oracledb/releases/download/v2.0.14/oracledb-v2.0.14-node-v93-linux-x64.gz failed with code 404
npm ERR! oracledb [31mERR![0m If the error is not network or filesystem related, then review 
npm ERR! oracledb [31mERR![0m the Python 2.7 and compiler prerequisites in the installation instructions and
npm ERR! oracledb [31mERR![0m then install from source code with: npm install oracle/node-oracledb.git#v2.0.14
npm ERR! oracledb [31mERR![0m See https://github.com/oracle/node-oracledb/blob/master/INSTALL.md

npm ERR! A complete log of this run can be found in:
npm ERR!     /github/home/.npm/_logs/2021-11-23T06_33_22_817Z-debug.log
npm WARN old lockfile 
npm WARN old lockfile The package-lock.json file was created with an old version of npm,
npm WARN old lockfile so supplemental metadata must be fetched from the registry.
npm WARN old lockfile 
npm WARN old lockfile This is a one-time fix-up, please be patient...
npm WARN old lockfile 
npm WARN deprecated formidable@1.2.6: Please upgrade to latest, formidable@v2 or formidable@v3! Check these notes: https://bit.ly/2ZEqIau
npm WARN deprecated oracledb@2.0.15: Update to node-oracledb 5
npm WARN cleanup Failed to remove some directories [
npm WARN cleanup   [
npm WARN cleanup     undefined,
npm WARN cleanup     AssertionError [ERR_ASSERTION]: rimraf: missing path
npm WARN cleanup         at rimraf (/__t/node/16.13.0/x64/lib/node_modules/npm/node_modules/rimraf/rimraf.js:54:3)
npm WARN cleanup         at node:internal/util:360:7
npm WARN cleanup         at new Promise (<anonymous>)
npm WARN cleanup         at rimraf (node:internal/util:346:12)
npm WARN cleanup         at /__t/node/16.13.0/x64/lib/node_modules/npm/node_modules/@npmcli/arborist/lib/arborist/reify.js:528:20
npm WARN cleanup         at Array.map (<anonymous>)
npm WARN cleanup         at Arborist.[rollbackCreateSparseTree] (/__t/node/16.13.0/x64/lib/node_modules/npm/node_modules/@npmcli/arborist/lib/arborist/reify.js:528:8)
npm WARN cleanup         at /__t/node/16.13.0/x64/lib/node_modules/npm/node_modules/@npmcli/arborist/lib/arborist/reify.js:1074:50
npm WARN cleanup         at async Arborist.[reifyPackages] (/__t/node/16.13.0/x64/lib/node_modules/npm/node_modules/@npmcli/arborist/lib/arborist/reify.js:231:11)
npm WARN cleanup         at async Arborist.reify (/__t/node/16.13.0/x64/lib/node_modules/npm/node_modules/@npmcli/arborist/lib/arborist/reify.js:151:5) {
npm WARN cleanup       generatedMessage: false,
npm WARN cleanup       code: 'ERR_ASSERTION',
npm WARN cleanup       actual: undefined,
npm WARN cleanup       expected: true,
npm WARN cleanup       operator: '=='
npm WARN cleanup     }
npm WARN cleanup   ]
npm WARN cleanup ]
npm ERR! code 87
npm ERR! path /__w/appoptics-apm-node/appoptics-apm-node/node_modules/oracledb
npm ERR! command failed
npm ERR! command sh -c node package/oracledbinstall.js
npm ERR! oracledb Beginning installation
npm ERR! oracledb Verifying installation
npm ERR! oracledb Binary not found
npm ERR! oracledb Continuing installation
npm ERR! oracledb [31mERR![0m NJS-054: Binary build/Release/oracledb.node was not installed from oracledb-v2.0.15-node-v93-linux-x64.gz
npm ERR! oracledb [31mERR![0m Error: HTTPS request for https://github.com/oracle/node-oracledb/releases/download/v2.0.15/oracledb-v2.0.15-node-v93-linux-x64.gz failed with code 404
npm ERR! oracledb [31mERR![0m If the error is not network or filesystem related, then review 
npm ERR! oracledb [31mERR![0m the Python 2.7 and compiler prerequisites in the installation instructions and
npm ERR! oracledb [31mERR![0m then install from source code with: npm install oracle/node-oracledb.git#v2.0.15
npm ERR! oracledb [31mERR![0m See https://github.com/oracle/node-oracledb/blob/master/INSTALL.md

npm ERR! A complete log of this run can be found in:
npm ERR!     /github/home/.npm/_logs/2021-11-23T06_33_32_064Z-debug.log
npm WARN old lockfile 
npm WARN old lockfile The package-lock.json file was created with an old version of npm,
npm WARN old lockfile so supplemental metadata must be fetched from the registry.
npm WARN old lockfile 
npm WARN old lockfile This is a one-time fix-up, please be patient...
npm WARN old lockfile 
npm WARN deprecated formidable@1.2.6: Please upgrade to latest, formidable@v2 or formidable@v3! Check these notes: https://bit.ly/2ZEqIau
npm WARN deprecated oracledb@2.1.0: Update to node-oracledb 5
npm WARN cleanup Failed to remove some directories [
npm WARN cleanup   [
npm WARN cleanup     undefined,
npm WARN cleanup     AssertionError [ERR_ASSERTION]: rimraf: missing path
npm WARN cleanup         at rimraf (/__t/node/16.13.0/x64/lib/node_modules/npm/node_modules/rimraf/rimraf.js:54:3)
npm WARN cleanup         at node:internal/util:360:7
npm WARN cleanup         at new Promise (<anonymous>)
npm WARN cleanup         at rimraf (node:internal/util:346:12)
npm WARN cleanup         at /__t/node/16.13.0/x64/lib/node_modules/npm/node_modules/@npmcli/arborist/lib/arborist/reify.js:528:20
npm WARN cleanup         at Array.map (<anonymous>)
npm WARN cleanup         at Arborist.[rollbackCreateSparseTree] (/__t/node/16.13.0/x64/lib/node_modules/npm/node_modules/@npmcli/arborist/lib/arborist/reify.js:528:8)
npm WARN cleanup         at /__t/node/16.13.0/x64/lib/node_modules/npm/node_modules/@npmcli/arborist/lib/arborist/reify.js:1074:50
npm WARN cleanup         at async Arborist.[reifyPackages] (/__t/node/16.13.0/x64/lib/node_modules/npm/node_modules/@npmcli/arborist/lib/arborist/reify.js:231:11)
npm WARN cleanup         at async Arborist.reify (/__t/node/16.13.0/x64/lib/node_modules/npm/node_modules/@npmcli/arborist/lib/arborist/reify.js:151:5) {
npm WARN cleanup       generatedMessage: false,
npm WARN cleanup       code: 'ERR_ASSERTION',
npm WARN cleanup       actual: undefined,
npm WARN cleanup       expected: true,
npm WARN cleanup       operator: '=='
npm WARN cleanup     }
npm WARN cleanup   ]
npm WARN cleanup ]
npm ERR! code 87
npm ERR! path /__w/appoptics-apm-node/appoptics-apm-node/node_modules/oracledb
npm ERR! command failed
npm ERR! command sh -c node package/oracledbinstall.js
npm ERR! oracledb Beginning installation
npm ERR! oracledb Verifying installation
npm ERR! oracledb Binary not found
npm ERR! oracledb Continuing installation
npm ERR! oracledb [31mERR![0m NJS-054: Binary build/Release/oracledb.node was not installed from oracledb-v2.1.0-node-v93-linux-x64.gz
npm ERR! oracledb [31mERR![0m Error: HTTPS request for https://github.com/oracle/node-oracledb/releases/download/v2.1.0/oracledb-v2.1.0-node-v93-linux-x64.gz failed with code 404
npm ERR! oracledb [31mERR![0m If the error is not network or filesystem related, then review 
npm ERR! oracledb [31mERR![0m the Python 2.7 and compiler prerequisites in the installation instructions and
npm ERR! oracledb [31mERR![0m then install from source code with: npm install oracle/node-oracledb.git#v2.1.0
npm ERR! oracledb [31mERR![0m See https://github.com/oracle/node-oracledb/blob/master/INSTALL.md

npm ERR! A complete log of this run can be found in:
npm ERR!     /github/home/.npm/_logs/2021-11-23T06_33_42_947Z-debug.log
npm WARN old lockfile 
npm WARN old lockfile The package-lock.json file was created with an old version of npm,
npm WARN old lockfile so supplemental metadata must be fetched from the registry.
npm WARN old lockfile 
npm WARN old lockfile This is a one-time fix-up, please be patient...
npm WARN old lockfile 
npm WARN deprecated formidable@1.2.6: Please upgrade to latest, formidable@v2 or formidable@v3! Check these notes: https://bit.ly/2ZEqIau
npm WARN deprecated oracledb@2.1.1: Update to node-oracledb 5
npm WARN cleanup Failed to remove some directories [
npm WARN cleanup   [
npm WARN cleanup     undefined,
npm WARN cleanup     AssertionError [ERR_ASSERTION]: rimraf: missing path
npm WARN cleanup         at rimraf (/__t/node/16.13.0/x64/lib/node_modules/npm/node_modules/rimraf/rimraf.js:54:3)
npm WARN cleanup         at node:internal/util:360:7
npm WARN cleanup         at new Promise (<anonymous>)
npm WARN cleanup         at rimraf (node:internal/util:346:12)
npm WARN cleanup         at /__t/node/16.13.0/x64/lib/node_modules/npm/node_modules/@npmcli/arborist/lib/arborist/reify.js:528:20
npm WARN cleanup         at Array.map (<anonymous>)
npm WARN cleanup         at Arborist.[rollbackCreateSparseTree] (/__t/node/16.13.0/x64/lib/node_modules/npm/node_modules/@npmcli/arborist/lib/arborist/reify.js:528:8)
npm WARN cleanup         at /__t/node/16.13.0/x64/lib/node_modules/npm/node_modules/@npmcli/arborist/lib/arborist/reify.js:1074:50
npm WARN cleanup         at async Arborist.[reifyPackages] (/__t/node/16.13.0/x64/lib/node_modules/npm/node_modules/@npmcli/arborist/lib/arborist/reify.js:231:11)
npm WARN cleanup         at async Arborist.reify (/__t/node/16.13.0/x64/lib/node_modules/npm/node_modules/@npmcli/arborist/lib/arborist/reify.js:151:5) {
npm WARN cleanup       generatedMessage: false,
npm WARN cleanup       code: 'ERR_ASSERTION',
npm WARN cleanup       actual: undefined,
npm WARN cleanup       expected: true,
npm WARN cleanup       operator: '=='
npm WARN cleanup     }
npm WARN cleanup   ]
npm WARN cleanup ]
npm ERR! code 87
npm ERR! path /__w/appoptics-apm-node/appoptics-apm-node/node_modules/oracledb
npm ERR! command failed
npm ERR! command sh -c node package/oracledbinstall.js
npm ERR! oracledb Beginning installation
npm ERR! oracledb Verifying installation
npm ERR! oracledb Binary not found
npm ERR! oracledb Continuing installation
npm ERR! oracledb [31mERR![0m NJS-054: Binary build/Release/oracledb.node was not installed from oracledb-v2.1.1-node-v93-linux-x64.gz
npm ERR! oracledb [31mERR![0m Error: HTTPS request for https://github.com/oracle/node-oracledb/releases/download/v2.1.1/oracledb-v2.1.1-node-v93-linux-x64.gz failed with code 404
npm ERR! oracledb [31mERR![0m If the error is not network or filesystem related, then review 
npm ERR! oracledb [31mERR![0m the Python 2.7 and compiler prerequisites in the installation instructions and
npm ERR! oracledb [31mERR![0m then install from source code with: npm install oracle/node-oracledb.git#v2.1.1
npm ERR! oracledb [31mERR![0m See https://github.com/oracle/node-oracledb/blob/master/INSTALL.md

npm ERR! A complete log of this run can be found in:
npm ERR!     /github/home/.npm/_logs/2021-11-23T06_33_52_921Z-debug.log
npm WARN old lockfile 
npm WARN old lockfile The package-lock.json file was created with an old version of npm,
npm WARN old lockfile so supplemental metadata must be fetched from the registry.
npm WARN old lockfile 
npm WARN old lockfile This is a one-time fix-up, please be patient...
npm WARN old lockfile 
npm WARN deprecated formidable@1.2.6: Please upgrade to latest, formidable@v2 or formidable@v3! Check these notes: https://bit.ly/2ZEqIau
npm WARN deprecated oracledb@2.1.2: Update to node-oracledb 5
npm WARN cleanup Failed to remove some directories [
npm WARN cleanup   [
npm WARN cleanup     undefined,
npm WARN cleanup     AssertionError [ERR_ASSERTION]: rimraf: missing path
npm WARN cleanup         at rimraf (/__t/node/16.13.0/x64/lib/node_modules/npm/node_modules/rimraf/rimraf.js:54:3)
npm WARN cleanup         at node:internal/util:360:7
npm WARN cleanup         at new Promise (<anonymous>)
npm WARN cleanup         at rimraf (node:internal/util:346:12)
npm WARN cleanup         at /__t/node/16.13.0/x64/lib/node_modules/npm/node_modules/@npmcli/arborist/lib/arborist/reify.js:528:20
npm WARN cleanup         at Array.map (<anonymous>)
npm WARN cleanup         at Arborist.[rollbackCreateSparseTree] (/__t/node/16.13.0/x64/lib/node_modules/npm/node_modules/@npmcli/arborist/lib/arborist/reify.js:528:8)
npm WARN cleanup         at /__t/node/16.13.0/x64/lib/node_modules/npm/node_modules/@npmcli/arborist/lib/arborist/reify.js:1074:50
npm WARN cleanup         at async Arborist.[reifyPackages] (/__t/node/16.13.0/x64/lib/node_modules/npm/node_modules/@npmcli/arborist/lib/arborist/reify.js:231:11)
npm WARN cleanup         at async Arborist.reify (/__t/node/16.13.0/x64/lib/node_modules/npm/node_modules/@npmcli/arborist/lib/arborist/reify.js:151:5) {
npm WARN cleanup       generatedMessage: false,
npm WARN cleanup       code: 'ERR_ASSERTION',
npm WARN cleanup       actual: undefined,
npm WARN cleanup       expected: true,
npm WARN cleanup       operator: '=='
npm WARN cleanup     }
npm WARN cleanup   ]
npm WARN cleanup ]
npm ERR! code 87
npm ERR! path /__w/appoptics-apm-node/appoptics-apm-node/node_modules/oracledb
npm ERR! command failed
npm ERR! command sh -c node package/oracledbinstall.js
npm ERR! oracledb Beginning installation
npm ERR! oracledb Verifying installation
npm ERR! oracledb Binary not found
npm ERR! oracledb Continuing installation
npm ERR! oracledb [31mERR![0m NJS-054: Binary build/Release/oracledb.node was not installed from oracledb-v2.1.2-node-v93-linux-x64.gz
npm ERR! oracledb [31mERR![0m Error: HTTPS request for https://github.com/oracle/node-oracledb/releases/download/v2.1.2/oracledb-v2.1.2-node-v93-linux-x64.gz failed with code 404
npm ERR! oracledb [31mERR![0m If the error is not network or filesystem related, then review 
npm ERR! oracledb [31mERR![0m the Python 2.7 and compiler prerequisites in the installation instructions and
npm ERR! oracledb [31mERR![0m then install from source code with: npm install oracle/node-oracledb.git#v2.1.2
npm ERR! oracledb [31mERR![0m See https://github.com/oracle/node-oracledb/blob/master/INSTALL.md

npm ERR! A complete log of this run can be found in:
npm ERR!     /github/home/.npm/_logs/2021-11-23T06_34_02_763Z-debug.log
npm WARN old lockfile 
npm WARN old lockfile The package-lock.json file was created with an old version of npm,
npm WARN old lockfile so supplemental metadata must be fetched from the registry.
npm WARN old lockfile 
npm WARN old lockfile This is a one-time fix-up, please be patient...
npm WARN old lockfile 
npm WARN deprecated formidable@1.2.6: Please upgrade to latest, formidable@v2 or formidable@v3! Check these notes: https://bit.ly/2ZEqIau
npm WARN deprecated oracledb@2.2.0: Update to node-oracledb 5
npm WARN cleanup Failed to remove some directories [
npm WARN cleanup   [
npm WARN cleanup     undefined,
npm WARN cleanup     AssertionError [ERR_ASSERTION]: rimraf: missing path
npm WARN cleanup         at rimraf (/__t/node/16.13.0/x64/lib/node_modules/npm/node_modules/rimraf/rimraf.js:54:3)
npm WARN cleanup         at node:internal/util:360:7
npm WARN cleanup         at new Promise (<anonymous>)
npm WARN cleanup         at rimraf (node:internal/util:346:12)
npm WARN cleanup         at /__t/node/16.13.0/x64/lib/node_modules/npm/node_modules/@npmcli/arborist/lib/arborist/reify.js:528:20
npm WARN cleanup         at Array.map (<anonymous>)
npm WARN cleanup         at Arborist.[rollbackCreateSparseTree] (/__t/node/16.13.0/x64/lib/node_modules/npm/node_modules/@npmcli/arborist/lib/arborist/reify.js:528:8)
npm WARN cleanup         at /__t/node/16.13.0/x64/lib/node_modules/npm/node_modules/@npmcli/arborist/lib/arborist/reify.js:1074:50
npm WARN cleanup         at async Arborist.[reifyPackages] (/__t/node/16.13.0/x64/lib/node_modules/npm/node_modules/@npmcli/arborist/lib/arborist/reify.js:231:11)
npm WARN cleanup         at async Arborist.reify (/__t/node/16.13.0/x64/lib/node_modules/npm/node_modules/@npmcli/arborist/lib/arborist/reify.js:151:5) {
npm WARN cleanup       generatedMessage: false,
npm WARN cleanup       code: 'ERR_ASSERTION',
npm WARN cleanup       actual: undefined,
npm WARN cleanup       expected: true,
npm WARN cleanup       operator: '=='
npm WARN cleanup     }
npm WARN cleanup   ]
npm WARN cleanup ]
npm ERR! code 87
npm ERR! path /__w/appoptics-apm-node/appoptics-apm-node/node_modules/oracledb
npm ERR! command failed
npm ERR! command sh -c node package/oracledbinstall.js
npm ERR! oracledb Beginning installation
npm ERR! oracledb Verifying installation
npm ERR! oracledb Continuing installation
npm ERR! oracledb [31mERR![0m NJS-054: Binary build/Release/oracledb.node was not installed.
npm ERR! oracledb [31mERR![0m Pre-built binary packages are not available for this version of Node.js (NODE_MODULE_VERSION="93")
npm ERR! oracledb [31mERR![0m Failed to install binary package oracledb-v2.2.0-node-v93-linux-x64.gz
npm ERR! oracledb [31mERR![0m Error: HTTPS request for https://github.com/oracle/node-oracledb/releases/download/v2.2.0/oracledb-v2.2.0-node-v93-linux-x64.gz failed with code 404
npm ERR! oracledb [31mERR![0m For help see https://oracle.github.io/node-oracledb/INSTALL.html#troubleshooting

npm ERR! A complete log of this run can be found in:
npm ERR!     /github/home/.npm/_logs/2021-11-23T06_34_12_542Z-debug.log
npm WARN old lockfile 
npm WARN old lockfile The package-lock.json file was created with an old version of npm,
npm WARN old lockfile so supplemental metadata must be fetched from the registry.
npm WARN old lockfile 
npm WARN old lockfile This is a one-time fix-up, please be patient...
npm WARN old lockfile 
npm WARN deprecated formidable@1.2.6: Please upgrade to latest, formidable@v2 or formidable@v3! Check these notes: https://bit.ly/2ZEqIau
npm WARN deprecated oracledb@2.3.0: Update to node-oracledb 5
npm WARN cleanup Failed to remove some directories [
npm WARN cleanup   [
npm WARN cleanup     undefined,
npm WARN cleanup     AssertionError [ERR_ASSERTION]: rimraf: missing path
npm WARN cleanup         at rimraf (/__t/node/16.13.0/x64/lib/node_modules/npm/node_modules/rimraf/rimraf.js:54:3)
npm WARN cleanup         at node:internal/util:360:7
npm WARN cleanup         at new Promise (<anonymous>)
npm WARN cleanup         at rimraf (node:internal/util:346:12)
npm WARN cleanup         at /__t/node/16.13.0/x64/lib/node_modules/npm/node_modules/@npmcli/arborist/lib/arborist/reify.js:528:20
npm WARN cleanup         at Array.map (<anonymous>)
npm WARN cleanup         at Arborist.[rollbackCreateSparseTree] (/__t/node/16.13.0/x64/lib/node_modules/npm/node_modules/@npmcli/arborist/lib/arborist/reify.js:528:8)
npm WARN cleanup         at /__t/node/16.13.0/x64/lib/node_modules/npm/node_modules/@npmcli/arborist/lib/arborist/reify.js:1074:50
npm WARN cleanup         at async Arborist.[reifyPackages] (/__t/node/16.13.0/x64/lib/node_modules/npm/node_modules/@npmcli/arborist/lib/arborist/reify.js:231:11)
npm WARN cleanup         at async Arborist.reify (/__t/node/16.13.0/x64/lib/node_modules/npm/node_modules/@npmcli/arborist/lib/arborist/reify.js:151:5) {
npm WARN cleanup       generatedMessage: false,
npm WARN cleanup       code: 'ERR_ASSERTION',
npm WARN cleanup       actual: undefined,
npm WARN cleanup       expected: true,
npm WARN cleanup       operator: '=='
npm WARN cleanup     }
npm WARN cleanup   ]
npm WARN cleanup ]
npm ERR! code 87
npm ERR! path /__w/appoptics-apm-node/appoptics-apm-node/node_modules/oracledb
npm ERR! command failed
npm ERR! command sh -c node package/oracledbinstall.js
npm ERR! oracledb Beginning installation
npm ERR! oracledb Verifying installation
npm ERR! oracledb Continuing installation
npm ERR! oracledb [31mERR![0m NJS-054: Binary build/Release/oracledb.node was not installed.
npm ERR! oracledb [31mERR![0m Pre-built binary packages are not available for this version of Node.js (NODE_MODULE_VERSION="93")
npm ERR! oracledb [31mERR![0m Failed to install binary package oracledb-v2.3.0-node-v93-linux-x64.gz
npm ERR! oracledb [31mERR![0m Error: HTTPS request for https://github.com/oracle/node-oracledb/releases/download/v2.3.0/oracledb-v2.3.0-node-v93-linux-x64.gz failed with code 404
npm ERR! oracledb [31mERR![0m For help see https://oracle.github.io/node-oracledb/INSTALL.html#troubleshooting

npm ERR! A complete log of this run can be found in:
npm ERR!     /github/home/.npm/_logs/2021-11-23T06_34_22_566Z-debug.log
npm WARN old lockfile 
npm WARN old lockfile The package-lock.json file was created with an old version of npm,
npm WARN old lockfile so supplemental metadata must be fetched from the registry.
npm WARN old lockfile 
npm WARN old lockfile This is a one-time fix-up, please be patient...
npm WARN old lockfile 
npm WARN deprecated formidable@1.2.6: Please upgrade to latest, formidable@v2 or formidable@v3! Check these notes: https://bit.ly/2ZEqIau
npm WARN deprecated oracledb@3.0.0: Update to node-oracledb 5
npm WARN cleanup Failed to remove some directories [
npm WARN cleanup   [
npm WARN cleanup     undefined,
npm WARN cleanup     AssertionError [ERR_ASSERTION]: rimraf: missing path
npm WARN cleanup         at rimraf (/__t/node/16.13.0/x64/lib/node_modules/npm/node_modules/rimraf/rimraf.js:54:3)
npm WARN cleanup         at node:internal/util:360:7
npm WARN cleanup         at new Promise (<anonymous>)
npm WARN cleanup         at rimraf (node:internal/util:346:12)
npm WARN cleanup         at /__t/node/16.13.0/x64/lib/node_modules/npm/node_modules/@npmcli/arborist/lib/arborist/reify.js:528:20
npm WARN cleanup         at Array.map (<anonymous>)
npm WARN cleanup         at Arborist.[rollbackCreateSparseTree] (/__t/node/16.13.0/x64/lib/node_modules/npm/node_modules/@npmcli/arborist/lib/arborist/reify.js:528:8)
npm WARN cleanup         at /__t/node/16.13.0/x64/lib/node_modules/npm/node_modules/@npmcli/arborist/lib/arborist/reify.js:1074:50
npm WARN cleanup         at async Arborist.[reifyPackages] (/__t/node/16.13.0/x64/lib/node_modules/npm/node_modules/@npmcli/arborist/lib/arborist/reify.js:231:11)
npm WARN cleanup         at async Arborist.reify (/__t/node/16.13.0/x64/lib/node_modules/npm/node_modules/@npmcli/arborist/lib/arborist/reify.js:151:5) {
npm WARN cleanup       generatedMessage: false,
npm WARN cleanup       code: 'ERR_ASSERTION',
npm WARN cleanup       actual: undefined,
npm WARN cleanup       expected: true,
npm WARN cleanup       operator: '=='
npm WARN cleanup     }
npm WARN cleanup   ]
npm WARN cleanup ]
npm ERR! code 87
npm ERR! path /__w/appoptics-apm-node/appoptics-apm-node/node_modules/oracledb
npm ERR! command failed
npm ERR! command sh -c node package/oracledbinstall.js
npm ERR! oracledb Beginning installation
npm ERR! oracledb Verifying installation
npm ERR! oracledb Continuing installation
npm ERR! oracledb [31mERR![0m NJS-054: Binary build/Release/oracledb.node was not installed.
npm ERR! oracledb [31mERR![0m Pre-built binary packages are not available for this version of Node.js (NODE_MODULE_VERSION="93")
npm ERR! oracledb [31mERR![0m Failed to install binary package oracledb-v3.0.0-node-abi93-linux-x64.gz
npm ERR! oracledb [31mERR![0m Error: HTTPS request for https://github.com/oracle/node-oracledb/releases/download/v3.0.0/oracledb-v3.0.0-node-abi93-linux-x64.gz failed with code 404
npm ERR! oracledb [31mERR![0m For help see https://oracle.github.io/node-oracledb/INSTALL.html#troubleshooting

npm ERR! A complete log of this run can be found in:
npm ERR!     /github/home/.npm/_logs/2021-11-23T06_34_32_178Z-debug.log
npm WARN old lockfile 
npm WARN old lockfile The package-lock.json file was created with an old version of npm,
npm WARN old lockfile so supplemental metadata must be fetched from the registry.
npm WARN old lockfile 
npm WARN old lockfile This is a one-time fix-up, please be patient...
npm WARN old lockfile 
npm WARN deprecated formidable@1.2.6: Please upgrade to latest, formidable@v2 or formidable@v3! Check these notes: https://bit.ly/2ZEqIau
npm WARN deprecated oracledb@3.0.1: Update to node-oracledb 5
npm WARN cleanup Failed to remove some directories [
npm WARN cleanup   [
npm WARN cleanup     undefined,
npm WARN cleanup     AssertionError [ERR_ASSERTION]: rimraf: missing path
npm WARN cleanup         at rimraf (/__t/node/16.13.0/x64/lib/node_modules/npm/node_modules/rimraf/rimraf.js:54:3)
npm WARN cleanup         at node:internal/util:360:7
npm WARN cleanup         at new Promise (<anonymous>)
npm WARN cleanup         at rimraf (node:internal/util:346:12)
npm WARN cleanup         at /__t/node/16.13.0/x64/lib/node_modules/npm/node_modules/@npmcli/arborist/lib/arborist/reify.js:528:20
npm WARN cleanup         at Array.map (<anonymous>)
npm WARN cleanup         at Arborist.[rollbackCreateSparseTree] (/__t/node/16.13.0/x64/lib/node_modules/npm/node_modules/@npmcli/arborist/lib/arborist/reify.js:528:8)
npm WARN cleanup         at /__t/node/16.13.0/x64/lib/node_modules/npm/node_modules/@npmcli/arborist/lib/arborist/reify.js:1074:50
npm WARN cleanup         at async Arborist.[reifyPackages] (/__t/node/16.13.0/x64/lib/node_modules/npm/node_modules/@npmcli/arborist/lib/arborist/reify.js:231:11)
npm WARN cleanup         at async Arborist.reify (/__t/node/16.13.0/x64/lib/node_modules/npm/node_modules/@npmcli/arborist/lib/arborist/reify.js:151:5) {
npm WARN cleanup       generatedMessage: false,
npm WARN cleanup       code: 'ERR_ASSERTION',
npm WARN cleanup       actual: undefined,
npm WARN cleanup       expected: true,
npm WARN cleanup       operator: '=='
npm WARN cleanup     }
npm WARN cleanup   ]
npm WARN cleanup ]
npm ERR! code 87
npm ERR! path /__w/appoptics-apm-node/appoptics-apm-node/node_modules/oracledb
npm ERR! command failed
npm ERR! command sh -c node package/oracledbinstall.js
npm ERR! oracledb Beginning installation
npm ERR! oracledb [31mERR![0m NJS-054: Binary build/Release/oracledb.node was not installed.
npm ERR! oracledb [31mERR![0m Pre-built binary packages are not available for Node.js v16.13.0 (NODE_MODULE_VERSION="93")
npm ERR! oracledb [31mERR![0m Failed to install binary package oracledb-v3.0.1-node-abi93-linux-x64.gz
npm ERR! oracledb [31mERR![0m Error: HTTPS request for https://github.com/oracle/node-oracledb/releases/download/v3.0.1/oracledb-v3.0.1-node-abi93-linux-x64.gz failed with code 404
npm ERR! oracledb [31mERR![0m For help see https://oracle.github.io/node-oracledb/INSTALL.html#troubleshooting

npm ERR! A complete log of this run can be found in:
npm ERR!     /github/home/.npm/_logs/2021-11-23T06_34_41_836Z-debug.log
npm WARN old lockfile 
npm WARN old lockfile The package-lock.json file was created with an old version of npm,
npm WARN old lockfile so supplemental metadata must be fetched from the registry.
npm WARN old lockfile 
npm WARN old lockfile This is a one-time fix-up, please be patient...
npm WARN old lockfile 
npm WARN deprecated formidable@1.2.6: Please upgrade to latest, formidable@v2 or formidable@v3! Check these notes: https://bit.ly/2ZEqIau
npm WARN deprecated oracledb@3.1.0: Update to node-oracledb 5
npm WARN cleanup Failed to remove some directories [
npm WARN cleanup   [
npm WARN cleanup     undefined,
npm WARN cleanup     AssertionError [ERR_ASSERTION]: rimraf: missing path
npm WARN cleanup         at rimraf (/__t/node/16.13.0/x64/lib/node_modules/npm/node_modules/rimraf/rimraf.js:54:3)
npm WARN cleanup         at node:internal/util:360:7
npm WARN cleanup         at new Promise (<anonymous>)
npm WARN cleanup         at rimraf (node:internal/util:346:12)
npm WARN cleanup         at /__t/node/16.13.0/x64/lib/node_modules/npm/node_modules/@npmcli/arborist/lib/arborist/reify.js:528:20
npm WARN cleanup         at Array.map (<anonymous>)
npm WARN cleanup         at Arborist.[rollbackCreateSparseTree] (/__t/node/16.13.0/x64/lib/node_modules/npm/node_modules/@npmcli/arborist/lib/arborist/reify.js:528:8)
npm WARN cleanup         at /__t/node/16.13.0/x64/lib/node_modules/npm/node_modules/@npmcli/arborist/lib/arborist/reify.js:1074:50
npm WARN cleanup         at async Arborist.[reifyPackages] (/__t/node/16.13.0/x64/lib/node_modules/npm/node_modules/@npmcli/arborist/lib/arborist/reify.js:231:11)
npm WARN cleanup         at async Arborist.reify (/__t/node/16.13.0/x64/lib/node_modules/npm/node_modules/@npmcli/arborist/lib/arborist/reify.js:151:5) {
npm WARN cleanup       generatedMessage: false,
npm WARN cleanup       code: 'ERR_ASSERTION',
npm WARN cleanup       actual: undefined,
npm WARN cleanup       expected: true,
npm WARN cleanup       operator: '=='
npm WARN cleanup     }
npm WARN cleanup   ]
npm WARN cleanup ]
npm ERR! code 87
npm ERR! path /__w/appoptics-apm-node/appoptics-apm-node/node_modules/oracledb
npm ERR! command failed
npm ERR! command sh -c node package/install.js
npm ERR! oracledb [31mERR![0m NJS-067: a pre-built node-oracledb binary was not found for Node.js v16.13.0 (NODE_MODULE_VERSION=93) on linux x64
npm ERR! oracledb [31mERR![0m Try compiling node-oracledb source code using https://oracle.github.io/node-oracledb/INSTALL.html#github

npm ERR! A complete log of this run can be found in:
npm ERR!     /github/home/.npm/_logs/2021-11-23T06_34_51_247Z-debug.log
npm WARN old lockfile 
npm WARN old lockfile The package-lock.json file was created with an old version of npm,
npm WARN old lockfile so supplemental metadata must be fetched from the registry.
npm WARN old lockfile 
npm WARN old lockfile This is a one-time fix-up, please be patient...
npm WARN old lockfile 
npm WARN deprecated formidable@1.2.6: Please upgrade to latest, formidable@v2 or formidable@v3! Check these notes: https://bit.ly/2ZEqIau
npm WARN deprecated oracledb@3.1.1: Update to node-oracledb 5
npm WARN cleanup Failed to remove some directories [
npm WARN cleanup   [
npm WARN cleanup     undefined,
npm WARN cleanup     AssertionError [ERR_ASSERTION]: rimraf: missing path
npm WARN cleanup         at rimraf (/__t/node/16.13.0/x64/lib/node_modules/npm/node_modules/rimraf/rimraf.js:54:3)
npm WARN cleanup         at node:internal/util:360:7
npm WARN cleanup         at new Promise (<anonymous>)
npm WARN cleanup         at rimraf (node:internal/util:346:12)
npm WARN cleanup         at /__t/node/16.13.0/x64/lib/node_modules/npm/node_modules/@npmcli/arborist/lib/arborist/reify.js:528:20
npm WARN cleanup         at Array.map (<anonymous>)
npm WARN cleanup         at Arborist.[rollbackCreateSparseTree] (/__t/node/16.13.0/x64/lib/node_modules/npm/node_modules/@npmcli/arborist/lib/arborist/reify.js:528:8)
npm WARN cleanup         at /__t/node/16.13.0/x64/lib/node_modules/npm/node_modules/@npmcli/arborist/lib/arborist/reify.js:1074:50
npm WARN cleanup         at async Arborist.[reifyPackages] (/__t/node/16.13.0/x64/lib/node_modules/npm/node_modules/@npmcli/arborist/lib/arborist/reify.js:231:11)
npm WARN cleanup         at async Arborist.reify (/__t/node/16.13.0/x64/lib/node_modules/npm/node_modules/@npmcli/arborist/lib/arborist/reify.js:151:5) {
npm WARN cleanup       generatedMessage: false,
npm WARN cleanup       code: 'ERR_ASSERTION',
npm WARN cleanup       actual: undefined,
npm WARN cleanup       expected: true,
npm WARN cleanup       operator: '=='
npm WARN cleanup     }
npm WARN cleanup   ]
npm WARN cleanup ]
npm ERR! code 87
npm ERR! path /__w/appoptics-apm-node/appoptics-apm-node/node_modules/oracledb
npm ERR! command failed
npm ERR! command sh -c node package/install.js
npm ERR! oracledb [31mERR![0m NJS-067: a pre-built node-oracledb binary was not found for Node.js v16.13.0 (NODE_MODULE_VERSION=93) on linux x64
npm ERR! oracledb [31mERR![0m Try compiling node-oracledb source code using https://oracle.github.io/node-oracledb/INSTALL.html#github

npm ERR! A complete log of this run can be found in:
npm ERR!     /github/home/.npm/_logs/2021-11-23T06_35_00_583Z-debug.log
npm WARN old lockfile 
npm WARN old lockfile The package-lock.json file was created with an old version of npm,
npm WARN old lockfile so supplemental metadata must be fetched from the registry.
npm WARN old lockfile 
npm WARN old lockfile This is a one-time fix-up, please be patient...
npm WARN old lockfile 
npm WARN deprecated formidable@1.2.6: Please upgrade to latest, formidable@v2 or formidable@v3! Check these notes: https://bit.ly/2ZEqIau
npm WARN deprecated oracledb@3.1.2: Update to node-oracledb 5
npm WARN cleanup Failed to remove some directories [
npm WARN cleanup   [
npm WARN cleanup     undefined,
npm WARN cleanup     AssertionError [ERR_ASSERTION]: rimraf: missing path
npm WARN cleanup         at rimraf (/__t/node/16.13.0/x64/lib/node_modules/npm/node_modules/rimraf/rimraf.js:54:3)
npm WARN cleanup         at node:internal/util:360:7
npm WARN cleanup         at new Promise (<anonymous>)
npm WARN cleanup         at rimraf (node:internal/util:346:12)
npm WARN cleanup         at /__t/node/16.13.0/x64/lib/node_modules/npm/node_modules/@npmcli/arborist/lib/arborist/reify.js:528:20
npm WARN cleanup         at Array.map (<anonymous>)
npm WARN cleanup         at Arborist.[rollbackCreateSparseTree] (/__t/node/16.13.0/x64/lib/node_modules/npm/node_modules/@npmcli/arborist/lib/arborist/reify.js:528:8)
npm WARN cleanup         at /__t/node/16.13.0/x64/lib/node_modules/npm/node_modules/@npmcli/arborist/lib/arborist/reify.js:1074:50
npm WARN cleanup         at async Arborist.[reifyPackages] (/__t/node/16.13.0/x64/lib/node_modules/npm/node_modules/@npmcli/arborist/lib/arborist/reify.js:231:11)
npm WARN cleanup         at async Arborist.reify (/__t/node/16.13.0/x64/lib/node_modules/npm/node_modules/@npmcli/arborist/lib/arborist/reify.js:151:5) {
npm WARN cleanup       generatedMessage: false,
npm WARN cleanup       code: 'ERR_ASSERTION',
npm WARN cleanup       actual: undefined,
npm WARN cleanup       expected: true,
npm WARN cleanup       operator: '=='
npm WARN cleanup     }
npm WARN cleanup   ]
npm WARN cleanup ]
npm ERR! code 87
npm ERR! path /__w/appoptics-apm-node/appoptics-apm-node/node_modules/oracledb
npm ERR! command failed
npm ERR! command sh -c node package/install.js
npm ERR! oracledb [31mERR![0m NJS-067: a pre-built node-oracledb binary was not found for Node.js v16.13.0 (NODE_MODULE_VERSION=93) on linux x64
npm ERR! oracledb [31mERR![0m Try compiling node-oracledb source code using https://oracle.github.io/node-oracledb/INSTALL.html#github

npm ERR! A complete log of this run can be found in:
npm ERR!     /github/home/.npm/_logs/2021-11-23T06_35_10_055Z-debug.log
npm WARN old lockfile 
npm WARN old lockfile The package-lock.json file was created with an old version of npm,
npm WARN old lockfile so supplemental metadata must be fetched from the registry.
npm WARN old lockfile 
npm WARN old lockfile This is a one-time fix-up, please be patient...
npm WARN old lockfile 
npm WARN deprecated formidable@1.2.6: Please upgrade to latest, formidable@v2 or formidable@v3! Check these notes: https://bit.ly/2ZEqIau
npm WARN deprecated oracledb@4.0.0: Update to node-oracledb 5

changed 236 packages, and audited 1078 packages in 9s

80 packages are looking for funding
  run `npm fund` for details

26 vulnerabilities (20 moderate, 4 high, 2 critical)

To address issues that do not require attention, run:
  npm audit fix

To address all issues possible (including breaking changes), run:
  npm audit fix --force

Some issues need review, and may require choosing
a different dependency.

Run `npm audit` for details.
2021-11-23T06:35:19.170Z appoptics:debug read config from /__w/appoptics-apm-node/appoptics-apm-node/appoptics-apm-config
2021-11-23T06:35:19.171Z appoptics:debug guc ignoring APPOPTICS_LOG_SETTINGS
2021-11-23T06:35:19.171Z appoptics:debug serviceKey dIOz...wWK0:ao-node-test
2021-11-23T06:35:19.171Z appoptics:debug using context provider: ace-context
2021-11-23T06:35:19.229Z appoptics:debug apm 10.1.1-prerelease.0, bindings 11.1.0, oboe 10.1.1
2021-11-23T06:35:19.352Z appoptics:patching patched crypto 
2021-11-23T06:35:19.372Z appoptics:patching patched https 
2021-11-23T06:35:19.372Z appoptics:patching patched http 
2021-11-23T06:35:19.402Z appoptics:patching patched oracledb 4.0.0
2021-11-23T06:35:19.405Z appoptics:debug starting runtimeMetrics


  probes.oracledb 4.0.0
    âœ“ UDP might lose a message
2021-11-23T06:35:19.440Z appoptics:debug asking helper to execute test_basic
2021-11-23T06:35:19.440Z appoptics:debug test_basic being executed
2021-11-23T06:35:19.440Z appoptics:debug oracledb wrapping getConnection
2021-11-23T06:35:19.503Z appoptics:debug done with test_basic oracledb.getConnection
2021-11-23T06:35:19.611Z appoptics:debug test_basic query callback invoked
    âœ“ should trace execute calls (190ms)
2021-11-23T06:35:19.633Z appoptics:debug ORACLEDB wrapping createPool
2021-11-23T06:35:19.636Z appoptics:debug oracledb wrapping getConnection
2021-11-23T06:35:19.675Z appoptics:debug connection.execute() seems to be patched
2021-11-23T06:35:19.675Z appoptics:debug connection.commit() seems to be patched
2021-11-23T06:35:19.675Z appoptics:debug connection.rollback() seems to be patched
2021-11-23T06:35:19.675Z appoptics:debug connection.break() seems to be patched
2021-11-23T06:35:19.675Z appoptics:debug connection.release seems to be patched
    âœ“ should trace execute calls in pool (45ms)
2021-11-23T06:35:19.679Z appoptics:debug oracledb wrapping getConnection
2021-11-23T06:35:19.712Z appoptics:debug connection.execute() seems to be patched
2021-11-23T06:35:19.712Z appoptics:debug connection.commit() seems to be patched
2021-11-23T06:35:19.712Z appoptics:debug connection.rollback() seems to be patched
2021-11-23T06:35:19.712Z appoptics:debug connection.break() seems to be patched
2021-11-23T06:35:19.712Z appoptics:debug connection.release seems to be patched
    âœ“ should include correct isAutoCommit value (38ms)


  4 passing (298ms)

npm WARN old lockfile 
npm WARN old lockfile The package-lock.json file was created with an old version of npm,
npm WARN old lockfile so supplemental metadata must be fetched from the registry.
npm WARN old lockfile 
npm WARN old lockfile This is a one-time fix-up, please be patient...
npm WARN old lockfile 
npm WARN deprecated oracledb@4.0.1: Update to node-oracledb 5

changed 1 package, and audited 1078 packages in 6s

80 packages are looking for funding
  run `npm fund` for details

26 vulnerabilities (20 moderate, 4 high, 2 critical)

To address issues that do not require attention, run:
  npm audit fix

To address all issues possible (including breaking changes), run:
  npm audit fix --force

Some issues need review, and may require choosing
a different dependency.

Run `npm audit` for details.
2021-11-23T06:35:26.331Z appoptics:debug read config from /__w/appoptics-apm-node/appoptics-apm-node/appoptics-apm-config
2021-11-23T06:35:26.332Z appoptics:debug guc ignoring APPOPTICS_LOG_SETTINGS
2021-11-23T06:35:26.332Z appoptics:debug serviceKey dIOz...wWK0:ao-node-test
2021-11-23T06:35:26.333Z appoptics:debug using context provider: ace-context
2021-11-23T06:35:26.391Z appoptics:debug apm 10.1.1-prerelease.0, bindings 11.1.0, oboe 10.1.1
2021-11-23T06:35:26.510Z appoptics:patching patched crypto 
2021-11-23T06:35:26.527Z appoptics:patching patched https 
2021-11-23T06:35:26.528Z appoptics:patching patched http 
2021-11-23T06:35:26.556Z appoptics:patching patched oracledb 4.0.1
2021-11-23T06:35:26.559Z appoptics:debug starting runtimeMetrics


  probes.oracledb 4.0.1
    âœ“ UDP might lose a message
2021-11-23T06:35:26.594Z appoptics:debug asking helper to execute test_basic
2021-11-23T06:35:26.595Z appoptics:debug test_basic being executed
2021-11-23T06:35:26.595Z appoptics:debug oracledb wrapping getConnection
2021-11-23T06:35:26.603Z appoptics:debug done with test_basic oracledb.getConnection
2021-11-23T06:35:26.645Z appoptics:debug test_basic query callback invoked
    âœ“ should trace execute calls (55ms)
2021-11-23T06:35:26.653Z appoptics:debug ORACLEDB wrapping createPool
2021-11-23T06:35:26.656Z appoptics:debug oracledb wrapping getConnection
2021-11-23T06:35:26.688Z appoptics:debug connection.execute() seems to be patched
2021-11-23T06:35:26.688Z appoptics:debug connection.commit() seems to be patched
2021-11-23T06:35:26.688Z appoptics:debug connection.rollback() seems to be patched
2021-11-23T06:35:26.688Z appoptics:debug connection.break() seems to be patched
2021-11-23T06:35:26.688Z appoptics:debug connection.release seems to be patched
    âœ“ should trace execute calls in pool (38ms)
2021-11-23T06:35:26.692Z appoptics:debug oracledb wrapping getConnection
2021-11-23T06:35:26.726Z appoptics:debug connection.execute() seems to be patched
2021-11-23T06:35:26.726Z appoptics:debug connection.commit() seems to be patched
2021-11-23T06:35:26.726Z appoptics:debug connection.rollback() seems to be patched
2021-11-23T06:35:26.726Z appoptics:debug connection.break() seems to be patched
2021-11-23T06:35:26.726Z appoptics:debug connection.release seems to be patched
    âœ“ should include correct isAutoCommit value (38ms)


  4 passing (158ms)

npm WARN old lockfile 
npm WARN old lockfile The package-lock.json file was created with an old version of npm,
npm WARN old lockfile so supplemental metadata must be fetched from the registry.
npm WARN old lockfile 
npm WARN old lockfile This is a one-time fix-up, please be patient...
npm WARN old lockfile 
npm WARN deprecated oracledb@4.1.0: Update to node-oracledb 5

changed 1 package, and audited 1078 packages in 5s

80 packages are looking for funding
  run `npm fund` for details

26 vulnerabilities (20 moderate, 4 high, 2 critical)

To address issues that do not require attention, run:
  npm audit fix

To address all issues possible (including breaking changes), run:
  npm audit fix --force

Some issues need review, and may require choosing
a different dependency.

Run `npm audit` for details.
2021-11-23T06:35:32.266Z appoptics:debug read config from /__w/appoptics-apm-node/appoptics-apm-node/appoptics-apm-config
2021-11-23T06:35:32.266Z appoptics:debug guc ignoring APPOPTICS_LOG_SETTINGS
2021-11-23T06:35:32.266Z appoptics:debug serviceKey dIOz...wWK0:ao-node-test
2021-11-23T06:35:32.267Z appoptics:debug using context provider: ace-context
2021-11-23T06:35:32.324Z appoptics:debug apm 10.1.1-prerelease.0, bindings 11.1.0, oboe 10.1.1
2021-11-23T06:35:32.443Z appoptics:patching patched crypto 
2021-11-23T06:35:32.460Z appoptics:patching patched https 
2021-11-23T06:35:32.461Z appoptics:patching patched http 
2021-11-23T06:35:32.489Z appoptics:patching patched oracledb 4.1.0
2021-11-23T06:35:32.493Z appoptics:debug starting runtimeMetrics


  probes.oracledb 4.1.0
    âœ“ UDP might lose a message
2021-11-23T06:35:32.527Z appoptics:debug asking helper to execute test_basic
2021-11-23T06:35:32.528Z appoptics:debug test_basic being executed
2021-11-23T06:35:32.528Z appoptics:debug oracledb wrapping getConnection
2021-11-23T06:35:32.536Z appoptics:debug done with test_basic oracledb.getConnection
2021-11-23T06:35:32.574Z appoptics:debug test_basic query callback invoked
    âœ“ should trace execute calls (51ms)
2021-11-23T06:35:32.581Z appoptics:debug ORACLEDB wrapping createPool
2021-11-23T06:35:32.583Z appoptics:debug oracledb wrapping getConnection
2021-11-23T06:35:32.616Z appoptics:debug connection.execute() seems to be patched
2021-11-23T06:35:32.616Z appoptics:debug connection.commit() seems to be patched
2021-11-23T06:35:32.616Z appoptics:debug connection.rollback() seems to be patched
2021-11-23T06:35:32.616Z appoptics:debug connection.break() seems to be patched
2021-11-23T06:35:32.616Z appoptics:debug connection.release seems to be patched
    âœ“ should trace execute calls in pool (38ms)
2021-11-23T06:35:32.620Z appoptics:debug oracledb wrapping getConnection
2021-11-23T06:35:32.653Z appoptics:debug connection.execute() seems to be patched
2021-11-23T06:35:32.653Z appoptics:debug connection.commit() seems to be patched
2021-11-23T06:35:32.653Z appoptics:debug connection.rollback() seems to be patched
2021-11-23T06:35:32.653Z appoptics:debug connection.break() seems to be patched
2021-11-23T06:35:32.653Z appoptics:debug connection.release seems to be patched
    âœ“ should include correct isAutoCommit value (39ms)


  4 passing (151ms)

npm WARN old lockfile 
npm WARN old lockfile The package-lock.json file was created with an old version of npm,
npm WARN old lockfile so supplemental metadata must be fetched from the registry.
npm WARN old lockfile 
npm WARN old lockfile This is a one-time fix-up, please be patient...
npm WARN old lockfile 
npm WARN deprecated oracledb@4.2.0: Update to node-oracledb 5

changed 1 package, and audited 1078 packages in 6s

80 packages are looking for funding
  run `npm fund` for details

26 vulnerabilities (20 moderate, 4 high, 2 critical)

To address issues that do not require attention, run:
  npm audit fix

To address all issues possible (including breaking changes), run:
  npm audit fix --force

Some issues need review, and may require choosing
a different dependency.

Run `npm audit` for details.
2021-11-23T06:35:39.162Z appoptics:debug read config from /__w/appoptics-apm-node/appoptics-apm-node/appoptics-apm-config
2021-11-23T06:35:39.163Z appoptics:debug guc ignoring APPOPTICS_LOG_SETTINGS
2021-11-23T06:35:39.163Z appoptics:debug serviceKey dIOz...wWK0:ao-node-test
2021-11-23T06:35:39.164Z appoptics:debug using context provider: ace-context
2021-11-23T06:35:39.221Z appoptics:debug apm 10.1.1-prerelease.0, bindings 11.1.0, oboe 10.1.1
2021-11-23T06:35:39.340Z appoptics:patching patched crypto 
2021-11-23T06:35:39.356Z appoptics:patching patched https 
2021-11-23T06:35:39.357Z appoptics:patching patched http 
2021-11-23T06:35:39.385Z appoptics:patching patched oracledb 4.2.0
2021-11-23T06:35:39.389Z appoptics:debug starting runtimeMetrics


  probes.oracledb 4.2.0
    âœ“ UDP might lose a message
2021-11-23T06:35:39.422Z appoptics:debug asking helper to execute test_basic
2021-11-23T06:35:39.423Z appoptics:debug test_basic being executed
2021-11-23T06:35:39.423Z appoptics:debug oracledb wrapping getConnection
2021-11-23T06:35:39.431Z appoptics:debug done with test_basic oracledb.getConnection
2021-11-23T06:35:39.471Z appoptics:debug test_basic query callback invoked
    âœ“ should trace execute calls (53ms)
2021-11-23T06:35:39.478Z appoptics:debug ORACLEDB wrapping createPool
2021-11-23T06:35:39.480Z appoptics:debug oracledb wrapping getConnection
2021-11-23T06:35:39.512Z appoptics:debug connection.execute() seems to be patched
2021-11-23T06:35:39.513Z appoptics:debug connection.commit() seems to be patched
2021-11-23T06:35:39.513Z appoptics:debug connection.rollback() seems to be patched
2021-11-23T06:35:39.513Z appoptics:debug connection.break() seems to be patched
2021-11-23T06:35:39.513Z appoptics:debug connection.release seems to be patched
    âœ“ should trace execute calls in pool (38ms)
2021-11-23T06:35:39.517Z appoptics:debug oracledb wrapping getConnection
2021-11-23T06:35:39.549Z appoptics:debug connection.execute() seems to be patched
2021-11-23T06:35:39.549Z appoptics:debug connection.commit() seems to be patched
2021-11-23T06:35:39.549Z appoptics:debug connection.rollback() seems to be patched
2021-11-23T06:35:39.549Z appoptics:debug connection.break() seems to be patched
2021-11-23T06:35:39.549Z appoptics:debug connection.release seems to be patched
    âœ“ should include correct isAutoCommit value


  4 passing (155ms)

npm WARN old lockfile 
npm WARN old lockfile The package-lock.json file was created with an old version of npm,
npm WARN old lockfile so supplemental metadata must be fetched from the registry.
npm WARN old lockfile 
npm WARN old lockfile This is a one-time fix-up, please be patient...
npm WARN old lockfile 

changed 1 package, and audited 1078 packages in 5s

80 packages are looking for funding
  run `npm fund` for details

26 vulnerabilities (20 moderate, 4 high, 2 critical)

To address issues that do not require attention, run:
  npm audit fix

To address all issues possible (including breaking changes), run:
  npm audit fix --force

Some issues need review, and may require choosing
a different dependency.

Run `npm audit` for details.
2021-11-23T06:35:45.099Z appoptics:debug read config from /__w/appoptics-apm-node/appoptics-apm-node/appoptics-apm-config
2021-11-23T06:35:45.100Z appoptics:debug guc ignoring APPOPTICS_LOG_SETTINGS
2021-11-23T06:35:45.100Z appoptics:debug serviceKey dIOz...wWK0:ao-node-test
2021-11-23T06:35:45.100Z appoptics:debug using context provider: ace-context
2021-11-23T06:35:45.163Z appoptics:debug apm 10.1.1-prerelease.0, bindings 11.1.0, oboe 10.1.1
2021-11-23T06:35:45.298Z appoptics:patching patched crypto 
2021-11-23T06:35:45.316Z appoptics:patching patched https 
2021-11-23T06:35:45.316Z appoptics:patching patched http 
2021-11-23T06:35:45.346Z appoptics:patching patched oracledb 5.0.0
2021-11-23T06:35:45.349Z appoptics:debug starting runtimeMetrics


  probes.oracledb 5.0.0
    âœ“ UDP might lose a message
2021-11-23T06:35:45.390Z appoptics:debug asking helper to execute test_basic
2021-11-23T06:35:45.390Z appoptics:debug test_basic being executed
2021-11-23T06:35:45.390Z appoptics:debug oracledb wrapping getConnection
2021-11-23T06:35:45.400Z appoptics:debug done with test_basic oracledb.getConnection
2021-11-23T06:35:45.462Z appoptics:debug test_basic query callback invoked
    âœ“ should trace execute calls (77ms)
2021-11-23T06:35:45.474Z appoptics:debug ORACLEDB wrapping createPool
2021-11-23T06:35:45.476Z appoptics:debug oracledb wrapping getConnection
2021-11-23T06:35:45.510Z appoptics:debug connection.execute() seems to be patched
2021-11-23T06:35:45.510Z appoptics:debug connection.commit() seems to be patched
2021-11-23T06:35:45.510Z appoptics:debug connection.rollback() seems to be patched
2021-11-23T06:35:45.510Z appoptics:debug connection.break() seems to be patched
2021-11-23T06:35:45.510Z appoptics:debug connection.release seems to be patched
    âœ“ should trace execute calls in pool (40ms)
2021-11-23T06:35:45.515Z appoptics:debug oracledb wrapping getConnection
2021-11-23T06:35:45.550Z appoptics:debug connection.execute() seems to be patched
2021-11-23T06:35:45.550Z appoptics:debug connection.commit() seems to be patched
2021-11-23T06:35:45.550Z appoptics:debug connection.rollback() seems to be patched
2021-11-23T06:35:45.550Z appoptics:debug connection.break() seems to be patched
2021-11-23T06:35:45.550Z appoptics:debug connection.release seems to be patched
    âœ“ should include correct isAutoCommit value (42ms)


  4 passing (195ms)

npm WARN old lockfile 
npm WARN old lockfile The package-lock.json file was created with an old version of npm,
npm WARN old lockfile so supplemental metadata must be fetched from the registry.
npm WARN old lockfile 
npm WARN old lockfile This is a one-time fix-up, please be patient...
npm WARN old lockfile 

changed 1 package, and audited 1078 packages in 6s

80 packages are looking for funding
  run `npm fund` for details

26 vulnerabilities (20 moderate, 4 high, 2 critical)

To address issues that do not require attention, run:
  npm audit fix

To address all issues possible (including breaking changes), run:
  npm audit fix --force

Some issues need review, and may require choosing
a different dependency.

Run `npm audit` for details.
2021-11-23T06:35:51.847Z appoptics:debug read config from /__w/appoptics-apm-node/appoptics-apm-node/appoptics-apm-config
2021-11-23T06:35:51.847Z appoptics:debug guc ignoring APPOPTICS_LOG_SETTINGS
2021-11-23T06:35:51.847Z appoptics:debug serviceKey dIOz...wWK0:ao-node-test
2021-11-23T06:35:51.848Z appoptics:debug using context provider: ace-context
2021-11-23T06:35:51.906Z appoptics:debug apm 10.1.1-prerelease.0, bindings 11.1.0, oboe 10.1.1
2021-11-23T06:35:52.023Z appoptics:patching patched crypto 
2021-11-23T06:35:52.039Z appoptics:patching patched https 
2021-11-23T06:35:52.040Z appoptics:patching patched http 
2021-11-23T06:35:52.083Z appoptics:patching patched oracledb 5.1.0
2021-11-23T06:35:52.086Z appoptics:debug starting runtimeMetrics


  probes.oracledb 5.1.0
    âœ“ UDP might lose a message
2021-11-23T06:35:52.121Z appoptics:debug asking helper to execute test_basic
2021-11-23T06:35:52.122Z appoptics:debug test_basic being executed
2021-11-23T06:35:52.122Z appoptics:debug oracledb wrapping getConnection
2021-11-23T06:35:52.134Z appoptics:debug done with test_basic oracledb.getConnection
2021-11-23T06:35:52.176Z appoptics:debug test_basic query callback invoked
    âœ“ should trace execute calls (61ms)
2021-11-23T06:35:52.188Z appoptics:debug ORACLEDB wrapping createPool
2021-11-23T06:35:52.190Z appoptics:debug oracledb wrapping getConnection
2021-11-23T06:35:52.231Z appoptics:debug connection.execute() seems to be patched
2021-11-23T06:35:52.231Z appoptics:debug connection.commit() seems to be patched
2021-11-23T06:35:52.231Z appoptics:debug connection.rollback() seems to be patched
2021-11-23T06:35:52.231Z appoptics:debug connection.break() seems to be patched
2021-11-23T06:35:52.231Z appoptics:debug connection.release seems to be patched
    âœ“ should trace execute calls in pool (46ms)
2021-11-23T06:35:52.235Z appoptics:debug oracledb wrapping getConnection
2021-11-23T06:35:52.317Z appoptics:debug connection.execute() seems to be patched
2021-11-23T06:35:52.317Z appoptics:debug connection.commit() seems to be patched
2021-11-23T06:35:52.318Z appoptics:debug connection.rollback() seems to be patched
2021-11-23T06:35:52.318Z appoptics:debug connection.break() seems to be patched
2021-11-23T06:35:52.318Z appoptics:debug connection.release seems to be patched
    âœ“ should include correct isAutoCommit value (90ms)


  4 passing (230ms)

npm WARN old lockfile 
npm WARN old lockfile The package-lock.json file was created with an old version of npm,
npm WARN old lockfile so supplemental metadata must be fetched from the registry.
npm WARN old lockfile 
npm WARN old lockfile This is a one-time fix-up, please be patient...
npm WARN old lockfile 

changed 1 package, and audited 1078 packages in 5s

80 packages are looking for funding
  run `npm fund` for details

26 vulnerabilities (20 moderate, 4 high, 2 critical)

To address issues that do not require attention, run:
  npm audit fix

To address all issues possible (including breaking changes), run:
  npm audit fix --force

Some issues need review, and may require choosing
a different dependency.

Run `npm audit` for details.
2021-11-23T06:35:58.489Z appoptics:debug read config from /__w/appoptics-apm-node/appoptics-apm-node/appoptics-apm-config
2021-11-23T06:35:58.490Z appoptics:debug guc ignoring APPOPTICS_LOG_SETTINGS
2021-11-23T06:35:58.490Z appoptics:debug serviceKey dIOz...wWK0:ao-node-test
2021-11-23T06:35:58.490Z appoptics:debug using context provider: ace-context
2021-11-23T06:35:58.628Z appoptics:debug apm 10.1.1-prerelease.0, bindings 11.1.0, oboe 10.1.1
2021-11-23T06:35:58.839Z appoptics:patching patched crypto 
2021-11-23T06:35:58.870Z appoptics:patching patched https 
2021-11-23T06:35:58.871Z appoptics:patching patched http 
2021-11-23T06:35:58.919Z appoptics:patching patched oracledb 5.2.0
2021-11-23T06:35:58.923Z appoptics:debug starting runtimeMetrics


  probes.oracledb 5.2.0
    âœ“ UDP might lose a message
2021-11-23T06:35:58.977Z appoptics:debug asking helper to execute test_basic
2021-11-23T06:35:58.977Z appoptics:debug test_basic being executed
2021-11-23T06:35:58.978Z appoptics:debug oracledb wrapping getConnection
2021-11-23T06:35:58.990Z appoptics:debug done with test_basic oracledb.getConnection
2021-11-23T06:35:59.039Z appoptics:debug test_basic query callback invoked
    âœ“ should trace execute calls (68ms)
2021-11-23T06:35:59.049Z appoptics:debug ORACLEDB wrapping createPool
2021-11-23T06:35:59.051Z appoptics:debug oracledb wrapping getConnection
2021-11-23T06:35:59.087Z appoptics:debug connection.execute() seems to be patched
2021-11-23T06:35:59.087Z appoptics:debug connection.commit() seems to be patched
2021-11-23T06:35:59.087Z appoptics:debug connection.rollback() seems to be patched
2021-11-23T06:35:59.087Z appoptics:debug connection.break() seems to be patched
2021-11-23T06:35:59.087Z appoptics:debug connection.release seems to be patched
    âœ“ should trace execute calls in pool (42ms)
2021-11-23T06:35:59.091Z appoptics:debug oracledb wrapping getConnection
2021-11-23T06:35:59.140Z appoptics:debug connection.execute() seems to be patched
2021-11-23T06:35:59.141Z appoptics:debug connection.commit() seems to be patched
2021-11-23T06:35:59.141Z appoptics:debug connection.rollback() seems to be patched
2021-11-23T06:35:59.141Z appoptics:debug connection.break() seems to be patched
2021-11-23T06:35:59.141Z appoptics:debug connection.release seems to be patched
    âœ“ should include correct isAutoCommit value (56ms)


  4 passing (206ms)

npm WARN old lockfile 
npm WARN old lockfile The package-lock.json file was created with an old version of npm,
npm WARN old lockfile so supplemental metadata must be fetched from the registry.
npm WARN old lockfile 
npm WARN old lockfile This is a one-time fix-up, please be patient...
npm WARN old lockfile 

changed 1 package, and audited 1078 packages in 5s

80 packages are looking for funding
  run `npm fund` for details

26 vulnerabilities (20 moderate, 4 high, 2 critical)

To address issues that do not require attention, run:
  npm audit fix

To address all issues possible (including breaking changes), run:
  npm audit fix --force

Some issues need review, and may require choosing
a different dependency.

Run `npm audit` for details.
2021-11-23T06:36:04.920Z appoptics:debug read config from /__w/appoptics-apm-node/appoptics-apm-node/appoptics-apm-config
2021-11-23T06:36:04.921Z appoptics:debug guc ignoring APPOPTICS_LOG_SETTINGS
2021-11-23T06:36:04.921Z appoptics:debug serviceKey dIOz...wWK0:ao-node-test
2021-11-23T06:36:04.922Z appoptics:debug using context provider: ace-context
2021-11-23T06:36:04.979Z appoptics:debug apm 10.1.1-prerelease.0, bindings 11.1.0, oboe 10.1.1
2021-11-23T06:36:05.096Z appoptics:patching patched crypto 
2021-11-23T06:36:05.113Z appoptics:patching patched https 
2021-11-23T06:36:05.113Z appoptics:patching patched http 
2021-11-23T06:36:05.148Z appoptics:patching patched oracledb 5.3.0
2021-11-23T06:36:05.151Z appoptics:debug starting runtimeMetrics


  probes.oracledb 5.3.0
    âœ“ UDP might lose a message
2021-11-23T06:36:05.179Z appoptics:debug asking helper to execute test_basic
2021-11-23T06:36:05.180Z appoptics:debug test_basic being executed
2021-11-23T06:36:05.180Z appoptics:debug oracledb wrapping getConnection
2021-11-23T06:36:05.188Z appoptics:debug done with test_basic oracledb.getConnection
2021-11-23T06:36:05.229Z appoptics:debug test_basic query callback invoked
    âœ“ should trace execute calls (54ms)
2021-11-23T06:36:05.236Z appoptics:debug ORACLEDB wrapping createPool
2021-11-23T06:36:05.238Z appoptics:debug oracledb wrapping getConnection
2021-11-23T06:36:05.271Z appoptics:debug connection.execute() seems to be patched
2021-11-23T06:36:05.271Z appoptics:debug connection.commit() seems to be patched
2021-11-23T06:36:05.271Z appoptics:debug connection.rollback() seems to be patched
2021-11-23T06:36:05.271Z appoptics:debug connection.break() seems to be patched
2021-11-23T06:36:05.271Z appoptics:debug connection.release seems to be patched
    âœ“ should trace execute calls in pool (39ms)
2021-11-23T06:36:05.275Z appoptics:debug oracledb wrapping getConnection
2021-11-23T06:36:05.307Z appoptics:debug connection.execute() seems to be patched
2021-11-23T06:36:05.307Z appoptics:debug connection.commit() seems to be patched
2021-11-23T06:36:05.307Z appoptics:debug connection.rollback() seems to be patched
2021-11-23T06:36:05.307Z appoptics:debug connection.break() seems to be patched
2021-11-23T06:36:05.307Z appoptics:debug connection.release seems to be patched
    âœ“ should include correct isAutoCommit value (38ms)


  4 passing (154ms)

npm WARN old lockfile 
npm WARN old lockfile The package-lock.json file was created with an old version of npm,
npm WARN old lockfile so supplemental metadata must be fetched from the registry.
npm WARN old lockfile 
npm WARN old lockfile This is a one-time fix-up, please be patient...
npm WARN old lockfile 

up to date, audited 1078 packages in 6s

80 packages are looking for funding
  run `npm fund` for details

26 vulnerabilities (20 moderate, 4 high, 2 critical)

To address issues that do not require attention, run:
  npm audit fix

To address all issues possible (including breaking changes), run:
  npm audit fix --force

Some issues need review, and may require choosing
a different dependency.

Run `npm audit` for details.
