npm WARN deprecated @hapi/pinpoint@1.0.2: Moved to 'npm install @sideway/pinpoint'
npm WARN deprecated @hapi/teamwork@3.3.1: This version has been deprecated and is no longer supported or maintained
npm WARN deprecated @hapi/topo@3.1.6: This version has been deprecated and is no longer supported or maintained
npm WARN deprecated @hapi/formula@1.2.0: Moved to 'npm install @sideway/formula'
npm WARN deprecated @hapi/address@2.1.4: Moved to 'npm install @sideway/address'
npm WARN deprecated @hapi/iron@5.1.4: This version has been deprecated and is no longer supported or maintained
npm WARN deprecated @hapi/hoek@6.2.4: This version has been deprecated in accordance with the hapi support policy (hapi.im/support). Please upgrade to the latest version to get the best features, bug fixes, and security patches. If you are unable to upgrade at this time, paid support is available for older versions (hapi.im/commercial).
npm WARN deprecated @hapi/joi@15.1.1: Switch to 'npm install joi'
npm WARN deprecated @hapi/pez@4.1.2: This version has been deprecated and is no longer supported or maintained
npm WARN deprecated @hapi/wreck@15.1.0: This version has been deprecated and is no longer supported or maintained
npm WARN deprecated @hapi/nigel@3.1.1: This version has been deprecated and is no longer supported or maintained
npm WARN deprecated @hapi/statehood@6.1.2: This version has been deprecated and is no longer supported or maintained
npm WARN deprecated @hapi/subtext@6.1.3: This version has been deprecated and is no longer supported or maintained
npm WARN deprecated @hapi/somever@2.1.1: This version has been deprecated and is no longer supported or maintained
npm WARN deprecated @hapi/podium@3.4.3: This version has been deprecated and is no longer supported or maintained
npm WARN deprecated @hapi/shot@4.1.2: This version has been deprecated and is no longer supported or maintained
npm WARN deprecated @hapi/bourne@1.3.2: This version has been deprecated and is no longer supported or maintained
npm WARN deprecated @hapi/vise@3.1.1: This version has been deprecated and is no longer supported or maintained
npm WARN deprecated @hapi/mimos@4.1.1: This version has been deprecated and is no longer supported or maintained
npm WARN deprecated @hapi/bounce@1.3.2: This version has been deprecated and is no longer supported or maintained
npm WARN deprecated @hapi/file@1.0.0: This version has been deprecated and is no longer supported or maintained
npm WARN deprecated @hapi/heavy@6.2.2: This version has been deprecated and is no longer supported or maintained
npm WARN deprecated @hapi/b64@4.2.1: This version has been deprecated and is no longer supported or maintained
npm WARN deprecated @hapi/cryptiles@4.2.1: This version has been deprecated and is no longer supported or maintained
npm WARN deprecated @hapi/hoek@8.5.1: This version has been deprecated and is no longer supported or maintained
npm WARN deprecated @hapi/content@4.1.1: This version has been deprecated and is no longer supported or maintained
npm WARN deprecated @hapi/catbox-memory@3.2.0: This version has been deprecated and is no longer supported or maintained
npm WARN deprecated @hapi/hoek@8.5.1: This version has been deprecated and is no longer supported or maintained
npm WARN deprecated @hapi/hoek@8.5.1: This version has been deprecated and is no longer supported or maintained
npm WARN deprecated @hapi/hoek@8.5.1: This version has been deprecated and is no longer supported or maintained
npm WARN deprecated @hapi/hoek@8.5.1: This version has been deprecated and is no longer supported or maintained
npm WARN deprecated @hapi/ammo@3.1.2: This version has been deprecated and is no longer supported or maintained
npm WARN deprecated @hapi/boom@7.4.11: This version has been deprecated and is no longer supported or maintained
npm WARN deprecated @hapi/hoek@8.5.1: This version has been deprecated and is no longer supported or maintained
npm WARN deprecated @hapi/catbox@10.2.3: This version has been deprecated and is no longer supported or maintained
npm WARN deprecated @hapi/hoek@8.5.1: This version has been deprecated and is no longer supported or maintained
npm WARN deprecated @hapi/call@5.1.3: This version has been deprecated and is no longer supported or maintained
npm WARN deprecated @hapi/accept@3.2.4: This version has been deprecated and is no longer supported or maintained
npm WARN deprecated @hapi/hapi@17.9.0: This version has been deprecated in accordance with the hapi support policy (hapi.im/support). Please upgrade to the latest version to get the best features, bug fixes, and security patches. If you are unable to upgrade at this time, paid support is available for older versions (hapi.im/commercial).
npm WARN deprecated @hapi/hoek@8.5.1: This version has been deprecated and is no longer supported or maintained
npm WARN deprecated @hapi/hoek@8.5.1: This version has been deprecated and is no longer supported or maintained
npm WARN deprecated @hapi/hoek@8.5.1: This version has been deprecated and is no longer supported or maintained
npm WARN deprecated @hapi/hoek@8.5.1: This version has been deprecated and is no longer supported or maintained
npm WARN deprecated @hapi/hoek@8.5.1: This version has been deprecated and is no longer supported or maintained
npm WARN deprecated @hapi/hoek@8.5.1: This version has been deprecated and is no longer supported or maintained
npm WARN deprecated @hapi/hoek@8.5.1: This version has been deprecated and is no longer supported or maintained
npm WARN deprecated @hapi/hoek@8.5.1: This version has been deprecated and is no longer supported or maintained
npm WARN deprecated @hapi/hoek@8.5.1: This version has been deprecated and is no longer supported or maintained
npm WARN deprecated @hapi/hoek@8.5.1: This version has been deprecated and is no longer supported or maintained
npm WARN deprecated @hapi/hoek@8.5.1: This version has been deprecated and is no longer supported or maintained
npm WARN deprecated @hapi/hoek@8.5.1: This version has been deprecated and is no longer supported or maintained
npm WARN deprecated @hapi/hoek@8.5.1: This version has been deprecated and is no longer supported or maintained
npm WARN deprecated @hapi/hoek@8.5.1: This version has been deprecated and is no longer supported or maintained
npm WARN deprecated @hapi/joi@16.1.8: Switch to 'npm install joi'
npm WARN deprecated @hapi/joi@16.1.8: Switch to 'npm install joi'
npm WARN deprecated @hapi/joi@16.1.8: Switch to 'npm install joi'
npm WARN deprecated @hapi/joi@16.1.8: Switch to 'npm install joi'
npm WARN deprecated @hapi/joi@16.1.8: Switch to 'npm install joi'

added 36 packages, changed 28 packages, and audited 949 packages in 7s

83 packages are looking for funding
  run `npm fund` for details

13 vulnerabilities (9 moderate, 4 high)

To address issues that do not require attention, run:
  npm audit fix

To address all issues possible (including breaking changes), run:
  npm audit fix --force

Some issues need review, and may require choosing
a different dependency.

Run `npm audit` for details.

up to date, audited 949 packages in 5s

83 packages are looking for funding
  run `npm fund` for details

13 vulnerabilities (9 moderate, 4 high)

To address issues that do not require attention, run:
  npm audit fix

To address all issues possible (including breaking changes), run:
  npm audit fix --force

Some issues need review, and may require choosing
a different dependency.

Run `npm audit` for details.
2022-02-23T04:38:24.244Z appoptics:debug read config from /__w/appoptics-apm-node/appoptics-apm-node/appoptics-apm-config
2022-02-23T04:38:24.244Z appoptics:debug guc ignoring APPOPTICS_LOG_SETTINGS
2022-02-23T04:38:24.244Z appoptics:debug serviceKey dIOz...wWK0:ao-node-test
2022-02-23T04:38:24.245Z appoptics:debug using context provider: ace-context
2022-02-23T04:38:24.317Z appoptics:debug apm 10.2.1, bindings 11.2.0, oboe 10.2.0
2022-02-23T04:38:24.457Z appoptics:patching patched crypto 
2022-02-23T04:38:24.479Z appoptics:patching patched https 
2022-02-23T04:38:24.480Z appoptics:patching patched http 
2022-02-23T04:38:24.539Z appoptics:patching patched zlib 
2022-02-23T04:38:25.001Z appoptics:patching fs.realpath - adding native method
2022-02-23T04:38:25.002Z appoptics:patching patched fs 
2022-02-23T04:38:25.057Z appoptics:patching hapi - v17 not looking for hapi/lib/plugin
2022-02-23T04:38:25.057Z appoptics:patching patched @hapi/hapi 17.9.0
2022-02-23T04:38:25.123Z appoptics:patching patched @hapi/vision 6.1.0
2022-02-23T04:38:25.126Z appoptics:debug starting runtimeMetrics


  probes.@hapi/hapi 17.9.0 @hapi/vision 6.1.0
    ✓ UDP might lose a message
    1) should forward controller/action data from get request
    2) should forward controller/action data from post request
    3) should forward controller/action data from put request
    4) should forward controller/action data from delete request
    5) should trace render span
    6) should skip vision when disabled
    7) should allow a custom TransactionName
    8) should allow a custom TransactionName with domain prefix
    9) should handle an error in the custom name function
    10) should handle a falsey return by the custom name function


  1 passing (104ms)
  10 failing

  1) probes.@hapi/hapi 17.9.0 @hapi/vision 6.1.0
       should forward controller/action data from get request:

      AssertionError [ERR_ASSERTION]: Plugin @hapi/vision requires hapi version >=18.4.0 but found 17.9.0
      + expected - actual

      -false
      +true
      
      at internals.Server.register (node_modules/@hapi/hapi/lib/server.js:419:22)
      at makeServer (test/probes/hapi/hapi-17-and-above.js:135:22)
      at Context.<anonymous> (test/probes/hapi/hapi-17-and-above.js:162:28)
      at processImmediate (node:internal/timers:466:21)
      at process.callbackTrampoline (node:internal/async_hooks:130:17)

  2) probes.@hapi/hapi 17.9.0 @hapi/vision 6.1.0
       should forward controller/action data from post request:

      AssertionError [ERR_ASSERTION]: Plugin @hapi/vision requires hapi version >=18.4.0 but found 17.9.0
      + expected - actual

      -false
      +true
      
      at internals.Server.register (node_modules/@hapi/hapi/lib/server.js:419:22)
      at makeServer (test/probes/hapi/hapi-17-and-above.js:135:22)
      at Context.<anonymous> (test/probes/hapi/hapi-17-and-above.js:162:28)
      at processImmediate (node:internal/timers:466:21)
      at process.callbackTrampoline (node:internal/async_hooks:130:17)

  3) probes.@hapi/hapi 17.9.0 @hapi/vision 6.1.0
       should forward controller/action data from put request:

      AssertionError [ERR_ASSERTION]: Plugin @hapi/vision requires hapi version >=18.4.0 but found 17.9.0
      + expected - actual

      -false
      +true
      
      at internals.Server.register (node_modules/@hapi/hapi/lib/server.js:419:22)
      at makeServer (test/probes/hapi/hapi-17-and-above.js:135:22)
      at Context.<anonymous> (test/probes/hapi/hapi-17-and-above.js:162:28)
      at processImmediate (node:internal/timers:466:21)
      at process.callbackTrampoline (node:internal/async_hooks:130:17)

  4) probes.@hapi/hapi 17.9.0 @hapi/vision 6.1.0
       should forward controller/action data from delete request:

      AssertionError [ERR_ASSERTION]: Plugin @hapi/vision requires hapi version >=18.4.0 but found 17.9.0
      + expected - actual

      -false
      +true
      
      at internals.Server.register (node_modules/@hapi/hapi/lib/server.js:419:22)
      at makeServer (test/probes/hapi/hapi-17-and-above.js:135:22)
      at Context.<anonymous> (test/probes/hapi/hapi-17-and-above.js:162:28)
      at processImmediate (node:internal/timers:466:21)
      at process.callbackTrampoline (node:internal/async_hooks:130:17)

  5) probes.@hapi/hapi 17.9.0 @hapi/vision 6.1.0
       should trace render span:

      AssertionError [ERR_ASSERTION]: Plugin @hapi/vision requires hapi version >=18.4.0 but found 17.9.0
      + expected - actual

      -false
      +true
      
      at internals.Server.register (node_modules/@hapi/hapi/lib/server.js:419:22)
      at makeServer (test/probes/hapi/hapi-17-and-above.js:135:22)
      at makeViewServer (test/probes/hapi/hapi-17-and-above.js:154:12)
      at Context.renderTest (test/probes/hapi/hapi-17-and-above.js:217:26)
      at processImmediate (node:internal/timers:466:21)
      at process.callbackTrampoline (node:internal/async_hooks:130:17)

  6) probes.@hapi/hapi 17.9.0 @hapi/vision 6.1.0
       should skip vision when disabled:

      AssertionError [ERR_ASSERTION]: Plugin @hapi/vision requires hapi version >=18.4.0 but found 17.9.0
      + expected - actual

      -false
      +true
      
      at internals.Server.register (node_modules/@hapi/hapi/lib/server.js:419:22)
      at makeServer (test/probes/hapi/hapi-17-and-above.js:135:22)
      at makeViewServer (test/probes/hapi/hapi-17-and-above.js:154:12)
      at Context.disabledTest (test/probes/hapi/hapi-17-and-above.js:265:26)
      at processImmediate (node:internal/timers:466:21)
      at process.callbackTrampoline (node:internal/async_hooks:130:17)

  7) probes.@hapi/hapi 17.9.0 @hapi/vision 6.1.0
       should allow a custom TransactionName:

      AssertionError [ERR_ASSERTION]: Plugin @hapi/vision requires hapi version >=18.4.0 but found 17.9.0
      + expected - actual

      -false
      +true
      
      at internals.Server.register (node_modules/@hapi/hapi/lib/server.js:419:22)
      at makeServer (test/probes/hapi/hapi-17-and-above.js:135:22)
      at /__w/appoptics-apm-node/appoptics-apm-node/test/probes/hapi/hapi-17-and-above.js:387:67
      at Context.<anonymous> (test/probes/hapi/hapi-17-and-above.js:337:12)
      at processImmediate (node:internal/timers:466:21)
      at process.callbackTrampoline (node:internal/async_hooks:130:17)

  8) probes.@hapi/hapi 17.9.0 @hapi/vision 6.1.0
       should allow a custom TransactionName with domain prefix:

      AssertionError [ERR_ASSERTION]: Plugin @hapi/vision requires hapi version >=18.4.0 but found 17.9.0
      + expected - actual

      -false
      +true
      
      at internals.Server.register (node_modules/@hapi/hapi/lib/server.js:419:22)
      at makeServer (test/probes/hapi/hapi-17-and-above.js:135:22)
      at /__w/appoptics-apm-node/appoptics-apm-node/test/probes/hapi/hapi-17-and-above.js:387:67
      at Context.<anonymous> (test/probes/hapi/hapi-17-and-above.js:350:44)
      at processImmediate (node:internal/timers:466:21)
      at process.callbackTrampoline (node:internal/async_hooks:130:17)

  9) probes.@hapi/hapi 17.9.0 @hapi/vision 6.1.0
       should handle an error in the custom name function:

      AssertionError [ERR_ASSERTION]: Plugin @hapi/vision requires hapi version >=18.4.0 but found 17.9.0
      + expected - actual

      -false
      +true
      
      at internals.Server.register (node_modules/@hapi/hapi/lib/server.js:419:22)
      at makeServer (test/probes/hapi/hapi-17-and-above.js:135:22)
      at /__w/appoptics-apm-node/appoptics-apm-node/test/probes/hapi/hapi-17-and-above.js:387:67
      at Context.<anonymous> (test/probes/hapi/hapi-17-and-above.js:367:45)
      at processImmediate (node:internal/timers:466:21)
      at process.callbackTrampoline (node:internal/async_hooks:130:17)

  10) probes.@hapi/hapi 17.9.0 @hapi/vision 6.1.0
       should handle a falsey return by the custom name function:

      AssertionError [ERR_ASSERTION]: Plugin @hapi/vision requires hapi version >=18.4.0 but found 17.9.0
      + expected - actual

      -false
      +true
      
      at internals.Server.register (node_modules/@hapi/hapi/lib/server.js:419:22)
      at makeServer (test/probes/hapi/hapi-17-and-above.js:135:22)
      at /__w/appoptics-apm-node/appoptics-apm-node/test/probes/hapi/hapi-17-and-above.js:387:67
      at Context.<anonymous> (test/probes/hapi/hapi-17-and-above.js:374:45)
      at processImmediate (node:internal/timers:466:21)
      at process.callbackTrampoline (node:internal/async_hooks:130:17)



npm WARN deprecated @hapi/hoek@8.5.1: This version has been deprecated and is no longer supported or maintained
npm WARN deprecated @hapi/catbox-memory@4.1.1: This version has been deprecated and is no longer supported or maintained
npm WARN deprecated @hapi/hapi@18.2.0: This version contains severe security issues and defects and should not be used! Please upgrade to the latest version of @hapi/hapi or consider a commercial license (https://github.com/hapijs/hapi/issues/4114)

added 1 package, removed 1 package, changed 2 packages, and audited 949 packages in 7s

83 packages are looking for funding
  run `npm fund` for details

13 vulnerabilities (9 moderate, 4 high)

To address issues that do not require attention, run:
  npm audit fix

To address all issues possible (including breaking changes), run:
  npm audit fix --force

Some issues need review, and may require choosing
a different dependency.

Run `npm audit` for details.
2022-02-23T04:38:33.015Z appoptics:debug read config from /__w/appoptics-apm-node/appoptics-apm-node/appoptics-apm-config
2022-02-23T04:38:33.015Z appoptics:debug guc ignoring APPOPTICS_LOG_SETTINGS
2022-02-23T04:38:33.015Z appoptics:debug serviceKey dIOz...wWK0:ao-node-test
2022-02-23T04:38:33.019Z appoptics:debug using context provider: ace-context
2022-02-23T04:38:33.078Z appoptics:debug apm 10.2.1, bindings 11.2.0, oboe 10.2.0
2022-02-23T04:38:33.195Z appoptics:patching patched crypto 
2022-02-23T04:38:33.213Z appoptics:patching patched https 
2022-02-23T04:38:33.213Z appoptics:patching patched http 
2022-02-23T04:38:33.246Z appoptics:patching patched zlib 
2022-02-23T04:38:33.604Z appoptics:patching fs.realpath - adding native method
2022-02-23T04:38:33.604Z appoptics:patching patched fs 
2022-02-23T04:38:33.644Z appoptics:patching hapi - v17 not looking for hapi/lib/plugin
2022-02-23T04:38:33.644Z appoptics:patching patched @hapi/hapi 18.2.0
2022-02-23T04:38:33.692Z appoptics:patching patched @hapi/vision 6.1.0
2022-02-23T04:38:33.704Z appoptics:debug starting runtimeMetrics


  probes.@hapi/hapi 18.2.0 @hapi/vision 6.1.0
    ✓ UDP might lose a message
    1) should forward controller/action data from get request
    2) should forward controller/action data from post request
    3) should forward controller/action data from put request
    4) should forward controller/action data from delete request
    5) should trace render span
    6) should skip vision when disabled
    7) should allow a custom TransactionName
    8) should allow a custom TransactionName with domain prefix
    9) should handle an error in the custom name function
    10) should handle a falsey return by the custom name function


  1 passing (104ms)
  10 failing

  1) probes.@hapi/hapi 18.2.0 @hapi/vision 6.1.0
       should forward controller/action data from get request:

      AssertionError [ERR_ASSERTION]: Plugin @hapi/vision requires hapi version >=18.4.0 but found 18.2.0
      + expected - actual

      -false
      +true
      
      at internals.Server.register (node_modules/@hapi/hapi/lib/server.js:425:22)
      at makeServer (test/probes/hapi/hapi-17-and-above.js:135:22)
      at Context.<anonymous> (test/probes/hapi/hapi-17-and-above.js:162:28)
      at processImmediate (node:internal/timers:466:21)
      at process.callbackTrampoline (node:internal/async_hooks:130:17)

  2) probes.@hapi/hapi 18.2.0 @hapi/vision 6.1.0
       should forward controller/action data from post request:

      AssertionError [ERR_ASSERTION]: Plugin @hapi/vision requires hapi version >=18.4.0 but found 18.2.0
      + expected - actual

      -false
      +true
      
      at internals.Server.register (node_modules/@hapi/hapi/lib/server.js:425:22)
      at makeServer (test/probes/hapi/hapi-17-and-above.js:135:22)
      at Context.<anonymous> (test/probes/hapi/hapi-17-and-above.js:162:28)
      at processImmediate (node:internal/timers:466:21)
      at process.callbackTrampoline (node:internal/async_hooks:130:17)

  3) probes.@hapi/hapi 18.2.0 @hapi/vision 6.1.0
       should forward controller/action data from put request:

      AssertionError [ERR_ASSERTION]: Plugin @hapi/vision requires hapi version >=18.4.0 but found 18.2.0
      + expected - actual

      -false
      +true
      
      at internals.Server.register (node_modules/@hapi/hapi/lib/server.js:425:22)
      at makeServer (test/probes/hapi/hapi-17-and-above.js:135:22)
      at Context.<anonymous> (test/probes/hapi/hapi-17-and-above.js:162:28)
      at processImmediate (node:internal/timers:466:21)
      at process.callbackTrampoline (node:internal/async_hooks:130:17)

  4) probes.@hapi/hapi 18.2.0 @hapi/vision 6.1.0
       should forward controller/action data from delete request:

      AssertionError [ERR_ASSERTION]: Plugin @hapi/vision requires hapi version >=18.4.0 but found 18.2.0
      + expected - actual

      -false
      +true
      
      at internals.Server.register (node_modules/@hapi/hapi/lib/server.js:425:22)
      at makeServer (test/probes/hapi/hapi-17-and-above.js:135:22)
      at Context.<anonymous> (test/probes/hapi/hapi-17-and-above.js:162:28)
      at processImmediate (node:internal/timers:466:21)
      at process.callbackTrampoline (node:internal/async_hooks:130:17)

  5) probes.@hapi/hapi 18.2.0 @hapi/vision 6.1.0
       should trace render span:

      AssertionError [ERR_ASSERTION]: Plugin @hapi/vision requires hapi version >=18.4.0 but found 18.2.0
      + expected - actual

      -false
      +true
      
      at internals.Server.register (node_modules/@hapi/hapi/lib/server.js:425:22)
      at makeServer (test/probes/hapi/hapi-17-and-above.js:135:22)
      at makeViewServer (test/probes/hapi/hapi-17-and-above.js:154:12)
      at Context.renderTest (test/probes/hapi/hapi-17-and-above.js:217:26)
      at processImmediate (node:internal/timers:466:21)
      at process.callbackTrampoline (node:internal/async_hooks:130:17)

  6) probes.@hapi/hapi 18.2.0 @hapi/vision 6.1.0
       should skip vision when disabled:

      AssertionError [ERR_ASSERTION]: Plugin @hapi/vision requires hapi version >=18.4.0 but found 18.2.0
      + expected - actual

      -false
      +true
      
      at internals.Server.register (node_modules/@hapi/hapi/lib/server.js:425:22)
      at makeServer (test/probes/hapi/hapi-17-and-above.js:135:22)
      at makeViewServer (test/probes/hapi/hapi-17-and-above.js:154:12)
      at Context.disabledTest (test/probes/hapi/hapi-17-and-above.js:265:26)
      at processImmediate (node:internal/timers:466:21)
      at process.callbackTrampoline (node:internal/async_hooks:130:17)

  7) probes.@hapi/hapi 18.2.0 @hapi/vision 6.1.0
       should allow a custom TransactionName:

      AssertionError [ERR_ASSERTION]: Plugin @hapi/vision requires hapi version >=18.4.0 but found 18.2.0
      + expected - actual

      -false
      +true
      
      at internals.Server.register (node_modules/@hapi/hapi/lib/server.js:425:22)
      at makeServer (test/probes/hapi/hapi-17-and-above.js:135:22)
      at /__w/appoptics-apm-node/appoptics-apm-node/test/probes/hapi/hapi-17-and-above.js:387:67
      at Context.<anonymous> (test/probes/hapi/hapi-17-and-above.js:337:12)
      at processImmediate (node:internal/timers:466:21)
      at process.callbackTrampoline (node:internal/async_hooks:130:17)

  8) probes.@hapi/hapi 18.2.0 @hapi/vision 6.1.0
       should allow a custom TransactionName with domain prefix:

      AssertionError [ERR_ASSERTION]: Plugin @hapi/vision requires hapi version >=18.4.0 but found 18.2.0
      + expected - actual

      -false
      +true
      
      at internals.Server.register (node_modules/@hapi/hapi/lib/server.js:425:22)
      at makeServer (test/probes/hapi/hapi-17-and-above.js:135:22)
      at /__w/appoptics-apm-node/appoptics-apm-node/test/probes/hapi/hapi-17-and-above.js:387:67
      at Context.<anonymous> (test/probes/hapi/hapi-17-and-above.js:350:44)
      at processImmediate (node:internal/timers:466:21)
      at process.callbackTrampoline (node:internal/async_hooks:130:17)

  9) probes.@hapi/hapi 18.2.0 @hapi/vision 6.1.0
       should handle an error in the custom name function:

      AssertionError [ERR_ASSERTION]: Plugin @hapi/vision requires hapi version >=18.4.0 but found 18.2.0
      + expected - actual

      -false
      +true
      
      at internals.Server.register (node_modules/@hapi/hapi/lib/server.js:425:22)
      at makeServer (test/probes/hapi/hapi-17-and-above.js:135:22)
      at /__w/appoptics-apm-node/appoptics-apm-node/test/probes/hapi/hapi-17-and-above.js:387:67
      at Context.<anonymous> (test/probes/hapi/hapi-17-and-above.js:367:45)
      at processImmediate (node:internal/timers:466:21)
      at process.callbackTrampoline (node:internal/async_hooks:130:17)

  10) probes.@hapi/hapi 18.2.0 @hapi/vision 6.1.0
       should handle a falsey return by the custom name function:

      AssertionError [ERR_ASSERTION]: Plugin @hapi/vision requires hapi version >=18.4.0 but found 18.2.0
      + expected - actual

      -false
      +true
      
      at internals.Server.register (node_modules/@hapi/hapi/lib/server.js:425:22)
      at makeServer (test/probes/hapi/hapi-17-and-above.js:135:22)
      at /__w/appoptics-apm-node/appoptics-apm-node/test/probes/hapi/hapi-17-and-above.js:387:67
      at Context.<anonymous> (test/probes/hapi/hapi-17-and-above.js:374:45)
      at processImmediate (node:internal/timers:466:21)
      at process.callbackTrampoline (node:internal/async_hooks:130:17)



npm WARN deprecated @hapi/hapi@18.3.0: This version contains severe security issues and defects and should not be used! Please upgrade to the latest version of @hapi/hapi or consider a commercial license (https://github.com/hapijs/hapi/issues/4114)

changed 1 package, and audited 949 packages in 6s

83 packages are looking for funding
  run `npm fund` for details

13 vulnerabilities (9 moderate, 4 high)

To address issues that do not require attention, run:
  npm audit fix

To address all issues possible (including breaking changes), run:
  npm audit fix --force

Some issues need review, and may require choosing
a different dependency.

Run `npm audit` for details.
2022-02-23T04:38:39.865Z appoptics:debug read config from /__w/appoptics-apm-node/appoptics-apm-node/appoptics-apm-config
2022-02-23T04:38:39.866Z appoptics:debug guc ignoring APPOPTICS_LOG_SETTINGS
2022-02-23T04:38:39.866Z appoptics:debug serviceKey dIOz...wWK0:ao-node-test
2022-02-23T04:38:39.866Z appoptics:debug using context provider: ace-context
2022-02-23T04:38:39.925Z appoptics:debug apm 10.2.1, bindings 11.2.0, oboe 10.2.0
2022-02-23T04:38:40.045Z appoptics:patching patched crypto 
2022-02-23T04:38:40.063Z appoptics:patching patched https 
2022-02-23T04:38:40.063Z appoptics:patching patched http 
2022-02-23T04:38:40.100Z appoptics:patching patched zlib 
2022-02-23T04:38:40.510Z appoptics:patching fs.realpath - adding native method
2022-02-23T04:38:40.511Z appoptics:patching patched fs 
2022-02-23T04:38:40.550Z appoptics:patching hapi - v17 not looking for hapi/lib/plugin
2022-02-23T04:38:40.550Z appoptics:patching patched @hapi/hapi 18.3.0
2022-02-23T04:38:40.599Z appoptics:patching patched @hapi/vision 6.1.0
2022-02-23T04:38:40.603Z appoptics:debug starting runtimeMetrics


  probes.@hapi/hapi 18.3.0 @hapi/vision 6.1.0
    ✓ UDP might lose a message
    1) should forward controller/action data from get request
    2) should forward controller/action data from post request
    3) should forward controller/action data from put request
    4) should forward controller/action data from delete request
    5) should trace render span
    6) should skip vision when disabled
    7) should allow a custom TransactionName
    8) should allow a custom TransactionName with domain prefix
    9) should handle an error in the custom name function
    10) should handle a falsey return by the custom name function


  1 passing (89ms)
  10 failing

  1) probes.@hapi/hapi 18.3.0 @hapi/vision 6.1.0
       should forward controller/action data from get request:

      AssertionError [ERR_ASSERTION]: Plugin @hapi/vision requires hapi version >=18.4.0 but found 18.3.0
      + expected - actual

      -false
      +true
      
      at internals.Server.register (node_modules/@hapi/hapi/lib/server.js:425:22)
      at makeServer (test/probes/hapi/hapi-17-and-above.js:135:22)
      at Context.<anonymous> (test/probes/hapi/hapi-17-and-above.js:162:28)
      at processImmediate (node:internal/timers:466:21)
      at process.callbackTrampoline (node:internal/async_hooks:130:17)

  2) probes.@hapi/hapi 18.3.0 @hapi/vision 6.1.0
       should forward controller/action data from post request:

      AssertionError [ERR_ASSERTION]: Plugin @hapi/vision requires hapi version >=18.4.0 but found 18.3.0
      + expected - actual

      -false
      +true
      
      at internals.Server.register (node_modules/@hapi/hapi/lib/server.js:425:22)
      at makeServer (test/probes/hapi/hapi-17-and-above.js:135:22)
      at Context.<anonymous> (test/probes/hapi/hapi-17-and-above.js:162:28)
      at processImmediate (node:internal/timers:466:21)
      at process.callbackTrampoline (node:internal/async_hooks:130:17)

  3) probes.@hapi/hapi 18.3.0 @hapi/vision 6.1.0
       should forward controller/action data from put request:

      AssertionError [ERR_ASSERTION]: Plugin @hapi/vision requires hapi version >=18.4.0 but found 18.3.0
      + expected - actual

      -false
      +true
      
      at internals.Server.register (node_modules/@hapi/hapi/lib/server.js:425:22)
      at makeServer (test/probes/hapi/hapi-17-and-above.js:135:22)
      at Context.<anonymous> (test/probes/hapi/hapi-17-and-above.js:162:28)
      at processImmediate (node:internal/timers:466:21)
      at process.callbackTrampoline (node:internal/async_hooks:130:17)

  4) probes.@hapi/hapi 18.3.0 @hapi/vision 6.1.0
       should forward controller/action data from delete request:

      AssertionError [ERR_ASSERTION]: Plugin @hapi/vision requires hapi version >=18.4.0 but found 18.3.0
      + expected - actual

      -false
      +true
      
      at internals.Server.register (node_modules/@hapi/hapi/lib/server.js:425:22)
      at makeServer (test/probes/hapi/hapi-17-and-above.js:135:22)
      at Context.<anonymous> (test/probes/hapi/hapi-17-and-above.js:162:28)
      at processImmediate (node:internal/timers:466:21)
      at process.callbackTrampoline (node:internal/async_hooks:130:17)

  5) probes.@hapi/hapi 18.3.0 @hapi/vision 6.1.0
       should trace render span:

      AssertionError [ERR_ASSERTION]: Plugin @hapi/vision requires hapi version >=18.4.0 but found 18.3.0
      + expected - actual

      -false
      +true
      
      at internals.Server.register (node_modules/@hapi/hapi/lib/server.js:425:22)
      at makeServer (test/probes/hapi/hapi-17-and-above.js:135:22)
      at makeViewServer (test/probes/hapi/hapi-17-and-above.js:154:12)
      at Context.renderTest (test/probes/hapi/hapi-17-and-above.js:217:26)
      at processImmediate (node:internal/timers:466:21)
      at process.callbackTrampoline (node:internal/async_hooks:130:17)

  6) probes.@hapi/hapi 18.3.0 @hapi/vision 6.1.0
       should skip vision when disabled:

      AssertionError [ERR_ASSERTION]: Plugin @hapi/vision requires hapi version >=18.4.0 but found 18.3.0
      + expected - actual

      -false
      +true
      
      at internals.Server.register (node_modules/@hapi/hapi/lib/server.js:425:22)
      at makeServer (test/probes/hapi/hapi-17-and-above.js:135:22)
      at makeViewServer (test/probes/hapi/hapi-17-and-above.js:154:12)
      at Context.disabledTest (test/probes/hapi/hapi-17-and-above.js:265:26)
      at processImmediate (node:internal/timers:466:21)
      at process.callbackTrampoline (node:internal/async_hooks:130:17)

  7) probes.@hapi/hapi 18.3.0 @hapi/vision 6.1.0
       should allow a custom TransactionName:

      AssertionError [ERR_ASSERTION]: Plugin @hapi/vision requires hapi version >=18.4.0 but found 18.3.0
      + expected - actual

      -false
      +true
      
      at internals.Server.register (node_modules/@hapi/hapi/lib/server.js:425:22)
      at makeServer (test/probes/hapi/hapi-17-and-above.js:135:22)
      at /__w/appoptics-apm-node/appoptics-apm-node/test/probes/hapi/hapi-17-and-above.js:387:67
      at Context.<anonymous> (test/probes/hapi/hapi-17-and-above.js:337:12)
      at processImmediate (node:internal/timers:466:21)
      at process.callbackTrampoline (node:internal/async_hooks:130:17)

  8) probes.@hapi/hapi 18.3.0 @hapi/vision 6.1.0
       should allow a custom TransactionName with domain prefix:

      AssertionError [ERR_ASSERTION]: Plugin @hapi/vision requires hapi version >=18.4.0 but found 18.3.0
      + expected - actual

      -false
      +true
      
      at internals.Server.register (node_modules/@hapi/hapi/lib/server.js:425:22)
      at makeServer (test/probes/hapi/hapi-17-and-above.js:135:22)
      at /__w/appoptics-apm-node/appoptics-apm-node/test/probes/hapi/hapi-17-and-above.js:387:67
      at Context.<anonymous> (test/probes/hapi/hapi-17-and-above.js:350:44)
      at processImmediate (node:internal/timers:466:21)
      at process.callbackTrampoline (node:internal/async_hooks:130:17)

  9) probes.@hapi/hapi 18.3.0 @hapi/vision 6.1.0
       should handle an error in the custom name function:

      AssertionError [ERR_ASSERTION]: Plugin @hapi/vision requires hapi version >=18.4.0 but found 18.3.0
      + expected - actual

      -false
      +true
      
      at internals.Server.register (node_modules/@hapi/hapi/lib/server.js:425:22)
      at makeServer (test/probes/hapi/hapi-17-and-above.js:135:22)
      at /__w/appoptics-apm-node/appoptics-apm-node/test/probes/hapi/hapi-17-and-above.js:387:67
      at Context.<anonymous> (test/probes/hapi/hapi-17-and-above.js:367:45)
      at processImmediate (node:internal/timers:466:21)
      at process.callbackTrampoline (node:internal/async_hooks:130:17)

  10) probes.@hapi/hapi 18.3.0 @hapi/vision 6.1.0
       should handle a falsey return by the custom name function:

      AssertionError [ERR_ASSERTION]: Plugin @hapi/vision requires hapi version >=18.4.0 but found 18.3.0
      + expected - actual

      -false
      +true
      
      at internals.Server.register (node_modules/@hapi/hapi/lib/server.js:425:22)
      at makeServer (test/probes/hapi/hapi-17-and-above.js:135:22)
      at /__w/appoptics-apm-node/appoptics-apm-node/test/probes/hapi/hapi-17-and-above.js:387:67
      at Context.<anonymous> (test/probes/hapi/hapi-17-and-above.js:374:45)
      at processImmediate (node:internal/timers:466:21)
      at process.callbackTrampoline (node:internal/async_hooks:130:17)



npm WARN deprecated @hapi/hapi@18.3.1: This version contains severe security issues and defects and should not be used! Please upgrade to the latest version of @hapi/hapi or consider a commercial license (https://github.com/hapijs/hapi/issues/4114)

changed 1 package, and audited 949 packages in 6s

83 packages are looking for funding
  run `npm fund` for details

13 vulnerabilities (9 moderate, 4 high)

To address issues that do not require attention, run:
  npm audit fix

To address all issues possible (including breaking changes), run:
  npm audit fix --force

Some issues need review, and may require choosing
a different dependency.

Run `npm audit` for details.
2022-02-23T04:38:47.161Z appoptics:debug read config from /__w/appoptics-apm-node/appoptics-apm-node/appoptics-apm-config
2022-02-23T04:38:47.162Z appoptics:debug guc ignoring APPOPTICS_LOG_SETTINGS
2022-02-23T04:38:47.162Z appoptics:debug serviceKey dIOz...wWK0:ao-node-test
2022-02-23T04:38:47.162Z appoptics:debug using context provider: ace-context
2022-02-23T04:38:47.220Z appoptics:debug apm 10.2.1, bindings 11.2.0, oboe 10.2.0
2022-02-23T04:38:47.340Z appoptics:patching patched crypto 
2022-02-23T04:38:47.358Z appoptics:patching patched https 
2022-02-23T04:38:47.358Z appoptics:patching patched http 
2022-02-23T04:38:47.400Z appoptics:patching patched zlib 
2022-02-23T04:38:47.768Z appoptics:patching fs.realpath - adding native method
2022-02-23T04:38:47.769Z appoptics:patching patched fs 
2022-02-23T04:38:47.809Z appoptics:patching hapi - v17 not looking for hapi/lib/plugin
2022-02-23T04:38:47.809Z appoptics:patching patched @hapi/hapi 18.3.1
2022-02-23T04:38:47.864Z appoptics:patching patched @hapi/vision 6.1.0
2022-02-23T04:38:47.867Z appoptics:debug starting runtimeMetrics


  probes.@hapi/hapi 18.3.1 @hapi/vision 6.1.0
    ✓ UDP might lose a message
    1) should forward controller/action data from get request
    2) should forward controller/action data from post request
    3) should forward controller/action data from put request
    4) should forward controller/action data from delete request
    5) should trace render span
    6) should skip vision when disabled
    7) should allow a custom TransactionName
    8) should allow a custom TransactionName with domain prefix
    9) should handle an error in the custom name function
    10) should handle a falsey return by the custom name function


  1 passing (74ms)
  10 failing

  1) probes.@hapi/hapi 18.3.1 @hapi/vision 6.1.0
       should forward controller/action data from get request:

      AssertionError [ERR_ASSERTION]: Plugin @hapi/vision requires hapi version >=18.4.0 but found 18.3.1
      + expected - actual

      -false
      +true
      
      at internals.Server.register (node_modules/@hapi/hapi/lib/server.js:425:22)
      at makeServer (test/probes/hapi/hapi-17-and-above.js:135:22)
      at Context.<anonymous> (test/probes/hapi/hapi-17-and-above.js:162:28)
      at processImmediate (node:internal/timers:466:21)
      at process.callbackTrampoline (node:internal/async_hooks:130:17)

  2) probes.@hapi/hapi 18.3.1 @hapi/vision 6.1.0
       should forward controller/action data from post request:

      AssertionError [ERR_ASSERTION]: Plugin @hapi/vision requires hapi version >=18.4.0 but found 18.3.1
      + expected - actual

      -false
      +true
      
      at internals.Server.register (node_modules/@hapi/hapi/lib/server.js:425:22)
      at makeServer (test/probes/hapi/hapi-17-and-above.js:135:22)
      at Context.<anonymous> (test/probes/hapi/hapi-17-and-above.js:162:28)
      at processImmediate (node:internal/timers:466:21)
      at process.callbackTrampoline (node:internal/async_hooks:130:17)

  3) probes.@hapi/hapi 18.3.1 @hapi/vision 6.1.0
       should forward controller/action data from put request:

      AssertionError [ERR_ASSERTION]: Plugin @hapi/vision requires hapi version >=18.4.0 but found 18.3.1
      + expected - actual

      -false
      +true
      
      at internals.Server.register (node_modules/@hapi/hapi/lib/server.js:425:22)
      at makeServer (test/probes/hapi/hapi-17-and-above.js:135:22)
      at Context.<anonymous> (test/probes/hapi/hapi-17-and-above.js:162:28)
      at processImmediate (node:internal/timers:466:21)
      at process.callbackTrampoline (node:internal/async_hooks:130:17)

  4) probes.@hapi/hapi 18.3.1 @hapi/vision 6.1.0
       should forward controller/action data from delete request:

      AssertionError [ERR_ASSERTION]: Plugin @hapi/vision requires hapi version >=18.4.0 but found 18.3.1
      + expected - actual

      -false
      +true
      
      at internals.Server.register (node_modules/@hapi/hapi/lib/server.js:425:22)
      at makeServer (test/probes/hapi/hapi-17-and-above.js:135:22)
      at Context.<anonymous> (test/probes/hapi/hapi-17-and-above.js:162:28)
      at processImmediate (node:internal/timers:466:21)
      at process.callbackTrampoline (node:internal/async_hooks:130:17)

  5) probes.@hapi/hapi 18.3.1 @hapi/vision 6.1.0
       should trace render span:

      AssertionError [ERR_ASSERTION]: Plugin @hapi/vision requires hapi version >=18.4.0 but found 18.3.1
      + expected - actual

      -false
      +true
      
      at internals.Server.register (node_modules/@hapi/hapi/lib/server.js:425:22)
      at makeServer (test/probes/hapi/hapi-17-and-above.js:135:22)
      at makeViewServer (test/probes/hapi/hapi-17-and-above.js:154:12)
      at Context.renderTest (test/probes/hapi/hapi-17-and-above.js:217:26)
      at processImmediate (node:internal/timers:466:21)
      at process.callbackTrampoline (node:internal/async_hooks:130:17)

  6) probes.@hapi/hapi 18.3.1 @hapi/vision 6.1.0
       should skip vision when disabled:

      AssertionError [ERR_ASSERTION]: Plugin @hapi/vision requires hapi version >=18.4.0 but found 18.3.1
      + expected - actual

      -false
      +true
      
      at internals.Server.register (node_modules/@hapi/hapi/lib/server.js:425:22)
      at makeServer (test/probes/hapi/hapi-17-and-above.js:135:22)
      at makeViewServer (test/probes/hapi/hapi-17-and-above.js:154:12)
      at Context.disabledTest (test/probes/hapi/hapi-17-and-above.js:265:26)
      at processImmediate (node:internal/timers:466:21)
      at process.callbackTrampoline (node:internal/async_hooks:130:17)

  7) probes.@hapi/hapi 18.3.1 @hapi/vision 6.1.0
       should allow a custom TransactionName:

      AssertionError [ERR_ASSERTION]: Plugin @hapi/vision requires hapi version >=18.4.0 but found 18.3.1
      + expected - actual

      -false
      +true
      
      at internals.Server.register (node_modules/@hapi/hapi/lib/server.js:425:22)
      at makeServer (test/probes/hapi/hapi-17-and-above.js:135:22)
      at /__w/appoptics-apm-node/appoptics-apm-node/test/probes/hapi/hapi-17-and-above.js:387:67
      at Context.<anonymous> (test/probes/hapi/hapi-17-and-above.js:337:12)
      at processImmediate (node:internal/timers:466:21)
      at process.callbackTrampoline (node:internal/async_hooks:130:17)

  8) probes.@hapi/hapi 18.3.1 @hapi/vision 6.1.0
       should allow a custom TransactionName with domain prefix:

      AssertionError [ERR_ASSERTION]: Plugin @hapi/vision requires hapi version >=18.4.0 but found 18.3.1
      + expected - actual

      -false
      +true
      
      at internals.Server.register (node_modules/@hapi/hapi/lib/server.js:425:22)
      at makeServer (test/probes/hapi/hapi-17-and-above.js:135:22)
      at /__w/appoptics-apm-node/appoptics-apm-node/test/probes/hapi/hapi-17-and-above.js:387:67
      at Context.<anonymous> (test/probes/hapi/hapi-17-and-above.js:350:44)
      at processImmediate (node:internal/timers:466:21)
      at process.callbackTrampoline (node:internal/async_hooks:130:17)

  9) probes.@hapi/hapi 18.3.1 @hapi/vision 6.1.0
       should handle an error in the custom name function:

      AssertionError [ERR_ASSERTION]: Plugin @hapi/vision requires hapi version >=18.4.0 but found 18.3.1
      + expected - actual

      -false
      +true
      
      at internals.Server.register (node_modules/@hapi/hapi/lib/server.js:425:22)
      at makeServer (test/probes/hapi/hapi-17-and-above.js:135:22)
      at /__w/appoptics-apm-node/appoptics-apm-node/test/probes/hapi/hapi-17-and-above.js:387:67
      at Context.<anonymous> (test/probes/hapi/hapi-17-and-above.js:367:45)
      at processImmediate (node:internal/timers:466:21)
      at process.callbackTrampoline (node:internal/async_hooks:130:17)

  10) probes.@hapi/hapi 18.3.1 @hapi/vision 6.1.0
       should handle a falsey return by the custom name function:

      AssertionError [ERR_ASSERTION]: Plugin @hapi/vision requires hapi version >=18.4.0 but found 18.3.1
      + expected - actual

      -false
      +true
      
      at internals.Server.register (node_modules/@hapi/hapi/lib/server.js:425:22)
      at makeServer (test/probes/hapi/hapi-17-and-above.js:135:22)
      at /__w/appoptics-apm-node/appoptics-apm-node/test/probes/hapi/hapi-17-and-above.js:387:67
      at Context.<anonymous> (test/probes/hapi/hapi-17-and-above.js:374:45)
      at processImmediate (node:internal/timers:466:21)
      at process.callbackTrampoline (node:internal/async_hooks:130:17)



npm WARN deprecated @hapi/hoek@8.5.1: This version has been deprecated and is no longer supported or maintained
npm WARN deprecated @hapi/hapi@18.3.2: This version contains severe security issues and defects and should not be used! Please upgrade to the latest version of @hapi/hapi or consider a commercial license (https://github.com/hapijs/hapi/issues/4114)

removed 22 packages, changed 2 packages, and audited 927 packages in 5s

83 packages are looking for funding
  run `npm fund` for details

13 vulnerabilities (9 moderate, 4 high)

To address issues that do not require attention, run:
  npm audit fix

To address all issues possible (including breaking changes), run:
  npm audit fix --force

Some issues need review, and may require choosing
a different dependency.

Run `npm audit` for details.
2022-02-23T04:38:53.889Z appoptics:debug read config from /__w/appoptics-apm-node/appoptics-apm-node/appoptics-apm-config
2022-02-23T04:38:53.889Z appoptics:debug guc ignoring APPOPTICS_LOG_SETTINGS
2022-02-23T04:38:53.889Z appoptics:debug serviceKey dIOz...wWK0:ao-node-test
2022-02-23T04:38:53.891Z appoptics:debug using context provider: ace-context
2022-02-23T04:38:53.963Z appoptics:debug apm 10.2.1, bindings 11.2.0, oboe 10.2.0
2022-02-23T04:38:54.104Z appoptics:patching patched crypto 
2022-02-23T04:38:54.122Z appoptics:patching patched https 
2022-02-23T04:38:54.123Z appoptics:patching patched http 
2022-02-23T04:38:54.182Z appoptics:patching patched zlib 
2022-02-23T04:38:54.562Z appoptics:patching fs.realpath - adding native method
2022-02-23T04:38:54.563Z appoptics:patching patched fs 
2022-02-23T04:38:54.580Z appoptics:patching hapi - v17 not looking for hapi/lib/plugin
2022-02-23T04:38:54.580Z appoptics:patching patched @hapi/hapi 18.3.2
2022-02-23T04:38:54.639Z appoptics:patching patched @hapi/vision 6.1.0
2022-02-23T04:38:54.644Z appoptics:debug starting runtimeMetrics


  probes.@hapi/hapi 18.3.2 @hapi/vision 6.1.0
    ✓ UDP might lose a message
    1) should forward controller/action data from get request
    2) should forward controller/action data from post request
    3) should forward controller/action data from put request
    4) should forward controller/action data from delete request
    5) should trace render span
    6) should skip vision when disabled
    7) should allow a custom TransactionName
    8) should allow a custom TransactionName with domain prefix
    9) should handle an error in the custom name function
    10) should handle a falsey return by the custom name function


  1 passing (133ms)
  10 failing

  1) probes.@hapi/hapi 18.3.2 @hapi/vision 6.1.0
       should forward controller/action data from get request:
     Error: Plugin @hapi/vision requires hapi version >=18.4.0 but found 18.3.2
      at new module.exports (node_modules/@hapi/hoek/lib/error.js:23:19)
      at Object.module.exports [as assert] (node_modules/@hapi/hoek/lib/assert.js:20:11)
      at internals.Server.register (node_modules/@hapi/hapi/lib/server.js:425:22)
      at makeServer (test/probes/hapi/hapi-17-and-above.js:135:22)
      at Context.<anonymous> (test/probes/hapi/hapi-17-and-above.js:162:28)
      at processImmediate (node:internal/timers:466:21)
      at process.callbackTrampoline (node:internal/async_hooks:130:17)

  2) probes.@hapi/hapi 18.3.2 @hapi/vision 6.1.0
       should forward controller/action data from post request:
     Error: Plugin @hapi/vision requires hapi version >=18.4.0 but found 18.3.2
      at new module.exports (node_modules/@hapi/hoek/lib/error.js:23:19)
      at Object.module.exports [as assert] (node_modules/@hapi/hoek/lib/assert.js:20:11)
      at internals.Server.register (node_modules/@hapi/hapi/lib/server.js:425:22)
      at makeServer (test/probes/hapi/hapi-17-and-above.js:135:22)
      at Context.<anonymous> (test/probes/hapi/hapi-17-and-above.js:162:28)
      at processImmediate (node:internal/timers:466:21)
      at process.callbackTrampoline (node:internal/async_hooks:130:17)

  3) probes.@hapi/hapi 18.3.2 @hapi/vision 6.1.0
       should forward controller/action data from put request:
     Error: Plugin @hapi/vision requires hapi version >=18.4.0 but found 18.3.2
      at new module.exports (node_modules/@hapi/hoek/lib/error.js:23:19)
      at Object.module.exports [as assert] (node_modules/@hapi/hoek/lib/assert.js:20:11)
      at internals.Server.register (node_modules/@hapi/hapi/lib/server.js:425:22)
      at makeServer (test/probes/hapi/hapi-17-and-above.js:135:22)
      at Context.<anonymous> (test/probes/hapi/hapi-17-and-above.js:162:28)
      at processImmediate (node:internal/timers:466:21)
      at process.callbackTrampoline (node:internal/async_hooks:130:17)

  4) probes.@hapi/hapi 18.3.2 @hapi/vision 6.1.0
       should forward controller/action data from delete request:
     Error: Plugin @hapi/vision requires hapi version >=18.4.0 but found 18.3.2
      at new module.exports (node_modules/@hapi/hoek/lib/error.js:23:19)
      at Object.module.exports [as assert] (node_modules/@hapi/hoek/lib/assert.js:20:11)
      at internals.Server.register (node_modules/@hapi/hapi/lib/server.js:425:22)
      at makeServer (test/probes/hapi/hapi-17-and-above.js:135:22)
      at Context.<anonymous> (test/probes/hapi/hapi-17-and-above.js:162:28)
      at processImmediate (node:internal/timers:466:21)
      at process.callbackTrampoline (node:internal/async_hooks:130:17)

  5) probes.@hapi/hapi 18.3.2 @hapi/vision 6.1.0
       should trace render span:
     Error: Plugin @hapi/vision requires hapi version >=18.4.0 but found 18.3.2
      at new module.exports (node_modules/@hapi/hoek/lib/error.js:23:19)
      at Object.module.exports [as assert] (node_modules/@hapi/hoek/lib/assert.js:20:11)
      at internals.Server.register (node_modules/@hapi/hapi/lib/server.js:425:22)
      at makeServer (test/probes/hapi/hapi-17-and-above.js:135:22)
      at makeViewServer (test/probes/hapi/hapi-17-and-above.js:154:12)
      at Context.renderTest (test/probes/hapi/hapi-17-and-above.js:217:26)
      at processImmediate (node:internal/timers:466:21)
      at process.callbackTrampoline (node:internal/async_hooks:130:17)

  6) probes.@hapi/hapi 18.3.2 @hapi/vision 6.1.0
       should skip vision when disabled:
     Error: Plugin @hapi/vision requires hapi version >=18.4.0 but found 18.3.2
      at new module.exports (node_modules/@hapi/hoek/lib/error.js:23:19)
      at Object.module.exports [as assert] (node_modules/@hapi/hoek/lib/assert.js:20:11)
      at internals.Server.register (node_modules/@hapi/hapi/lib/server.js:425:22)
      at makeServer (test/probes/hapi/hapi-17-and-above.js:135:22)
      at makeViewServer (test/probes/hapi/hapi-17-and-above.js:154:12)
      at Context.disabledTest (test/probes/hapi/hapi-17-and-above.js:265:26)
      at processImmediate (node:internal/timers:466:21)
      at process.callbackTrampoline (node:internal/async_hooks:130:17)

  7) probes.@hapi/hapi 18.3.2 @hapi/vision 6.1.0
       should allow a custom TransactionName:
     Error: Plugin @hapi/vision requires hapi version >=18.4.0 but found 18.3.2
      at new module.exports (node_modules/@hapi/hoek/lib/error.js:23:19)
      at Object.module.exports [as assert] (node_modules/@hapi/hoek/lib/assert.js:20:11)
      at internals.Server.register (node_modules/@hapi/hapi/lib/server.js:425:22)
      at makeServer (test/probes/hapi/hapi-17-and-above.js:135:22)
      at /__w/appoptics-apm-node/appoptics-apm-node/test/probes/hapi/hapi-17-and-above.js:387:67
      at Context.<anonymous> (test/probes/hapi/hapi-17-and-above.js:337:12)
      at processImmediate (node:internal/timers:466:21)
      at process.callbackTrampoline (node:internal/async_hooks:130:17)

  8) probes.@hapi/hapi 18.3.2 @hapi/vision 6.1.0
       should allow a custom TransactionName with domain prefix:
     Error: Plugin @hapi/vision requires hapi version >=18.4.0 but found 18.3.2
      at new module.exports (node_modules/@hapi/hoek/lib/error.js:23:19)
      at Object.module.exports [as assert] (node_modules/@hapi/hoek/lib/assert.js:20:11)
      at internals.Server.register (node_modules/@hapi/hapi/lib/server.js:425:22)
      at makeServer (test/probes/hapi/hapi-17-and-above.js:135:22)
      at /__w/appoptics-apm-node/appoptics-apm-node/test/probes/hapi/hapi-17-and-above.js:387:67
      at Context.<anonymous> (test/probes/hapi/hapi-17-and-above.js:350:44)
      at processImmediate (node:internal/timers:466:21)
      at process.callbackTrampoline (node:internal/async_hooks:130:17)

  9) probes.@hapi/hapi 18.3.2 @hapi/vision 6.1.0
       should handle an error in the custom name function:
     Error: Plugin @hapi/vision requires hapi version >=18.4.0 but found 18.3.2
      at new module.exports (node_modules/@hapi/hoek/lib/error.js:23:19)
      at Object.module.exports [as assert] (node_modules/@hapi/hoek/lib/assert.js:20:11)
      at internals.Server.register (node_modules/@hapi/hapi/lib/server.js:425:22)
      at makeServer (test/probes/hapi/hapi-17-and-above.js:135:22)
      at /__w/appoptics-apm-node/appoptics-apm-node/test/probes/hapi/hapi-17-and-above.js:387:67
      at Context.<anonymous> (test/probes/hapi/hapi-17-and-above.js:367:45)
      at processImmediate (node:internal/timers:466:21)
      at process.callbackTrampoline (node:internal/async_hooks:130:17)

  10) probes.@hapi/hapi 18.3.2 @hapi/vision 6.1.0
       should handle a falsey return by the custom name function:
     Error: Plugin @hapi/vision requires hapi version >=18.4.0 but found 18.3.2
      at new module.exports (node_modules/@hapi/hoek/lib/error.js:23:19)
      at Object.module.exports [as assert] (node_modules/@hapi/hoek/lib/assert.js:20:11)
      at internals.Server.register (node_modules/@hapi/hapi/lib/server.js:425:22)
      at makeServer (test/probes/hapi/hapi-17-and-above.js:135:22)
      at /__w/appoptics-apm-node/appoptics-apm-node/test/probes/hapi/hapi-17-and-above.js:387:67
      at Context.<anonymous> (test/probes/hapi/hapi-17-and-above.js:374:45)
      at processImmediate (node:internal/timers:466:21)
      at process.callbackTrampoline (node:internal/async_hooks:130:17)



npm WARN deprecated @hapi/hapi@18.4.0: This version contains severe security issues and defects and should not be used! Please upgrade to the latest version of @hapi/hapi or consider a commercial license (https://github.com/hapijs/hapi/issues/4114)

changed 1 package, and audited 927 packages in 6s

83 packages are looking for funding
  run `npm fund` for details

13 vulnerabilities (9 moderate, 4 high)

To address issues that do not require attention, run:
  npm audit fix

To address all issues possible (including breaking changes), run:
  npm audit fix --force

Some issues need review, and may require choosing
a different dependency.

Run `npm audit` for details.
2022-02-23T04:39:00.942Z appoptics:debug read config from /__w/appoptics-apm-node/appoptics-apm-node/appoptics-apm-config
2022-02-23T04:39:00.943Z appoptics:debug guc ignoring APPOPTICS_LOG_SETTINGS
2022-02-23T04:39:00.943Z appoptics:debug serviceKey dIOz...wWK0:ao-node-test
2022-02-23T04:39:00.944Z appoptics:debug using context provider: ace-context
2022-02-23T04:39:01.025Z appoptics:debug apm 10.2.1, bindings 11.2.0, oboe 10.2.0
2022-02-23T04:39:01.159Z appoptics:patching patched crypto 
2022-02-23T04:39:01.198Z appoptics:patching patched https 
2022-02-23T04:39:01.198Z appoptics:patching patched http 
2022-02-23T04:39:01.240Z appoptics:patching patched zlib 
2022-02-23T04:39:01.573Z appoptics:patching fs.realpath - adding native method
2022-02-23T04:39:01.573Z appoptics:patching patched fs 
2022-02-23T04:39:01.583Z appoptics:patching hapi - v17 not looking for hapi/lib/plugin
2022-02-23T04:39:01.583Z appoptics:patching patched @hapi/hapi 18.4.0
2022-02-23T04:39:01.637Z appoptics:patching patched @hapi/vision 6.1.0
2022-02-23T04:39:01.640Z appoptics:debug starting runtimeMetrics


  probes.@hapi/hapi 18.4.0 @hapi/vision 6.1.0
    ✓ UDP might lose a message
    ✓ should forward controller/action data from get request (56ms)
    1) should forward controller/action data from post request
    2) should forward controller/action data from put request
    3) should forward controller/action data from delete request
    ✓ should trace render span
    ✓ should skip vision when disabled
    ✓ should allow a custom TransactionName
    ✓ should allow a custom TransactionName with domain prefix
    ✓ should handle an error in the custom name function
    ✓ should handle a falsey return by the custom name function


  8 passing (6s)
  3 failing

  1) probes.@hapi/hapi 18.4.0 @hapi/vision 6.1.0
       should forward controller/action data from post request:
     Error: Timeout of 2000ms exceeded. For async tests and hooks, ensure "done()" is called; if returning a Promise, ensure it resolves. (/__w/appoptics-apm-node/appoptics-apm-node/test/probes/@hapi-hapi.test.js)
      at listOnTimeout (node:internal/timers:559:17)
      at processTimers (node:internal/timers:502:7)

  2) probes.@hapi/hapi 18.4.0 @hapi/vision 6.1.0
       should forward controller/action data from put request:
     Error: Timeout of 2000ms exceeded. For async tests and hooks, ensure "done()" is called; if returning a Promise, ensure it resolves. (/__w/appoptics-apm-node/appoptics-apm-node/test/probes/@hapi-hapi.test.js)
      at listOnTimeout (node:internal/timers:559:17)
      at processTimers (node:internal/timers:502:7)

  3) probes.@hapi/hapi 18.4.0 @hapi/vision 6.1.0
       should forward controller/action data from delete request:
     Error: Timeout of 2000ms exceeded. For async tests and hooks, ensure "done()" is called; if returning a Promise, ensure it resolves. (/__w/appoptics-apm-node/appoptics-apm-node/test/probes/@hapi-hapi.test.js)
      at listOnTimeout (node:internal/timers:559:17)
      at processTimers (node:internal/timers:502:7)



npm WARN deprecated @hapi/hapi@18.4.1: This version contains severe security issues and defects and should not be used! Please upgrade to the latest version of @hapi/hapi or consider a commercial license (https://github.com/hapijs/hapi/issues/4114)

changed 1 package, and audited 927 packages in 5s

83 packages are looking for funding
  run `npm fund` for details

12 vulnerabilities (9 moderate, 3 high)

To address issues that do not require attention, run:
  npm audit fix

To address all issues possible (including breaking changes), run:
  npm audit fix --force

Some issues need review, and may require choosing
a different dependency.

Run `npm audit` for details.
2022-02-23T04:39:13.577Z appoptics:debug read config from /__w/appoptics-apm-node/appoptics-apm-node/appoptics-apm-config
2022-02-23T04:39:13.577Z appoptics:debug guc ignoring APPOPTICS_LOG_SETTINGS
2022-02-23T04:39:13.577Z appoptics:debug serviceKey dIOz...wWK0:ao-node-test
2022-02-23T04:39:13.578Z appoptics:debug using context provider: ace-context
2022-02-23T04:39:13.635Z appoptics:debug apm 10.2.1, bindings 11.2.0, oboe 10.2.0
2022-02-23T04:39:13.755Z appoptics:patching patched crypto 
2022-02-23T04:39:13.774Z appoptics:patching patched https 
2022-02-23T04:39:13.775Z appoptics:patching patched http 
2022-02-23T04:39:13.809Z appoptics:patching patched zlib 
2022-02-23T04:39:14.081Z appoptics:patching fs.realpath - adding native method
2022-02-23T04:39:14.082Z appoptics:patching patched fs 
2022-02-23T04:39:14.091Z appoptics:patching hapi - v17 not looking for hapi/lib/plugin
2022-02-23T04:39:14.092Z appoptics:patching patched @hapi/hapi 18.4.1
2022-02-23T04:39:14.146Z appoptics:patching patched @hapi/vision 6.1.0
2022-02-23T04:39:14.150Z appoptics:debug starting runtimeMetrics


  probes.@hapi/hapi 18.4.1 @hapi/vision 6.1.0
    ✓ UDP might lose a message
    ✓ should forward controller/action data from get request (53ms)
    1) should forward controller/action data from post request
    2) should forward controller/action data from put request
    3) should forward controller/action data from delete request
    ✓ should trace render span
    ✓ should skip vision when disabled
    ✓ should allow a custom TransactionName
    ✓ should allow a custom TransactionName with domain prefix
    ✓ should handle an error in the custom name function
    ✓ should handle a falsey return by the custom name function


  8 passing (6s)
  3 failing

  1) probes.@hapi/hapi 18.4.1 @hapi/vision 6.1.0
       should forward controller/action data from post request:
     Error: Timeout of 2000ms exceeded. For async tests and hooks, ensure "done()" is called; if returning a Promise, ensure it resolves. (/__w/appoptics-apm-node/appoptics-apm-node/test/probes/@hapi-hapi.test.js)
      at listOnTimeout (node:internal/timers:559:17)
      at processTimers (node:internal/timers:502:7)

  2) probes.@hapi/hapi 18.4.1 @hapi/vision 6.1.0
       should forward controller/action data from put request:
     Error: Timeout of 2000ms exceeded. For async tests and hooks, ensure "done()" is called; if returning a Promise, ensure it resolves. (/__w/appoptics-apm-node/appoptics-apm-node/test/probes/@hapi-hapi.test.js)
      at listOnTimeout (node:internal/timers:559:17)
      at processTimers (node:internal/timers:502:7)

  3) probes.@hapi/hapi 18.4.1 @hapi/vision 6.1.0
       should forward controller/action data from delete request:
     Error: Timeout of 2000ms exceeded. For async tests and hooks, ensure "done()" is called; if returning a Promise, ensure it resolves. (/__w/appoptics-apm-node/appoptics-apm-node/test/probes/@hapi-hapi.test.js)
      at listOnTimeout (node:internal/timers:559:17)
      at processTimers (node:internal/timers:502:7)



npm WARN deprecated @hapi/hoek@8.5.1: This version has been deprecated and is no longer supported or maintained
npm WARN deprecated @hapi/hoek@8.5.1: This version has been deprecated and is no longer supported or maintained
npm WARN deprecated @hapi/formula@2.0.0: Moved to 'npm install @sideway/formula'
npm WARN deprecated @hapi/pinpoint@2.0.0: Moved to 'npm install @sideway/pinpoint'
npm WARN deprecated @hapi/address@4.1.0: Moved to 'npm install @sideway/address'
npm WARN deprecated @hapi/joi@17.1.1: Switch to 'npm install joi'
npm WARN deprecated @hapi/boom@8.0.1: This version has been deprecated and is no longer supported or maintained
npm WARN deprecated @hapi/call@7.0.1: This version has been deprecated
npm WARN deprecated @hapi/ammo@4.0.1: This version has been deprecated
npm WARN deprecated @hapi/teamwork@4.0.0: This version has been deprecated and is no longer supported or maintained
npm WARN deprecated @hapi/accept@4.0.1: This version has been deprecated
npm WARN deprecated @hapi/hapi@19.0.0: This version contains severe security issues and defects and should not be used! Please upgrade to the latest version of @hapi/hapi or consider a commercial license (https://github.com/hapijs/hapi/issues/4114)

added 4 packages, removed 10 packages, changed 32 packages, and audited 921 packages in 6s

83 packages are looking for funding
  run `npm fund` for details

15 vulnerabilities (9 moderate, 6 high)

To address issues that do not require attention, run:
  npm audit fix

To address all issues possible (including breaking changes), run:
  npm audit fix --force

Some issues need review, and may require choosing
a different dependency.

Run `npm audit` for details.
2022-02-23T04:39:26.269Z appoptics:debug read config from /__w/appoptics-apm-node/appoptics-apm-node/appoptics-apm-config
2022-02-23T04:39:26.270Z appoptics:debug guc ignoring APPOPTICS_LOG_SETTINGS
2022-02-23T04:39:26.270Z appoptics:debug serviceKey dIOz...wWK0:ao-node-test
2022-02-23T04:39:26.271Z appoptics:debug using context provider: ace-context
2022-02-23T04:39:26.329Z appoptics:debug apm 10.2.1, bindings 11.2.0, oboe 10.2.0
2022-02-23T04:39:26.466Z appoptics:patching patched crypto 
2022-02-23T04:39:26.485Z appoptics:patching patched https 
2022-02-23T04:39:26.486Z appoptics:patching patched http 
2022-02-23T04:39:26.522Z appoptics:patching patched zlib 
2022-02-23T04:39:26.694Z appoptics:patching fs.realpath - adding native method
2022-02-23T04:39:26.695Z appoptics:patching patched fs 
2022-02-23T04:39:26.709Z appoptics:patching hapi - v17 not looking for hapi/lib/plugin
2022-02-23T04:39:26.709Z appoptics:patching patched @hapi/hapi 19.0.0
2022-02-23T04:39:26.716Z appoptics:patching patched @hapi/vision 6.1.0
2022-02-23T04:39:26.720Z appoptics:debug starting runtimeMetrics


  probes.@hapi/hapi 19.0.0 @hapi/vision 6.1.0
    ✓ UDP might lose a message
    ✓ should forward controller/action data from get request (53ms)
    1) should forward controller/action data from post request
    2) should forward controller/action data from put request
    3) should forward controller/action data from delete request
    ✓ should trace render span
    ✓ should skip vision when disabled
    ✓ should allow a custom TransactionName
    ✓ should allow a custom TransactionName with domain prefix
    ✓ should handle an error in the custom name function
    ✓ should handle a falsey return by the custom name function


  8 passing (6s)
  3 failing

  1) probes.@hapi/hapi 19.0.0 @hapi/vision 6.1.0
       should forward controller/action data from post request:
     Error: Timeout of 2000ms exceeded. For async tests and hooks, ensure "done()" is called; if returning a Promise, ensure it resolves. (/__w/appoptics-apm-node/appoptics-apm-node/test/probes/@hapi-hapi.test.js)
      at listOnTimeout (node:internal/timers:559:17)
      at processTimers (node:internal/timers:502:7)

  2) probes.@hapi/hapi 19.0.0 @hapi/vision 6.1.0
       should forward controller/action data from put request:
     Error: Timeout of 2000ms exceeded. For async tests and hooks, ensure "done()" is called; if returning a Promise, ensure it resolves. (/__w/appoptics-apm-node/appoptics-apm-node/test/probes/@hapi-hapi.test.js)
      at listOnTimeout (node:internal/timers:559:17)
      at processTimers (node:internal/timers:502:7)

  3) probes.@hapi/hapi 19.0.0 @hapi/vision 6.1.0
       should forward controller/action data from delete request:
     Error: Timeout of 2000ms exceeded. For async tests and hooks, ensure "done()" is called; if returning a Promise, ensure it resolves. (/__w/appoptics-apm-node/appoptics-apm-node/test/probes/@hapi-hapi.test.js)
      at listOnTimeout (node:internal/timers:559:17)
      at processTimers (node:internal/timers:502:7)



npm WARN deprecated @hapi/hapi@19.0.1: This version contains severe security issues and defects and should not be used! Please upgrade to the latest version of @hapi/hapi or consider a commercial license (https://github.com/hapijs/hapi/issues/4114)

changed 1 package, and audited 921 packages in 5s

83 packages are looking for funding
  run `npm fund` for details

15 vulnerabilities (9 moderate, 6 high)

To address issues that do not require attention, run:
  npm audit fix

To address all issues possible (including breaking changes), run:
  npm audit fix --force

Some issues need review, and may require choosing
a different dependency.

Run `npm audit` for details.
2022-02-23T04:39:38.698Z appoptics:debug read config from /__w/appoptics-apm-node/appoptics-apm-node/appoptics-apm-config
2022-02-23T04:39:38.698Z appoptics:debug guc ignoring APPOPTICS_LOG_SETTINGS
2022-02-23T04:39:38.698Z appoptics:debug serviceKey dIOz...wWK0:ao-node-test
2022-02-23T04:39:38.699Z appoptics:debug using context provider: ace-context
2022-02-23T04:39:38.770Z appoptics:debug apm 10.2.1, bindings 11.2.0, oboe 10.2.0
2022-02-23T04:39:39.001Z appoptics:patching patched crypto 
2022-02-23T04:39:39.028Z appoptics:patching patched https 
2022-02-23T04:39:39.029Z appoptics:patching patched http 
2022-02-23T04:39:39.102Z appoptics:patching patched zlib 
2022-02-23T04:39:39.343Z appoptics:patching fs.realpath - adding native method
2022-02-23T04:39:39.343Z appoptics:patching patched fs 
2022-02-23T04:39:39.352Z appoptics:patching hapi - v17 not looking for hapi/lib/plugin
2022-02-23T04:39:39.353Z appoptics:patching patched @hapi/hapi 19.0.1
2022-02-23T04:39:39.382Z appoptics:patching patched @hapi/vision 6.1.0
2022-02-23T04:39:39.401Z appoptics:debug starting runtimeMetrics


  probes.@hapi/hapi 19.0.1 @hapi/vision 6.1.0
    ✓ UDP might lose a message
    ✓ should forward controller/action data from get request (103ms)
    1) should forward controller/action data from post request
    2) should forward controller/action data from put request
    3) should forward controller/action data from delete request
    ✓ should trace render span
    ✓ should skip vision when disabled
    ✓ should allow a custom TransactionName
    ✓ should allow a custom TransactionName with domain prefix
    ✓ should handle an error in the custom name function
    ✓ should handle a falsey return by the custom name function


  8 passing (6s)
  3 failing

  1) probes.@hapi/hapi 19.0.1 @hapi/vision 6.1.0
       should forward controller/action data from post request:
     Error: Timeout of 2000ms exceeded. For async tests and hooks, ensure "done()" is called; if returning a Promise, ensure it resolves. (/__w/appoptics-apm-node/appoptics-apm-node/test/probes/@hapi-hapi.test.js)
      at listOnTimeout (node:internal/timers:559:17)
      at processTimers (node:internal/timers:502:7)

  2) probes.@hapi/hapi 19.0.1 @hapi/vision 6.1.0
       should forward controller/action data from put request:
     Error: Timeout of 2000ms exceeded. For async tests and hooks, ensure "done()" is called; if returning a Promise, ensure it resolves. (/__w/appoptics-apm-node/appoptics-apm-node/test/probes/@hapi-hapi.test.js)
      at listOnTimeout (node:internal/timers:559:17)
      at processTimers (node:internal/timers:502:7)

  3) probes.@hapi/hapi 19.0.1 @hapi/vision 6.1.0
       should forward controller/action data from delete request:
     Error: Timeout of 2000ms exceeded. For async tests and hooks, ensure "done()" is called; if returning a Promise, ensure it resolves. (/__w/appoptics-apm-node/appoptics-apm-node/test/probes/@hapi-hapi.test.js)
      at listOnTimeout (node:internal/timers:559:17)
      at processTimers (node:internal/timers:502:7)



npm WARN deprecated @hapi/hapi@19.0.2: This version contains severe security issues and defects and should not be used! Please upgrade to the latest version of @hapi/hapi or consider a commercial license (https://github.com/hapijs/hapi/issues/4114)

changed 1 package, and audited 921 packages in 6s

83 packages are looking for funding
  run `npm fund` for details

15 vulnerabilities (9 moderate, 6 high)

To address issues that do not require attention, run:
  npm audit fix

To address all issues possible (including breaking changes), run:
  npm audit fix --force

Some issues need review, and may require choosing
a different dependency.

Run `npm audit` for details.
2022-02-23T04:39:52.115Z appoptics:debug read config from /__w/appoptics-apm-node/appoptics-apm-node/appoptics-apm-config
2022-02-23T04:39:52.116Z appoptics:debug guc ignoring APPOPTICS_LOG_SETTINGS
2022-02-23T04:39:52.116Z appoptics:debug serviceKey dIOz...wWK0:ao-node-test
2022-02-23T04:39:52.117Z appoptics:debug using context provider: ace-context
2022-02-23T04:39:52.197Z appoptics:debug apm 10.2.1, bindings 11.2.0, oboe 10.2.0
2022-02-23T04:39:52.363Z appoptics:patching patched crypto 
2022-02-23T04:39:52.384Z appoptics:patching patched https 
2022-02-23T04:39:52.385Z appoptics:patching patched http 
2022-02-23T04:39:52.457Z appoptics:patching patched zlib 
2022-02-23T04:39:52.642Z appoptics:patching fs.realpath - adding native method
2022-02-23T04:39:52.642Z appoptics:patching patched fs 
2022-02-23T04:39:52.651Z appoptics:patching hapi - v17 not looking for hapi/lib/plugin
2022-02-23T04:39:52.651Z appoptics:patching patched @hapi/hapi 19.0.2
2022-02-23T04:39:52.659Z appoptics:patching patched @hapi/vision 6.1.0
2022-02-23T04:39:52.662Z appoptics:debug starting runtimeMetrics


  probes.@hapi/hapi 19.0.2 @hapi/vision 6.1.0
    ✓ UDP might lose a message
    ✓ should forward controller/action data from get request (53ms)
    1) should forward controller/action data from post request
    2) should forward controller/action data from put request
    3) should forward controller/action data from delete request
    ✓ should trace render span
    ✓ should skip vision when disabled
    ✓ should allow a custom TransactionName
    ✓ should allow a custom TransactionName with domain prefix
    ✓ should handle an error in the custom name function
    ✓ should handle a falsey return by the custom name function


  8 passing (6s)
  3 failing

  1) probes.@hapi/hapi 19.0.2 @hapi/vision 6.1.0
       should forward controller/action data from post request:
     Error: Timeout of 2000ms exceeded. For async tests and hooks, ensure "done()" is called; if returning a Promise, ensure it resolves. (/__w/appoptics-apm-node/appoptics-apm-node/test/probes/@hapi-hapi.test.js)
      at listOnTimeout (node:internal/timers:559:17)
      at processTimers (node:internal/timers:502:7)

  2) probes.@hapi/hapi 19.0.2 @hapi/vision 6.1.0
       should forward controller/action data from put request:
     Error: Timeout of 2000ms exceeded. For async tests and hooks, ensure "done()" is called; if returning a Promise, ensure it resolves. (/__w/appoptics-apm-node/appoptics-apm-node/test/probes/@hapi-hapi.test.js)
      at listOnTimeout (node:internal/timers:559:17)
      at processTimers (node:internal/timers:502:7)

  3) probes.@hapi/hapi 19.0.2 @hapi/vision 6.1.0
       should forward controller/action data from delete request:
     Error: Timeout of 2000ms exceeded. For async tests and hooks, ensure "done()" is called; if returning a Promise, ensure it resolves. (/__w/appoptics-apm-node/appoptics-apm-node/test/probes/@hapi-hapi.test.js)
      at listOnTimeout (node:internal/timers:559:17)
      at processTimers (node:internal/timers:502:7)



npm WARN deprecated @hapi/hapi@19.0.3: This version contains severe security issues and defects and should not be used! Please upgrade to the latest version of @hapi/hapi or consider a commercial license (https://github.com/hapijs/hapi/issues/4114)

changed 1 package, and audited 921 packages in 6s

83 packages are looking for funding
  run `npm fund` for details

15 vulnerabilities (9 moderate, 6 high)

To address issues that do not require attention, run:
  npm audit fix

To address all issues possible (including breaking changes), run:
  npm audit fix --force

Some issues need review, and may require choosing
a different dependency.

Run `npm audit` for details.
2022-02-23T04:40:05.690Z appoptics:debug read config from /__w/appoptics-apm-node/appoptics-apm-node/appoptics-apm-config
2022-02-23T04:40:05.690Z appoptics:debug guc ignoring APPOPTICS_LOG_SETTINGS
2022-02-23T04:40:05.690Z appoptics:debug serviceKey dIOz...wWK0:ao-node-test
2022-02-23T04:40:05.691Z appoptics:debug using context provider: ace-context
2022-02-23T04:40:05.752Z appoptics:debug apm 10.2.1, bindings 11.2.0, oboe 10.2.0
2022-02-23T04:40:05.873Z appoptics:patching patched crypto 
2022-02-23T04:40:05.890Z appoptics:patching patched https 
2022-02-23T04:40:05.890Z appoptics:patching patched http 
2022-02-23T04:40:05.929Z appoptics:patching patched zlib 
2022-02-23T04:40:06.099Z appoptics:patching fs.realpath - adding native method
2022-02-23T04:40:06.099Z appoptics:patching patched fs 
2022-02-23T04:40:06.108Z appoptics:patching hapi - v17 not looking for hapi/lib/plugin
2022-02-23T04:40:06.108Z appoptics:patching patched @hapi/hapi 19.0.3
2022-02-23T04:40:06.120Z appoptics:patching patched @hapi/vision 6.1.0
2022-02-23T04:40:06.124Z appoptics:debug starting runtimeMetrics


  probes.@hapi/hapi 19.0.3 @hapi/vision 6.1.0
    ✓ UDP might lose a message
    ✓ should forward controller/action data from get request (54ms)
    1) should forward controller/action data from post request
    2) should forward controller/action data from put request
    3) should forward controller/action data from delete request
    ✓ should trace render span
    ✓ should skip vision when disabled
    ✓ should allow a custom TransactionName
    ✓ should allow a custom TransactionName with domain prefix
    ✓ should handle an error in the custom name function
    ✓ should handle a falsey return by the custom name function


  8 passing (6s)
  3 failing

  1) probes.@hapi/hapi 19.0.3 @hapi/vision 6.1.0
       should forward controller/action data from post request:
     Error: Timeout of 2000ms exceeded. For async tests and hooks, ensure "done()" is called; if returning a Promise, ensure it resolves. (/__w/appoptics-apm-node/appoptics-apm-node/test/probes/@hapi-hapi.test.js)
      at listOnTimeout (node:internal/timers:559:17)
      at processTimers (node:internal/timers:502:7)

  2) probes.@hapi/hapi 19.0.3 @hapi/vision 6.1.0
       should forward controller/action data from put request:
     Error: Timeout of 2000ms exceeded. For async tests and hooks, ensure "done()" is called; if returning a Promise, ensure it resolves. (/__w/appoptics-apm-node/appoptics-apm-node/test/probes/@hapi-hapi.test.js)
      at listOnTimeout (node:internal/timers:559:17)
      at processTimers (node:internal/timers:502:7)

  3) probes.@hapi/hapi 19.0.3 @hapi/vision 6.1.0
       should forward controller/action data from delete request:
     Error: Timeout of 2000ms exceeded. For async tests and hooks, ensure "done()" is called; if returning a Promise, ensure it resolves. (/__w/appoptics-apm-node/appoptics-apm-node/test/probes/@hapi-hapi.test.js)
      at listOnTimeout (node:internal/timers:559:17)
      at processTimers (node:internal/timers:502:7)



npm WARN deprecated @hapi/hapi@19.0.4: This version contains severe security issues and defects and should not be used! Please upgrade to the latest version of @hapi/hapi or consider a commercial license (https://github.com/hapijs/hapi/issues/4114)

changed 1 package, and audited 921 packages in 6s

83 packages are looking for funding
  run `npm fund` for details

15 vulnerabilities (9 moderate, 6 high)

To address issues that do not require attention, run:
  npm audit fix

To address all issues possible (including breaking changes), run:
  npm audit fix --force

Some issues need review, and may require choosing
a different dependency.

Run `npm audit` for details.
2022-02-23T04:40:18.775Z appoptics:debug read config from /__w/appoptics-apm-node/appoptics-apm-node/appoptics-apm-config
2022-02-23T04:40:18.776Z appoptics:debug guc ignoring APPOPTICS_LOG_SETTINGS
2022-02-23T04:40:18.776Z appoptics:debug serviceKey dIOz...wWK0:ao-node-test
2022-02-23T04:40:18.777Z appoptics:debug using context provider: ace-context
2022-02-23T04:40:18.834Z appoptics:debug apm 10.2.1, bindings 11.2.0, oboe 10.2.0
2022-02-23T04:40:18.959Z appoptics:patching patched crypto 
2022-02-23T04:40:18.978Z appoptics:patching patched https 
2022-02-23T04:40:18.978Z appoptics:patching patched http 
2022-02-23T04:40:19.016Z appoptics:patching patched zlib 
2022-02-23T04:40:19.185Z appoptics:patching fs.realpath - adding native method
2022-02-23T04:40:19.185Z appoptics:patching patched fs 
2022-02-23T04:40:19.199Z appoptics:patching hapi - v17 not looking for hapi/lib/plugin
2022-02-23T04:40:19.199Z appoptics:patching patched @hapi/hapi 19.0.4
2022-02-23T04:40:19.206Z appoptics:patching patched @hapi/vision 6.1.0
2022-02-23T04:40:19.210Z appoptics:debug starting runtimeMetrics


  probes.@hapi/hapi 19.0.4 @hapi/vision 6.1.0
    ✓ UDP might lose a message
    ✓ should forward controller/action data from get request (52ms)
    1) should forward controller/action data from post request
    2) should forward controller/action data from put request
    3) should forward controller/action data from delete request
    ✓ should trace render span
    ✓ should skip vision when disabled
    ✓ should allow a custom TransactionName
    ✓ should allow a custom TransactionName with domain prefix
    ✓ should handle an error in the custom name function
    ✓ should handle a falsey return by the custom name function


  8 passing (6s)
  3 failing

  1) probes.@hapi/hapi 19.0.4 @hapi/vision 6.1.0
       should forward controller/action data from post request:
     Error: Timeout of 2000ms exceeded. For async tests and hooks, ensure "done()" is called; if returning a Promise, ensure it resolves. (/__w/appoptics-apm-node/appoptics-apm-node/test/probes/@hapi-hapi.test.js)
      at listOnTimeout (node:internal/timers:559:17)
      at processTimers (node:internal/timers:502:7)

  2) probes.@hapi/hapi 19.0.4 @hapi/vision 6.1.0
       should forward controller/action data from put request:
     Error: Timeout of 2000ms exceeded. For async tests and hooks, ensure "done()" is called; if returning a Promise, ensure it resolves. (/__w/appoptics-apm-node/appoptics-apm-node/test/probes/@hapi-hapi.test.js)
      at listOnTimeout (node:internal/timers:559:17)
      at processTimers (node:internal/timers:502:7)

  3) probes.@hapi/hapi 19.0.4 @hapi/vision 6.1.0
       should forward controller/action data from delete request:
     Error: Timeout of 2000ms exceeded. For async tests and hooks, ensure "done()" is called; if returning a Promise, ensure it resolves. (/__w/appoptics-apm-node/appoptics-apm-node/test/probes/@hapi-hapi.test.js)
      at listOnTimeout (node:internal/timers:559:17)
      at processTimers (node:internal/timers:502:7)



npm WARN deprecated @hapi/hapi@19.0.5: This version contains severe security issues and defects and should not be used! Please upgrade to the latest version of @hapi/hapi or consider a commercial license (https://github.com/hapijs/hapi/issues/4114)

removed 3 packages, changed 3 packages, and audited 918 packages in 6s

83 packages are looking for funding
  run `npm fund` for details

13 vulnerabilities (9 moderate, 4 high)

To address issues that do not require attention, run:
  npm audit fix

To address all issues possible (including breaking changes), run:
  npm audit fix --force

Some issues need review, and may require choosing
a different dependency.

Run `npm audit` for details.
2022-02-23T04:40:31.895Z appoptics:debug read config from /__w/appoptics-apm-node/appoptics-apm-node/appoptics-apm-config
2022-02-23T04:40:31.896Z appoptics:debug guc ignoring APPOPTICS_LOG_SETTINGS
2022-02-23T04:40:31.896Z appoptics:debug serviceKey dIOz...wWK0:ao-node-test
2022-02-23T04:40:31.896Z appoptics:debug using context provider: ace-context
2022-02-23T04:40:31.953Z appoptics:debug apm 10.2.1, bindings 11.2.0, oboe 10.2.0
2022-02-23T04:40:32.073Z appoptics:patching patched crypto 
2022-02-23T04:40:32.090Z appoptics:patching patched https 
2022-02-23T04:40:32.091Z appoptics:patching patched http 
2022-02-23T04:40:32.131Z appoptics:patching patched zlib 
2022-02-23T04:40:32.285Z appoptics:patching fs.realpath - adding native method
2022-02-23T04:40:32.286Z appoptics:patching patched fs 
2022-02-23T04:40:32.294Z appoptics:patching hapi - v17 not looking for hapi/lib/plugin
2022-02-23T04:40:32.294Z appoptics:patching patched @hapi/hapi 19.0.5
2022-02-23T04:40:32.302Z appoptics:patching patched @hapi/vision 6.1.0
2022-02-23T04:40:32.311Z appoptics:debug starting runtimeMetrics


  probes.@hapi/hapi 19.0.5 @hapi/vision 6.1.0
    ✓ UDP might lose a message
    ✓ should forward controller/action data from get request (54ms)
    1) should forward controller/action data from post request
    2) should forward controller/action data from put request
    3) should forward controller/action data from delete request
    ✓ should trace render span
    ✓ should skip vision when disabled
    ✓ should allow a custom TransactionName
    ✓ should allow a custom TransactionName with domain prefix
    ✓ should handle an error in the custom name function
    ✓ should handle a falsey return by the custom name function


  8 passing (6s)
  3 failing

  1) probes.@hapi/hapi 19.0.5 @hapi/vision 6.1.0
       should forward controller/action data from post request:
     Error: Timeout of 2000ms exceeded. For async tests and hooks, ensure "done()" is called; if returning a Promise, ensure it resolves. (/__w/appoptics-apm-node/appoptics-apm-node/test/probes/@hapi-hapi.test.js)
      at listOnTimeout (node:internal/timers:559:17)
      at processTimers (node:internal/timers:502:7)

  2) probes.@hapi/hapi 19.0.5 @hapi/vision 6.1.0
       should forward controller/action data from put request:
     Error: Timeout of 2000ms exceeded. For async tests and hooks, ensure "done()" is called; if returning a Promise, ensure it resolves. (/__w/appoptics-apm-node/appoptics-apm-node/test/probes/@hapi-hapi.test.js)
      at listOnTimeout (node:internal/timers:559:17)
      at processTimers (node:internal/timers:502:7)

  3) probes.@hapi/hapi 19.0.5 @hapi/vision 6.1.0
       should forward controller/action data from delete request:
     Error: Timeout of 2000ms exceeded. For async tests and hooks, ensure "done()" is called; if returning a Promise, ensure it resolves. (/__w/appoptics-apm-node/appoptics-apm-node/test/probes/@hapi-hapi.test.js)
      at listOnTimeout (node:internal/timers:559:17)
      at processTimers (node:internal/timers:502:7)



npm WARN deprecated @hapi/hapi@19.1.0: This version contains severe security issues and defects and should not be used! Please upgrade to the latest version of @hapi/hapi or consider a commercial license (https://github.com/hapijs/hapi/issues/4114)

changed 1 package, and audited 918 packages in 6s

83 packages are looking for funding
  run `npm fund` for details

13 vulnerabilities (9 moderate, 4 high)

To address issues that do not require attention, run:
  npm audit fix

To address all issues possible (including breaking changes), run:
  npm audit fix --force

Some issues need review, and may require choosing
a different dependency.

Run `npm audit` for details.
2022-02-23T04:40:45.131Z appoptics:debug read config from /__w/appoptics-apm-node/appoptics-apm-node/appoptics-apm-config
2022-02-23T04:40:45.132Z appoptics:debug guc ignoring APPOPTICS_LOG_SETTINGS
2022-02-23T04:40:45.132Z appoptics:debug serviceKey dIOz...wWK0:ao-node-test
2022-02-23T04:40:45.133Z appoptics:debug using context provider: ace-context
2022-02-23T04:40:45.190Z appoptics:debug apm 10.2.1, bindings 11.2.0, oboe 10.2.0
2022-02-23T04:40:45.309Z appoptics:patching patched crypto 
2022-02-23T04:40:45.326Z appoptics:patching patched https 
2022-02-23T04:40:45.327Z appoptics:patching patched http 
2022-02-23T04:40:45.366Z appoptics:patching patched zlib 
2022-02-23T04:40:45.524Z appoptics:patching fs.realpath - adding native method
2022-02-23T04:40:45.524Z appoptics:patching patched fs 
2022-02-23T04:40:45.533Z appoptics:patching hapi - v17 not looking for hapi/lib/plugin
2022-02-23T04:40:45.533Z appoptics:patching patched @hapi/hapi 19.1.0
2022-02-23T04:40:45.540Z appoptics:patching patched @hapi/vision 6.1.0
2022-02-23T04:40:45.544Z appoptics:debug starting runtimeMetrics


  probes.@hapi/hapi 19.1.0 @hapi/vision 6.1.0
    ✓ UDP might lose a message
    ✓ should forward controller/action data from get request (53ms)
    1) should forward controller/action data from post request
    2) should forward controller/action data from put request
    3) should forward controller/action data from delete request
    ✓ should trace render span
    ✓ should skip vision when disabled
    ✓ should allow a custom TransactionName
    ✓ should allow a custom TransactionName with domain prefix
    ✓ should handle an error in the custom name function
    ✓ should handle a falsey return by the custom name function


  8 passing (6s)
  3 failing

  1) probes.@hapi/hapi 19.1.0 @hapi/vision 6.1.0
       should forward controller/action data from post request:
     Error: Timeout of 2000ms exceeded. For async tests and hooks, ensure "done()" is called; if returning a Promise, ensure it resolves. (/__w/appoptics-apm-node/appoptics-apm-node/test/probes/@hapi-hapi.test.js)
      at listOnTimeout (node:internal/timers:559:17)
      at processTimers (node:internal/timers:502:7)

  2) probes.@hapi/hapi 19.1.0 @hapi/vision 6.1.0
       should forward controller/action data from put request:
     Error: Timeout of 2000ms exceeded. For async tests and hooks, ensure "done()" is called; if returning a Promise, ensure it resolves. (/__w/appoptics-apm-node/appoptics-apm-node/test/probes/@hapi-hapi.test.js)
      at listOnTimeout (node:internal/timers:559:17)
      at processTimers (node:internal/timers:502:7)

  3) probes.@hapi/hapi 19.1.0 @hapi/vision 6.1.0
       should forward controller/action data from delete request:
     Error: Timeout of 2000ms exceeded. For async tests and hooks, ensure "done()" is called; if returning a Promise, ensure it resolves. (/__w/appoptics-apm-node/appoptics-apm-node/test/probes/@hapi-hapi.test.js)
      at listOnTimeout (node:internal/timers:559:17)
      at processTimers (node:internal/timers:502:7)



npm WARN deprecated @hapi/hapi@19.1.1: This version contains severe security issues and defects and should not be used! Please upgrade to the latest version of @hapi/hapi or consider a commercial license (https://github.com/hapijs/hapi/issues/4114)

changed 2 packages, and audited 918 packages in 6s

83 packages are looking for funding
  run `npm fund` for details

12 vulnerabilities (9 moderate, 3 high)

To address issues that do not require attention, run:
  npm audit fix

To address all issues possible (including breaking changes), run:
  npm audit fix --force

Some issues need review, and may require choosing
a different dependency.

Run `npm audit` for details.
2022-02-23T04:40:58.081Z appoptics:debug read config from /__w/appoptics-apm-node/appoptics-apm-node/appoptics-apm-config
2022-02-23T04:40:58.082Z appoptics:debug guc ignoring APPOPTICS_LOG_SETTINGS
2022-02-23T04:40:58.082Z appoptics:debug serviceKey dIOz...wWK0:ao-node-test
2022-02-23T04:40:58.083Z appoptics:debug using context provider: ace-context
2022-02-23T04:40:58.147Z appoptics:debug apm 10.2.1, bindings 11.2.0, oboe 10.2.0
2022-02-23T04:40:58.271Z appoptics:patching patched crypto 
2022-02-23T04:40:58.291Z appoptics:patching patched https 
2022-02-23T04:40:58.291Z appoptics:patching patched http 
2022-02-23T04:40:58.327Z appoptics:patching patched zlib 
2022-02-23T04:40:58.481Z appoptics:patching fs.realpath - adding native method
2022-02-23T04:40:58.481Z appoptics:patching patched fs 
2022-02-23T04:40:58.492Z appoptics:patching hapi - v17 not looking for hapi/lib/plugin
2022-02-23T04:40:58.492Z appoptics:patching patched @hapi/hapi 19.1.1
2022-02-23T04:40:58.508Z appoptics:patching patched @hapi/vision 6.1.0
2022-02-23T04:40:58.514Z appoptics:debug starting runtimeMetrics


  probes.@hapi/hapi 19.1.1 @hapi/vision 6.1.0
    ✓ UDP might lose a message
    ✓ should forward controller/action data from get request (57ms)
    1) should forward controller/action data from post request
    2) should forward controller/action data from put request
    3) should forward controller/action data from delete request
    ✓ should trace render span
    ✓ should skip vision when disabled
    ✓ should allow a custom TransactionName
    ✓ should allow a custom TransactionName with domain prefix
    ✓ should handle an error in the custom name function
    ✓ should handle a falsey return by the custom name function


  8 passing (6s)
  3 failing

  1) probes.@hapi/hapi 19.1.1 @hapi/vision 6.1.0
       should forward controller/action data from post request:
     Error: Timeout of 2000ms exceeded. For async tests and hooks, ensure "done()" is called; if returning a Promise, ensure it resolves. (/__w/appoptics-apm-node/appoptics-apm-node/test/probes/@hapi-hapi.test.js)
      at listOnTimeout (node:internal/timers:559:17)
      at processTimers (node:internal/timers:502:7)

  2) probes.@hapi/hapi 19.1.1 @hapi/vision 6.1.0
       should forward controller/action data from put request:
     Error: Timeout of 2000ms exceeded. For async tests and hooks, ensure "done()" is called; if returning a Promise, ensure it resolves. (/__w/appoptics-apm-node/appoptics-apm-node/test/probes/@hapi-hapi.test.js)
      at listOnTimeout (node:internal/timers:559:17)
      at processTimers (node:internal/timers:502:7)

  3) probes.@hapi/hapi 19.1.1 @hapi/vision 6.1.0
       should forward controller/action data from delete request:
     Error: Timeout of 2000ms exceeded. For async tests and hooks, ensure "done()" is called; if returning a Promise, ensure it resolves. (/__w/appoptics-apm-node/appoptics-apm-node/test/probes/@hapi-hapi.test.js)
      at listOnTimeout (node:internal/timers:559:17)
      at processTimers (node:internal/timers:502:7)



npm WARN deprecated @hapi/hapi@19.2.0: This version contains severe security issues and defects and should not be used! Please upgrade to the latest version of @hapi/hapi or consider a commercial license (https://github.com/hapijs/hapi/issues/4114)

changed 1 package, and audited 918 packages in 6s

83 packages are looking for funding
  run `npm fund` for details

12 vulnerabilities (9 moderate, 3 high)

To address issues that do not require attention, run:
  npm audit fix

To address all issues possible (including breaking changes), run:
  npm audit fix --force

Some issues need review, and may require choosing
a different dependency.

Run `npm audit` for details.
2022-02-23T04:41:10.816Z appoptics:debug read config from /__w/appoptics-apm-node/appoptics-apm-node/appoptics-apm-config
2022-02-23T04:41:10.816Z appoptics:debug guc ignoring APPOPTICS_LOG_SETTINGS
2022-02-23T04:41:10.816Z appoptics:debug serviceKey dIOz...wWK0:ao-node-test
2022-02-23T04:41:10.817Z appoptics:debug using context provider: ace-context
2022-02-23T04:41:10.875Z appoptics:debug apm 10.2.1, bindings 11.2.0, oboe 10.2.0
2022-02-23T04:41:10.994Z appoptics:patching patched crypto 
2022-02-23T04:41:11.012Z appoptics:patching patched https 
2022-02-23T04:41:11.012Z appoptics:patching patched http 
2022-02-23T04:41:11.056Z appoptics:patching patched zlib 
2022-02-23T04:41:11.213Z appoptics:patching fs.realpath - adding native method
2022-02-23T04:41:11.214Z appoptics:patching patched fs 
2022-02-23T04:41:11.223Z appoptics:patching hapi - v17 not looking for hapi/lib/plugin
2022-02-23T04:41:11.223Z appoptics:patching patched @hapi/hapi 19.2.0
2022-02-23T04:41:11.234Z appoptics:patching patched @hapi/vision 6.1.0
2022-02-23T04:41:11.238Z appoptics:debug starting runtimeMetrics


  probes.@hapi/hapi 19.2.0 @hapi/vision 6.1.0
    ✓ UDP might lose a message
    ✓ should forward controller/action data from get request (53ms)
    1) should forward controller/action data from post request
    2) should forward controller/action data from put request
    3) should forward controller/action data from delete request
    ✓ should trace render span
    ✓ should skip vision when disabled
    ✓ should allow a custom TransactionName
    ✓ should allow a custom TransactionName with domain prefix
    ✓ should handle an error in the custom name function
    ✓ should handle a falsey return by the custom name function


  8 passing (6s)
  3 failing

  1) probes.@hapi/hapi 19.2.0 @hapi/vision 6.1.0
       should forward controller/action data from post request:
     Error: Timeout of 2000ms exceeded. For async tests and hooks, ensure "done()" is called; if returning a Promise, ensure it resolves. (/__w/appoptics-apm-node/appoptics-apm-node/test/probes/@hapi-hapi.test.js)
      at listOnTimeout (node:internal/timers:559:17)
      at processTimers (node:internal/timers:502:7)

  2) probes.@hapi/hapi 19.2.0 @hapi/vision 6.1.0
       should forward controller/action data from put request:
     Error: Timeout of 2000ms exceeded. For async tests and hooks, ensure "done()" is called; if returning a Promise, ensure it resolves. (/__w/appoptics-apm-node/appoptics-apm-node/test/probes/@hapi-hapi.test.js)
      at listOnTimeout (node:internal/timers:559:17)
      at processTimers (node:internal/timers:502:7)

  3) probes.@hapi/hapi 19.2.0 @hapi/vision 6.1.0
       should forward controller/action data from delete request:
     Error: Timeout of 2000ms exceeded. For async tests and hooks, ensure "done()" is called; if returning a Promise, ensure it resolves. (/__w/appoptics-apm-node/appoptics-apm-node/test/probes/@hapi-hapi.test.js)
      at listOnTimeout (node:internal/timers:559:17)
      at processTimers (node:internal/timers:502:7)




removed 5 packages, changed 2 packages, and audited 913 packages in 6s

83 packages are looking for funding
  run `npm fund` for details

12 vulnerabilities (9 moderate, 3 high)

To address issues that do not require attention, run:
  npm audit fix

To address all issues possible (including breaking changes), run:
  npm audit fix --force

Some issues need review, and may require choosing
a different dependency.

Run `npm audit` for details.
2022-02-23T04:41:23.501Z appoptics:debug read config from /__w/appoptics-apm-node/appoptics-apm-node/appoptics-apm-config
2022-02-23T04:41:23.502Z appoptics:debug guc ignoring APPOPTICS_LOG_SETTINGS
2022-02-23T04:41:23.502Z appoptics:debug serviceKey dIOz...wWK0:ao-node-test
2022-02-23T04:41:23.503Z appoptics:debug using context provider: ace-context
2022-02-23T04:41:23.562Z appoptics:debug apm 10.2.1, bindings 11.2.0, oboe 10.2.0
2022-02-23T04:41:23.680Z appoptics:patching patched crypto 
2022-02-23T04:41:23.699Z appoptics:patching patched https 
2022-02-23T04:41:23.699Z appoptics:patching patched http 
2022-02-23T04:41:23.737Z appoptics:patching patched zlib 
2022-02-23T04:41:23.854Z appoptics:patching fs.realpath - adding native method
2022-02-23T04:41:23.854Z appoptics:patching patched fs 
2022-02-23T04:41:23.864Z appoptics:patching hapi - v17 not looking for hapi/lib/plugin
2022-02-23T04:41:23.864Z appoptics:patching patched @hapi/hapi 20.0.0
2022-02-23T04:41:23.871Z appoptics:patching patched @hapi/vision 6.1.0
2022-02-23T04:41:23.874Z appoptics:debug starting runtimeMetrics


  probes.@hapi/hapi 20.0.0 @hapi/vision 6.1.0
    ✓ UDP might lose a message
    ✓ should forward controller/action data from get request (51ms)
    1) should forward controller/action data from post request
    2) should forward controller/action data from put request
    3) should forward controller/action data from delete request
    ✓ should trace render span
    ✓ should skip vision when disabled
    ✓ should allow a custom TransactionName
    ✓ should allow a custom TransactionName with domain prefix
    ✓ should handle an error in the custom name function
    ✓ should handle a falsey return by the custom name function


  8 passing (6s)
  3 failing

  1) probes.@hapi/hapi 20.0.0 @hapi/vision 6.1.0
       should forward controller/action data from post request:
     Error: Timeout of 2000ms exceeded. For async tests and hooks, ensure "done()" is called; if returning a Promise, ensure it resolves. (/__w/appoptics-apm-node/appoptics-apm-node/test/probes/@hapi-hapi.test.js)
      at listOnTimeout (node:internal/timers:559:17)
      at processTimers (node:internal/timers:502:7)

  2) probes.@hapi/hapi 20.0.0 @hapi/vision 6.1.0
       should forward controller/action data from put request:
     Error: Timeout of 2000ms exceeded. For async tests and hooks, ensure "done()" is called; if returning a Promise, ensure it resolves. (/__w/appoptics-apm-node/appoptics-apm-node/test/probes/@hapi-hapi.test.js)
      at listOnTimeout (node:internal/timers:559:17)
      at processTimers (node:internal/timers:502:7)

  3) probes.@hapi/hapi 20.0.0 @hapi/vision 6.1.0
       should forward controller/action data from delete request:
     Error: Timeout of 2000ms exceeded. For async tests and hooks, ensure "done()" is called; if returning a Promise, ensure it resolves. (/__w/appoptics-apm-node/appoptics-apm-node/test/probes/@hapi-hapi.test.js)
      at listOnTimeout (node:internal/timers:559:17)
      at processTimers (node:internal/timers:502:7)




changed 1 package, and audited 913 packages in 5s

83 packages are looking for funding
  run `npm fund` for details

12 vulnerabilities (9 moderate, 3 high)

To address issues that do not require attention, run:
  npm audit fix

To address all issues possible (including breaking changes), run:
  npm audit fix --force

Some issues need review, and may require choosing
a different dependency.

Run `npm audit` for details.
2022-02-23T04:41:35.922Z appoptics:debug read config from /__w/appoptics-apm-node/appoptics-apm-node/appoptics-apm-config
2022-02-23T04:41:35.923Z appoptics:debug guc ignoring APPOPTICS_LOG_SETTINGS
2022-02-23T04:41:35.923Z appoptics:debug serviceKey dIOz...wWK0:ao-node-test
2022-02-23T04:41:35.923Z appoptics:debug using context provider: ace-context
2022-02-23T04:41:35.982Z appoptics:debug apm 10.2.1, bindings 11.2.0, oboe 10.2.0
2022-02-23T04:41:36.107Z appoptics:patching patched crypto 
2022-02-23T04:41:36.125Z appoptics:patching patched https 
2022-02-23T04:41:36.126Z appoptics:patching patched http 
2022-02-23T04:41:36.162Z appoptics:patching patched zlib 
2022-02-23T04:41:36.279Z appoptics:patching fs.realpath - adding native method
2022-02-23T04:41:36.279Z appoptics:patching patched fs 
2022-02-23T04:41:36.289Z appoptics:patching hapi - v17 not looking for hapi/lib/plugin
2022-02-23T04:41:36.289Z appoptics:patching patched @hapi/hapi 20.0.1
2022-02-23T04:41:36.295Z appoptics:patching patched @hapi/vision 6.1.0
2022-02-23T04:41:36.299Z appoptics:debug starting runtimeMetrics


  probes.@hapi/hapi 20.0.1 @hapi/vision 6.1.0
    ✓ UDP might lose a message
    ✓ should forward controller/action data from get request (50ms)
    1) should forward controller/action data from post request
    2) should forward controller/action data from put request
    3) should forward controller/action data from delete request
    ✓ should trace render span
    ✓ should skip vision when disabled
    ✓ should allow a custom TransactionName
    ✓ should allow a custom TransactionName with domain prefix
    ✓ should handle an error in the custom name function
    ✓ should handle a falsey return by the custom name function


  8 passing (6s)
  3 failing

  1) probes.@hapi/hapi 20.0.1 @hapi/vision 6.1.0
       should forward controller/action data from post request:
     Error: Timeout of 2000ms exceeded. For async tests and hooks, ensure "done()" is called; if returning a Promise, ensure it resolves. (/__w/appoptics-apm-node/appoptics-apm-node/test/probes/@hapi-hapi.test.js)
      at listOnTimeout (node:internal/timers:559:17)
      at processTimers (node:internal/timers:502:7)

  2) probes.@hapi/hapi 20.0.1 @hapi/vision 6.1.0
       should forward controller/action data from put request:
     Error: Timeout of 2000ms exceeded. For async tests and hooks, ensure "done()" is called; if returning a Promise, ensure it resolves. (/__w/appoptics-apm-node/appoptics-apm-node/test/probes/@hapi-hapi.test.js)
      at listOnTimeout (node:internal/timers:559:17)
      at processTimers (node:internal/timers:502:7)

  3) probes.@hapi/hapi 20.0.1 @hapi/vision 6.1.0
       should forward controller/action data from delete request:
     Error: Timeout of 2000ms exceeded. For async tests and hooks, ensure "done()" is called; if returning a Promise, ensure it resolves. (/__w/appoptics-apm-node/appoptics-apm-node/test/probes/@hapi-hapi.test.js)
      at listOnTimeout (node:internal/timers:559:17)
      at processTimers (node:internal/timers:502:7)




changed 1 package, and audited 913 packages in 5s

83 packages are looking for funding
  run `npm fund` for details

12 vulnerabilities (9 moderate, 3 high)

To address issues that do not require attention, run:
  npm audit fix

To address all issues possible (including breaking changes), run:
  npm audit fix --force

Some issues need review, and may require choosing
a different dependency.

Run `npm audit` for details.
2022-02-23T04:41:48.458Z appoptics:debug read config from /__w/appoptics-apm-node/appoptics-apm-node/appoptics-apm-config
2022-02-23T04:41:48.458Z appoptics:debug guc ignoring APPOPTICS_LOG_SETTINGS
2022-02-23T04:41:48.459Z appoptics:debug serviceKey dIOz...wWK0:ao-node-test
2022-02-23T04:41:48.460Z appoptics:debug using context provider: ace-context
2022-02-23T04:41:48.584Z appoptics:debug apm 10.2.1, bindings 11.2.0, oboe 10.2.0
2022-02-23T04:41:48.787Z appoptics:patching patched crypto 
2022-02-23T04:41:48.805Z appoptics:patching patched https 
2022-02-23T04:41:48.806Z appoptics:patching patched http 
2022-02-23T04:41:48.868Z appoptics:patching patched zlib 
2022-02-23T04:41:49.034Z appoptics:patching fs.realpath - adding native method
2022-02-23T04:41:49.035Z appoptics:patching patched fs 
2022-02-23T04:41:49.048Z appoptics:patching hapi - v17 not looking for hapi/lib/plugin
2022-02-23T04:41:49.048Z appoptics:patching patched @hapi/hapi 20.0.2
2022-02-23T04:41:49.063Z appoptics:patching patched @hapi/vision 6.1.0
2022-02-23T04:41:49.071Z appoptics:debug starting runtimeMetrics


  probes.@hapi/hapi 20.0.2 @hapi/vision 6.1.0
    ✓ UDP might lose a message
    ✓ should forward controller/action data from get request (91ms)
    1) should forward controller/action data from post request
    2) should forward controller/action data from put request
    3) should forward controller/action data from delete request
    ✓ should trace render span
    ✓ should skip vision when disabled
    ✓ should allow a custom TransactionName
    ✓ should allow a custom TransactionName with domain prefix
    ✓ should handle an error in the custom name function
    ✓ should handle a falsey return by the custom name function


  8 passing (6s)
  3 failing

  1) probes.@hapi/hapi 20.0.2 @hapi/vision 6.1.0
       should forward controller/action data from post request:
     Error: Timeout of 2000ms exceeded. For async tests and hooks, ensure "done()" is called; if returning a Promise, ensure it resolves. (/__w/appoptics-apm-node/appoptics-apm-node/test/probes/@hapi-hapi.test.js)
      at listOnTimeout (node:internal/timers:559:17)
      at processTimers (node:internal/timers:502:7)

  2) probes.@hapi/hapi 20.0.2 @hapi/vision 6.1.0
       should forward controller/action data from put request:
     Error: Timeout of 2000ms exceeded. For async tests and hooks, ensure "done()" is called; if returning a Promise, ensure it resolves. (/__w/appoptics-apm-node/appoptics-apm-node/test/probes/@hapi-hapi.test.js)
      at listOnTimeout (node:internal/timers:559:17)
      at processTimers (node:internal/timers:502:7)

  3) probes.@hapi/hapi 20.0.2 @hapi/vision 6.1.0
       should forward controller/action data from delete request:
     Error: Timeout of 2000ms exceeded. For async tests and hooks, ensure "done()" is called; if returning a Promise, ensure it resolves. (/__w/appoptics-apm-node/appoptics-apm-node/test/probes/@hapi-hapi.test.js)
      at listOnTimeout (node:internal/timers:559:17)
      at processTimers (node:internal/timers:502:7)




changed 1 package, and audited 913 packages in 6s

83 packages are looking for funding
  run `npm fund` for details

12 vulnerabilities (9 moderate, 3 high)

To address issues that do not require attention, run:
  npm audit fix

To address all issues possible (including breaking changes), run:
  npm audit fix --force

Some issues need review, and may require choosing
a different dependency.

Run `npm audit` for details.
2022-02-23T04:42:02.227Z appoptics:debug read config from /__w/appoptics-apm-node/appoptics-apm-node/appoptics-apm-config
2022-02-23T04:42:02.228Z appoptics:debug guc ignoring APPOPTICS_LOG_SETTINGS
2022-02-23T04:42:02.228Z appoptics:debug serviceKey dIOz...wWK0:ao-node-test
2022-02-23T04:42:02.229Z appoptics:debug using context provider: ace-context
2022-02-23T04:42:02.290Z appoptics:debug apm 10.2.1, bindings 11.2.0, oboe 10.2.0
2022-02-23T04:42:02.411Z appoptics:patching patched crypto 
2022-02-23T04:42:02.430Z appoptics:patching patched https 
2022-02-23T04:42:02.430Z appoptics:patching patched http 
2022-02-23T04:42:02.469Z appoptics:patching patched zlib 
2022-02-23T04:42:02.582Z appoptics:patching fs.realpath - adding native method
2022-02-23T04:42:02.582Z appoptics:patching patched fs 
2022-02-23T04:42:02.591Z appoptics:patching hapi - v17 not looking for hapi/lib/plugin
2022-02-23T04:42:02.591Z appoptics:patching patched @hapi/hapi 20.0.3
2022-02-23T04:42:02.598Z appoptics:patching patched @hapi/vision 6.1.0
2022-02-23T04:42:02.601Z appoptics:debug starting runtimeMetrics


  probes.@hapi/hapi 20.0.3 @hapi/vision 6.1.0
    ✓ UDP might lose a message
    ✓ should forward controller/action data from get request (55ms)
    1) should forward controller/action data from post request
    2) should forward controller/action data from put request
    3) should forward controller/action data from delete request
    ✓ should trace render span
    ✓ should skip vision when disabled
    ✓ should allow a custom TransactionName
    ✓ should allow a custom TransactionName with domain prefix
    ✓ should handle an error in the custom name function
    ✓ should handle a falsey return by the custom name function


  8 passing (6s)
  3 failing

  1) probes.@hapi/hapi 20.0.3 @hapi/vision 6.1.0
       should forward controller/action data from post request:
     Error: Timeout of 2000ms exceeded. For async tests and hooks, ensure "done()" is called; if returning a Promise, ensure it resolves. (/__w/appoptics-apm-node/appoptics-apm-node/test/probes/@hapi-hapi.test.js)
      at listOnTimeout (node:internal/timers:559:17)
      at processTimers (node:internal/timers:502:7)

  2) probes.@hapi/hapi 20.0.3 @hapi/vision 6.1.0
       should forward controller/action data from put request:
     Error: Timeout of 2000ms exceeded. For async tests and hooks, ensure "done()" is called; if returning a Promise, ensure it resolves. (/__w/appoptics-apm-node/appoptics-apm-node/test/probes/@hapi-hapi.test.js)
      at listOnTimeout (node:internal/timers:559:17)
      at processTimers (node:internal/timers:502:7)

  3) probes.@hapi/hapi 20.0.3 @hapi/vision 6.1.0
       should forward controller/action data from delete request:
     Error: Timeout of 2000ms exceeded. For async tests and hooks, ensure "done()" is called; if returning a Promise, ensure it resolves. (/__w/appoptics-apm-node/appoptics-apm-node/test/probes/@hapi-hapi.test.js)
      at listOnTimeout (node:internal/timers:559:17)
      at processTimers (node:internal/timers:502:7)




changed 1 package, and audited 913 packages in 6s

83 packages are looking for funding
  run `npm fund` for details

12 vulnerabilities (9 moderate, 3 high)

To address issues that do not require attention, run:
  npm audit fix

To address all issues possible (including breaking changes), run:
  npm audit fix --force

Some issues need review, and may require choosing
a different dependency.

Run `npm audit` for details.
2022-02-23T04:42:15.469Z appoptics:debug read config from /__w/appoptics-apm-node/appoptics-apm-node/appoptics-apm-config
2022-02-23T04:42:15.469Z appoptics:debug guc ignoring APPOPTICS_LOG_SETTINGS
2022-02-23T04:42:15.469Z appoptics:debug serviceKey dIOz...wWK0:ao-node-test
2022-02-23T04:42:15.470Z appoptics:debug using context provider: ace-context
2022-02-23T04:42:15.528Z appoptics:debug apm 10.2.1, bindings 11.2.0, oboe 10.2.0
2022-02-23T04:42:15.649Z appoptics:patching patched crypto 
2022-02-23T04:42:15.668Z appoptics:patching patched https 
2022-02-23T04:42:15.668Z appoptics:patching patched http 
2022-02-23T04:42:15.705Z appoptics:patching patched zlib 
2022-02-23T04:42:15.824Z appoptics:patching fs.realpath - adding native method
2022-02-23T04:42:15.825Z appoptics:patching patched fs 
2022-02-23T04:42:15.834Z appoptics:patching hapi - v17 not looking for hapi/lib/plugin
2022-02-23T04:42:15.834Z appoptics:patching patched @hapi/hapi 20.1.0
2022-02-23T04:42:15.841Z appoptics:patching patched @hapi/vision 6.1.0
2022-02-23T04:42:15.844Z appoptics:debug starting runtimeMetrics


  probes.@hapi/hapi 20.1.0 @hapi/vision 6.1.0
    ✓ UDP might lose a message
    ✓ should forward controller/action data from get request (54ms)
    1) should forward controller/action data from post request
    2) should forward controller/action data from put request
    3) should forward controller/action data from delete request
    ✓ should trace render span
    ✓ should skip vision when disabled
    ✓ should allow a custom TransactionName
    ✓ should allow a custom TransactionName with domain prefix
    ✓ should handle an error in the custom name function
    ✓ should handle a falsey return by the custom name function


  8 passing (6s)
  3 failing

  1) probes.@hapi/hapi 20.1.0 @hapi/vision 6.1.0
       should forward controller/action data from post request:
     Error: Timeout of 2000ms exceeded. For async tests and hooks, ensure "done()" is called; if returning a Promise, ensure it resolves. (/__w/appoptics-apm-node/appoptics-apm-node/test/probes/@hapi-hapi.test.js)
      at listOnTimeout (node:internal/timers:559:17)
      at processTimers (node:internal/timers:502:7)

  2) probes.@hapi/hapi 20.1.0 @hapi/vision 6.1.0
       should forward controller/action data from put request:
     Error: Timeout of 2000ms exceeded. For async tests and hooks, ensure "done()" is called; if returning a Promise, ensure it resolves. (/__w/appoptics-apm-node/appoptics-apm-node/test/probes/@hapi-hapi.test.js)
      at listOnTimeout (node:internal/timers:559:17)
      at processTimers (node:internal/timers:502:7)

  3) probes.@hapi/hapi 20.1.0 @hapi/vision 6.1.0
       should forward controller/action data from delete request:
     Error: Timeout of 2000ms exceeded. For async tests and hooks, ensure "done()" is called; if returning a Promise, ensure it resolves. (/__w/appoptics-apm-node/appoptics-apm-node/test/probes/@hapi-hapi.test.js)
      at listOnTimeout (node:internal/timers:559:17)
      at processTimers (node:internal/timers:502:7)




changed 1 package, and audited 913 packages in 6s

83 packages are looking for funding
  run `npm fund` for details

12 vulnerabilities (9 moderate, 3 high)

To address issues that do not require attention, run:
  npm audit fix

To address all issues possible (including breaking changes), run:
  npm audit fix --force

Some issues need review, and may require choosing
a different dependency.

Run `npm audit` for details.
2022-02-23T04:42:28.408Z appoptics:debug read config from /__w/appoptics-apm-node/appoptics-apm-node/appoptics-apm-config
2022-02-23T04:42:28.409Z appoptics:debug guc ignoring APPOPTICS_LOG_SETTINGS
2022-02-23T04:42:28.409Z appoptics:debug serviceKey dIOz...wWK0:ao-node-test
2022-02-23T04:42:28.409Z appoptics:debug using context provider: ace-context
2022-02-23T04:42:28.467Z appoptics:debug apm 10.2.1, bindings 11.2.0, oboe 10.2.0
2022-02-23T04:42:28.586Z appoptics:patching patched crypto 
2022-02-23T04:42:28.603Z appoptics:patching patched https 
2022-02-23T04:42:28.604Z appoptics:patching patched http 
2022-02-23T04:42:28.645Z appoptics:patching patched zlib 
2022-02-23T04:42:28.755Z appoptics:patching fs.realpath - adding native method
2022-02-23T04:42:28.755Z appoptics:patching patched fs 
2022-02-23T04:42:28.767Z appoptics:patching hapi - v17 not looking for hapi/lib/plugin
2022-02-23T04:42:28.767Z appoptics:patching patched @hapi/hapi 20.1.1
2022-02-23T04:42:28.774Z appoptics:patching patched @hapi/vision 6.1.0
2022-02-23T04:42:28.777Z appoptics:debug starting runtimeMetrics


  probes.@hapi/hapi 20.1.1 @hapi/vision 6.1.0
    ✓ UDP might lose a message
    ✓ should forward controller/action data from get request (49ms)
    1) should forward controller/action data from post request
    2) should forward controller/action data from put request
    3) should forward controller/action data from delete request
    ✓ should trace render span
    ✓ should skip vision when disabled
    ✓ should allow a custom TransactionName
    ✓ should allow a custom TransactionName with domain prefix
    ✓ should handle an error in the custom name function
    ✓ should handle a falsey return by the custom name function


  8 passing (6s)
  3 failing

  1) probes.@hapi/hapi 20.1.1 @hapi/vision 6.1.0
       should forward controller/action data from post request:
     Error: Timeout of 2000ms exceeded. For async tests and hooks, ensure "done()" is called; if returning a Promise, ensure it resolves. (/__w/appoptics-apm-node/appoptics-apm-node/test/probes/@hapi-hapi.test.js)
      at listOnTimeout (node:internal/timers:559:17)
      at processTimers (node:internal/timers:502:7)

  2) probes.@hapi/hapi 20.1.1 @hapi/vision 6.1.0
       should forward controller/action data from put request:
     Error: Timeout of 2000ms exceeded. For async tests and hooks, ensure "done()" is called; if returning a Promise, ensure it resolves. (/__w/appoptics-apm-node/appoptics-apm-node/test/probes/@hapi-hapi.test.js)
      at listOnTimeout (node:internal/timers:559:17)
      at processTimers (node:internal/timers:502:7)

  3) probes.@hapi/hapi 20.1.1 @hapi/vision 6.1.0
       should forward controller/action data from delete request:
     Error: Timeout of 2000ms exceeded. For async tests and hooks, ensure "done()" is called; if returning a Promise, ensure it resolves. (/__w/appoptics-apm-node/appoptics-apm-node/test/probes/@hapi-hapi.test.js)
      at listOnTimeout (node:internal/timers:559:17)
      at processTimers (node:internal/timers:502:7)




changed 1 package, and audited 913 packages in 14s

83 packages are looking for funding
  run `npm fund` for details

12 vulnerabilities (9 moderate, 3 high)

To address issues that do not require attention, run:
  npm audit fix

To address all issues possible (including breaking changes), run:
  npm audit fix --force

Some issues need review, and may require choosing
a different dependency.

Run `npm audit` for details.
2022-02-23T04:42:49.594Z appoptics:debug read config from /__w/appoptics-apm-node/appoptics-apm-node/appoptics-apm-config
2022-02-23T04:42:49.594Z appoptics:debug guc ignoring APPOPTICS_LOG_SETTINGS
2022-02-23T04:42:49.594Z appoptics:debug serviceKey dIOz...wWK0:ao-node-test
2022-02-23T04:42:49.595Z appoptics:debug using context provider: ace-context
2022-02-23T04:42:49.654Z appoptics:debug apm 10.2.1, bindings 11.2.0, oboe 10.2.0
2022-02-23T04:42:49.777Z appoptics:patching patched crypto 
2022-02-23T04:42:49.795Z appoptics:patching patched https 
2022-02-23T04:42:49.795Z appoptics:patching patched http 
2022-02-23T04:42:49.833Z appoptics:patching patched zlib 
2022-02-23T04:42:49.945Z appoptics:patching fs.realpath - adding native method
2022-02-23T04:42:49.949Z appoptics:patching patched fs 
2022-02-23T04:42:49.959Z appoptics:patching hapi - v17 not looking for hapi/lib/plugin
2022-02-23T04:42:49.959Z appoptics:patching patched @hapi/hapi 20.1.2
2022-02-23T04:42:49.966Z appoptics:patching patched @hapi/vision 6.1.0
2022-02-23T04:42:49.970Z appoptics:debug starting runtimeMetrics


  probes.@hapi/hapi 20.1.2 @hapi/vision 6.1.0
    ✓ UDP might lose a message
    ✓ should forward controller/action data from get request (51ms)
    ✓ should forward controller/action data from post request
    ✓ should forward controller/action data from put request
    ✓ should forward controller/action data from delete request
    ✓ should trace render span
    ✓ should skip vision when disabled
    ✓ should allow a custom TransactionName
    ✓ should allow a custom TransactionName with domain prefix
    ✓ should handle an error in the custom name function
    ✓ should handle a falsey return by the custom name function


  11 passing (217ms)


changed 2 packages, and audited 913 packages in 6s

83 packages are looking for funding
  run `npm fund` for details

12 vulnerabilities (9 moderate, 3 high)

To address issues that do not require attention, run:
  npm audit fix

To address all issues possible (including breaking changes), run:
  npm audit fix --force

Some issues need review, and may require choosing
a different dependency.

Run `npm audit` for details.
2022-02-23T04:42:56.354Z appoptics:debug read config from /__w/appoptics-apm-node/appoptics-apm-node/appoptics-apm-config
2022-02-23T04:42:56.355Z appoptics:debug guc ignoring APPOPTICS_LOG_SETTINGS
2022-02-23T04:42:56.355Z appoptics:debug serviceKey dIOz...wWK0:ao-node-test
2022-02-23T04:42:56.355Z appoptics:debug using context provider: ace-context
2022-02-23T04:42:56.414Z appoptics:debug apm 10.2.1, bindings 11.2.0, oboe 10.2.0
2022-02-23T04:42:56.534Z appoptics:patching patched crypto 
2022-02-23T04:42:56.551Z appoptics:patching patched https 
2022-02-23T04:42:56.552Z appoptics:patching patched http 
2022-02-23T04:42:56.589Z appoptics:patching patched zlib 
2022-02-23T04:42:56.691Z appoptics:patching fs.realpath - adding native method
2022-02-23T04:42:56.691Z appoptics:patching patched fs 
2022-02-23T04:42:56.701Z appoptics:patching hapi - v17 not looking for hapi/lib/plugin
2022-02-23T04:42:56.701Z appoptics:patching patched @hapi/hapi 20.1.3
2022-02-23T04:42:56.708Z appoptics:patching patched @hapi/vision 6.1.0
2022-02-23T04:42:56.712Z appoptics:debug starting runtimeMetrics


  probes.@hapi/hapi 20.1.3 @hapi/vision 6.1.0
    ✓ UDP might lose a message
    ✓ should forward controller/action data from get request (50ms)
    ✓ should forward controller/action data from post request
    ✓ should forward controller/action data from put request
    ✓ should forward controller/action data from delete request
    ✓ should trace render span
    ✓ should skip vision when disabled
    ✓ should allow a custom TransactionName
    ✓ should allow a custom TransactionName with domain prefix
    ✓ should handle an error in the custom name function
    ✓ should handle a falsey return by the custom name function


  11 passing (185ms)


changed 1 package, and audited 913 packages in 6s

83 packages are looking for funding
  run `npm fund` for details

12 vulnerabilities (9 moderate, 3 high)

To address issues that do not require attention, run:
  npm audit fix

To address all issues possible (including breaking changes), run:
  npm audit fix --force

Some issues need review, and may require choosing
a different dependency.

Run `npm audit` for details.
2022-02-23T04:43:03.671Z appoptics:debug read config from /__w/appoptics-apm-node/appoptics-apm-node/appoptics-apm-config
2022-02-23T04:43:03.672Z appoptics:debug guc ignoring APPOPTICS_LOG_SETTINGS
2022-02-23T04:43:03.672Z appoptics:debug serviceKey dIOz...wWK0:ao-node-test
2022-02-23T04:43:03.673Z appoptics:debug using context provider: ace-context
2022-02-23T04:43:03.745Z appoptics:debug apm 10.2.1, bindings 11.2.0, oboe 10.2.0
2022-02-23T04:43:03.886Z appoptics:patching patched crypto 
2022-02-23T04:43:03.904Z appoptics:patching patched https 
2022-02-23T04:43:03.905Z appoptics:patching patched http 
2022-02-23T04:43:03.966Z appoptics:patching patched zlib 
2022-02-23T04:43:04.074Z appoptics:patching fs.realpath - adding native method
2022-02-23T04:43:04.075Z appoptics:patching patched fs 
2022-02-23T04:43:04.084Z appoptics:patching hapi - v17 not looking for hapi/lib/plugin
2022-02-23T04:43:04.084Z appoptics:patching patched @hapi/hapi 20.1.4
2022-02-23T04:43:04.096Z appoptics:patching patched @hapi/vision 6.1.0
2022-02-23T04:43:04.100Z appoptics:debug starting runtimeMetrics


  probes.@hapi/hapi 20.1.4 @hapi/vision 6.1.0
    ✓ UDP might lose a message
    ✓ should forward controller/action data from get request (50ms)
    ✓ should forward controller/action data from post request
    ✓ should forward controller/action data from put request
    ✓ should forward controller/action data from delete request
    ✓ should trace render span
    ✓ should skip vision when disabled
    ✓ should allow a custom TransactionName
    ✓ should allow a custom TransactionName with domain prefix
    ✓ should handle an error in the custom name function
    ✓ should handle a falsey return by the custom name function


  11 passing (188ms)


changed 1 package, and audited 913 packages in 5s

83 packages are looking for funding
  run `npm fund` for details

12 vulnerabilities (9 moderate, 3 high)

To address issues that do not require attention, run:
  npm audit fix

To address all issues possible (including breaking changes), run:
  npm audit fix --force

Some issues need review, and may require choosing
a different dependency.

Run `npm audit` for details.
2022-02-23T04:43:10.096Z appoptics:debug read config from /__w/appoptics-apm-node/appoptics-apm-node/appoptics-apm-config
2022-02-23T04:43:10.097Z appoptics:debug guc ignoring APPOPTICS_LOG_SETTINGS
2022-02-23T04:43:10.097Z appoptics:debug serviceKey dIOz...wWK0:ao-node-test
2022-02-23T04:43:10.098Z appoptics:debug using context provider: ace-context
2022-02-23T04:43:10.156Z appoptics:debug apm 10.2.1, bindings 11.2.0, oboe 10.2.0
2022-02-23T04:43:10.277Z appoptics:patching patched crypto 
2022-02-23T04:43:10.296Z appoptics:patching patched https 
2022-02-23T04:43:10.297Z appoptics:patching patched http 
2022-02-23T04:43:10.334Z appoptics:patching patched zlib 
2022-02-23T04:43:10.459Z appoptics:patching fs.realpath - adding native method
2022-02-23T04:43:10.459Z appoptics:patching patched fs 
2022-02-23T04:43:10.475Z appoptics:patching hapi - v17 not looking for hapi/lib/plugin
2022-02-23T04:43:10.475Z appoptics:patching patched @hapi/hapi 20.1.5
2022-02-23T04:43:10.487Z appoptics:patching patched @hapi/vision 6.1.0
2022-02-23T04:43:10.490Z appoptics:debug starting runtimeMetrics


  probes.@hapi/hapi 20.1.5 @hapi/vision 6.1.0
    ✓ UDP might lose a message
    ✓ should forward controller/action data from get request (53ms)
    ✓ should forward controller/action data from post request
    ✓ should forward controller/action data from put request
    ✓ should forward controller/action data from delete request
    ✓ should trace render span
    ✓ should skip vision when disabled
    ✓ should allow a custom TransactionName
    ✓ should allow a custom TransactionName with domain prefix
    ✓ should handle an error in the custom name function
    ✓ should handle a falsey return by the custom name function


  11 passing (189ms)


changed 1 package, and audited 913 packages in 6s

83 packages are looking for funding
  run `npm fund` for details

12 vulnerabilities (9 moderate, 3 high)

To address issues that do not require attention, run:
  npm audit fix

To address all issues possible (including breaking changes), run:
  npm audit fix --force

Some issues need review, and may require choosing
a different dependency.

Run `npm audit` for details.
2022-02-23T04:43:17.410Z appoptics:debug read config from /__w/appoptics-apm-node/appoptics-apm-node/appoptics-apm-config
2022-02-23T04:43:17.410Z appoptics:debug guc ignoring APPOPTICS_LOG_SETTINGS
2022-02-23T04:43:17.410Z appoptics:debug serviceKey dIOz...wWK0:ao-node-test
2022-02-23T04:43:17.411Z appoptics:debug using context provider: ace-context
2022-02-23T04:43:17.469Z appoptics:debug apm 10.2.1, bindings 11.2.0, oboe 10.2.0
2022-02-23T04:43:17.589Z appoptics:patching patched crypto 
2022-02-23T04:43:17.608Z appoptics:patching patched https 
2022-02-23T04:43:17.609Z appoptics:patching patched http 
2022-02-23T04:43:17.650Z appoptics:patching patched zlib 
2022-02-23T04:43:17.749Z appoptics:patching fs.realpath - adding native method
2022-02-23T04:43:17.749Z appoptics:patching patched fs 
2022-02-23T04:43:17.759Z appoptics:patching hapi - v17 not looking for hapi/lib/plugin
2022-02-23T04:43:17.759Z appoptics:patching patched @hapi/hapi 20.2.0
2022-02-23T04:43:17.770Z appoptics:patching patched @hapi/vision 6.1.0
2022-02-23T04:43:17.774Z appoptics:debug starting runtimeMetrics


  probes.@hapi/hapi 20.2.0 @hapi/vision 6.1.0
    ✓ UDP might lose a message
    ✓ should forward controller/action data from get request (50ms)
    ✓ should forward controller/action data from post request
    ✓ should forward controller/action data from put request
    ✓ should forward controller/action data from delete request
    ✓ should trace render span
    ✓ should skip vision when disabled
    ✓ should allow a custom TransactionName
    ✓ should allow a custom TransactionName with domain prefix
    ✓ should handle an error in the custom name function
    ✓ should handle a falsey return by the custom name function


  11 passing (186ms)


changed 1 package, and audited 913 packages in 5s

83 packages are looking for funding
  run `npm fund` for details

12 vulnerabilities (9 moderate, 3 high)

To address issues that do not require attention, run:
  npm audit fix

To address all issues possible (including breaking changes), run:
  npm audit fix --force

Some issues need review, and may require choosing
a different dependency.

Run `npm audit` for details.
2022-02-23T04:43:23.794Z appoptics:debug read config from /__w/appoptics-apm-node/appoptics-apm-node/appoptics-apm-config
2022-02-23T04:43:23.794Z appoptics:debug guc ignoring APPOPTICS_LOG_SETTINGS
2022-02-23T04:43:23.794Z appoptics:debug serviceKey dIOz...wWK0:ao-node-test
2022-02-23T04:43:23.795Z appoptics:debug using context provider: ace-context
2022-02-23T04:43:23.867Z appoptics:debug apm 10.2.1, bindings 11.2.0, oboe 10.2.0
2022-02-23T04:43:24.007Z appoptics:patching patched crypto 
2022-02-23T04:43:24.026Z appoptics:patching patched https 
2022-02-23T04:43:24.027Z appoptics:patching patched http 
2022-02-23T04:43:24.089Z appoptics:patching patched zlib 
2022-02-23T04:43:24.224Z appoptics:patching fs.realpath - adding native method
2022-02-23T04:43:24.224Z appoptics:patching patched fs 
2022-02-23T04:43:24.245Z appoptics:patching hapi - v17 not looking for hapi/lib/plugin
2022-02-23T04:43:24.245Z appoptics:patching patched @hapi/hapi 20.2.1
2022-02-23T04:43:24.260Z appoptics:patching patched @hapi/vision 6.1.0
2022-02-23T04:43:24.264Z appoptics:debug starting runtimeMetrics


  probes.@hapi/hapi 20.2.1 @hapi/vision 6.1.0
    ✓ UDP might lose a message
    ✓ should forward controller/action data from get request (57ms)
    ✓ should forward controller/action data from post request
    ✓ should forward controller/action data from put request
    ✓ should forward controller/action data from delete request
    ✓ should trace render span
    ✓ should skip vision when disabled
    ✓ should allow a custom TransactionName
    ✓ should allow a custom TransactionName with domain prefix
    ✓ should handle an error in the custom name function
    ✓ should handle a falsey return by the custom name function


  11 passing (209ms)


up to date, audited 913 packages in 6s

83 packages are looking for funding
  run `npm fund` for details

12 vulnerabilities (9 moderate, 3 high)

To address issues that do not require attention, run:
  npm audit fix

To address all issues possible (including breaking changes), run:
  npm audit fix --force

Some issues need review, and may require choosing
a different dependency.

Run `npm audit` for details.
