npm WARN deprecated oracledb@2.0.14: Update to node-oracledb 5
npm ERR! code 87
npm ERR! path /__w/appoptics-apm-node/appoptics-apm-node/node_modules/oracledb
npm ERR! command failed
npm ERR! command sh -c node package/oracledbinstall.js
npm ERR! oracledb Beginning installation
npm ERR! oracledb Verifying installation
npm ERR! oracledb Binary not found
npm ERR! oracledb Continuing installation
npm ERR! oracledb [31mERR![0m NJS-054: Binary build/Release/oracledb.node was not installed from oracledb-v2.0.14-node-v102-linux-x64.gz
npm ERR! oracledb [31mERR![0m Error: HTTPS request for https://github.com/oracle/node-oracledb/releases/download/v2.0.14/oracledb-v2.0.14-node-v102-linux-x64.gz failed with code 404
npm ERR! oracledb [31mERR![0m If the error is not network or filesystem related, then review 
npm ERR! oracledb [31mERR![0m the Python 2.7 and compiler prerequisites in the installation instructions and
npm ERR! oracledb [31mERR![0m then install from source code with: npm install oracle/node-oracledb.git#v2.0.14
npm ERR! oracledb [31mERR![0m See https://github.com/oracle/node-oracledb/blob/master/INSTALL.md

npm ERR! A complete log of this run can be found in:
npm ERR!     /github/home/.npm/_logs/2021-11-23T06_34_34_017Z-debug.log
npm WARN deprecated formidable@1.2.6: Please upgrade to latest, formidable@v2 or formidable@v3! Check these notes: https://bit.ly/2ZEqIau
npm WARN deprecated oracledb@2.0.15: Update to node-oracledb 5
npm WARN cleanup Failed to remove some directories [
npm WARN cleanup   [
npm WARN cleanup     undefined,
npm WARN cleanup     AssertionError [ERR_ASSERTION]: rimraf: missing path
npm WARN cleanup         at rimraf (/__t/node/17.1.0/x64/lib/node_modules/npm/node_modules/rimraf/rimraf.js:54:3)
npm WARN cleanup         at node:internal/util:360:7
npm WARN cleanup         at new Promise (<anonymous>)
npm WARN cleanup         at rimraf (node:internal/util:346:12)
npm WARN cleanup         at /__t/node/17.1.0/x64/lib/node_modules/npm/node_modules/@npmcli/arborist/lib/arborist/reify.js:528:20
npm WARN cleanup         at Array.map (<anonymous>)
npm WARN cleanup         at Arborist.[rollbackCreateSparseTree] (/__t/node/17.1.0/x64/lib/node_modules/npm/node_modules/@npmcli/arborist/lib/arborist/reify.js:528:8)
npm WARN cleanup         at /__t/node/17.1.0/x64/lib/node_modules/npm/node_modules/@npmcli/arborist/lib/arborist/reify.js:1074:50
npm WARN cleanup         at async Arborist.[reifyPackages] (/__t/node/17.1.0/x64/lib/node_modules/npm/node_modules/@npmcli/arborist/lib/arborist/reify.js:231:11)
npm WARN cleanup         at async Arborist.reify (/__t/node/17.1.0/x64/lib/node_modules/npm/node_modules/@npmcli/arborist/lib/arborist/reify.js:151:5) {
npm WARN cleanup       generatedMessage: false,
npm WARN cleanup       code: 'ERR_ASSERTION',
npm WARN cleanup       actual: undefined,
npm WARN cleanup       expected: true,
npm WARN cleanup       operator: '=='
npm WARN cleanup     }
npm WARN cleanup   ]
npm WARN cleanup ]
npm ERR! code 87
npm ERR! path /__w/appoptics-apm-node/appoptics-apm-node/node_modules/oracledb
npm ERR! command failed
npm ERR! command sh -c node package/oracledbinstall.js
npm ERR! oracledb Beginning installation
npm ERR! oracledb Verifying installation
npm ERR! oracledb Binary not found
npm ERR! oracledb Continuing installation
npm ERR! oracledb [31mERR![0m NJS-054: Binary build/Release/oracledb.node was not installed from oracledb-v2.0.15-node-v102-linux-x64.gz
npm ERR! oracledb [31mERR![0m Error: HTTPS request for https://github.com/oracle/node-oracledb/releases/download/v2.0.15/oracledb-v2.0.15-node-v102-linux-x64.gz failed with code 404
npm ERR! oracledb [31mERR![0m If the error is not network or filesystem related, then review 
npm ERR! oracledb [31mERR![0m the Python 2.7 and compiler prerequisites in the installation instructions and
npm ERR! oracledb [31mERR![0m then install from source code with: npm install oracle/node-oracledb.git#v2.0.15
npm ERR! oracledb [31mERR![0m See https://github.com/oracle/node-oracledb/blob/master/INSTALL.md

npm ERR! A complete log of this run can be found in:
npm ERR!     /github/home/.npm/_logs/2021-11-23T06_34_45_198Z-debug.log
npm WARN deprecated formidable@1.2.6: Please upgrade to latest, formidable@v2 or formidable@v3! Check these notes: https://bit.ly/2ZEqIau
npm WARN deprecated oracledb@2.1.0: Update to node-oracledb 5
npm WARN cleanup Failed to remove some directories [
npm WARN cleanup   [
npm WARN cleanup     undefined,
npm WARN cleanup     AssertionError [ERR_ASSERTION]: rimraf: missing path
npm WARN cleanup         at rimraf (/__t/node/17.1.0/x64/lib/node_modules/npm/node_modules/rimraf/rimraf.js:54:3)
npm WARN cleanup         at node:internal/util:360:7
npm WARN cleanup         at new Promise (<anonymous>)
npm WARN cleanup         at rimraf (node:internal/util:346:12)
npm WARN cleanup         at /__t/node/17.1.0/x64/lib/node_modules/npm/node_modules/@npmcli/arborist/lib/arborist/reify.js:528:20
npm WARN cleanup         at Array.map (<anonymous>)
npm WARN cleanup         at Arborist.[rollbackCreateSparseTree] (/__t/node/17.1.0/x64/lib/node_modules/npm/node_modules/@npmcli/arborist/lib/arborist/reify.js:528:8)
npm WARN cleanup         at /__t/node/17.1.0/x64/lib/node_modules/npm/node_modules/@npmcli/arborist/lib/arborist/reify.js:1074:50
npm WARN cleanup         at async Arborist.[reifyPackages] (/__t/node/17.1.0/x64/lib/node_modules/npm/node_modules/@npmcli/arborist/lib/arborist/reify.js:231:11)
npm WARN cleanup         at async Arborist.reify (/__t/node/17.1.0/x64/lib/node_modules/npm/node_modules/@npmcli/arborist/lib/arborist/reify.js:151:5) {
npm WARN cleanup       generatedMessage: false,
npm WARN cleanup       code: 'ERR_ASSERTION',
npm WARN cleanup       actual: undefined,
npm WARN cleanup       expected: true,
npm WARN cleanup       operator: '=='
npm WARN cleanup     }
npm WARN cleanup   ]
npm WARN cleanup ]
npm ERR! code 87
npm ERR! path /__w/appoptics-apm-node/appoptics-apm-node/node_modules/oracledb
npm ERR! command failed
npm ERR! command sh -c node package/oracledbinstall.js
npm ERR! oracledb Beginning installation
npm ERR! oracledb Verifying installation
npm ERR! oracledb Binary not found
npm ERR! oracledb Continuing installation
npm ERR! oracledb [31mERR![0m NJS-054: Binary build/Release/oracledb.node was not installed from oracledb-v2.1.0-node-v102-linux-x64.gz
npm ERR! oracledb [31mERR![0m Error: HTTPS request for https://github.com/oracle/node-oracledb/releases/download/v2.1.0/oracledb-v2.1.0-node-v102-linux-x64.gz failed with code 404
npm ERR! oracledb [31mERR![0m If the error is not network or filesystem related, then review 
npm ERR! oracledb [31mERR![0m the Python 2.7 and compiler prerequisites in the installation instructions and
npm ERR! oracledb [31mERR![0m then install from source code with: npm install oracle/node-oracledb.git#v2.1.0
npm ERR! oracledb [31mERR![0m See https://github.com/oracle/node-oracledb/blob/master/INSTALL.md

npm ERR! A complete log of this run can be found in:
npm ERR!     /github/home/.npm/_logs/2021-11-23T06_34_56_547Z-debug.log
npm WARN deprecated formidable@1.2.6: Please upgrade to latest, formidable@v2 or formidable@v3! Check these notes: https://bit.ly/2ZEqIau
npm WARN deprecated oracledb@2.1.1: Update to node-oracledb 5
npm WARN cleanup Failed to remove some directories [
npm WARN cleanup   [
npm WARN cleanup     undefined,
npm WARN cleanup     AssertionError [ERR_ASSERTION]: rimraf: missing path
npm WARN cleanup         at rimraf (/__t/node/17.1.0/x64/lib/node_modules/npm/node_modules/rimraf/rimraf.js:54:3)
npm WARN cleanup         at node:internal/util:360:7
npm WARN cleanup         at new Promise (<anonymous>)
npm WARN cleanup         at rimraf (node:internal/util:346:12)
npm WARN cleanup         at /__t/node/17.1.0/x64/lib/node_modules/npm/node_modules/@npmcli/arborist/lib/arborist/reify.js:528:20
npm WARN cleanup         at Array.map (<anonymous>)
npm WARN cleanup         at Arborist.[rollbackCreateSparseTree] (/__t/node/17.1.0/x64/lib/node_modules/npm/node_modules/@npmcli/arborist/lib/arborist/reify.js:528:8)
npm WARN cleanup         at /__t/node/17.1.0/x64/lib/node_modules/npm/node_modules/@npmcli/arborist/lib/arborist/reify.js:1074:50
npm WARN cleanup         at async Arborist.[reifyPackages] (/__t/node/17.1.0/x64/lib/node_modules/npm/node_modules/@npmcli/arborist/lib/arborist/reify.js:231:11)
npm WARN cleanup         at async Arborist.reify (/__t/node/17.1.0/x64/lib/node_modules/npm/node_modules/@npmcli/arborist/lib/arborist/reify.js:151:5) {
npm WARN cleanup       generatedMessage: false,
npm WARN cleanup       code: 'ERR_ASSERTION',
npm WARN cleanup       actual: undefined,
npm WARN cleanup       expected: true,
npm WARN cleanup       operator: '=='
npm WARN cleanup     }
npm WARN cleanup   ]
npm WARN cleanup ]
npm ERR! code 87
npm ERR! path /__w/appoptics-apm-node/appoptics-apm-node/node_modules/oracledb
npm ERR! command failed
npm ERR! command sh -c node package/oracledbinstall.js
npm ERR! oracledb Beginning installation
npm ERR! oracledb Verifying installation
npm ERR! oracledb Binary not found
npm ERR! oracledb Continuing installation
npm ERR! oracledb [31mERR![0m NJS-054: Binary build/Release/oracledb.node was not installed from oracledb-v2.1.1-node-v102-linux-x64.gz
npm ERR! oracledb [31mERR![0m Error: HTTPS request for https://github.com/oracle/node-oracledb/releases/download/v2.1.1/oracledb-v2.1.1-node-v102-linux-x64.gz failed with code 404
npm ERR! oracledb [31mERR![0m If the error is not network or filesystem related, then review 
npm ERR! oracledb [31mERR![0m the Python 2.7 and compiler prerequisites in the installation instructions and
npm ERR! oracledb [31mERR![0m then install from source code with: npm install oracle/node-oracledb.git#v2.1.1
npm ERR! oracledb [31mERR![0m See https://github.com/oracle/node-oracledb/blob/master/INSTALL.md

npm ERR! A complete log of this run can be found in:
npm ERR!     /github/home/.npm/_logs/2021-11-23T06_35_08_295Z-debug.log
npm WARN deprecated formidable@1.2.6: Please upgrade to latest, formidable@v2 or formidable@v3! Check these notes: https://bit.ly/2ZEqIau
npm WARN deprecated oracledb@2.1.2: Update to node-oracledb 5
npm WARN cleanup Failed to remove some directories [
npm WARN cleanup   [
npm WARN cleanup     undefined,
npm WARN cleanup     AssertionError [ERR_ASSERTION]: rimraf: missing path
npm WARN cleanup         at rimraf (/__t/node/17.1.0/x64/lib/node_modules/npm/node_modules/rimraf/rimraf.js:54:3)
npm WARN cleanup         at node:internal/util:360:7
npm WARN cleanup         at new Promise (<anonymous>)
npm WARN cleanup         at rimraf (node:internal/util:346:12)
npm WARN cleanup         at /__t/node/17.1.0/x64/lib/node_modules/npm/node_modules/@npmcli/arborist/lib/arborist/reify.js:528:20
npm WARN cleanup         at Array.map (<anonymous>)
npm WARN cleanup         at Arborist.[rollbackCreateSparseTree] (/__t/node/17.1.0/x64/lib/node_modules/npm/node_modules/@npmcli/arborist/lib/arborist/reify.js:528:8)
npm WARN cleanup         at /__t/node/17.1.0/x64/lib/node_modules/npm/node_modules/@npmcli/arborist/lib/arborist/reify.js:1074:50
npm WARN cleanup         at async Arborist.[reifyPackages] (/__t/node/17.1.0/x64/lib/node_modules/npm/node_modules/@npmcli/arborist/lib/arborist/reify.js:231:11)
npm WARN cleanup         at async Arborist.reify (/__t/node/17.1.0/x64/lib/node_modules/npm/node_modules/@npmcli/arborist/lib/arborist/reify.js:151:5) {
npm WARN cleanup       generatedMessage: false,
npm WARN cleanup       code: 'ERR_ASSERTION',
npm WARN cleanup       actual: undefined,
npm WARN cleanup       expected: true,
npm WARN cleanup       operator: '=='
npm WARN cleanup     }
npm WARN cleanup   ]
npm WARN cleanup ]
npm ERR! code 87
npm ERR! path /__w/appoptics-apm-node/appoptics-apm-node/node_modules/oracledb
npm ERR! command failed
npm ERR! command sh -c node package/oracledbinstall.js
npm ERR! oracledb Beginning installation
npm ERR! oracledb Verifying installation
npm ERR! oracledb Binary not found
npm ERR! oracledb Continuing installation
npm ERR! oracledb [31mERR![0m NJS-054: Binary build/Release/oracledb.node was not installed from oracledb-v2.1.2-node-v102-linux-x64.gz
npm ERR! oracledb [31mERR![0m Error: HTTPS request for https://github.com/oracle/node-oracledb/releases/download/v2.1.2/oracledb-v2.1.2-node-v102-linux-x64.gz failed with code 404
npm ERR! oracledb [31mERR![0m If the error is not network or filesystem related, then review 
npm ERR! oracledb [31mERR![0m the Python 2.7 and compiler prerequisites in the installation instructions and
npm ERR! oracledb [31mERR![0m then install from source code with: npm install oracle/node-oracledb.git#v2.1.2
npm ERR! oracledb [31mERR![0m See https://github.com/oracle/node-oracledb/blob/master/INSTALL.md

npm ERR! A complete log of this run can be found in:
npm ERR!     /github/home/.npm/_logs/2021-11-23T06_35_19_595Z-debug.log
npm WARN deprecated formidable@1.2.6: Please upgrade to latest, formidable@v2 or formidable@v3! Check these notes: https://bit.ly/2ZEqIau
npm WARN deprecated oracledb@2.2.0: Update to node-oracledb 5
npm WARN cleanup Failed to remove some directories [
npm WARN cleanup   [
npm WARN cleanup     undefined,
npm WARN cleanup     AssertionError [ERR_ASSERTION]: rimraf: missing path
npm WARN cleanup         at rimraf (/__t/node/17.1.0/x64/lib/node_modules/npm/node_modules/rimraf/rimraf.js:54:3)
npm WARN cleanup         at node:internal/util:360:7
npm WARN cleanup         at new Promise (<anonymous>)
npm WARN cleanup         at rimraf (node:internal/util:346:12)
npm WARN cleanup         at /__t/node/17.1.0/x64/lib/node_modules/npm/node_modules/@npmcli/arborist/lib/arborist/reify.js:528:20
npm WARN cleanup         at Array.map (<anonymous>)
npm WARN cleanup         at Arborist.[rollbackCreateSparseTree] (/__t/node/17.1.0/x64/lib/node_modules/npm/node_modules/@npmcli/arborist/lib/arborist/reify.js:528:8)
npm WARN cleanup         at /__t/node/17.1.0/x64/lib/node_modules/npm/node_modules/@npmcli/arborist/lib/arborist/reify.js:1074:50
npm WARN cleanup         at async Arborist.[reifyPackages] (/__t/node/17.1.0/x64/lib/node_modules/npm/node_modules/@npmcli/arborist/lib/arborist/reify.js:231:11)
npm WARN cleanup         at async Arborist.reify (/__t/node/17.1.0/x64/lib/node_modules/npm/node_modules/@npmcli/arborist/lib/arborist/reify.js:151:5) {
npm WARN cleanup       generatedMessage: false,
npm WARN cleanup       code: 'ERR_ASSERTION',
npm WARN cleanup       actual: undefined,
npm WARN cleanup       expected: true,
npm WARN cleanup       operator: '=='
npm WARN cleanup     }
npm WARN cleanup   ]
npm WARN cleanup ]
npm ERR! code 87
npm ERR! path /__w/appoptics-apm-node/appoptics-apm-node/node_modules/oracledb
npm ERR! command failed
npm ERR! command sh -c node package/oracledbinstall.js
npm ERR! oracledb Beginning installation
npm ERR! oracledb Verifying installation
npm ERR! oracledb Continuing installation
npm ERR! oracledb [31mERR![0m NJS-054: Binary build/Release/oracledb.node was not installed.
npm ERR! oracledb [31mERR![0m Pre-built binary packages are not available for this version of Node.js (NODE_MODULE_VERSION="102")
npm ERR! oracledb [31mERR![0m Failed to install binary package oracledb-v2.2.0-node-v102-linux-x64.gz
npm ERR! oracledb [31mERR![0m Error: HTTPS request for https://github.com/oracle/node-oracledb/releases/download/v2.2.0/oracledb-v2.2.0-node-v102-linux-x64.gz failed with code 404
npm ERR! oracledb [31mERR![0m For help see https://oracle.github.io/node-oracledb/INSTALL.html#troubleshooting

npm ERR! A complete log of this run can be found in:
npm ERR!     /github/home/.npm/_logs/2021-11-23T06_35_31_040Z-debug.log
npm WARN deprecated formidable@1.2.6: Please upgrade to latest, formidable@v2 or formidable@v3! Check these notes: https://bit.ly/2ZEqIau
npm WARN deprecated oracledb@2.3.0: Update to node-oracledb 5
npm WARN cleanup Failed to remove some directories [
npm WARN cleanup   [
npm WARN cleanup     undefined,
npm WARN cleanup     AssertionError [ERR_ASSERTION]: rimraf: missing path
npm WARN cleanup         at rimraf (/__t/node/17.1.0/x64/lib/node_modules/npm/node_modules/rimraf/rimraf.js:54:3)
npm WARN cleanup         at node:internal/util:360:7
npm WARN cleanup         at new Promise (<anonymous>)
npm WARN cleanup         at rimraf (node:internal/util:346:12)
npm WARN cleanup         at /__t/node/17.1.0/x64/lib/node_modules/npm/node_modules/@npmcli/arborist/lib/arborist/reify.js:528:20
npm WARN cleanup         at Array.map (<anonymous>)
npm WARN cleanup         at Arborist.[rollbackCreateSparseTree] (/__t/node/17.1.0/x64/lib/node_modules/npm/node_modules/@npmcli/arborist/lib/arborist/reify.js:528:8)
npm WARN cleanup         at /__t/node/17.1.0/x64/lib/node_modules/npm/node_modules/@npmcli/arborist/lib/arborist/reify.js:1074:50
npm WARN cleanup         at async Arborist.[reifyPackages] (/__t/node/17.1.0/x64/lib/node_modules/npm/node_modules/@npmcli/arborist/lib/arborist/reify.js:231:11)
npm WARN cleanup         at async Arborist.reify (/__t/node/17.1.0/x64/lib/node_modules/npm/node_modules/@npmcli/arborist/lib/arborist/reify.js:151:5) {
npm WARN cleanup       generatedMessage: false,
npm WARN cleanup       code: 'ERR_ASSERTION',
npm WARN cleanup       actual: undefined,
npm WARN cleanup       expected: true,
npm WARN cleanup       operator: '=='
npm WARN cleanup     }
npm WARN cleanup   ]
npm WARN cleanup ]
npm ERR! code 87
npm ERR! path /__w/appoptics-apm-node/appoptics-apm-node/node_modules/oracledb
npm ERR! command failed
npm ERR! command sh -c node package/oracledbinstall.js
npm ERR! oracledb Beginning installation
npm ERR! oracledb Verifying installation
npm ERR! oracledb Continuing installation
npm ERR! oracledb [31mERR![0m NJS-054: Binary build/Release/oracledb.node was not installed.
npm ERR! oracledb [31mERR![0m Pre-built binary packages are not available for this version of Node.js (NODE_MODULE_VERSION="102")
npm ERR! oracledb [31mERR![0m Failed to install binary package oracledb-v2.3.0-node-v102-linux-x64.gz
npm ERR! oracledb [31mERR![0m Error: HTTPS request for https://github.com/oracle/node-oracledb/releases/download/v2.3.0/oracledb-v2.3.0-node-v102-linux-x64.gz failed with code 404
npm ERR! oracledb [31mERR![0m For help see https://oracle.github.io/node-oracledb/INSTALL.html#troubleshooting

npm ERR! A complete log of this run can be found in:
npm ERR!     /github/home/.npm/_logs/2021-11-23T06_35_42_169Z-debug.log
npm WARN deprecated formidable@1.2.6: Please upgrade to latest, formidable@v2 or formidable@v3! Check these notes: https://bit.ly/2ZEqIau
npm WARN deprecated oracledb@3.0.0: Update to node-oracledb 5
npm WARN cleanup Failed to remove some directories [
npm WARN cleanup   [
npm WARN cleanup     undefined,
npm WARN cleanup     AssertionError [ERR_ASSERTION]: rimraf: missing path
npm WARN cleanup         at rimraf (/__t/node/17.1.0/x64/lib/node_modules/npm/node_modules/rimraf/rimraf.js:54:3)
npm WARN cleanup         at node:internal/util:360:7
npm WARN cleanup         at new Promise (<anonymous>)
npm WARN cleanup         at rimraf (node:internal/util:346:12)
npm WARN cleanup         at /__t/node/17.1.0/x64/lib/node_modules/npm/node_modules/@npmcli/arborist/lib/arborist/reify.js:528:20
npm WARN cleanup         at Array.map (<anonymous>)
npm WARN cleanup         at Arborist.[rollbackCreateSparseTree] (/__t/node/17.1.0/x64/lib/node_modules/npm/node_modules/@npmcli/arborist/lib/arborist/reify.js:528:8)
npm WARN cleanup         at /__t/node/17.1.0/x64/lib/node_modules/npm/node_modules/@npmcli/arborist/lib/arborist/reify.js:1074:50
npm WARN cleanup         at async Arborist.[reifyPackages] (/__t/node/17.1.0/x64/lib/node_modules/npm/node_modules/@npmcli/arborist/lib/arborist/reify.js:231:11)
npm WARN cleanup         at async Arborist.reify (/__t/node/17.1.0/x64/lib/node_modules/npm/node_modules/@npmcli/arborist/lib/arborist/reify.js:151:5) {
npm WARN cleanup       generatedMessage: false,
npm WARN cleanup       code: 'ERR_ASSERTION',
npm WARN cleanup       actual: undefined,
npm WARN cleanup       expected: true,
npm WARN cleanup       operator: '=='
npm WARN cleanup     }
npm WARN cleanup   ]
npm WARN cleanup ]
npm ERR! code 87
npm ERR! path /__w/appoptics-apm-node/appoptics-apm-node/node_modules/oracledb
npm ERR! command failed
npm ERR! command sh -c node package/oracledbinstall.js
npm ERR! oracledb Beginning installation
npm ERR! oracledb Verifying installation
npm ERR! oracledb Continuing installation
npm ERR! oracledb [31mERR![0m NJS-054: Binary build/Release/oracledb.node was not installed.
npm ERR! oracledb [31mERR![0m Pre-built binary packages are not available for this version of Node.js (NODE_MODULE_VERSION="102")
npm ERR! oracledb [31mERR![0m Failed to install binary package oracledb-v3.0.0-node-abi102-linux-x64.gz
npm ERR! oracledb [31mERR![0m Error: HTTPS request for https://github.com/oracle/node-oracledb/releases/download/v3.0.0/oracledb-v3.0.0-node-abi102-linux-x64.gz failed with code 404
npm ERR! oracledb [31mERR![0m For help see https://oracle.github.io/node-oracledb/INSTALL.html#troubleshooting

npm ERR! A complete log of this run can be found in:
npm ERR!     /github/home/.npm/_logs/2021-11-23T06_35_54_088Z-debug.log
npm WARN deprecated formidable@1.2.6: Please upgrade to latest, formidable@v2 or formidable@v3! Check these notes: https://bit.ly/2ZEqIau
npm WARN deprecated oracledb@3.0.1: Update to node-oracledb 5
npm WARN cleanup Failed to remove some directories [
npm WARN cleanup   [
npm WARN cleanup     undefined,
npm WARN cleanup     AssertionError [ERR_ASSERTION]: rimraf: missing path
npm WARN cleanup         at rimraf (/__t/node/17.1.0/x64/lib/node_modules/npm/node_modules/rimraf/rimraf.js:54:3)
npm WARN cleanup         at node:internal/util:360:7
npm WARN cleanup         at new Promise (<anonymous>)
npm WARN cleanup         at rimraf (node:internal/util:346:12)
npm WARN cleanup         at /__t/node/17.1.0/x64/lib/node_modules/npm/node_modules/@npmcli/arborist/lib/arborist/reify.js:528:20
npm WARN cleanup         at Array.map (<anonymous>)
npm WARN cleanup         at Arborist.[rollbackCreateSparseTree] (/__t/node/17.1.0/x64/lib/node_modules/npm/node_modules/@npmcli/arborist/lib/arborist/reify.js:528:8)
npm WARN cleanup         at /__t/node/17.1.0/x64/lib/node_modules/npm/node_modules/@npmcli/arborist/lib/arborist/reify.js:1074:50
npm WARN cleanup         at async Arborist.[reifyPackages] (/__t/node/17.1.0/x64/lib/node_modules/npm/node_modules/@npmcli/arborist/lib/arborist/reify.js:231:11)
npm WARN cleanup         at async Arborist.reify (/__t/node/17.1.0/x64/lib/node_modules/npm/node_modules/@npmcli/arborist/lib/arborist/reify.js:151:5) {
npm WARN cleanup       generatedMessage: false,
npm WARN cleanup       code: 'ERR_ASSERTION',
npm WARN cleanup       actual: undefined,
npm WARN cleanup       expected: true,
npm WARN cleanup       operator: '=='
npm WARN cleanup     }
npm WARN cleanup   ]
npm WARN cleanup ]
npm ERR! code 87
npm ERR! path /__w/appoptics-apm-node/appoptics-apm-node/node_modules/oracledb
npm ERR! command failed
npm ERR! command sh -c node package/oracledbinstall.js
npm ERR! oracledb Beginning installation
npm ERR! oracledb [31mERR![0m NJS-054: Binary build/Release/oracledb.node was not installed.
npm ERR! oracledb [31mERR![0m Pre-built binary packages are not available for Node.js v17.1.0 (NODE_MODULE_VERSION="102")
npm ERR! oracledb [31mERR![0m Failed to install binary package oracledb-v3.0.1-node-abi102-linux-x64.gz
npm ERR! oracledb [31mERR![0m Error: HTTPS request for https://github.com/oracle/node-oracledb/releases/download/v3.0.1/oracledb-v3.0.1-node-abi102-linux-x64.gz failed with code 404
npm ERR! oracledb [31mERR![0m For help see https://oracle.github.io/node-oracledb/INSTALL.html#troubleshooting

npm ERR! A complete log of this run can be found in:
npm ERR!     /github/home/.npm/_logs/2021-11-23T06_36_06_234Z-debug.log
npm WARN deprecated formidable@1.2.6: Please upgrade to latest, formidable@v2 or formidable@v3! Check these notes: https://bit.ly/2ZEqIau
npm WARN deprecated oracledb@3.1.0: Update to node-oracledb 5
npm WARN cleanup Failed to remove some directories [
npm WARN cleanup   [
npm WARN cleanup     undefined,
npm WARN cleanup     AssertionError [ERR_ASSERTION]: rimraf: missing path
npm WARN cleanup         at rimraf (/__t/node/17.1.0/x64/lib/node_modules/npm/node_modules/rimraf/rimraf.js:54:3)
npm WARN cleanup         at node:internal/util:360:7
npm WARN cleanup         at new Promise (<anonymous>)
npm WARN cleanup         at rimraf (node:internal/util:346:12)
npm WARN cleanup         at /__t/node/17.1.0/x64/lib/node_modules/npm/node_modules/@npmcli/arborist/lib/arborist/reify.js:528:20
npm WARN cleanup         at Array.map (<anonymous>)
npm WARN cleanup         at Arborist.[rollbackCreateSparseTree] (/__t/node/17.1.0/x64/lib/node_modules/npm/node_modules/@npmcli/arborist/lib/arborist/reify.js:528:8)
npm WARN cleanup         at /__t/node/17.1.0/x64/lib/node_modules/npm/node_modules/@npmcli/arborist/lib/arborist/reify.js:1074:50
npm WARN cleanup         at async Arborist.[reifyPackages] (/__t/node/17.1.0/x64/lib/node_modules/npm/node_modules/@npmcli/arborist/lib/arborist/reify.js:231:11)
npm WARN cleanup         at async Arborist.reify (/__t/node/17.1.0/x64/lib/node_modules/npm/node_modules/@npmcli/arborist/lib/arborist/reify.js:151:5) {
npm WARN cleanup       generatedMessage: false,
npm WARN cleanup       code: 'ERR_ASSERTION',
npm WARN cleanup       actual: undefined,
npm WARN cleanup       expected: true,
npm WARN cleanup       operator: '=='
npm WARN cleanup     }
npm WARN cleanup   ]
npm WARN cleanup ]
npm ERR! code 87
npm ERR! path /__w/appoptics-apm-node/appoptics-apm-node/node_modules/oracledb
npm ERR! command failed
npm ERR! command sh -c node package/install.js
npm ERR! oracledb [31mERR![0m NJS-067: a pre-built node-oracledb binary was not found for Node.js v17.1.0 (NODE_MODULE_VERSION=102) on linux x64
npm ERR! oracledb [31mERR![0m Try compiling node-oracledb source code using https://oracle.github.io/node-oracledb/INSTALL.html#github

npm ERR! A complete log of this run can be found in:
npm ERR!     /github/home/.npm/_logs/2021-11-23T06_36_17_730Z-debug.log
npm WARN deprecated formidable@1.2.6: Please upgrade to latest, formidable@v2 or formidable@v3! Check these notes: https://bit.ly/2ZEqIau
npm WARN deprecated oracledb@3.1.1: Update to node-oracledb 5
npm WARN cleanup Failed to remove some directories [
npm WARN cleanup   [
npm WARN cleanup     undefined,
npm WARN cleanup     AssertionError [ERR_ASSERTION]: rimraf: missing path
npm WARN cleanup         at rimraf (/__t/node/17.1.0/x64/lib/node_modules/npm/node_modules/rimraf/rimraf.js:54:3)
npm WARN cleanup         at node:internal/util:360:7
npm WARN cleanup         at new Promise (<anonymous>)
npm WARN cleanup         at rimraf (node:internal/util:346:12)
npm WARN cleanup         at /__t/node/17.1.0/x64/lib/node_modules/npm/node_modules/@npmcli/arborist/lib/arborist/reify.js:528:20
npm WARN cleanup         at Array.map (<anonymous>)
npm WARN cleanup         at Arborist.[rollbackCreateSparseTree] (/__t/node/17.1.0/x64/lib/node_modules/npm/node_modules/@npmcli/arborist/lib/arborist/reify.js:528:8)
npm WARN cleanup         at /__t/node/17.1.0/x64/lib/node_modules/npm/node_modules/@npmcli/arborist/lib/arborist/reify.js:1074:50
npm WARN cleanup         at async Arborist.[reifyPackages] (/__t/node/17.1.0/x64/lib/node_modules/npm/node_modules/@npmcli/arborist/lib/arborist/reify.js:231:11)
npm WARN cleanup         at async Arborist.reify (/__t/node/17.1.0/x64/lib/node_modules/npm/node_modules/@npmcli/arborist/lib/arborist/reify.js:151:5) {
npm WARN cleanup       generatedMessage: false,
npm WARN cleanup       code: 'ERR_ASSERTION',
npm WARN cleanup       actual: undefined,
npm WARN cleanup       expected: true,
npm WARN cleanup       operator: '=='
npm WARN cleanup     }
npm WARN cleanup   ]
npm WARN cleanup ]
npm ERR! code 87
npm ERR! path /__w/appoptics-apm-node/appoptics-apm-node/node_modules/oracledb
npm ERR! command failed
npm ERR! command sh -c node package/install.js
npm ERR! oracledb [31mERR![0m NJS-067: a pre-built node-oracledb binary was not found for Node.js v17.1.0 (NODE_MODULE_VERSION=102) on linux x64
npm ERR! oracledb [31mERR![0m Try compiling node-oracledb source code using https://oracle.github.io/node-oracledb/INSTALL.html#github

npm ERR! A complete log of this run can be found in:
npm ERR!     /github/home/.npm/_logs/2021-11-23T06_36_28_550Z-debug.log
npm WARN deprecated formidable@1.2.6: Please upgrade to latest, formidable@v2 or formidable@v3! Check these notes: https://bit.ly/2ZEqIau
npm WARN deprecated oracledb@3.1.2: Update to node-oracledb 5
npm WARN cleanup Failed to remove some directories [
npm WARN cleanup   [
npm WARN cleanup     undefined,
npm WARN cleanup     AssertionError [ERR_ASSERTION]: rimraf: missing path
npm WARN cleanup         at rimraf (/__t/node/17.1.0/x64/lib/node_modules/npm/node_modules/rimraf/rimraf.js:54:3)
npm WARN cleanup         at node:internal/util:360:7
npm WARN cleanup         at new Promise (<anonymous>)
npm WARN cleanup         at rimraf (node:internal/util:346:12)
npm WARN cleanup         at /__t/node/17.1.0/x64/lib/node_modules/npm/node_modules/@npmcli/arborist/lib/arborist/reify.js:528:20
npm WARN cleanup         at Array.map (<anonymous>)
npm WARN cleanup         at Arborist.[rollbackCreateSparseTree] (/__t/node/17.1.0/x64/lib/node_modules/npm/node_modules/@npmcli/arborist/lib/arborist/reify.js:528:8)
npm WARN cleanup         at /__t/node/17.1.0/x64/lib/node_modules/npm/node_modules/@npmcli/arborist/lib/arborist/reify.js:1074:50
npm WARN cleanup         at async Arborist.[reifyPackages] (/__t/node/17.1.0/x64/lib/node_modules/npm/node_modules/@npmcli/arborist/lib/arborist/reify.js:231:11)
npm WARN cleanup         at async Arborist.reify (/__t/node/17.1.0/x64/lib/node_modules/npm/node_modules/@npmcli/arborist/lib/arborist/reify.js:151:5) {
npm WARN cleanup       generatedMessage: false,
npm WARN cleanup       code: 'ERR_ASSERTION',
npm WARN cleanup       actual: undefined,
npm WARN cleanup       expected: true,
npm WARN cleanup       operator: '=='
npm WARN cleanup     }
npm WARN cleanup   ]
npm WARN cleanup ]
npm ERR! code 87
npm ERR! path /__w/appoptics-apm-node/appoptics-apm-node/node_modules/oracledb
npm ERR! command failed
npm ERR! command sh -c node package/install.js
npm ERR! oracledb [31mERR![0m NJS-067: a pre-built node-oracledb binary was not found for Node.js v17.1.0 (NODE_MODULE_VERSION=102) on linux x64
npm ERR! oracledb [31mERR![0m Try compiling node-oracledb source code using https://oracle.github.io/node-oracledb/INSTALL.html#github

npm ERR! A complete log of this run can be found in:
npm ERR!     /github/home/.npm/_logs/2021-11-23T06_36_39_972Z-debug.log
npm WARN deprecated formidable@1.2.6: Please upgrade to latest, formidable@v2 or formidable@v3! Check these notes: https://bit.ly/2ZEqIau
npm WARN deprecated oracledb@4.0.0: Update to node-oracledb 5

changed 234 packages, and audited 1078 packages in 11s

80 packages are looking for funding
  run `npm fund` for details

26 vulnerabilities (20 moderate, 4 high, 2 critical)

To address issues that do not require attention, run:
  npm audit fix

To address all issues possible (including breaking changes), run:
  npm audit fix --force

Some issues need review, and may require choosing
a different dependency.

Run `npm audit` for details.
2021-11-23T06:36:51.354Z appoptics:debug read config from /__w/appoptics-apm-node/appoptics-apm-node/appoptics-apm-config
2021-11-23T06:36:51.355Z appoptics:debug guc ignoring APPOPTICS_LOG_SETTINGS
2021-11-23T06:36:51.355Z appoptics:debug serviceKey dIOz...wWK0:ao-node-test
2021-11-23T06:36:51.355Z appoptics:debug using context provider: ace-context
2021-11-23T06:36:51.429Z appoptics:debug apm 10.1.1-prerelease.0, bindings 11.1.0, oboe 10.1.1
2021-11-23T06:36:51.575Z appoptics:patching patched crypto 
2021-11-23T06:36:51.609Z appoptics:patching patched https 
2021-11-23T06:36:51.609Z appoptics:patching patched http 
2021-11-23T06:36:51.654Z appoptics:patching patched oracledb 4.0.0
2021-11-23T06:36:51.659Z appoptics:debug starting runtimeMetrics


  probes.oracledb 4.0.0
    âœ“ UDP might lose a message
2021-11-23T06:36:51.697Z appoptics:debug asking helper to execute test_basic
2021-11-23T06:36:51.697Z appoptics:debug test_basic being executed
2021-11-23T06:36:51.697Z appoptics:debug oracledb wrapping getConnection
2021-11-23T06:36:51.856Z appoptics:debug done with test_basic oracledb.getConnection
2021-11-23T06:36:51.990Z appoptics:debug test_basic query callback invoked
    âœ“ should trace execute calls (304ms)
2021-11-23T06:36:52.008Z appoptics:debug ORACLEDB wrapping createPool
2021-11-23T06:36:52.012Z appoptics:debug oracledb wrapping getConnection
2021-11-23T06:36:52.054Z appoptics:debug connection.execute() seems to be patched
2021-11-23T06:36:52.054Z appoptics:debug connection.commit() seems to be patched
2021-11-23T06:36:52.054Z appoptics:debug connection.rollback() seems to be patched
2021-11-23T06:36:52.054Z appoptics:debug connection.break() seems to be patched
2021-11-23T06:36:52.054Z appoptics:debug connection.release seems to be patched
    âœ“ should trace execute calls in pool (57ms)
2021-11-23T06:36:52.065Z appoptics:debug oracledb wrapping getConnection
2021-11-23T06:36:52.104Z appoptics:debug connection.execute() seems to be patched
2021-11-23T06:36:52.104Z appoptics:debug connection.commit() seems to be patched
2021-11-23T06:36:52.104Z appoptics:debug connection.rollback() seems to be patched
2021-11-23T06:36:52.104Z appoptics:debug connection.break() seems to be patched
2021-11-23T06:36:52.104Z appoptics:debug connection.release seems to be patched
    âœ“ should include correct isAutoCommit value (44ms)


  4 passing (440ms)

npm WARN deprecated oracledb@4.0.1: Update to node-oracledb 5

changed 1 package, and audited 1078 packages in 7s

80 packages are looking for funding
  run `npm fund` for details

26 vulnerabilities (20 moderate, 4 high, 2 critical)

To address issues that do not require attention, run:
  npm audit fix

To address all issues possible (including breaking changes), run:
  npm audit fix --force

Some issues need review, and may require choosing
a different dependency.

Run `npm audit` for details.
2021-11-23T06:36:59.855Z appoptics:debug read config from /__w/appoptics-apm-node/appoptics-apm-node/appoptics-apm-config
2021-11-23T06:36:59.855Z appoptics:debug guc ignoring APPOPTICS_LOG_SETTINGS
2021-11-23T06:36:59.855Z appoptics:debug serviceKey dIOz...wWK0:ao-node-test
2021-11-23T06:36:59.857Z appoptics:debug using context provider: ace-context
2021-11-23T06:36:59.926Z appoptics:debug apm 10.1.1-prerelease.0, bindings 11.1.0, oboe 10.1.1
2021-11-23T06:37:00.067Z appoptics:patching patched crypto 
2021-11-23T06:37:00.088Z appoptics:patching patched https 
2021-11-23T06:37:00.089Z appoptics:patching patched http 
2021-11-23T06:37:00.134Z appoptics:patching patched oracledb 4.0.1
2021-11-23T06:37:00.142Z appoptics:debug starting runtimeMetrics


  probes.oracledb 4.0.1
    âœ“ UDP might lose a message
2021-11-23T06:37:00.182Z appoptics:debug asking helper to execute test_basic
2021-11-23T06:37:00.182Z appoptics:debug test_basic being executed
2021-11-23T06:37:00.182Z appoptics:debug oracledb wrapping getConnection
2021-11-23T06:37:00.193Z appoptics:debug done with test_basic oracledb.getConnection
2021-11-23T06:37:00.246Z appoptics:debug test_basic query callback invoked
    âœ“ should trace execute calls (71ms)
2021-11-23T06:37:00.257Z appoptics:debug ORACLEDB wrapping createPool
2021-11-23T06:37:00.259Z appoptics:debug oracledb wrapping getConnection
2021-11-23T06:37:00.296Z appoptics:debug connection.execute() seems to be patched
2021-11-23T06:37:00.297Z appoptics:debug connection.commit() seems to be patched
2021-11-23T06:37:00.297Z appoptics:debug connection.rollback() seems to be patched
2021-11-23T06:37:00.297Z appoptics:debug connection.break() seems to be patched
2021-11-23T06:37:00.297Z appoptics:debug connection.release seems to be patched
    âœ“ should trace execute calls in pool (44ms)
2021-11-23T06:37:00.301Z appoptics:debug oracledb wrapping getConnection
2021-11-23T06:37:00.340Z appoptics:debug connection.execute() seems to be patched
2021-11-23T06:37:00.340Z appoptics:debug connection.commit() seems to be patched
2021-11-23T06:37:00.340Z appoptics:debug connection.rollback() seems to be patched
2021-11-23T06:37:00.340Z appoptics:debug connection.break() seems to be patched
2021-11-23T06:37:00.340Z appoptics:debug connection.release seems to be patched
    âœ“ should include correct isAutoCommit value (45ms)


  4 passing (196ms)

npm WARN deprecated oracledb@4.1.0: Update to node-oracledb 5

changed 1 package, and audited 1078 packages in 6s

80 packages are looking for funding
  run `npm fund` for details

26 vulnerabilities (20 moderate, 4 high, 2 critical)

To address issues that do not require attention, run:
  npm audit fix

To address all issues possible (including breaking changes), run:
  npm audit fix --force

Some issues need review, and may require choosing
a different dependency.

Run `npm audit` for details.
2021-11-23T06:37:07.223Z appoptics:debug read config from /__w/appoptics-apm-node/appoptics-apm-node/appoptics-apm-config
2021-11-23T06:37:07.224Z appoptics:debug guc ignoring APPOPTICS_LOG_SETTINGS
2021-11-23T06:37:07.224Z appoptics:debug serviceKey dIOz...wWK0:ao-node-test
2021-11-23T06:37:07.225Z appoptics:debug using context provider: ace-context
2021-11-23T06:37:07.304Z appoptics:debug apm 10.1.1-prerelease.0, bindings 11.1.0, oboe 10.1.1
2021-11-23T06:37:07.534Z appoptics:patching patched crypto 
2021-11-23T06:37:07.561Z appoptics:patching patched https 
2021-11-23T06:37:07.562Z appoptics:patching patched http 
2021-11-23T06:37:07.618Z appoptics:patching patched oracledb 4.1.0
2021-11-23T06:37:07.627Z appoptics:debug starting runtimeMetrics


  probes.oracledb 4.1.0
    âœ“ UDP might lose a message
2021-11-23T06:37:07.709Z appoptics:debug asking helper to execute test_basic
2021-11-23T06:37:07.709Z appoptics:debug test_basic being executed
2021-11-23T06:37:07.709Z appoptics:debug oracledb wrapping getConnection
2021-11-23T06:37:07.733Z appoptics:debug done with test_basic oracledb.getConnection
2021-11-23T06:37:07.811Z appoptics:debug test_basic query callback invoked
    âœ“ should trace execute calls (123ms)
2021-11-23T06:37:07.828Z appoptics:debug ORACLEDB wrapping createPool
2021-11-23T06:37:07.830Z appoptics:debug oracledb wrapping getConnection
2021-11-23T06:37:07.881Z appoptics:debug connection.execute() seems to be patched
2021-11-23T06:37:07.881Z appoptics:debug connection.commit() seems to be patched
2021-11-23T06:37:07.881Z appoptics:debug connection.rollback() seems to be patched
2021-11-23T06:37:07.881Z appoptics:debug connection.break() seems to be patched
2021-11-23T06:37:07.881Z appoptics:debug connection.release seems to be patched
    âœ“ should trace execute calls in pool (58ms)
2021-11-23T06:37:07.886Z appoptics:debug oracledb wrapping getConnection
2021-11-23T06:37:07.929Z appoptics:debug connection.execute() seems to be patched
2021-11-23T06:37:07.929Z appoptics:debug connection.commit() seems to be patched
2021-11-23T06:37:07.929Z appoptics:debug connection.rollback() seems to be patched
2021-11-23T06:37:07.929Z appoptics:debug connection.break() seems to be patched
2021-11-23T06:37:07.929Z appoptics:debug connection.release seems to be patched
    âœ“ should include correct isAutoCommit value (52ms)


  4 passing (299ms)

npm WARN deprecated oracledb@4.2.0: Update to node-oracledb 5

changed 1 package, and audited 1078 packages in 7s

80 packages are looking for funding
  run `npm fund` for details

26 vulnerabilities (20 moderate, 4 high, 2 critical)

To address issues that do not require attention, run:
  npm audit fix

To address all issues possible (including breaking changes), run:
  npm audit fix --force

Some issues need review, and may require choosing
a different dependency.

Run `npm audit` for details.
2021-11-23T06:37:15.395Z appoptics:debug read config from /__w/appoptics-apm-node/appoptics-apm-node/appoptics-apm-config
2021-11-23T06:37:15.396Z appoptics:debug guc ignoring APPOPTICS_LOG_SETTINGS
2021-11-23T06:37:15.396Z appoptics:debug serviceKey dIOz...wWK0:ao-node-test
2021-11-23T06:37:15.397Z appoptics:debug using context provider: ace-context
2021-11-23T06:37:15.477Z appoptics:debug apm 10.1.1-prerelease.0, bindings 11.1.0, oboe 10.1.1
2021-11-23T06:37:15.639Z appoptics:patching patched crypto 
2021-11-23T06:37:15.662Z appoptics:patching patched https 
2021-11-23T06:37:15.662Z appoptics:patching patched http 
2021-11-23T06:37:15.697Z appoptics:patching patched oracledb 4.2.0
2021-11-23T06:37:15.709Z appoptics:debug starting runtimeMetrics


  probes.oracledb 4.2.0
    âœ“ UDP might lose a message
2021-11-23T06:37:15.750Z appoptics:debug asking helper to execute test_basic
2021-11-23T06:37:15.751Z appoptics:debug test_basic being executed
2021-11-23T06:37:15.751Z appoptics:debug oracledb wrapping getConnection
2021-11-23T06:37:15.761Z appoptics:debug done with test_basic oracledb.getConnection
2021-11-23T06:37:15.823Z appoptics:debug test_basic query callback invoked
    âœ“ should trace execute calls (79ms)
2021-11-23T06:37:15.838Z appoptics:debug ORACLEDB wrapping createPool
2021-11-23T06:37:15.841Z appoptics:debug oracledb wrapping getConnection
2021-11-23T06:37:15.884Z appoptics:debug connection.execute() seems to be patched
2021-11-23T06:37:15.885Z appoptics:debug connection.commit() seems to be patched
2021-11-23T06:37:15.885Z appoptics:debug connection.rollback() seems to be patched
2021-11-23T06:37:15.885Z appoptics:debug connection.break() seems to be patched
2021-11-23T06:37:15.885Z appoptics:debug connection.release seems to be patched
    âœ“ should trace execute calls in pool (52ms)
2021-11-23T06:37:15.890Z appoptics:debug oracledb wrapping getConnection
2021-11-23T06:37:15.932Z appoptics:debug connection.execute() seems to be patched
2021-11-23T06:37:15.932Z appoptics:debug connection.commit() seems to be patched
2021-11-23T06:37:15.932Z appoptics:debug connection.rollback() seems to be patched
2021-11-23T06:37:15.932Z appoptics:debug connection.break() seems to be patched
2021-11-23T06:37:15.932Z appoptics:debug connection.release seems to be patched
    âœ“ should include correct isAutoCommit value (49ms)


  4 passing (221ms)


changed 1 package, and audited 1078 packages in 7s

80 packages are looking for funding
  run `npm fund` for details

26 vulnerabilities (20 moderate, 4 high, 2 critical)

To address issues that do not require attention, run:
  npm audit fix

To address all issues possible (including breaking changes), run:
  npm audit fix --force

Some issues need review, and may require choosing
a different dependency.

Run `npm audit` for details.
2021-11-23T06:37:23.824Z appoptics:debug read config from /__w/appoptics-apm-node/appoptics-apm-node/appoptics-apm-config
2021-11-23T06:37:23.825Z appoptics:debug guc ignoring APPOPTICS_LOG_SETTINGS
2021-11-23T06:37:23.825Z appoptics:debug serviceKey dIOz...wWK0:ao-node-test
2021-11-23T06:37:23.826Z appoptics:debug using context provider: ace-context
2021-11-23T06:37:23.894Z appoptics:debug apm 10.1.1-prerelease.0, bindings 11.1.0, oboe 10.1.1
2021-11-23T06:37:24.031Z appoptics:patching patched crypto 
2021-11-23T06:37:24.052Z appoptics:patching patched https 
2021-11-23T06:37:24.053Z appoptics:patching patched http 
2021-11-23T06:37:24.093Z appoptics:patching patched oracledb 5.0.0
2021-11-23T06:37:24.097Z appoptics:debug starting runtimeMetrics


  probes.oracledb 5.0.0
    âœ“ UDP might lose a message
2021-11-23T06:37:24.132Z appoptics:debug asking helper to execute test_basic
2021-11-23T06:37:24.132Z appoptics:debug test_basic being executed
2021-11-23T06:37:24.133Z appoptics:debug oracledb wrapping getConnection
2021-11-23T06:37:24.142Z appoptics:debug done with test_basic oracledb.getConnection
2021-11-23T06:37:24.193Z appoptics:debug test_basic query callback invoked
    âœ“ should trace execute calls (67ms)
2021-11-23T06:37:24.202Z appoptics:debug ORACLEDB wrapping createPool
2021-11-23T06:37:24.205Z appoptics:debug oracledb wrapping getConnection
2021-11-23T06:37:24.241Z appoptics:debug connection.execute() seems to be patched
2021-11-23T06:37:24.241Z appoptics:debug connection.commit() seems to be patched
2021-11-23T06:37:24.241Z appoptics:debug connection.rollback() seems to be patched
2021-11-23T06:37:24.241Z appoptics:debug connection.break() seems to be patched
2021-11-23T06:37:24.241Z appoptics:debug connection.release seems to be patched
    âœ“ should trace execute calls in pool (43ms)
2021-11-23T06:37:24.246Z appoptics:debug oracledb wrapping getConnection
2021-11-23T06:37:24.284Z appoptics:debug connection.execute() seems to be patched
2021-11-23T06:37:24.284Z appoptics:debug connection.commit() seems to be patched
2021-11-23T06:37:24.284Z appoptics:debug connection.rollback() seems to be patched
2021-11-23T06:37:24.284Z appoptics:debug connection.break() seems to be patched
2021-11-23T06:37:24.284Z appoptics:debug connection.release seems to be patched
    âœ“ should include correct isAutoCommit value (44ms)


  4 passing (185ms)


changed 1 package, and audited 1078 packages in 7s

80 packages are looking for funding
  run `npm fund` for details

26 vulnerabilities (20 moderate, 4 high, 2 critical)

To address issues that do not require attention, run:
  npm audit fix

To address all issues possible (including breaking changes), run:
  npm audit fix --force

Some issues need review, and may require choosing
a different dependency.

Run `npm audit` for details.
2021-11-23T06:37:31.476Z appoptics:debug read config from /__w/appoptics-apm-node/appoptics-apm-node/appoptics-apm-config
2021-11-23T06:37:31.476Z appoptics:debug guc ignoring APPOPTICS_LOG_SETTINGS
2021-11-23T06:37:31.476Z appoptics:debug serviceKey dIOz...wWK0:ao-node-test
2021-11-23T06:37:31.477Z appoptics:debug using context provider: ace-context
2021-11-23T06:37:31.544Z appoptics:debug apm 10.1.1-prerelease.0, bindings 11.1.0, oboe 10.1.1
2021-11-23T06:37:31.684Z appoptics:patching patched crypto 
2021-11-23T06:37:31.704Z appoptics:patching patched https 
2021-11-23T06:37:31.705Z appoptics:patching patched http 
2021-11-23T06:37:31.747Z appoptics:patching patched oracledb 5.1.0
2021-11-23T06:37:31.751Z appoptics:debug starting runtimeMetrics


  probes.oracledb 5.1.0
    âœ“ UDP might lose a message
2021-11-23T06:37:31.785Z appoptics:debug asking helper to execute test_basic
2021-11-23T06:37:31.786Z appoptics:debug test_basic being executed
2021-11-23T06:37:31.786Z appoptics:debug oracledb wrapping getConnection
2021-11-23T06:37:31.795Z appoptics:debug done with test_basic oracledb.getConnection
2021-11-23T06:37:31.838Z appoptics:debug test_basic query callback invoked
    âœ“ should trace execute calls (59ms)
2021-11-23T06:37:31.847Z appoptics:debug ORACLEDB wrapping createPool
2021-11-23T06:37:31.851Z appoptics:debug oracledb wrapping getConnection
2021-11-23T06:37:31.899Z appoptics:debug connection.execute() seems to be patched
2021-11-23T06:37:31.899Z appoptics:debug connection.commit() seems to be patched
2021-11-23T06:37:31.899Z appoptics:debug connection.rollback() seems to be patched
2021-11-23T06:37:31.899Z appoptics:debug connection.break() seems to be patched
2021-11-23T06:37:31.899Z appoptics:debug connection.release seems to be patched
    âœ“ should trace execute calls in pool (58ms)
2021-11-23T06:37:31.906Z appoptics:debug oracledb wrapping getConnection
2021-11-23T06:37:31.961Z appoptics:debug connection.execute() seems to be patched
2021-11-23T06:37:31.961Z appoptics:debug connection.commit() seems to be patched
2021-11-23T06:37:31.961Z appoptics:debug connection.rollback() seems to be patched
2021-11-23T06:37:31.961Z appoptics:debug connection.break() seems to be patched
2021-11-23T06:37:31.961Z appoptics:debug connection.release seems to be patched
    âœ“ should include correct isAutoCommit value (62ms)


  4 passing (208ms)


changed 1 package, and audited 1078 packages in 7s

80 packages are looking for funding
  run `npm fund` for details

26 vulnerabilities (20 moderate, 4 high, 2 critical)

To address issues that do not require attention, run:
  npm audit fix

To address all issues possible (including breaking changes), run:
  npm audit fix --force

Some issues need review, and may require choosing
a different dependency.

Run `npm audit` for details.
2021-11-23T06:37:39.453Z appoptics:debug read config from /__w/appoptics-apm-node/appoptics-apm-node/appoptics-apm-config
2021-11-23T06:37:39.454Z appoptics:debug guc ignoring APPOPTICS_LOG_SETTINGS
2021-11-23T06:37:39.454Z appoptics:debug serviceKey dIOz...wWK0:ao-node-test
2021-11-23T06:37:39.455Z appoptics:debug using context provider: ace-context
2021-11-23T06:37:39.523Z appoptics:debug apm 10.1.1-prerelease.0, bindings 11.1.0, oboe 10.1.1
2021-11-23T06:37:39.659Z appoptics:patching patched crypto 
2021-11-23T06:37:39.680Z appoptics:patching patched https 
2021-11-23T06:37:39.681Z appoptics:patching patched http 
2021-11-23T06:37:39.723Z appoptics:patching patched oracledb 5.2.0
2021-11-23T06:37:39.727Z appoptics:debug starting runtimeMetrics


  probes.oracledb 5.2.0
    âœ“ UDP might lose a message
2021-11-23T06:37:39.761Z appoptics:debug asking helper to execute test_basic
2021-11-23T06:37:39.761Z appoptics:debug test_basic being executed
2021-11-23T06:37:39.761Z appoptics:debug oracledb wrapping getConnection
2021-11-23T06:37:39.771Z appoptics:debug done with test_basic oracledb.getConnection
2021-11-23T06:37:39.813Z appoptics:debug test_basic query callback invoked
    âœ“ should trace execute calls (58ms)
2021-11-23T06:37:39.822Z appoptics:debug ORACLEDB wrapping createPool
2021-11-23T06:37:39.825Z appoptics:debug oracledb wrapping getConnection
2021-11-23T06:37:39.864Z appoptics:debug connection.execute() seems to be patched
2021-11-23T06:37:39.864Z appoptics:debug connection.commit() seems to be patched
2021-11-23T06:37:39.864Z appoptics:debug connection.rollback() seems to be patched
2021-11-23T06:37:39.864Z appoptics:debug connection.break() seems to be patched
2021-11-23T06:37:39.864Z appoptics:debug connection.release seems to be patched
    âœ“ should trace execute calls in pool (46ms)
2021-11-23T06:37:39.868Z appoptics:debug oracledb wrapping getConnection
2021-11-23T06:37:39.906Z appoptics:debug connection.execute() seems to be patched
2021-11-23T06:37:39.906Z appoptics:debug connection.commit() seems to be patched
2021-11-23T06:37:39.906Z appoptics:debug connection.rollback() seems to be patched
2021-11-23T06:37:39.906Z appoptics:debug connection.break() seems to be patched
2021-11-23T06:37:39.906Z appoptics:debug connection.release seems to be patched
    âœ“ should include correct isAutoCommit value (44ms)


  4 passing (177ms)


changed 1 package, and audited 1078 packages in 7s

80 packages are looking for funding
  run `npm fund` for details

26 vulnerabilities (20 moderate, 4 high, 2 critical)

To address issues that do not require attention, run:
  npm audit fix

To address all issues possible (including breaking changes), run:
  npm audit fix --force

Some issues need review, and may require choosing
a different dependency.

Run `npm audit` for details.
2021-11-23T06:37:47.088Z appoptics:debug read config from /__w/appoptics-apm-node/appoptics-apm-node/appoptics-apm-config
2021-11-23T06:37:47.089Z appoptics:debug guc ignoring APPOPTICS_LOG_SETTINGS
2021-11-23T06:37:47.089Z appoptics:debug serviceKey dIOz...wWK0:ao-node-test
2021-11-23T06:37:47.090Z appoptics:debug using context provider: ace-context
2021-11-23T06:37:47.157Z appoptics:debug apm 10.1.1-prerelease.0, bindings 11.1.0, oboe 10.1.1
2021-11-23T06:37:47.311Z appoptics:patching patched crypto 
2021-11-23T06:37:47.332Z appoptics:patching patched https 
2021-11-23T06:37:47.333Z appoptics:patching patched http 
2021-11-23T06:37:47.382Z appoptics:patching patched oracledb 5.3.0
2021-11-23T06:37:47.386Z appoptics:debug starting runtimeMetrics


  probes.oracledb 5.3.0
    âœ“ UDP might lose a message
2021-11-23T06:37:47.421Z appoptics:debug asking helper to execute test_basic
2021-11-23T06:37:47.422Z appoptics:debug test_basic being executed
2021-11-23T06:37:47.422Z appoptics:debug oracledb wrapping getConnection
2021-11-23T06:37:47.431Z appoptics:debug done with test_basic oracledb.getConnection
2021-11-23T06:37:47.482Z appoptics:debug test_basic query callback invoked
    âœ“ should trace execute calls (68ms)
2021-11-23T06:37:47.491Z appoptics:debug ORACLEDB wrapping createPool
2021-11-23T06:37:47.495Z appoptics:debug oracledb wrapping getConnection
2021-11-23T06:37:47.533Z appoptics:debug connection.execute() seems to be patched
2021-11-23T06:37:47.533Z appoptics:debug connection.commit() seems to be patched
2021-11-23T06:37:47.533Z appoptics:debug connection.rollback() seems to be patched
2021-11-23T06:37:47.533Z appoptics:debug connection.break() seems to be patched
2021-11-23T06:37:47.533Z appoptics:debug connection.release seems to be patched
    âœ“ should trace execute calls in pool (45ms)
2021-11-23T06:37:47.537Z appoptics:debug oracledb wrapping getConnection
2021-11-23T06:37:47.588Z appoptics:debug connection.execute() seems to be patched
2021-11-23T06:37:47.588Z appoptics:debug connection.commit() seems to be patched
2021-11-23T06:37:47.588Z appoptics:debug connection.rollback() seems to be patched
2021-11-23T06:37:47.588Z appoptics:debug connection.break() seems to be patched
2021-11-23T06:37:47.588Z appoptics:debug connection.release seems to be patched
    âœ“ should include correct isAutoCommit value (60ms)


  4 passing (210ms)


up to date, audited 1078 packages in 6s

80 packages are looking for funding
  run `npm fund` for details

26 vulnerabilities (20 moderate, 4 high, 2 critical)

To address issues that do not require attention, run:
  npm audit fix

To address all issues possible (including breaking changes), run:
  npm audit fix --force

Some issues need review, and may require choosing
a different dependency.

Run `npm audit` for details.
