npm WARN deprecated @hapi/pinpoint@1.0.2: Moved to 'npm install @sideway/pinpoint'
npm WARN deprecated @hapi/pez@4.1.2: This version has been deprecated and is no longer supported or maintained
npm WARN deprecated @hapi/nigel@3.1.1: This version has been deprecated and is no longer supported or maintained
npm WARN deprecated @hapi/content@4.1.1: This version has been deprecated and is no longer supported or maintained
npm WARN deprecated @hapi/podium@3.4.3: This version has been deprecated and is no longer supported or maintained
npm WARN deprecated @hapi/topo@3.1.6: This version has been deprecated and is no longer supported or maintained
npm WARN deprecated @hapi/vise@3.1.1: This version has been deprecated and is no longer supported or maintained
npm WARN deprecated @hapi/subtext@6.1.3: This version has been deprecated and is no longer supported or maintained
npm WARN deprecated @hapi/teamwork@3.3.1: This version has been deprecated and is no longer supported or maintained
npm WARN deprecated @hapi/file@1.0.0: This version has been deprecated and is no longer supported or maintained
npm WARN deprecated @hapi/cryptiles@4.2.1: This version has been deprecated and is no longer supported or maintained
npm WARN deprecated @hapi/somever@2.1.1: This version has been deprecated and is no longer supported or maintained
npm WARN deprecated @hapi/statehood@6.1.2: This version has been deprecated and is no longer supported or maintained
npm WARN deprecated @hapi/mimos@4.1.1: This version has been deprecated and is no longer supported or maintained
npm WARN deprecated @hapi/catbox-memory@3.2.0: This version has been deprecated and is no longer supported or maintained
npm WARN deprecated @hapi/bourne@1.3.2: This version has been deprecated and is no longer supported or maintained
npm WARN deprecated @hapi/shot@4.1.2: This version has been deprecated and is no longer supported or maintained
npm WARN deprecated @hapi/iron@5.1.4: This version has been deprecated and is no longer supported or maintained
npm WARN deprecated @hapi/formula@1.2.0: Moved to 'npm install @sideway/formula'
npm WARN deprecated @hapi/boom@7.4.11: This version has been deprecated and is no longer supported or maintained
npm WARN deprecated @hapi/ammo@3.1.2: This version has been deprecated and is no longer supported or maintained
npm WARN deprecated @hapi/wreck@15.1.0: This version has been deprecated and is no longer supported or maintained
npm WARN deprecated @hapi/b64@4.2.1: This version has been deprecated and is no longer supported or maintained
npm WARN deprecated @hapi/accept@3.2.4: This version has been deprecated and is no longer supported or maintained
npm WARN deprecated @hapi/bounce@1.3.2: This version has been deprecated and is no longer supported or maintained
npm WARN deprecated @hapi/call@5.1.3: This version has been deprecated and is no longer supported or maintained
npm WARN deprecated @hapi/address@2.1.4: Moved to 'npm install @sideway/address'
npm WARN deprecated @hapi/hoek@6.2.4: This version has been deprecated in accordance with the hapi support policy (hapi.im/support). Please upgrade to the latest version to get the best features, bug fixes, and security patches. If you are unable to upgrade at this time, paid support is available for older versions (hapi.im/commercial).
npm WARN deprecated @hapi/catbox@10.2.3: This version has been deprecated and is no longer supported or maintained
npm WARN deprecated @hapi/heavy@6.2.2: This version has been deprecated and is no longer supported or maintained
npm WARN deprecated @hapi/hoek@8.5.1: This version has been deprecated and is no longer supported or maintained
npm WARN deprecated @hapi/hoek@8.5.1: This version has been deprecated and is no longer supported or maintained
npm WARN deprecated @hapi/hoek@8.5.1: This version has been deprecated and is no longer supported or maintained
npm WARN deprecated @hapi/hoek@8.5.1: This version has been deprecated and is no longer supported or maintained
npm WARN deprecated @hapi/hoek@8.5.1: This version has been deprecated and is no longer supported or maintained
npm WARN deprecated @hapi/hoek@8.5.1: This version has been deprecated and is no longer supported or maintained
npm WARN deprecated @hapi/hoek@8.5.1: This version has been deprecated and is no longer supported or maintained
npm WARN deprecated @hapi/hoek@8.5.1: This version has been deprecated and is no longer supported or maintained
npm WARN deprecated @hapi/hoek@8.5.1: This version has been deprecated and is no longer supported or maintained
npm WARN deprecated @hapi/hoek@8.5.1: This version has been deprecated and is no longer supported or maintained
npm WARN deprecated @hapi/hoek@8.5.1: This version has been deprecated and is no longer supported or maintained
npm WARN deprecated @hapi/hoek@8.5.1: This version has been deprecated and is no longer supported or maintained
npm WARN deprecated @hapi/hoek@8.5.1: This version has been deprecated and is no longer supported or maintained
npm WARN deprecated @hapi/hoek@8.5.1: This version has been deprecated and is no longer supported or maintained
npm WARN deprecated @hapi/hoek@8.5.1: This version has been deprecated and is no longer supported or maintained
npm WARN deprecated @hapi/hoek@8.5.1: This version has been deprecated and is no longer supported or maintained
npm WARN deprecated @hapi/hoek@8.5.1: This version has been deprecated and is no longer supported or maintained
npm WARN deprecated @hapi/hoek@8.5.1: This version has been deprecated and is no longer supported or maintained
npm WARN deprecated @hapi/hoek@8.5.1: This version has been deprecated and is no longer supported or maintained
npm WARN deprecated @hapi/hoek@8.5.1: This version has been deprecated and is no longer supported or maintained
npm WARN deprecated @hapi/hoek@8.5.1: This version has been deprecated and is no longer supported or maintained
npm WARN deprecated @hapi/hapi@17.9.0: This version has been deprecated in accordance with the hapi support policy (hapi.im/support). Please upgrade to the latest version to get the best features, bug fixes, and security patches. If you are unable to upgrade at this time, paid support is available for older versions (hapi.im/commercial).
npm WARN deprecated @hapi/joi@16.1.8: Switch to 'npm install joi'
npm WARN deprecated @hapi/joi@16.1.8: Switch to 'npm install joi'
npm WARN deprecated @hapi/joi@16.1.8: Switch to 'npm install joi'
npm WARN deprecated @hapi/joi@15.1.1: Switch to 'npm install joi'
npm WARN deprecated @hapi/joi@16.1.8: Switch to 'npm install joi'
npm WARN deprecated @hapi/joi@16.1.8: Switch to 'npm install joi'

added 36 packages, changed 28 packages, and audited 963 packages in 10s

86 packages are looking for funding
  run `npm fund` for details

10 vulnerabilities (6 moderate, 4 high)

To address all issues possible (including breaking changes), run:
  npm audit fix --force

Some issues need review, and may require choosing
a different dependency.

Run `npm audit` for details.

up to date, audited 963 packages in 9s

86 packages are looking for funding
  run `npm fund` for details

10 vulnerabilities (6 moderate, 4 high)

To address all issues possible (including breaking changes), run:
  npm audit fix --force

Some issues need review, and may require choosing
a different dependency.

Run `npm audit` for details.
2022-04-25T18:40:04.262Z appoptics:debug read config from /__w/appoptics-apm-node/appoptics-apm-node/appoptics-apm-config
2022-04-25T18:40:04.263Z appoptics:debug guc ignoring APPOPTICS_LOG_SETTINGS
2022-04-25T18:40:04.263Z appoptics:debug serviceKey dIOz...wWK0:node-agent-test
2022-04-25T18:40:04.264Z appoptics:debug using context provider: ace-context
2022-04-25T18:40:04.344Z appoptics:debug apm 10.2.2-ao.0, bindings 11.2.0, oboe 10.2.0
2022-04-25T18:40:04.519Z appoptics:patching patched crypto 
2022-04-25T18:40:04.548Z appoptics:patching patched https 
2022-04-25T18:40:04.549Z appoptics:patching patched http 
2022-04-25T18:40:04.599Z appoptics:patching patched zlib 
2022-04-25T18:40:05.146Z appoptics:patching fs.realpath - adding native method
2022-04-25T18:40:05.146Z appoptics:patching patched fs 
2022-04-25T18:40:05.210Z appoptics:patching hapi - v17 not looking for hapi/lib/plugin
2022-04-25T18:40:05.210Z appoptics:patching patched @hapi/hapi 17.9.0
2022-04-25T18:40:05.299Z appoptics:patching patched @hapi/vision 6.1.0
2022-04-25T18:40:05.305Z appoptics:debug starting runtimeMetrics


  probes.@hapi/hapi 17.9.0 @hapi/vision 6.1.0
    ✓ UDP might lose a message
    1) should forward controller/action data from get request
    2) should forward controller/action data from post request
    3) should forward controller/action data from put request
    4) should forward controller/action data from delete request
    5) should trace render span
    6) should skip vision when disabled
    7) should allow a custom TransactionName
    8) should allow a custom TransactionName with domain prefix
    9) should handle an error in the custom name function
    10) should handle a falsey return by the custom name function


  1 passing (102ms)
  10 failing

  1) probes.@hapi/hapi 17.9.0 @hapi/vision 6.1.0
       should forward controller/action data from get request:

      AssertionError [ERR_ASSERTION]: Plugin @hapi/vision requires hapi version >=18.4.0 but found 17.9.0
      + expected - actual

      -false
      +true
      
      at internals.Server.register (node_modules/@hapi/hapi/lib/server.js:419:22)
      at makeServer (test/probes/hapi/hapi-17-and-above.js:135:22)
      at Context.<anonymous> (test/probes/hapi/hapi-17-and-above.js:162:28)
      at process.processImmediate (node:internal/timers:471:21)
      at process.callbackTrampoline (node:internal/async_hooks:130:17)

  2) probes.@hapi/hapi 17.9.0 @hapi/vision 6.1.0
       should forward controller/action data from post request:

      AssertionError [ERR_ASSERTION]: Plugin @hapi/vision requires hapi version >=18.4.0 but found 17.9.0
      + expected - actual

      -false
      +true
      
      at internals.Server.register (node_modules/@hapi/hapi/lib/server.js:419:22)
      at makeServer (test/probes/hapi/hapi-17-and-above.js:135:22)
      at Context.<anonymous> (test/probes/hapi/hapi-17-and-above.js:162:28)
      at process.processImmediate (node:internal/timers:471:21)
      at process.callbackTrampoline (node:internal/async_hooks:130:17)

  3) probes.@hapi/hapi 17.9.0 @hapi/vision 6.1.0
       should forward controller/action data from put request:

      AssertionError [ERR_ASSERTION]: Plugin @hapi/vision requires hapi version >=18.4.0 but found 17.9.0
      + expected - actual

      -false
      +true
      
      at internals.Server.register (node_modules/@hapi/hapi/lib/server.js:419:22)
      at makeServer (test/probes/hapi/hapi-17-and-above.js:135:22)
      at Context.<anonymous> (test/probes/hapi/hapi-17-and-above.js:162:28)
      at process.processImmediate (node:internal/timers:471:21)
      at process.callbackTrampoline (node:internal/async_hooks:130:17)

  4) probes.@hapi/hapi 17.9.0 @hapi/vision 6.1.0
       should forward controller/action data from delete request:

      AssertionError [ERR_ASSERTION]: Plugin @hapi/vision requires hapi version >=18.4.0 but found 17.9.0
      + expected - actual

      -false
      +true
      
      at internals.Server.register (node_modules/@hapi/hapi/lib/server.js:419:22)
      at makeServer (test/probes/hapi/hapi-17-and-above.js:135:22)
      at Context.<anonymous> (test/probes/hapi/hapi-17-and-above.js:162:28)
      at process.processImmediate (node:internal/timers:471:21)
      at process.callbackTrampoline (node:internal/async_hooks:130:17)

  5) probes.@hapi/hapi 17.9.0 @hapi/vision 6.1.0
       should trace render span:

      AssertionError [ERR_ASSERTION]: Plugin @hapi/vision requires hapi version >=18.4.0 but found 17.9.0
      + expected - actual

      -false
      +true
      
      at internals.Server.register (node_modules/@hapi/hapi/lib/server.js:419:22)
      at makeServer (test/probes/hapi/hapi-17-and-above.js:135:22)
      at makeViewServer (test/probes/hapi/hapi-17-and-above.js:154:12)
      at Context.renderTest (test/probes/hapi/hapi-17-and-above.js:217:26)
      at process.processImmediate (node:internal/timers:471:21)
      at process.callbackTrampoline (node:internal/async_hooks:130:17)

  6) probes.@hapi/hapi 17.9.0 @hapi/vision 6.1.0
       should skip vision when disabled:

      AssertionError [ERR_ASSERTION]: Plugin @hapi/vision requires hapi version >=18.4.0 but found 17.9.0
      + expected - actual

      -false
      +true
      
      at internals.Server.register (node_modules/@hapi/hapi/lib/server.js:419:22)
      at makeServer (test/probes/hapi/hapi-17-and-above.js:135:22)
      at makeViewServer (test/probes/hapi/hapi-17-and-above.js:154:12)
      at Context.disabledTest (test/probes/hapi/hapi-17-and-above.js:265:26)
      at process.processImmediate (node:internal/timers:471:21)
      at process.callbackTrampoline (node:internal/async_hooks:130:17)

  7) probes.@hapi/hapi 17.9.0 @hapi/vision 6.1.0
       should allow a custom TransactionName:

      AssertionError [ERR_ASSERTION]: Plugin @hapi/vision requires hapi version >=18.4.0 but found 17.9.0
      + expected - actual

      -false
      +true
      
      at internals.Server.register (node_modules/@hapi/hapi/lib/server.js:419:22)
      at makeServer (test/probes/hapi/hapi-17-and-above.js:135:22)
      at /__w/appoptics-apm-node/appoptics-apm-node/test/probes/hapi/hapi-17-and-above.js:387:67
      at Context.<anonymous> (test/probes/hapi/hapi-17-and-above.js:337:12)
      at process.processImmediate (node:internal/timers:471:21)
      at process.callbackTrampoline (node:internal/async_hooks:130:17)

  8) probes.@hapi/hapi 17.9.0 @hapi/vision 6.1.0
       should allow a custom TransactionName with domain prefix:

      AssertionError [ERR_ASSERTION]: Plugin @hapi/vision requires hapi version >=18.4.0 but found 17.9.0
      + expected - actual

      -false
      +true
      
      at internals.Server.register (node_modules/@hapi/hapi/lib/server.js:419:22)
      at makeServer (test/probes/hapi/hapi-17-and-above.js:135:22)
      at /__w/appoptics-apm-node/appoptics-apm-node/test/probes/hapi/hapi-17-and-above.js:387:67
      at Context.<anonymous> (test/probes/hapi/hapi-17-and-above.js:350:44)
      at process.processImmediate (node:internal/timers:471:21)
      at process.callbackTrampoline (node:internal/async_hooks:130:17)

  9) probes.@hapi/hapi 17.9.0 @hapi/vision 6.1.0
       should handle an error in the custom name function:

      AssertionError [ERR_ASSERTION]: Plugin @hapi/vision requires hapi version >=18.4.0 but found 17.9.0
      + expected - actual

      -false
      +true
      
      at internals.Server.register (node_modules/@hapi/hapi/lib/server.js:419:22)
      at makeServer (test/probes/hapi/hapi-17-and-above.js:135:22)
      at /__w/appoptics-apm-node/appoptics-apm-node/test/probes/hapi/hapi-17-and-above.js:387:67
      at Context.<anonymous> (test/probes/hapi/hapi-17-and-above.js:367:45)
      at process.processImmediate (node:internal/timers:471:21)
      at process.callbackTrampoline (node:internal/async_hooks:130:17)

  10) probes.@hapi/hapi 17.9.0 @hapi/vision 6.1.0
       should handle a falsey return by the custom name function:

      AssertionError [ERR_ASSERTION]: Plugin @hapi/vision requires hapi version >=18.4.0 but found 17.9.0
      + expected - actual

      -false
      +true
      
      at internals.Server.register (node_modules/@hapi/hapi/lib/server.js:419:22)
      at makeServer (test/probes/hapi/hapi-17-and-above.js:135:22)
      at /__w/appoptics-apm-node/appoptics-apm-node/test/probes/hapi/hapi-17-and-above.js:387:67
      at Context.<anonymous> (test/probes/hapi/hapi-17-and-above.js:374:45)
      at process.processImmediate (node:internal/timers:471:21)
      at process.callbackTrampoline (node:internal/async_hooks:130:17)



npm WARN deprecated @hapi/hoek@8.5.1: This version has been deprecated and is no longer supported or maintained
npm WARN deprecated @hapi/hapi@18.2.0: This version contains severe security issues and defects and should not be used! Please upgrade to the latest version of @hapi/hapi or consider a commercial license (https://github.com/hapijs/hapi/issues/4114)
npm WARN deprecated @hapi/catbox-memory@4.1.1: This version has been deprecated and is no longer supported or maintained

added 1 package, removed 1 package, changed 2 packages, and audited 963 packages in 9s

86 packages are looking for funding
  run `npm fund` for details

10 vulnerabilities (6 moderate, 4 high)

To address issues that do not require attention, run:
  npm audit fix

To address all issues possible (including breaking changes), run:
  npm audit fix --force

Some issues need review, and may require choosing
a different dependency.

Run `npm audit` for details.
2022-04-25T18:40:15.407Z appoptics:debug read config from /__w/appoptics-apm-node/appoptics-apm-node/appoptics-apm-config
2022-04-25T18:40:15.408Z appoptics:debug guc ignoring APPOPTICS_LOG_SETTINGS
2022-04-25T18:40:15.408Z appoptics:debug serviceKey dIOz...wWK0:node-agent-test
2022-04-25T18:40:15.409Z appoptics:debug using context provider: ace-context
2022-04-25T18:40:15.489Z appoptics:debug apm 10.2.2-ao.0, bindings 11.2.0, oboe 10.2.0
2022-04-25T18:40:15.656Z appoptics:patching patched crypto 
2022-04-25T18:40:15.678Z appoptics:patching patched https 
2022-04-25T18:40:15.679Z appoptics:patching patched http 
2022-04-25T18:40:15.726Z appoptics:patching patched zlib 
2022-04-25T18:40:16.313Z appoptics:patching fs.realpath - adding native method
2022-04-25T18:40:16.314Z appoptics:patching patched fs 
2022-04-25T18:40:16.377Z appoptics:patching hapi - v17 not looking for hapi/lib/plugin
2022-04-25T18:40:16.377Z appoptics:patching patched @hapi/hapi 18.2.0
2022-04-25T18:40:16.456Z appoptics:patching patched @hapi/vision 6.1.0
2022-04-25T18:40:16.461Z appoptics:debug starting runtimeMetrics


  probes.@hapi/hapi 18.2.0 @hapi/vision 6.1.0
    ✓ UDP might lose a message
    1) should forward controller/action data from get request
    2) should forward controller/action data from post request
    3) should forward controller/action data from put request
    4) should forward controller/action data from delete request
    5) should trace render span
    6) should skip vision when disabled
    7) should allow a custom TransactionName
    8) should allow a custom TransactionName with domain prefix
    9) should handle an error in the custom name function
    10) should handle a falsey return by the custom name function


  1 passing (119ms)
  10 failing

  1) probes.@hapi/hapi 18.2.0 @hapi/vision 6.1.0
       should forward controller/action data from get request:

      AssertionError [ERR_ASSERTION]: Plugin @hapi/vision requires hapi version >=18.4.0 but found 18.2.0
      + expected - actual

      -false
      +true
      
      at internals.Server.register (node_modules/@hapi/hapi/lib/server.js:425:22)
      at makeServer (test/probes/hapi/hapi-17-and-above.js:135:22)
      at Context.<anonymous> (test/probes/hapi/hapi-17-and-above.js:162:28)
      at process.processImmediate (node:internal/timers:471:21)
      at process.callbackTrampoline (node:internal/async_hooks:130:17)

  2) probes.@hapi/hapi 18.2.0 @hapi/vision 6.1.0
       should forward controller/action data from post request:

      AssertionError [ERR_ASSERTION]: Plugin @hapi/vision requires hapi version >=18.4.0 but found 18.2.0
      + expected - actual

      -false
      +true
      
      at internals.Server.register (node_modules/@hapi/hapi/lib/server.js:425:22)
      at makeServer (test/probes/hapi/hapi-17-and-above.js:135:22)
      at Context.<anonymous> (test/probes/hapi/hapi-17-and-above.js:162:28)
      at process.processImmediate (node:internal/timers:471:21)
      at process.callbackTrampoline (node:internal/async_hooks:130:17)

  3) probes.@hapi/hapi 18.2.0 @hapi/vision 6.1.0
       should forward controller/action data from put request:

      AssertionError [ERR_ASSERTION]: Plugin @hapi/vision requires hapi version >=18.4.0 but found 18.2.0
      + expected - actual

      -false
      +true
      
      at internals.Server.register (node_modules/@hapi/hapi/lib/server.js:425:22)
      at makeServer (test/probes/hapi/hapi-17-and-above.js:135:22)
      at Context.<anonymous> (test/probes/hapi/hapi-17-and-above.js:162:28)
      at process.processImmediate (node:internal/timers:471:21)
      at process.callbackTrampoline (node:internal/async_hooks:130:17)

  4) probes.@hapi/hapi 18.2.0 @hapi/vision 6.1.0
       should forward controller/action data from delete request:

      AssertionError [ERR_ASSERTION]: Plugin @hapi/vision requires hapi version >=18.4.0 but found 18.2.0
      + expected - actual

      -false
      +true
      
      at internals.Server.register (node_modules/@hapi/hapi/lib/server.js:425:22)
      at makeServer (test/probes/hapi/hapi-17-and-above.js:135:22)
      at Context.<anonymous> (test/probes/hapi/hapi-17-and-above.js:162:28)
      at process.processImmediate (node:internal/timers:471:21)
      at process.callbackTrampoline (node:internal/async_hooks:130:17)

  5) probes.@hapi/hapi 18.2.0 @hapi/vision 6.1.0
       should trace render span:

      AssertionError [ERR_ASSERTION]: Plugin @hapi/vision requires hapi version >=18.4.0 but found 18.2.0
      + expected - actual

      -false
      +true
      
      at internals.Server.register (node_modules/@hapi/hapi/lib/server.js:425:22)
      at makeServer (test/probes/hapi/hapi-17-and-above.js:135:22)
      at makeViewServer (test/probes/hapi/hapi-17-and-above.js:154:12)
      at Context.renderTest (test/probes/hapi/hapi-17-and-above.js:217:26)
      at process.processImmediate (node:internal/timers:471:21)
      at process.callbackTrampoline (node:internal/async_hooks:130:17)

  6) probes.@hapi/hapi 18.2.0 @hapi/vision 6.1.0
       should skip vision when disabled:

      AssertionError [ERR_ASSERTION]: Plugin @hapi/vision requires hapi version >=18.4.0 but found 18.2.0
      + expected - actual

      -false
      +true
      
      at internals.Server.register (node_modules/@hapi/hapi/lib/server.js:425:22)
      at makeServer (test/probes/hapi/hapi-17-and-above.js:135:22)
      at makeViewServer (test/probes/hapi/hapi-17-and-above.js:154:12)
      at Context.disabledTest (test/probes/hapi/hapi-17-and-above.js:265:26)
      at process.processImmediate (node:internal/timers:471:21)
      at process.callbackTrampoline (node:internal/async_hooks:130:17)

  7) probes.@hapi/hapi 18.2.0 @hapi/vision 6.1.0
       should allow a custom TransactionName:

      AssertionError [ERR_ASSERTION]: Plugin @hapi/vision requires hapi version >=18.4.0 but found 18.2.0
      + expected - actual

      -false
      +true
      
      at internals.Server.register (node_modules/@hapi/hapi/lib/server.js:425:22)
      at makeServer (test/probes/hapi/hapi-17-and-above.js:135:22)
      at /__w/appoptics-apm-node/appoptics-apm-node/test/probes/hapi/hapi-17-and-above.js:387:67
      at Context.<anonymous> (test/probes/hapi/hapi-17-and-above.js:337:12)
      at process.processImmediate (node:internal/timers:471:21)
      at process.callbackTrampoline (node:internal/async_hooks:130:17)

  8) probes.@hapi/hapi 18.2.0 @hapi/vision 6.1.0
       should allow a custom TransactionName with domain prefix:

      AssertionError [ERR_ASSERTION]: Plugin @hapi/vision requires hapi version >=18.4.0 but found 18.2.0
      + expected - actual

      -false
      +true
      
      at internals.Server.register (node_modules/@hapi/hapi/lib/server.js:425:22)
      at makeServer (test/probes/hapi/hapi-17-and-above.js:135:22)
      at /__w/appoptics-apm-node/appoptics-apm-node/test/probes/hapi/hapi-17-and-above.js:387:67
      at Context.<anonymous> (test/probes/hapi/hapi-17-and-above.js:350:44)
      at process.processImmediate (node:internal/timers:471:21)
      at process.callbackTrampoline (node:internal/async_hooks:130:17)

  9) probes.@hapi/hapi 18.2.0 @hapi/vision 6.1.0
       should handle an error in the custom name function:

      AssertionError [ERR_ASSERTION]: Plugin @hapi/vision requires hapi version >=18.4.0 but found 18.2.0
      + expected - actual

      -false
      +true
      
      at internals.Server.register (node_modules/@hapi/hapi/lib/server.js:425:22)
      at makeServer (test/probes/hapi/hapi-17-and-above.js:135:22)
      at /__w/appoptics-apm-node/appoptics-apm-node/test/probes/hapi/hapi-17-and-above.js:387:67
      at Context.<anonymous> (test/probes/hapi/hapi-17-and-above.js:367:45)
      at process.processImmediate (node:internal/timers:471:21)
      at process.callbackTrampoline (node:internal/async_hooks:130:17)

  10) probes.@hapi/hapi 18.2.0 @hapi/vision 6.1.0
       should handle a falsey return by the custom name function:

      AssertionError [ERR_ASSERTION]: Plugin @hapi/vision requires hapi version >=18.4.0 but found 18.2.0
      + expected - actual

      -false
      +true
      
      at internals.Server.register (node_modules/@hapi/hapi/lib/server.js:425:22)
      at makeServer (test/probes/hapi/hapi-17-and-above.js:135:22)
      at /__w/appoptics-apm-node/appoptics-apm-node/test/probes/hapi/hapi-17-and-above.js:387:67
      at Context.<anonymous> (test/probes/hapi/hapi-17-and-above.js:374:45)
      at process.processImmediate (node:internal/timers:471:21)
      at process.callbackTrampoline (node:internal/async_hooks:130:17)



npm WARN deprecated @hapi/hapi@18.3.0: This version contains severe security issues and defects and should not be used! Please upgrade to the latest version of @hapi/hapi or consider a commercial license (https://github.com/hapijs/hapi/issues/4114)

changed 1 package, and audited 963 packages in 9s

86 packages are looking for funding
  run `npm fund` for details

10 vulnerabilities (6 moderate, 4 high)

To address issues that do not require attention, run:
  npm audit fix

To address all issues possible (including breaking changes), run:
  npm audit fix --force

Some issues need review, and may require choosing
a different dependency.

Run `npm audit` for details.
2022-04-25T18:40:25.911Z appoptics:debug read config from /__w/appoptics-apm-node/appoptics-apm-node/appoptics-apm-config
2022-04-25T18:40:25.911Z appoptics:debug guc ignoring APPOPTICS_LOG_SETTINGS
2022-04-25T18:40:25.912Z appoptics:debug serviceKey dIOz...wWK0:node-agent-test
2022-04-25T18:40:25.912Z appoptics:debug using context provider: ace-context
2022-04-25T18:40:25.995Z appoptics:debug apm 10.2.2-ao.0, bindings 11.2.0, oboe 10.2.0
2022-04-25T18:40:26.160Z appoptics:patching patched crypto 
2022-04-25T18:40:26.194Z appoptics:patching patched https 
2022-04-25T18:40:26.194Z appoptics:patching patched http 
2022-04-25T18:40:26.277Z appoptics:patching patched zlib 
2022-04-25T18:40:26.850Z appoptics:patching fs.realpath - adding native method
2022-04-25T18:40:26.851Z appoptics:patching patched fs 
2022-04-25T18:40:26.914Z appoptics:patching hapi - v17 not looking for hapi/lib/plugin
2022-04-25T18:40:26.914Z appoptics:patching patched @hapi/hapi 18.3.0
2022-04-25T18:40:26.995Z appoptics:patching patched @hapi/vision 6.1.0
2022-04-25T18:40:27.000Z appoptics:debug starting runtimeMetrics


  probes.@hapi/hapi 18.3.0 @hapi/vision 6.1.0
    ✓ UDP might lose a message
    1) should forward controller/action data from get request
    2) should forward controller/action data from post request
    3) should forward controller/action data from put request
    4) should forward controller/action data from delete request
    5) should trace render span
    6) should skip vision when disabled
    7) should allow a custom TransactionName
    8) should allow a custom TransactionName with domain prefix
    9) should handle an error in the custom name function
    10) should handle a falsey return by the custom name function


  1 passing (177ms)
  10 failing

  1) probes.@hapi/hapi 18.3.0 @hapi/vision 6.1.0
       should forward controller/action data from get request:

      AssertionError [ERR_ASSERTION]: Plugin @hapi/vision requires hapi version >=18.4.0 but found 18.3.0
      + expected - actual

      -false
      +true
      
      at internals.Server.register (node_modules/@hapi/hapi/lib/server.js:425:22)
      at makeServer (test/probes/hapi/hapi-17-and-above.js:135:22)
      at Context.<anonymous> (test/probes/hapi/hapi-17-and-above.js:162:28)
      at process.processImmediate (node:internal/timers:471:21)
      at process.callbackTrampoline (node:internal/async_hooks:130:17)

  2) probes.@hapi/hapi 18.3.0 @hapi/vision 6.1.0
       should forward controller/action data from post request:

      AssertionError [ERR_ASSERTION]: Plugin @hapi/vision requires hapi version >=18.4.0 but found 18.3.0
      + expected - actual

      -false
      +true
      
      at internals.Server.register (node_modules/@hapi/hapi/lib/server.js:425:22)
      at makeServer (test/probes/hapi/hapi-17-and-above.js:135:22)
      at Context.<anonymous> (test/probes/hapi/hapi-17-and-above.js:162:28)
      at process.processImmediate (node:internal/timers:471:21)
      at process.callbackTrampoline (node:internal/async_hooks:130:17)

  3) probes.@hapi/hapi 18.3.0 @hapi/vision 6.1.0
       should forward controller/action data from put request:

      AssertionError [ERR_ASSERTION]: Plugin @hapi/vision requires hapi version >=18.4.0 but found 18.3.0
      + expected - actual

      -false
      +true
      
      at internals.Server.register (node_modules/@hapi/hapi/lib/server.js:425:22)
      at makeServer (test/probes/hapi/hapi-17-and-above.js:135:22)
      at Context.<anonymous> (test/probes/hapi/hapi-17-and-above.js:162:28)
      at process.processImmediate (node:internal/timers:471:21)
      at process.callbackTrampoline (node:internal/async_hooks:130:17)

  4) probes.@hapi/hapi 18.3.0 @hapi/vision 6.1.0
       should forward controller/action data from delete request:

      AssertionError [ERR_ASSERTION]: Plugin @hapi/vision requires hapi version >=18.4.0 but found 18.3.0
      + expected - actual

      -false
      +true
      
      at internals.Server.register (node_modules/@hapi/hapi/lib/server.js:425:22)
      at makeServer (test/probes/hapi/hapi-17-and-above.js:135:22)
      at Context.<anonymous> (test/probes/hapi/hapi-17-and-above.js:162:28)
      at process.processImmediate (node:internal/timers:471:21)
      at process.callbackTrampoline (node:internal/async_hooks:130:17)

  5) probes.@hapi/hapi 18.3.0 @hapi/vision 6.1.0
       should trace render span:

      AssertionError [ERR_ASSERTION]: Plugin @hapi/vision requires hapi version >=18.4.0 but found 18.3.0
      + expected - actual

      -false
      +true
      
      at internals.Server.register (node_modules/@hapi/hapi/lib/server.js:425:22)
      at makeServer (test/probes/hapi/hapi-17-and-above.js:135:22)
      at makeViewServer (test/probes/hapi/hapi-17-and-above.js:154:12)
      at Context.renderTest (test/probes/hapi/hapi-17-and-above.js:217:26)
      at process.processImmediate (node:internal/timers:471:21)
      at process.callbackTrampoline (node:internal/async_hooks:130:17)

  6) probes.@hapi/hapi 18.3.0 @hapi/vision 6.1.0
       should skip vision when disabled:

      AssertionError [ERR_ASSERTION]: Plugin @hapi/vision requires hapi version >=18.4.0 but found 18.3.0
      + expected - actual

      -false
      +true
      
      at internals.Server.register (node_modules/@hapi/hapi/lib/server.js:425:22)
      at makeServer (test/probes/hapi/hapi-17-and-above.js:135:22)
      at makeViewServer (test/probes/hapi/hapi-17-and-above.js:154:12)
      at Context.disabledTest (test/probes/hapi/hapi-17-and-above.js:265:26)
      at process.processImmediate (node:internal/timers:471:21)
      at process.callbackTrampoline (node:internal/async_hooks:130:17)

  7) probes.@hapi/hapi 18.3.0 @hapi/vision 6.1.0
       should allow a custom TransactionName:

      AssertionError [ERR_ASSERTION]: Plugin @hapi/vision requires hapi version >=18.4.0 but found 18.3.0
      + expected - actual

      -false
      +true
      
      at internals.Server.register (node_modules/@hapi/hapi/lib/server.js:425:22)
      at makeServer (test/probes/hapi/hapi-17-and-above.js:135:22)
      at /__w/appoptics-apm-node/appoptics-apm-node/test/probes/hapi/hapi-17-and-above.js:387:67
      at Context.<anonymous> (test/probes/hapi/hapi-17-and-above.js:337:12)
      at process.processImmediate (node:internal/timers:471:21)
      at process.callbackTrampoline (node:internal/async_hooks:130:17)

  8) probes.@hapi/hapi 18.3.0 @hapi/vision 6.1.0
       should allow a custom TransactionName with domain prefix:

      AssertionError [ERR_ASSERTION]: Plugin @hapi/vision requires hapi version >=18.4.0 but found 18.3.0
      + expected - actual

      -false
      +true
      
      at internals.Server.register (node_modules/@hapi/hapi/lib/server.js:425:22)
      at makeServer (test/probes/hapi/hapi-17-and-above.js:135:22)
      at /__w/appoptics-apm-node/appoptics-apm-node/test/probes/hapi/hapi-17-and-above.js:387:67
      at Context.<anonymous> (test/probes/hapi/hapi-17-and-above.js:350:44)
      at process.processImmediate (node:internal/timers:471:21)
      at process.callbackTrampoline (node:internal/async_hooks:130:17)

  9) probes.@hapi/hapi 18.3.0 @hapi/vision 6.1.0
       should handle an error in the custom name function:

      AssertionError [ERR_ASSERTION]: Plugin @hapi/vision requires hapi version >=18.4.0 but found 18.3.0
      + expected - actual

      -false
      +true
      
      at internals.Server.register (node_modules/@hapi/hapi/lib/server.js:425:22)
      at makeServer (test/probes/hapi/hapi-17-and-above.js:135:22)
      at /__w/appoptics-apm-node/appoptics-apm-node/test/probes/hapi/hapi-17-and-above.js:387:67
      at Context.<anonymous> (test/probes/hapi/hapi-17-and-above.js:367:45)
      at process.processImmediate (node:internal/timers:471:21)
      at process.callbackTrampoline (node:internal/async_hooks:130:17)

  10) probes.@hapi/hapi 18.3.0 @hapi/vision 6.1.0
       should handle a falsey return by the custom name function:

      AssertionError [ERR_ASSERTION]: Plugin @hapi/vision requires hapi version >=18.4.0 but found 18.3.0
      + expected - actual

      -false
      +true
      
      at internals.Server.register (node_modules/@hapi/hapi/lib/server.js:425:22)
      at makeServer (test/probes/hapi/hapi-17-and-above.js:135:22)
      at /__w/appoptics-apm-node/appoptics-apm-node/test/probes/hapi/hapi-17-and-above.js:387:67
      at Context.<anonymous> (test/probes/hapi/hapi-17-and-above.js:374:45)
      at process.processImmediate (node:internal/timers:471:21)
      at process.callbackTrampoline (node:internal/async_hooks:130:17)



npm WARN deprecated @hapi/hapi@18.3.1: This version contains severe security issues and defects and should not be used! Please upgrade to the latest version of @hapi/hapi or consider a commercial license (https://github.com/hapijs/hapi/issues/4114)

changed 1 package, and audited 963 packages in 9s

86 packages are looking for funding
  run `npm fund` for details

10 vulnerabilities (6 moderate, 4 high)

To address all issues possible (including breaking changes), run:
  npm audit fix --force

Some issues need review, and may require choosing
a different dependency.

Run `npm audit` for details.
2022-04-25T18:40:36.809Z appoptics:debug read config from /__w/appoptics-apm-node/appoptics-apm-node/appoptics-apm-config
2022-04-25T18:40:36.810Z appoptics:debug guc ignoring APPOPTICS_LOG_SETTINGS
2022-04-25T18:40:36.810Z appoptics:debug serviceKey dIOz...wWK0:node-agent-test
2022-04-25T18:40:36.811Z appoptics:debug using context provider: ace-context
2022-04-25T18:40:36.917Z appoptics:debug apm 10.2.2-ao.0, bindings 11.2.0, oboe 10.2.0
2022-04-25T18:40:37.098Z appoptics:patching patched crypto 
2022-04-25T18:40:37.122Z appoptics:patching patched https 
2022-04-25T18:40:37.123Z appoptics:patching patched http 
2022-04-25T18:40:37.174Z appoptics:patching patched zlib 
2022-04-25T18:40:37.836Z appoptics:patching fs.realpath - adding native method
2022-04-25T18:40:37.836Z appoptics:patching patched fs 
2022-04-25T18:40:37.897Z appoptics:patching hapi - v17 not looking for hapi/lib/plugin
2022-04-25T18:40:37.898Z appoptics:patching patched @hapi/hapi 18.3.1
2022-04-25T18:40:37.977Z appoptics:patching patched @hapi/vision 6.1.0
2022-04-25T18:40:37.982Z appoptics:debug starting runtimeMetrics


  probes.@hapi/hapi 18.3.1 @hapi/vision 6.1.0
    ✓ UDP might lose a message
    1) should forward controller/action data from get request
    2) should forward controller/action data from post request
    3) should forward controller/action data from put request
    4) should forward controller/action data from delete request
    5) should trace render span
    6) should skip vision when disabled
    7) should allow a custom TransactionName
    8) should allow a custom TransactionName with domain prefix
    9) should handle an error in the custom name function
    10) should handle a falsey return by the custom name function


  1 passing (109ms)
  10 failing

  1) probes.@hapi/hapi 18.3.1 @hapi/vision 6.1.0
       should forward controller/action data from get request:

      AssertionError [ERR_ASSERTION]: Plugin @hapi/vision requires hapi version >=18.4.0 but found 18.3.1
      + expected - actual

      -false
      +true
      
      at internals.Server.register (node_modules/@hapi/hapi/lib/server.js:425:22)
      at makeServer (test/probes/hapi/hapi-17-and-above.js:135:22)
      at Context.<anonymous> (test/probes/hapi/hapi-17-and-above.js:162:28)
      at process.processImmediate (node:internal/timers:471:21)
      at process.callbackTrampoline (node:internal/async_hooks:130:17)

  2) probes.@hapi/hapi 18.3.1 @hapi/vision 6.1.0
       should forward controller/action data from post request:

      AssertionError [ERR_ASSERTION]: Plugin @hapi/vision requires hapi version >=18.4.0 but found 18.3.1
      + expected - actual

      -false
      +true
      
      at internals.Server.register (node_modules/@hapi/hapi/lib/server.js:425:22)
      at makeServer (test/probes/hapi/hapi-17-and-above.js:135:22)
      at Context.<anonymous> (test/probes/hapi/hapi-17-and-above.js:162:28)
      at process.processImmediate (node:internal/timers:471:21)
      at process.callbackTrampoline (node:internal/async_hooks:130:17)

  3) probes.@hapi/hapi 18.3.1 @hapi/vision 6.1.0
       should forward controller/action data from put request:

      AssertionError [ERR_ASSERTION]: Plugin @hapi/vision requires hapi version >=18.4.0 but found 18.3.1
      + expected - actual

      -false
      +true
      
      at internals.Server.register (node_modules/@hapi/hapi/lib/server.js:425:22)
      at makeServer (test/probes/hapi/hapi-17-and-above.js:135:22)
      at Context.<anonymous> (test/probes/hapi/hapi-17-and-above.js:162:28)
      at process.processImmediate (node:internal/timers:471:21)
      at process.callbackTrampoline (node:internal/async_hooks:130:17)

  4) probes.@hapi/hapi 18.3.1 @hapi/vision 6.1.0
       should forward controller/action data from delete request:

      AssertionError [ERR_ASSERTION]: Plugin @hapi/vision requires hapi version >=18.4.0 but found 18.3.1
      + expected - actual

      -false
      +true
      
      at internals.Server.register (node_modules/@hapi/hapi/lib/server.js:425:22)
      at makeServer (test/probes/hapi/hapi-17-and-above.js:135:22)
      at Context.<anonymous> (test/probes/hapi/hapi-17-and-above.js:162:28)
      at process.processImmediate (node:internal/timers:471:21)
      at process.callbackTrampoline (node:internal/async_hooks:130:17)

  5) probes.@hapi/hapi 18.3.1 @hapi/vision 6.1.0
       should trace render span:

      AssertionError [ERR_ASSERTION]: Plugin @hapi/vision requires hapi version >=18.4.0 but found 18.3.1
      + expected - actual

      -false
      +true
      
      at internals.Server.register (node_modules/@hapi/hapi/lib/server.js:425:22)
      at makeServer (test/probes/hapi/hapi-17-and-above.js:135:22)
      at makeViewServer (test/probes/hapi/hapi-17-and-above.js:154:12)
      at Context.renderTest (test/probes/hapi/hapi-17-and-above.js:217:26)
      at process.processImmediate (node:internal/timers:471:21)
      at process.callbackTrampoline (node:internal/async_hooks:130:17)

  6) probes.@hapi/hapi 18.3.1 @hapi/vision 6.1.0
       should skip vision when disabled:

      AssertionError [ERR_ASSERTION]: Plugin @hapi/vision requires hapi version >=18.4.0 but found 18.3.1
      + expected - actual

      -false
      +true
      
      at internals.Server.register (node_modules/@hapi/hapi/lib/server.js:425:22)
      at makeServer (test/probes/hapi/hapi-17-and-above.js:135:22)
      at makeViewServer (test/probes/hapi/hapi-17-and-above.js:154:12)
      at Context.disabledTest (test/probes/hapi/hapi-17-and-above.js:265:26)
      at process.processImmediate (node:internal/timers:471:21)
      at process.callbackTrampoline (node:internal/async_hooks:130:17)

  7) probes.@hapi/hapi 18.3.1 @hapi/vision 6.1.0
       should allow a custom TransactionName:

      AssertionError [ERR_ASSERTION]: Plugin @hapi/vision requires hapi version >=18.4.0 but found 18.3.1
      + expected - actual

      -false
      +true
      
      at internals.Server.register (node_modules/@hapi/hapi/lib/server.js:425:22)
      at makeServer (test/probes/hapi/hapi-17-and-above.js:135:22)
      at /__w/appoptics-apm-node/appoptics-apm-node/test/probes/hapi/hapi-17-and-above.js:387:67
      at Context.<anonymous> (test/probes/hapi/hapi-17-and-above.js:337:12)
      at process.processImmediate (node:internal/timers:471:21)
      at process.callbackTrampoline (node:internal/async_hooks:130:17)

  8) probes.@hapi/hapi 18.3.1 @hapi/vision 6.1.0
       should allow a custom TransactionName with domain prefix:

      AssertionError [ERR_ASSERTION]: Plugin @hapi/vision requires hapi version >=18.4.0 but found 18.3.1
      + expected - actual

      -false
      +true
      
      at internals.Server.register (node_modules/@hapi/hapi/lib/server.js:425:22)
      at makeServer (test/probes/hapi/hapi-17-and-above.js:135:22)
      at /__w/appoptics-apm-node/appoptics-apm-node/test/probes/hapi/hapi-17-and-above.js:387:67
      at Context.<anonymous> (test/probes/hapi/hapi-17-and-above.js:350:44)
      at process.processImmediate (node:internal/timers:471:21)
      at process.callbackTrampoline (node:internal/async_hooks:130:17)

  9) probes.@hapi/hapi 18.3.1 @hapi/vision 6.1.0
       should handle an error in the custom name function:

      AssertionError [ERR_ASSERTION]: Plugin @hapi/vision requires hapi version >=18.4.0 but found 18.3.1
      + expected - actual

      -false
      +true
      
      at internals.Server.register (node_modules/@hapi/hapi/lib/server.js:425:22)
      at makeServer (test/probes/hapi/hapi-17-and-above.js:135:22)
      at /__w/appoptics-apm-node/appoptics-apm-node/test/probes/hapi/hapi-17-and-above.js:387:67
      at Context.<anonymous> (test/probes/hapi/hapi-17-and-above.js:367:45)
      at process.processImmediate (node:internal/timers:471:21)
      at process.callbackTrampoline (node:internal/async_hooks:130:17)

  10) probes.@hapi/hapi 18.3.1 @hapi/vision 6.1.0
       should handle a falsey return by the custom name function:

      AssertionError [ERR_ASSERTION]: Plugin @hapi/vision requires hapi version >=18.4.0 but found 18.3.1
      + expected - actual

      -false
      +true
      
      at internals.Server.register (node_modules/@hapi/hapi/lib/server.js:425:22)
      at makeServer (test/probes/hapi/hapi-17-and-above.js:135:22)
      at /__w/appoptics-apm-node/appoptics-apm-node/test/probes/hapi/hapi-17-and-above.js:387:67
      at Context.<anonymous> (test/probes/hapi/hapi-17-and-above.js:374:45)
      at process.processImmediate (node:internal/timers:471:21)
      at process.callbackTrampoline (node:internal/async_hooks:130:17)



npm WARN deprecated @hapi/hoek@8.5.1: This version has been deprecated and is no longer supported or maintained
npm WARN deprecated @hapi/hapi@18.3.2: This version contains severe security issues and defects and should not be used! Please upgrade to the latest version of @hapi/hapi or consider a commercial license (https://github.com/hapijs/hapi/issues/4114)

removed 22 packages, changed 2 packages, and audited 941 packages in 8s

86 packages are looking for funding
  run `npm fund` for details

10 vulnerabilities (6 moderate, 4 high)

To address issues that do not require attention, run:
  npm audit fix

To address all issues possible (including breaking changes), run:
  npm audit fix --force

Some issues need review, and may require choosing
a different dependency.

Run `npm audit` for details.
2022-04-25T18:40:46.569Z appoptics:debug read config from /__w/appoptics-apm-node/appoptics-apm-node/appoptics-apm-config
2022-04-25T18:40:46.570Z appoptics:debug guc ignoring APPOPTICS_LOG_SETTINGS
2022-04-25T18:40:46.570Z appoptics:debug serviceKey dIOz...wWK0:node-agent-test
2022-04-25T18:40:46.571Z appoptics:debug using context provider: ace-context
2022-04-25T18:40:46.688Z appoptics:debug apm 10.2.2-ao.0, bindings 11.2.0, oboe 10.2.0
2022-04-25T18:40:46.892Z appoptics:patching patched crypto 
2022-04-25T18:40:46.952Z appoptics:patching patched https 
2022-04-25T18:40:46.953Z appoptics:patching patched http 
2022-04-25T18:40:47.040Z appoptics:patching patched zlib 
2022-04-25T18:40:47.931Z appoptics:patching fs.realpath - adding native method
2022-04-25T18:40:47.932Z appoptics:patching patched fs 
2022-04-25T18:40:47.947Z appoptics:patching hapi - v17 not looking for hapi/lib/plugin
2022-04-25T18:40:47.947Z appoptics:patching patched @hapi/hapi 18.3.2
2022-04-25T18:40:48.060Z appoptics:patching patched @hapi/vision 6.1.0
2022-04-25T18:40:48.065Z appoptics:debug starting runtimeMetrics


  probes.@hapi/hapi 18.3.2 @hapi/vision 6.1.0
    ✓ UDP might lose a message
    1) should forward controller/action data from get request
    2) should forward controller/action data from post request
    3) should forward controller/action data from put request
    4) should forward controller/action data from delete request
    5) should trace render span
    6) should skip vision when disabled
    7) should allow a custom TransactionName
    8) should allow a custom TransactionName with domain prefix
    9) should handle an error in the custom name function
    10) should handle a falsey return by the custom name function


  1 passing (184ms)
  10 failing

  1) probes.@hapi/hapi 18.3.2 @hapi/vision 6.1.0
       should forward controller/action data from get request:
     Error: Plugin @hapi/vision requires hapi version >=18.4.0 but found 18.3.2
      at new module.exports (node_modules/@hapi/hoek/lib/error.js:23:19)
      at module.exports [as assert] (node_modules/@hapi/hoek/lib/assert.js:20:11)
      at internals.Server.register (node_modules/@hapi/hapi/lib/server.js:425:22)
      at makeServer (test/probes/hapi/hapi-17-and-above.js:135:22)
      at Context.<anonymous> (test/probes/hapi/hapi-17-and-above.js:162:28)
      at process.processImmediate (node:internal/timers:471:21)
      at process.callbackTrampoline (node:internal/async_hooks:130:17)

  2) probes.@hapi/hapi 18.3.2 @hapi/vision 6.1.0
       should forward controller/action data from post request:
     Error: Plugin @hapi/vision requires hapi version >=18.4.0 but found 18.3.2
      at new module.exports (node_modules/@hapi/hoek/lib/error.js:23:19)
      at module.exports [as assert] (node_modules/@hapi/hoek/lib/assert.js:20:11)
      at internals.Server.register (node_modules/@hapi/hapi/lib/server.js:425:22)
      at makeServer (test/probes/hapi/hapi-17-and-above.js:135:22)
      at Context.<anonymous> (test/probes/hapi/hapi-17-and-above.js:162:28)
      at process.processImmediate (node:internal/timers:471:21)
      at process.callbackTrampoline (node:internal/async_hooks:130:17)

  3) probes.@hapi/hapi 18.3.2 @hapi/vision 6.1.0
       should forward controller/action data from put request:
     Error: Plugin @hapi/vision requires hapi version >=18.4.0 but found 18.3.2
      at new module.exports (node_modules/@hapi/hoek/lib/error.js:23:19)
      at module.exports [as assert] (node_modules/@hapi/hoek/lib/assert.js:20:11)
      at internals.Server.register (node_modules/@hapi/hapi/lib/server.js:425:22)
      at makeServer (test/probes/hapi/hapi-17-and-above.js:135:22)
      at Context.<anonymous> (test/probes/hapi/hapi-17-and-above.js:162:28)
      at process.processImmediate (node:internal/timers:471:21)
      at process.callbackTrampoline (node:internal/async_hooks:130:17)

  4) probes.@hapi/hapi 18.3.2 @hapi/vision 6.1.0
       should forward controller/action data from delete request:
     Error: Plugin @hapi/vision requires hapi version >=18.4.0 but found 18.3.2
      at new module.exports (node_modules/@hapi/hoek/lib/error.js:23:19)
      at module.exports [as assert] (node_modules/@hapi/hoek/lib/assert.js:20:11)
      at internals.Server.register (node_modules/@hapi/hapi/lib/server.js:425:22)
      at makeServer (test/probes/hapi/hapi-17-and-above.js:135:22)
      at Context.<anonymous> (test/probes/hapi/hapi-17-and-above.js:162:28)
      at process.processImmediate (node:internal/timers:471:21)
      at process.callbackTrampoline (node:internal/async_hooks:130:17)

  5) probes.@hapi/hapi 18.3.2 @hapi/vision 6.1.0
       should trace render span:
     Error: Plugin @hapi/vision requires hapi version >=18.4.0 but found 18.3.2
      at new module.exports (node_modules/@hapi/hoek/lib/error.js:23:19)
      at module.exports [as assert] (node_modules/@hapi/hoek/lib/assert.js:20:11)
      at internals.Server.register (node_modules/@hapi/hapi/lib/server.js:425:22)
      at makeServer (test/probes/hapi/hapi-17-and-above.js:135:22)
      at makeViewServer (test/probes/hapi/hapi-17-and-above.js:154:12)
      at Context.renderTest (test/probes/hapi/hapi-17-and-above.js:217:26)
      at process.processImmediate (node:internal/timers:471:21)
      at process.callbackTrampoline (node:internal/async_hooks:130:17)

  6) probes.@hapi/hapi 18.3.2 @hapi/vision 6.1.0
       should skip vision when disabled:
     Error: Plugin @hapi/vision requires hapi version >=18.4.0 but found 18.3.2
      at new module.exports (node_modules/@hapi/hoek/lib/error.js:23:19)
      at module.exports [as assert] (node_modules/@hapi/hoek/lib/assert.js:20:11)
      at internals.Server.register (node_modules/@hapi/hapi/lib/server.js:425:22)
      at makeServer (test/probes/hapi/hapi-17-and-above.js:135:22)
      at makeViewServer (test/probes/hapi/hapi-17-and-above.js:154:12)
      at Context.disabledTest (test/probes/hapi/hapi-17-and-above.js:265:26)
      at process.processImmediate (node:internal/timers:471:21)
      at process.callbackTrampoline (node:internal/async_hooks:130:17)

  7) probes.@hapi/hapi 18.3.2 @hapi/vision 6.1.0
       should allow a custom TransactionName:
     Error: Plugin @hapi/vision requires hapi version >=18.4.0 but found 18.3.2
      at new module.exports (node_modules/@hapi/hoek/lib/error.js:23:19)
      at module.exports [as assert] (node_modules/@hapi/hoek/lib/assert.js:20:11)
      at internals.Server.register (node_modules/@hapi/hapi/lib/server.js:425:22)
      at makeServer (test/probes/hapi/hapi-17-and-above.js:135:22)
      at /__w/appoptics-apm-node/appoptics-apm-node/test/probes/hapi/hapi-17-and-above.js:387:67
      at Context.<anonymous> (test/probes/hapi/hapi-17-and-above.js:337:12)
      at process.processImmediate (node:internal/timers:471:21)
      at process.callbackTrampoline (node:internal/async_hooks:130:17)

  8) probes.@hapi/hapi 18.3.2 @hapi/vision 6.1.0
       should allow a custom TransactionName with domain prefix:
     Error: Plugin @hapi/vision requires hapi version >=18.4.0 but found 18.3.2
      at new module.exports (node_modules/@hapi/hoek/lib/error.js:23:19)
      at module.exports [as assert] (node_modules/@hapi/hoek/lib/assert.js:20:11)
      at internals.Server.register (node_modules/@hapi/hapi/lib/server.js:425:22)
      at makeServer (test/probes/hapi/hapi-17-and-above.js:135:22)
      at /__w/appoptics-apm-node/appoptics-apm-node/test/probes/hapi/hapi-17-and-above.js:387:67
      at Context.<anonymous> (test/probes/hapi/hapi-17-and-above.js:350:44)
      at process.processImmediate (node:internal/timers:471:21)
      at process.callbackTrampoline (node:internal/async_hooks:130:17)

  9) probes.@hapi/hapi 18.3.2 @hapi/vision 6.1.0
       should handle an error in the custom name function:
     Error: Plugin @hapi/vision requires hapi version >=18.4.0 but found 18.3.2
      at new module.exports (node_modules/@hapi/hoek/lib/error.js:23:19)
      at module.exports [as assert] (node_modules/@hapi/hoek/lib/assert.js:20:11)
      at internals.Server.register (node_modules/@hapi/hapi/lib/server.js:425:22)
      at makeServer (test/probes/hapi/hapi-17-and-above.js:135:22)
      at /__w/appoptics-apm-node/appoptics-apm-node/test/probes/hapi/hapi-17-and-above.js:387:67
      at Context.<anonymous> (test/probes/hapi/hapi-17-and-above.js:367:45)
      at process.processImmediate (node:internal/timers:471:21)
      at process.callbackTrampoline (node:internal/async_hooks:130:17)

  10) probes.@hapi/hapi 18.3.2 @hapi/vision 6.1.0
       should handle a falsey return by the custom name function:
     Error: Plugin @hapi/vision requires hapi version >=18.4.0 but found 18.3.2
      at new module.exports (node_modules/@hapi/hoek/lib/error.js:23:19)
      at module.exports [as assert] (node_modules/@hapi/hoek/lib/assert.js:20:11)
      at internals.Server.register (node_modules/@hapi/hapi/lib/server.js:425:22)
      at makeServer (test/probes/hapi/hapi-17-and-above.js:135:22)
      at /__w/appoptics-apm-node/appoptics-apm-node/test/probes/hapi/hapi-17-and-above.js:387:67
      at Context.<anonymous> (test/probes/hapi/hapi-17-and-above.js:374:45)
      at process.processImmediate (node:internal/timers:471:21)
      at process.callbackTrampoline (node:internal/async_hooks:130:17)



npm WARN deprecated @hapi/hapi@18.4.0: This version contains severe security issues and defects and should not be used! Please upgrade to the latest version of @hapi/hapi or consider a commercial license (https://github.com/hapijs/hapi/issues/4114)

changed 1 package, and audited 941 packages in 8s

86 packages are looking for funding
  run `npm fund` for details

10 vulnerabilities (6 moderate, 4 high)

To address issues that do not require attention, run:
  npm audit fix

To address all issues possible (including breaking changes), run:
  npm audit fix --force

Some issues need review, and may require choosing
a different dependency.

Run `npm audit` for details.
2022-04-25T18:40:56.825Z appoptics:debug read config from /__w/appoptics-apm-node/appoptics-apm-node/appoptics-apm-config
2022-04-25T18:40:56.826Z appoptics:debug guc ignoring APPOPTICS_LOG_SETTINGS
2022-04-25T18:40:56.826Z appoptics:debug serviceKey dIOz...wWK0:node-agent-test
2022-04-25T18:40:56.827Z appoptics:debug using context provider: ace-context
2022-04-25T18:40:56.910Z appoptics:debug apm 10.2.2-ao.0, bindings 11.2.0, oboe 10.2.0
2022-04-25T18:40:57.078Z appoptics:patching patched crypto 
2022-04-25T18:40:57.118Z appoptics:patching patched https 
2022-04-25T18:40:57.119Z appoptics:patching patched http 
2022-04-25T18:40:57.169Z appoptics:patching patched zlib 
2022-04-25T18:40:57.637Z appoptics:patching fs.realpath - adding native method
2022-04-25T18:40:57.638Z appoptics:patching patched fs 
2022-04-25T18:40:57.651Z appoptics:patching hapi - v17 not looking for hapi/lib/plugin
2022-04-25T18:40:57.651Z appoptics:patching patched @hapi/hapi 18.4.0
2022-04-25T18:40:57.724Z appoptics:patching patched @hapi/vision 6.1.0
2022-04-25T18:40:57.729Z appoptics:debug starting runtimeMetrics


  probes.@hapi/hapi 18.4.0 @hapi/vision 6.1.0
    ✓ UDP might lose a message
    ✓ should forward controller/action data from get request (82ms)
    1) should forward controller/action data from post request
    2) should forward controller/action data from put request
    3) should forward controller/action data from delete request
    ✓ should trace render span
    ✓ should skip vision when disabled
    ✓ should allow a custom TransactionName
    ✓ should allow a custom TransactionName with domain prefix
    ✓ should handle an error in the custom name function
    ✓ should handle a falsey return by the custom name function


  8 passing (6s)
  3 failing

  1) probes.@hapi/hapi 18.4.0 @hapi/vision 6.1.0
       should forward controller/action data from post request:
     Error: Timeout of 2000ms exceeded. For async tests and hooks, ensure "done()" is called; if returning a Promise, ensure it resolves. (/__w/appoptics-apm-node/appoptics-apm-node/test/probes/@hapi-hapi.test.js)
      at listOnTimeout (node:internal/timers:564:17)
      at process.processTimers (node:internal/timers:507:7)

  2) probes.@hapi/hapi 18.4.0 @hapi/vision 6.1.0
       should forward controller/action data from put request:
     Error: Timeout of 2000ms exceeded. For async tests and hooks, ensure "done()" is called; if returning a Promise, ensure it resolves. (/__w/appoptics-apm-node/appoptics-apm-node/test/probes/@hapi-hapi.test.js)
      at listOnTimeout (node:internal/timers:564:17)
      at process.processTimers (node:internal/timers:507:7)

  3) probes.@hapi/hapi 18.4.0 @hapi/vision 6.1.0
       should forward controller/action data from delete request:
     Error: Timeout of 2000ms exceeded. For async tests and hooks, ensure "done()" is called; if returning a Promise, ensure it resolves. (/__w/appoptics-apm-node/appoptics-apm-node/test/probes/@hapi-hapi.test.js)
      at listOnTimeout (node:internal/timers:564:17)
      at process.processTimers (node:internal/timers:507:7)



npm WARN deprecated @hapi/hapi@18.4.1: This version contains severe security issues and defects and should not be used! Please upgrade to the latest version of @hapi/hapi or consider a commercial license (https://github.com/hapijs/hapi/issues/4114)

changed 1 package, and audited 941 packages in 8s

86 packages are looking for funding
  run `npm fund` for details

9 vulnerabilities (6 moderate, 3 high)

To address all issues possible (including breaking changes), run:
  npm audit fix --force

Some issues need review, and may require choosing
a different dependency.

Run `npm audit` for details.
2022-04-25T18:41:13.089Z appoptics:debug read config from /__w/appoptics-apm-node/appoptics-apm-node/appoptics-apm-config
2022-04-25T18:41:13.090Z appoptics:debug guc ignoring APPOPTICS_LOG_SETTINGS
2022-04-25T18:41:13.090Z appoptics:debug serviceKey dIOz...wWK0:node-agent-test
2022-04-25T18:41:13.091Z appoptics:debug using context provider: ace-context
2022-04-25T18:41:13.201Z appoptics:debug apm 10.2.2-ao.0, bindings 11.2.0, oboe 10.2.0
2022-04-25T18:41:13.395Z appoptics:patching patched crypto 
2022-04-25T18:41:13.450Z appoptics:patching patched https 
2022-04-25T18:41:13.451Z appoptics:patching patched http 
2022-04-25T18:41:13.508Z appoptics:patching patched zlib 
2022-04-25T18:41:14.072Z appoptics:patching fs.realpath - adding native method
2022-04-25T18:41:14.073Z appoptics:patching patched fs 
2022-04-25T18:41:14.086Z appoptics:patching hapi - v17 not looking for hapi/lib/plugin
2022-04-25T18:41:14.086Z appoptics:patching patched @hapi/hapi 18.4.1
2022-04-25T18:41:14.153Z appoptics:patching patched @hapi/vision 6.1.0
2022-04-25T18:41:14.158Z appoptics:debug starting runtimeMetrics


  probes.@hapi/hapi 18.4.1 @hapi/vision 6.1.0
    ✓ UDP might lose a message
    ✓ should forward controller/action data from get request (77ms)
    1) should forward controller/action data from post request
    2) should forward controller/action data from put request
    3) should forward controller/action data from delete request
    ✓ should trace render span
    ✓ should skip vision when disabled
    ✓ should allow a custom TransactionName
    ✓ should allow a custom TransactionName with domain prefix
    ✓ should handle an error in the custom name function
    ✓ should handle a falsey return by the custom name function


  8 passing (6s)
  3 failing

  1) probes.@hapi/hapi 18.4.1 @hapi/vision 6.1.0
       should forward controller/action data from post request:
     Error: Timeout of 2000ms exceeded. For async tests and hooks, ensure "done()" is called; if returning a Promise, ensure it resolves. (/__w/appoptics-apm-node/appoptics-apm-node/test/probes/@hapi-hapi.test.js)
      at listOnTimeout (node:internal/timers:564:17)
      at process.processTimers (node:internal/timers:507:7)

  2) probes.@hapi/hapi 18.4.1 @hapi/vision 6.1.0
       should forward controller/action data from put request:
     Error: Timeout of 2000ms exceeded. For async tests and hooks, ensure "done()" is called; if returning a Promise, ensure it resolves. (/__w/appoptics-apm-node/appoptics-apm-node/test/probes/@hapi-hapi.test.js)
      at listOnTimeout (node:internal/timers:564:17)
      at process.processTimers (node:internal/timers:507:7)

  3) probes.@hapi/hapi 18.4.1 @hapi/vision 6.1.0
       should forward controller/action data from delete request:
     Error: Timeout of 2000ms exceeded. For async tests and hooks, ensure "done()" is called; if returning a Promise, ensure it resolves. (/__w/appoptics-apm-node/appoptics-apm-node/test/probes/@hapi-hapi.test.js)
      at listOnTimeout (node:internal/timers:564:17)
      at process.processTimers (node:internal/timers:507:7)



npm WARN deprecated @hapi/hoek@8.5.1: This version has been deprecated and is no longer supported or maintained
npm WARN deprecated @hapi/hoek@8.5.1: This version has been deprecated and is no longer supported or maintained
npm WARN deprecated @hapi/pinpoint@2.0.0: Moved to 'npm install @sideway/pinpoint'
npm WARN deprecated @hapi/formula@2.0.0: Moved to 'npm install @sideway/formula'
npm WARN deprecated @hapi/call@7.0.1: This version has been deprecated
npm WARN deprecated @hapi/accept@4.0.1: This version has been deprecated
npm WARN deprecated @hapi/boom@8.0.1: This version has been deprecated and is no longer supported or maintained
npm WARN deprecated @hapi/address@4.1.0: Moved to 'npm install @sideway/address'
npm WARN deprecated @hapi/teamwork@4.0.0: This version has been deprecated and is no longer supported or maintained
npm WARN deprecated @hapi/joi@17.1.1: Switch to 'npm install joi'
npm WARN deprecated @hapi/ammo@4.0.1: This version has been deprecated
npm WARN deprecated @hapi/hapi@19.0.0: This version contains severe security issues and defects and should not be used! Please upgrade to the latest version of @hapi/hapi or consider a commercial license (https://github.com/hapijs/hapi/issues/4114)

added 4 packages, removed 10 packages, changed 32 packages, and audited 935 packages in 10s

86 packages are looking for funding
  run `npm fund` for details

12 vulnerabilities (6 moderate, 6 high)

To address issues that do not require attention, run:
  npm audit fix

To address all issues possible (including breaking changes), run:
  npm audit fix --force

Some issues need review, and may require choosing
a different dependency.

Run `npm audit` for details.
2022-04-25T18:41:30.732Z appoptics:debug read config from /__w/appoptics-apm-node/appoptics-apm-node/appoptics-apm-config
2022-04-25T18:41:30.733Z appoptics:debug guc ignoring APPOPTICS_LOG_SETTINGS
2022-04-25T18:41:30.733Z appoptics:debug serviceKey dIOz...wWK0:node-agent-test
2022-04-25T18:41:30.734Z appoptics:debug using context provider: ace-context
2022-04-25T18:41:30.813Z appoptics:debug apm 10.2.2-ao.0, bindings 11.2.0, oboe 10.2.0
2022-04-25T18:41:30.985Z appoptics:patching patched crypto 
2022-04-25T18:41:31.008Z appoptics:patching patched https 
2022-04-25T18:41:31.009Z appoptics:patching patched http 
2022-04-25T18:41:31.060Z appoptics:patching patched zlib 
2022-04-25T18:41:31.299Z appoptics:patching fs.realpath - adding native method
2022-04-25T18:41:31.299Z appoptics:patching patched fs 
2022-04-25T18:41:31.312Z appoptics:patching hapi - v17 not looking for hapi/lib/plugin
2022-04-25T18:41:31.312Z appoptics:patching patched @hapi/hapi 19.0.0
2022-04-25T18:41:31.323Z appoptics:patching patched @hapi/vision 6.1.0
2022-04-25T18:41:31.328Z appoptics:debug starting runtimeMetrics


  probes.@hapi/hapi 19.0.0 @hapi/vision 6.1.0
    ✓ UDP might lose a message
    ✓ should forward controller/action data from get request (76ms)
    1) should forward controller/action data from post request
    2) should forward controller/action data from put request
    3) should forward controller/action data from delete request
    ✓ should trace render span
    ✓ should skip vision when disabled
    ✓ should allow a custom TransactionName (38ms)
    ✓ should allow a custom TransactionName with domain prefix
    ✓ should handle an error in the custom name function
    ✓ should handle a falsey return by the custom name function


  8 passing (6s)
  3 failing

  1) probes.@hapi/hapi 19.0.0 @hapi/vision 6.1.0
       should forward controller/action data from post request:
     Error: Timeout of 2000ms exceeded. For async tests and hooks, ensure "done()" is called; if returning a Promise, ensure it resolves. (/__w/appoptics-apm-node/appoptics-apm-node/test/probes/@hapi-hapi.test.js)
      at listOnTimeout (node:internal/timers:564:17)
      at process.processTimers (node:internal/timers:507:7)

  2) probes.@hapi/hapi 19.0.0 @hapi/vision 6.1.0
       should forward controller/action data from put request:
     Error: Timeout of 2000ms exceeded. For async tests and hooks, ensure "done()" is called; if returning a Promise, ensure it resolves. (/__w/appoptics-apm-node/appoptics-apm-node/test/probes/@hapi-hapi.test.js)
      at listOnTimeout (node:internal/timers:564:17)
      at process.processTimers (node:internal/timers:507:7)

  3) probes.@hapi/hapi 19.0.0 @hapi/vision 6.1.0
       should forward controller/action data from delete request:
     Error: Timeout of 2000ms exceeded. For async tests and hooks, ensure "done()" is called; if returning a Promise, ensure it resolves. (/__w/appoptics-apm-node/appoptics-apm-node/test/probes/@hapi-hapi.test.js)
      at listOnTimeout (node:internal/timers:564:17)
      at process.processTimers (node:internal/timers:507:7)



npm WARN deprecated @hapi/hapi@19.0.1: This version contains severe security issues and defects and should not be used! Please upgrade to the latest version of @hapi/hapi or consider a commercial license (https://github.com/hapijs/hapi/issues/4114)

changed 1 package, and audited 935 packages in 8s

86 packages are looking for funding
  run `npm fund` for details

12 vulnerabilities (6 moderate, 6 high)

To address issues that do not require attention, run:
  npm audit fix

To address all issues possible (including breaking changes), run:
  npm audit fix --force

Some issues need review, and may require choosing
a different dependency.

Run `npm audit` for details.
2022-04-25T18:41:47.305Z appoptics:debug read config from /__w/appoptics-apm-node/appoptics-apm-node/appoptics-apm-config
2022-04-25T18:41:47.306Z appoptics:debug guc ignoring APPOPTICS_LOG_SETTINGS
2022-04-25T18:41:47.306Z appoptics:debug serviceKey dIOz...wWK0:node-agent-test
2022-04-25T18:41:47.307Z appoptics:debug using context provider: ace-context
2022-04-25T18:41:47.389Z appoptics:debug apm 10.2.2-ao.0, bindings 11.2.0, oboe 10.2.0
2022-04-25T18:41:47.585Z appoptics:patching patched crypto 
2022-04-25T18:41:47.611Z appoptics:patching patched https 
2022-04-25T18:41:47.612Z appoptics:patching patched http 
2022-04-25T18:41:47.679Z appoptics:patching patched zlib 
2022-04-25T18:41:47.904Z appoptics:patching fs.realpath - adding native method
2022-04-25T18:41:47.905Z appoptics:patching patched fs 
2022-04-25T18:41:47.917Z appoptics:patching hapi - v17 not looking for hapi/lib/plugin
2022-04-25T18:41:47.917Z appoptics:patching patched @hapi/hapi 19.0.1
2022-04-25T18:41:47.931Z appoptics:patching patched @hapi/vision 6.1.0
2022-04-25T18:41:47.937Z appoptics:debug starting runtimeMetrics


  probes.@hapi/hapi 19.0.1 @hapi/vision 6.1.0
    ✓ UDP might lose a message
    ✓ should forward controller/action data from get request (75ms)
    1) should forward controller/action data from post request
    2) should forward controller/action data from put request
    3) should forward controller/action data from delete request
    ✓ should trace render span
    ✓ should skip vision when disabled
    ✓ should allow a custom TransactionName
    ✓ should allow a custom TransactionName with domain prefix
    ✓ should handle an error in the custom name function
    ✓ should handle a falsey return by the custom name function


  8 passing (6s)
  3 failing

  1) probes.@hapi/hapi 19.0.1 @hapi/vision 6.1.0
       should forward controller/action data from post request:
     Error: Timeout of 2000ms exceeded. For async tests and hooks, ensure "done()" is called; if returning a Promise, ensure it resolves. (/__w/appoptics-apm-node/appoptics-apm-node/test/probes/@hapi-hapi.test.js)
      at listOnTimeout (node:internal/timers:564:17)
      at process.processTimers (node:internal/timers:507:7)

  2) probes.@hapi/hapi 19.0.1 @hapi/vision 6.1.0
       should forward controller/action data from put request:
     Error: Timeout of 2000ms exceeded. For async tests and hooks, ensure "done()" is called; if returning a Promise, ensure it resolves. (/__w/appoptics-apm-node/appoptics-apm-node/test/probes/@hapi-hapi.test.js)
      at listOnTimeout (node:internal/timers:564:17)
      at process.processTimers (node:internal/timers:507:7)

  3) probes.@hapi/hapi 19.0.1 @hapi/vision 6.1.0
       should forward controller/action data from delete request:
     Error: Timeout of 2000ms exceeded. For async tests and hooks, ensure "done()" is called; if returning a Promise, ensure it resolves. (/__w/appoptics-apm-node/appoptics-apm-node/test/probes/@hapi-hapi.test.js)
      at listOnTimeout (node:internal/timers:564:17)
      at process.processTimers (node:internal/timers:507:7)



npm WARN deprecated @hapi/hapi@19.0.2: This version contains severe security issues and defects and should not be used! Please upgrade to the latest version of @hapi/hapi or consider a commercial license (https://github.com/hapijs/hapi/issues/4114)

changed 1 package, and audited 935 packages in 8s

86 packages are looking for funding
  run `npm fund` for details

12 vulnerabilities (6 moderate, 6 high)

To address issues that do not require attention, run:
  npm audit fix

To address all issues possible (including breaking changes), run:
  npm audit fix --force

Some issues need review, and may require choosing
a different dependency.

Run `npm audit` for details.
2022-04-25T18:42:03.079Z appoptics:debug read config from /__w/appoptics-apm-node/appoptics-apm-node/appoptics-apm-config
2022-04-25T18:42:03.080Z appoptics:debug guc ignoring APPOPTICS_LOG_SETTINGS
2022-04-25T18:42:03.080Z appoptics:debug serviceKey dIOz...wWK0:node-agent-test
2022-04-25T18:42:03.081Z appoptics:debug using context provider: ace-context
2022-04-25T18:42:03.201Z appoptics:debug apm 10.2.2-ao.0, bindings 11.2.0, oboe 10.2.0
2022-04-25T18:42:03.385Z appoptics:patching patched crypto 
2022-04-25T18:42:03.433Z appoptics:patching patched https 
2022-04-25T18:42:03.434Z appoptics:patching patched http 
2022-04-25T18:42:03.485Z appoptics:patching patched zlib 
2022-04-25T18:42:03.790Z appoptics:patching fs.realpath - adding native method
2022-04-25T18:42:03.791Z appoptics:patching patched fs 
2022-04-25T18:42:03.804Z appoptics:patching hapi - v17 not looking for hapi/lib/plugin
2022-04-25T18:42:03.804Z appoptics:patching patched @hapi/hapi 19.0.2
2022-04-25T18:42:03.837Z appoptics:patching patched @hapi/vision 6.1.0
2022-04-25T18:42:03.848Z appoptics:debug starting runtimeMetrics


  probes.@hapi/hapi 19.0.2 @hapi/vision 6.1.0
    ✓ UDP might lose a message
    ✓ should forward controller/action data from get request (113ms)
    1) should forward controller/action data from post request
    2) should forward controller/action data from put request
    3) should forward controller/action data from delete request
    ✓ should trace render span
    ✓ should skip vision when disabled
    ✓ should allow a custom TransactionName
    ✓ should allow a custom TransactionName with domain prefix
    ✓ should handle an error in the custom name function
    ✓ should handle a falsey return by the custom name function


  8 passing (6s)
  3 failing

  1) probes.@hapi/hapi 19.0.2 @hapi/vision 6.1.0
       should forward controller/action data from post request:
     Error: Timeout of 2000ms exceeded. For async tests and hooks, ensure "done()" is called; if returning a Promise, ensure it resolves. (/__w/appoptics-apm-node/appoptics-apm-node/test/probes/@hapi-hapi.test.js)
      at listOnTimeout (node:internal/timers:564:17)
      at process.processTimers (node:internal/timers:507:7)

  2) probes.@hapi/hapi 19.0.2 @hapi/vision 6.1.0
       should forward controller/action data from put request:
     Error: Timeout of 2000ms exceeded. For async tests and hooks, ensure "done()" is called; if returning a Promise, ensure it resolves. (/__w/appoptics-apm-node/appoptics-apm-node/test/probes/@hapi-hapi.test.js)
      at listOnTimeout (node:internal/timers:564:17)
      at process.processTimers (node:internal/timers:507:7)

  3) probes.@hapi/hapi 19.0.2 @hapi/vision 6.1.0
       should forward controller/action data from delete request:
     Error: Timeout of 2000ms exceeded. For async tests and hooks, ensure "done()" is called; if returning a Promise, ensure it resolves. (/__w/appoptics-apm-node/appoptics-apm-node/test/probes/@hapi-hapi.test.js)
      at listOnTimeout (node:internal/timers:564:17)
      at process.processTimers (node:internal/timers:507:7)



npm WARN deprecated @hapi/hapi@19.0.3: This version contains severe security issues and defects and should not be used! Please upgrade to the latest version of @hapi/hapi or consider a commercial license (https://github.com/hapijs/hapi/issues/4114)

changed 1 package, and audited 935 packages in 9s

86 packages are looking for funding
  run `npm fund` for details

12 vulnerabilities (6 moderate, 6 high)

To address issues that do not require attention, run:
  npm audit fix

To address all issues possible (including breaking changes), run:
  npm audit fix --force

Some issues need review, and may require choosing
a different dependency.

Run `npm audit` for details.
2022-04-25T18:42:19.725Z appoptics:debug read config from /__w/appoptics-apm-node/appoptics-apm-node/appoptics-apm-config
2022-04-25T18:42:19.727Z appoptics:debug guc ignoring APPOPTICS_LOG_SETTINGS
2022-04-25T18:42:19.727Z appoptics:debug serviceKey dIOz...wWK0:node-agent-test
2022-04-25T18:42:19.728Z appoptics:debug using context provider: ace-context
2022-04-25T18:42:19.813Z appoptics:debug apm 10.2.2-ao.0, bindings 11.2.0, oboe 10.2.0
2022-04-25T18:42:19.981Z appoptics:patching patched crypto 
2022-04-25T18:42:20.004Z appoptics:patching patched https 
2022-04-25T18:42:20.006Z appoptics:patching patched http 
2022-04-25T18:42:20.059Z appoptics:patching patched zlib 
2022-04-25T18:42:20.292Z appoptics:patching fs.realpath - adding native method
2022-04-25T18:42:20.293Z appoptics:patching patched fs 
2022-04-25T18:42:20.305Z appoptics:patching hapi - v17 not looking for hapi/lib/plugin
2022-04-25T18:42:20.305Z appoptics:patching patched @hapi/hapi 19.0.3
2022-04-25T18:42:20.316Z appoptics:patching patched @hapi/vision 6.1.0
2022-04-25T18:42:20.321Z appoptics:debug starting runtimeMetrics


  probes.@hapi/hapi 19.0.3 @hapi/vision 6.1.0
    ✓ UDP might lose a message
    ✓ should forward controller/action data from get request (81ms)
    1) should forward controller/action data from post request
    2) should forward controller/action data from put request
    3) should forward controller/action data from delete request
    ✓ should trace render span
    ✓ should skip vision when disabled
    ✓ should allow a custom TransactionName
    ✓ should allow a custom TransactionName with domain prefix
    ✓ should handle an error in the custom name function
    ✓ should handle a falsey return by the custom name function


  8 passing (6s)
  3 failing

  1) probes.@hapi/hapi 19.0.3 @hapi/vision 6.1.0
       should forward controller/action data from post request:
     Error: Timeout of 2000ms exceeded. For async tests and hooks, ensure "done()" is called; if returning a Promise, ensure it resolves. (/__w/appoptics-apm-node/appoptics-apm-node/test/probes/@hapi-hapi.test.js)
      at listOnTimeout (node:internal/timers:564:17)
      at process.processTimers (node:internal/timers:507:7)

  2) probes.@hapi/hapi 19.0.3 @hapi/vision 6.1.0
       should forward controller/action data from put request:
     Error: Timeout of 2000ms exceeded. For async tests and hooks, ensure "done()" is called; if returning a Promise, ensure it resolves. (/__w/appoptics-apm-node/appoptics-apm-node/test/probes/@hapi-hapi.test.js)
      at listOnTimeout (node:internal/timers:564:17)
      at process.processTimers (node:internal/timers:507:7)

  3) probes.@hapi/hapi 19.0.3 @hapi/vision 6.1.0
       should forward controller/action data from delete request:
     Error: Timeout of 2000ms exceeded. For async tests and hooks, ensure "done()" is called; if returning a Promise, ensure it resolves. (/__w/appoptics-apm-node/appoptics-apm-node/test/probes/@hapi-hapi.test.js)
      at listOnTimeout (node:internal/timers:564:17)
      at process.processTimers (node:internal/timers:507:7)



npm WARN deprecated @hapi/hapi@19.0.4: This version contains severe security issues and defects and should not be used! Please upgrade to the latest version of @hapi/hapi or consider a commercial license (https://github.com/hapijs/hapi/issues/4114)

changed 1 package, and audited 935 packages in 9s

86 packages are looking for funding
  run `npm fund` for details

12 vulnerabilities (6 moderate, 6 high)

To address issues that do not require attention, run:
  npm audit fix

To address all issues possible (including breaking changes), run:
  npm audit fix --force

Some issues need review, and may require choosing
a different dependency.

Run `npm audit` for details.
2022-04-25T18:42:36.621Z appoptics:debug read config from /__w/appoptics-apm-node/appoptics-apm-node/appoptics-apm-config
2022-04-25T18:42:36.622Z appoptics:debug guc ignoring APPOPTICS_LOG_SETTINGS
2022-04-25T18:42:36.622Z appoptics:debug serviceKey dIOz...wWK0:node-agent-test
2022-04-25T18:42:36.622Z appoptics:debug using context provider: ace-context
2022-04-25T18:42:36.705Z appoptics:debug apm 10.2.2-ao.0, bindings 11.2.0, oboe 10.2.0
2022-04-25T18:42:36.863Z appoptics:patching patched crypto 
2022-04-25T18:42:36.886Z appoptics:patching patched https 
2022-04-25T18:42:36.887Z appoptics:patching patched http 
2022-04-25T18:42:36.936Z appoptics:patching patched zlib 
2022-04-25T18:42:37.165Z appoptics:patching fs.realpath - adding native method
2022-04-25T18:42:37.165Z appoptics:patching patched fs 
2022-04-25T18:42:37.179Z appoptics:patching hapi - v17 not looking for hapi/lib/plugin
2022-04-25T18:42:37.179Z appoptics:patching patched @hapi/hapi 19.0.4
2022-04-25T18:42:37.191Z appoptics:patching patched @hapi/vision 6.1.0
2022-04-25T18:42:37.196Z appoptics:debug starting runtimeMetrics


  probes.@hapi/hapi 19.0.4 @hapi/vision 6.1.0
    ✓ UDP might lose a message
    ✓ should forward controller/action data from get request (80ms)
    1) should forward controller/action data from post request
    2) should forward controller/action data from put request
    3) should forward controller/action data from delete request
    ✓ should trace render span
    ✓ should skip vision when disabled
    ✓ should allow a custom TransactionName
    ✓ should allow a custom TransactionName with domain prefix
    ✓ should handle an error in the custom name function
    ✓ should handle a falsey return by the custom name function


  8 passing (6s)
  3 failing

  1) probes.@hapi/hapi 19.0.4 @hapi/vision 6.1.0
       should forward controller/action data from post request:
     Error: Timeout of 2000ms exceeded. For async tests and hooks, ensure "done()" is called; if returning a Promise, ensure it resolves. (/__w/appoptics-apm-node/appoptics-apm-node/test/probes/@hapi-hapi.test.js)
      at listOnTimeout (node:internal/timers:564:17)
      at process.processTimers (node:internal/timers:507:7)

  2) probes.@hapi/hapi 19.0.4 @hapi/vision 6.1.0
       should forward controller/action data from put request:
     Error: Timeout of 2000ms exceeded. For async tests and hooks, ensure "done()" is called; if returning a Promise, ensure it resolves. (/__w/appoptics-apm-node/appoptics-apm-node/test/probes/@hapi-hapi.test.js)
      at listOnTimeout (node:internal/timers:564:17)
      at process.processTimers (node:internal/timers:507:7)

  3) probes.@hapi/hapi 19.0.4 @hapi/vision 6.1.0
       should forward controller/action data from delete request:
     Error: Timeout of 2000ms exceeded. For async tests and hooks, ensure "done()" is called; if returning a Promise, ensure it resolves. (/__w/appoptics-apm-node/appoptics-apm-node/test/probes/@hapi-hapi.test.js)
      at listOnTimeout (node:internal/timers:564:17)
      at process.processTimers (node:internal/timers:507:7)



npm WARN deprecated @hapi/hapi@19.0.5: This version contains severe security issues and defects and should not be used! Please upgrade to the latest version of @hapi/hapi or consider a commercial license (https://github.com/hapijs/hapi/issues/4114)

removed 3 packages, changed 3 packages, and audited 932 packages in 8s

86 packages are looking for funding
  run `npm fund` for details

10 vulnerabilities (6 moderate, 4 high)

To address all issues possible (including breaking changes), run:
  npm audit fix --force

Some issues need review, and may require choosing
a different dependency.

Run `npm audit` for details.
2022-04-25T18:42:52.061Z appoptics:debug read config from /__w/appoptics-apm-node/appoptics-apm-node/appoptics-apm-config
2022-04-25T18:42:52.061Z appoptics:debug guc ignoring APPOPTICS_LOG_SETTINGS
2022-04-25T18:42:52.062Z appoptics:debug serviceKey dIOz...wWK0:node-agent-test
2022-04-25T18:42:52.062Z appoptics:debug using context provider: ace-context
2022-04-25T18:42:52.146Z appoptics:debug apm 10.2.2-ao.0, bindings 11.2.0, oboe 10.2.0
2022-04-25T18:42:52.336Z appoptics:patching patched crypto 
2022-04-25T18:42:52.396Z appoptics:patching patched https 
2022-04-25T18:42:52.397Z appoptics:patching patched http 
2022-04-25T18:42:52.452Z appoptics:patching patched zlib 
2022-04-25T18:42:52.787Z appoptics:patching fs.realpath - adding native method
2022-04-25T18:42:52.788Z appoptics:patching patched fs 
2022-04-25T18:42:52.801Z appoptics:patching hapi - v17 not looking for hapi/lib/plugin
2022-04-25T18:42:52.801Z appoptics:patching patched @hapi/hapi 19.0.5
2022-04-25T18:42:52.824Z appoptics:patching patched @hapi/vision 6.1.0
2022-04-25T18:42:52.835Z appoptics:debug starting runtimeMetrics


  probes.@hapi/hapi 19.0.5 @hapi/vision 6.1.0
    ✓ UDP might lose a message
    ✓ should forward controller/action data from get request (80ms)
    1) should forward controller/action data from post request
    2) should forward controller/action data from put request
    3) should forward controller/action data from delete request
    ✓ should trace render span
    ✓ should skip vision when disabled
    ✓ should allow a custom TransactionName
    ✓ should allow a custom TransactionName with domain prefix
    ✓ should handle an error in the custom name function
    ✓ should handle a falsey return by the custom name function


  8 passing (6s)
  3 failing

  1) probes.@hapi/hapi 19.0.5 @hapi/vision 6.1.0
       should forward controller/action data from post request:
     Error: Timeout of 2000ms exceeded. For async tests and hooks, ensure "done()" is called; if returning a Promise, ensure it resolves. (/__w/appoptics-apm-node/appoptics-apm-node/test/probes/@hapi-hapi.test.js)
      at listOnTimeout (node:internal/timers:564:17)
      at process.processTimers (node:internal/timers:507:7)

  2) probes.@hapi/hapi 19.0.5 @hapi/vision 6.1.0
       should forward controller/action data from put request:
     Error: Timeout of 2000ms exceeded. For async tests and hooks, ensure "done()" is called; if returning a Promise, ensure it resolves. (/__w/appoptics-apm-node/appoptics-apm-node/test/probes/@hapi-hapi.test.js)
      at listOnTimeout (node:internal/timers:564:17)
      at process.processTimers (node:internal/timers:507:7)

  3) probes.@hapi/hapi 19.0.5 @hapi/vision 6.1.0
       should forward controller/action data from delete request:
     Error: Timeout of 2000ms exceeded. For async tests and hooks, ensure "done()" is called; if returning a Promise, ensure it resolves. (/__w/appoptics-apm-node/appoptics-apm-node/test/probes/@hapi-hapi.test.js)
      at listOnTimeout (node:internal/timers:564:17)
      at process.processTimers (node:internal/timers:507:7)



npm WARN deprecated @hapi/hapi@19.1.0: This version contains severe security issues and defects and should not be used! Please upgrade to the latest version of @hapi/hapi or consider a commercial license (https://github.com/hapijs/hapi/issues/4114)

changed 1 package, and audited 932 packages in 9s

86 packages are looking for funding
  run `npm fund` for details

10 vulnerabilities (6 moderate, 4 high)

To address all issues possible (including breaking changes), run:
  npm audit fix --force

Some issues need review, and may require choosing
a different dependency.

Run `npm audit` for details.
2022-04-25T18:43:08.822Z appoptics:debug read config from /__w/appoptics-apm-node/appoptics-apm-node/appoptics-apm-config
2022-04-25T18:43:08.823Z appoptics:debug guc ignoring APPOPTICS_LOG_SETTINGS
2022-04-25T18:43:08.823Z appoptics:debug serviceKey dIOz...wWK0:node-agent-test
2022-04-25T18:43:08.826Z appoptics:debug using context provider: ace-context
2022-04-25T18:43:08.920Z appoptics:debug apm 10.2.2-ao.0, bindings 11.2.0, oboe 10.2.0
2022-04-25T18:43:09.091Z appoptics:patching patched crypto 
2022-04-25T18:43:09.117Z appoptics:patching patched https 
2022-04-25T18:43:09.118Z appoptics:patching patched http 
2022-04-25T18:43:09.175Z appoptics:patching patched zlib 
2022-04-25T18:43:09.394Z appoptics:patching fs.realpath - adding native method
2022-04-25T18:43:09.395Z appoptics:patching patched fs 
2022-04-25T18:43:09.414Z appoptics:patching hapi - v17 not looking for hapi/lib/plugin
2022-04-25T18:43:09.414Z appoptics:patching patched @hapi/hapi 19.1.0
2022-04-25T18:43:09.428Z appoptics:patching patched @hapi/vision 6.1.0
2022-04-25T18:43:09.435Z appoptics:debug starting runtimeMetrics


  probes.@hapi/hapi 19.1.0 @hapi/vision 6.1.0
    ✓ UDP might lose a message
    ✓ should forward controller/action data from get request (95ms)
    1) should forward controller/action data from post request
    2) should forward controller/action data from put request
    3) should forward controller/action data from delete request
    ✓ should trace render span
    ✓ should skip vision when disabled
    ✓ should allow a custom TransactionName
    ✓ should allow a custom TransactionName with domain prefix
    ✓ should handle an error in the custom name function
    ✓ should handle a falsey return by the custom name function


  8 passing (6s)
  3 failing

  1) probes.@hapi/hapi 19.1.0 @hapi/vision 6.1.0
       should forward controller/action data from post request:
     Error: Timeout of 2000ms exceeded. For async tests and hooks, ensure "done()" is called; if returning a Promise, ensure it resolves. (/__w/appoptics-apm-node/appoptics-apm-node/test/probes/@hapi-hapi.test.js)
      at listOnTimeout (node:internal/timers:564:17)
      at process.processTimers (node:internal/timers:507:7)

  2) probes.@hapi/hapi 19.1.0 @hapi/vision 6.1.0
       should forward controller/action data from put request:
     Error: Timeout of 2000ms exceeded. For async tests and hooks, ensure "done()" is called; if returning a Promise, ensure it resolves. (/__w/appoptics-apm-node/appoptics-apm-node/test/probes/@hapi-hapi.test.js)
      at listOnTimeout (node:internal/timers:564:17)
      at process.processTimers (node:internal/timers:507:7)

  3) probes.@hapi/hapi 19.1.0 @hapi/vision 6.1.0
       should forward controller/action data from delete request:
     Error: Timeout of 2000ms exceeded. For async tests and hooks, ensure "done()" is called; if returning a Promise, ensure it resolves. (/__w/appoptics-apm-node/appoptics-apm-node/test/probes/@hapi-hapi.test.js)
      at listOnTimeout (node:internal/timers:564:17)
      at process.processTimers (node:internal/timers:507:7)



npm WARN deprecated @hapi/hapi@19.1.1: This version contains severe security issues and defects and should not be used! Please upgrade to the latest version of @hapi/hapi or consider a commercial license (https://github.com/hapijs/hapi/issues/4114)

changed 2 packages, and audited 932 packages in 9s

86 packages are looking for funding
  run `npm fund` for details

9 vulnerabilities (6 moderate, 3 high)

To address all issues possible (including breaking changes), run:
  npm audit fix --force

Some issues need review, and may require choosing
a different dependency.

Run `npm audit` for details.
2022-04-25T18:43:25.608Z appoptics:debug read config from /__w/appoptics-apm-node/appoptics-apm-node/appoptics-apm-config
2022-04-25T18:43:25.609Z appoptics:debug guc ignoring APPOPTICS_LOG_SETTINGS
2022-04-25T18:43:25.609Z appoptics:debug serviceKey dIOz...wWK0:node-agent-test
2022-04-25T18:43:25.610Z appoptics:debug using context provider: ace-context
2022-04-25T18:43:25.689Z appoptics:debug apm 10.2.2-ao.0, bindings 11.2.0, oboe 10.2.0
2022-04-25T18:43:25.856Z appoptics:patching patched crypto 
2022-04-25T18:43:25.894Z appoptics:patching patched https 
2022-04-25T18:43:25.895Z appoptics:patching patched http 
2022-04-25T18:43:25.935Z appoptics:patching patched zlib 
2022-04-25T18:43:26.148Z appoptics:patching fs.realpath - adding native method
2022-04-25T18:43:26.149Z appoptics:patching patched fs 
2022-04-25T18:43:26.161Z appoptics:patching hapi - v17 not looking for hapi/lib/plugin
2022-04-25T18:43:26.161Z appoptics:patching patched @hapi/hapi 19.1.1
2022-04-25T18:43:26.171Z appoptics:patching patched @hapi/vision 6.1.0
2022-04-25T18:43:26.176Z appoptics:debug starting runtimeMetrics


  probes.@hapi/hapi 19.1.1 @hapi/vision 6.1.0
    ✓ UDP might lose a message
    ✓ should forward controller/action data from get request (76ms)
    1) should forward controller/action data from post request
    2) should forward controller/action data from put request
    3) should forward controller/action data from delete request
    ✓ should trace render span
    ✓ should skip vision when disabled
    ✓ should allow a custom TransactionName
    ✓ should allow a custom TransactionName with domain prefix
    ✓ should handle an error in the custom name function
    ✓ should handle a falsey return by the custom name function


  8 passing (6s)
  3 failing

  1) probes.@hapi/hapi 19.1.1 @hapi/vision 6.1.0
       should forward controller/action data from post request:
     Error: Timeout of 2000ms exceeded. For async tests and hooks, ensure "done()" is called; if returning a Promise, ensure it resolves. (/__w/appoptics-apm-node/appoptics-apm-node/test/probes/@hapi-hapi.test.js)
      at listOnTimeout (node:internal/timers:564:17)
      at process.processTimers (node:internal/timers:507:7)

  2) probes.@hapi/hapi 19.1.1 @hapi/vision 6.1.0
       should forward controller/action data from put request:
     Error: Timeout of 2000ms exceeded. For async tests and hooks, ensure "done()" is called; if returning a Promise, ensure it resolves. (/__w/appoptics-apm-node/appoptics-apm-node/test/probes/@hapi-hapi.test.js)
      at listOnTimeout (node:internal/timers:564:17)
      at process.processTimers (node:internal/timers:507:7)

  3) probes.@hapi/hapi 19.1.1 @hapi/vision 6.1.0
       should forward controller/action data from delete request:
     Error: Timeout of 2000ms exceeded. For async tests and hooks, ensure "done()" is called; if returning a Promise, ensure it resolves. (/__w/appoptics-apm-node/appoptics-apm-node/test/probes/@hapi-hapi.test.js)
      at listOnTimeout (node:internal/timers:564:17)
      at process.processTimers (node:internal/timers:507:7)



npm WARN deprecated @hapi/hapi@19.2.0: This version contains severe security issues and defects and should not be used! Please upgrade to the latest version of @hapi/hapi or consider a commercial license (https://github.com/hapijs/hapi/issues/4114)

changed 1 package, and audited 932 packages in 17s

86 packages are looking for funding
  run `npm fund` for details

9 vulnerabilities (6 moderate, 3 high)

To address all issues possible (including breaking changes), run:
  npm audit fix --force

Some issues need review, and may require choosing
a different dependency.

Run `npm audit` for details.
2022-04-25T18:43:50.573Z appoptics:debug read config from /__w/appoptics-apm-node/appoptics-apm-node/appoptics-apm-config
2022-04-25T18:43:50.574Z appoptics:debug guc ignoring APPOPTICS_LOG_SETTINGS
2022-04-25T18:43:50.574Z appoptics:debug serviceKey dIOz...wWK0:node-agent-test
2022-04-25T18:43:50.575Z appoptics:debug using context provider: ace-context
2022-04-25T18:43:50.658Z appoptics:debug apm 10.2.2-ao.0, bindings 11.2.0, oboe 10.2.0
2022-04-25T18:43:50.827Z appoptics:patching patched crypto 
2022-04-25T18:43:50.866Z appoptics:patching patched https 
2022-04-25T18:43:50.867Z appoptics:patching patched http 
2022-04-25T18:43:50.930Z appoptics:patching patched zlib 
2022-04-25T18:43:51.199Z appoptics:patching fs.realpath - adding native method
2022-04-25T18:43:51.201Z appoptics:patching patched fs 
2022-04-25T18:43:51.214Z appoptics:patching hapi - v17 not looking for hapi/lib/plugin
2022-04-25T18:43:51.214Z appoptics:patching patched @hapi/hapi 19.2.0
2022-04-25T18:43:51.225Z appoptics:patching patched @hapi/vision 6.1.0
2022-04-25T18:43:51.230Z appoptics:debug starting runtimeMetrics


  probes.@hapi/hapi 19.2.0 @hapi/vision 6.1.0
    ✓ UDP might lose a message
    ✓ should forward controller/action data from get request (82ms)
    1) should forward controller/action data from post request
    2) should forward controller/action data from put request
    3) should forward controller/action data from delete request
    ✓ should trace render span
    ✓ should skip vision when disabled
    ✓ should allow a custom TransactionName
    ✓ should allow a custom TransactionName with domain prefix
    ✓ should handle an error in the custom name function
    ✓ should handle a falsey return by the custom name function


  8 passing (6s)
  3 failing

  1) probes.@hapi/hapi 19.2.0 @hapi/vision 6.1.0
       should forward controller/action data from post request:
     Error: Timeout of 2000ms exceeded. For async tests and hooks, ensure "done()" is called; if returning a Promise, ensure it resolves. (/__w/appoptics-apm-node/appoptics-apm-node/test/probes/@hapi-hapi.test.js)
      at listOnTimeout (node:internal/timers:564:17)
      at process.processTimers (node:internal/timers:507:7)

  2) probes.@hapi/hapi 19.2.0 @hapi/vision 6.1.0
       should forward controller/action data from put request:
     Error: Timeout of 2000ms exceeded. For async tests and hooks, ensure "done()" is called; if returning a Promise, ensure it resolves. (/__w/appoptics-apm-node/appoptics-apm-node/test/probes/@hapi-hapi.test.js)
      at listOnTimeout (node:internal/timers:564:17)
      at process.processTimers (node:internal/timers:507:7)

  3) probes.@hapi/hapi 19.2.0 @hapi/vision 6.1.0
       should forward controller/action data from delete request:
     Error: Timeout of 2000ms exceeded. For async tests and hooks, ensure "done()" is called; if returning a Promise, ensure it resolves. (/__w/appoptics-apm-node/appoptics-apm-node/test/probes/@hapi-hapi.test.js)
      at listOnTimeout (node:internal/timers:564:17)
      at process.processTimers (node:internal/timers:507:7)




removed 5 packages, changed 2 packages, and audited 927 packages in 9s

86 packages are looking for funding
  run `npm fund` for details

9 vulnerabilities (6 moderate, 3 high)

To address all issues possible (including breaking changes), run:
  npm audit fix --force

Some issues need review, and may require choosing
a different dependency.

Run `npm audit` for details.
2022-04-25T18:44:06.861Z appoptics:debug read config from /__w/appoptics-apm-node/appoptics-apm-node/appoptics-apm-config
2022-04-25T18:44:06.862Z appoptics:debug guc ignoring APPOPTICS_LOG_SETTINGS
2022-04-25T18:44:06.862Z appoptics:debug serviceKey dIOz...wWK0:node-agent-test
2022-04-25T18:44:06.863Z appoptics:debug using context provider: ace-context
2022-04-25T18:44:06.977Z appoptics:debug apm 10.2.2-ao.0, bindings 11.2.0, oboe 10.2.0
2022-04-25T18:44:07.173Z appoptics:patching patched crypto 
2022-04-25T18:44:07.229Z appoptics:patching patched https 
2022-04-25T18:44:07.230Z appoptics:patching patched http 
2022-04-25T18:44:07.283Z appoptics:patching patched zlib 
2022-04-25T18:44:07.505Z appoptics:patching fs.realpath - adding native method
2022-04-25T18:44:07.506Z appoptics:patching patched fs 
2022-04-25T18:44:07.536Z appoptics:patching hapi - v17 not looking for hapi/lib/plugin
2022-04-25T18:44:07.536Z appoptics:patching patched @hapi/hapi 20.0.0
2022-04-25T18:44:07.552Z appoptics:patching patched @hapi/vision 6.1.0
2022-04-25T18:44:07.557Z appoptics:debug starting runtimeMetrics


  probes.@hapi/hapi 20.0.0 @hapi/vision 6.1.0
    ✓ UDP might lose a message
    ✓ should forward controller/action data from get request (85ms)
    1) should forward controller/action data from post request
    2) should forward controller/action data from put request
    3) should forward controller/action data from delete request
    ✓ should trace render span (44ms)
    ✓ should skip vision when disabled
    ✓ should allow a custom TransactionName
    ✓ should allow a custom TransactionName with domain prefix
    ✓ should handle an error in the custom name function
    ✓ should handle a falsey return by the custom name function


  8 passing (6s)
  3 failing

  1) probes.@hapi/hapi 20.0.0 @hapi/vision 6.1.0
       should forward controller/action data from post request:
     Error: Timeout of 2000ms exceeded. For async tests and hooks, ensure "done()" is called; if returning a Promise, ensure it resolves. (/__w/appoptics-apm-node/appoptics-apm-node/test/probes/@hapi-hapi.test.js)
      at listOnTimeout (node:internal/timers:564:17)
      at process.processTimers (node:internal/timers:507:7)

  2) probes.@hapi/hapi 20.0.0 @hapi/vision 6.1.0
       should forward controller/action data from put request:
     Error: Timeout of 2000ms exceeded. For async tests and hooks, ensure "done()" is called; if returning a Promise, ensure it resolves. (/__w/appoptics-apm-node/appoptics-apm-node/test/probes/@hapi-hapi.test.js)
      at listOnTimeout (node:internal/timers:564:17)
      at process.processTimers (node:internal/timers:507:7)

  3) probes.@hapi/hapi 20.0.0 @hapi/vision 6.1.0
       should forward controller/action data from delete request:
     Error: Timeout of 2000ms exceeded. For async tests and hooks, ensure "done()" is called; if returning a Promise, ensure it resolves. (/__w/appoptics-apm-node/appoptics-apm-node/test/probes/@hapi-hapi.test.js)
      at listOnTimeout (node:internal/timers:564:17)
      at process.processTimers (node:internal/timers:507:7)




changed 1 package, and audited 927 packages in 8s

86 packages are looking for funding
  run `npm fund` for details

9 vulnerabilities (6 moderate, 3 high)

To address all issues possible (including breaking changes), run:
  npm audit fix --force

Some issues need review, and may require choosing
a different dependency.

Run `npm audit` for details.
2022-04-25T18:44:22.951Z appoptics:debug read config from /__w/appoptics-apm-node/appoptics-apm-node/appoptics-apm-config
2022-04-25T18:44:22.952Z appoptics:debug guc ignoring APPOPTICS_LOG_SETTINGS
2022-04-25T18:44:22.952Z appoptics:debug serviceKey dIOz...wWK0:node-agent-test
2022-04-25T18:44:22.953Z appoptics:debug using context provider: ace-context
2022-04-25T18:44:23.035Z appoptics:debug apm 10.2.2-ao.0, bindings 11.2.0, oboe 10.2.0
2022-04-25T18:44:23.210Z appoptics:patching patched crypto 
2022-04-25T18:44:23.235Z appoptics:patching patched https 
2022-04-25T18:44:23.235Z appoptics:patching patched http 
2022-04-25T18:44:23.286Z appoptics:patching patched zlib 
2022-04-25T18:44:23.434Z appoptics:patching fs.realpath - adding native method
2022-04-25T18:44:23.435Z appoptics:patching patched fs 
2022-04-25T18:44:23.448Z appoptics:patching hapi - v17 not looking for hapi/lib/plugin
2022-04-25T18:44:23.448Z appoptics:patching patched @hapi/hapi 20.0.1
2022-04-25T18:44:23.457Z appoptics:patching patched @hapi/vision 6.1.0
2022-04-25T18:44:23.462Z appoptics:debug starting runtimeMetrics


  probes.@hapi/hapi 20.0.1 @hapi/vision 6.1.0
    ✓ UDP might lose a message
    ✓ should forward controller/action data from get request (79ms)
    1) should forward controller/action data from post request
    2) should forward controller/action data from put request
    3) should forward controller/action data from delete request
    ✓ should trace render span
    ✓ should skip vision when disabled
    ✓ should allow a custom TransactionName
    ✓ should allow a custom TransactionName with domain prefix
    ✓ should handle an error in the custom name function
    ✓ should handle a falsey return by the custom name function


  8 passing (6s)
  3 failing

  1) probes.@hapi/hapi 20.0.1 @hapi/vision 6.1.0
       should forward controller/action data from post request:
     Error: Timeout of 2000ms exceeded. For async tests and hooks, ensure "done()" is called; if returning a Promise, ensure it resolves. (/__w/appoptics-apm-node/appoptics-apm-node/test/probes/@hapi-hapi.test.js)
      at listOnTimeout (node:internal/timers:564:17)
      at process.processTimers (node:internal/timers:507:7)

  2) probes.@hapi/hapi 20.0.1 @hapi/vision 6.1.0
       should forward controller/action data from put request:
     Error: Timeout of 2000ms exceeded. For async tests and hooks, ensure "done()" is called; if returning a Promise, ensure it resolves. (/__w/appoptics-apm-node/appoptics-apm-node/test/probes/@hapi-hapi.test.js)
      at listOnTimeout (node:internal/timers:564:17)
      at process.processTimers (node:internal/timers:507:7)

  3) probes.@hapi/hapi 20.0.1 @hapi/vision 6.1.0
       should forward controller/action data from delete request:
     Error: Timeout of 2000ms exceeded. For async tests and hooks, ensure "done()" is called; if returning a Promise, ensure it resolves. (/__w/appoptics-apm-node/appoptics-apm-node/test/probes/@hapi-hapi.test.js)
      at listOnTimeout (node:internal/timers:564:17)
      at process.processTimers (node:internal/timers:507:7)




changed 1 package, and audited 927 packages in 9s

86 packages are looking for funding
  run `npm fund` for details

9 vulnerabilities (6 moderate, 3 high)

To address all issues possible (including breaking changes), run:
  npm audit fix --force

Some issues need review, and may require choosing
a different dependency.

Run `npm audit` for details.
2022-04-25T18:44:39.364Z appoptics:debug read config from /__w/appoptics-apm-node/appoptics-apm-node/appoptics-apm-config
2022-04-25T18:44:39.364Z appoptics:debug guc ignoring APPOPTICS_LOG_SETTINGS
2022-04-25T18:44:39.365Z appoptics:debug serviceKey dIOz...wWK0:node-agent-test
2022-04-25T18:44:39.366Z appoptics:debug using context provider: ace-context
2022-04-25T18:44:39.445Z appoptics:debug apm 10.2.2-ao.0, bindings 11.2.0, oboe 10.2.0
2022-04-25T18:44:39.607Z appoptics:patching patched crypto 
2022-04-25T18:44:39.630Z appoptics:patching patched https 
2022-04-25T18:44:39.631Z appoptics:patching patched http 
2022-04-25T18:44:39.680Z appoptics:patching patched zlib 
2022-04-25T18:44:39.839Z appoptics:patching fs.realpath - adding native method
2022-04-25T18:44:39.839Z appoptics:patching patched fs 
2022-04-25T18:44:39.851Z appoptics:patching hapi - v17 not looking for hapi/lib/plugin
2022-04-25T18:44:39.852Z appoptics:patching patched @hapi/hapi 20.0.2
2022-04-25T18:44:39.861Z appoptics:patching patched @hapi/vision 6.1.0
2022-04-25T18:44:39.866Z appoptics:debug starting runtimeMetrics


  probes.@hapi/hapi 20.0.2 @hapi/vision 6.1.0
    ✓ UDP might lose a message
    ✓ should forward controller/action data from get request (76ms)
    1) should forward controller/action data from post request
    2) should forward controller/action data from put request
    3) should forward controller/action data from delete request
    ✓ should trace render span (41ms)
    ✓ should skip vision when disabled
    ✓ should allow a custom TransactionName
    ✓ should allow a custom TransactionName with domain prefix
    ✓ should handle an error in the custom name function
    ✓ should handle a falsey return by the custom name function


  8 passing (6s)
  3 failing

  1) probes.@hapi/hapi 20.0.2 @hapi/vision 6.1.0
       should forward controller/action data from post request:
     Error: Timeout of 2000ms exceeded. For async tests and hooks, ensure "done()" is called; if returning a Promise, ensure it resolves. (/__w/appoptics-apm-node/appoptics-apm-node/test/probes/@hapi-hapi.test.js)
      at listOnTimeout (node:internal/timers:564:17)
      at process.processTimers (node:internal/timers:507:7)

  2) probes.@hapi/hapi 20.0.2 @hapi/vision 6.1.0
       should forward controller/action data from put request:
     Error: Timeout of 2000ms exceeded. For async tests and hooks, ensure "done()" is called; if returning a Promise, ensure it resolves. (/__w/appoptics-apm-node/appoptics-apm-node/test/probes/@hapi-hapi.test.js)
      at listOnTimeout (node:internal/timers:564:17)
      at process.processTimers (node:internal/timers:507:7)

  3) probes.@hapi/hapi 20.0.2 @hapi/vision 6.1.0
       should forward controller/action data from delete request:
     Error: Timeout of 2000ms exceeded. For async tests and hooks, ensure "done()" is called; if returning a Promise, ensure it resolves. (/__w/appoptics-apm-node/appoptics-apm-node/test/probes/@hapi-hapi.test.js)
      at listOnTimeout (node:internal/timers:564:17)
      at process.processTimers (node:internal/timers:507:7)




changed 1 package, and audited 927 packages in 8s

86 packages are looking for funding
  run `npm fund` for details

9 vulnerabilities (6 moderate, 3 high)

To address all issues possible (including breaking changes), run:
  npm audit fix --force

Some issues need review, and may require choosing
a different dependency.

Run `npm audit` for details.
2022-04-25T18:44:54.919Z appoptics:debug read config from /__w/appoptics-apm-node/appoptics-apm-node/appoptics-apm-config
2022-04-25T18:44:54.921Z appoptics:debug guc ignoring APPOPTICS_LOG_SETTINGS
2022-04-25T18:44:54.921Z appoptics:debug serviceKey dIOz...wWK0:node-agent-test
2022-04-25T18:44:54.922Z appoptics:debug using context provider: ace-context
2022-04-25T18:44:55.003Z appoptics:debug apm 10.2.2-ao.0, bindings 11.2.0, oboe 10.2.0
2022-04-25T18:44:55.174Z appoptics:patching patched crypto 
2022-04-25T18:44:55.200Z appoptics:patching patched https 
2022-04-25T18:44:55.200Z appoptics:patching patched http 
2022-04-25T18:44:55.247Z appoptics:patching patched zlib 
2022-04-25T18:44:55.405Z appoptics:patching fs.realpath - adding native method
2022-04-25T18:44:55.406Z appoptics:patching patched fs 
2022-04-25T18:44:55.418Z appoptics:patching hapi - v17 not looking for hapi/lib/plugin
2022-04-25T18:44:55.419Z appoptics:patching patched @hapi/hapi 20.0.3
2022-04-25T18:44:55.428Z appoptics:patching patched @hapi/vision 6.1.0
2022-04-25T18:44:55.433Z appoptics:debug starting runtimeMetrics


  probes.@hapi/hapi 20.0.3 @hapi/vision 6.1.0
    ✓ UDP might lose a message
    ✓ should forward controller/action data from get request (75ms)
    1) should forward controller/action data from post request
    2) should forward controller/action data from put request
    3) should forward controller/action data from delete request
    ✓ should trace render span
    ✓ should skip vision when disabled
    ✓ should allow a custom TransactionName
    ✓ should allow a custom TransactionName with domain prefix
    ✓ should handle an error in the custom name function
    ✓ should handle a falsey return by the custom name function


  8 passing (6s)
  3 failing

  1) probes.@hapi/hapi 20.0.3 @hapi/vision 6.1.0
       should forward controller/action data from post request:
     Error: Timeout of 2000ms exceeded. For async tests and hooks, ensure "done()" is called; if returning a Promise, ensure it resolves. (/__w/appoptics-apm-node/appoptics-apm-node/test/probes/@hapi-hapi.test.js)
      at listOnTimeout (node:internal/timers:564:17)
      at process.processTimers (node:internal/timers:507:7)

  2) probes.@hapi/hapi 20.0.3 @hapi/vision 6.1.0
       should forward controller/action data from put request:
     Error: Timeout of 2000ms exceeded. For async tests and hooks, ensure "done()" is called; if returning a Promise, ensure it resolves. (/__w/appoptics-apm-node/appoptics-apm-node/test/probes/@hapi-hapi.test.js)
      at listOnTimeout (node:internal/timers:564:17)
      at process.processTimers (node:internal/timers:507:7)

  3) probes.@hapi/hapi 20.0.3 @hapi/vision 6.1.0
       should forward controller/action data from delete request:
     Error: Timeout of 2000ms exceeded. For async tests and hooks, ensure "done()" is called; if returning a Promise, ensure it resolves. (/__w/appoptics-apm-node/appoptics-apm-node/test/probes/@hapi-hapi.test.js)
      at listOnTimeout (node:internal/timers:564:17)
      at process.processTimers (node:internal/timers:507:7)




changed 1 package, and audited 927 packages in 9s

86 packages are looking for funding
  run `npm fund` for details

9 vulnerabilities (6 moderate, 3 high)

To address all issues possible (including breaking changes), run:
  npm audit fix --force

Some issues need review, and may require choosing
a different dependency.

Run `npm audit` for details.
2022-04-25T18:45:10.966Z appoptics:debug read config from /__w/appoptics-apm-node/appoptics-apm-node/appoptics-apm-config
2022-04-25T18:45:10.967Z appoptics:debug guc ignoring APPOPTICS_LOG_SETTINGS
2022-04-25T18:45:10.967Z appoptics:debug serviceKey dIOz...wWK0:node-agent-test
2022-04-25T18:45:10.968Z appoptics:debug using context provider: ace-context
2022-04-25T18:45:11.048Z appoptics:debug apm 10.2.2-ao.0, bindings 11.2.0, oboe 10.2.0
2022-04-25T18:45:11.228Z appoptics:patching patched crypto 
2022-04-25T18:45:11.281Z appoptics:patching patched https 
2022-04-25T18:45:11.282Z appoptics:patching patched http 
2022-04-25T18:45:11.326Z appoptics:patching patched zlib 
2022-04-25T18:45:11.522Z appoptics:patching fs.realpath - adding native method
2022-04-25T18:45:11.523Z appoptics:patching patched fs 
2022-04-25T18:45:11.538Z appoptics:patching hapi - v17 not looking for hapi/lib/plugin
2022-04-25T18:45:11.538Z appoptics:patching patched @hapi/hapi 20.1.0
2022-04-25T18:45:11.550Z appoptics:patching patched @hapi/vision 6.1.0
2022-04-25T18:45:11.557Z appoptics:debug starting runtimeMetrics


  probes.@hapi/hapi 20.1.0 @hapi/vision 6.1.0
    ✓ UDP might lose a message
    ✓ should forward controller/action data from get request (88ms)
    1) should forward controller/action data from post request
    2) should forward controller/action data from put request
    3) should forward controller/action data from delete request
    ✓ should trace render span
    ✓ should skip vision when disabled
    ✓ should allow a custom TransactionName
    ✓ should allow a custom TransactionName with domain prefix
    ✓ should handle an error in the custom name function
    ✓ should handle a falsey return by the custom name function


  8 passing (6s)
  3 failing

  1) probes.@hapi/hapi 20.1.0 @hapi/vision 6.1.0
       should forward controller/action data from post request:
     Error: Timeout of 2000ms exceeded. For async tests and hooks, ensure "done()" is called; if returning a Promise, ensure it resolves. (/__w/appoptics-apm-node/appoptics-apm-node/test/probes/@hapi-hapi.test.js)
      at listOnTimeout (node:internal/timers:564:17)
      at process.processTimers (node:internal/timers:507:7)

  2) probes.@hapi/hapi 20.1.0 @hapi/vision 6.1.0
       should forward controller/action data from put request:
     Error: Timeout of 2000ms exceeded. For async tests and hooks, ensure "done()" is called; if returning a Promise, ensure it resolves. (/__w/appoptics-apm-node/appoptics-apm-node/test/probes/@hapi-hapi.test.js)
      at listOnTimeout (node:internal/timers:564:17)
      at process.processTimers (node:internal/timers:507:7)

  3) probes.@hapi/hapi 20.1.0 @hapi/vision 6.1.0
       should forward controller/action data from delete request:
     Error: Timeout of 2000ms exceeded. For async tests and hooks, ensure "done()" is called; if returning a Promise, ensure it resolves. (/__w/appoptics-apm-node/appoptics-apm-node/test/probes/@hapi-hapi.test.js)
      at listOnTimeout (node:internal/timers:564:17)
      at process.processTimers (node:internal/timers:507:7)




changed 1 package, and audited 927 packages in 9s

86 packages are looking for funding
  run `npm fund` for details

9 vulnerabilities (6 moderate, 3 high)

To address all issues possible (including breaking changes), run:
  npm audit fix --force

Some issues need review, and may require choosing
a different dependency.

Run `npm audit` for details.
2022-04-25T18:45:27.555Z appoptics:debug read config from /__w/appoptics-apm-node/appoptics-apm-node/appoptics-apm-config
2022-04-25T18:45:27.556Z appoptics:debug guc ignoring APPOPTICS_LOG_SETTINGS
2022-04-25T18:45:27.556Z appoptics:debug serviceKey dIOz...wWK0:node-agent-test
2022-04-25T18:45:27.557Z appoptics:debug using context provider: ace-context
2022-04-25T18:45:27.639Z appoptics:debug apm 10.2.2-ao.0, bindings 11.2.0, oboe 10.2.0
2022-04-25T18:45:27.807Z appoptics:patching patched crypto 
2022-04-25T18:45:27.832Z appoptics:patching patched https 
2022-04-25T18:45:27.833Z appoptics:patching patched http 
2022-04-25T18:45:27.883Z appoptics:patching patched zlib 
2022-04-25T18:45:28.040Z appoptics:patching fs.realpath - adding native method
2022-04-25T18:45:28.041Z appoptics:patching patched fs 
2022-04-25T18:45:28.054Z appoptics:patching hapi - v17 not looking for hapi/lib/plugin
2022-04-25T18:45:28.054Z appoptics:patching patched @hapi/hapi 20.1.1
2022-04-25T18:45:28.067Z appoptics:patching patched @hapi/vision 6.1.0
2022-04-25T18:45:28.075Z appoptics:debug starting runtimeMetrics


  probes.@hapi/hapi 20.1.1 @hapi/vision 6.1.0
    ✓ UDP might lose a message
    ✓ should forward controller/action data from get request (78ms)
    1) should forward controller/action data from post request
    2) should forward controller/action data from put request
    3) should forward controller/action data from delete request
    ✓ should trace render span
    ✓ should skip vision when disabled
    ✓ should allow a custom TransactionName
    ✓ should allow a custom TransactionName with domain prefix
    ✓ should handle an error in the custom name function
    ✓ should handle a falsey return by the custom name function


  8 passing (6s)
  3 failing

  1) probes.@hapi/hapi 20.1.1 @hapi/vision 6.1.0
       should forward controller/action data from post request:
     Error: Timeout of 2000ms exceeded. For async tests and hooks, ensure "done()" is called; if returning a Promise, ensure it resolves. (/__w/appoptics-apm-node/appoptics-apm-node/test/probes/@hapi-hapi.test.js)
      at listOnTimeout (node:internal/timers:564:17)
      at process.processTimers (node:internal/timers:507:7)

  2) probes.@hapi/hapi 20.1.1 @hapi/vision 6.1.0
       should forward controller/action data from put request:
     Error: Timeout of 2000ms exceeded. For async tests and hooks, ensure "done()" is called; if returning a Promise, ensure it resolves. (/__w/appoptics-apm-node/appoptics-apm-node/test/probes/@hapi-hapi.test.js)
      at listOnTimeout (node:internal/timers:564:17)
      at process.processTimers (node:internal/timers:507:7)

  3) probes.@hapi/hapi 20.1.1 @hapi/vision 6.1.0
       should forward controller/action data from delete request:
     Error: Timeout of 2000ms exceeded. For async tests and hooks, ensure "done()" is called; if returning a Promise, ensure it resolves. (/__w/appoptics-apm-node/appoptics-apm-node/test/probes/@hapi-hapi.test.js)
      at listOnTimeout (node:internal/timers:564:17)
      at process.processTimers (node:internal/timers:507:7)




changed 1 package, and audited 927 packages in 9s

86 packages are looking for funding
  run `npm fund` for details

9 vulnerabilities (6 moderate, 3 high)

To address all issues possible (including breaking changes), run:
  npm audit fix --force

Some issues need review, and may require choosing
a different dependency.

Run `npm audit` for details.
2022-04-25T18:45:44.353Z appoptics:debug read config from /__w/appoptics-apm-node/appoptics-apm-node/appoptics-apm-config
2022-04-25T18:45:44.354Z appoptics:debug guc ignoring APPOPTICS_LOG_SETTINGS
2022-04-25T18:45:44.354Z appoptics:debug serviceKey dIOz...wWK0:node-agent-test
2022-04-25T18:45:44.355Z appoptics:debug using context provider: ace-context
2022-04-25T18:45:44.439Z appoptics:debug apm 10.2.2-ao.0, bindings 11.2.0, oboe 10.2.0
2022-04-25T18:45:44.621Z appoptics:patching patched crypto 
2022-04-25T18:45:44.660Z appoptics:patching patched https 
2022-04-25T18:45:44.661Z appoptics:patching patched http 
2022-04-25T18:45:44.706Z appoptics:patching patched zlib 
2022-04-25T18:45:44.919Z appoptics:patching fs.realpath - adding native method
2022-04-25T18:45:44.920Z appoptics:patching patched fs 
2022-04-25T18:45:44.933Z appoptics:patching hapi - v17 not looking for hapi/lib/plugin
2022-04-25T18:45:44.934Z appoptics:patching patched @hapi/hapi 20.1.2
2022-04-25T18:45:44.944Z appoptics:patching patched @hapi/vision 6.1.0
2022-04-25T18:45:44.949Z appoptics:debug starting runtimeMetrics


  probes.@hapi/hapi 20.1.2 @hapi/vision 6.1.0
    ✓ UDP might lose a message
    ✓ should forward controller/action data from get request (72ms)
    ✓ should forward controller/action data from post request
    ✓ should forward controller/action data from put request
    ✓ should forward controller/action data from delete request
    ✓ should trace render span
    ✓ should skip vision when disabled
    ✓ should allow a custom TransactionName
    ✓ should allow a custom TransactionName with domain prefix
    ✓ should handle an error in the custom name function
    ✓ should handle a falsey return by the custom name function


  11 passing (291ms)


changed 2 packages, and audited 927 packages in 9s

86 packages are looking for funding
  run `npm fund` for details

9 vulnerabilities (6 moderate, 3 high)

To address all issues possible (including breaking changes), run:
  npm audit fix --force

Some issues need review, and may require choosing
a different dependency.

Run `npm audit` for details.
2022-04-25T18:45:55.236Z appoptics:debug read config from /__w/appoptics-apm-node/appoptics-apm-node/appoptics-apm-config
2022-04-25T18:45:55.237Z appoptics:debug guc ignoring APPOPTICS_LOG_SETTINGS
2022-04-25T18:45:55.237Z appoptics:debug serviceKey dIOz...wWK0:node-agent-test
2022-04-25T18:45:55.238Z appoptics:debug using context provider: ace-context
2022-04-25T18:45:55.317Z appoptics:debug apm 10.2.2-ao.0, bindings 11.2.0, oboe 10.2.0
2022-04-25T18:45:55.485Z appoptics:patching patched crypto 
2022-04-25T18:45:55.508Z appoptics:patching patched https 
2022-04-25T18:45:55.508Z appoptics:patching patched http 
2022-04-25T18:45:55.557Z appoptics:patching patched zlib 
2022-04-25T18:45:55.689Z appoptics:patching fs.realpath - adding native method
2022-04-25T18:45:55.690Z appoptics:patching patched fs 
2022-04-25T18:45:55.704Z appoptics:patching hapi - v17 not looking for hapi/lib/plugin
2022-04-25T18:45:55.704Z appoptics:patching patched @hapi/hapi 20.1.3
2022-04-25T18:45:55.721Z appoptics:patching patched @hapi/vision 6.1.0
2022-04-25T18:45:55.727Z appoptics:debug starting runtimeMetrics


  probes.@hapi/hapi 20.1.3 @hapi/vision 6.1.0
    ✓ UDP might lose a message
    ✓ should forward controller/action data from get request (70ms)
    ✓ should forward controller/action data from post request
    ✓ should forward controller/action data from put request
    ✓ should forward controller/action data from delete request
    ✓ should trace render span
    ✓ should skip vision when disabled
    ✓ should allow a custom TransactionName
    ✓ should allow a custom TransactionName with domain prefix
    ✓ should handle an error in the custom name function
    ✓ should handle a falsey return by the custom name function (43ms)


  11 passing (335ms)


changed 1 package, and audited 927 packages in 9s

86 packages are looking for funding
  run `npm fund` for details

9 vulnerabilities (6 moderate, 3 high)

To address all issues possible (including breaking changes), run:
  npm audit fix --force

Some issues need review, and may require choosing
a different dependency.

Run `npm audit` for details.
2022-04-25T18:46:05.907Z appoptics:debug read config from /__w/appoptics-apm-node/appoptics-apm-node/appoptics-apm-config
2022-04-25T18:46:05.908Z appoptics:debug guc ignoring APPOPTICS_LOG_SETTINGS
2022-04-25T18:46:05.908Z appoptics:debug serviceKey dIOz...wWK0:node-agent-test
2022-04-25T18:46:05.909Z appoptics:debug using context provider: ace-context
2022-04-25T18:46:05.993Z appoptics:debug apm 10.2.2-ao.0, bindings 11.2.0, oboe 10.2.0
2022-04-25T18:46:06.166Z appoptics:patching patched crypto 
2022-04-25T18:46:06.191Z appoptics:patching patched https 
2022-04-25T18:46:06.191Z appoptics:patching patched http 
2022-04-25T18:46:06.256Z appoptics:patching patched zlib 
2022-04-25T18:46:06.469Z appoptics:patching fs.realpath - adding native method
2022-04-25T18:46:06.470Z appoptics:patching patched fs 
2022-04-25T18:46:06.488Z appoptics:patching hapi - v17 not looking for hapi/lib/plugin
2022-04-25T18:46:06.488Z appoptics:patching patched @hapi/hapi 20.1.4
2022-04-25T18:46:06.505Z appoptics:patching patched @hapi/vision 6.1.0
2022-04-25T18:46:06.510Z appoptics:debug starting runtimeMetrics


  probes.@hapi/hapi 20.1.4 @hapi/vision 6.1.0
    ✓ UDP might lose a message
    ✓ should forward controller/action data from get request (90ms)
    ✓ should forward controller/action data from post request
    ✓ should forward controller/action data from put request
    ✓ should forward controller/action data from delete request
    ✓ should trace render span
    ✓ should skip vision when disabled
    ✓ should allow a custom TransactionName
    ✓ should allow a custom TransactionName with domain prefix
    ✓ should handle an error in the custom name function
    ✓ should handle a falsey return by the custom name function


  11 passing (293ms)


changed 1 package, and audited 927 packages in 8s

86 packages are looking for funding
  run `npm fund` for details

9 vulnerabilities (6 moderate, 3 high)

To address all issues possible (including breaking changes), run:
  npm audit fix --force

Some issues need review, and may require choosing
a different dependency.

Run `npm audit` for details.
2022-04-25T18:46:15.919Z appoptics:debug read config from /__w/appoptics-apm-node/appoptics-apm-node/appoptics-apm-config
2022-04-25T18:46:15.920Z appoptics:debug guc ignoring APPOPTICS_LOG_SETTINGS
2022-04-25T18:46:15.920Z appoptics:debug serviceKey dIOz...wWK0:node-agent-test
2022-04-25T18:46:15.921Z appoptics:debug using context provider: ace-context
2022-04-25T18:46:16.060Z appoptics:debug apm 10.2.2-ao.0, bindings 11.2.0, oboe 10.2.0
2022-04-25T18:46:16.242Z appoptics:patching patched crypto 
2022-04-25T18:46:16.290Z appoptics:patching patched https 
2022-04-25T18:46:16.291Z appoptics:patching patched http 
2022-04-25T18:46:16.351Z appoptics:patching patched zlib 
2022-04-25T18:46:16.536Z appoptics:patching fs.realpath - adding native method
2022-04-25T18:46:16.537Z appoptics:patching patched fs 
2022-04-25T18:46:16.593Z appoptics:patching hapi - v17 not looking for hapi/lib/plugin
2022-04-25T18:46:16.593Z appoptics:patching patched @hapi/hapi 20.1.5
2022-04-25T18:46:16.613Z appoptics:patching patched @hapi/vision 6.1.0
2022-04-25T18:46:16.618Z appoptics:debug starting runtimeMetrics


  probes.@hapi/hapi 20.1.5 @hapi/vision 6.1.0
    ✓ UDP might lose a message
    ✓ should forward controller/action data from get request (77ms)
    ✓ should forward controller/action data from post request
    ✓ should forward controller/action data from put request
    ✓ should forward controller/action data from delete request
    ✓ should trace render span
    ✓ should skip vision when disabled
    ✓ should allow a custom TransactionName
    ✓ should allow a custom TransactionName with domain prefix
    ✓ should handle an error in the custom name function
    ✓ should handle a falsey return by the custom name function


  11 passing (277ms)


changed 1 package, and audited 927 packages in 8s

86 packages are looking for funding
  run `npm fund` for details

9 vulnerabilities (6 moderate, 3 high)

To address all issues possible (including breaking changes), run:
  npm audit fix --force

Some issues need review, and may require choosing
a different dependency.

Run `npm audit` for details.
2022-04-25T18:46:25.463Z appoptics:debug read config from /__w/appoptics-apm-node/appoptics-apm-node/appoptics-apm-config
2022-04-25T18:46:25.464Z appoptics:debug guc ignoring APPOPTICS_LOG_SETTINGS
2022-04-25T18:46:25.464Z appoptics:debug serviceKey dIOz...wWK0:node-agent-test
2022-04-25T18:46:25.467Z appoptics:debug using context provider: ace-context
2022-04-25T18:46:25.584Z appoptics:debug apm 10.2.2-ao.0, bindings 11.2.0, oboe 10.2.0
2022-04-25T18:46:25.772Z appoptics:patching patched crypto 
2022-04-25T18:46:25.804Z appoptics:patching patched https 
2022-04-25T18:46:25.804Z appoptics:patching patched http 
2022-04-25T18:46:25.922Z appoptics:patching patched zlib 
2022-04-25T18:46:26.161Z appoptics:patching fs.realpath - adding native method
2022-04-25T18:46:26.162Z appoptics:patching patched fs 
2022-04-25T18:46:26.191Z appoptics:patching hapi - v17 not looking for hapi/lib/plugin
2022-04-25T18:46:26.191Z appoptics:patching patched @hapi/hapi 20.2.0
2022-04-25T18:46:26.229Z appoptics:patching patched @hapi/vision 6.1.0
2022-04-25T18:46:26.242Z appoptics:debug starting runtimeMetrics


  probes.@hapi/hapi 20.2.0 @hapi/vision 6.1.0
    ✓ UDP might lose a message
    ✓ should forward controller/action data from get request (169ms)
    ✓ should forward controller/action data from post request (47ms)
    ✓ should forward controller/action data from put request (47ms)
    ✓ should forward controller/action data from delete request
    ✓ should trace render span (67ms)
    ✓ should skip vision when disabled (46ms)
    ✓ should allow a custom TransactionName (44ms)
    ✓ should allow a custom TransactionName with domain prefix
    ✓ should handle an error in the custom name function
    ✓ should handle a falsey return by the custom name function


  11 passing (598ms)


changed 1 package, and audited 927 packages in 8s

86 packages are looking for funding
  run `npm fund` for details

9 vulnerabilities (6 moderate, 3 high)

To address all issues possible (including breaking changes), run:
  npm audit fix --force

Some issues need review, and may require choosing
a different dependency.

Run `npm audit` for details.
2022-04-25T18:46:36.507Z appoptics:debug read config from /__w/appoptics-apm-node/appoptics-apm-node/appoptics-apm-config
2022-04-25T18:46:36.508Z appoptics:debug guc ignoring APPOPTICS_LOG_SETTINGS
2022-04-25T18:46:36.508Z appoptics:debug serviceKey dIOz...wWK0:node-agent-test
2022-04-25T18:46:36.509Z appoptics:debug using context provider: ace-context
2022-04-25T18:46:36.594Z appoptics:debug apm 10.2.2-ao.0, bindings 11.2.0, oboe 10.2.0
2022-04-25T18:46:36.778Z appoptics:patching patched crypto 
2022-04-25T18:46:36.811Z appoptics:patching patched https 
2022-04-25T18:46:36.812Z appoptics:patching patched http 
2022-04-25T18:46:36.857Z appoptics:patching patched zlib 
2022-04-25T18:46:37.031Z appoptics:patching fs.realpath - adding native method
2022-04-25T18:46:37.031Z appoptics:patching patched fs 
2022-04-25T18:46:37.047Z appoptics:patching hapi - v17 not looking for hapi/lib/plugin
2022-04-25T18:46:37.047Z appoptics:patching patched @hapi/hapi 20.2.1
2022-04-25T18:46:37.063Z appoptics:patching patched @hapi/vision 6.1.0
2022-04-25T18:46:37.073Z appoptics:debug starting runtimeMetrics


  probes.@hapi/hapi 20.2.1 @hapi/vision 6.1.0
    ✓ UDP might lose a message
    ✓ should forward controller/action data from get request (113ms)
    ✓ should forward controller/action data from post request
    ✓ should forward controller/action data from put request
    ✓ should forward controller/action data from delete request
    ✓ should trace render span
    ✓ should skip vision when disabled
    ✓ should allow a custom TransactionName
    ✓ should allow a custom TransactionName with domain prefix
    ✓ should handle an error in the custom name function
    ✓ should handle a falsey return by the custom name function


  11 passing (319ms)


changed 1 package, and audited 927 packages in 8s

86 packages are looking for funding
  run `npm fund` for details

9 vulnerabilities (6 moderate, 3 high)

To address all issues possible (including breaking changes), run:
  npm audit fix --force

Some issues need review, and may require choosing
a different dependency.

Run `npm audit` for details.
2022-04-25T18:46:46.656Z appoptics:debug read config from /__w/appoptics-apm-node/appoptics-apm-node/appoptics-apm-config
2022-04-25T18:46:46.656Z appoptics:debug guc ignoring APPOPTICS_LOG_SETTINGS
2022-04-25T18:46:46.656Z appoptics:debug serviceKey dIOz...wWK0:node-agent-test
2022-04-25T18:46:46.657Z appoptics:debug using context provider: ace-context
2022-04-25T18:46:46.739Z appoptics:debug apm 10.2.2-ao.0, bindings 11.2.0, oboe 10.2.0
2022-04-25T18:46:46.920Z appoptics:patching patched crypto 
2022-04-25T18:46:46.945Z appoptics:patching patched https 
2022-04-25T18:46:46.946Z appoptics:patching patched http 
2022-04-25T18:46:46.998Z appoptics:patching patched zlib 
2022-04-25T18:46:47.137Z appoptics:patching fs.realpath - adding native method
2022-04-25T18:46:47.137Z appoptics:patching patched fs 
2022-04-25T18:46:47.150Z appoptics:patching hapi - v17 not looking for hapi/lib/plugin
2022-04-25T18:46:47.150Z appoptics:patching patched @hapi/hapi 20.2.2
2022-04-25T18:46:47.166Z appoptics:patching patched @hapi/vision 6.1.0
2022-04-25T18:46:47.171Z appoptics:debug starting runtimeMetrics


  probes.@hapi/hapi 20.2.2 @hapi/vision 6.1.0
    ✓ UDP might lose a message
    ✓ should forward controller/action data from get request (83ms)
    ✓ should forward controller/action data from post request (52ms)
    ✓ should forward controller/action data from put request
    ✓ should forward controller/action data from delete request
    ✓ should trace render span
    ✓ should skip vision when disabled
    ✓ should allow a custom TransactionName
    ✓ should allow a custom TransactionName with domain prefix
    ✓ should handle an error in the custom name function
    ✓ should handle a falsey return by the custom name function


  11 passing (338ms)


up to date, audited 927 packages in 9s

86 packages are looking for funding
  run `npm fund` for details

9 vulnerabilities (6 moderate, 3 high)

To address all issues possible (including breaking changes), run:
  npm audit fix --force

Some issues need review, and may require choosing
a different dependency.

Run `npm audit` for details.
